[2024-05-28T16:21:51.518+0000] {processor.py:161} INFO - Started process (PID=1737) to work on /opt/airflow/dags/recalls_etl_v1.py
[2024-05-28T16:21:51.519+0000] {processor.py:830} INFO - Processing file /opt/airflow/dags/recalls_etl_v1.py for tasks to queue
[2024-05-28T16:21:51.520+0000] {logging_mixin.py:188} INFO - [2024-05-28T16:21:51.520+0000] {dagbag.py:545} INFO - Filling up the DagBag from /opt/airflow/dags/recalls_etl_v1.py
[2024-05-28T16:21:51.960+0000] {logging_mixin.py:188} INFO - [2024-05-28T16:21:51.948+0000] {dagbag.py:355} ERROR - Failed to import: /opt/airflow/dags/recalls_etl_v1.py
Traceback (most recent call last):
  File "/home/airflow/.local/lib/python3.12/site-packages/airflow/models/dagbag.py", line 351, in parse
    loader.exec_module(new_module)
  File "<frozen importlib._bootstrap_external>", line 995, in exec_module
  File "<frozen importlib._bootstrap>", line 488, in _call_with_frames_removed
  File "/opt/airflow/dags/recalls_etl_v1.py", line 17, in <module>
    raw_url
NameError: name 'raw_url' is not defined
[2024-05-28T16:21:51.963+0000] {processor.py:842} WARNING - No viable dags retrieved from /opt/airflow/dags/recalls_etl_v1.py
[2024-05-28T16:21:51.986+0000] {processor.py:183} INFO - Processing /opt/airflow/dags/recalls_etl_v1.py took 0.474 seconds
[2024-05-28T16:22:22.950+0000] {processor.py:161} INFO - Started process (PID=1799) to work on /opt/airflow/dags/recalls_etl_v1.py
[2024-05-28T16:22:22.951+0000] {processor.py:830} INFO - Processing file /opt/airflow/dags/recalls_etl_v1.py for tasks to queue
[2024-05-28T16:22:22.953+0000] {logging_mixin.py:188} INFO - [2024-05-28T16:22:22.953+0000] {dagbag.py:545} INFO - Filling up the DagBag from /opt/airflow/dags/recalls_etl_v1.py
[2024-05-28T16:22:23.349+0000] {logging_mixin.py:188} INFO - [2024-05-28T16:22:23.341+0000] {dagbag.py:355} ERROR - Failed to import: /opt/airflow/dags/recalls_etl_v1.py
Traceback (most recent call last):
  File "/home/airflow/.local/lib/python3.12/site-packages/airflow/models/dagbag.py", line 351, in parse
    loader.exec_module(new_module)
  File "<frozen importlib._bootstrap_external>", line 995, in exec_module
  File "<frozen importlib._bootstrap>", line 488, in _call_with_frames_removed
  File "/opt/airflow/dags/recalls_etl_v1.py", line 17, in <module>
    raw_url
NameError: name 'raw_url' is not defined
[2024-05-28T16:22:23.354+0000] {processor.py:842} WARNING - No viable dags retrieved from /opt/airflow/dags/recalls_etl_v1.py
[2024-05-28T16:22:23.373+0000] {processor.py:183} INFO - Processing /opt/airflow/dags/recalls_etl_v1.py took 0.428 seconds
[2024-05-28T16:22:53.872+0000] {processor.py:161} INFO - Started process (PID=1859) to work on /opt/airflow/dags/recalls_etl_v1.py
[2024-05-28T16:22:53.874+0000] {processor.py:830} INFO - Processing file /opt/airflow/dags/recalls_etl_v1.py for tasks to queue
[2024-05-28T16:22:53.877+0000] {logging_mixin.py:188} INFO - [2024-05-28T16:22:53.877+0000] {dagbag.py:545} INFO - Filling up the DagBag from /opt/airflow/dags/recalls_etl_v1.py
[2024-05-28T16:22:54.397+0000] {logging_mixin.py:188} INFO - [2024-05-28T16:22:54.390+0000] {dagbag.py:355} ERROR - Failed to import: /opt/airflow/dags/recalls_etl_v1.py
Traceback (most recent call last):
  File "/home/airflow/.local/lib/python3.12/site-packages/airflow/models/dagbag.py", line 351, in parse
    loader.exec_module(new_module)
  File "<frozen importlib._bootstrap_external>", line 995, in exec_module
  File "<frozen importlib._bootstrap>", line 488, in _call_with_frames_removed
  File "/opt/airflow/dags/recalls_etl_v1.py", line 17, in <module>
    raw_url
NameError: name 'raw_url' is not defined
[2024-05-28T16:22:54.400+0000] {processor.py:842} WARNING - No viable dags retrieved from /opt/airflow/dags/recalls_etl_v1.py
[2024-05-28T16:22:54.417+0000] {processor.py:183} INFO - Processing /opt/airflow/dags/recalls_etl_v1.py took 0.551 seconds
[2024-05-28T16:23:24.546+0000] {processor.py:161} INFO - Started process (PID=1919) to work on /opt/airflow/dags/recalls_etl_v1.py
[2024-05-28T16:23:24.548+0000] {processor.py:830} INFO - Processing file /opt/airflow/dags/recalls_etl_v1.py for tasks to queue
[2024-05-28T16:23:24.549+0000] {logging_mixin.py:188} INFO - [2024-05-28T16:23:24.549+0000] {dagbag.py:545} INFO - Filling up the DagBag from /opt/airflow/dags/recalls_etl_v1.py
[2024-05-28T16:23:24.960+0000] {logging_mixin.py:188} INFO - [2024-05-28T16:23:24.950+0000] {dagbag.py:355} ERROR - Failed to import: /opt/airflow/dags/recalls_etl_v1.py
Traceback (most recent call last):
  File "/home/airflow/.local/lib/python3.12/site-packages/airflow/models/dagbag.py", line 351, in parse
    loader.exec_module(new_module)
  File "<frozen importlib._bootstrap_external>", line 995, in exec_module
  File "<frozen importlib._bootstrap>", line 488, in _call_with_frames_removed
  File "/opt/airflow/dags/recalls_etl_v1.py", line 17, in <module>
    raw_url
NameError: name 'raw_url' is not defined
[2024-05-28T16:23:24.964+0000] {processor.py:842} WARNING - No viable dags retrieved from /opt/airflow/dags/recalls_etl_v1.py
[2024-05-28T16:23:24.977+0000] {processor.py:183} INFO - Processing /opt/airflow/dags/recalls_etl_v1.py took 0.436 seconds
[2024-05-28T16:23:55.549+0000] {processor.py:161} INFO - Started process (PID=1985) to work on /opt/airflow/dags/recalls_etl_v1.py
[2024-05-28T16:23:55.551+0000] {processor.py:830} INFO - Processing file /opt/airflow/dags/recalls_etl_v1.py for tasks to queue
[2024-05-28T16:23:55.553+0000] {logging_mixin.py:188} INFO - [2024-05-28T16:23:55.553+0000] {dagbag.py:545} INFO - Filling up the DagBag from /opt/airflow/dags/recalls_etl_v1.py
[2024-05-28T16:23:55.843+0000] {logging_mixin.py:188} INFO - [2024-05-28T16:23:55.835+0000] {dagbag.py:355} ERROR - Failed to import: /opt/airflow/dags/recalls_etl_v1.py
Traceback (most recent call last):
  File "/home/airflow/.local/lib/python3.12/site-packages/airflow/models/dagbag.py", line 351, in parse
    loader.exec_module(new_module)
  File "<frozen importlib._bootstrap_external>", line 995, in exec_module
  File "<frozen importlib._bootstrap>", line 488, in _call_with_frames_removed
  File "/opt/airflow/dags/recalls_etl_v1.py", line 17, in <module>
    raw_url
NameError: name 'raw_url' is not defined
[2024-05-28T16:23:55.848+0000] {processor.py:842} WARNING - No viable dags retrieved from /opt/airflow/dags/recalls_etl_v1.py
[2024-05-28T16:23:55.871+0000] {processor.py:183} INFO - Processing /opt/airflow/dags/recalls_etl_v1.py took 0.327 seconds
[2024-05-28T16:24:22.510+0000] {processor.py:161} INFO - Started process (PID=2036) to work on /opt/airflow/dags/recalls_etl_v1.py
[2024-05-28T16:24:22.511+0000] {processor.py:830} INFO - Processing file /opt/airflow/dags/recalls_etl_v1.py for tasks to queue
[2024-05-28T16:24:22.513+0000] {logging_mixin.py:188} INFO - [2024-05-28T16:24:22.513+0000] {dagbag.py:545} INFO - Filling up the DagBag from /opt/airflow/dags/recalls_etl_v1.py
[2024-05-28T16:24:22.841+0000] {processor.py:840} INFO - DAG(s) 'recalls_etl_v1' retrieved from /opt/airflow/dags/recalls_etl_v1.py
[2024-05-28T16:24:22.947+0000] {logging_mixin.py:188} INFO - [2024-05-28T16:24:22.947+0000] {override.py:1829} INFO - Created Permission View: can delete on DAG:recalls_etl_v1
[2024-05-28T16:24:22.958+0000] {logging_mixin.py:188} INFO - [2024-05-28T16:24:22.958+0000] {override.py:1829} INFO - Created Permission View: can read on DAG:recalls_etl_v1
[2024-05-28T16:24:22.967+0000] {logging_mixin.py:188} INFO - [2024-05-28T16:24:22.967+0000] {override.py:1829} INFO - Created Permission View: can edit on DAG:recalls_etl_v1
[2024-05-28T16:24:22.968+0000] {logging_mixin.py:188} INFO - [2024-05-28T16:24:22.968+0000] {dag.py:3096} INFO - Sync 1 DAGs
[2024-05-28T16:24:22.979+0000] {logging_mixin.py:188} INFO - [2024-05-28T16:24:22.978+0000] {dag.py:3118} INFO - Creating ORM DAG for recalls_etl_v1
[2024-05-28T16:24:22.980+0000] {logging_mixin.py:188} INFO - [2024-05-28T16:24:22.980+0000] {dag.py:3954} INFO - Setting next_dagrun for recalls_etl_v1 to None, run_after=None
[2024-05-28T16:24:23.007+0000] {processor.py:183} INFO - Processing /opt/airflow/dags/recalls_etl_v1.py took 0.503 seconds
[2024-05-28T16:24:53.219+0000] {processor.py:161} INFO - Started process (PID=2096) to work on /opt/airflow/dags/recalls_etl_v1.py
[2024-05-28T16:24:53.220+0000] {processor.py:830} INFO - Processing file /opt/airflow/dags/recalls_etl_v1.py for tasks to queue
[2024-05-28T16:24:53.222+0000] {logging_mixin.py:188} INFO - [2024-05-28T16:24:53.222+0000] {dagbag.py:545} INFO - Filling up the DagBag from /opt/airflow/dags/recalls_etl_v1.py
[2024-05-28T16:24:53.739+0000] {processor.py:840} INFO - DAG(s) 'recalls_etl_v1' retrieved from /opt/airflow/dags/recalls_etl_v1.py
[2024-05-28T16:24:53.761+0000] {logging_mixin.py:188} INFO - [2024-05-28T16:24:53.760+0000] {dag.py:3096} INFO - Sync 1 DAGs
[2024-05-28T16:24:53.772+0000] {logging_mixin.py:188} INFO - [2024-05-28T16:24:53.772+0000] {dag.py:3954} INFO - Setting next_dagrun for recalls_etl_v1 to None, run_after=None
[2024-05-28T16:24:53.793+0000] {processor.py:183} INFO - Processing /opt/airflow/dags/recalls_etl_v1.py took 0.581 seconds
[2024-05-28T16:25:24.572+0000] {processor.py:161} INFO - Started process (PID=2156) to work on /opt/airflow/dags/recalls_etl_v1.py
[2024-05-28T16:25:24.574+0000] {processor.py:830} INFO - Processing file /opt/airflow/dags/recalls_etl_v1.py for tasks to queue
[2024-05-28T16:25:24.576+0000] {logging_mixin.py:188} INFO - [2024-05-28T16:25:24.575+0000] {dagbag.py:545} INFO - Filling up the DagBag from /opt/airflow/dags/recalls_etl_v1.py
[2024-05-28T16:25:24.858+0000] {processor.py:840} INFO - DAG(s) 'recalls_etl_v1' retrieved from /opt/airflow/dags/recalls_etl_v1.py
[2024-05-28T16:25:24.874+0000] {logging_mixin.py:188} INFO - [2024-05-28T16:25:24.874+0000] {dag.py:3096} INFO - Sync 1 DAGs
[2024-05-28T16:25:24.884+0000] {logging_mixin.py:188} INFO - [2024-05-28T16:25:24.884+0000] {dag.py:3954} INFO - Setting next_dagrun for recalls_etl_v1 to None, run_after=None
[2024-05-28T16:25:24.906+0000] {processor.py:183} INFO - Processing /opt/airflow/dags/recalls_etl_v1.py took 0.340 seconds
[2024-05-28T16:25:31.925+0000] {processor.py:161} INFO - Started process (PID=2168) to work on /opt/airflow/dags/recalls_etl_v1.py
[2024-05-28T16:25:31.926+0000] {processor.py:830} INFO - Processing file /opt/airflow/dags/recalls_etl_v1.py for tasks to queue
[2024-05-28T16:25:31.928+0000] {logging_mixin.py:188} INFO - [2024-05-28T16:25:31.928+0000] {dagbag.py:545} INFO - Filling up the DagBag from /opt/airflow/dags/recalls_etl_v1.py
[2024-05-28T16:25:31.945+0000] {logging_mixin.py:188} INFO - [2024-05-28T16:25:31.941+0000] {dagbag.py:355} ERROR - Failed to import: /opt/airflow/dags/recalls_etl_v1.py
Traceback (most recent call last):
  File "/home/airflow/.local/lib/python3.12/site-packages/airflow/models/dagbag.py", line 351, in parse
    loader.exec_module(new_module)
  File "<frozen importlib._bootstrap_external>", line 991, in exec_module
  File "<frozen importlib._bootstrap_external>", line 1129, in get_code
  File "<frozen importlib._bootstrap_external>", line 1059, in source_to_code
  File "<frozen importlib._bootstrap>", line 488, in _call_with_frames_removed
  File "/opt/airflow/dags/recalls_etl_v1.py", line 46
    'updated_at':
                ^
SyntaxError: expression expected after dictionary key and ':'
[2024-05-28T16:25:31.946+0000] {processor.py:842} WARNING - No viable dags retrieved from /opt/airflow/dags/recalls_etl_v1.py
[2024-05-28T16:25:31.974+0000] {processor.py:183} INFO - Processing /opt/airflow/dags/recalls_etl_v1.py took 0.054 seconds
[2024-05-28T16:26:02.019+0000] {processor.py:161} INFO - Started process (PID=2227) to work on /opt/airflow/dags/recalls_etl_v1.py
[2024-05-28T16:26:02.020+0000] {processor.py:830} INFO - Processing file /opt/airflow/dags/recalls_etl_v1.py for tasks to queue
[2024-05-28T16:26:02.022+0000] {logging_mixin.py:188} INFO - [2024-05-28T16:26:02.022+0000] {dagbag.py:545} INFO - Filling up the DagBag from /opt/airflow/dags/recalls_etl_v1.py
[2024-05-28T16:26:02.038+0000] {logging_mixin.py:188} INFO - [2024-05-28T16:26:02.035+0000] {dagbag.py:355} ERROR - Failed to import: /opt/airflow/dags/recalls_etl_v1.py
Traceback (most recent call last):
  File "/home/airflow/.local/lib/python3.12/site-packages/airflow/models/dagbag.py", line 351, in parse
    loader.exec_module(new_module)
  File "<frozen importlib._bootstrap_external>", line 991, in exec_module
  File "<frozen importlib._bootstrap_external>", line 1129, in get_code
  File "<frozen importlib._bootstrap_external>", line 1059, in source_to_code
  File "<frozen importlib._bootstrap>", line 488, in _call_with_frames_removed
  File "/opt/airflow/dags/recalls_etl_v1.py", line 46
    'updated_at':
                ^
SyntaxError: expression expected after dictionary key and ':'
[2024-05-28T16:26:02.039+0000] {processor.py:842} WARNING - No viable dags retrieved from /opt/airflow/dags/recalls_etl_v1.py
[2024-05-28T16:26:02.062+0000] {processor.py:183} INFO - Processing /opt/airflow/dags/recalls_etl_v1.py took 0.050 seconds
[2024-05-28T16:26:32.601+0000] {processor.py:161} INFO - Started process (PID=2286) to work on /opt/airflow/dags/recalls_etl_v1.py
[2024-05-28T16:26:32.604+0000] {processor.py:830} INFO - Processing file /opt/airflow/dags/recalls_etl_v1.py for tasks to queue
[2024-05-28T16:26:32.606+0000] {logging_mixin.py:188} INFO - [2024-05-28T16:26:32.606+0000] {dagbag.py:545} INFO - Filling up the DagBag from /opt/airflow/dags/recalls_etl_v1.py
[2024-05-28T16:26:32.629+0000] {logging_mixin.py:188} INFO - [2024-05-28T16:26:32.624+0000] {dagbag.py:355} ERROR - Failed to import: /opt/airflow/dags/recalls_etl_v1.py
Traceback (most recent call last):
  File "/home/airflow/.local/lib/python3.12/site-packages/airflow/models/dagbag.py", line 351, in parse
    loader.exec_module(new_module)
  File "<frozen importlib._bootstrap_external>", line 991, in exec_module
  File "<frozen importlib._bootstrap_external>", line 1129, in get_code
  File "<frozen importlib._bootstrap_external>", line 1059, in source_to_code
  File "<frozen importlib._bootstrap>", line 488, in _call_with_frames_removed
  File "/opt/airflow/dags/recalls_etl_v1.py", line 46
    'updated_at':
                ^
SyntaxError: expression expected after dictionary key and ':'
[2024-05-28T16:26:32.631+0000] {processor.py:842} WARNING - No viable dags retrieved from /opt/airflow/dags/recalls_etl_v1.py
[2024-05-28T16:26:32.659+0000] {processor.py:183} INFO - Processing /opt/airflow/dags/recalls_etl_v1.py took 0.065 seconds
[2024-05-28T16:27:02.949+0000] {processor.py:161} INFO - Started process (PID=2345) to work on /opt/airflow/dags/recalls_etl_v1.py
[2024-05-28T16:27:02.951+0000] {processor.py:830} INFO - Processing file /opt/airflow/dags/recalls_etl_v1.py for tasks to queue
[2024-05-28T16:27:02.952+0000] {logging_mixin.py:188} INFO - [2024-05-28T16:27:02.952+0000] {dagbag.py:545} INFO - Filling up the DagBag from /opt/airflow/dags/recalls_etl_v1.py
[2024-05-28T16:27:02.969+0000] {logging_mixin.py:188} INFO - [2024-05-28T16:27:02.966+0000] {dagbag.py:355} ERROR - Failed to import: /opt/airflow/dags/recalls_etl_v1.py
Traceback (most recent call last):
  File "/home/airflow/.local/lib/python3.12/site-packages/airflow/models/dagbag.py", line 351, in parse
    loader.exec_module(new_module)
  File "<frozen importlib._bootstrap_external>", line 991, in exec_module
  File "<frozen importlib._bootstrap_external>", line 1129, in get_code
  File "<frozen importlib._bootstrap_external>", line 1059, in source_to_code
  File "<frozen importlib._bootstrap>", line 488, in _call_with_frames_removed
  File "/opt/airflow/dags/recalls_etl_v1.py", line 46
    'updated_at':
                ^
SyntaxError: expression expected after dictionary key and ':'
[2024-05-28T16:27:02.970+0000] {processor.py:842} WARNING - No viable dags retrieved from /opt/airflow/dags/recalls_etl_v1.py
[2024-05-28T16:27:02.990+0000] {processor.py:183} INFO - Processing /opt/airflow/dags/recalls_etl_v1.py took 0.049 seconds
[2024-05-28T16:27:33.509+0000] {processor.py:161} INFO - Started process (PID=2404) to work on /opt/airflow/dags/recalls_etl_v1.py
[2024-05-28T16:27:33.510+0000] {processor.py:830} INFO - Processing file /opt/airflow/dags/recalls_etl_v1.py for tasks to queue
[2024-05-28T16:27:33.511+0000] {logging_mixin.py:188} INFO - [2024-05-28T16:27:33.511+0000] {dagbag.py:545} INFO - Filling up the DagBag from /opt/airflow/dags/recalls_etl_v1.py
[2024-05-28T16:27:33.524+0000] {logging_mixin.py:188} INFO - [2024-05-28T16:27:33.523+0000] {dagbag.py:355} ERROR - Failed to import: /opt/airflow/dags/recalls_etl_v1.py
Traceback (most recent call last):
  File "/home/airflow/.local/lib/python3.12/site-packages/airflow/models/dagbag.py", line 351, in parse
    loader.exec_module(new_module)
  File "<frozen importlib._bootstrap_external>", line 991, in exec_module
  File "<frozen importlib._bootstrap_external>", line 1129, in get_code
  File "<frozen importlib._bootstrap_external>", line 1059, in source_to_code
  File "<frozen importlib._bootstrap>", line 488, in _call_with_frames_removed
  File "/opt/airflow/dags/recalls_etl_v1.py", line 46
    'updated_at':
                ^
SyntaxError: expression expected after dictionary key and ':'
[2024-05-28T16:27:33.524+0000] {processor.py:842} WARNING - No viable dags retrieved from /opt/airflow/dags/recalls_etl_v1.py
[2024-05-28T16:27:33.541+0000] {processor.py:183} INFO - Processing /opt/airflow/dags/recalls_etl_v1.py took 0.037 seconds
[2024-05-28T16:28:03.636+0000] {processor.py:161} INFO - Started process (PID=2463) to work on /opt/airflow/dags/recalls_etl_v1.py
[2024-05-28T16:28:03.637+0000] {processor.py:830} INFO - Processing file /opt/airflow/dags/recalls_etl_v1.py for tasks to queue
[2024-05-28T16:28:03.639+0000] {logging_mixin.py:188} INFO - [2024-05-28T16:28:03.638+0000] {dagbag.py:545} INFO - Filling up the DagBag from /opt/airflow/dags/recalls_etl_v1.py
[2024-05-28T16:28:03.654+0000] {logging_mixin.py:188} INFO - [2024-05-28T16:28:03.653+0000] {dagbag.py:355} ERROR - Failed to import: /opt/airflow/dags/recalls_etl_v1.py
Traceback (most recent call last):
  File "/home/airflow/.local/lib/python3.12/site-packages/airflow/models/dagbag.py", line 351, in parse
    loader.exec_module(new_module)
  File "<frozen importlib._bootstrap_external>", line 991, in exec_module
  File "<frozen importlib._bootstrap_external>", line 1129, in get_code
  File "<frozen importlib._bootstrap_external>", line 1059, in source_to_code
  File "<frozen importlib._bootstrap>", line 488, in _call_with_frames_removed
  File "/opt/airflow/dags/recalls_etl_v1.py", line 46
    'updated_at':
                ^
SyntaxError: expression expected after dictionary key and ':'
[2024-05-28T16:28:03.655+0000] {processor.py:842} WARNING - No viable dags retrieved from /opt/airflow/dags/recalls_etl_v1.py
[2024-05-28T16:28:03.687+0000] {processor.py:183} INFO - Processing /opt/airflow/dags/recalls_etl_v1.py took 0.056 seconds
[2024-05-28T16:28:25.563+0000] {processor.py:161} INFO - Started process (PID=2511) to work on /opt/airflow/dags/recalls_etl_v1.py
[2024-05-28T16:28:25.565+0000] {processor.py:830} INFO - Processing file /opt/airflow/dags/recalls_etl_v1.py for tasks to queue
[2024-05-28T16:28:25.566+0000] {logging_mixin.py:188} INFO - [2024-05-28T16:28:25.565+0000] {dagbag.py:545} INFO - Filling up the DagBag from /opt/airflow/dags/recalls_etl_v1.py
[2024-05-28T16:28:25.870+0000] {processor.py:840} INFO - DAG(s) 'recalls_etl_v1' retrieved from /opt/airflow/dags/recalls_etl_v1.py
[2024-05-28T16:28:25.957+0000] {logging_mixin.py:188} INFO - [2024-05-28T16:28:25.957+0000] {dag.py:3096} INFO - Sync 1 DAGs
[2024-05-28T16:28:25.967+0000] {logging_mixin.py:188} INFO - [2024-05-28T16:28:25.967+0000] {dag.py:3954} INFO - Setting next_dagrun for recalls_etl_v1 to None, run_after=None
[2024-05-28T16:28:25.999+0000] {processor.py:183} INFO - Processing /opt/airflow/dags/recalls_etl_v1.py took 0.441 seconds
[2024-05-28T16:28:56.894+0000] {processor.py:161} INFO - Started process (PID=2578) to work on /opt/airflow/dags/recalls_etl_v1.py
[2024-05-28T16:28:56.895+0000] {processor.py:830} INFO - Processing file /opt/airflow/dags/recalls_etl_v1.py for tasks to queue
[2024-05-28T16:28:56.896+0000] {logging_mixin.py:188} INFO - [2024-05-28T16:28:56.895+0000] {dagbag.py:545} INFO - Filling up the DagBag from /opt/airflow/dags/recalls_etl_v1.py
[2024-05-28T16:28:57.213+0000] {processor.py:840} INFO - DAG(s) 'recalls_etl_v1' retrieved from /opt/airflow/dags/recalls_etl_v1.py
[2024-05-28T16:28:57.229+0000] {logging_mixin.py:188} INFO - [2024-05-28T16:28:57.229+0000] {dag.py:3096} INFO - Sync 1 DAGs
[2024-05-28T16:28:57.242+0000] {logging_mixin.py:188} INFO - [2024-05-28T16:28:57.242+0000] {dag.py:3954} INFO - Setting next_dagrun for recalls_etl_v1 to None, run_after=None
[2024-05-28T16:28:57.265+0000] {processor.py:183} INFO - Processing /opt/airflow/dags/recalls_etl_v1.py took 0.377 seconds
[2024-05-28T16:29:27.342+0000] {processor.py:161} INFO - Started process (PID=2638) to work on /opt/airflow/dags/recalls_etl_v1.py
[2024-05-28T16:29:27.343+0000] {processor.py:830} INFO - Processing file /opt/airflow/dags/recalls_etl_v1.py for tasks to queue
[2024-05-28T16:29:27.344+0000] {logging_mixin.py:188} INFO - [2024-05-28T16:29:27.344+0000] {dagbag.py:545} INFO - Filling up the DagBag from /opt/airflow/dags/recalls_etl_v1.py
[2024-05-28T16:29:27.641+0000] {processor.py:840} INFO - DAG(s) 'recalls_etl_v1' retrieved from /opt/airflow/dags/recalls_etl_v1.py
[2024-05-28T16:29:27.660+0000] {logging_mixin.py:188} INFO - [2024-05-28T16:29:27.660+0000] {dag.py:3096} INFO - Sync 1 DAGs
[2024-05-28T16:29:27.672+0000] {logging_mixin.py:188} INFO - [2024-05-28T16:29:27.672+0000] {dag.py:3954} INFO - Setting next_dagrun for recalls_etl_v1 to None, run_after=None
[2024-05-28T16:29:27.742+0000] {processor.py:183} INFO - Processing /opt/airflow/dags/recalls_etl_v1.py took 0.405 seconds
[2024-05-28T16:29:58.647+0000] {processor.py:161} INFO - Started process (PID=2698) to work on /opt/airflow/dags/recalls_etl_v1.py
[2024-05-28T16:29:58.648+0000] {processor.py:830} INFO - Processing file /opt/airflow/dags/recalls_etl_v1.py for tasks to queue
[2024-05-28T16:29:58.649+0000] {logging_mixin.py:188} INFO - [2024-05-28T16:29:58.649+0000] {dagbag.py:545} INFO - Filling up the DagBag from /opt/airflow/dags/recalls_etl_v1.py
[2024-05-28T16:29:58.948+0000] {processor.py:840} INFO - DAG(s) 'recalls_etl_v1' retrieved from /opt/airflow/dags/recalls_etl_v1.py
[2024-05-28T16:29:58.965+0000] {logging_mixin.py:188} INFO - [2024-05-28T16:29:58.965+0000] {dag.py:3096} INFO - Sync 1 DAGs
[2024-05-28T16:29:58.976+0000] {logging_mixin.py:188} INFO - [2024-05-28T16:29:58.976+0000] {dag.py:3954} INFO - Setting next_dagrun for recalls_etl_v1 to None, run_after=None
[2024-05-28T16:29:58.995+0000] {processor.py:183} INFO - Processing /opt/airflow/dags/recalls_etl_v1.py took 0.353 seconds
[2024-05-28T16:30:29.093+0000] {processor.py:161} INFO - Started process (PID=2760) to work on /opt/airflow/dags/recalls_etl_v1.py
[2024-05-28T16:30:29.094+0000] {processor.py:830} INFO - Processing file /opt/airflow/dags/recalls_etl_v1.py for tasks to queue
[2024-05-28T16:30:29.095+0000] {logging_mixin.py:188} INFO - [2024-05-28T16:30:29.095+0000] {dagbag.py:545} INFO - Filling up the DagBag from /opt/airflow/dags/recalls_etl_v1.py
[2024-05-28T16:30:29.404+0000] {processor.py:840} INFO - DAG(s) 'recalls_etl_v1' retrieved from /opt/airflow/dags/recalls_etl_v1.py
[2024-05-28T16:30:29.455+0000] {logging_mixin.py:188} INFO - [2024-05-28T16:30:29.454+0000] {dag.py:3096} INFO - Sync 1 DAGs
[2024-05-28T16:30:29.467+0000] {logging_mixin.py:188} INFO - [2024-05-28T16:30:29.467+0000] {dag.py:3954} INFO - Setting next_dagrun for recalls_etl_v1 to None, run_after=None
[2024-05-28T16:30:29.489+0000] {processor.py:183} INFO - Processing /opt/airflow/dags/recalls_etl_v1.py took 0.402 seconds
[2024-05-28T16:31:00.302+0000] {processor.py:161} INFO - Started process (PID=2820) to work on /opt/airflow/dags/recalls_etl_v1.py
[2024-05-28T16:31:00.303+0000] {processor.py:830} INFO - Processing file /opt/airflow/dags/recalls_etl_v1.py for tasks to queue
[2024-05-28T16:31:00.305+0000] {logging_mixin.py:188} INFO - [2024-05-28T16:31:00.304+0000] {dagbag.py:545} INFO - Filling up the DagBag from /opt/airflow/dags/recalls_etl_v1.py
[2024-05-28T16:31:00.579+0000] {processor.py:840} INFO - DAG(s) 'recalls_etl_v1' retrieved from /opt/airflow/dags/recalls_etl_v1.py
[2024-05-28T16:31:00.596+0000] {logging_mixin.py:188} INFO - [2024-05-28T16:31:00.595+0000] {dag.py:3096} INFO - Sync 1 DAGs
[2024-05-28T16:31:00.607+0000] {logging_mixin.py:188} INFO - [2024-05-28T16:31:00.607+0000] {dag.py:3954} INFO - Setting next_dagrun for recalls_etl_v1 to None, run_after=None
[2024-05-28T16:31:00.627+0000] {processor.py:183} INFO - Processing /opt/airflow/dags/recalls_etl_v1.py took 0.330 seconds
[2024-05-28T16:31:31.608+0000] {processor.py:161} INFO - Started process (PID=2881) to work on /opt/airflow/dags/recalls_etl_v1.py
[2024-05-28T16:31:31.609+0000] {processor.py:830} INFO - Processing file /opt/airflow/dags/recalls_etl_v1.py for tasks to queue
[2024-05-28T16:31:31.610+0000] {logging_mixin.py:188} INFO - [2024-05-28T16:31:31.610+0000] {dagbag.py:545} INFO - Filling up the DagBag from /opt/airflow/dags/recalls_etl_v1.py
[2024-05-28T16:31:31.880+0000] {processor.py:840} INFO - DAG(s) 'recalls_etl_v1' retrieved from /opt/airflow/dags/recalls_etl_v1.py
[2024-05-28T16:31:31.896+0000] {logging_mixin.py:188} INFO - [2024-05-28T16:31:31.896+0000] {dag.py:3096} INFO - Sync 1 DAGs
[2024-05-28T16:31:31.907+0000] {logging_mixin.py:188} INFO - [2024-05-28T16:31:31.907+0000] {dag.py:3954} INFO - Setting next_dagrun for recalls_etl_v1 to None, run_after=None
[2024-05-28T16:31:31.928+0000] {processor.py:183} INFO - Processing /opt/airflow/dags/recalls_etl_v1.py took 0.325 seconds
[2024-05-28T16:32:02.809+0000] {processor.py:161} INFO - Started process (PID=2941) to work on /opt/airflow/dags/recalls_etl_v1.py
[2024-05-28T16:32:02.810+0000] {processor.py:830} INFO - Processing file /opt/airflow/dags/recalls_etl_v1.py for tasks to queue
[2024-05-28T16:32:02.811+0000] {logging_mixin.py:188} INFO - [2024-05-28T16:32:02.811+0000] {dagbag.py:545} INFO - Filling up the DagBag from /opt/airflow/dags/recalls_etl_v1.py
[2024-05-28T16:32:03.140+0000] {processor.py:840} INFO - DAG(s) 'recalls_etl_v1' retrieved from /opt/airflow/dags/recalls_etl_v1.py
[2024-05-28T16:32:03.156+0000] {logging_mixin.py:188} INFO - [2024-05-28T16:32:03.156+0000] {dag.py:3096} INFO - Sync 1 DAGs
[2024-05-28T16:32:03.167+0000] {logging_mixin.py:188} INFO - [2024-05-28T16:32:03.167+0000] {dag.py:3954} INFO - Setting next_dagrun for recalls_etl_v1 to None, run_after=None
[2024-05-28T16:32:03.187+0000] {processor.py:183} INFO - Processing /opt/airflow/dags/recalls_etl_v1.py took 0.386 seconds
[2024-05-28T16:32:33.389+0000] {processor.py:161} INFO - Started process (PID=3001) to work on /opt/airflow/dags/recalls_etl_v1.py
[2024-05-28T16:32:33.391+0000] {processor.py:830} INFO - Processing file /opt/airflow/dags/recalls_etl_v1.py for tasks to queue
[2024-05-28T16:32:33.392+0000] {logging_mixin.py:188} INFO - [2024-05-28T16:32:33.391+0000] {dagbag.py:545} INFO - Filling up the DagBag from /opt/airflow/dags/recalls_etl_v1.py
[2024-05-28T16:32:33.664+0000] {processor.py:840} INFO - DAG(s) 'recalls_etl_v1' retrieved from /opt/airflow/dags/recalls_etl_v1.py
[2024-05-28T16:32:33.679+0000] {logging_mixin.py:188} INFO - [2024-05-28T16:32:33.679+0000] {dag.py:3096} INFO - Sync 1 DAGs
[2024-05-28T16:32:33.691+0000] {logging_mixin.py:188} INFO - [2024-05-28T16:32:33.690+0000] {dag.py:3954} INFO - Setting next_dagrun for recalls_etl_v1 to None, run_after=None
[2024-05-28T16:32:33.710+0000] {processor.py:183} INFO - Processing /opt/airflow/dags/recalls_etl_v1.py took 0.326 seconds
[2024-05-28T16:33:03.873+0000] {processor.py:161} INFO - Started process (PID=3061) to work on /opt/airflow/dags/recalls_etl_v1.py
[2024-05-28T16:33:03.875+0000] {processor.py:830} INFO - Processing file /opt/airflow/dags/recalls_etl_v1.py for tasks to queue
[2024-05-28T16:33:03.876+0000] {logging_mixin.py:188} INFO - [2024-05-28T16:33:03.876+0000] {dagbag.py:545} INFO - Filling up the DagBag from /opt/airflow/dags/recalls_etl_v1.py
[2024-05-28T16:33:04.206+0000] {processor.py:840} INFO - DAG(s) 'recalls_etl_v1' retrieved from /opt/airflow/dags/recalls_etl_v1.py
[2024-05-28T16:33:04.221+0000] {logging_mixin.py:188} INFO - [2024-05-28T16:33:04.221+0000] {dag.py:3096} INFO - Sync 1 DAGs
[2024-05-28T16:33:04.233+0000] {logging_mixin.py:188} INFO - [2024-05-28T16:33:04.233+0000] {dag.py:3954} INFO - Setting next_dagrun for recalls_etl_v1 to None, run_after=None
[2024-05-28T16:33:04.255+0000] {processor.py:183} INFO - Processing /opt/airflow/dags/recalls_etl_v1.py took 0.388 seconds
[2024-05-28T16:33:34.386+0000] {processor.py:161} INFO - Started process (PID=3123) to work on /opt/airflow/dags/recalls_etl_v1.py
[2024-05-28T16:33:34.388+0000] {processor.py:830} INFO - Processing file /opt/airflow/dags/recalls_etl_v1.py for tasks to queue
[2024-05-28T16:33:34.389+0000] {logging_mixin.py:188} INFO - [2024-05-28T16:33:34.388+0000] {dagbag.py:545} INFO - Filling up the DagBag from /opt/airflow/dags/recalls_etl_v1.py
[2024-05-28T16:33:34.648+0000] {processor.py:840} INFO - DAG(s) 'recalls_etl_v1' retrieved from /opt/airflow/dags/recalls_etl_v1.py
[2024-05-28T16:33:34.664+0000] {logging_mixin.py:188} INFO - [2024-05-28T16:33:34.664+0000] {dag.py:3096} INFO - Sync 1 DAGs
[2024-05-28T16:33:34.676+0000] {logging_mixin.py:188} INFO - [2024-05-28T16:33:34.676+0000] {dag.py:3954} INFO - Setting next_dagrun for recalls_etl_v1 to None, run_after=None
[2024-05-28T16:33:34.701+0000] {processor.py:183} INFO - Processing /opt/airflow/dags/recalls_etl_v1.py took 0.320 seconds
[2024-05-28T16:34:05.655+0000] {processor.py:161} INFO - Started process (PID=3183) to work on /opt/airflow/dags/recalls_etl_v1.py
[2024-05-28T16:34:05.656+0000] {processor.py:830} INFO - Processing file /opt/airflow/dags/recalls_etl_v1.py for tasks to queue
[2024-05-28T16:34:05.657+0000] {logging_mixin.py:188} INFO - [2024-05-28T16:34:05.657+0000] {dagbag.py:545} INFO - Filling up the DagBag from /opt/airflow/dags/recalls_etl_v1.py
[2024-05-28T16:34:06.069+0000] {processor.py:840} INFO - DAG(s) 'recalls_etl_v1' retrieved from /opt/airflow/dags/recalls_etl_v1.py
[2024-05-28T16:34:06.135+0000] {logging_mixin.py:188} INFO - [2024-05-28T16:34:06.134+0000] {dag.py:3096} INFO - Sync 1 DAGs
[2024-05-28T16:34:06.177+0000] {logging_mixin.py:188} INFO - [2024-05-28T16:34:06.177+0000] {dag.py:3954} INFO - Setting next_dagrun for recalls_etl_v1 to None, run_after=None
[2024-05-28T16:34:06.218+0000] {processor.py:183} INFO - Processing /opt/airflow/dags/recalls_etl_v1.py took 0.568 seconds
[2024-05-28T16:34:36.968+0000] {processor.py:161} INFO - Started process (PID=3243) to work on /opt/airflow/dags/recalls_etl_v1.py
[2024-05-28T16:34:36.969+0000] {processor.py:830} INFO - Processing file /opt/airflow/dags/recalls_etl_v1.py for tasks to queue
[2024-05-28T16:34:36.971+0000] {logging_mixin.py:188} INFO - [2024-05-28T16:34:36.970+0000] {dagbag.py:545} INFO - Filling up the DagBag from /opt/airflow/dags/recalls_etl_v1.py
[2024-05-28T16:34:37.304+0000] {processor.py:840} INFO - DAG(s) 'recalls_etl_v1' retrieved from /opt/airflow/dags/recalls_etl_v1.py
[2024-05-28T16:34:37.321+0000] {logging_mixin.py:188} INFO - [2024-05-28T16:34:37.320+0000] {dag.py:3096} INFO - Sync 1 DAGs
[2024-05-28T16:34:37.332+0000] {logging_mixin.py:188} INFO - [2024-05-28T16:34:37.332+0000] {dag.py:3954} INFO - Setting next_dagrun for recalls_etl_v1 to None, run_after=None
[2024-05-28T16:34:37.353+0000] {processor.py:183} INFO - Processing /opt/airflow/dags/recalls_etl_v1.py took 0.390 seconds
[2024-05-28T16:35:07.477+0000] {processor.py:161} INFO - Started process (PID=3303) to work on /opt/airflow/dags/recalls_etl_v1.py
[2024-05-28T16:35:07.478+0000] {processor.py:830} INFO - Processing file /opt/airflow/dags/recalls_etl_v1.py for tasks to queue
[2024-05-28T16:35:07.479+0000] {logging_mixin.py:188} INFO - [2024-05-28T16:35:07.478+0000] {dagbag.py:545} INFO - Filling up the DagBag from /opt/airflow/dags/recalls_etl_v1.py
[2024-05-28T16:35:07.748+0000] {processor.py:840} INFO - DAG(s) 'recalls_etl_v1' retrieved from /opt/airflow/dags/recalls_etl_v1.py
[2024-05-28T16:35:07.767+0000] {logging_mixin.py:188} INFO - [2024-05-28T16:35:07.767+0000] {dag.py:3096} INFO - Sync 1 DAGs
[2024-05-28T16:35:07.779+0000] {logging_mixin.py:188} INFO - [2024-05-28T16:35:07.779+0000] {dag.py:3954} INFO - Setting next_dagrun for recalls_etl_v1 to None, run_after=None
[2024-05-28T16:35:07.798+0000] {processor.py:183} INFO - Processing /opt/airflow/dags/recalls_etl_v1.py took 0.327 seconds
[2024-05-28T16:35:38.791+0000] {processor.py:161} INFO - Started process (PID=3363) to work on /opt/airflow/dags/recalls_etl_v1.py
[2024-05-28T16:35:38.792+0000] {processor.py:830} INFO - Processing file /opt/airflow/dags/recalls_etl_v1.py for tasks to queue
[2024-05-28T16:35:38.793+0000] {logging_mixin.py:188} INFO - [2024-05-28T16:35:38.793+0000] {dagbag.py:545} INFO - Filling up the DagBag from /opt/airflow/dags/recalls_etl_v1.py
[2024-05-28T16:35:39.077+0000] {processor.py:840} INFO - DAG(s) 'recalls_etl_v1' retrieved from /opt/airflow/dags/recalls_etl_v1.py
[2024-05-28T16:35:39.096+0000] {logging_mixin.py:188} INFO - [2024-05-28T16:35:39.095+0000] {dag.py:3096} INFO - Sync 1 DAGs
[2024-05-28T16:35:39.107+0000] {logging_mixin.py:188} INFO - [2024-05-28T16:35:39.107+0000] {dag.py:3954} INFO - Setting next_dagrun for recalls_etl_v1 to None, run_after=None
[2024-05-28T16:35:39.130+0000] {processor.py:183} INFO - Processing /opt/airflow/dags/recalls_etl_v1.py took 0.344 seconds
[2024-05-28T16:36:10.020+0000] {processor.py:161} INFO - Started process (PID=3423) to work on /opt/airflow/dags/recalls_etl_v1.py
[2024-05-28T16:36:10.021+0000] {processor.py:830} INFO - Processing file /opt/airflow/dags/recalls_etl_v1.py for tasks to queue
[2024-05-28T16:36:10.022+0000] {logging_mixin.py:188} INFO - [2024-05-28T16:36:10.021+0000] {dagbag.py:545} INFO - Filling up the DagBag from /opt/airflow/dags/recalls_etl_v1.py
[2024-05-28T16:36:10.300+0000] {processor.py:840} INFO - DAG(s) 'recalls_etl_v1' retrieved from /opt/airflow/dags/recalls_etl_v1.py
[2024-05-28T16:36:10.320+0000] {logging_mixin.py:188} INFO - [2024-05-28T16:36:10.319+0000] {dag.py:3096} INFO - Sync 1 DAGs
[2024-05-28T16:36:10.331+0000] {logging_mixin.py:188} INFO - [2024-05-28T16:36:10.330+0000] {dag.py:3954} INFO - Setting next_dagrun for recalls_etl_v1 to None, run_after=None
[2024-05-28T16:36:10.352+0000] {processor.py:183} INFO - Processing /opt/airflow/dags/recalls_etl_v1.py took 0.337 seconds
[2024-05-28T16:36:41.293+0000] {processor.py:161} INFO - Started process (PID=3483) to work on /opt/airflow/dags/recalls_etl_v1.py
[2024-05-28T16:36:41.294+0000] {processor.py:830} INFO - Processing file /opt/airflow/dags/recalls_etl_v1.py for tasks to queue
[2024-05-28T16:36:41.295+0000] {logging_mixin.py:188} INFO - [2024-05-28T16:36:41.295+0000] {dagbag.py:545} INFO - Filling up the DagBag from /opt/airflow/dags/recalls_etl_v1.py
[2024-05-28T16:36:41.564+0000] {processor.py:840} INFO - DAG(s) 'recalls_etl_v1' retrieved from /opt/airflow/dags/recalls_etl_v1.py
[2024-05-28T16:36:41.581+0000] {logging_mixin.py:188} INFO - [2024-05-28T16:36:41.581+0000] {dag.py:3096} INFO - Sync 1 DAGs
[2024-05-28T16:36:41.591+0000] {logging_mixin.py:188} INFO - [2024-05-28T16:36:41.591+0000] {dag.py:3954} INFO - Setting next_dagrun for recalls_etl_v1 to None, run_after=None
[2024-05-28T16:36:41.611+0000] {processor.py:183} INFO - Processing /opt/airflow/dags/recalls_etl_v1.py took 0.333 seconds
[2024-05-28T16:37:12.496+0000] {processor.py:161} INFO - Started process (PID=3543) to work on /opt/airflow/dags/recalls_etl_v1.py
[2024-05-28T16:37:12.497+0000] {processor.py:830} INFO - Processing file /opt/airflow/dags/recalls_etl_v1.py for tasks to queue
[2024-05-28T16:37:12.498+0000] {logging_mixin.py:188} INFO - [2024-05-28T16:37:12.498+0000] {dagbag.py:545} INFO - Filling up the DagBag from /opt/airflow/dags/recalls_etl_v1.py
[2024-05-28T16:37:12.825+0000] {processor.py:840} INFO - DAG(s) 'recalls_etl_v1' retrieved from /opt/airflow/dags/recalls_etl_v1.py
[2024-05-28T16:37:12.927+0000] {logging_mixin.py:188} INFO - [2024-05-28T16:37:12.926+0000] {dag.py:3096} INFO - Sync 1 DAGs
[2024-05-28T16:37:12.942+0000] {logging_mixin.py:188} INFO - [2024-05-28T16:37:12.941+0000] {dag.py:3954} INFO - Setting next_dagrun for recalls_etl_v1 to None, run_after=None
[2024-05-28T16:37:12.972+0000] {processor.py:183} INFO - Processing /opt/airflow/dags/recalls_etl_v1.py took 0.482 seconds
[2024-05-28T16:37:44.028+0000] {processor.py:161} INFO - Started process (PID=3603) to work on /opt/airflow/dags/recalls_etl_v1.py
[2024-05-28T16:37:44.029+0000] {processor.py:830} INFO - Processing file /opt/airflow/dags/recalls_etl_v1.py for tasks to queue
[2024-05-28T16:37:44.031+0000] {logging_mixin.py:188} INFO - [2024-05-28T16:37:44.030+0000] {dagbag.py:545} INFO - Filling up the DagBag from /opt/airflow/dags/recalls_etl_v1.py
[2024-05-28T16:37:44.350+0000] {processor.py:840} INFO - DAG(s) 'recalls_etl_v1' retrieved from /opt/airflow/dags/recalls_etl_v1.py
[2024-05-28T16:37:44.367+0000] {logging_mixin.py:188} INFO - [2024-05-28T16:37:44.367+0000] {dag.py:3096} INFO - Sync 1 DAGs
[2024-05-28T16:37:44.382+0000] {logging_mixin.py:188} INFO - [2024-05-28T16:37:44.382+0000] {dag.py:3954} INFO - Setting next_dagrun for recalls_etl_v1 to None, run_after=None
[2024-05-28T16:37:44.404+0000] {processor.py:183} INFO - Processing /opt/airflow/dags/recalls_etl_v1.py took 0.384 seconds
[2024-05-28T16:38:15.312+0000] {processor.py:161} INFO - Started process (PID=3664) to work on /opt/airflow/dags/recalls_etl_v1.py
[2024-05-28T16:38:15.313+0000] {processor.py:830} INFO - Processing file /opt/airflow/dags/recalls_etl_v1.py for tasks to queue
[2024-05-28T16:38:15.314+0000] {logging_mixin.py:188} INFO - [2024-05-28T16:38:15.314+0000] {dagbag.py:545} INFO - Filling up the DagBag from /opt/airflow/dags/recalls_etl_v1.py
[2024-05-28T16:38:15.649+0000] {processor.py:840} INFO - DAG(s) 'recalls_etl_v1' retrieved from /opt/airflow/dags/recalls_etl_v1.py
[2024-05-28T16:38:15.672+0000] {logging_mixin.py:188} INFO - [2024-05-28T16:38:15.671+0000] {dag.py:3096} INFO - Sync 1 DAGs
[2024-05-28T16:38:15.685+0000] {logging_mixin.py:188} INFO - [2024-05-28T16:38:15.685+0000] {dag.py:3954} INFO - Setting next_dagrun for recalls_etl_v1 to None, run_after=None
[2024-05-28T16:38:15.708+0000] {processor.py:183} INFO - Processing /opt/airflow/dags/recalls_etl_v1.py took 0.401 seconds
[2024-05-28T16:38:32.274+0000] {processor.py:161} INFO - Started process (PID=3718) to work on /opt/airflow/dags/recalls_etl_v1.py
[2024-05-28T16:38:32.275+0000] {processor.py:830} INFO - Processing file /opt/airflow/dags/recalls_etl_v1.py for tasks to queue
[2024-05-28T16:38:32.276+0000] {logging_mixin.py:188} INFO - [2024-05-28T16:38:32.275+0000] {dagbag.py:545} INFO - Filling up the DagBag from /opt/airflow/dags/recalls_etl_v1.py
[2024-05-28T16:38:32.556+0000] {processor.py:840} INFO - DAG(s) 'recalls_etl_v1' retrieved from /opt/airflow/dags/recalls_etl_v1.py
[2024-05-28T16:38:32.574+0000] {logging_mixin.py:188} INFO - [2024-05-28T16:38:32.573+0000] {dag.py:3096} INFO - Sync 1 DAGs
[2024-05-28T16:38:32.584+0000] {logging_mixin.py:188} INFO - [2024-05-28T16:38:32.583+0000] {dag.py:3954} INFO - Setting next_dagrun for recalls_etl_v1 to None, run_after=None
[2024-05-28T16:38:32.609+0000] {processor.py:183} INFO - Processing /opt/airflow/dags/recalls_etl_v1.py took 0.342 seconds
[2024-05-28T16:39:02.784+0000] {processor.py:161} INFO - Started process (PID=3778) to work on /opt/airflow/dags/recalls_etl_v1.py
[2024-05-28T16:39:02.785+0000] {processor.py:830} INFO - Processing file /opt/airflow/dags/recalls_etl_v1.py for tasks to queue
[2024-05-28T16:39:02.786+0000] {logging_mixin.py:188} INFO - [2024-05-28T16:39:02.786+0000] {dagbag.py:545} INFO - Filling up the DagBag from /opt/airflow/dags/recalls_etl_v1.py
[2024-05-28T16:39:03.289+0000] {processor.py:840} INFO - DAG(s) 'recalls_etl_v1' retrieved from /opt/airflow/dags/recalls_etl_v1.py
[2024-05-28T16:39:03.321+0000] {logging_mixin.py:188} INFO - [2024-05-28T16:39:03.320+0000] {dag.py:3096} INFO - Sync 1 DAGs
[2024-05-28T16:39:03.349+0000] {logging_mixin.py:188} INFO - [2024-05-28T16:39:03.349+0000] {dag.py:3954} INFO - Setting next_dagrun for recalls_etl_v1 to None, run_after=None
[2024-05-28T16:39:03.373+0000] {processor.py:183} INFO - Processing /opt/airflow/dags/recalls_etl_v1.py took 0.596 seconds
[2024-05-28T16:39:34.056+0000] {processor.py:161} INFO - Started process (PID=3839) to work on /opt/airflow/dags/recalls_etl_v1.py
[2024-05-28T16:39:34.058+0000] {processor.py:830} INFO - Processing file /opt/airflow/dags/recalls_etl_v1.py for tasks to queue
[2024-05-28T16:39:34.060+0000] {logging_mixin.py:188} INFO - [2024-05-28T16:39:34.059+0000] {dagbag.py:545} INFO - Filling up the DagBag from /opt/airflow/dags/recalls_etl_v1.py
[2024-05-28T16:39:34.394+0000] {processor.py:840} INFO - DAG(s) 'recalls_etl_v1' retrieved from /opt/airflow/dags/recalls_etl_v1.py
[2024-05-28T16:39:34.412+0000] {logging_mixin.py:188} INFO - [2024-05-28T16:39:34.412+0000] {dag.py:3096} INFO - Sync 1 DAGs
[2024-05-28T16:39:34.423+0000] {logging_mixin.py:188} INFO - [2024-05-28T16:39:34.423+0000] {dag.py:3954} INFO - Setting next_dagrun for recalls_etl_v1 to None, run_after=None
[2024-05-28T16:39:34.446+0000] {processor.py:183} INFO - Processing /opt/airflow/dags/recalls_etl_v1.py took 0.398 seconds
[2024-05-28T16:40:04.878+0000] {processor.py:161} INFO - Started process (PID=3899) to work on /opt/airflow/dags/recalls_etl_v1.py
[2024-05-28T16:40:04.879+0000] {processor.py:830} INFO - Processing file /opt/airflow/dags/recalls_etl_v1.py for tasks to queue
[2024-05-28T16:40:04.880+0000] {logging_mixin.py:188} INFO - [2024-05-28T16:40:04.880+0000] {dagbag.py:545} INFO - Filling up the DagBag from /opt/airflow/dags/recalls_etl_v1.py
[2024-05-28T16:40:05.757+0000] {processor.py:840} INFO - DAG(s) 'recalls_etl_v1' retrieved from /opt/airflow/dags/recalls_etl_v1.py
[2024-05-28T16:40:05.890+0000] {logging_mixin.py:188} INFO - [2024-05-28T16:40:05.889+0000] {dag.py:3096} INFO - Sync 1 DAGs
[2024-05-28T16:40:06.092+0000] {logging_mixin.py:188} INFO - [2024-05-28T16:40:06.092+0000] {dag.py:3954} INFO - Setting next_dagrun for recalls_etl_v1 to None, run_after=None
[2024-05-28T16:40:06.173+0000] {processor.py:183} INFO - Processing /opt/airflow/dags/recalls_etl_v1.py took 1.376 seconds
[2024-05-28T16:40:36.632+0000] {processor.py:161} INFO - Started process (PID=3959) to work on /opt/airflow/dags/recalls_etl_v1.py
[2024-05-28T16:40:36.634+0000] {processor.py:830} INFO - Processing file /opt/airflow/dags/recalls_etl_v1.py for tasks to queue
[2024-05-28T16:40:36.635+0000] {logging_mixin.py:188} INFO - [2024-05-28T16:40:36.634+0000] {dagbag.py:545} INFO - Filling up the DagBag from /opt/airflow/dags/recalls_etl_v1.py
[2024-05-28T16:40:37.234+0000] {processor.py:840} INFO - DAG(s) 'recalls_etl_v1' retrieved from /opt/airflow/dags/recalls_etl_v1.py
[2024-05-28T16:40:37.397+0000] {logging_mixin.py:188} INFO - [2024-05-28T16:40:37.393+0000] {dag.py:3096} INFO - Sync 1 DAGs
[2024-05-28T16:40:37.411+0000] {logging_mixin.py:188} INFO - [2024-05-28T16:40:37.411+0000] {dag.py:3954} INFO - Setting next_dagrun for recalls_etl_v1 to None, run_after=None
[2024-05-28T16:40:37.441+0000] {processor.py:183} INFO - Processing /opt/airflow/dags/recalls_etl_v1.py took 0.816 seconds
[2024-05-28T16:41:08.008+0000] {processor.py:161} INFO - Started process (PID=4021) to work on /opt/airflow/dags/recalls_etl_v1.py
[2024-05-28T16:41:08.010+0000] {processor.py:830} INFO - Processing file /opt/airflow/dags/recalls_etl_v1.py for tasks to queue
[2024-05-28T16:41:08.011+0000] {logging_mixin.py:188} INFO - [2024-05-28T16:41:08.011+0000] {dagbag.py:545} INFO - Filling up the DagBag from /opt/airflow/dags/recalls_etl_v1.py
[2024-05-28T16:41:08.623+0000] {processor.py:840} INFO - DAG(s) 'recalls_etl_v1' retrieved from /opt/airflow/dags/recalls_etl_v1.py
[2024-05-28T16:41:08.707+0000] {logging_mixin.py:188} INFO - [2024-05-28T16:41:08.704+0000] {dag.py:3096} INFO - Sync 1 DAGs
[2024-05-28T16:41:08.720+0000] {logging_mixin.py:188} INFO - [2024-05-28T16:41:08.719+0000] {dag.py:3954} INFO - Setting next_dagrun for recalls_etl_v1 to None, run_after=None
[2024-05-28T16:41:10.513+0000] {processor.py:183} INFO - Processing /opt/airflow/dags/recalls_etl_v1.py took 2.513 seconds
[2024-05-28T16:41:42.571+0000] {processor.py:161} INFO - Started process (PID=4062) to work on /opt/airflow/dags/recalls_etl_v1.py
[2024-05-28T16:41:42.572+0000] {processor.py:830} INFO - Processing file /opt/airflow/dags/recalls_etl_v1.py for tasks to queue
[2024-05-28T16:41:42.574+0000] {logging_mixin.py:188} INFO - [2024-05-28T16:41:42.573+0000] {dagbag.py:545} INFO - Filling up the DagBag from /opt/airflow/dags/recalls_etl_v1.py
[2024-05-28T16:41:43.302+0000] {processor.py:840} INFO - DAG(s) 'recalls_etl_v1' retrieved from /opt/airflow/dags/recalls_etl_v1.py
[2024-05-28T16:41:43.322+0000] {logging_mixin.py:188} INFO - [2024-05-28T16:41:43.322+0000] {dag.py:3096} INFO - Sync 1 DAGs
[2024-05-28T16:41:43.335+0000] {logging_mixin.py:188} INFO - [2024-05-28T16:41:43.335+0000] {dag.py:3954} INFO - Setting next_dagrun for recalls_etl_v1 to None, run_after=None
[2024-05-28T16:41:43.358+0000] {processor.py:183} INFO - Processing /opt/airflow/dags/recalls_etl_v1.py took 0.794 seconds
[2024-05-28T16:44:23.679+0000] {processor.py:161} INFO - Started process (PID=4091) to work on /opt/airflow/dags/recalls_etl_v1.py
[2024-05-28T16:44:23.695+0000] {processor.py:830} INFO - Processing file /opt/airflow/dags/recalls_etl_v1.py for tasks to queue
[2024-05-28T16:44:23.704+0000] {logging_mixin.py:188} INFO - [2024-05-28T16:44:23.696+0000] {dagbag.py:545} INFO - Filling up the DagBag from /opt/airflow/dags/recalls_etl_v1.py
[2024-05-28T16:44:54.456+0000] {logging_mixin.py:188} INFO - [2024-05-28T16:44:54.441+0000] {timeout.py:68} ERROR - Process timed out, PID: 4091
[2024-05-28T16:48:38.909+0000] {processor.py:161} INFO - Started process (PID=4156) to work on /opt/airflow/dags/recalls_etl_v1.py
[2024-05-28T16:48:38.910+0000] {processor.py:830} INFO - Processing file /opt/airflow/dags/recalls_etl_v1.py for tasks to queue
[2024-05-28T16:48:38.912+0000] {logging_mixin.py:188} INFO - [2024-05-28T16:48:38.911+0000] {dagbag.py:545} INFO - Filling up the DagBag from /opt/airflow/dags/recalls_etl_v1.py
[2024-05-28T16:48:39.935+0000] {processor.py:840} INFO - DAG(s) 'recalls_etl_v1' retrieved from /opt/airflow/dags/recalls_etl_v1.py
[2024-05-28T16:48:41.898+0000] {logging_mixin.py:188} INFO - [2024-05-28T16:48:41.897+0000] {dag.py:3096} INFO - Sync 1 DAGs
[2024-05-28T16:48:41.911+0000] {logging_mixin.py:188} INFO - [2024-05-28T16:48:41.911+0000] {dag.py:3954} INFO - Setting next_dagrun for recalls_etl_v1 to None, run_after=None
[2024-05-28T16:48:41.938+0000] {processor.py:183} INFO - Processing /opt/airflow/dags/recalls_etl_v1.py took 3.035 seconds
[2024-05-28T16:49:12.086+0000] {processor.py:161} INFO - Started process (PID=4232) to work on /opt/airflow/dags/recalls_etl_v1.py
[2024-05-28T16:49:12.087+0000] {processor.py:830} INFO - Processing file /opt/airflow/dags/recalls_etl_v1.py for tasks to queue
[2024-05-28T16:49:12.088+0000] {logging_mixin.py:188} INFO - [2024-05-28T16:49:12.087+0000] {dagbag.py:545} INFO - Filling up the DagBag from /opt/airflow/dags/recalls_etl_v1.py
[2024-05-28T16:49:12.462+0000] {processor.py:840} INFO - DAG(s) 'recalls_etl_v1' retrieved from /opt/airflow/dags/recalls_etl_v1.py
[2024-05-28T16:49:12.483+0000] {logging_mixin.py:188} INFO - [2024-05-28T16:49:12.483+0000] {dag.py:3096} INFO - Sync 1 DAGs
[2024-05-28T16:49:12.670+0000] {logging_mixin.py:188} INFO - [2024-05-28T16:49:12.670+0000] {dag.py:3954} INFO - Setting next_dagrun for recalls_etl_v1 to None, run_after=None
[2024-05-28T16:49:12.691+0000] {processor.py:183} INFO - Processing /opt/airflow/dags/recalls_etl_v1.py took 0.613 seconds
[2024-05-28T16:49:42.897+0000] {processor.py:161} INFO - Started process (PID=4289) to work on /opt/airflow/dags/recalls_etl_v1.py
[2024-05-28T16:49:42.898+0000] {processor.py:830} INFO - Processing file /opt/airflow/dags/recalls_etl_v1.py for tasks to queue
[2024-05-28T16:49:42.899+0000] {logging_mixin.py:188} INFO - [2024-05-28T16:49:42.899+0000] {dagbag.py:545} INFO - Filling up the DagBag from /opt/airflow/dags/recalls_etl_v1.py
[2024-05-28T16:49:43.415+0000] {processor.py:840} INFO - DAG(s) 'recalls_etl_v1' retrieved from /opt/airflow/dags/recalls_etl_v1.py
[2024-05-28T16:49:43.443+0000] {logging_mixin.py:188} INFO - [2024-05-28T16:49:43.442+0000] {dag.py:3096} INFO - Sync 1 DAGs
[2024-05-28T16:49:43.643+0000] {logging_mixin.py:188} INFO - [2024-05-28T16:49:43.642+0000] {dag.py:3954} INFO - Setting next_dagrun for recalls_etl_v1 to None, run_after=None
[2024-05-28T16:49:43.664+0000] {processor.py:183} INFO - Processing /opt/airflow/dags/recalls_etl_v1.py took 0.773 seconds
[2024-05-28T16:50:14.036+0000] {processor.py:161} INFO - Started process (PID=4349) to work on /opt/airflow/dags/recalls_etl_v1.py
[2024-05-28T16:50:14.037+0000] {processor.py:830} INFO - Processing file /opt/airflow/dags/recalls_etl_v1.py for tasks to queue
[2024-05-28T16:50:14.038+0000] {logging_mixin.py:188} INFO - [2024-05-28T16:50:14.038+0000] {dagbag.py:545} INFO - Filling up the DagBag from /opt/airflow/dags/recalls_etl_v1.py
[2024-05-28T16:50:14.572+0000] {processor.py:840} INFO - DAG(s) 'recalls_etl_v1' retrieved from /opt/airflow/dags/recalls_etl_v1.py
[2024-05-28T16:50:14.592+0000] {logging_mixin.py:188} INFO - [2024-05-28T16:50:14.592+0000] {dag.py:3096} INFO - Sync 1 DAGs
[2024-05-28T16:50:14.606+0000] {logging_mixin.py:188} INFO - [2024-05-28T16:50:14.606+0000] {dag.py:3954} INFO - Setting next_dagrun for recalls_etl_v1 to None, run_after=None
[2024-05-28T16:50:14.630+0000] {processor.py:183} INFO - Processing /opt/airflow/dags/recalls_etl_v1.py took 0.600 seconds
[2024-05-28T16:50:44.721+0000] {processor.py:161} INFO - Started process (PID=4413) to work on /opt/airflow/dags/recalls_etl_v1.py
[2024-05-28T16:50:44.722+0000] {processor.py:830} INFO - Processing file /opt/airflow/dags/recalls_etl_v1.py for tasks to queue
[2024-05-28T16:50:44.723+0000] {logging_mixin.py:188} INFO - [2024-05-28T16:50:44.723+0000] {dagbag.py:545} INFO - Filling up the DagBag from /opt/airflow/dags/recalls_etl_v1.py
[2024-05-28T16:50:46.654+0000] {processor.py:840} INFO - DAG(s) 'recalls_etl_v1' retrieved from /opt/airflow/dags/recalls_etl_v1.py
[2024-05-28T16:50:46.671+0000] {logging_mixin.py:188} INFO - [2024-05-28T16:50:46.671+0000] {dag.py:3096} INFO - Sync 1 DAGs
[2024-05-28T16:50:46.682+0000] {logging_mixin.py:188} INFO - [2024-05-28T16:50:46.681+0000] {dag.py:3954} INFO - Setting next_dagrun for recalls_etl_v1 to None, run_after=None
[2024-05-28T16:50:46.701+0000] {processor.py:183} INFO - Processing /opt/airflow/dags/recalls_etl_v1.py took 1.987 seconds
[2024-05-28T16:51:16.888+0000] {processor.py:161} INFO - Started process (PID=4477) to work on /opt/airflow/dags/recalls_etl_v1.py
[2024-05-28T16:51:16.890+0000] {processor.py:830} INFO - Processing file /opt/airflow/dags/recalls_etl_v1.py for tasks to queue
[2024-05-28T16:51:16.890+0000] {logging_mixin.py:188} INFO - [2024-05-28T16:51:16.890+0000] {dagbag.py:545} INFO - Filling up the DagBag from /opt/airflow/dags/recalls_etl_v1.py
[2024-05-28T16:51:17.827+0000] {processor.py:840} INFO - DAG(s) 'recalls_etl_v1' retrieved from /opt/airflow/dags/recalls_etl_v1.py
[2024-05-28T16:51:17.851+0000] {logging_mixin.py:188} INFO - [2024-05-28T16:51:17.850+0000] {dag.py:3096} INFO - Sync 1 DAGs
[2024-05-28T16:51:17.868+0000] {logging_mixin.py:188} INFO - [2024-05-28T16:51:17.868+0000] {dag.py:3954} INFO - Setting next_dagrun for recalls_etl_v1 to None, run_after=None
[2024-05-28T16:51:17.891+0000] {processor.py:183} INFO - Processing /opt/airflow/dags/recalls_etl_v1.py took 1.009 seconds
[2024-05-28T16:51:47.989+0000] {processor.py:161} INFO - Started process (PID=4536) to work on /opt/airflow/dags/recalls_etl_v1.py
[2024-05-28T16:51:47.990+0000] {processor.py:830} INFO - Processing file /opt/airflow/dags/recalls_etl_v1.py for tasks to queue
[2024-05-28T16:51:47.992+0000] {logging_mixin.py:188} INFO - [2024-05-28T16:51:47.991+0000] {dagbag.py:545} INFO - Filling up the DagBag from /opt/airflow/dags/recalls_etl_v1.py
[2024-05-28T16:51:49.475+0000] {processor.py:840} INFO - DAG(s) 'recalls_etl_v1' retrieved from /opt/airflow/dags/recalls_etl_v1.py
[2024-05-28T16:51:49.952+0000] {logging_mixin.py:188} INFO - [2024-05-28T16:51:49.952+0000] {dag.py:3096} INFO - Sync 1 DAGs
[2024-05-28T16:51:49.968+0000] {logging_mixin.py:188} INFO - [2024-05-28T16:51:49.968+0000] {dag.py:3954} INFO - Setting next_dagrun for recalls_etl_v1 to None, run_after=None
[2024-05-28T16:51:49.993+0000] {processor.py:183} INFO - Processing /opt/airflow/dags/recalls_etl_v1.py took 2.013 seconds
[2024-05-28T16:52:20.696+0000] {processor.py:161} INFO - Started process (PID=4600) to work on /opt/airflow/dags/recalls_etl_v1.py
[2024-05-28T16:52:20.697+0000] {processor.py:830} INFO - Processing file /opt/airflow/dags/recalls_etl_v1.py for tasks to queue
[2024-05-28T16:52:20.699+0000] {logging_mixin.py:188} INFO - [2024-05-28T16:52:20.698+0000] {dagbag.py:545} INFO - Filling up the DagBag from /opt/airflow/dags/recalls_etl_v1.py
[2024-05-28T16:52:21.545+0000] {processor.py:840} INFO - DAG(s) 'recalls_etl_v1' retrieved from /opt/airflow/dags/recalls_etl_v1.py
[2024-05-28T16:52:21.649+0000] {logging_mixin.py:188} INFO - [2024-05-28T16:52:21.648+0000] {dag.py:3096} INFO - Sync 1 DAGs
[2024-05-28T16:52:21.662+0000] {logging_mixin.py:188} INFO - [2024-05-28T16:52:21.661+0000] {dag.py:3954} INFO - Setting next_dagrun for recalls_etl_v1 to None, run_after=None
[2024-05-28T16:52:21.680+0000] {processor.py:183} INFO - Processing /opt/airflow/dags/recalls_etl_v1.py took 0.991 seconds
[2024-05-28T16:52:52.423+0000] {processor.py:161} INFO - Started process (PID=4660) to work on /opt/airflow/dags/recalls_etl_v1.py
[2024-05-28T16:52:52.424+0000] {processor.py:830} INFO - Processing file /opt/airflow/dags/recalls_etl_v1.py for tasks to queue
[2024-05-28T16:52:52.425+0000] {logging_mixin.py:188} INFO - [2024-05-28T16:52:52.425+0000] {dagbag.py:545} INFO - Filling up the DagBag from /opt/airflow/dags/recalls_etl_v1.py
[2024-05-28T16:52:53.266+0000] {processor.py:840} INFO - DAG(s) 'recalls_etl_v1' retrieved from /opt/airflow/dags/recalls_etl_v1.py
[2024-05-28T16:52:53.328+0000] {logging_mixin.py:188} INFO - [2024-05-28T16:52:53.327+0000] {dag.py:3096} INFO - Sync 1 DAGs
[2024-05-28T16:52:53.340+0000] {logging_mixin.py:188} INFO - [2024-05-28T16:52:53.340+0000] {dag.py:3954} INFO - Setting next_dagrun for recalls_etl_v1 to None, run_after=None
[2024-05-28T16:52:53.362+0000] {processor.py:183} INFO - Processing /opt/airflow/dags/recalls_etl_v1.py took 0.947 seconds
[2024-05-28T16:53:24.224+0000] {processor.py:161} INFO - Started process (PID=4720) to work on /opt/airflow/dags/recalls_etl_v1.py
[2024-05-28T16:53:24.226+0000] {processor.py:830} INFO - Processing file /opt/airflow/dags/recalls_etl_v1.py for tasks to queue
[2024-05-28T16:53:24.227+0000] {logging_mixin.py:188} INFO - [2024-05-28T16:53:24.226+0000] {dagbag.py:545} INFO - Filling up the DagBag from /opt/airflow/dags/recalls_etl_v1.py
[2024-05-28T16:53:25.010+0000] {processor.py:840} INFO - DAG(s) 'recalls_etl_v1' retrieved from /opt/airflow/dags/recalls_etl_v1.py
[2024-05-28T16:53:25.100+0000] {logging_mixin.py:188} INFO - [2024-05-28T16:53:25.100+0000] {dag.py:3096} INFO - Sync 1 DAGs
[2024-05-28T16:53:25.112+0000] {logging_mixin.py:188} INFO - [2024-05-28T16:53:25.111+0000] {dag.py:3954} INFO - Setting next_dagrun for recalls_etl_v1 to None, run_after=None
[2024-05-28T16:53:25.132+0000] {processor.py:183} INFO - Processing /opt/airflow/dags/recalls_etl_v1.py took 0.913 seconds
[2024-05-28T16:53:55.405+0000] {processor.py:161} INFO - Started process (PID=4780) to work on /opt/airflow/dags/recalls_etl_v1.py
[2024-05-28T16:53:55.406+0000] {processor.py:830} INFO - Processing file /opt/airflow/dags/recalls_etl_v1.py for tasks to queue
[2024-05-28T16:53:55.407+0000] {logging_mixin.py:188} INFO - [2024-05-28T16:53:55.407+0000] {dagbag.py:545} INFO - Filling up the DagBag from /opt/airflow/dags/recalls_etl_v1.py
[2024-05-28T16:53:56.176+0000] {processor.py:840} INFO - DAG(s) 'recalls_etl_v1' retrieved from /opt/airflow/dags/recalls_etl_v1.py
[2024-05-28T16:53:56.259+0000] {logging_mixin.py:188} INFO - [2024-05-28T16:53:56.259+0000] {dag.py:3096} INFO - Sync 1 DAGs
[2024-05-28T16:53:56.271+0000] {logging_mixin.py:188} INFO - [2024-05-28T16:53:56.271+0000] {dag.py:3954} INFO - Setting next_dagrun for recalls_etl_v1 to None, run_after=None
[2024-05-28T16:53:56.290+0000] {processor.py:183} INFO - Processing /opt/airflow/dags/recalls_etl_v1.py took 0.891 seconds
[2024-05-28T16:54:26.867+0000] {processor.py:161} INFO - Started process (PID=4840) to work on /opt/airflow/dags/recalls_etl_v1.py
[2024-05-28T16:54:26.868+0000] {processor.py:830} INFO - Processing file /opt/airflow/dags/recalls_etl_v1.py for tasks to queue
[2024-05-28T16:54:26.869+0000] {logging_mixin.py:188} INFO - [2024-05-28T16:54:26.869+0000] {dagbag.py:545} INFO - Filling up the DagBag from /opt/airflow/dags/recalls_etl_v1.py
[2024-05-28T16:54:28.429+0000] {processor.py:840} INFO - DAG(s) 'recalls_etl_v1' retrieved from /opt/airflow/dags/recalls_etl_v1.py
[2024-05-28T16:54:28.516+0000] {logging_mixin.py:188} INFO - [2024-05-28T16:54:28.516+0000] {dag.py:3096} INFO - Sync 1 DAGs
[2024-05-28T16:54:28.530+0000] {logging_mixin.py:188} INFO - [2024-05-28T16:54:28.529+0000] {dag.py:3954} INFO - Setting next_dagrun for recalls_etl_v1 to None, run_after=None
[2024-05-28T16:54:28.549+0000] {processor.py:183} INFO - Processing /opt/airflow/dags/recalls_etl_v1.py took 1.688 seconds
[2024-05-28T16:54:59.178+0000] {processor.py:161} INFO - Started process (PID=4900) to work on /opt/airflow/dags/recalls_etl_v1.py
[2024-05-28T16:54:59.180+0000] {processor.py:830} INFO - Processing file /opt/airflow/dags/recalls_etl_v1.py for tasks to queue
[2024-05-28T16:54:59.181+0000] {logging_mixin.py:188} INFO - [2024-05-28T16:54:59.180+0000] {dagbag.py:545} INFO - Filling up the DagBag from /opt/airflow/dags/recalls_etl_v1.py
[2024-05-28T16:55:04.848+0000] {processor.py:840} INFO - DAG(s) 'recalls_etl_v1' retrieved from /opt/airflow/dags/recalls_etl_v1.py
[2024-05-28T16:55:05.042+0000] {logging_mixin.py:188} INFO - [2024-05-28T16:55:05.039+0000] {dag.py:3096} INFO - Sync 1 DAGs
[2024-05-28T16:55:05.083+0000] {logging_mixin.py:188} INFO - [2024-05-28T16:55:05.083+0000] {dag.py:3954} INFO - Setting next_dagrun for recalls_etl_v1 to None, run_after=None
[2024-05-28T16:55:05.133+0000] {processor.py:183} INFO - Processing /opt/airflow/dags/recalls_etl_v1.py took 5.964 seconds
[2024-05-28T16:55:35.441+0000] {processor.py:161} INFO - Started process (PID=4960) to work on /opt/airflow/dags/recalls_etl_v1.py
[2024-05-28T16:55:35.443+0000] {processor.py:830} INFO - Processing file /opt/airflow/dags/recalls_etl_v1.py for tasks to queue
[2024-05-28T16:55:35.445+0000] {logging_mixin.py:188} INFO - [2024-05-28T16:55:35.444+0000] {dagbag.py:545} INFO - Filling up the DagBag from /opt/airflow/dags/recalls_etl_v1.py
[2024-05-28T16:55:37.034+0000] {processor.py:840} INFO - DAG(s) 'recalls_etl_v1' retrieved from /opt/airflow/dags/recalls_etl_v1.py
[2024-05-28T16:55:37.102+0000] {logging_mixin.py:188} INFO - [2024-05-28T16:55:37.100+0000] {dag.py:3096} INFO - Sync 1 DAGs
[2024-05-28T16:55:37.118+0000] {logging_mixin.py:188} INFO - [2024-05-28T16:55:37.118+0000] {dag.py:3954} INFO - Setting next_dagrun for recalls_etl_v1 to None, run_after=None
[2024-05-28T16:55:37.142+0000] {processor.py:183} INFO - Processing /opt/airflow/dags/recalls_etl_v1.py took 1.709 seconds
[2024-05-28T16:56:07.350+0000] {processor.py:161} INFO - Started process (PID=5020) to work on /opt/airflow/dags/recalls_etl_v1.py
[2024-05-28T16:56:07.357+0000] {processor.py:830} INFO - Processing file /opt/airflow/dags/recalls_etl_v1.py for tasks to queue
[2024-05-28T16:56:07.360+0000] {logging_mixin.py:188} INFO - [2024-05-28T16:56:07.359+0000] {dagbag.py:545} INFO - Filling up the DagBag from /opt/airflow/dags/recalls_etl_v1.py
[2024-05-28T16:56:11.785+0000] {processor.py:840} INFO - DAG(s) 'recalls_etl_v1' retrieved from /opt/airflow/dags/recalls_etl_v1.py
[2024-05-28T16:56:12.184+0000] {logging_mixin.py:188} INFO - [2024-05-28T16:56:12.179+0000] {dag.py:3096} INFO - Sync 1 DAGs
[2024-05-28T16:56:12.205+0000] {logging_mixin.py:188} INFO - [2024-05-28T16:56:12.205+0000] {dag.py:3954} INFO - Setting next_dagrun for recalls_etl_v1 to None, run_after=None
[2024-05-28T16:56:12.237+0000] {processor.py:183} INFO - Processing /opt/airflow/dags/recalls_etl_v1.py took 4.917 seconds
[2024-05-28T16:56:42.416+0000] {processor.py:161} INFO - Started process (PID=5086) to work on /opt/airflow/dags/recalls_etl_v1.py
[2024-05-28T16:56:42.417+0000] {processor.py:830} INFO - Processing file /opt/airflow/dags/recalls_etl_v1.py for tasks to queue
[2024-05-28T16:56:42.418+0000] {logging_mixin.py:188} INFO - [2024-05-28T16:56:42.417+0000] {dagbag.py:545} INFO - Filling up the DagBag from /opt/airflow/dags/recalls_etl_v1.py
[2024-05-28T16:56:43.765+0000] {processor.py:840} INFO - DAG(s) 'recalls_etl_v1' retrieved from /opt/airflow/dags/recalls_etl_v1.py
[2024-05-28T16:56:43.788+0000] {logging_mixin.py:188} INFO - [2024-05-28T16:56:43.788+0000] {dag.py:3096} INFO - Sync 1 DAGs
[2024-05-28T16:56:43.801+0000] {logging_mixin.py:188} INFO - [2024-05-28T16:56:43.800+0000] {dag.py:3954} INFO - Setting next_dagrun for recalls_etl_v1 to None, run_after=None
[2024-05-28T16:56:43.821+0000] {processor.py:183} INFO - Processing /opt/airflow/dags/recalls_etl_v1.py took 1.415 seconds
[2024-05-28T16:57:14.528+0000] {processor.py:161} INFO - Started process (PID=5147) to work on /opt/airflow/dags/recalls_etl_v1.py
[2024-05-28T16:57:14.529+0000] {processor.py:830} INFO - Processing file /opt/airflow/dags/recalls_etl_v1.py for tasks to queue
[2024-05-28T16:57:14.530+0000] {logging_mixin.py:188} INFO - [2024-05-28T16:57:14.530+0000] {dagbag.py:545} INFO - Filling up the DagBag from /opt/airflow/dags/recalls_etl_v1.py
[2024-05-28T16:57:15.654+0000] {processor.py:840} INFO - DAG(s) 'recalls_etl_v1' retrieved from /opt/airflow/dags/recalls_etl_v1.py
[2024-05-28T16:57:15.786+0000] {logging_mixin.py:188} INFO - [2024-05-28T16:57:15.781+0000] {dag.py:3096} INFO - Sync 1 DAGs
[2024-05-28T16:57:15.798+0000] {logging_mixin.py:188} INFO - [2024-05-28T16:57:15.798+0000] {dag.py:3954} INFO - Setting next_dagrun for recalls_etl_v1 to None, run_after=None
[2024-05-28T16:57:15.823+0000] {processor.py:183} INFO - Processing /opt/airflow/dags/recalls_etl_v1.py took 1.303 seconds
[2024-05-28T16:57:46.532+0000] {processor.py:161} INFO - Started process (PID=5207) to work on /opt/airflow/dags/recalls_etl_v1.py
[2024-05-28T16:57:46.536+0000] {processor.py:830} INFO - Processing file /opt/airflow/dags/recalls_etl_v1.py for tasks to queue
[2024-05-28T16:57:46.537+0000] {logging_mixin.py:188} INFO - [2024-05-28T16:57:46.536+0000] {dagbag.py:545} INFO - Filling up the DagBag from /opt/airflow/dags/recalls_etl_v1.py
[2024-05-28T16:57:47.413+0000] {processor.py:840} INFO - DAG(s) 'recalls_etl_v1' retrieved from /opt/airflow/dags/recalls_etl_v1.py
[2024-05-28T16:57:47.615+0000] {logging_mixin.py:188} INFO - [2024-05-28T16:57:47.612+0000] {dag.py:3096} INFO - Sync 1 DAGs
[2024-05-28T16:57:47.629+0000] {logging_mixin.py:188} INFO - [2024-05-28T16:57:47.628+0000] {dag.py:3954} INFO - Setting next_dagrun for recalls_etl_v1 to None, run_after=None
[2024-05-28T16:57:47.648+0000] {processor.py:183} INFO - Processing /opt/airflow/dags/recalls_etl_v1.py took 1.124 seconds
[2024-05-28T16:58:17.942+0000] {processor.py:161} INFO - Started process (PID=5270) to work on /opt/airflow/dags/recalls_etl_v1.py
[2024-05-28T16:58:17.944+0000] {processor.py:830} INFO - Processing file /opt/airflow/dags/recalls_etl_v1.py for tasks to queue
[2024-05-28T16:58:17.945+0000] {logging_mixin.py:188} INFO - [2024-05-28T16:58:17.944+0000] {dagbag.py:545} INFO - Filling up the DagBag from /opt/airflow/dags/recalls_etl_v1.py
[2024-05-28T16:58:19.022+0000] {processor.py:840} INFO - DAG(s) 'recalls_etl_v1' retrieved from /opt/airflow/dags/recalls_etl_v1.py
[2024-05-28T16:58:19.109+0000] {logging_mixin.py:188} INFO - [2024-05-28T16:58:19.107+0000] {dag.py:3096} INFO - Sync 1 DAGs
[2024-05-28T16:58:19.121+0000] {logging_mixin.py:188} INFO - [2024-05-28T16:58:19.121+0000] {dag.py:3954} INFO - Setting next_dagrun for recalls_etl_v1 to None, run_after=None
[2024-05-28T16:58:19.143+0000] {processor.py:183} INFO - Processing /opt/airflow/dags/recalls_etl_v1.py took 1.207 seconds
[2024-05-28T16:58:49.415+0000] {processor.py:161} INFO - Started process (PID=5332) to work on /opt/airflow/dags/recalls_etl_v1.py
[2024-05-28T16:58:49.417+0000] {processor.py:830} INFO - Processing file /opt/airflow/dags/recalls_etl_v1.py for tasks to queue
[2024-05-28T16:58:49.420+0000] {logging_mixin.py:188} INFO - [2024-05-28T16:58:49.419+0000] {dagbag.py:545} INFO - Filling up the DagBag from /opt/airflow/dags/recalls_etl_v1.py
[2024-05-28T16:58:50.347+0000] {processor.py:840} INFO - DAG(s) 'recalls_etl_v1' retrieved from /opt/airflow/dags/recalls_etl_v1.py
[2024-05-28T16:58:50.423+0000] {logging_mixin.py:188} INFO - [2024-05-28T16:58:50.421+0000] {dag.py:3096} INFO - Sync 1 DAGs
[2024-05-28T16:58:50.437+0000] {logging_mixin.py:188} INFO - [2024-05-28T16:58:50.437+0000] {dag.py:3954} INFO - Setting next_dagrun for recalls_etl_v1 to None, run_after=None
[2024-05-28T16:58:50.460+0000] {processor.py:183} INFO - Processing /opt/airflow/dags/recalls_etl_v1.py took 1.055 seconds
[2024-05-28T16:59:21.168+0000] {processor.py:161} INFO - Started process (PID=5394) to work on /opt/airflow/dags/recalls_etl_v1.py
[2024-05-28T16:59:21.170+0000] {processor.py:830} INFO - Processing file /opt/airflow/dags/recalls_etl_v1.py for tasks to queue
[2024-05-28T16:59:21.171+0000] {logging_mixin.py:188} INFO - [2024-05-28T16:59:21.170+0000] {dagbag.py:545} INFO - Filling up the DagBag from /opt/airflow/dags/recalls_etl_v1.py
[2024-05-28T16:59:24.515+0000] {processor.py:840} INFO - DAG(s) 'recalls_etl_v1' retrieved from /opt/airflow/dags/recalls_etl_v1.py
[2024-05-28T16:59:24.822+0000] {logging_mixin.py:188} INFO - [2024-05-28T16:59:24.816+0000] {dag.py:3096} INFO - Sync 1 DAGs
[2024-05-28T16:59:24.837+0000] {logging_mixin.py:188} INFO - [2024-05-28T16:59:24.837+0000] {dag.py:3954} INFO - Setting next_dagrun for recalls_etl_v1 to None, run_after=None
[2024-05-28T16:59:24.860+0000] {processor.py:183} INFO - Processing /opt/airflow/dags/recalls_etl_v1.py took 3.700 seconds
[2024-05-28T17:00:47.946+0000] {processor.py:161} INFO - Started process (PID=5450) to work on /opt/airflow/dags/recalls_etl_v1.py
[2024-05-28T17:00:48.023+0000] {processor.py:830} INFO - Processing file /opt/airflow/dags/recalls_etl_v1.py for tasks to queue
[2024-05-28T17:00:48.030+0000] {logging_mixin.py:188} INFO - [2024-05-28T17:00:48.027+0000] {dagbag.py:545} INFO - Filling up the DagBag from /opt/airflow/dags/recalls_etl_v1.py
[2024-05-28T17:00:53.381+0000] {processor.py:840} INFO - DAG(s) 'recalls_etl_v1' retrieved from /opt/airflow/dags/recalls_etl_v1.py
[2024-05-28T17:00:53.553+0000] {logging_mixin.py:188} INFO - [2024-05-28T17:00:53.553+0000] {dag.py:3096} INFO - Sync 1 DAGs
[2024-05-28T17:00:53.563+0000] {logging_mixin.py:188} INFO - [2024-05-28T17:00:53.563+0000] {dag.py:3954} INFO - Setting next_dagrun for recalls_etl_v1 to None, run_after=None
[2024-05-28T17:00:53.591+0000] {processor.py:183} INFO - Processing /opt/airflow/dags/recalls_etl_v1.py took 5.910 seconds
[2024-05-28T17:02:39.925+0000] {processor.py:161} INFO - Started process (PID=5521) to work on /opt/airflow/dags/recalls_etl_v1.py
[2024-05-28T17:02:41.095+0000] {processor.py:830} INFO - Processing file /opt/airflow/dags/recalls_etl_v1.py for tasks to queue
[2024-05-28T17:02:53.009+0000] {logging_mixin.py:188} INFO - [2024-05-28T17:02:45.044+0000] {dagbag.py:545} INFO - Filling up the DagBag from /opt/airflow/dags/recalls_etl_v1.py
[2024-05-28T17:04:52.970+0000] {processor.py:161} INFO - Started process (PID=5577) to work on /opt/airflow/dags/recalls_etl_v1.py
[2024-05-28T17:04:52.971+0000] {processor.py:830} INFO - Processing file /opt/airflow/dags/recalls_etl_v1.py for tasks to queue
[2024-05-28T17:04:52.972+0000] {logging_mixin.py:188} INFO - [2024-05-28T17:04:52.972+0000] {dagbag.py:545} INFO - Filling up the DagBag from /opt/airflow/dags/recalls_etl_v1.py
[2024-05-28T17:04:54.897+0000] {processor.py:840} INFO - DAG(s) 'recalls_etl_v1' retrieved from /opt/airflow/dags/recalls_etl_v1.py
[2024-05-28T17:04:55.017+0000] {logging_mixin.py:188} INFO - [2024-05-28T17:04:55.017+0000] {dag.py:3096} INFO - Sync 1 DAGs
[2024-05-28T17:04:55.025+0000] {logging_mixin.py:188} INFO - [2024-05-28T17:04:55.025+0000] {dag.py:3954} INFO - Setting next_dagrun for recalls_etl_v1 to None, run_after=None
[2024-05-28T17:04:55.049+0000] {processor.py:183} INFO - Processing /opt/airflow/dags/recalls_etl_v1.py took 2.084 seconds
[2024-05-28T17:05:25.359+0000] {processor.py:161} INFO - Started process (PID=5635) to work on /opt/airflow/dags/recalls_etl_v1.py
[2024-05-28T17:05:25.361+0000] {processor.py:830} INFO - Processing file /opt/airflow/dags/recalls_etl_v1.py for tasks to queue
[2024-05-28T17:05:25.362+0000] {logging_mixin.py:188} INFO - [2024-05-28T17:05:25.361+0000] {dagbag.py:545} INFO - Filling up the DagBag from /opt/airflow/dags/recalls_etl_v1.py
[2024-05-28T17:05:26.985+0000] {processor.py:840} INFO - DAG(s) 'recalls_etl_v1' retrieved from /opt/airflow/dags/recalls_etl_v1.py
[2024-05-28T17:05:27.072+0000] {logging_mixin.py:188} INFO - [2024-05-28T17:05:27.070+0000] {dag.py:3096} INFO - Sync 1 DAGs
[2024-05-28T17:05:27.084+0000] {logging_mixin.py:188} INFO - [2024-05-28T17:05:27.084+0000] {dag.py:3954} INFO - Setting next_dagrun for recalls_etl_v1 to None, run_after=None
[2024-05-28T17:05:27.104+0000] {processor.py:183} INFO - Processing /opt/airflow/dags/recalls_etl_v1.py took 1.751 seconds
[2024-05-28T17:06:55.471+0000] {processor.py:161} INFO - Started process (PID=5698) to work on /opt/airflow/dags/recalls_etl_v1.py
[2024-05-28T17:06:55.474+0000] {processor.py:830} INFO - Processing file /opt/airflow/dags/recalls_etl_v1.py for tasks to queue
[2024-05-28T17:06:55.491+0000] {logging_mixin.py:188} INFO - [2024-05-28T17:06:55.488+0000] {dagbag.py:545} INFO - Filling up the DagBag from /opt/airflow/dags/recalls_etl_v1.py
[2024-05-28T17:07:03.370+0000] {processor.py:840} INFO - DAG(s) 'recalls_etl_v1' retrieved from /opt/airflow/dags/recalls_etl_v1.py
[2024-05-28T17:07:03.463+0000] {logging_mixin.py:188} INFO - [2024-05-28T17:07:03.462+0000] {dag.py:3096} INFO - Sync 1 DAGs
[2024-05-28T17:07:03.498+0000] {logging_mixin.py:188} INFO - [2024-05-28T17:07:03.497+0000] {dag.py:3954} INFO - Setting next_dagrun for recalls_etl_v1 to None, run_after=None
[2024-05-28T17:07:03.617+0000] {processor.py:183} INFO - Processing /opt/airflow/dags/recalls_etl_v1.py took 8.176 seconds
[2024-05-28T17:07:34.133+0000] {processor.py:161} INFO - Started process (PID=5766) to work on /opt/airflow/dags/recalls_etl_v1.py
[2024-05-28T17:07:34.134+0000] {processor.py:830} INFO - Processing file /opt/airflow/dags/recalls_etl_v1.py for tasks to queue
[2024-05-28T17:07:34.135+0000] {logging_mixin.py:188} INFO - [2024-05-28T17:07:34.134+0000] {dagbag.py:545} INFO - Filling up the DagBag from /opt/airflow/dags/recalls_etl_v1.py
[2024-05-28T17:07:34.612+0000] {processor.py:840} INFO - DAG(s) 'recalls_etl_v1' retrieved from /opt/airflow/dags/recalls_etl_v1.py
[2024-05-28T17:07:34.632+0000] {logging_mixin.py:188} INFO - [2024-05-28T17:07:34.632+0000] {dag.py:3096} INFO - Sync 1 DAGs
[2024-05-28T17:07:34.642+0000] {logging_mixin.py:188} INFO - [2024-05-28T17:07:34.642+0000] {dag.py:3954} INFO - Setting next_dagrun for recalls_etl_v1 to None, run_after=None
[2024-05-28T17:07:34.665+0000] {processor.py:183} INFO - Processing /opt/airflow/dags/recalls_etl_v1.py took 0.539 seconds
[2024-05-28T17:08:04.723+0000] {processor.py:161} INFO - Started process (PID=5829) to work on /opt/airflow/dags/recalls_etl_v1.py
[2024-05-28T17:08:04.724+0000] {processor.py:830} INFO - Processing file /opt/airflow/dags/recalls_etl_v1.py for tasks to queue
[2024-05-28T17:08:04.725+0000] {logging_mixin.py:188} INFO - [2024-05-28T17:08:04.725+0000] {dagbag.py:545} INFO - Filling up the DagBag from /opt/airflow/dags/recalls_etl_v1.py
[2024-05-28T17:08:05.168+0000] {processor.py:840} INFO - DAG(s) 'recalls_etl_v1' retrieved from /opt/airflow/dags/recalls_etl_v1.py
[2024-05-28T17:08:05.184+0000] {logging_mixin.py:188} INFO - [2024-05-28T17:08:05.183+0000] {dag.py:3096} INFO - Sync 1 DAGs
[2024-05-28T17:08:05.193+0000] {logging_mixin.py:188} INFO - [2024-05-28T17:08:05.193+0000] {dag.py:3954} INFO - Setting next_dagrun for recalls_etl_v1 to None, run_after=None
[2024-05-28T17:08:05.213+0000] {processor.py:183} INFO - Processing /opt/airflow/dags/recalls_etl_v1.py took 0.495 seconds
[2024-05-28T17:08:35.865+0000] {processor.py:161} INFO - Started process (PID=5889) to work on /opt/airflow/dags/recalls_etl_v1.py
[2024-05-28T17:08:35.867+0000] {processor.py:830} INFO - Processing file /opt/airflow/dags/recalls_etl_v1.py for tasks to queue
[2024-05-28T17:08:35.868+0000] {logging_mixin.py:188} INFO - [2024-05-28T17:08:35.868+0000] {dagbag.py:545} INFO - Filling up the DagBag from /opt/airflow/dags/recalls_etl_v1.py
[2024-05-28T17:08:36.514+0000] {processor.py:840} INFO - DAG(s) 'recalls_etl_v1' retrieved from /opt/airflow/dags/recalls_etl_v1.py
[2024-05-28T17:08:36.533+0000] {logging_mixin.py:188} INFO - [2024-05-28T17:08:36.533+0000] {dag.py:3096} INFO - Sync 1 DAGs
[2024-05-28T17:08:36.544+0000] {logging_mixin.py:188} INFO - [2024-05-28T17:08:36.543+0000] {dag.py:3954} INFO - Setting next_dagrun for recalls_etl_v1 to None, run_after=None
[2024-05-28T17:08:36.564+0000] {processor.py:183} INFO - Processing /opt/airflow/dags/recalls_etl_v1.py took 0.705 seconds
