[2024-05-29T01:09:34.433+0000] {processor.py:161} INFO - Started process (PID=53) to work on /home/airflow/.local/lib/python3.12/site-packages/airflow/example_dags/example_sensors.py
[2024-05-29T01:09:34.438+0000] {processor.py:830} INFO - Processing file /home/airflow/.local/lib/python3.12/site-packages/airflow/example_dags/example_sensors.py for tasks to queue
[2024-05-29T01:09:34.446+0000] {logging_mixin.py:188} INFO - [2024-05-29T01:09:34.445+0000] {dagbag.py:545} INFO - Filling up the DagBag from /home/airflow/.local/lib/python3.12/site-packages/airflow/example_dags/example_sensors.py
[2024-05-29T01:09:34.474+0000] {processor.py:840} INFO - DAG(s) 'example_sensors' retrieved from /home/airflow/.local/lib/python3.12/site-packages/airflow/example_dags/example_sensors.py
[2024-05-29T01:09:34.726+0000] {logging_mixin.py:188} INFO - [2024-05-29T01:09:34.723+0000] {override.py:1829} INFO - Created Permission View: can edit on DAG:example_sensors
[2024-05-29T01:09:34.770+0000] {logging_mixin.py:188} INFO - [2024-05-29T01:09:34.770+0000] {override.py:1829} INFO - Created Permission View: can delete on DAG:example_sensors
[2024-05-29T01:09:34.791+0000] {logging_mixin.py:188} INFO - [2024-05-29T01:09:34.790+0000] {override.py:1829} INFO - Created Permission View: can read on DAG:example_sensors
[2024-05-29T01:09:34.792+0000] {logging_mixin.py:188} INFO - [2024-05-29T01:09:34.791+0000] {dag.py:3096} INFO - Sync 1 DAGs
[2024-05-29T01:09:34.859+0000] {logging_mixin.py:188} INFO - [2024-05-29T01:09:34.859+0000] {dag.py:3118} INFO - Creating ORM DAG for example_sensors
[2024-05-29T01:09:34.869+0000] {logging_mixin.py:188} INFO - [2024-05-29T01:09:34.868+0000] {dag.py:3954} INFO - Setting next_dagrun for example_sensors to None, run_after=None
[2024-05-29T01:09:34.951+0000] {processor.py:183} INFO - Processing /home/airflow/.local/lib/python3.12/site-packages/airflow/example_dags/example_sensors.py took 0.547 seconds
[2024-05-29T01:10:05.833+0000] {processor.py:161} INFO - Started process (PID=113) to work on /home/airflow/.local/lib/python3.12/site-packages/airflow/example_dags/example_sensors.py
[2024-05-29T01:10:05.835+0000] {processor.py:830} INFO - Processing file /home/airflow/.local/lib/python3.12/site-packages/airflow/example_dags/example_sensors.py for tasks to queue
[2024-05-29T01:10:05.839+0000] {logging_mixin.py:188} INFO - [2024-05-29T01:10:05.839+0000] {dagbag.py:545} INFO - Filling up the DagBag from /home/airflow/.local/lib/python3.12/site-packages/airflow/example_dags/example_sensors.py
[2024-05-29T01:10:05.852+0000] {processor.py:840} INFO - DAG(s) 'example_sensors' retrieved from /home/airflow/.local/lib/python3.12/site-packages/airflow/example_dags/example_sensors.py
[2024-05-29T01:10:05.890+0000] {logging_mixin.py:188} INFO - [2024-05-29T01:10:05.889+0000] {dag.py:3096} INFO - Sync 1 DAGs
[2024-05-29T01:10:05.913+0000] {logging_mixin.py:188} INFO - [2024-05-29T01:10:05.912+0000] {dag.py:3954} INFO - Setting next_dagrun for example_sensors to None, run_after=None
[2024-05-29T01:10:05.946+0000] {processor.py:183} INFO - Processing /home/airflow/.local/lib/python3.12/site-packages/airflow/example_dags/example_sensors.py took 0.127 seconds
[2024-05-29T01:10:36.388+0000] {processor.py:161} INFO - Started process (PID=173) to work on /home/airflow/.local/lib/python3.12/site-packages/airflow/example_dags/example_sensors.py
[2024-05-29T01:10:36.390+0000] {processor.py:830} INFO - Processing file /home/airflow/.local/lib/python3.12/site-packages/airflow/example_dags/example_sensors.py for tasks to queue
[2024-05-29T01:10:36.395+0000] {logging_mixin.py:188} INFO - [2024-05-29T01:10:36.393+0000] {dagbag.py:545} INFO - Filling up the DagBag from /home/airflow/.local/lib/python3.12/site-packages/airflow/example_dags/example_sensors.py
[2024-05-29T01:10:36.413+0000] {processor.py:840} INFO - DAG(s) 'example_sensors' retrieved from /home/airflow/.local/lib/python3.12/site-packages/airflow/example_dags/example_sensors.py
[2024-05-29T01:10:36.455+0000] {logging_mixin.py:188} INFO - [2024-05-29T01:10:36.454+0000] {dag.py:3096} INFO - Sync 1 DAGs
[2024-05-29T01:10:36.481+0000] {logging_mixin.py:188} INFO - [2024-05-29T01:10:36.480+0000] {dag.py:3954} INFO - Setting next_dagrun for example_sensors to None, run_after=None
[2024-05-29T01:10:36.525+0000] {processor.py:183} INFO - Processing /home/airflow/.local/lib/python3.12/site-packages/airflow/example_dags/example_sensors.py took 0.146 seconds
[2024-05-29T01:11:07.323+0000] {processor.py:161} INFO - Started process (PID=233) to work on /home/airflow/.local/lib/python3.12/site-packages/airflow/example_dags/example_sensors.py
[2024-05-29T01:11:07.324+0000] {processor.py:830} INFO - Processing file /home/airflow/.local/lib/python3.12/site-packages/airflow/example_dags/example_sensors.py for tasks to queue
[2024-05-29T01:11:07.328+0000] {logging_mixin.py:188} INFO - [2024-05-29T01:11:07.328+0000] {dagbag.py:545} INFO - Filling up the DagBag from /home/airflow/.local/lib/python3.12/site-packages/airflow/example_dags/example_sensors.py
[2024-05-29T01:11:07.342+0000] {processor.py:840} INFO - DAG(s) 'example_sensors' retrieved from /home/airflow/.local/lib/python3.12/site-packages/airflow/example_dags/example_sensors.py
[2024-05-29T01:11:07.375+0000] {logging_mixin.py:188} INFO - [2024-05-29T01:11:07.375+0000] {dag.py:3096} INFO - Sync 1 DAGs
[2024-05-29T01:11:07.393+0000] {logging_mixin.py:188} INFO - [2024-05-29T01:11:07.392+0000] {dag.py:3954} INFO - Setting next_dagrun for example_sensors to None, run_after=None
[2024-05-29T01:11:07.419+0000] {processor.py:183} INFO - Processing /home/airflow/.local/lib/python3.12/site-packages/airflow/example_dags/example_sensors.py took 0.104 seconds
[2024-05-29T01:11:37.605+0000] {processor.py:161} INFO - Started process (PID=294) to work on /home/airflow/.local/lib/python3.12/site-packages/airflow/example_dags/example_sensors.py
[2024-05-29T01:11:37.606+0000] {processor.py:830} INFO - Processing file /home/airflow/.local/lib/python3.12/site-packages/airflow/example_dags/example_sensors.py for tasks to queue
[2024-05-29T01:11:37.608+0000] {logging_mixin.py:188} INFO - [2024-05-29T01:11:37.608+0000] {dagbag.py:545} INFO - Filling up the DagBag from /home/airflow/.local/lib/python3.12/site-packages/airflow/example_dags/example_sensors.py
[2024-05-29T01:11:37.621+0000] {processor.py:840} INFO - DAG(s) 'example_sensors' retrieved from /home/airflow/.local/lib/python3.12/site-packages/airflow/example_dags/example_sensors.py
[2024-05-29T01:11:37.658+0000] {logging_mixin.py:188} INFO - [2024-05-29T01:11:37.658+0000] {dag.py:3096} INFO - Sync 1 DAGs
[2024-05-29T01:11:37.678+0000] {logging_mixin.py:188} INFO - [2024-05-29T01:11:37.678+0000] {dag.py:3954} INFO - Setting next_dagrun for example_sensors to None, run_after=None
[2024-05-29T01:11:37.711+0000] {processor.py:183} INFO - Processing /home/airflow/.local/lib/python3.12/site-packages/airflow/example_dags/example_sensors.py took 0.113 seconds
[2024-05-29T01:12:08.101+0000] {processor.py:161} INFO - Started process (PID=354) to work on /home/airflow/.local/lib/python3.12/site-packages/airflow/example_dags/example_sensors.py
[2024-05-29T01:12:08.103+0000] {processor.py:830} INFO - Processing file /home/airflow/.local/lib/python3.12/site-packages/airflow/example_dags/example_sensors.py for tasks to queue
[2024-05-29T01:12:08.106+0000] {logging_mixin.py:188} INFO - [2024-05-29T01:12:08.105+0000] {dagbag.py:545} INFO - Filling up the DagBag from /home/airflow/.local/lib/python3.12/site-packages/airflow/example_dags/example_sensors.py
[2024-05-29T01:12:08.118+0000] {processor.py:840} INFO - DAG(s) 'example_sensors' retrieved from /home/airflow/.local/lib/python3.12/site-packages/airflow/example_dags/example_sensors.py
[2024-05-29T01:12:08.155+0000] {logging_mixin.py:188} INFO - [2024-05-29T01:12:08.155+0000] {dag.py:3096} INFO - Sync 1 DAGs
[2024-05-29T01:12:08.172+0000] {logging_mixin.py:188} INFO - [2024-05-29T01:12:08.172+0000] {dag.py:3954} INFO - Setting next_dagrun for example_sensors to None, run_after=None
[2024-05-29T01:12:08.201+0000] {processor.py:183} INFO - Processing /home/airflow/.local/lib/python3.12/site-packages/airflow/example_dags/example_sensors.py took 0.111 seconds
[2024-05-29T01:12:38.271+0000] {processor.py:161} INFO - Started process (PID=414) to work on /home/airflow/.local/lib/python3.12/site-packages/airflow/example_dags/example_sensors.py
[2024-05-29T01:12:38.273+0000] {processor.py:830} INFO - Processing file /home/airflow/.local/lib/python3.12/site-packages/airflow/example_dags/example_sensors.py for tasks to queue
[2024-05-29T01:12:38.275+0000] {logging_mixin.py:188} INFO - [2024-05-29T01:12:38.275+0000] {dagbag.py:545} INFO - Filling up the DagBag from /home/airflow/.local/lib/python3.12/site-packages/airflow/example_dags/example_sensors.py
[2024-05-29T01:12:38.288+0000] {processor.py:840} INFO - DAG(s) 'example_sensors' retrieved from /home/airflow/.local/lib/python3.12/site-packages/airflow/example_dags/example_sensors.py
[2024-05-29T01:12:38.321+0000] {logging_mixin.py:188} INFO - [2024-05-29T01:12:38.321+0000] {dag.py:3096} INFO - Sync 1 DAGs
[2024-05-29T01:12:38.340+0000] {logging_mixin.py:188} INFO - [2024-05-29T01:12:38.340+0000] {dag.py:3954} INFO - Setting next_dagrun for example_sensors to None, run_after=None
[2024-05-29T01:12:38.368+0000] {processor.py:183} INFO - Processing /home/airflow/.local/lib/python3.12/site-packages/airflow/example_dags/example_sensors.py took 0.105 seconds
[2024-05-29T01:13:09.380+0000] {processor.py:161} INFO - Started process (PID=474) to work on /home/airflow/.local/lib/python3.12/site-packages/airflow/example_dags/example_sensors.py
[2024-05-29T01:13:09.386+0000] {processor.py:830} INFO - Processing file /home/airflow/.local/lib/python3.12/site-packages/airflow/example_dags/example_sensors.py for tasks to queue
[2024-05-29T01:13:09.399+0000] {logging_mixin.py:188} INFO - [2024-05-29T01:13:09.399+0000] {dagbag.py:545} INFO - Filling up the DagBag from /home/airflow/.local/lib/python3.12/site-packages/airflow/example_dags/example_sensors.py
[2024-05-29T01:13:09.459+0000] {processor.py:840} INFO - DAG(s) 'example_sensors' retrieved from /home/airflow/.local/lib/python3.12/site-packages/airflow/example_dags/example_sensors.py
[2024-05-29T01:13:09.567+0000] {logging_mixin.py:188} INFO - [2024-05-29T01:13:09.567+0000] {dag.py:3096} INFO - Sync 1 DAGs
[2024-05-29T01:13:09.631+0000] {logging_mixin.py:188} INFO - [2024-05-29T01:13:09.630+0000] {dag.py:3954} INFO - Setting next_dagrun for example_sensors to None, run_after=None
[2024-05-29T01:13:09.681+0000] {processor.py:183} INFO - Processing /home/airflow/.local/lib/python3.12/site-packages/airflow/example_dags/example_sensors.py took 0.351 seconds
[2024-05-29T01:13:40.482+0000] {processor.py:161} INFO - Started process (PID=533) to work on /home/airflow/.local/lib/python3.12/site-packages/airflow/example_dags/example_sensors.py
[2024-05-29T01:13:40.483+0000] {processor.py:830} INFO - Processing file /home/airflow/.local/lib/python3.12/site-packages/airflow/example_dags/example_sensors.py for tasks to queue
[2024-05-29T01:13:40.486+0000] {logging_mixin.py:188} INFO - [2024-05-29T01:13:40.485+0000] {dagbag.py:545} INFO - Filling up the DagBag from /home/airflow/.local/lib/python3.12/site-packages/airflow/example_dags/example_sensors.py
[2024-05-29T01:13:40.498+0000] {processor.py:840} INFO - DAG(s) 'example_sensors' retrieved from /home/airflow/.local/lib/python3.12/site-packages/airflow/example_dags/example_sensors.py
[2024-05-29T01:13:40.533+0000] {logging_mixin.py:188} INFO - [2024-05-29T01:13:40.532+0000] {dag.py:3096} INFO - Sync 1 DAGs
[2024-05-29T01:13:40.548+0000] {logging_mixin.py:188} INFO - [2024-05-29T01:13:40.548+0000] {dag.py:3954} INFO - Setting next_dagrun for example_sensors to None, run_after=None
[2024-05-29T01:13:40.574+0000] {processor.py:183} INFO - Processing /home/airflow/.local/lib/python3.12/site-packages/airflow/example_dags/example_sensors.py took 0.098 seconds
[2024-05-29T01:14:10.671+0000] {processor.py:161} INFO - Started process (PID=592) to work on /home/airflow/.local/lib/python3.12/site-packages/airflow/example_dags/example_sensors.py
[2024-05-29T01:14:10.672+0000] {processor.py:830} INFO - Processing file /home/airflow/.local/lib/python3.12/site-packages/airflow/example_dags/example_sensors.py for tasks to queue
[2024-05-29T01:14:10.674+0000] {logging_mixin.py:188} INFO - [2024-05-29T01:14:10.674+0000] {dagbag.py:545} INFO - Filling up the DagBag from /home/airflow/.local/lib/python3.12/site-packages/airflow/example_dags/example_sensors.py
[2024-05-29T01:14:10.683+0000] {processor.py:840} INFO - DAG(s) 'example_sensors' retrieved from /home/airflow/.local/lib/python3.12/site-packages/airflow/example_dags/example_sensors.py
[2024-05-29T01:14:10.710+0000] {logging_mixin.py:188} INFO - [2024-05-29T01:14:10.709+0000] {dag.py:3096} INFO - Sync 1 DAGs
[2024-05-29T01:14:10.727+0000] {logging_mixin.py:188} INFO - [2024-05-29T01:14:10.726+0000] {dag.py:3954} INFO - Setting next_dagrun for example_sensors to None, run_after=None
[2024-05-29T01:14:10.754+0000] {processor.py:183} INFO - Processing /home/airflow/.local/lib/python3.12/site-packages/airflow/example_dags/example_sensors.py took 0.088 seconds
[2024-05-29T01:14:40.923+0000] {processor.py:161} INFO - Started process (PID=652) to work on /home/airflow/.local/lib/python3.12/site-packages/airflow/example_dags/example_sensors.py
[2024-05-29T01:14:40.924+0000] {processor.py:830} INFO - Processing file /home/airflow/.local/lib/python3.12/site-packages/airflow/example_dags/example_sensors.py for tasks to queue
[2024-05-29T01:14:40.926+0000] {logging_mixin.py:188} INFO - [2024-05-29T01:14:40.926+0000] {dagbag.py:545} INFO - Filling up the DagBag from /home/airflow/.local/lib/python3.12/site-packages/airflow/example_dags/example_sensors.py
[2024-05-29T01:14:40.938+0000] {processor.py:840} INFO - DAG(s) 'example_sensors' retrieved from /home/airflow/.local/lib/python3.12/site-packages/airflow/example_dags/example_sensors.py
[2024-05-29T01:14:40.971+0000] {logging_mixin.py:188} INFO - [2024-05-29T01:14:40.970+0000] {dag.py:3096} INFO - Sync 1 DAGs
[2024-05-29T01:14:40.986+0000] {logging_mixin.py:188} INFO - [2024-05-29T01:14:40.986+0000] {dag.py:3954} INFO - Setting next_dagrun for example_sensors to None, run_after=None
[2024-05-29T01:14:41.017+0000] {processor.py:183} INFO - Processing /home/airflow/.local/lib/python3.12/site-packages/airflow/example_dags/example_sensors.py took 0.100 seconds
[2024-05-29T01:15:11.412+0000] {processor.py:161} INFO - Started process (PID=712) to work on /home/airflow/.local/lib/python3.12/site-packages/airflow/example_dags/example_sensors.py
[2024-05-29T01:15:11.413+0000] {processor.py:830} INFO - Processing file /home/airflow/.local/lib/python3.12/site-packages/airflow/example_dags/example_sensors.py for tasks to queue
[2024-05-29T01:15:11.416+0000] {logging_mixin.py:188} INFO - [2024-05-29T01:15:11.415+0000] {dagbag.py:545} INFO - Filling up the DagBag from /home/airflow/.local/lib/python3.12/site-packages/airflow/example_dags/example_sensors.py
[2024-05-29T01:15:11.428+0000] {processor.py:840} INFO - DAG(s) 'example_sensors' retrieved from /home/airflow/.local/lib/python3.12/site-packages/airflow/example_dags/example_sensors.py
[2024-05-29T01:15:11.455+0000] {logging_mixin.py:188} INFO - [2024-05-29T01:15:11.455+0000] {dag.py:3096} INFO - Sync 1 DAGs
[2024-05-29T01:15:11.468+0000] {logging_mixin.py:188} INFO - [2024-05-29T01:15:11.467+0000] {dag.py:3954} INFO - Setting next_dagrun for example_sensors to None, run_after=None
[2024-05-29T01:15:11.489+0000] {processor.py:183} INFO - Processing /home/airflow/.local/lib/python3.12/site-packages/airflow/example_dags/example_sensors.py took 0.084 seconds
[2024-05-29T01:15:41.720+0000] {processor.py:161} INFO - Started process (PID=772) to work on /home/airflow/.local/lib/python3.12/site-packages/airflow/example_dags/example_sensors.py
[2024-05-29T01:15:41.722+0000] {processor.py:830} INFO - Processing file /home/airflow/.local/lib/python3.12/site-packages/airflow/example_dags/example_sensors.py for tasks to queue
[2024-05-29T01:15:41.725+0000] {logging_mixin.py:188} INFO - [2024-05-29T01:15:41.724+0000] {dagbag.py:545} INFO - Filling up the DagBag from /home/airflow/.local/lib/python3.12/site-packages/airflow/example_dags/example_sensors.py
[2024-05-29T01:15:41.735+0000] {processor.py:840} INFO - DAG(s) 'example_sensors' retrieved from /home/airflow/.local/lib/python3.12/site-packages/airflow/example_dags/example_sensors.py
[2024-05-29T01:15:41.768+0000] {logging_mixin.py:188} INFO - [2024-05-29T01:15:41.768+0000] {dag.py:3096} INFO - Sync 1 DAGs
[2024-05-29T01:15:41.781+0000] {logging_mixin.py:188} INFO - [2024-05-29T01:15:41.781+0000] {dag.py:3954} INFO - Setting next_dagrun for example_sensors to None, run_after=None
[2024-05-29T01:15:41.807+0000] {processor.py:183} INFO - Processing /home/airflow/.local/lib/python3.12/site-packages/airflow/example_dags/example_sensors.py took 0.093 seconds
[2024-05-29T01:16:12.033+0000] {processor.py:161} INFO - Started process (PID=832) to work on /home/airflow/.local/lib/python3.12/site-packages/airflow/example_dags/example_sensors.py
[2024-05-29T01:16:12.035+0000] {processor.py:830} INFO - Processing file /home/airflow/.local/lib/python3.12/site-packages/airflow/example_dags/example_sensors.py for tasks to queue
[2024-05-29T01:16:12.038+0000] {logging_mixin.py:188} INFO - [2024-05-29T01:16:12.037+0000] {dagbag.py:545} INFO - Filling up the DagBag from /home/airflow/.local/lib/python3.12/site-packages/airflow/example_dags/example_sensors.py
[2024-05-29T01:16:12.055+0000] {processor.py:840} INFO - DAG(s) 'example_sensors' retrieved from /home/airflow/.local/lib/python3.12/site-packages/airflow/example_dags/example_sensors.py
[2024-05-29T01:16:12.100+0000] {logging_mixin.py:188} INFO - [2024-05-29T01:16:12.099+0000] {dag.py:3096} INFO - Sync 1 DAGs
[2024-05-29T01:16:12.122+0000] {logging_mixin.py:188} INFO - [2024-05-29T01:16:12.121+0000] {dag.py:3954} INFO - Setting next_dagrun for example_sensors to None, run_after=None
[2024-05-29T01:16:12.155+0000] {processor.py:183} INFO - Processing /home/airflow/.local/lib/python3.12/site-packages/airflow/example_dags/example_sensors.py took 0.131 seconds
[2024-05-29T01:16:42.323+0000] {processor.py:161} INFO - Started process (PID=894) to work on /home/airflow/.local/lib/python3.12/site-packages/airflow/example_dags/example_sensors.py
[2024-05-29T01:16:42.324+0000] {processor.py:830} INFO - Processing file /home/airflow/.local/lib/python3.12/site-packages/airflow/example_dags/example_sensors.py for tasks to queue
[2024-05-29T01:16:42.327+0000] {logging_mixin.py:188} INFO - [2024-05-29T01:16:42.326+0000] {dagbag.py:545} INFO - Filling up the DagBag from /home/airflow/.local/lib/python3.12/site-packages/airflow/example_dags/example_sensors.py
[2024-05-29T01:16:42.340+0000] {processor.py:840} INFO - DAG(s) 'example_sensors' retrieved from /home/airflow/.local/lib/python3.12/site-packages/airflow/example_dags/example_sensors.py
[2024-05-29T01:16:42.370+0000] {logging_mixin.py:188} INFO - [2024-05-29T01:16:42.370+0000] {dag.py:3096} INFO - Sync 1 DAGs
[2024-05-29T01:16:42.390+0000] {logging_mixin.py:188} INFO - [2024-05-29T01:16:42.389+0000] {dag.py:3954} INFO - Setting next_dagrun for example_sensors to None, run_after=None
[2024-05-29T01:16:42.420+0000] {processor.py:183} INFO - Processing /home/airflow/.local/lib/python3.12/site-packages/airflow/example_dags/example_sensors.py took 0.104 seconds
[2024-05-29T01:17:13.005+0000] {processor.py:161} INFO - Started process (PID=954) to work on /home/airflow/.local/lib/python3.12/site-packages/airflow/example_dags/example_sensors.py
[2024-05-29T01:17:13.006+0000] {processor.py:830} INFO - Processing file /home/airflow/.local/lib/python3.12/site-packages/airflow/example_dags/example_sensors.py for tasks to queue
[2024-05-29T01:17:13.008+0000] {logging_mixin.py:188} INFO - [2024-05-29T01:17:13.008+0000] {dagbag.py:545} INFO - Filling up the DagBag from /home/airflow/.local/lib/python3.12/site-packages/airflow/example_dags/example_sensors.py
[2024-05-29T01:17:13.019+0000] {processor.py:840} INFO - DAG(s) 'example_sensors' retrieved from /home/airflow/.local/lib/python3.12/site-packages/airflow/example_dags/example_sensors.py
[2024-05-29T01:17:13.060+0000] {logging_mixin.py:188} INFO - [2024-05-29T01:17:13.059+0000] {dag.py:3096} INFO - Sync 1 DAGs
[2024-05-29T01:17:13.090+0000] {logging_mixin.py:188} INFO - [2024-05-29T01:17:13.090+0000] {dag.py:3954} INFO - Setting next_dagrun for example_sensors to None, run_after=None
[2024-05-29T01:17:13.125+0000] {processor.py:183} INFO - Processing /home/airflow/.local/lib/python3.12/site-packages/airflow/example_dags/example_sensors.py took 0.126 seconds
[2024-05-29T01:17:43.525+0000] {processor.py:161} INFO - Started process (PID=1019) to work on /home/airflow/.local/lib/python3.12/site-packages/airflow/example_dags/example_sensors.py
[2024-05-29T01:17:43.526+0000] {processor.py:830} INFO - Processing file /home/airflow/.local/lib/python3.12/site-packages/airflow/example_dags/example_sensors.py for tasks to queue
[2024-05-29T01:17:43.528+0000] {logging_mixin.py:188} INFO - [2024-05-29T01:17:43.528+0000] {dagbag.py:545} INFO - Filling up the DagBag from /home/airflow/.local/lib/python3.12/site-packages/airflow/example_dags/example_sensors.py
[2024-05-29T01:17:43.539+0000] {processor.py:840} INFO - DAG(s) 'example_sensors' retrieved from /home/airflow/.local/lib/python3.12/site-packages/airflow/example_dags/example_sensors.py
[2024-05-29T01:17:43.574+0000] {logging_mixin.py:188} INFO - [2024-05-29T01:17:43.573+0000] {dag.py:3096} INFO - Sync 1 DAGs
[2024-05-29T01:17:43.594+0000] {logging_mixin.py:188} INFO - [2024-05-29T01:17:43.593+0000] {dag.py:3954} INFO - Setting next_dagrun for example_sensors to None, run_after=None
[2024-05-29T01:17:43.629+0000] {processor.py:183} INFO - Processing /home/airflow/.local/lib/python3.12/site-packages/airflow/example_dags/example_sensors.py took 0.111 seconds
[2024-05-29T01:18:13.903+0000] {processor.py:161} INFO - Started process (PID=1079) to work on /home/airflow/.local/lib/python3.12/site-packages/airflow/example_dags/example_sensors.py
[2024-05-29T01:18:13.905+0000] {processor.py:830} INFO - Processing file /home/airflow/.local/lib/python3.12/site-packages/airflow/example_dags/example_sensors.py for tasks to queue
[2024-05-29T01:18:13.907+0000] {logging_mixin.py:188} INFO - [2024-05-29T01:18:13.907+0000] {dagbag.py:545} INFO - Filling up the DagBag from /home/airflow/.local/lib/python3.12/site-packages/airflow/example_dags/example_sensors.py
[2024-05-29T01:18:13.916+0000] {processor.py:840} INFO - DAG(s) 'example_sensors' retrieved from /home/airflow/.local/lib/python3.12/site-packages/airflow/example_dags/example_sensors.py
[2024-05-29T01:18:13.942+0000] {logging_mixin.py:188} INFO - [2024-05-29T01:18:13.941+0000] {dag.py:3096} INFO - Sync 1 DAGs
[2024-05-29T01:18:13.956+0000] {logging_mixin.py:188} INFO - [2024-05-29T01:18:13.955+0000] {dag.py:3954} INFO - Setting next_dagrun for example_sensors to None, run_after=None
[2024-05-29T01:18:13.981+0000] {processor.py:183} INFO - Processing /home/airflow/.local/lib/python3.12/site-packages/airflow/example_dags/example_sensors.py took 0.083 seconds
[2024-05-29T01:18:44.724+0000] {processor.py:161} INFO - Started process (PID=1139) to work on /home/airflow/.local/lib/python3.12/site-packages/airflow/example_dags/example_sensors.py
[2024-05-29T01:18:44.725+0000] {processor.py:830} INFO - Processing file /home/airflow/.local/lib/python3.12/site-packages/airflow/example_dags/example_sensors.py for tasks to queue
[2024-05-29T01:18:44.728+0000] {logging_mixin.py:188} INFO - [2024-05-29T01:18:44.728+0000] {dagbag.py:545} INFO - Filling up the DagBag from /home/airflow/.local/lib/python3.12/site-packages/airflow/example_dags/example_sensors.py
[2024-05-29T01:18:44.739+0000] {processor.py:840} INFO - DAG(s) 'example_sensors' retrieved from /home/airflow/.local/lib/python3.12/site-packages/airflow/example_dags/example_sensors.py
[2024-05-29T01:18:44.770+0000] {logging_mixin.py:188} INFO - [2024-05-29T01:18:44.770+0000] {dag.py:3096} INFO - Sync 1 DAGs
[2024-05-29T01:18:44.790+0000] {logging_mixin.py:188} INFO - [2024-05-29T01:18:44.789+0000] {dag.py:3954} INFO - Setting next_dagrun for example_sensors to None, run_after=None
[2024-05-29T01:18:44.821+0000] {processor.py:183} INFO - Processing /home/airflow/.local/lib/python3.12/site-packages/airflow/example_dags/example_sensors.py took 0.102 seconds
[2024-05-29T01:19:14.953+0000] {processor.py:161} INFO - Started process (PID=1199) to work on /home/airflow/.local/lib/python3.12/site-packages/airflow/example_dags/example_sensors.py
[2024-05-29T01:19:14.954+0000] {processor.py:830} INFO - Processing file /home/airflow/.local/lib/python3.12/site-packages/airflow/example_dags/example_sensors.py for tasks to queue
[2024-05-29T01:19:14.956+0000] {logging_mixin.py:188} INFO - [2024-05-29T01:19:14.956+0000] {dagbag.py:545} INFO - Filling up the DagBag from /home/airflow/.local/lib/python3.12/site-packages/airflow/example_dags/example_sensors.py
[2024-05-29T01:19:14.965+0000] {processor.py:840} INFO - DAG(s) 'example_sensors' retrieved from /home/airflow/.local/lib/python3.12/site-packages/airflow/example_dags/example_sensors.py
[2024-05-29T01:19:14.993+0000] {logging_mixin.py:188} INFO - [2024-05-29T01:19:14.993+0000] {dag.py:3096} INFO - Sync 1 DAGs
[2024-05-29T01:19:15.009+0000] {logging_mixin.py:188} INFO - [2024-05-29T01:19:15.009+0000] {dag.py:3954} INFO - Setting next_dagrun for example_sensors to None, run_after=None
[2024-05-29T01:19:15.032+0000] {processor.py:183} INFO - Processing /home/airflow/.local/lib/python3.12/site-packages/airflow/example_dags/example_sensors.py took 0.090 seconds
[2024-05-29T01:19:45.387+0000] {processor.py:161} INFO - Started process (PID=1259) to work on /home/airflow/.local/lib/python3.12/site-packages/airflow/example_dags/example_sensors.py
[2024-05-29T01:19:45.389+0000] {processor.py:830} INFO - Processing file /home/airflow/.local/lib/python3.12/site-packages/airflow/example_dags/example_sensors.py for tasks to queue
[2024-05-29T01:19:45.391+0000] {logging_mixin.py:188} INFO - [2024-05-29T01:19:45.391+0000] {dagbag.py:545} INFO - Filling up the DagBag from /home/airflow/.local/lib/python3.12/site-packages/airflow/example_dags/example_sensors.py
[2024-05-29T01:19:45.400+0000] {processor.py:840} INFO - DAG(s) 'example_sensors' retrieved from /home/airflow/.local/lib/python3.12/site-packages/airflow/example_dags/example_sensors.py
[2024-05-29T01:19:45.426+0000] {logging_mixin.py:188} INFO - [2024-05-29T01:19:45.426+0000] {dag.py:3096} INFO - Sync 1 DAGs
[2024-05-29T01:19:45.439+0000] {logging_mixin.py:188} INFO - [2024-05-29T01:19:45.439+0000] {dag.py:3954} INFO - Setting next_dagrun for example_sensors to None, run_after=None
[2024-05-29T01:19:45.463+0000] {processor.py:183} INFO - Processing /home/airflow/.local/lib/python3.12/site-packages/airflow/example_dags/example_sensors.py took 0.082 seconds
[2024-05-29T01:20:15.574+0000] {processor.py:161} INFO - Started process (PID=1319) to work on /home/airflow/.local/lib/python3.12/site-packages/airflow/example_dags/example_sensors.py
[2024-05-29T01:20:15.575+0000] {processor.py:830} INFO - Processing file /home/airflow/.local/lib/python3.12/site-packages/airflow/example_dags/example_sensors.py for tasks to queue
[2024-05-29T01:20:15.577+0000] {logging_mixin.py:188} INFO - [2024-05-29T01:20:15.577+0000] {dagbag.py:545} INFO - Filling up the DagBag from /home/airflow/.local/lib/python3.12/site-packages/airflow/example_dags/example_sensors.py
[2024-05-29T01:20:15.587+0000] {processor.py:840} INFO - DAG(s) 'example_sensors' retrieved from /home/airflow/.local/lib/python3.12/site-packages/airflow/example_dags/example_sensors.py
[2024-05-29T01:20:15.615+0000] {logging_mixin.py:188} INFO - [2024-05-29T01:20:15.614+0000] {dag.py:3096} INFO - Sync 1 DAGs
[2024-05-29T01:20:15.635+0000] {logging_mixin.py:188} INFO - [2024-05-29T01:20:15.635+0000] {dag.py:3954} INFO - Setting next_dagrun for example_sensors to None, run_after=None
[2024-05-29T01:20:15.661+0000] {processor.py:183} INFO - Processing /home/airflow/.local/lib/python3.12/site-packages/airflow/example_dags/example_sensors.py took 0.093 seconds
[2024-05-29T01:20:46.406+0000] {processor.py:161} INFO - Started process (PID=1379) to work on /home/airflow/.local/lib/python3.12/site-packages/airflow/example_dags/example_sensors.py
[2024-05-29T01:20:46.407+0000] {processor.py:830} INFO - Processing file /home/airflow/.local/lib/python3.12/site-packages/airflow/example_dags/example_sensors.py for tasks to queue
[2024-05-29T01:20:46.411+0000] {logging_mixin.py:188} INFO - [2024-05-29T01:20:46.409+0000] {dagbag.py:545} INFO - Filling up the DagBag from /home/airflow/.local/lib/python3.12/site-packages/airflow/example_dags/example_sensors.py
[2024-05-29T01:20:46.427+0000] {processor.py:840} INFO - DAG(s) 'example_sensors' retrieved from /home/airflow/.local/lib/python3.12/site-packages/airflow/example_dags/example_sensors.py
[2024-05-29T01:20:46.461+0000] {logging_mixin.py:188} INFO - [2024-05-29T01:20:46.461+0000] {dag.py:3096} INFO - Sync 1 DAGs
[2024-05-29T01:20:46.479+0000] {logging_mixin.py:188} INFO - [2024-05-29T01:20:46.479+0000] {dag.py:3954} INFO - Setting next_dagrun for example_sensors to None, run_after=None
[2024-05-29T01:20:46.504+0000] {processor.py:183} INFO - Processing /home/airflow/.local/lib/python3.12/site-packages/airflow/example_dags/example_sensors.py took 0.108 seconds
[2024-05-29T01:22:21.766+0000] {processor.py:161} INFO - Started process (PID=1425) to work on /home/airflow/.local/lib/python3.12/site-packages/airflow/example_dags/example_sensors.py
[2024-05-29T01:22:21.768+0000] {processor.py:830} INFO - Processing file /home/airflow/.local/lib/python3.12/site-packages/airflow/example_dags/example_sensors.py for tasks to queue
[2024-05-29T01:22:21.769+0000] {logging_mixin.py:188} INFO - [2024-05-29T01:22:21.769+0000] {dagbag.py:545} INFO - Filling up the DagBag from /home/airflow/.local/lib/python3.12/site-packages/airflow/example_dags/example_sensors.py
[2024-05-29T01:22:21.783+0000] {processor.py:840} INFO - DAG(s) 'example_sensors' retrieved from /home/airflow/.local/lib/python3.12/site-packages/airflow/example_dags/example_sensors.py
[2024-05-29T01:22:21.818+0000] {logging_mixin.py:188} INFO - [2024-05-29T01:22:21.818+0000] {dag.py:3096} INFO - Sync 1 DAGs
[2024-05-29T01:22:21.833+0000] {logging_mixin.py:188} INFO - [2024-05-29T01:22:21.833+0000] {dag.py:3954} INFO - Setting next_dagrun for example_sensors to None, run_after=None
[2024-05-29T01:22:21.860+0000] {processor.py:183} INFO - Processing /home/airflow/.local/lib/python3.12/site-packages/airflow/example_dags/example_sensors.py took 0.100 seconds
[2024-05-29T01:22:52.651+0000] {processor.py:161} INFO - Started process (PID=1485) to work on /home/airflow/.local/lib/python3.12/site-packages/airflow/example_dags/example_sensors.py
[2024-05-29T01:22:52.652+0000] {processor.py:830} INFO - Processing file /home/airflow/.local/lib/python3.12/site-packages/airflow/example_dags/example_sensors.py for tasks to queue
[2024-05-29T01:22:52.653+0000] {logging_mixin.py:188} INFO - [2024-05-29T01:22:52.653+0000] {dagbag.py:545} INFO - Filling up the DagBag from /home/airflow/.local/lib/python3.12/site-packages/airflow/example_dags/example_sensors.py
[2024-05-29T01:22:52.665+0000] {processor.py:840} INFO - DAG(s) 'example_sensors' retrieved from /home/airflow/.local/lib/python3.12/site-packages/airflow/example_dags/example_sensors.py
[2024-05-29T01:22:52.702+0000] {logging_mixin.py:188} INFO - [2024-05-29T01:22:52.702+0000] {dag.py:3096} INFO - Sync 1 DAGs
[2024-05-29T01:22:52.719+0000] {logging_mixin.py:188} INFO - [2024-05-29T01:22:52.718+0000] {dag.py:3954} INFO - Setting next_dagrun for example_sensors to None, run_after=None
[2024-05-29T01:22:52.748+0000] {processor.py:183} INFO - Processing /home/airflow/.local/lib/python3.12/site-packages/airflow/example_dags/example_sensors.py took 0.104 seconds
[2024-05-29T01:27:45.262+0000] {processor.py:161} INFO - Started process (PID=47) to work on /home/airflow/.local/lib/python3.12/site-packages/airflow/example_dags/example_sensors.py
[2024-05-29T01:27:45.263+0000] {processor.py:830} INFO - Processing file /home/airflow/.local/lib/python3.12/site-packages/airflow/example_dags/example_sensors.py for tasks to queue
[2024-05-29T01:27:45.265+0000] {logging_mixin.py:188} INFO - [2024-05-29T01:27:45.265+0000] {dagbag.py:545} INFO - Filling up the DagBag from /home/airflow/.local/lib/python3.12/site-packages/airflow/example_dags/example_sensors.py
[2024-05-29T01:27:45.276+0000] {processor.py:840} INFO - DAG(s) 'example_sensors' retrieved from /home/airflow/.local/lib/python3.12/site-packages/airflow/example_dags/example_sensors.py
[2024-05-29T01:27:45.309+0000] {logging_mixin.py:188} INFO - [2024-05-29T01:27:45.309+0000] {dag.py:3096} INFO - Sync 1 DAGs
[2024-05-29T01:27:45.321+0000] {logging_mixin.py:188} INFO - [2024-05-29T01:27:45.321+0000] {dag.py:3954} INFO - Setting next_dagrun for example_sensors to None, run_after=None
[2024-05-29T01:27:45.342+0000] {processor.py:183} INFO - Processing /home/airflow/.local/lib/python3.12/site-packages/airflow/example_dags/example_sensors.py took 0.087 seconds
[2024-05-29T01:28:15.420+0000] {processor.py:161} INFO - Started process (PID=106) to work on /home/airflow/.local/lib/python3.12/site-packages/airflow/example_dags/example_sensors.py
[2024-05-29T01:28:15.422+0000] {processor.py:830} INFO - Processing file /home/airflow/.local/lib/python3.12/site-packages/airflow/example_dags/example_sensors.py for tasks to queue
[2024-05-29T01:28:15.424+0000] {logging_mixin.py:188} INFO - [2024-05-29T01:28:15.424+0000] {dagbag.py:545} INFO - Filling up the DagBag from /home/airflow/.local/lib/python3.12/site-packages/airflow/example_dags/example_sensors.py
[2024-05-29T01:28:15.436+0000] {processor.py:840} INFO - DAG(s) 'example_sensors' retrieved from /home/airflow/.local/lib/python3.12/site-packages/airflow/example_dags/example_sensors.py
[2024-05-29T01:28:15.466+0000] {logging_mixin.py:188} INFO - [2024-05-29T01:28:15.465+0000] {dag.py:3096} INFO - Sync 1 DAGs
[2024-05-29T01:28:15.482+0000] {logging_mixin.py:188} INFO - [2024-05-29T01:28:15.482+0000] {dag.py:3954} INFO - Setting next_dagrun for example_sensors to None, run_after=None
[2024-05-29T01:28:15.509+0000] {processor.py:183} INFO - Processing /home/airflow/.local/lib/python3.12/site-packages/airflow/example_dags/example_sensors.py took 0.094 seconds
