[2024-05-29T01:09:43.477+0000] {processor.py:161} INFO - Started process (PID=82) to work on /home/airflow/.local/lib/python3.12/site-packages/airflow/example_dags/example_latest_only_with_trigger.py
[2024-05-29T01:09:43.479+0000] {processor.py:830} INFO - Processing file /home/airflow/.local/lib/python3.12/site-packages/airflow/example_dags/example_latest_only_with_trigger.py for tasks to queue
[2024-05-29T01:09:43.482+0000] {logging_mixin.py:188} INFO - [2024-05-29T01:09:43.481+0000] {dagbag.py:545} INFO - Filling up the DagBag from /home/airflow/.local/lib/python3.12/site-packages/airflow/example_dags/example_latest_only_with_trigger.py
[2024-05-29T01:09:43.492+0000] {processor.py:840} INFO - DAG(s) 'latest_only_with_trigger' retrieved from /home/airflow/.local/lib/python3.12/site-packages/airflow/example_dags/example_latest_only_with_trigger.py
[2024-05-29T01:09:43.648+0000] {logging_mixin.py:188} INFO - [2024-05-29T01:09:43.647+0000] {override.py:1829} INFO - Created Permission View: can edit on DAG:latest_only_with_trigger
[2024-05-29T01:09:43.662+0000] {logging_mixin.py:188} INFO - [2024-05-29T01:09:43.662+0000] {override.py:1829} INFO - Created Permission View: can delete on DAG:latest_only_with_trigger
[2024-05-29T01:09:43.672+0000] {logging_mixin.py:188} INFO - [2024-05-29T01:09:43.672+0000] {override.py:1829} INFO - Created Permission View: can read on DAG:latest_only_with_trigger
[2024-05-29T01:09:43.673+0000] {logging_mixin.py:188} INFO - [2024-05-29T01:09:43.673+0000] {dag.py:3096} INFO - Sync 1 DAGs
[2024-05-29T01:09:43.691+0000] {logging_mixin.py:188} INFO - [2024-05-29T01:09:43.691+0000] {dag.py:3118} INFO - Creating ORM DAG for latest_only_with_trigger
[2024-05-29T01:09:43.707+0000] {logging_mixin.py:188} INFO - [2024-05-29T01:09:43.706+0000] {dag.py:3954} INFO - Setting next_dagrun for latest_only_with_trigger to 2024-05-28 20:00:00+00:00, run_after=2024-05-29 00:00:00+00:00
[2024-05-29T01:09:43.735+0000] {processor.py:183} INFO - Processing /home/airflow/.local/lib/python3.12/site-packages/airflow/example_dags/example_latest_only_with_trigger.py took 0.266 seconds
[2024-05-29T01:10:14.243+0000] {processor.py:161} INFO - Started process (PID=142) to work on /home/airflow/.local/lib/python3.12/site-packages/airflow/example_dags/example_latest_only_with_trigger.py
[2024-05-29T01:10:14.245+0000] {processor.py:830} INFO - Processing file /home/airflow/.local/lib/python3.12/site-packages/airflow/example_dags/example_latest_only_with_trigger.py for tasks to queue
[2024-05-29T01:10:14.248+0000] {logging_mixin.py:188} INFO - [2024-05-29T01:10:14.247+0000] {dagbag.py:545} INFO - Filling up the DagBag from /home/airflow/.local/lib/python3.12/site-packages/airflow/example_dags/example_latest_only_with_trigger.py
[2024-05-29T01:10:14.257+0000] {processor.py:840} INFO - DAG(s) 'latest_only_with_trigger' retrieved from /home/airflow/.local/lib/python3.12/site-packages/airflow/example_dags/example_latest_only_with_trigger.py
[2024-05-29T01:10:14.295+0000] {logging_mixin.py:188} INFO - [2024-05-29T01:10:14.294+0000] {dag.py:3096} INFO - Sync 1 DAGs
[2024-05-29T01:10:14.334+0000] {logging_mixin.py:188} INFO - [2024-05-29T01:10:14.334+0000] {dag.py:3954} INFO - Setting next_dagrun for latest_only_with_trigger to 2024-05-28 20:00:00+00:00, run_after=2024-05-29 00:00:00+00:00
[2024-05-29T01:10:14.370+0000] {processor.py:183} INFO - Processing /home/airflow/.local/lib/python3.12/site-packages/airflow/example_dags/example_latest_only_with_trigger.py took 0.136 seconds
[2024-05-29T01:10:45.495+0000] {processor.py:161} INFO - Started process (PID=202) to work on /home/airflow/.local/lib/python3.12/site-packages/airflow/example_dags/example_latest_only_with_trigger.py
[2024-05-29T01:10:45.496+0000] {processor.py:830} INFO - Processing file /home/airflow/.local/lib/python3.12/site-packages/airflow/example_dags/example_latest_only_with_trigger.py for tasks to queue
[2024-05-29T01:10:45.500+0000] {logging_mixin.py:188} INFO - [2024-05-29T01:10:45.499+0000] {dagbag.py:545} INFO - Filling up the DagBag from /home/airflow/.local/lib/python3.12/site-packages/airflow/example_dags/example_latest_only_with_trigger.py
[2024-05-29T01:10:45.508+0000] {processor.py:840} INFO - DAG(s) 'latest_only_with_trigger' retrieved from /home/airflow/.local/lib/python3.12/site-packages/airflow/example_dags/example_latest_only_with_trigger.py
[2024-05-29T01:10:45.559+0000] {logging_mixin.py:188} INFO - [2024-05-29T01:10:45.558+0000] {dag.py:3096} INFO - Sync 1 DAGs
[2024-05-29T01:10:45.600+0000] {logging_mixin.py:188} INFO - [2024-05-29T01:10:45.600+0000] {dag.py:3954} INFO - Setting next_dagrun for latest_only_with_trigger to 2024-05-28 20:00:00+00:00, run_after=2024-05-29 00:00:00+00:00
[2024-05-29T01:10:45.647+0000] {processor.py:183} INFO - Processing /home/airflow/.local/lib/python3.12/site-packages/airflow/example_dags/example_latest_only_with_trigger.py took 0.159 seconds
[2024-05-29T01:11:15.843+0000] {processor.py:161} INFO - Started process (PID=262) to work on /home/airflow/.local/lib/python3.12/site-packages/airflow/example_dags/example_latest_only_with_trigger.py
[2024-05-29T01:11:15.845+0000] {processor.py:830} INFO - Processing file /home/airflow/.local/lib/python3.12/site-packages/airflow/example_dags/example_latest_only_with_trigger.py for tasks to queue
[2024-05-29T01:11:15.847+0000] {logging_mixin.py:188} INFO - [2024-05-29T01:11:15.847+0000] {dagbag.py:545} INFO - Filling up the DagBag from /home/airflow/.local/lib/python3.12/site-packages/airflow/example_dags/example_latest_only_with_trigger.py
[2024-05-29T01:11:15.854+0000] {processor.py:840} INFO - DAG(s) 'latest_only_with_trigger' retrieved from /home/airflow/.local/lib/python3.12/site-packages/airflow/example_dags/example_latest_only_with_trigger.py
[2024-05-29T01:11:15.881+0000] {logging_mixin.py:188} INFO - [2024-05-29T01:11:15.881+0000] {dag.py:3096} INFO - Sync 1 DAGs
[2024-05-29T01:11:15.913+0000] {logging_mixin.py:188} INFO - [2024-05-29T01:11:15.913+0000] {dag.py:3954} INFO - Setting next_dagrun for latest_only_with_trigger to 2024-05-28 20:00:00+00:00, run_after=2024-05-29 00:00:00+00:00
[2024-05-29T01:11:15.937+0000] {processor.py:183} INFO - Processing /home/airflow/.local/lib/python3.12/site-packages/airflow/example_dags/example_latest_only_with_trigger.py took 0.102 seconds
[2024-05-29T01:11:46.155+0000] {processor.py:161} INFO - Started process (PID=323) to work on /home/airflow/.local/lib/python3.12/site-packages/airflow/example_dags/example_latest_only_with_trigger.py
[2024-05-29T01:11:46.157+0000] {processor.py:830} INFO - Processing file /home/airflow/.local/lib/python3.12/site-packages/airflow/example_dags/example_latest_only_with_trigger.py for tasks to queue
[2024-05-29T01:11:46.161+0000] {logging_mixin.py:188} INFO - [2024-05-29T01:11:46.160+0000] {dagbag.py:545} INFO - Filling up the DagBag from /home/airflow/.local/lib/python3.12/site-packages/airflow/example_dags/example_latest_only_with_trigger.py
[2024-05-29T01:11:46.168+0000] {processor.py:840} INFO - DAG(s) 'latest_only_with_trigger' retrieved from /home/airflow/.local/lib/python3.12/site-packages/airflow/example_dags/example_latest_only_with_trigger.py
[2024-05-29T01:11:46.198+0000] {logging_mixin.py:188} INFO - [2024-05-29T01:11:46.198+0000] {dag.py:3096} INFO - Sync 1 DAGs
[2024-05-29T01:11:46.237+0000] {logging_mixin.py:188} INFO - [2024-05-29T01:11:46.236+0000] {dag.py:3954} INFO - Setting next_dagrun for latest_only_with_trigger to 2024-05-28 20:00:00+00:00, run_after=2024-05-29 00:00:00+00:00
[2024-05-29T01:11:46.269+0000] {processor.py:183} INFO - Processing /home/airflow/.local/lib/python3.12/site-packages/airflow/example_dags/example_latest_only_with_trigger.py took 0.123 seconds
[2024-05-29T01:12:16.528+0000] {processor.py:161} INFO - Started process (PID=383) to work on /home/airflow/.local/lib/python3.12/site-packages/airflow/example_dags/example_latest_only_with_trigger.py
[2024-05-29T01:12:16.529+0000] {processor.py:830} INFO - Processing file /home/airflow/.local/lib/python3.12/site-packages/airflow/example_dags/example_latest_only_with_trigger.py for tasks to queue
[2024-05-29T01:12:16.532+0000] {logging_mixin.py:188} INFO - [2024-05-29T01:12:16.531+0000] {dagbag.py:545} INFO - Filling up the DagBag from /home/airflow/.local/lib/python3.12/site-packages/airflow/example_dags/example_latest_only_with_trigger.py
[2024-05-29T01:12:16.540+0000] {processor.py:840} INFO - DAG(s) 'latest_only_with_trigger' retrieved from /home/airflow/.local/lib/python3.12/site-packages/airflow/example_dags/example_latest_only_with_trigger.py
[2024-05-29T01:12:16.568+0000] {logging_mixin.py:188} INFO - [2024-05-29T01:12:16.568+0000] {dag.py:3096} INFO - Sync 1 DAGs
[2024-05-29T01:12:16.608+0000] {logging_mixin.py:188} INFO - [2024-05-29T01:12:16.607+0000] {dag.py:3954} INFO - Setting next_dagrun for latest_only_with_trigger to 2024-05-28 20:00:00+00:00, run_after=2024-05-29 00:00:00+00:00
[2024-05-29T01:12:16.634+0000] {processor.py:183} INFO - Processing /home/airflow/.local/lib/python3.12/site-packages/airflow/example_dags/example_latest_only_with_trigger.py took 0.115 seconds
[2024-05-29T01:12:46.727+0000] {processor.py:161} INFO - Started process (PID=443) to work on /home/airflow/.local/lib/python3.12/site-packages/airflow/example_dags/example_latest_only_with_trigger.py
[2024-05-29T01:12:46.729+0000] {processor.py:830} INFO - Processing file /home/airflow/.local/lib/python3.12/site-packages/airflow/example_dags/example_latest_only_with_trigger.py for tasks to queue
[2024-05-29T01:12:46.732+0000] {logging_mixin.py:188} INFO - [2024-05-29T01:12:46.732+0000] {dagbag.py:545} INFO - Filling up the DagBag from /home/airflow/.local/lib/python3.12/site-packages/airflow/example_dags/example_latest_only_with_trigger.py
[2024-05-29T01:12:46.740+0000] {processor.py:840} INFO - DAG(s) 'latest_only_with_trigger' retrieved from /home/airflow/.local/lib/python3.12/site-packages/airflow/example_dags/example_latest_only_with_trigger.py
[2024-05-29T01:12:46.768+0000] {logging_mixin.py:188} INFO - [2024-05-29T01:12:46.768+0000] {dag.py:3096} INFO - Sync 1 DAGs
[2024-05-29T01:12:46.795+0000] {logging_mixin.py:188} INFO - [2024-05-29T01:12:46.795+0000] {dag.py:3954} INFO - Setting next_dagrun for latest_only_with_trigger to 2024-05-28 20:00:00+00:00, run_after=2024-05-29 00:00:00+00:00
[2024-05-29T01:12:46.823+0000] {processor.py:183} INFO - Processing /home/airflow/.local/lib/python3.12/site-packages/airflow/example_dags/example_latest_only_with_trigger.py took 0.103 seconds
[2024-05-29T01:13:17.281+0000] {processor.py:161} INFO - Started process (PID=503) to work on /home/airflow/.local/lib/python3.12/site-packages/airflow/example_dags/example_latest_only_with_trigger.py
[2024-05-29T01:13:17.283+0000] {processor.py:830} INFO - Processing file /home/airflow/.local/lib/python3.12/site-packages/airflow/example_dags/example_latest_only_with_trigger.py for tasks to queue
[2024-05-29T01:13:17.286+0000] {logging_mixin.py:188} INFO - [2024-05-29T01:13:17.285+0000] {dagbag.py:545} INFO - Filling up the DagBag from /home/airflow/.local/lib/python3.12/site-packages/airflow/example_dags/example_latest_only_with_trigger.py
[2024-05-29T01:13:17.294+0000] {processor.py:840} INFO - DAG(s) 'latest_only_with_trigger' retrieved from /home/airflow/.local/lib/python3.12/site-packages/airflow/example_dags/example_latest_only_with_trigger.py
[2024-05-29T01:13:17.326+0000] {logging_mixin.py:188} INFO - [2024-05-29T01:13:17.326+0000] {dag.py:3096} INFO - Sync 1 DAGs
[2024-05-29T01:13:17.358+0000] {logging_mixin.py:188} INFO - [2024-05-29T01:13:17.358+0000] {dag.py:3954} INFO - Setting next_dagrun for latest_only_with_trigger to 2024-05-28 20:00:00+00:00, run_after=2024-05-29 00:00:00+00:00
[2024-05-29T01:13:17.383+0000] {processor.py:183} INFO - Processing /home/airflow/.local/lib/python3.12/site-packages/airflow/example_dags/example_latest_only_with_trigger.py took 0.112 seconds
[2024-05-29T01:13:47.704+0000] {processor.py:161} INFO - Started process (PID=563) to work on /home/airflow/.local/lib/python3.12/site-packages/airflow/example_dags/example_latest_only_with_trigger.py
[2024-05-29T01:13:47.706+0000] {processor.py:830} INFO - Processing file /home/airflow/.local/lib/python3.12/site-packages/airflow/example_dags/example_latest_only_with_trigger.py for tasks to queue
[2024-05-29T01:13:47.708+0000] {logging_mixin.py:188} INFO - [2024-05-29T01:13:47.708+0000] {dagbag.py:545} INFO - Filling up the DagBag from /home/airflow/.local/lib/python3.12/site-packages/airflow/example_dags/example_latest_only_with_trigger.py
[2024-05-29T01:13:47.714+0000] {processor.py:840} INFO - DAG(s) 'latest_only_with_trigger' retrieved from /home/airflow/.local/lib/python3.12/site-packages/airflow/example_dags/example_latest_only_with_trigger.py
[2024-05-29T01:13:47.740+0000] {logging_mixin.py:188} INFO - [2024-05-29T01:13:47.739+0000] {dag.py:3096} INFO - Sync 1 DAGs
[2024-05-29T01:13:47.765+0000] {logging_mixin.py:188} INFO - [2024-05-29T01:13:47.764+0000] {dag.py:3954} INFO - Setting next_dagrun for latest_only_with_trigger to 2024-05-28 20:00:00+00:00, run_after=2024-05-29 00:00:00+00:00
[2024-05-29T01:13:47.787+0000] {processor.py:183} INFO - Processing /home/airflow/.local/lib/python3.12/site-packages/airflow/example_dags/example_latest_only_with_trigger.py took 0.088 seconds
[2024-05-29T01:14:17.991+0000] {processor.py:161} INFO - Started process (PID=623) to work on /home/airflow/.local/lib/python3.12/site-packages/airflow/example_dags/example_latest_only_with_trigger.py
[2024-05-29T01:14:17.993+0000] {processor.py:830} INFO - Processing file /home/airflow/.local/lib/python3.12/site-packages/airflow/example_dags/example_latest_only_with_trigger.py for tasks to queue
[2024-05-29T01:14:17.995+0000] {logging_mixin.py:188} INFO - [2024-05-29T01:14:17.995+0000] {dagbag.py:545} INFO - Filling up the DagBag from /home/airflow/.local/lib/python3.12/site-packages/airflow/example_dags/example_latest_only_with_trigger.py
[2024-05-29T01:14:18.003+0000] {processor.py:840} INFO - DAG(s) 'latest_only_with_trigger' retrieved from /home/airflow/.local/lib/python3.12/site-packages/airflow/example_dags/example_latest_only_with_trigger.py
[2024-05-29T01:14:18.028+0000] {logging_mixin.py:188} INFO - [2024-05-29T01:14:18.027+0000] {dag.py:3096} INFO - Sync 1 DAGs
[2024-05-29T01:14:18.052+0000] {logging_mixin.py:188} INFO - [2024-05-29T01:14:18.052+0000] {dag.py:3954} INFO - Setting next_dagrun for latest_only_with_trigger to 2024-05-28 20:00:00+00:00, run_after=2024-05-29 00:00:00+00:00
[2024-05-29T01:14:18.077+0000] {processor.py:183} INFO - Processing /home/airflow/.local/lib/python3.12/site-packages/airflow/example_dags/example_latest_only_with_trigger.py took 0.091 seconds
[2024-05-29T01:14:48.451+0000] {processor.py:161} INFO - Started process (PID=683) to work on /home/airflow/.local/lib/python3.12/site-packages/airflow/example_dags/example_latest_only_with_trigger.py
[2024-05-29T01:14:48.453+0000] {processor.py:830} INFO - Processing file /home/airflow/.local/lib/python3.12/site-packages/airflow/example_dags/example_latest_only_with_trigger.py for tasks to queue
[2024-05-29T01:14:48.455+0000] {logging_mixin.py:188} INFO - [2024-05-29T01:14:48.455+0000] {dagbag.py:545} INFO - Filling up the DagBag from /home/airflow/.local/lib/python3.12/site-packages/airflow/example_dags/example_latest_only_with_trigger.py
[2024-05-29T01:14:48.464+0000] {processor.py:840} INFO - DAG(s) 'latest_only_with_trigger' retrieved from /home/airflow/.local/lib/python3.12/site-packages/airflow/example_dags/example_latest_only_with_trigger.py
[2024-05-29T01:14:48.490+0000] {logging_mixin.py:188} INFO - [2024-05-29T01:14:48.489+0000] {dag.py:3096} INFO - Sync 1 DAGs
[2024-05-29T01:14:48.520+0000] {logging_mixin.py:188} INFO - [2024-05-29T01:14:48.519+0000] {dag.py:3954} INFO - Setting next_dagrun for latest_only_with_trigger to 2024-05-28 20:00:00+00:00, run_after=2024-05-29 00:00:00+00:00
[2024-05-29T01:14:48.548+0000] {processor.py:183} INFO - Processing /home/airflow/.local/lib/python3.12/site-packages/airflow/example_dags/example_latest_only_with_trigger.py took 0.103 seconds
[2024-05-29T01:15:19.336+0000] {processor.py:161} INFO - Started process (PID=743) to work on /home/airflow/.local/lib/python3.12/site-packages/airflow/example_dags/example_latest_only_with_trigger.py
[2024-05-29T01:15:19.339+0000] {processor.py:830} INFO - Processing file /home/airflow/.local/lib/python3.12/site-packages/airflow/example_dags/example_latest_only_with_trigger.py for tasks to queue
[2024-05-29T01:15:19.342+0000] {logging_mixin.py:188} INFO - [2024-05-29T01:15:19.341+0000] {dagbag.py:545} INFO - Filling up the DagBag from /home/airflow/.local/lib/python3.12/site-packages/airflow/example_dags/example_latest_only_with_trigger.py
[2024-05-29T01:15:19.349+0000] {processor.py:840} INFO - DAG(s) 'latest_only_with_trigger' retrieved from /home/airflow/.local/lib/python3.12/site-packages/airflow/example_dags/example_latest_only_with_trigger.py
[2024-05-29T01:15:19.376+0000] {logging_mixin.py:188} INFO - [2024-05-29T01:15:19.375+0000] {dag.py:3096} INFO - Sync 1 DAGs
[2024-05-29T01:15:19.403+0000] {logging_mixin.py:188} INFO - [2024-05-29T01:15:19.402+0000] {dag.py:3954} INFO - Setting next_dagrun for latest_only_with_trigger to 2024-05-28 20:00:00+00:00, run_after=2024-05-29 00:00:00+00:00
[2024-05-29T01:15:19.428+0000] {processor.py:183} INFO - Processing /home/airflow/.local/lib/python3.12/site-packages/airflow/example_dags/example_latest_only_with_trigger.py took 0.100 seconds
[2024-05-29T01:15:50.029+0000] {processor.py:161} INFO - Started process (PID=803) to work on /home/airflow/.local/lib/python3.12/site-packages/airflow/example_dags/example_latest_only_with_trigger.py
[2024-05-29T01:15:50.031+0000] {processor.py:830} INFO - Processing file /home/airflow/.local/lib/python3.12/site-packages/airflow/example_dags/example_latest_only_with_trigger.py for tasks to queue
[2024-05-29T01:15:50.033+0000] {logging_mixin.py:188} INFO - [2024-05-29T01:15:50.033+0000] {dagbag.py:545} INFO - Filling up the DagBag from /home/airflow/.local/lib/python3.12/site-packages/airflow/example_dags/example_latest_only_with_trigger.py
[2024-05-29T01:15:50.042+0000] {processor.py:840} INFO - DAG(s) 'latest_only_with_trigger' retrieved from /home/airflow/.local/lib/python3.12/site-packages/airflow/example_dags/example_latest_only_with_trigger.py
[2024-05-29T01:15:50.073+0000] {logging_mixin.py:188} INFO - [2024-05-29T01:15:50.072+0000] {dag.py:3096} INFO - Sync 1 DAGs
[2024-05-29T01:15:50.105+0000] {logging_mixin.py:188} INFO - [2024-05-29T01:15:50.105+0000] {dag.py:3954} INFO - Setting next_dagrun for latest_only_with_trigger to 2024-05-28 20:00:00+00:00, run_after=2024-05-29 00:00:00+00:00
[2024-05-29T01:15:50.131+0000] {processor.py:183} INFO - Processing /home/airflow/.local/lib/python3.12/site-packages/airflow/example_dags/example_latest_only_with_trigger.py took 0.113 seconds
[2024-05-29T01:16:20.480+0000] {processor.py:161} INFO - Started process (PID=863) to work on /home/airflow/.local/lib/python3.12/site-packages/airflow/example_dags/example_latest_only_with_trigger.py
[2024-05-29T01:16:20.481+0000] {processor.py:830} INFO - Processing file /home/airflow/.local/lib/python3.12/site-packages/airflow/example_dags/example_latest_only_with_trigger.py for tasks to queue
[2024-05-29T01:16:20.483+0000] {logging_mixin.py:188} INFO - [2024-05-29T01:16:20.483+0000] {dagbag.py:545} INFO - Filling up the DagBag from /home/airflow/.local/lib/python3.12/site-packages/airflow/example_dags/example_latest_only_with_trigger.py
[2024-05-29T01:16:20.490+0000] {processor.py:840} INFO - DAG(s) 'latest_only_with_trigger' retrieved from /home/airflow/.local/lib/python3.12/site-packages/airflow/example_dags/example_latest_only_with_trigger.py
[2024-05-29T01:16:20.512+0000] {logging_mixin.py:188} INFO - [2024-05-29T01:16:20.512+0000] {dag.py:3096} INFO - Sync 1 DAGs
[2024-05-29T01:16:20.537+0000] {logging_mixin.py:188} INFO - [2024-05-29T01:16:20.537+0000] {dag.py:3954} INFO - Setting next_dagrun for latest_only_with_trigger to 2024-05-28 20:00:00+00:00, run_after=2024-05-29 00:00:00+00:00
[2024-05-29T01:16:20.561+0000] {processor.py:183} INFO - Processing /home/airflow/.local/lib/python3.12/site-packages/airflow/example_dags/example_latest_only_with_trigger.py took 0.088 seconds
[2024-05-29T01:16:50.878+0000] {processor.py:161} INFO - Started process (PID=925) to work on /home/airflow/.local/lib/python3.12/site-packages/airflow/example_dags/example_latest_only_with_trigger.py
[2024-05-29T01:16:50.880+0000] {processor.py:830} INFO - Processing file /home/airflow/.local/lib/python3.12/site-packages/airflow/example_dags/example_latest_only_with_trigger.py for tasks to queue
[2024-05-29T01:16:50.883+0000] {logging_mixin.py:188} INFO - [2024-05-29T01:16:50.882+0000] {dagbag.py:545} INFO - Filling up the DagBag from /home/airflow/.local/lib/python3.12/site-packages/airflow/example_dags/example_latest_only_with_trigger.py
[2024-05-29T01:16:50.889+0000] {processor.py:840} INFO - DAG(s) 'latest_only_with_trigger' retrieved from /home/airflow/.local/lib/python3.12/site-packages/airflow/example_dags/example_latest_only_with_trigger.py
[2024-05-29T01:16:50.913+0000] {logging_mixin.py:188} INFO - [2024-05-29T01:16:50.913+0000] {dag.py:3096} INFO - Sync 1 DAGs
[2024-05-29T01:16:50.936+0000] {logging_mixin.py:188} INFO - [2024-05-29T01:16:50.936+0000] {dag.py:3954} INFO - Setting next_dagrun for latest_only_with_trigger to 2024-05-28 20:00:00+00:00, run_after=2024-05-29 00:00:00+00:00
[2024-05-29T01:16:50.958+0000] {processor.py:183} INFO - Processing /home/airflow/.local/lib/python3.12/site-packages/airflow/example_dags/example_latest_only_with_trigger.py took 0.085 seconds
[2024-05-29T01:17:21.845+0000] {processor.py:161} INFO - Started process (PID=986) to work on /home/airflow/.local/lib/python3.12/site-packages/airflow/example_dags/example_latest_only_with_trigger.py
[2024-05-29T01:17:21.846+0000] {processor.py:830} INFO - Processing file /home/airflow/.local/lib/python3.12/site-packages/airflow/example_dags/example_latest_only_with_trigger.py for tasks to queue
[2024-05-29T01:17:21.848+0000] {logging_mixin.py:188} INFO - [2024-05-29T01:17:21.848+0000] {dagbag.py:545} INFO - Filling up the DagBag from /home/airflow/.local/lib/python3.12/site-packages/airflow/example_dags/example_latest_only_with_trigger.py
[2024-05-29T01:17:21.854+0000] {processor.py:840} INFO - DAG(s) 'latest_only_with_trigger' retrieved from /home/airflow/.local/lib/python3.12/site-packages/airflow/example_dags/example_latest_only_with_trigger.py
[2024-05-29T01:17:21.879+0000] {logging_mixin.py:188} INFO - [2024-05-29T01:17:21.878+0000] {dag.py:3096} INFO - Sync 1 DAGs
[2024-05-29T01:17:21.905+0000] {logging_mixin.py:188} INFO - [2024-05-29T01:17:21.905+0000] {dag.py:3954} INFO - Setting next_dagrun for latest_only_with_trigger to 2024-05-28 20:00:00+00:00, run_after=2024-05-29 00:00:00+00:00
[2024-05-29T01:17:21.929+0000] {processor.py:183} INFO - Processing /home/airflow/.local/lib/python3.12/site-packages/airflow/example_dags/example_latest_only_with_trigger.py took 0.092 seconds
[2024-05-29T01:17:52.524+0000] {processor.py:161} INFO - Started process (PID=1048) to work on /home/airflow/.local/lib/python3.12/site-packages/airflow/example_dags/example_latest_only_with_trigger.py
[2024-05-29T01:17:52.525+0000] {processor.py:830} INFO - Processing file /home/airflow/.local/lib/python3.12/site-packages/airflow/example_dags/example_latest_only_with_trigger.py for tasks to queue
[2024-05-29T01:17:52.528+0000] {logging_mixin.py:188} INFO - [2024-05-29T01:17:52.527+0000] {dagbag.py:545} INFO - Filling up the DagBag from /home/airflow/.local/lib/python3.12/site-packages/airflow/example_dags/example_latest_only_with_trigger.py
[2024-05-29T01:17:52.533+0000] {processor.py:840} INFO - DAG(s) 'latest_only_with_trigger' retrieved from /home/airflow/.local/lib/python3.12/site-packages/airflow/example_dags/example_latest_only_with_trigger.py
[2024-05-29T01:17:52.556+0000] {logging_mixin.py:188} INFO - [2024-05-29T01:17:52.555+0000] {dag.py:3096} INFO - Sync 1 DAGs
[2024-05-29T01:17:52.579+0000] {logging_mixin.py:188} INFO - [2024-05-29T01:17:52.579+0000] {dag.py:3954} INFO - Setting next_dagrun for latest_only_with_trigger to 2024-05-28 20:00:00+00:00, run_after=2024-05-29 00:00:00+00:00
[2024-05-29T01:17:52.601+0000] {processor.py:183} INFO - Processing /home/airflow/.local/lib/python3.12/site-packages/airflow/example_dags/example_latest_only_with_trigger.py took 0.082 seconds
[2024-05-29T01:18:22.976+0000] {processor.py:161} INFO - Started process (PID=1108) to work on /home/airflow/.local/lib/python3.12/site-packages/airflow/example_dags/example_latest_only_with_trigger.py
[2024-05-29T01:18:22.978+0000] {processor.py:830} INFO - Processing file /home/airflow/.local/lib/python3.12/site-packages/airflow/example_dags/example_latest_only_with_trigger.py for tasks to queue
[2024-05-29T01:18:22.980+0000] {logging_mixin.py:188} INFO - [2024-05-29T01:18:22.980+0000] {dagbag.py:545} INFO - Filling up the DagBag from /home/airflow/.local/lib/python3.12/site-packages/airflow/example_dags/example_latest_only_with_trigger.py
[2024-05-29T01:18:22.989+0000] {processor.py:840} INFO - DAG(s) 'latest_only_with_trigger' retrieved from /home/airflow/.local/lib/python3.12/site-packages/airflow/example_dags/example_latest_only_with_trigger.py
[2024-05-29T01:18:23.017+0000] {logging_mixin.py:188} INFO - [2024-05-29T01:18:23.017+0000] {dag.py:3096} INFO - Sync 1 DAGs
[2024-05-29T01:18:23.044+0000] {logging_mixin.py:188} INFO - [2024-05-29T01:18:23.044+0000] {dag.py:3954} INFO - Setting next_dagrun for latest_only_with_trigger to 2024-05-28 20:00:00+00:00, run_after=2024-05-29 00:00:00+00:00
[2024-05-29T01:18:23.066+0000] {processor.py:183} INFO - Processing /home/airflow/.local/lib/python3.12/site-packages/airflow/example_dags/example_latest_only_with_trigger.py took 0.095 seconds
[2024-05-29T01:18:53.254+0000] {processor.py:161} INFO - Started process (PID=1170) to work on /home/airflow/.local/lib/python3.12/site-packages/airflow/example_dags/example_latest_only_with_trigger.py
[2024-05-29T01:18:53.256+0000] {processor.py:830} INFO - Processing file /home/airflow/.local/lib/python3.12/site-packages/airflow/example_dags/example_latest_only_with_trigger.py for tasks to queue
[2024-05-29T01:18:53.258+0000] {logging_mixin.py:188} INFO - [2024-05-29T01:18:53.258+0000] {dagbag.py:545} INFO - Filling up the DagBag from /home/airflow/.local/lib/python3.12/site-packages/airflow/example_dags/example_latest_only_with_trigger.py
[2024-05-29T01:18:53.265+0000] {processor.py:840} INFO - DAG(s) 'latest_only_with_trigger' retrieved from /home/airflow/.local/lib/python3.12/site-packages/airflow/example_dags/example_latest_only_with_trigger.py
[2024-05-29T01:18:53.288+0000] {logging_mixin.py:188} INFO - [2024-05-29T01:18:53.288+0000] {dag.py:3096} INFO - Sync 1 DAGs
[2024-05-29T01:18:53.315+0000] {logging_mixin.py:188} INFO - [2024-05-29T01:18:53.314+0000] {dag.py:3954} INFO - Setting next_dagrun for latest_only_with_trigger to 2024-05-28 20:00:00+00:00, run_after=2024-05-29 00:00:00+00:00
[2024-05-29T01:18:53.337+0000] {processor.py:183} INFO - Processing /home/airflow/.local/lib/python3.12/site-packages/airflow/example_dags/example_latest_only_with_trigger.py took 0.089 seconds
[2024-05-29T01:19:23.727+0000] {processor.py:161} INFO - Started process (PID=1230) to work on /home/airflow/.local/lib/python3.12/site-packages/airflow/example_dags/example_latest_only_with_trigger.py
[2024-05-29T01:19:23.729+0000] {processor.py:830} INFO - Processing file /home/airflow/.local/lib/python3.12/site-packages/airflow/example_dags/example_latest_only_with_trigger.py for tasks to queue
[2024-05-29T01:19:23.731+0000] {logging_mixin.py:188} INFO - [2024-05-29T01:19:23.731+0000] {dagbag.py:545} INFO - Filling up the DagBag from /home/airflow/.local/lib/python3.12/site-packages/airflow/example_dags/example_latest_only_with_trigger.py
[2024-05-29T01:19:23.737+0000] {processor.py:840} INFO - DAG(s) 'latest_only_with_trigger' retrieved from /home/airflow/.local/lib/python3.12/site-packages/airflow/example_dags/example_latest_only_with_trigger.py
[2024-05-29T01:19:23.761+0000] {logging_mixin.py:188} INFO - [2024-05-29T01:19:23.760+0000] {dag.py:3096} INFO - Sync 1 DAGs
[2024-05-29T01:19:23.783+0000] {logging_mixin.py:188} INFO - [2024-05-29T01:19:23.783+0000] {dag.py:3954} INFO - Setting next_dagrun for latest_only_with_trigger to 2024-05-28 20:00:00+00:00, run_after=2024-05-29 00:00:00+00:00
[2024-05-29T01:19:23.808+0000] {processor.py:183} INFO - Processing /home/airflow/.local/lib/python3.12/site-packages/airflow/example_dags/example_latest_only_with_trigger.py took 0.086 seconds
[2024-05-29T01:19:54.216+0000] {processor.py:161} INFO - Started process (PID=1290) to work on /home/airflow/.local/lib/python3.12/site-packages/airflow/example_dags/example_latest_only_with_trigger.py
[2024-05-29T01:19:54.218+0000] {processor.py:830} INFO - Processing file /home/airflow/.local/lib/python3.12/site-packages/airflow/example_dags/example_latest_only_with_trigger.py for tasks to queue
[2024-05-29T01:19:54.220+0000] {logging_mixin.py:188} INFO - [2024-05-29T01:19:54.220+0000] {dagbag.py:545} INFO - Filling up the DagBag from /home/airflow/.local/lib/python3.12/site-packages/airflow/example_dags/example_latest_only_with_trigger.py
[2024-05-29T01:19:54.226+0000] {processor.py:840} INFO - DAG(s) 'latest_only_with_trigger' retrieved from /home/airflow/.local/lib/python3.12/site-packages/airflow/example_dags/example_latest_only_with_trigger.py
[2024-05-29T01:19:54.252+0000] {logging_mixin.py:188} INFO - [2024-05-29T01:19:54.252+0000] {dag.py:3096} INFO - Sync 1 DAGs
[2024-05-29T01:19:54.274+0000] {logging_mixin.py:188} INFO - [2024-05-29T01:19:54.274+0000] {dag.py:3954} INFO - Setting next_dagrun for latest_only_with_trigger to 2024-05-28 20:00:00+00:00, run_after=2024-05-29 00:00:00+00:00
[2024-05-29T01:19:54.304+0000] {processor.py:183} INFO - Processing /home/airflow/.local/lib/python3.12/site-packages/airflow/example_dags/example_latest_only_with_trigger.py took 0.094 seconds
[2024-05-29T01:20:24.610+0000] {processor.py:161} INFO - Started process (PID=1350) to work on /home/airflow/.local/lib/python3.12/site-packages/airflow/example_dags/example_latest_only_with_trigger.py
[2024-05-29T01:20:24.612+0000] {processor.py:830} INFO - Processing file /home/airflow/.local/lib/python3.12/site-packages/airflow/example_dags/example_latest_only_with_trigger.py for tasks to queue
[2024-05-29T01:20:24.614+0000] {logging_mixin.py:188} INFO - [2024-05-29T01:20:24.614+0000] {dagbag.py:545} INFO - Filling up the DagBag from /home/airflow/.local/lib/python3.12/site-packages/airflow/example_dags/example_latest_only_with_trigger.py
[2024-05-29T01:20:24.620+0000] {processor.py:840} INFO - DAG(s) 'latest_only_with_trigger' retrieved from /home/airflow/.local/lib/python3.12/site-packages/airflow/example_dags/example_latest_only_with_trigger.py
[2024-05-29T01:20:24.644+0000] {logging_mixin.py:188} INFO - [2024-05-29T01:20:24.644+0000] {dag.py:3096} INFO - Sync 1 DAGs
[2024-05-29T01:20:24.665+0000] {logging_mixin.py:188} INFO - [2024-05-29T01:20:24.665+0000] {dag.py:3954} INFO - Setting next_dagrun for latest_only_with_trigger to 2024-05-28 20:00:00+00:00, run_after=2024-05-29 00:00:00+00:00
[2024-05-29T01:20:24.688+0000] {processor.py:183} INFO - Processing /home/airflow/.local/lib/python3.12/site-packages/airflow/example_dags/example_latest_only_with_trigger.py took 0.085 seconds
[2024-05-29T01:22:22.797+0000] {processor.py:161} INFO - Started process (PID=1440) to work on /home/airflow/.local/lib/python3.12/site-packages/airflow/example_dags/example_latest_only_with_trigger.py
[2024-05-29T01:22:22.799+0000] {processor.py:830} INFO - Processing file /home/airflow/.local/lib/python3.12/site-packages/airflow/example_dags/example_latest_only_with_trigger.py for tasks to queue
[2024-05-29T01:22:22.801+0000] {logging_mixin.py:188} INFO - [2024-05-29T01:22:22.800+0000] {dagbag.py:545} INFO - Filling up the DagBag from /home/airflow/.local/lib/python3.12/site-packages/airflow/example_dags/example_latest_only_with_trigger.py
[2024-05-29T01:22:22.811+0000] {processor.py:840} INFO - DAG(s) 'latest_only_with_trigger' retrieved from /home/airflow/.local/lib/python3.12/site-packages/airflow/example_dags/example_latest_only_with_trigger.py
[2024-05-29T01:22:22.845+0000] {logging_mixin.py:188} INFO - [2024-05-29T01:22:22.844+0000] {dag.py:3096} INFO - Sync 1 DAGs
[2024-05-29T01:22:22.876+0000] {logging_mixin.py:188} INFO - [2024-05-29T01:22:22.876+0000] {dag.py:3954} INFO - Setting next_dagrun for latest_only_with_trigger to 2024-05-28 20:00:00+00:00, run_after=2024-05-29 00:00:00+00:00
[2024-05-29T01:22:22.903+0000] {processor.py:183} INFO - Processing /home/airflow/.local/lib/python3.12/site-packages/airflow/example_dags/example_latest_only_with_trigger.py took 0.116 seconds
[2024-05-29T01:27:50.848+0000] {processor.py:161} INFO - Started process (PID=81) to work on /home/airflow/.local/lib/python3.12/site-packages/airflow/example_dags/example_latest_only_with_trigger.py
[2024-05-29T01:27:50.850+0000] {processor.py:830} INFO - Processing file /home/airflow/.local/lib/python3.12/site-packages/airflow/example_dags/example_latest_only_with_trigger.py for tasks to queue
[2024-05-29T01:27:50.852+0000] {logging_mixin.py:188} INFO - [2024-05-29T01:27:50.851+0000] {dagbag.py:545} INFO - Filling up the DagBag from /home/airflow/.local/lib/python3.12/site-packages/airflow/example_dags/example_latest_only_with_trigger.py
[2024-05-29T01:27:50.860+0000] {processor.py:840} INFO - DAG(s) 'latest_only_with_trigger' retrieved from /home/airflow/.local/lib/python3.12/site-packages/airflow/example_dags/example_latest_only_with_trigger.py
[2024-05-29T01:27:50.901+0000] {logging_mixin.py:188} INFO - [2024-05-29T01:27:50.901+0000] {dag.py:3096} INFO - Sync 1 DAGs
[2024-05-29T01:27:50.930+0000] {logging_mixin.py:188} INFO - [2024-05-29T01:27:50.930+0000] {dag.py:3954} INFO - Setting next_dagrun for latest_only_with_trigger to 2024-05-28 20:00:00+00:00, run_after=2024-05-29 00:00:00+00:00
[2024-05-29T01:27:50.965+0000] {processor.py:183} INFO - Processing /home/airflow/.local/lib/python3.12/site-packages/airflow/example_dags/example_latest_only_with_trigger.py took 0.122 seconds
