[2024-05-29T01:09:40.891+0000] {processor.py:161} INFO - Started process (PID=68) to work on /home/airflow/.local/lib/python3.12/site-packages/airflow/example_dags/example_task_group.py
[2024-05-29T01:09:40.894+0000] {processor.py:830} INFO - Processing file /home/airflow/.local/lib/python3.12/site-packages/airflow/example_dags/example_task_group.py for tasks to queue
[2024-05-29T01:09:40.897+0000] {logging_mixin.py:188} INFO - [2024-05-29T01:09:40.896+0000] {dagbag.py:545} INFO - Filling up the DagBag from /home/airflow/.local/lib/python3.12/site-packages/airflow/example_dags/example_task_group.py
[2024-05-29T01:09:40.906+0000] {processor.py:840} INFO - DAG(s) 'example_task_group' retrieved from /home/airflow/.local/lib/python3.12/site-packages/airflow/example_dags/example_task_group.py
[2024-05-29T01:09:41.062+0000] {logging_mixin.py:188} INFO - [2024-05-29T01:09:41.061+0000] {override.py:1829} INFO - Created Permission View: can edit on DAG:example_task_group
[2024-05-29T01:09:41.076+0000] {logging_mixin.py:188} INFO - [2024-05-29T01:09:41.076+0000] {override.py:1829} INFO - Created Permission View: can delete on DAG:example_task_group
[2024-05-29T01:09:41.086+0000] {logging_mixin.py:188} INFO - [2024-05-29T01:09:41.085+0000] {override.py:1829} INFO - Created Permission View: can read on DAG:example_task_group
[2024-05-29T01:09:41.087+0000] {logging_mixin.py:188} INFO - [2024-05-29T01:09:41.086+0000] {dag.py:3096} INFO - Sync 1 DAGs
[2024-05-29T01:09:41.105+0000] {logging_mixin.py:188} INFO - [2024-05-29T01:09:41.104+0000] {dag.py:3118} INFO - Creating ORM DAG for example_task_group
[2024-05-29T01:09:41.120+0000] {logging_mixin.py:188} INFO - [2024-05-29T01:09:41.120+0000] {dag.py:3954} INFO - Setting next_dagrun for example_task_group to 2024-05-28 00:00:00+00:00, run_after=2024-05-29 00:00:00+00:00
[2024-05-29T01:09:41.142+0000] {processor.py:183} INFO - Processing /home/airflow/.local/lib/python3.12/site-packages/airflow/example_dags/example_task_group.py took 0.260 seconds
[2024-05-29T01:10:11.653+0000] {processor.py:161} INFO - Started process (PID=128) to work on /home/airflow/.local/lib/python3.12/site-packages/airflow/example_dags/example_task_group.py
[2024-05-29T01:10:11.655+0000] {processor.py:830} INFO - Processing file /home/airflow/.local/lib/python3.12/site-packages/airflow/example_dags/example_task_group.py for tasks to queue
[2024-05-29T01:10:11.664+0000] {logging_mixin.py:188} INFO - [2024-05-29T01:10:11.663+0000] {dagbag.py:545} INFO - Filling up the DagBag from /home/airflow/.local/lib/python3.12/site-packages/airflow/example_dags/example_task_group.py
[2024-05-29T01:10:11.720+0000] {processor.py:840} INFO - DAG(s) 'example_task_group' retrieved from /home/airflow/.local/lib/python3.12/site-packages/airflow/example_dags/example_task_group.py
[2024-05-29T01:10:11.802+0000] {logging_mixin.py:188} INFO - [2024-05-29T01:10:11.801+0000] {dag.py:3096} INFO - Sync 1 DAGs
[2024-05-29T01:10:11.872+0000] {logging_mixin.py:188} INFO - [2024-05-29T01:10:11.871+0000] {dag.py:3954} INFO - Setting next_dagrun for example_task_group to 2024-05-28 00:00:00+00:00, run_after=2024-05-29 00:00:00+00:00
[2024-05-29T01:10:11.931+0000] {processor.py:183} INFO - Processing /home/airflow/.local/lib/python3.12/site-packages/airflow/example_dags/example_task_group.py took 0.298 seconds
[2024-05-29T01:10:42.129+0000] {processor.py:161} INFO - Started process (PID=188) to work on /home/airflow/.local/lib/python3.12/site-packages/airflow/example_dags/example_task_group.py
[2024-05-29T01:10:42.130+0000] {processor.py:830} INFO - Processing file /home/airflow/.local/lib/python3.12/site-packages/airflow/example_dags/example_task_group.py for tasks to queue
[2024-05-29T01:10:42.133+0000] {logging_mixin.py:188} INFO - [2024-05-29T01:10:42.132+0000] {dagbag.py:545} INFO - Filling up the DagBag from /home/airflow/.local/lib/python3.12/site-packages/airflow/example_dags/example_task_group.py
[2024-05-29T01:10:42.142+0000] {processor.py:840} INFO - DAG(s) 'example_task_group' retrieved from /home/airflow/.local/lib/python3.12/site-packages/airflow/example_dags/example_task_group.py
[2024-05-29T01:10:42.172+0000] {logging_mixin.py:188} INFO - [2024-05-29T01:10:42.171+0000] {dag.py:3096} INFO - Sync 1 DAGs
[2024-05-29T01:10:42.206+0000] {logging_mixin.py:188} INFO - [2024-05-29T01:10:42.206+0000] {dag.py:3954} INFO - Setting next_dagrun for example_task_group to 2024-05-28 00:00:00+00:00, run_after=2024-05-29 00:00:00+00:00
[2024-05-29T01:10:42.232+0000] {processor.py:183} INFO - Processing /home/airflow/.local/lib/python3.12/site-packages/airflow/example_dags/example_task_group.py took 0.109 seconds
[2024-05-29T01:11:12.818+0000] {processor.py:161} INFO - Started process (PID=248) to work on /home/airflow/.local/lib/python3.12/site-packages/airflow/example_dags/example_task_group.py
[2024-05-29T01:11:12.819+0000] {processor.py:830} INFO - Processing file /home/airflow/.local/lib/python3.12/site-packages/airflow/example_dags/example_task_group.py for tasks to queue
[2024-05-29T01:11:12.822+0000] {logging_mixin.py:188} INFO - [2024-05-29T01:11:12.822+0000] {dagbag.py:545} INFO - Filling up the DagBag from /home/airflow/.local/lib/python3.12/site-packages/airflow/example_dags/example_task_group.py
[2024-05-29T01:11:12.834+0000] {processor.py:840} INFO - DAG(s) 'example_task_group' retrieved from /home/airflow/.local/lib/python3.12/site-packages/airflow/example_dags/example_task_group.py
[2024-05-29T01:11:12.864+0000] {logging_mixin.py:188} INFO - [2024-05-29T01:11:12.863+0000] {dag.py:3096} INFO - Sync 1 DAGs
[2024-05-29T01:11:12.894+0000] {logging_mixin.py:188} INFO - [2024-05-29T01:11:12.894+0000] {dag.py:3954} INFO - Setting next_dagrun for example_task_group to 2024-05-28 00:00:00+00:00, run_after=2024-05-29 00:00:00+00:00
[2024-05-29T01:11:12.934+0000] {processor.py:183} INFO - Processing /home/airflow/.local/lib/python3.12/site-packages/airflow/example_dags/example_task_group.py took 0.126 seconds
[2024-05-29T01:11:43.602+0000] {processor.py:161} INFO - Started process (PID=309) to work on /home/airflow/.local/lib/python3.12/site-packages/airflow/example_dags/example_task_group.py
[2024-05-29T01:11:43.605+0000] {processor.py:830} INFO - Processing file /home/airflow/.local/lib/python3.12/site-packages/airflow/example_dags/example_task_group.py for tasks to queue
[2024-05-29T01:11:43.608+0000] {logging_mixin.py:188} INFO - [2024-05-29T01:11:43.608+0000] {dagbag.py:545} INFO - Filling up the DagBag from /home/airflow/.local/lib/python3.12/site-packages/airflow/example_dags/example_task_group.py
[2024-05-29T01:11:43.628+0000] {processor.py:840} INFO - DAG(s) 'example_task_group' retrieved from /home/airflow/.local/lib/python3.12/site-packages/airflow/example_dags/example_task_group.py
[2024-05-29T01:11:43.678+0000] {logging_mixin.py:188} INFO - [2024-05-29T01:11:43.667+0000] {dag.py:3096} INFO - Sync 1 DAGs
[2024-05-29T01:11:43.751+0000] {logging_mixin.py:188} INFO - [2024-05-29T01:11:43.750+0000] {dag.py:3954} INFO - Setting next_dagrun for example_task_group to 2024-05-28 00:00:00+00:00, run_after=2024-05-29 00:00:00+00:00
[2024-05-29T01:11:43.785+0000] {processor.py:183} INFO - Processing /home/airflow/.local/lib/python3.12/site-packages/airflow/example_dags/example_task_group.py took 0.199 seconds
[2024-05-29T01:12:14.294+0000] {processor.py:161} INFO - Started process (PID=369) to work on /home/airflow/.local/lib/python3.12/site-packages/airflow/example_dags/example_task_group.py
[2024-05-29T01:12:14.295+0000] {processor.py:830} INFO - Processing file /home/airflow/.local/lib/python3.12/site-packages/airflow/example_dags/example_task_group.py for tasks to queue
[2024-05-29T01:12:14.297+0000] {logging_mixin.py:188} INFO - [2024-05-29T01:12:14.297+0000] {dagbag.py:545} INFO - Filling up the DagBag from /home/airflow/.local/lib/python3.12/site-packages/airflow/example_dags/example_task_group.py
[2024-05-29T01:12:14.310+0000] {processor.py:840} INFO - DAG(s) 'example_task_group' retrieved from /home/airflow/.local/lib/python3.12/site-packages/airflow/example_dags/example_task_group.py
[2024-05-29T01:12:14.347+0000] {logging_mixin.py:188} INFO - [2024-05-29T01:12:14.347+0000] {dag.py:3096} INFO - Sync 1 DAGs
[2024-05-29T01:12:14.399+0000] {logging_mixin.py:188} INFO - [2024-05-29T01:12:14.398+0000] {dag.py:3954} INFO - Setting next_dagrun for example_task_group to 2024-05-28 00:00:00+00:00, run_after=2024-05-29 00:00:00+00:00
[2024-05-29T01:12:14.438+0000] {processor.py:183} INFO - Processing /home/airflow/.local/lib/python3.12/site-packages/airflow/example_dags/example_task_group.py took 0.153 seconds
[2024-05-29T01:12:44.613+0000] {processor.py:161} INFO - Started process (PID=429) to work on /home/airflow/.local/lib/python3.12/site-packages/airflow/example_dags/example_task_group.py
[2024-05-29T01:12:44.615+0000] {processor.py:830} INFO - Processing file /home/airflow/.local/lib/python3.12/site-packages/airflow/example_dags/example_task_group.py for tasks to queue
[2024-05-29T01:12:44.619+0000] {logging_mixin.py:188} INFO - [2024-05-29T01:12:44.618+0000] {dagbag.py:545} INFO - Filling up the DagBag from /home/airflow/.local/lib/python3.12/site-packages/airflow/example_dags/example_task_group.py
[2024-05-29T01:12:44.629+0000] {processor.py:840} INFO - DAG(s) 'example_task_group' retrieved from /home/airflow/.local/lib/python3.12/site-packages/airflow/example_dags/example_task_group.py
[2024-05-29T01:12:44.667+0000] {logging_mixin.py:188} INFO - [2024-05-29T01:12:44.666+0000] {dag.py:3096} INFO - Sync 1 DAGs
[2024-05-29T01:12:44.704+0000] {logging_mixin.py:188} INFO - [2024-05-29T01:12:44.704+0000] {dag.py:3954} INFO - Setting next_dagrun for example_task_group to 2024-05-28 00:00:00+00:00, run_after=2024-05-29 00:00:00+00:00
[2024-05-29T01:12:44.734+0000] {processor.py:183} INFO - Processing /home/airflow/.local/lib/python3.12/site-packages/airflow/example_dags/example_task_group.py took 0.128 seconds
[2024-05-29T01:13:15.203+0000] {processor.py:161} INFO - Started process (PID=489) to work on /home/airflow/.local/lib/python3.12/site-packages/airflow/example_dags/example_task_group.py
[2024-05-29T01:13:15.205+0000] {processor.py:830} INFO - Processing file /home/airflow/.local/lib/python3.12/site-packages/airflow/example_dags/example_task_group.py for tasks to queue
[2024-05-29T01:13:15.207+0000] {logging_mixin.py:188} INFO - [2024-05-29T01:13:15.207+0000] {dagbag.py:545} INFO - Filling up the DagBag from /home/airflow/.local/lib/python3.12/site-packages/airflow/example_dags/example_task_group.py
[2024-05-29T01:13:15.217+0000] {processor.py:840} INFO - DAG(s) 'example_task_group' retrieved from /home/airflow/.local/lib/python3.12/site-packages/airflow/example_dags/example_task_group.py
[2024-05-29T01:13:15.248+0000] {logging_mixin.py:188} INFO - [2024-05-29T01:13:15.247+0000] {dag.py:3096} INFO - Sync 1 DAGs
[2024-05-29T01:13:15.282+0000] {logging_mixin.py:188} INFO - [2024-05-29T01:13:15.282+0000] {dag.py:3954} INFO - Setting next_dagrun for example_task_group to 2024-05-28 00:00:00+00:00, run_after=2024-05-29 00:00:00+00:00
[2024-05-29T01:13:15.311+0000] {processor.py:183} INFO - Processing /home/airflow/.local/lib/python3.12/site-packages/airflow/example_dags/example_task_group.py took 0.116 seconds
[2024-05-29T01:13:45.872+0000] {processor.py:161} INFO - Started process (PID=549) to work on /home/airflow/.local/lib/python3.12/site-packages/airflow/example_dags/example_task_group.py
[2024-05-29T01:13:45.874+0000] {processor.py:830} INFO - Processing file /home/airflow/.local/lib/python3.12/site-packages/airflow/example_dags/example_task_group.py for tasks to queue
[2024-05-29T01:13:45.877+0000] {logging_mixin.py:188} INFO - [2024-05-29T01:13:45.876+0000] {dagbag.py:545} INFO - Filling up the DagBag from /home/airflow/.local/lib/python3.12/site-packages/airflow/example_dags/example_task_group.py
[2024-05-29T01:13:45.886+0000] {processor.py:840} INFO - DAG(s) 'example_task_group' retrieved from /home/airflow/.local/lib/python3.12/site-packages/airflow/example_dags/example_task_group.py
[2024-05-29T01:13:45.916+0000] {logging_mixin.py:188} INFO - [2024-05-29T01:13:45.915+0000] {dag.py:3096} INFO - Sync 1 DAGs
[2024-05-29T01:13:45.940+0000] {logging_mixin.py:188} INFO - [2024-05-29T01:13:45.940+0000] {dag.py:3954} INFO - Setting next_dagrun for example_task_group to 2024-05-28 00:00:00+00:00, run_after=2024-05-29 00:00:00+00:00
[2024-05-29T01:13:45.962+0000] {processor.py:183} INFO - Processing /home/airflow/.local/lib/python3.12/site-packages/airflow/example_dags/example_task_group.py took 0.097 seconds
[2024-05-29T01:14:16.166+0000] {processor.py:161} INFO - Started process (PID=609) to work on /home/airflow/.local/lib/python3.12/site-packages/airflow/example_dags/example_task_group.py
[2024-05-29T01:14:16.167+0000] {processor.py:830} INFO - Processing file /home/airflow/.local/lib/python3.12/site-packages/airflow/example_dags/example_task_group.py for tasks to queue
[2024-05-29T01:14:16.169+0000] {logging_mixin.py:188} INFO - [2024-05-29T01:14:16.169+0000] {dagbag.py:545} INFO - Filling up the DagBag from /home/airflow/.local/lib/python3.12/site-packages/airflow/example_dags/example_task_group.py
[2024-05-29T01:14:16.179+0000] {processor.py:840} INFO - DAG(s) 'example_task_group' retrieved from /home/airflow/.local/lib/python3.12/site-packages/airflow/example_dags/example_task_group.py
[2024-05-29T01:14:16.201+0000] {logging_mixin.py:188} INFO - [2024-05-29T01:14:16.201+0000] {dag.py:3096} INFO - Sync 1 DAGs
[2024-05-29T01:14:16.224+0000] {logging_mixin.py:188} INFO - [2024-05-29T01:14:16.224+0000] {dag.py:3954} INFO - Setting next_dagrun for example_task_group to 2024-05-28 00:00:00+00:00, run_after=2024-05-29 00:00:00+00:00
[2024-05-29T01:14:16.243+0000] {processor.py:183} INFO - Processing /home/airflow/.local/lib/python3.12/site-packages/airflow/example_dags/example_task_group.py took 0.085 seconds
[2024-05-29T01:14:46.589+0000] {processor.py:161} INFO - Started process (PID=669) to work on /home/airflow/.local/lib/python3.12/site-packages/airflow/example_dags/example_task_group.py
[2024-05-29T01:14:46.591+0000] {processor.py:830} INFO - Processing file /home/airflow/.local/lib/python3.12/site-packages/airflow/example_dags/example_task_group.py for tasks to queue
[2024-05-29T01:14:46.593+0000] {logging_mixin.py:188} INFO - [2024-05-29T01:14:46.593+0000] {dagbag.py:545} INFO - Filling up the DagBag from /home/airflow/.local/lib/python3.12/site-packages/airflow/example_dags/example_task_group.py
[2024-05-29T01:14:46.603+0000] {processor.py:840} INFO - DAG(s) 'example_task_group' retrieved from /home/airflow/.local/lib/python3.12/site-packages/airflow/example_dags/example_task_group.py
[2024-05-29T01:14:46.630+0000] {logging_mixin.py:188} INFO - [2024-05-29T01:14:46.630+0000] {dag.py:3096} INFO - Sync 1 DAGs
[2024-05-29T01:14:46.663+0000] {logging_mixin.py:188} INFO - [2024-05-29T01:14:46.663+0000] {dag.py:3954} INFO - Setting next_dagrun for example_task_group to 2024-05-28 00:00:00+00:00, run_after=2024-05-29 00:00:00+00:00
[2024-05-29T01:14:46.694+0000] {processor.py:183} INFO - Processing /home/airflow/.local/lib/python3.12/site-packages/airflow/example_dags/example_task_group.py took 0.112 seconds
[2024-05-29T01:15:17.499+0000] {processor.py:161} INFO - Started process (PID=729) to work on /home/airflow/.local/lib/python3.12/site-packages/airflow/example_dags/example_task_group.py
[2024-05-29T01:15:17.501+0000] {processor.py:830} INFO - Processing file /home/airflow/.local/lib/python3.12/site-packages/airflow/example_dags/example_task_group.py for tasks to queue
[2024-05-29T01:15:17.504+0000] {logging_mixin.py:188} INFO - [2024-05-29T01:15:17.503+0000] {dagbag.py:545} INFO - Filling up the DagBag from /home/airflow/.local/lib/python3.12/site-packages/airflow/example_dags/example_task_group.py
[2024-05-29T01:15:17.512+0000] {processor.py:840} INFO - DAG(s) 'example_task_group' retrieved from /home/airflow/.local/lib/python3.12/site-packages/airflow/example_dags/example_task_group.py
[2024-05-29T01:15:17.547+0000] {logging_mixin.py:188} INFO - [2024-05-29T01:15:17.547+0000] {dag.py:3096} INFO - Sync 1 DAGs
[2024-05-29T01:15:17.571+0000] {logging_mixin.py:188} INFO - [2024-05-29T01:15:17.570+0000] {dag.py:3954} INFO - Setting next_dagrun for example_task_group to 2024-05-28 00:00:00+00:00, run_after=2024-05-29 00:00:00+00:00
[2024-05-29T01:15:17.591+0000] {processor.py:183} INFO - Processing /home/airflow/.local/lib/python3.12/site-packages/airflow/example_dags/example_task_group.py took 0.097 seconds
[2024-05-29T01:15:48.141+0000] {processor.py:161} INFO - Started process (PID=789) to work on /home/airflow/.local/lib/python3.12/site-packages/airflow/example_dags/example_task_group.py
[2024-05-29T01:15:48.143+0000] {processor.py:830} INFO - Processing file /home/airflow/.local/lib/python3.12/site-packages/airflow/example_dags/example_task_group.py for tasks to queue
[2024-05-29T01:15:48.145+0000] {logging_mixin.py:188} INFO - [2024-05-29T01:15:48.145+0000] {dagbag.py:545} INFO - Filling up the DagBag from /home/airflow/.local/lib/python3.12/site-packages/airflow/example_dags/example_task_group.py
[2024-05-29T01:15:48.153+0000] {processor.py:840} INFO - DAG(s) 'example_task_group' retrieved from /home/airflow/.local/lib/python3.12/site-packages/airflow/example_dags/example_task_group.py
[2024-05-29T01:15:48.176+0000] {logging_mixin.py:188} INFO - [2024-05-29T01:15:48.176+0000] {dag.py:3096} INFO - Sync 1 DAGs
[2024-05-29T01:15:48.202+0000] {logging_mixin.py:188} INFO - [2024-05-29T01:15:48.202+0000] {dag.py:3954} INFO - Setting next_dagrun for example_task_group to 2024-05-28 00:00:00+00:00, run_after=2024-05-29 00:00:00+00:00
[2024-05-29T01:15:48.227+0000] {processor.py:183} INFO - Processing /home/airflow/.local/lib/python3.12/site-packages/airflow/example_dags/example_task_group.py took 0.091 seconds
[2024-05-29T01:16:18.594+0000] {processor.py:161} INFO - Started process (PID=849) to work on /home/airflow/.local/lib/python3.12/site-packages/airflow/example_dags/example_task_group.py
[2024-05-29T01:16:18.595+0000] {processor.py:830} INFO - Processing file /home/airflow/.local/lib/python3.12/site-packages/airflow/example_dags/example_task_group.py for tasks to queue
[2024-05-29T01:16:18.598+0000] {logging_mixin.py:188} INFO - [2024-05-29T01:16:18.597+0000] {dagbag.py:545} INFO - Filling up the DagBag from /home/airflow/.local/lib/python3.12/site-packages/airflow/example_dags/example_task_group.py
[2024-05-29T01:16:18.607+0000] {processor.py:840} INFO - DAG(s) 'example_task_group' retrieved from /home/airflow/.local/lib/python3.12/site-packages/airflow/example_dags/example_task_group.py
[2024-05-29T01:16:18.635+0000] {logging_mixin.py:188} INFO - [2024-05-29T01:16:18.635+0000] {dag.py:3096} INFO - Sync 1 DAGs
[2024-05-29T01:16:18.662+0000] {logging_mixin.py:188} INFO - [2024-05-29T01:16:18.662+0000] {dag.py:3954} INFO - Setting next_dagrun for example_task_group to 2024-05-28 00:00:00+00:00, run_after=2024-05-29 00:00:00+00:00
[2024-05-29T01:16:18.687+0000] {processor.py:183} INFO - Processing /home/airflow/.local/lib/python3.12/site-packages/airflow/example_dags/example_task_group.py took 0.099 seconds
[2024-05-29T01:16:48.973+0000] {processor.py:161} INFO - Started process (PID=911) to work on /home/airflow/.local/lib/python3.12/site-packages/airflow/example_dags/example_task_group.py
[2024-05-29T01:16:48.975+0000] {processor.py:830} INFO - Processing file /home/airflow/.local/lib/python3.12/site-packages/airflow/example_dags/example_task_group.py for tasks to queue
[2024-05-29T01:16:48.977+0000] {logging_mixin.py:188} INFO - [2024-05-29T01:16:48.977+0000] {dagbag.py:545} INFO - Filling up the DagBag from /home/airflow/.local/lib/python3.12/site-packages/airflow/example_dags/example_task_group.py
[2024-05-29T01:16:48.986+0000] {processor.py:840} INFO - DAG(s) 'example_task_group' retrieved from /home/airflow/.local/lib/python3.12/site-packages/airflow/example_dags/example_task_group.py
[2024-05-29T01:16:49.015+0000] {logging_mixin.py:188} INFO - [2024-05-29T01:16:49.014+0000] {dag.py:3096} INFO - Sync 1 DAGs
[2024-05-29T01:16:49.044+0000] {logging_mixin.py:188} INFO - [2024-05-29T01:16:49.044+0000] {dag.py:3954} INFO - Setting next_dagrun for example_task_group to 2024-05-28 00:00:00+00:00, run_after=2024-05-29 00:00:00+00:00
[2024-05-29T01:16:49.067+0000] {processor.py:183} INFO - Processing /home/airflow/.local/lib/python3.12/site-packages/airflow/example_dags/example_task_group.py took 0.101 seconds
[2024-05-29T01:17:19.916+0000] {processor.py:161} INFO - Started process (PID=972) to work on /home/airflow/.local/lib/python3.12/site-packages/airflow/example_dags/example_task_group.py
[2024-05-29T01:17:19.917+0000] {processor.py:830} INFO - Processing file /home/airflow/.local/lib/python3.12/site-packages/airflow/example_dags/example_task_group.py for tasks to queue
[2024-05-29T01:17:19.919+0000] {logging_mixin.py:188} INFO - [2024-05-29T01:17:19.919+0000] {dagbag.py:545} INFO - Filling up the DagBag from /home/airflow/.local/lib/python3.12/site-packages/airflow/example_dags/example_task_group.py
[2024-05-29T01:17:19.931+0000] {processor.py:840} INFO - DAG(s) 'example_task_group' retrieved from /home/airflow/.local/lib/python3.12/site-packages/airflow/example_dags/example_task_group.py
[2024-05-29T01:17:19.961+0000] {logging_mixin.py:188} INFO - [2024-05-29T01:17:19.961+0000] {dag.py:3096} INFO - Sync 1 DAGs
[2024-05-29T01:17:19.992+0000] {logging_mixin.py:188} INFO - [2024-05-29T01:17:19.991+0000] {dag.py:3954} INFO - Setting next_dagrun for example_task_group to 2024-05-28 00:00:00+00:00, run_after=2024-05-29 00:00:00+00:00
[2024-05-29T01:17:20.016+0000] {processor.py:183} INFO - Processing /home/airflow/.local/lib/python3.12/site-packages/airflow/example_dags/example_task_group.py took 0.106 seconds
[2024-05-29T01:17:50.676+0000] {processor.py:161} INFO - Started process (PID=1034) to work on /home/airflow/.local/lib/python3.12/site-packages/airflow/example_dags/example_task_group.py
[2024-05-29T01:17:50.678+0000] {processor.py:830} INFO - Processing file /home/airflow/.local/lib/python3.12/site-packages/airflow/example_dags/example_task_group.py for tasks to queue
[2024-05-29T01:17:50.680+0000] {logging_mixin.py:188} INFO - [2024-05-29T01:17:50.680+0000] {dagbag.py:545} INFO - Filling up the DagBag from /home/airflow/.local/lib/python3.12/site-packages/airflow/example_dags/example_task_group.py
[2024-05-29T01:17:50.689+0000] {processor.py:840} INFO - DAG(s) 'example_task_group' retrieved from /home/airflow/.local/lib/python3.12/site-packages/airflow/example_dags/example_task_group.py
[2024-05-29T01:17:50.714+0000] {logging_mixin.py:188} INFO - [2024-05-29T01:17:50.714+0000] {dag.py:3096} INFO - Sync 1 DAGs
[2024-05-29T01:17:50.738+0000] {logging_mixin.py:188} INFO - [2024-05-29T01:17:50.738+0000] {dag.py:3954} INFO - Setting next_dagrun for example_task_group to 2024-05-28 00:00:00+00:00, run_after=2024-05-29 00:00:00+00:00
[2024-05-29T01:17:50.765+0000] {processor.py:183} INFO - Processing /home/airflow/.local/lib/python3.12/site-packages/airflow/example_dags/example_task_group.py took 0.094 seconds
[2024-05-29T01:18:21.082+0000] {processor.py:161} INFO - Started process (PID=1094) to work on /home/airflow/.local/lib/python3.12/site-packages/airflow/example_dags/example_task_group.py
[2024-05-29T01:18:21.083+0000] {processor.py:830} INFO - Processing file /home/airflow/.local/lib/python3.12/site-packages/airflow/example_dags/example_task_group.py for tasks to queue
[2024-05-29T01:18:21.086+0000] {logging_mixin.py:188} INFO - [2024-05-29T01:18:21.086+0000] {dagbag.py:545} INFO - Filling up the DagBag from /home/airflow/.local/lib/python3.12/site-packages/airflow/example_dags/example_task_group.py
[2024-05-29T01:18:21.094+0000] {processor.py:840} INFO - DAG(s) 'example_task_group' retrieved from /home/airflow/.local/lib/python3.12/site-packages/airflow/example_dags/example_task_group.py
[2024-05-29T01:18:21.119+0000] {logging_mixin.py:188} INFO - [2024-05-29T01:18:21.119+0000] {dag.py:3096} INFO - Sync 1 DAGs
[2024-05-29T01:18:21.145+0000] {logging_mixin.py:188} INFO - [2024-05-29T01:18:21.145+0000] {dag.py:3954} INFO - Setting next_dagrun for example_task_group to 2024-05-28 00:00:00+00:00, run_after=2024-05-29 00:00:00+00:00
[2024-05-29T01:18:21.172+0000] {processor.py:183} INFO - Processing /home/airflow/.local/lib/python3.12/site-packages/airflow/example_dags/example_task_group.py took 0.095 seconds
[2024-05-29T01:18:51.374+0000] {processor.py:161} INFO - Started process (PID=1156) to work on /home/airflow/.local/lib/python3.12/site-packages/airflow/example_dags/example_task_group.py
[2024-05-29T01:18:51.375+0000] {processor.py:830} INFO - Processing file /home/airflow/.local/lib/python3.12/site-packages/airflow/example_dags/example_task_group.py for tasks to queue
[2024-05-29T01:18:51.377+0000] {logging_mixin.py:188} INFO - [2024-05-29T01:18:51.377+0000] {dagbag.py:545} INFO - Filling up the DagBag from /home/airflow/.local/lib/python3.12/site-packages/airflow/example_dags/example_task_group.py
[2024-05-29T01:18:51.385+0000] {processor.py:840} INFO - DAG(s) 'example_task_group' retrieved from /home/airflow/.local/lib/python3.12/site-packages/airflow/example_dags/example_task_group.py
[2024-05-29T01:18:51.408+0000] {logging_mixin.py:188} INFO - [2024-05-29T01:18:51.408+0000] {dag.py:3096} INFO - Sync 1 DAGs
[2024-05-29T01:18:51.431+0000] {logging_mixin.py:188} INFO - [2024-05-29T01:18:51.431+0000] {dag.py:3954} INFO - Setting next_dagrun for example_task_group to 2024-05-28 00:00:00+00:00, run_after=2024-05-29 00:00:00+00:00
[2024-05-29T01:18:51.453+0000] {processor.py:183} INFO - Processing /home/airflow/.local/lib/python3.12/site-packages/airflow/example_dags/example_task_group.py took 0.085 seconds
[2024-05-29T01:19:22.684+0000] {processor.py:161} INFO - Started process (PID=1216) to work on /home/airflow/.local/lib/python3.12/site-packages/airflow/example_dags/example_task_group.py
[2024-05-29T01:19:22.686+0000] {processor.py:830} INFO - Processing file /home/airflow/.local/lib/python3.12/site-packages/airflow/example_dags/example_task_group.py for tasks to queue
[2024-05-29T01:19:22.689+0000] {logging_mixin.py:188} INFO - [2024-05-29T01:19:22.688+0000] {dagbag.py:545} INFO - Filling up the DagBag from /home/airflow/.local/lib/python3.12/site-packages/airflow/example_dags/example_task_group.py
[2024-05-29T01:19:22.699+0000] {processor.py:840} INFO - DAG(s) 'example_task_group' retrieved from /home/airflow/.local/lib/python3.12/site-packages/airflow/example_dags/example_task_group.py
[2024-05-29T01:19:22.723+0000] {logging_mixin.py:188} INFO - [2024-05-29T01:19:22.723+0000] {dag.py:3096} INFO - Sync 1 DAGs
[2024-05-29T01:19:22.750+0000] {logging_mixin.py:188} INFO - [2024-05-29T01:19:22.750+0000] {dag.py:3954} INFO - Setting next_dagrun for example_task_group to 2024-05-28 00:00:00+00:00, run_after=2024-05-29 00:00:00+00:00
[2024-05-29T01:19:22.779+0000] {processor.py:183} INFO - Processing /home/airflow/.local/lib/python3.12/site-packages/airflow/example_dags/example_task_group.py took 0.101 seconds
[2024-05-29T01:19:53.190+0000] {processor.py:161} INFO - Started process (PID=1276) to work on /home/airflow/.local/lib/python3.12/site-packages/airflow/example_dags/example_task_group.py
[2024-05-29T01:19:53.191+0000] {processor.py:830} INFO - Processing file /home/airflow/.local/lib/python3.12/site-packages/airflow/example_dags/example_task_group.py for tasks to queue
[2024-05-29T01:19:53.194+0000] {logging_mixin.py:188} INFO - [2024-05-29T01:19:53.194+0000] {dagbag.py:545} INFO - Filling up the DagBag from /home/airflow/.local/lib/python3.12/site-packages/airflow/example_dags/example_task_group.py
[2024-05-29T01:19:53.204+0000] {processor.py:840} INFO - DAG(s) 'example_task_group' retrieved from /home/airflow/.local/lib/python3.12/site-packages/airflow/example_dags/example_task_group.py
[2024-05-29T01:19:53.232+0000] {logging_mixin.py:188} INFO - [2024-05-29T01:19:53.232+0000] {dag.py:3096} INFO - Sync 1 DAGs
[2024-05-29T01:19:53.263+0000] {logging_mixin.py:188} INFO - [2024-05-29T01:19:53.263+0000] {dag.py:3954} INFO - Setting next_dagrun for example_task_group to 2024-05-28 00:00:00+00:00, run_after=2024-05-29 00:00:00+00:00
[2024-05-29T01:19:53.294+0000] {processor.py:183} INFO - Processing /home/airflow/.local/lib/python3.12/site-packages/airflow/example_dags/example_task_group.py took 0.112 seconds
[2024-05-29T01:20:23.574+0000] {processor.py:161} INFO - Started process (PID=1336) to work on /home/airflow/.local/lib/python3.12/site-packages/airflow/example_dags/example_task_group.py
[2024-05-29T01:20:23.576+0000] {processor.py:830} INFO - Processing file /home/airflow/.local/lib/python3.12/site-packages/airflow/example_dags/example_task_group.py for tasks to queue
[2024-05-29T01:20:23.579+0000] {logging_mixin.py:188} INFO - [2024-05-29T01:20:23.578+0000] {dagbag.py:545} INFO - Filling up the DagBag from /home/airflow/.local/lib/python3.12/site-packages/airflow/example_dags/example_task_group.py
[2024-05-29T01:20:23.587+0000] {processor.py:840} INFO - DAG(s) 'example_task_group' retrieved from /home/airflow/.local/lib/python3.12/site-packages/airflow/example_dags/example_task_group.py
[2024-05-29T01:20:23.612+0000] {logging_mixin.py:188} INFO - [2024-05-29T01:20:23.612+0000] {dag.py:3096} INFO - Sync 1 DAGs
[2024-05-29T01:20:23.641+0000] {logging_mixin.py:188} INFO - [2024-05-29T01:20:23.640+0000] {dag.py:3954} INFO - Setting next_dagrun for example_task_group to 2024-05-28 00:00:00+00:00, run_after=2024-05-29 00:00:00+00:00
[2024-05-29T01:20:23.665+0000] {processor.py:183} INFO - Processing /home/airflow/.local/lib/python3.12/site-packages/airflow/example_dags/example_task_group.py took 0.098 seconds
[2024-05-29T01:22:19.790+0000] {processor.py:161} INFO - Started process (PID=1396) to work on /home/airflow/.local/lib/python3.12/site-packages/airflow/example_dags/example_task_group.py
[2024-05-29T01:22:19.791+0000] {processor.py:830} INFO - Processing file /home/airflow/.local/lib/python3.12/site-packages/airflow/example_dags/example_task_group.py for tasks to queue
[2024-05-29T01:22:19.793+0000] {logging_mixin.py:188} INFO - [2024-05-29T01:22:19.792+0000] {dagbag.py:545} INFO - Filling up the DagBag from /home/airflow/.local/lib/python3.12/site-packages/airflow/example_dags/example_task_group.py
[2024-05-29T01:22:19.809+0000] {processor.py:840} INFO - DAG(s) 'example_task_group' retrieved from /home/airflow/.local/lib/python3.12/site-packages/airflow/example_dags/example_task_group.py
[2024-05-29T01:22:19.849+0000] {logging_mixin.py:188} INFO - [2024-05-29T01:22:19.848+0000] {dag.py:3096} INFO - Sync 1 DAGs
[2024-05-29T01:22:19.893+0000] {logging_mixin.py:188} INFO - [2024-05-29T01:22:19.893+0000] {dag.py:3954} INFO - Setting next_dagrun for example_task_group to 2024-05-28 00:00:00+00:00, run_after=2024-05-29 00:00:00+00:00
[2024-05-29T01:22:19.943+0000] {processor.py:183} INFO - Processing /home/airflow/.local/lib/python3.12/site-packages/airflow/example_dags/example_task_group.py took 0.164 seconds
[2024-05-29T01:22:50.649+0000] {processor.py:161} INFO - Started process (PID=1462) to work on /home/airflow/.local/lib/python3.12/site-packages/airflow/example_dags/example_task_group.py
[2024-05-29T01:22:50.651+0000] {processor.py:830} INFO - Processing file /home/airflow/.local/lib/python3.12/site-packages/airflow/example_dags/example_task_group.py for tasks to queue
[2024-05-29T01:22:50.653+0000] {logging_mixin.py:188} INFO - [2024-05-29T01:22:50.652+0000] {dagbag.py:545} INFO - Filling up the DagBag from /home/airflow/.local/lib/python3.12/site-packages/airflow/example_dags/example_task_group.py
[2024-05-29T01:22:50.669+0000] {processor.py:840} INFO - DAG(s) 'example_task_group' retrieved from /home/airflow/.local/lib/python3.12/site-packages/airflow/example_dags/example_task_group.py
[2024-05-29T01:22:50.805+0000] {logging_mixin.py:188} INFO - [2024-05-29T01:22:50.804+0000] {dag.py:3096} INFO - Sync 1 DAGs
[2024-05-29T01:22:50.867+0000] {logging_mixin.py:188} INFO - [2024-05-29T01:22:50.866+0000] {dag.py:3954} INFO - Setting next_dagrun for example_task_group to 2024-05-28 00:00:00+00:00, run_after=2024-05-29 00:00:00+00:00
[2024-05-29T01:22:50.947+0000] {processor.py:183} INFO - Processing /home/airflow/.local/lib/python3.12/site-packages/airflow/example_dags/example_task_group.py took 0.313 seconds
[2024-05-29T01:27:48.561+0000] {processor.py:161} INFO - Started process (PID=62) to work on /home/airflow/.local/lib/python3.12/site-packages/airflow/example_dags/example_task_group.py
[2024-05-29T01:27:48.562+0000] {processor.py:830} INFO - Processing file /home/airflow/.local/lib/python3.12/site-packages/airflow/example_dags/example_task_group.py for tasks to queue
[2024-05-29T01:27:48.566+0000] {logging_mixin.py:188} INFO - [2024-05-29T01:27:48.565+0000] {dagbag.py:545} INFO - Filling up the DagBag from /home/airflow/.local/lib/python3.12/site-packages/airflow/example_dags/example_task_group.py
[2024-05-29T01:27:48.582+0000] {processor.py:840} INFO - DAG(s) 'example_task_group' retrieved from /home/airflow/.local/lib/python3.12/site-packages/airflow/example_dags/example_task_group.py
[2024-05-29T01:27:48.628+0000] {logging_mixin.py:188} INFO - [2024-05-29T01:27:48.627+0000] {dag.py:3096} INFO - Sync 1 DAGs
[2024-05-29T01:27:48.692+0000] {logging_mixin.py:188} INFO - [2024-05-29T01:27:48.692+0000] {dag.py:3954} INFO - Setting next_dagrun for example_task_group to 2024-05-28 00:00:00+00:00, run_after=2024-05-29 00:00:00+00:00
[2024-05-29T01:27:48.720+0000] {processor.py:183} INFO - Processing /home/airflow/.local/lib/python3.12/site-packages/airflow/example_dags/example_task_group.py took 0.173 seconds
[2024-05-29T01:28:19.361+0000] {processor.py:161} INFO - Started process (PID=121) to work on /home/airflow/.local/lib/python3.12/site-packages/airflow/example_dags/example_task_group.py
[2024-05-29T01:28:19.362+0000] {processor.py:830} INFO - Processing file /home/airflow/.local/lib/python3.12/site-packages/airflow/example_dags/example_task_group.py for tasks to queue
[2024-05-29T01:28:19.365+0000] {logging_mixin.py:188} INFO - [2024-05-29T01:28:19.365+0000] {dagbag.py:545} INFO - Filling up the DagBag from /home/airflow/.local/lib/python3.12/site-packages/airflow/example_dags/example_task_group.py
[2024-05-29T01:28:19.377+0000] {processor.py:840} INFO - DAG(s) 'example_task_group' retrieved from /home/airflow/.local/lib/python3.12/site-packages/airflow/example_dags/example_task_group.py
[2024-05-29T01:28:19.421+0000] {logging_mixin.py:188} INFO - [2024-05-29T01:28:19.421+0000] {dag.py:3096} INFO - Sync 1 DAGs
[2024-05-29T01:28:19.504+0000] {logging_mixin.py:188} INFO - [2024-05-29T01:28:19.504+0000] {dag.py:3954} INFO - Setting next_dagrun for example_task_group to 2024-05-28 00:00:00+00:00, run_after=2024-05-29 00:00:00+00:00
[2024-05-29T01:28:19.571+0000] {processor.py:183} INFO - Processing /home/airflow/.local/lib/python3.12/site-packages/airflow/example_dags/example_task_group.py took 0.217 seconds
