[2024-05-29T01:09:22.448+0000] {processor.py:161} INFO - Started process (PID=31) to work on /home/airflow/.local/lib/python3.12/site-packages/airflow/example_dags/example_python_operator.py
[2024-05-29T01:09:22.450+0000] {processor.py:830} INFO - Processing file /home/airflow/.local/lib/python3.12/site-packages/airflow/example_dags/example_python_operator.py for tasks to queue
[2024-05-29T01:09:22.455+0000] {logging_mixin.py:188} INFO - [2024-05-29T01:09:22.454+0000] {dagbag.py:545} INFO - Filling up the DagBag from /home/airflow/.local/lib/python3.12/site-packages/airflow/example_dags/example_python_operator.py
[2024-05-29T01:09:22.520+0000] {processor.py:840} INFO - DAG(s) 'example_python_operator' retrieved from /home/airflow/.local/lib/python3.12/site-packages/airflow/example_dags/example_python_operator.py
[2024-05-29T01:09:23.078+0000] {logging_mixin.py:188} INFO - [2024-05-29T01:09:23.077+0000] {override.py:1829} INFO - Created Permission View: can edit on DAG:example_python_operator
[2024-05-29T01:09:23.115+0000] {logging_mixin.py:188} INFO - [2024-05-29T01:09:23.115+0000] {override.py:1829} INFO - Created Permission View: can delete on DAG:example_python_operator
[2024-05-29T01:09:23.153+0000] {logging_mixin.py:188} INFO - [2024-05-29T01:09:23.152+0000] {override.py:1829} INFO - Created Permission View: can read on DAG:example_python_operator
[2024-05-29T01:09:23.157+0000] {logging_mixin.py:188} INFO - [2024-05-29T01:09:23.156+0000] {dag.py:3096} INFO - Sync 1 DAGs
[2024-05-29T01:09:23.195+0000] {logging_mixin.py:188} INFO - [2024-05-29T01:09:23.194+0000] {dag.py:3118} INFO - Creating ORM DAG for example_python_operator
[2024-05-29T01:09:23.201+0000] {logging_mixin.py:188} INFO - [2024-05-29T01:09:23.201+0000] {dag.py:3954} INFO - Setting next_dagrun for example_python_operator to None, run_after=None
[2024-05-29T01:09:23.342+0000] {processor.py:183} INFO - Processing /home/airflow/.local/lib/python3.12/site-packages/airflow/example_dags/example_python_operator.py took 0.908 seconds
[2024-05-29T01:09:54.113+0000] {processor.py:161} INFO - Started process (PID=90) to work on /home/airflow/.local/lib/python3.12/site-packages/airflow/example_dags/example_python_operator.py
[2024-05-29T01:09:54.116+0000] {processor.py:830} INFO - Processing file /home/airflow/.local/lib/python3.12/site-packages/airflow/example_dags/example_python_operator.py for tasks to queue
[2024-05-29T01:09:54.124+0000] {logging_mixin.py:188} INFO - [2024-05-29T01:09:54.123+0000] {dagbag.py:545} INFO - Filling up the DagBag from /home/airflow/.local/lib/python3.12/site-packages/airflow/example_dags/example_python_operator.py
[2024-05-29T01:09:54.180+0000] {processor.py:840} INFO - DAG(s) 'example_python_operator' retrieved from /home/airflow/.local/lib/python3.12/site-packages/airflow/example_dags/example_python_operator.py
[2024-05-29T01:09:54.294+0000] {logging_mixin.py:188} INFO - [2024-05-29T01:09:54.294+0000] {dag.py:3096} INFO - Sync 1 DAGs
[2024-05-29T01:09:54.339+0000] {logging_mixin.py:188} INFO - [2024-05-29T01:09:54.338+0000] {dag.py:3954} INFO - Setting next_dagrun for example_python_operator to None, run_after=None
[2024-05-29T01:09:54.382+0000] {processor.py:183} INFO - Processing /home/airflow/.local/lib/python3.12/site-packages/airflow/example_dags/example_python_operator.py took 0.289 seconds
[2024-05-29T01:10:24.721+0000] {processor.py:161} INFO - Started process (PID=150) to work on /home/airflow/.local/lib/python3.12/site-packages/airflow/example_dags/example_python_operator.py
[2024-05-29T01:10:24.722+0000] {processor.py:830} INFO - Processing file /home/airflow/.local/lib/python3.12/site-packages/airflow/example_dags/example_python_operator.py for tasks to queue
[2024-05-29T01:10:24.727+0000] {logging_mixin.py:188} INFO - [2024-05-29T01:10:24.725+0000] {dagbag.py:545} INFO - Filling up the DagBag from /home/airflow/.local/lib/python3.12/site-packages/airflow/example_dags/example_python_operator.py
[2024-05-29T01:10:24.742+0000] {processor.py:840} INFO - DAG(s) 'example_python_operator' retrieved from /home/airflow/.local/lib/python3.12/site-packages/airflow/example_dags/example_python_operator.py
[2024-05-29T01:10:24.789+0000] {logging_mixin.py:188} INFO - [2024-05-29T01:10:24.788+0000] {dag.py:3096} INFO - Sync 1 DAGs
[2024-05-29T01:10:24.812+0000] {logging_mixin.py:188} INFO - [2024-05-29T01:10:24.811+0000] {dag.py:3954} INFO - Setting next_dagrun for example_python_operator to None, run_after=None
[2024-05-29T01:10:24.841+0000] {processor.py:183} INFO - Processing /home/airflow/.local/lib/python3.12/site-packages/airflow/example_dags/example_python_operator.py took 0.131 seconds
[2024-05-29T01:10:54.949+0000] {processor.py:161} INFO - Started process (PID=210) to work on /home/airflow/.local/lib/python3.12/site-packages/airflow/example_dags/example_python_operator.py
[2024-05-29T01:10:54.950+0000] {processor.py:830} INFO - Processing file /home/airflow/.local/lib/python3.12/site-packages/airflow/example_dags/example_python_operator.py for tasks to queue
[2024-05-29T01:10:54.953+0000] {logging_mixin.py:188} INFO - [2024-05-29T01:10:54.953+0000] {dagbag.py:545} INFO - Filling up the DagBag from /home/airflow/.local/lib/python3.12/site-packages/airflow/example_dags/example_python_operator.py
[2024-05-29T01:10:54.967+0000] {processor.py:840} INFO - DAG(s) 'example_python_operator' retrieved from /home/airflow/.local/lib/python3.12/site-packages/airflow/example_dags/example_python_operator.py
[2024-05-29T01:10:54.995+0000] {logging_mixin.py:188} INFO - [2024-05-29T01:10:54.995+0000] {dag.py:3096} INFO - Sync 1 DAGs
[2024-05-29T01:10:55.011+0000] {logging_mixin.py:188} INFO - [2024-05-29T01:10:55.011+0000] {dag.py:3954} INFO - Setting next_dagrun for example_python_operator to None, run_after=None
[2024-05-29T01:10:55.037+0000] {processor.py:183} INFO - Processing /home/airflow/.local/lib/python3.12/site-packages/airflow/example_dags/example_python_operator.py took 0.095 seconds
[2024-05-29T01:11:25.249+0000] {processor.py:161} INFO - Started process (PID=270) to work on /home/airflow/.local/lib/python3.12/site-packages/airflow/example_dags/example_python_operator.py
[2024-05-29T01:11:25.251+0000] {processor.py:830} INFO - Processing file /home/airflow/.local/lib/python3.12/site-packages/airflow/example_dags/example_python_operator.py for tasks to queue
[2024-05-29T01:11:25.254+0000] {logging_mixin.py:188} INFO - [2024-05-29T01:11:25.254+0000] {dagbag.py:545} INFO - Filling up the DagBag from /home/airflow/.local/lib/python3.12/site-packages/airflow/example_dags/example_python_operator.py
[2024-05-29T01:11:25.274+0000] {processor.py:840} INFO - DAG(s) 'example_python_operator' retrieved from /home/airflow/.local/lib/python3.12/site-packages/airflow/example_dags/example_python_operator.py
[2024-05-29T01:11:25.310+0000] {logging_mixin.py:188} INFO - [2024-05-29T01:11:25.310+0000] {dag.py:3096} INFO - Sync 1 DAGs
[2024-05-29T01:11:25.333+0000] {logging_mixin.py:188} INFO - [2024-05-29T01:11:25.333+0000] {dag.py:3954} INFO - Setting next_dagrun for example_python_operator to None, run_after=None
[2024-05-29T01:11:25.359+0000] {processor.py:183} INFO - Processing /home/airflow/.local/lib/python3.12/site-packages/airflow/example_dags/example_python_operator.py took 0.124 seconds
[2024-05-29T01:11:55.701+0000] {processor.py:161} INFO - Started process (PID=331) to work on /home/airflow/.local/lib/python3.12/site-packages/airflow/example_dags/example_python_operator.py
[2024-05-29T01:11:55.717+0000] {processor.py:830} INFO - Processing file /home/airflow/.local/lib/python3.12/site-packages/airflow/example_dags/example_python_operator.py for tasks to queue
[2024-05-29T01:11:55.724+0000] {logging_mixin.py:188} INFO - [2024-05-29T01:11:55.723+0000] {dagbag.py:545} INFO - Filling up the DagBag from /home/airflow/.local/lib/python3.12/site-packages/airflow/example_dags/example_python_operator.py
[2024-05-29T01:11:55.803+0000] {processor.py:840} INFO - DAG(s) 'example_python_operator' retrieved from /home/airflow/.local/lib/python3.12/site-packages/airflow/example_dags/example_python_operator.py
[2024-05-29T01:11:55.921+0000] {logging_mixin.py:188} INFO - [2024-05-29T01:11:55.920+0000] {dag.py:3096} INFO - Sync 1 DAGs
[2024-05-29T01:11:55.972+0000] {logging_mixin.py:188} INFO - [2024-05-29T01:11:55.971+0000] {dag.py:3954} INFO - Setting next_dagrun for example_python_operator to None, run_after=None
[2024-05-29T01:11:56.086+0000] {processor.py:183} INFO - Processing /home/airflow/.local/lib/python3.12/site-packages/airflow/example_dags/example_python_operator.py took 0.411 seconds
[2024-05-29T01:12:26.704+0000] {processor.py:161} INFO - Started process (PID=391) to work on /home/airflow/.local/lib/python3.12/site-packages/airflow/example_dags/example_python_operator.py
[2024-05-29T01:12:26.706+0000] {processor.py:830} INFO - Processing file /home/airflow/.local/lib/python3.12/site-packages/airflow/example_dags/example_python_operator.py for tasks to queue
[2024-05-29T01:12:26.709+0000] {logging_mixin.py:188} INFO - [2024-05-29T01:12:26.708+0000] {dagbag.py:545} INFO - Filling up the DagBag from /home/airflow/.local/lib/python3.12/site-packages/airflow/example_dags/example_python_operator.py
[2024-05-29T01:12:26.729+0000] {processor.py:840} INFO - DAG(s) 'example_python_operator' retrieved from /home/airflow/.local/lib/python3.12/site-packages/airflow/example_dags/example_python_operator.py
[2024-05-29T01:12:26.775+0000] {logging_mixin.py:188} INFO - [2024-05-29T01:12:26.774+0000] {dag.py:3096} INFO - Sync 1 DAGs
[2024-05-29T01:12:26.813+0000] {logging_mixin.py:188} INFO - [2024-05-29T01:12:26.812+0000] {dag.py:3954} INFO - Setting next_dagrun for example_python_operator to None, run_after=None
[2024-05-29T01:12:26.858+0000] {processor.py:183} INFO - Processing /home/airflow/.local/lib/python3.12/site-packages/airflow/example_dags/example_python_operator.py took 0.165 seconds
[2024-05-29T01:12:57.182+0000] {processor.py:161} INFO - Started process (PID=451) to work on /home/airflow/.local/lib/python3.12/site-packages/airflow/example_dags/example_python_operator.py
[2024-05-29T01:12:57.183+0000] {processor.py:830} INFO - Processing file /home/airflow/.local/lib/python3.12/site-packages/airflow/example_dags/example_python_operator.py for tasks to queue
[2024-05-29T01:12:57.186+0000] {logging_mixin.py:188} INFO - [2024-05-29T01:12:57.185+0000] {dagbag.py:545} INFO - Filling up the DagBag from /home/airflow/.local/lib/python3.12/site-packages/airflow/example_dags/example_python_operator.py
[2024-05-29T01:12:57.201+0000] {processor.py:840} INFO - DAG(s) 'example_python_operator' retrieved from /home/airflow/.local/lib/python3.12/site-packages/airflow/example_dags/example_python_operator.py
[2024-05-29T01:12:57.238+0000] {logging_mixin.py:188} INFO - [2024-05-29T01:12:57.238+0000] {dag.py:3096} INFO - Sync 1 DAGs
[2024-05-29T01:12:57.260+0000] {logging_mixin.py:188} INFO - [2024-05-29T01:12:57.259+0000] {dag.py:3954} INFO - Setting next_dagrun for example_python_operator to None, run_after=None
[2024-05-29T01:12:57.290+0000] {processor.py:183} INFO - Processing /home/airflow/.local/lib/python3.12/site-packages/airflow/example_dags/example_python_operator.py took 0.115 seconds
[2024-05-29T01:13:27.342+0000] {processor.py:161} INFO - Started process (PID=511) to work on /home/airflow/.local/lib/python3.12/site-packages/airflow/example_dags/example_python_operator.py
[2024-05-29T01:13:27.343+0000] {processor.py:830} INFO - Processing file /home/airflow/.local/lib/python3.12/site-packages/airflow/example_dags/example_python_operator.py for tasks to queue
[2024-05-29T01:13:27.345+0000] {logging_mixin.py:188} INFO - [2024-05-29T01:13:27.345+0000] {dagbag.py:545} INFO - Filling up the DagBag from /home/airflow/.local/lib/python3.12/site-packages/airflow/example_dags/example_python_operator.py
[2024-05-29T01:13:27.356+0000] {processor.py:840} INFO - DAG(s) 'example_python_operator' retrieved from /home/airflow/.local/lib/python3.12/site-packages/airflow/example_dags/example_python_operator.py
[2024-05-29T01:13:27.385+0000] {logging_mixin.py:188} INFO - [2024-05-29T01:13:27.385+0000] {dag.py:3096} INFO - Sync 1 DAGs
[2024-05-29T01:13:27.402+0000] {logging_mixin.py:188} INFO - [2024-05-29T01:13:27.402+0000] {dag.py:3954} INFO - Setting next_dagrun for example_python_operator to None, run_after=None
[2024-05-29T01:13:27.429+0000] {processor.py:183} INFO - Processing /home/airflow/.local/lib/python3.12/site-packages/airflow/example_dags/example_python_operator.py took 0.094 seconds
[2024-05-29T01:13:58.047+0000] {processor.py:161} INFO - Started process (PID=569) to work on /home/airflow/.local/lib/python3.12/site-packages/airflow/example_dags/example_python_operator.py
[2024-05-29T01:13:58.049+0000] {processor.py:830} INFO - Processing file /home/airflow/.local/lib/python3.12/site-packages/airflow/example_dags/example_python_operator.py for tasks to queue
[2024-05-29T01:13:58.051+0000] {logging_mixin.py:188} INFO - [2024-05-29T01:13:58.051+0000] {dagbag.py:545} INFO - Filling up the DagBag from /home/airflow/.local/lib/python3.12/site-packages/airflow/example_dags/example_python_operator.py
[2024-05-29T01:13:58.065+0000] {processor.py:840} INFO - DAG(s) 'example_python_operator' retrieved from /home/airflow/.local/lib/python3.12/site-packages/airflow/example_dags/example_python_operator.py
[2024-05-29T01:13:58.099+0000] {logging_mixin.py:188} INFO - [2024-05-29T01:13:58.099+0000] {dag.py:3096} INFO - Sync 1 DAGs
[2024-05-29T01:13:58.118+0000] {logging_mixin.py:188} INFO - [2024-05-29T01:13:58.118+0000] {dag.py:3954} INFO - Setting next_dagrun for example_python_operator to None, run_after=None
[2024-05-29T01:13:58.144+0000] {processor.py:183} INFO - Processing /home/airflow/.local/lib/python3.12/site-packages/airflow/example_dags/example_python_operator.py took 0.105 seconds
[2024-05-29T01:14:28.435+0000] {processor.py:161} INFO - Started process (PID=629) to work on /home/airflow/.local/lib/python3.12/site-packages/airflow/example_dags/example_python_operator.py
[2024-05-29T01:14:28.437+0000] {processor.py:830} INFO - Processing file /home/airflow/.local/lib/python3.12/site-packages/airflow/example_dags/example_python_operator.py for tasks to queue
[2024-05-29T01:14:28.439+0000] {logging_mixin.py:188} INFO - [2024-05-29T01:14:28.439+0000] {dagbag.py:545} INFO - Filling up the DagBag from /home/airflow/.local/lib/python3.12/site-packages/airflow/example_dags/example_python_operator.py
[2024-05-29T01:14:28.451+0000] {processor.py:840} INFO - DAG(s) 'example_python_operator' retrieved from /home/airflow/.local/lib/python3.12/site-packages/airflow/example_dags/example_python_operator.py
[2024-05-29T01:14:28.476+0000] {logging_mixin.py:188} INFO - [2024-05-29T01:14:28.475+0000] {dag.py:3096} INFO - Sync 1 DAGs
[2024-05-29T01:14:28.490+0000] {logging_mixin.py:188} INFO - [2024-05-29T01:14:28.490+0000] {dag.py:3954} INFO - Setting next_dagrun for example_python_operator to None, run_after=None
[2024-05-29T01:14:28.515+0000] {processor.py:183} INFO - Processing /home/airflow/.local/lib/python3.12/site-packages/airflow/example_dags/example_python_operator.py took 0.086 seconds
[2024-05-29T01:14:58.852+0000] {processor.py:161} INFO - Started process (PID=695) to work on /home/airflow/.local/lib/python3.12/site-packages/airflow/example_dags/example_python_operator.py
[2024-05-29T01:14:58.854+0000] {processor.py:830} INFO - Processing file /home/airflow/.local/lib/python3.12/site-packages/airflow/example_dags/example_python_operator.py for tasks to queue
[2024-05-29T01:14:58.857+0000] {logging_mixin.py:188} INFO - [2024-05-29T01:14:58.856+0000] {dagbag.py:545} INFO - Filling up the DagBag from /home/airflow/.local/lib/python3.12/site-packages/airflow/example_dags/example_python_operator.py
[2024-05-29T01:14:58.868+0000] {processor.py:840} INFO - DAG(s) 'example_python_operator' retrieved from /home/airflow/.local/lib/python3.12/site-packages/airflow/example_dags/example_python_operator.py
[2024-05-29T01:14:58.893+0000] {logging_mixin.py:188} INFO - [2024-05-29T01:14:58.893+0000] {dag.py:3096} INFO - Sync 1 DAGs
[2024-05-29T01:14:58.906+0000] {logging_mixin.py:188} INFO - [2024-05-29T01:14:58.905+0000] {dag.py:3954} INFO - Setting next_dagrun for example_python_operator to None, run_after=None
[2024-05-29T01:14:58.930+0000] {processor.py:183} INFO - Processing /home/airflow/.local/lib/python3.12/site-packages/airflow/example_dags/example_python_operator.py took 0.084 seconds
[2024-05-29T01:15:29.691+0000] {processor.py:161} INFO - Started process (PID=755) to work on /home/airflow/.local/lib/python3.12/site-packages/airflow/example_dags/example_python_operator.py
[2024-05-29T01:15:29.692+0000] {processor.py:830} INFO - Processing file /home/airflow/.local/lib/python3.12/site-packages/airflow/example_dags/example_python_operator.py for tasks to queue
[2024-05-29T01:15:29.695+0000] {logging_mixin.py:188} INFO - [2024-05-29T01:15:29.695+0000] {dagbag.py:545} INFO - Filling up the DagBag from /home/airflow/.local/lib/python3.12/site-packages/airflow/example_dags/example_python_operator.py
[2024-05-29T01:15:29.706+0000] {processor.py:840} INFO - DAG(s) 'example_python_operator' retrieved from /home/airflow/.local/lib/python3.12/site-packages/airflow/example_dags/example_python_operator.py
[2024-05-29T01:15:29.730+0000] {logging_mixin.py:188} INFO - [2024-05-29T01:15:29.730+0000] {dag.py:3096} INFO - Sync 1 DAGs
[2024-05-29T01:15:29.746+0000] {logging_mixin.py:188} INFO - [2024-05-29T01:15:29.745+0000] {dag.py:3954} INFO - Setting next_dagrun for example_python_operator to None, run_after=None
[2024-05-29T01:15:29.771+0000] {processor.py:183} INFO - Processing /home/airflow/.local/lib/python3.12/site-packages/airflow/example_dags/example_python_operator.py took 0.086 seconds
[2024-05-29T01:16:00.395+0000] {processor.py:161} INFO - Started process (PID=815) to work on /home/airflow/.local/lib/python3.12/site-packages/airflow/example_dags/example_python_operator.py
[2024-05-29T01:16:00.396+0000] {processor.py:830} INFO - Processing file /home/airflow/.local/lib/python3.12/site-packages/airflow/example_dags/example_python_operator.py for tasks to queue
[2024-05-29T01:16:00.398+0000] {logging_mixin.py:188} INFO - [2024-05-29T01:16:00.398+0000] {dagbag.py:545} INFO - Filling up the DagBag from /home/airflow/.local/lib/python3.12/site-packages/airflow/example_dags/example_python_operator.py
[2024-05-29T01:16:00.408+0000] {processor.py:840} INFO - DAG(s) 'example_python_operator' retrieved from /home/airflow/.local/lib/python3.12/site-packages/airflow/example_dags/example_python_operator.py
[2024-05-29T01:16:00.431+0000] {logging_mixin.py:188} INFO - [2024-05-29T01:16:00.431+0000] {dag.py:3096} INFO - Sync 1 DAGs
[2024-05-29T01:16:00.444+0000] {logging_mixin.py:188} INFO - [2024-05-29T01:16:00.444+0000] {dag.py:3954} INFO - Setting next_dagrun for example_python_operator to None, run_after=None
[2024-05-29T01:16:00.464+0000] {processor.py:183} INFO - Processing /home/airflow/.local/lib/python3.12/site-packages/airflow/example_dags/example_python_operator.py took 0.075 seconds
[2024-05-29T01:16:30.821+0000] {processor.py:161} INFO - Started process (PID=875) to work on /home/airflow/.local/lib/python3.12/site-packages/airflow/example_dags/example_python_operator.py
[2024-05-29T01:16:30.823+0000] {processor.py:830} INFO - Processing file /home/airflow/.local/lib/python3.12/site-packages/airflow/example_dags/example_python_operator.py for tasks to queue
[2024-05-29T01:16:30.825+0000] {logging_mixin.py:188} INFO - [2024-05-29T01:16:30.824+0000] {dagbag.py:545} INFO - Filling up the DagBag from /home/airflow/.local/lib/python3.12/site-packages/airflow/example_dags/example_python_operator.py
[2024-05-29T01:16:30.835+0000] {processor.py:840} INFO - DAG(s) 'example_python_operator' retrieved from /home/airflow/.local/lib/python3.12/site-packages/airflow/example_dags/example_python_operator.py
[2024-05-29T01:16:30.860+0000] {logging_mixin.py:188} INFO - [2024-05-29T01:16:30.859+0000] {dag.py:3096} INFO - Sync 1 DAGs
[2024-05-29T01:16:30.873+0000] {logging_mixin.py:188} INFO - [2024-05-29T01:16:30.872+0000] {dag.py:3954} INFO - Setting next_dagrun for example_python_operator to None, run_after=None
[2024-05-29T01:16:30.897+0000] {processor.py:183} INFO - Processing /home/airflow/.local/lib/python3.12/site-packages/airflow/example_dags/example_python_operator.py took 0.081 seconds
[2024-05-29T01:17:01.226+0000] {processor.py:161} INFO - Started process (PID=937) to work on /home/airflow/.local/lib/python3.12/site-packages/airflow/example_dags/example_python_operator.py
[2024-05-29T01:17:01.231+0000] {processor.py:830} INFO - Processing file /home/airflow/.local/lib/python3.12/site-packages/airflow/example_dags/example_python_operator.py for tasks to queue
[2024-05-29T01:17:01.239+0000] {logging_mixin.py:188} INFO - [2024-05-29T01:17:01.238+0000] {dagbag.py:545} INFO - Filling up the DagBag from /home/airflow/.local/lib/python3.12/site-packages/airflow/example_dags/example_python_operator.py
[2024-05-29T01:17:01.259+0000] {processor.py:840} INFO - DAG(s) 'example_python_operator' retrieved from /home/airflow/.local/lib/python3.12/site-packages/airflow/example_dags/example_python_operator.py
[2024-05-29T01:17:01.316+0000] {logging_mixin.py:188} INFO - [2024-05-29T01:17:01.315+0000] {dag.py:3096} INFO - Sync 1 DAGs
[2024-05-29T01:17:01.349+0000] {logging_mixin.py:188} INFO - [2024-05-29T01:17:01.349+0000] {dag.py:3954} INFO - Setting next_dagrun for example_python_operator to None, run_after=None
[2024-05-29T01:17:01.394+0000] {processor.py:183} INFO - Processing /home/airflow/.local/lib/python3.12/site-packages/airflow/example_dags/example_python_operator.py took 0.200 seconds
[2024-05-29T01:17:31.583+0000] {processor.py:161} INFO - Started process (PID=1002) to work on /home/airflow/.local/lib/python3.12/site-packages/airflow/example_dags/example_python_operator.py
[2024-05-29T01:17:31.584+0000] {processor.py:830} INFO - Processing file /home/airflow/.local/lib/python3.12/site-packages/airflow/example_dags/example_python_operator.py for tasks to queue
[2024-05-29T01:17:31.586+0000] {logging_mixin.py:188} INFO - [2024-05-29T01:17:31.586+0000] {dagbag.py:545} INFO - Filling up the DagBag from /home/airflow/.local/lib/python3.12/site-packages/airflow/example_dags/example_python_operator.py
[2024-05-29T01:17:31.596+0000] {processor.py:840} INFO - DAG(s) 'example_python_operator' retrieved from /home/airflow/.local/lib/python3.12/site-packages/airflow/example_dags/example_python_operator.py
[2024-05-29T01:17:31.620+0000] {logging_mixin.py:188} INFO - [2024-05-29T01:17:31.619+0000] {dag.py:3096} INFO - Sync 1 DAGs
[2024-05-29T01:17:31.633+0000] {logging_mixin.py:188} INFO - [2024-05-29T01:17:31.633+0000] {dag.py:3954} INFO - Setting next_dagrun for example_python_operator to None, run_after=None
[2024-05-29T01:17:31.657+0000] {processor.py:183} INFO - Processing /home/airflow/.local/lib/python3.12/site-packages/airflow/example_dags/example_python_operator.py took 0.080 seconds
[2024-05-29T01:18:01.892+0000] {processor.py:161} INFO - Started process (PID=1062) to work on /home/airflow/.local/lib/python3.12/site-packages/airflow/example_dags/example_python_operator.py
[2024-05-29T01:18:01.893+0000] {processor.py:830} INFO - Processing file /home/airflow/.local/lib/python3.12/site-packages/airflow/example_dags/example_python_operator.py for tasks to queue
[2024-05-29T01:18:01.895+0000] {logging_mixin.py:188} INFO - [2024-05-29T01:18:01.895+0000] {dagbag.py:545} INFO - Filling up the DagBag from /home/airflow/.local/lib/python3.12/site-packages/airflow/example_dags/example_python_operator.py
[2024-05-29T01:18:01.906+0000] {processor.py:840} INFO - DAG(s) 'example_python_operator' retrieved from /home/airflow/.local/lib/python3.12/site-packages/airflow/example_dags/example_python_operator.py
[2024-05-29T01:18:01.935+0000] {logging_mixin.py:188} INFO - [2024-05-29T01:18:01.934+0000] {dag.py:3096} INFO - Sync 1 DAGs
[2024-05-29T01:18:01.948+0000] {logging_mixin.py:188} INFO - [2024-05-29T01:18:01.948+0000] {dag.py:3954} INFO - Setting next_dagrun for example_python_operator to None, run_after=None
[2024-05-29T01:18:01.973+0000] {processor.py:183} INFO - Processing /home/airflow/.local/lib/python3.12/site-packages/airflow/example_dags/example_python_operator.py took 0.086 seconds
[2024-05-29T01:18:32.421+0000] {processor.py:161} INFO - Started process (PID=1122) to work on /home/airflow/.local/lib/python3.12/site-packages/airflow/example_dags/example_python_operator.py
[2024-05-29T01:18:32.423+0000] {processor.py:830} INFO - Processing file /home/airflow/.local/lib/python3.12/site-packages/airflow/example_dags/example_python_operator.py for tasks to queue
[2024-05-29T01:18:32.426+0000] {logging_mixin.py:188} INFO - [2024-05-29T01:18:32.425+0000] {dagbag.py:545} INFO - Filling up the DagBag from /home/airflow/.local/lib/python3.12/site-packages/airflow/example_dags/example_python_operator.py
[2024-05-29T01:18:32.440+0000] {processor.py:840} INFO - DAG(s) 'example_python_operator' retrieved from /home/airflow/.local/lib/python3.12/site-packages/airflow/example_dags/example_python_operator.py
[2024-05-29T01:18:32.467+0000] {logging_mixin.py:188} INFO - [2024-05-29T01:18:32.466+0000] {dag.py:3096} INFO - Sync 1 DAGs
[2024-05-29T01:18:32.484+0000] {logging_mixin.py:188} INFO - [2024-05-29T01:18:32.484+0000] {dag.py:3954} INFO - Setting next_dagrun for example_python_operator to None, run_after=None
[2024-05-29T01:18:32.510+0000] {processor.py:183} INFO - Processing /home/airflow/.local/lib/python3.12/site-packages/airflow/example_dags/example_python_operator.py took 0.100 seconds
[2024-05-29T01:19:02.584+0000] {processor.py:161} INFO - Started process (PID=1182) to work on /home/airflow/.local/lib/python3.12/site-packages/airflow/example_dags/example_python_operator.py
[2024-05-29T01:19:02.586+0000] {processor.py:830} INFO - Processing file /home/airflow/.local/lib/python3.12/site-packages/airflow/example_dags/example_python_operator.py for tasks to queue
[2024-05-29T01:19:02.589+0000] {logging_mixin.py:188} INFO - [2024-05-29T01:19:02.588+0000] {dagbag.py:545} INFO - Filling up the DagBag from /home/airflow/.local/lib/python3.12/site-packages/airflow/example_dags/example_python_operator.py
[2024-05-29T01:19:02.605+0000] {processor.py:840} INFO - DAG(s) 'example_python_operator' retrieved from /home/airflow/.local/lib/python3.12/site-packages/airflow/example_dags/example_python_operator.py
[2024-05-29T01:19:02.636+0000] {logging_mixin.py:188} INFO - [2024-05-29T01:19:02.635+0000] {dag.py:3096} INFO - Sync 1 DAGs
[2024-05-29T01:19:02.651+0000] {logging_mixin.py:188} INFO - [2024-05-29T01:19:02.651+0000] {dag.py:3954} INFO - Setting next_dagrun for example_python_operator to None, run_after=None
[2024-05-29T01:19:02.679+0000] {processor.py:183} INFO - Processing /home/airflow/.local/lib/python3.12/site-packages/airflow/example_dags/example_python_operator.py took 0.101 seconds
[2024-05-29T01:19:33.101+0000] {processor.py:161} INFO - Started process (PID=1242) to work on /home/airflow/.local/lib/python3.12/site-packages/airflow/example_dags/example_python_operator.py
[2024-05-29T01:19:33.102+0000] {processor.py:830} INFO - Processing file /home/airflow/.local/lib/python3.12/site-packages/airflow/example_dags/example_python_operator.py for tasks to queue
[2024-05-29T01:19:33.106+0000] {logging_mixin.py:188} INFO - [2024-05-29T01:19:33.105+0000] {dagbag.py:545} INFO - Filling up the DagBag from /home/airflow/.local/lib/python3.12/site-packages/airflow/example_dags/example_python_operator.py
[2024-05-29T01:19:33.120+0000] {processor.py:840} INFO - DAG(s) 'example_python_operator' retrieved from /home/airflow/.local/lib/python3.12/site-packages/airflow/example_dags/example_python_operator.py
[2024-05-29T01:19:33.145+0000] {logging_mixin.py:188} INFO - [2024-05-29T01:19:33.144+0000] {dag.py:3096} INFO - Sync 1 DAGs
[2024-05-29T01:19:33.158+0000] {logging_mixin.py:188} INFO - [2024-05-29T01:19:33.158+0000] {dag.py:3954} INFO - Setting next_dagrun for example_python_operator to None, run_after=None
[2024-05-29T01:19:33.181+0000] {processor.py:183} INFO - Processing /home/airflow/.local/lib/python3.12/site-packages/airflow/example_dags/example_python_operator.py took 0.087 seconds
[2024-05-29T01:20:03.640+0000] {processor.py:161} INFO - Started process (PID=1302) to work on /home/airflow/.local/lib/python3.12/site-packages/airflow/example_dags/example_python_operator.py
[2024-05-29T01:20:03.642+0000] {processor.py:830} INFO - Processing file /home/airflow/.local/lib/python3.12/site-packages/airflow/example_dags/example_python_operator.py for tasks to queue
[2024-05-29T01:20:03.644+0000] {logging_mixin.py:188} INFO - [2024-05-29T01:20:03.644+0000] {dagbag.py:545} INFO - Filling up the DagBag from /home/airflow/.local/lib/python3.12/site-packages/airflow/example_dags/example_python_operator.py
[2024-05-29T01:20:03.656+0000] {processor.py:840} INFO - DAG(s) 'example_python_operator' retrieved from /home/airflow/.local/lib/python3.12/site-packages/airflow/example_dags/example_python_operator.py
[2024-05-29T01:20:03.680+0000] {logging_mixin.py:188} INFO - [2024-05-29T01:20:03.680+0000] {dag.py:3096} INFO - Sync 1 DAGs
[2024-05-29T01:20:03.693+0000] {logging_mixin.py:188} INFO - [2024-05-29T01:20:03.693+0000] {dag.py:3954} INFO - Setting next_dagrun for example_python_operator to None, run_after=None
[2024-05-29T01:20:03.715+0000] {processor.py:183} INFO - Processing /home/airflow/.local/lib/python3.12/site-packages/airflow/example_dags/example_python_operator.py took 0.082 seconds
[2024-05-29T01:20:34.045+0000] {processor.py:161} INFO - Started process (PID=1362) to work on /home/airflow/.local/lib/python3.12/site-packages/airflow/example_dags/example_python_operator.py
[2024-05-29T01:20:34.046+0000] {processor.py:830} INFO - Processing file /home/airflow/.local/lib/python3.12/site-packages/airflow/example_dags/example_python_operator.py for tasks to queue
[2024-05-29T01:20:34.048+0000] {logging_mixin.py:188} INFO - [2024-05-29T01:20:34.048+0000] {dagbag.py:545} INFO - Filling up the DagBag from /home/airflow/.local/lib/python3.12/site-packages/airflow/example_dags/example_python_operator.py
[2024-05-29T01:20:34.064+0000] {processor.py:840} INFO - DAG(s) 'example_python_operator' retrieved from /home/airflow/.local/lib/python3.12/site-packages/airflow/example_dags/example_python_operator.py
[2024-05-29T01:20:34.092+0000] {logging_mixin.py:188} INFO - [2024-05-29T01:20:34.092+0000] {dag.py:3096} INFO - Sync 1 DAGs
[2024-05-29T01:20:34.108+0000] {logging_mixin.py:188} INFO - [2024-05-29T01:20:34.108+0000] {dag.py:3954} INFO - Setting next_dagrun for example_python_operator to None, run_after=None
[2024-05-29T01:20:34.134+0000] {processor.py:183} INFO - Processing /home/airflow/.local/lib/python3.12/site-packages/airflow/example_dags/example_python_operator.py took 0.096 seconds
[2024-05-29T01:22:20.713+0000] {processor.py:161} INFO - Started process (PID=1410) to work on /home/airflow/.local/lib/python3.12/site-packages/airflow/example_dags/example_python_operator.py
[2024-05-29T01:22:20.715+0000] {processor.py:830} INFO - Processing file /home/airflow/.local/lib/python3.12/site-packages/airflow/example_dags/example_python_operator.py for tasks to queue
[2024-05-29T01:22:20.716+0000] {logging_mixin.py:188} INFO - [2024-05-29T01:22:20.715+0000] {dagbag.py:545} INFO - Filling up the DagBag from /home/airflow/.local/lib/python3.12/site-packages/airflow/example_dags/example_python_operator.py
[2024-05-29T01:22:20.732+0000] {processor.py:840} INFO - DAG(s) 'example_python_operator' retrieved from /home/airflow/.local/lib/python3.12/site-packages/airflow/example_dags/example_python_operator.py
[2024-05-29T01:22:20.766+0000] {logging_mixin.py:188} INFO - [2024-05-29T01:22:20.765+0000] {dag.py:3096} INFO - Sync 1 DAGs
[2024-05-29T01:22:20.795+0000] {logging_mixin.py:188} INFO - [2024-05-29T01:22:20.795+0000] {dag.py:3954} INFO - Setting next_dagrun for example_python_operator to None, run_after=None
[2024-05-29T01:22:20.829+0000] {processor.py:183} INFO - Processing /home/airflow/.local/lib/python3.12/site-packages/airflow/example_dags/example_python_operator.py took 0.121 seconds
[2024-05-29T01:22:51.265+0000] {processor.py:161} INFO - Started process (PID=1466) to work on /home/airflow/.local/lib/python3.12/site-packages/airflow/example_dags/example_python_operator.py
[2024-05-29T01:22:51.267+0000] {processor.py:830} INFO - Processing file /home/airflow/.local/lib/python3.12/site-packages/airflow/example_dags/example_python_operator.py for tasks to queue
[2024-05-29T01:22:51.269+0000] {logging_mixin.py:188} INFO - [2024-05-29T01:22:51.268+0000] {dagbag.py:545} INFO - Filling up the DagBag from /home/airflow/.local/lib/python3.12/site-packages/airflow/example_dags/example_python_operator.py
[2024-05-29T01:22:51.287+0000] {processor.py:840} INFO - DAG(s) 'example_python_operator' retrieved from /home/airflow/.local/lib/python3.12/site-packages/airflow/example_dags/example_python_operator.py
[2024-05-29T01:22:51.331+0000] {logging_mixin.py:188} INFO - [2024-05-29T01:22:51.330+0000] {dag.py:3096} INFO - Sync 1 DAGs
[2024-05-29T01:22:51.356+0000] {logging_mixin.py:188} INFO - [2024-05-29T01:22:51.355+0000] {dag.py:3954} INFO - Setting next_dagrun for example_python_operator to None, run_after=None
[2024-05-29T01:22:51.394+0000] {processor.py:183} INFO - Processing /home/airflow/.local/lib/python3.12/site-packages/airflow/example_dags/example_python_operator.py took 0.137 seconds
[2024-05-29T01:27:38.435+0000] {processor.py:161} INFO - Started process (PID=31) to work on /home/airflow/.local/lib/python3.12/site-packages/airflow/example_dags/example_python_operator.py
[2024-05-29T01:27:38.436+0000] {processor.py:830} INFO - Processing file /home/airflow/.local/lib/python3.12/site-packages/airflow/example_dags/example_python_operator.py for tasks to queue
[2024-05-29T01:27:38.442+0000] {logging_mixin.py:188} INFO - [2024-05-29T01:27:38.440+0000] {dagbag.py:545} INFO - Filling up the DagBag from /home/airflow/.local/lib/python3.12/site-packages/airflow/example_dags/example_python_operator.py
[2024-05-29T01:27:38.491+0000] {processor.py:840} INFO - DAG(s) 'example_python_operator' retrieved from /home/airflow/.local/lib/python3.12/site-packages/airflow/example_dags/example_python_operator.py
[2024-05-29T01:27:38.808+0000] {logging_mixin.py:188} INFO - [2024-05-29T01:27:38.808+0000] {dag.py:3096} INFO - Sync 1 DAGs
[2024-05-29T01:27:38.827+0000] {logging_mixin.py:188} INFO - [2024-05-29T01:27:38.827+0000] {dag.py:3954} INFO - Setting next_dagrun for example_python_operator to None, run_after=None
[2024-05-29T01:27:38.867+0000] {processor.py:183} INFO - Processing /home/airflow/.local/lib/python3.12/site-packages/airflow/example_dags/example_python_operator.py took 0.443 seconds
[2024-05-29T01:28:09.023+0000] {processor.py:161} INFO - Started process (PID=89) to work on /home/airflow/.local/lib/python3.12/site-packages/airflow/example_dags/example_python_operator.py
[2024-05-29T01:28:09.034+0000] {processor.py:830} INFO - Processing file /home/airflow/.local/lib/python3.12/site-packages/airflow/example_dags/example_python_operator.py for tasks to queue
[2024-05-29T01:28:09.040+0000] {logging_mixin.py:188} INFO - [2024-05-29T01:28:09.039+0000] {dagbag.py:545} INFO - Filling up the DagBag from /home/airflow/.local/lib/python3.12/site-packages/airflow/example_dags/example_python_operator.py
[2024-05-29T01:28:09.066+0000] {processor.py:840} INFO - DAG(s) 'example_python_operator' retrieved from /home/airflow/.local/lib/python3.12/site-packages/airflow/example_dags/example_python_operator.py
[2024-05-29T01:28:09.098+0000] {logging_mixin.py:188} INFO - [2024-05-29T01:28:09.097+0000] {dag.py:3096} INFO - Sync 1 DAGs
[2024-05-29T01:28:09.119+0000] {logging_mixin.py:188} INFO - [2024-05-29T01:28:09.119+0000] {dag.py:3954} INFO - Setting next_dagrun for example_python_operator to None, run_after=None
[2024-05-29T01:28:09.141+0000] {processor.py:183} INFO - Processing /home/airflow/.local/lib/python3.12/site-packages/airflow/example_dags/example_python_operator.py took 0.132 seconds
