[2024-05-29T01:09:33.161+0000] {processor.py:161} INFO - Started process (PID=51) to work on /home/airflow/.local/lib/python3.12/site-packages/airflow/example_dags/example_python_decorator.py
[2024-05-29T01:09:33.163+0000] {processor.py:830} INFO - Processing file /home/airflow/.local/lib/python3.12/site-packages/airflow/example_dags/example_python_decorator.py for tasks to queue
[2024-05-29T01:09:33.166+0000] {logging_mixin.py:188} INFO - [2024-05-29T01:09:33.165+0000] {dagbag.py:545} INFO - Filling up the DagBag from /home/airflow/.local/lib/python3.12/site-packages/airflow/example_dags/example_python_decorator.py
[2024-05-29T01:09:33.203+0000] {processor.py:840} INFO - DAG(s) 'example_python_decorator' retrieved from /home/airflow/.local/lib/python3.12/site-packages/airflow/example_dags/example_python_decorator.py
[2024-05-29T01:09:34.132+0000] {logging_mixin.py:188} INFO - [2024-05-29T01:09:34.128+0000] {override.py:1829} INFO - Created Permission View: can edit on DAG:example_python_decorator
[2024-05-29T01:09:34.159+0000] {logging_mixin.py:188} INFO - [2024-05-29T01:09:34.159+0000] {override.py:1829} INFO - Created Permission View: can delete on DAG:example_python_decorator
[2024-05-29T01:09:34.170+0000] {logging_mixin.py:188} INFO - [2024-05-29T01:09:34.169+0000] {override.py:1829} INFO - Created Permission View: can read on DAG:example_python_decorator
[2024-05-29T01:09:34.172+0000] {logging_mixin.py:188} INFO - [2024-05-29T01:09:34.172+0000] {dag.py:3096} INFO - Sync 1 DAGs
[2024-05-29T01:09:34.228+0000] {logging_mixin.py:188} INFO - [2024-05-29T01:09:34.228+0000] {dag.py:3118} INFO - Creating ORM DAG for example_python_decorator
[2024-05-29T01:09:34.232+0000] {logging_mixin.py:188} INFO - [2024-05-29T01:09:34.232+0000] {dag.py:3954} INFO - Setting next_dagrun for example_python_decorator to None, run_after=None
[2024-05-29T01:09:34.307+0000] {processor.py:183} INFO - Processing /home/airflow/.local/lib/python3.12/site-packages/airflow/example_dags/example_python_decorator.py took 1.246 seconds
[2024-05-29T01:10:04.655+0000] {processor.py:161} INFO - Started process (PID=111) to work on /home/airflow/.local/lib/python3.12/site-packages/airflow/example_dags/example_python_decorator.py
[2024-05-29T01:10:04.659+0000] {processor.py:830} INFO - Processing file /home/airflow/.local/lib/python3.12/site-packages/airflow/example_dags/example_python_decorator.py for tasks to queue
[2024-05-29T01:10:04.662+0000] {logging_mixin.py:188} INFO - [2024-05-29T01:10:04.662+0000] {dagbag.py:545} INFO - Filling up the DagBag from /home/airflow/.local/lib/python3.12/site-packages/airflow/example_dags/example_python_decorator.py
[2024-05-29T01:10:04.688+0000] {processor.py:840} INFO - DAG(s) 'example_python_decorator' retrieved from /home/airflow/.local/lib/python3.12/site-packages/airflow/example_dags/example_python_decorator.py
[2024-05-29T01:10:04.731+0000] {logging_mixin.py:188} INFO - [2024-05-29T01:10:04.731+0000] {dag.py:3096} INFO - Sync 1 DAGs
[2024-05-29T01:10:04.761+0000] {logging_mixin.py:188} INFO - [2024-05-29T01:10:04.760+0000] {dag.py:3954} INFO - Setting next_dagrun for example_python_decorator to None, run_after=None
[2024-05-29T01:10:04.808+0000] {processor.py:183} INFO - Processing /home/airflow/.local/lib/python3.12/site-packages/airflow/example_dags/example_python_decorator.py took 0.163 seconds
[2024-05-29T01:10:35.271+0000] {processor.py:161} INFO - Started process (PID=171) to work on /home/airflow/.local/lib/python3.12/site-packages/airflow/example_dags/example_python_decorator.py
[2024-05-29T01:10:35.272+0000] {processor.py:830} INFO - Processing file /home/airflow/.local/lib/python3.12/site-packages/airflow/example_dags/example_python_decorator.py for tasks to queue
[2024-05-29T01:10:35.275+0000] {logging_mixin.py:188} INFO - [2024-05-29T01:10:35.274+0000] {dagbag.py:545} INFO - Filling up the DagBag from /home/airflow/.local/lib/python3.12/site-packages/airflow/example_dags/example_python_decorator.py
[2024-05-29T01:10:35.290+0000] {processor.py:840} INFO - DAG(s) 'example_python_decorator' retrieved from /home/airflow/.local/lib/python3.12/site-packages/airflow/example_dags/example_python_decorator.py
[2024-05-29T01:10:35.323+0000] {logging_mixin.py:188} INFO - [2024-05-29T01:10:35.322+0000] {dag.py:3096} INFO - Sync 1 DAGs
[2024-05-29T01:10:35.341+0000] {logging_mixin.py:188} INFO - [2024-05-29T01:10:35.341+0000] {dag.py:3954} INFO - Setting next_dagrun for example_python_decorator to None, run_after=None
[2024-05-29T01:10:35.372+0000] {processor.py:183} INFO - Processing /home/airflow/.local/lib/python3.12/site-packages/airflow/example_dags/example_python_decorator.py took 0.109 seconds
[2024-05-29T01:11:06.266+0000] {processor.py:161} INFO - Started process (PID=231) to work on /home/airflow/.local/lib/python3.12/site-packages/airflow/example_dags/example_python_decorator.py
[2024-05-29T01:11:06.268+0000] {processor.py:830} INFO - Processing file /home/airflow/.local/lib/python3.12/site-packages/airflow/example_dags/example_python_decorator.py for tasks to queue
[2024-05-29T01:11:06.273+0000] {logging_mixin.py:188} INFO - [2024-05-29T01:11:06.272+0000] {dagbag.py:545} INFO - Filling up the DagBag from /home/airflow/.local/lib/python3.12/site-packages/airflow/example_dags/example_python_decorator.py
[2024-05-29T01:11:06.295+0000] {processor.py:840} INFO - DAG(s) 'example_python_decorator' retrieved from /home/airflow/.local/lib/python3.12/site-packages/airflow/example_dags/example_python_decorator.py
[2024-05-29T01:11:06.333+0000] {logging_mixin.py:188} INFO - [2024-05-29T01:11:06.333+0000] {dag.py:3096} INFO - Sync 1 DAGs
[2024-05-29T01:11:06.357+0000] {logging_mixin.py:188} INFO - [2024-05-29T01:11:06.357+0000] {dag.py:3954} INFO - Setting next_dagrun for example_python_decorator to None, run_after=None
[2024-05-29T01:11:06.391+0000] {processor.py:183} INFO - Processing /home/airflow/.local/lib/python3.12/site-packages/airflow/example_dags/example_python_decorator.py took 0.139 seconds
[2024-05-29T01:11:36.484+0000] {processor.py:161} INFO - Started process (PID=292) to work on /home/airflow/.local/lib/python3.12/site-packages/airflow/example_dags/example_python_decorator.py
[2024-05-29T01:11:36.486+0000] {processor.py:830} INFO - Processing file /home/airflow/.local/lib/python3.12/site-packages/airflow/example_dags/example_python_decorator.py for tasks to queue
[2024-05-29T01:11:36.488+0000] {logging_mixin.py:188} INFO - [2024-05-29T01:11:36.488+0000] {dagbag.py:545} INFO - Filling up the DagBag from /home/airflow/.local/lib/python3.12/site-packages/airflow/example_dags/example_python_decorator.py
[2024-05-29T01:11:36.505+0000] {processor.py:840} INFO - DAG(s) 'example_python_decorator' retrieved from /home/airflow/.local/lib/python3.12/site-packages/airflow/example_dags/example_python_decorator.py
[2024-05-29T01:11:36.538+0000] {logging_mixin.py:188} INFO - [2024-05-29T01:11:36.537+0000] {dag.py:3096} INFO - Sync 1 DAGs
[2024-05-29T01:11:36.563+0000] {logging_mixin.py:188} INFO - [2024-05-29T01:11:36.562+0000] {dag.py:3954} INFO - Setting next_dagrun for example_python_decorator to None, run_after=None
[2024-05-29T01:11:36.592+0000] {processor.py:183} INFO - Processing /home/airflow/.local/lib/python3.12/site-packages/airflow/example_dags/example_python_decorator.py took 0.117 seconds
[2024-05-29T01:12:06.893+0000] {processor.py:161} INFO - Started process (PID=352) to work on /home/airflow/.local/lib/python3.12/site-packages/airflow/example_dags/example_python_decorator.py
[2024-05-29T01:12:06.898+0000] {processor.py:830} INFO - Processing file /home/airflow/.local/lib/python3.12/site-packages/airflow/example_dags/example_python_decorator.py for tasks to queue
[2024-05-29T01:12:06.901+0000] {logging_mixin.py:188} INFO - [2024-05-29T01:12:06.900+0000] {dagbag.py:545} INFO - Filling up the DagBag from /home/airflow/.local/lib/python3.12/site-packages/airflow/example_dags/example_python_decorator.py
[2024-05-29T01:12:06.925+0000] {processor.py:840} INFO - DAG(s) 'example_python_decorator' retrieved from /home/airflow/.local/lib/python3.12/site-packages/airflow/example_dags/example_python_decorator.py
[2024-05-29T01:12:06.963+0000] {logging_mixin.py:188} INFO - [2024-05-29T01:12:06.962+0000] {dag.py:3096} INFO - Sync 1 DAGs
[2024-05-29T01:12:06.986+0000] {logging_mixin.py:188} INFO - [2024-05-29T01:12:06.985+0000] {dag.py:3954} INFO - Setting next_dagrun for example_python_decorator to None, run_after=None
[2024-05-29T01:12:07.023+0000] {processor.py:183} INFO - Processing /home/airflow/.local/lib/python3.12/site-packages/airflow/example_dags/example_python_decorator.py took 0.140 seconds
[2024-05-29T01:12:37.862+0000] {processor.py:161} INFO - Started process (PID=412) to work on /home/airflow/.local/lib/python3.12/site-packages/airflow/example_dags/example_python_decorator.py
[2024-05-29T01:12:37.863+0000] {processor.py:830} INFO - Processing file /home/airflow/.local/lib/python3.12/site-packages/airflow/example_dags/example_python_decorator.py for tasks to queue
[2024-05-29T01:12:37.866+0000] {logging_mixin.py:188} INFO - [2024-05-29T01:12:37.865+0000] {dagbag.py:545} INFO - Filling up the DagBag from /home/airflow/.local/lib/python3.12/site-packages/airflow/example_dags/example_python_decorator.py
[2024-05-29T01:12:37.884+0000] {processor.py:840} INFO - DAG(s) 'example_python_decorator' retrieved from /home/airflow/.local/lib/python3.12/site-packages/airflow/example_dags/example_python_decorator.py
[2024-05-29T01:12:37.923+0000] {logging_mixin.py:188} INFO - [2024-05-29T01:12:37.923+0000] {dag.py:3096} INFO - Sync 1 DAGs
[2024-05-29T01:12:37.948+0000] {logging_mixin.py:188} INFO - [2024-05-29T01:12:37.948+0000] {dag.py:3954} INFO - Setting next_dagrun for example_python_decorator to None, run_after=None
[2024-05-29T01:12:37.978+0000] {processor.py:183} INFO - Processing /home/airflow/.local/lib/python3.12/site-packages/airflow/example_dags/example_python_decorator.py took 0.125 seconds
[2024-05-29T01:13:08.234+0000] {processor.py:161} INFO - Started process (PID=470) to work on /home/airflow/.local/lib/python3.12/site-packages/airflow/example_dags/example_python_decorator.py
[2024-05-29T01:13:08.235+0000] {processor.py:830} INFO - Processing file /home/airflow/.local/lib/python3.12/site-packages/airflow/example_dags/example_python_decorator.py for tasks to queue
[2024-05-29T01:13:08.238+0000] {logging_mixin.py:188} INFO - [2024-05-29T01:13:08.238+0000] {dagbag.py:545} INFO - Filling up the DagBag from /home/airflow/.local/lib/python3.12/site-packages/airflow/example_dags/example_python_decorator.py
[2024-05-29T01:13:08.263+0000] {processor.py:840} INFO - DAG(s) 'example_python_decorator' retrieved from /home/airflow/.local/lib/python3.12/site-packages/airflow/example_dags/example_python_decorator.py
[2024-05-29T01:13:08.300+0000] {logging_mixin.py:188} INFO - [2024-05-29T01:13:08.299+0000] {dag.py:3096} INFO - Sync 1 DAGs
[2024-05-29T01:13:08.320+0000] {logging_mixin.py:188} INFO - [2024-05-29T01:13:08.320+0000] {dag.py:3954} INFO - Setting next_dagrun for example_python_decorator to None, run_after=None
[2024-05-29T01:13:08.353+0000] {processor.py:183} INFO - Processing /home/airflow/.local/lib/python3.12/site-packages/airflow/example_dags/example_python_decorator.py took 0.126 seconds
[2024-05-29T01:13:38.454+0000] {processor.py:161} INFO - Started process (PID=530) to work on /home/airflow/.local/lib/python3.12/site-packages/airflow/example_dags/example_python_decorator.py
[2024-05-29T01:13:38.456+0000] {processor.py:830} INFO - Processing file /home/airflow/.local/lib/python3.12/site-packages/airflow/example_dags/example_python_decorator.py for tasks to queue
[2024-05-29T01:13:38.459+0000] {logging_mixin.py:188} INFO - [2024-05-29T01:13:38.458+0000] {dagbag.py:545} INFO - Filling up the DagBag from /home/airflow/.local/lib/python3.12/site-packages/airflow/example_dags/example_python_decorator.py
[2024-05-29T01:13:38.473+0000] {processor.py:840} INFO - DAG(s) 'example_python_decorator' retrieved from /home/airflow/.local/lib/python3.12/site-packages/airflow/example_dags/example_python_decorator.py
[2024-05-29T01:13:38.496+0000] {logging_mixin.py:188} INFO - [2024-05-29T01:13:38.496+0000] {dag.py:3096} INFO - Sync 1 DAGs
[2024-05-29T01:13:38.511+0000] {logging_mixin.py:188} INFO - [2024-05-29T01:13:38.511+0000] {dag.py:3954} INFO - Setting next_dagrun for example_python_decorator to None, run_after=None
[2024-05-29T01:13:38.535+0000] {processor.py:183} INFO - Processing /home/airflow/.local/lib/python3.12/site-packages/airflow/example_dags/example_python_decorator.py took 0.086 seconds
[2024-05-29T01:14:08.641+0000] {processor.py:161} INFO - Started process (PID=590) to work on /home/airflow/.local/lib/python3.12/site-packages/airflow/example_dags/example_python_decorator.py
[2024-05-29T01:14:08.642+0000] {processor.py:830} INFO - Processing file /home/airflow/.local/lib/python3.12/site-packages/airflow/example_dags/example_python_decorator.py for tasks to queue
[2024-05-29T01:14:08.645+0000] {logging_mixin.py:188} INFO - [2024-05-29T01:14:08.644+0000] {dagbag.py:545} INFO - Filling up the DagBag from /home/airflow/.local/lib/python3.12/site-packages/airflow/example_dags/example_python_decorator.py
[2024-05-29T01:14:08.657+0000] {processor.py:840} INFO - DAG(s) 'example_python_decorator' retrieved from /home/airflow/.local/lib/python3.12/site-packages/airflow/example_dags/example_python_decorator.py
[2024-05-29T01:14:08.685+0000] {logging_mixin.py:188} INFO - [2024-05-29T01:14:08.684+0000] {dag.py:3096} INFO - Sync 1 DAGs
[2024-05-29T01:14:08.697+0000] {logging_mixin.py:188} INFO - [2024-05-29T01:14:08.696+0000] {dag.py:3954} INFO - Setting next_dagrun for example_python_decorator to None, run_after=None
[2024-05-29T01:14:08.720+0000] {processor.py:183} INFO - Processing /home/airflow/.local/lib/python3.12/site-packages/airflow/example_dags/example_python_decorator.py took 0.084 seconds
[2024-05-29T01:14:38.820+0000] {processor.py:161} INFO - Started process (PID=650) to work on /home/airflow/.local/lib/python3.12/site-packages/airflow/example_dags/example_python_decorator.py
[2024-05-29T01:14:38.822+0000] {processor.py:830} INFO - Processing file /home/airflow/.local/lib/python3.12/site-packages/airflow/example_dags/example_python_decorator.py for tasks to queue
[2024-05-29T01:14:38.824+0000] {logging_mixin.py:188} INFO - [2024-05-29T01:14:38.824+0000] {dagbag.py:545} INFO - Filling up the DagBag from /home/airflow/.local/lib/python3.12/site-packages/airflow/example_dags/example_python_decorator.py
[2024-05-29T01:14:38.845+0000] {processor.py:840} INFO - DAG(s) 'example_python_decorator' retrieved from /home/airflow/.local/lib/python3.12/site-packages/airflow/example_dags/example_python_decorator.py
[2024-05-29T01:14:38.876+0000] {logging_mixin.py:188} INFO - [2024-05-29T01:14:38.876+0000] {dag.py:3096} INFO - Sync 1 DAGs
[2024-05-29T01:14:38.898+0000] {logging_mixin.py:188} INFO - [2024-05-29T01:14:38.898+0000] {dag.py:3954} INFO - Setting next_dagrun for example_python_decorator to None, run_after=None
[2024-05-29T01:14:38.930+0000] {processor.py:183} INFO - Processing /home/airflow/.local/lib/python3.12/site-packages/airflow/example_dags/example_python_decorator.py took 0.116 seconds
[2024-05-29T01:15:09.312+0000] {processor.py:161} INFO - Started process (PID=710) to work on /home/airflow/.local/lib/python3.12/site-packages/airflow/example_dags/example_python_decorator.py
[2024-05-29T01:15:09.314+0000] {processor.py:830} INFO - Processing file /home/airflow/.local/lib/python3.12/site-packages/airflow/example_dags/example_python_decorator.py for tasks to queue
[2024-05-29T01:15:09.316+0000] {logging_mixin.py:188} INFO - [2024-05-29T01:15:09.316+0000] {dagbag.py:545} INFO - Filling up the DagBag from /home/airflow/.local/lib/python3.12/site-packages/airflow/example_dags/example_python_decorator.py
[2024-05-29T01:15:09.333+0000] {processor.py:840} INFO - DAG(s) 'example_python_decorator' retrieved from /home/airflow/.local/lib/python3.12/site-packages/airflow/example_dags/example_python_decorator.py
[2024-05-29T01:15:09.364+0000] {logging_mixin.py:188} INFO - [2024-05-29T01:15:09.363+0000] {dag.py:3096} INFO - Sync 1 DAGs
[2024-05-29T01:15:09.379+0000] {logging_mixin.py:188} INFO - [2024-05-29T01:15:09.379+0000] {dag.py:3954} INFO - Setting next_dagrun for example_python_decorator to None, run_after=None
[2024-05-29T01:15:09.407+0000] {processor.py:183} INFO - Processing /home/airflow/.local/lib/python3.12/site-packages/airflow/example_dags/example_python_decorator.py took 0.103 seconds
[2024-05-29T01:15:39.642+0000] {processor.py:161} INFO - Started process (PID=770) to work on /home/airflow/.local/lib/python3.12/site-packages/airflow/example_dags/example_python_decorator.py
[2024-05-29T01:15:39.646+0000] {processor.py:830} INFO - Processing file /home/airflow/.local/lib/python3.12/site-packages/airflow/example_dags/example_python_decorator.py for tasks to queue
[2024-05-29T01:15:39.648+0000] {logging_mixin.py:188} INFO - [2024-05-29T01:15:39.648+0000] {dagbag.py:545} INFO - Filling up the DagBag from /home/airflow/.local/lib/python3.12/site-packages/airflow/example_dags/example_python_decorator.py
[2024-05-29T01:15:39.662+0000] {processor.py:840} INFO - DAG(s) 'example_python_decorator' retrieved from /home/airflow/.local/lib/python3.12/site-packages/airflow/example_dags/example_python_decorator.py
[2024-05-29T01:15:39.686+0000] {logging_mixin.py:188} INFO - [2024-05-29T01:15:39.686+0000] {dag.py:3096} INFO - Sync 1 DAGs
[2024-05-29T01:15:39.700+0000] {logging_mixin.py:188} INFO - [2024-05-29T01:15:39.700+0000] {dag.py:3954} INFO - Setting next_dagrun for example_python_decorator to None, run_after=None
[2024-05-29T01:15:39.723+0000] {processor.py:183} INFO - Processing /home/airflow/.local/lib/python3.12/site-packages/airflow/example_dags/example_python_decorator.py took 0.086 seconds
[2024-05-29T01:16:09.939+0000] {processor.py:161} INFO - Started process (PID=830) to work on /home/airflow/.local/lib/python3.12/site-packages/airflow/example_dags/example_python_decorator.py
[2024-05-29T01:16:09.940+0000] {processor.py:830} INFO - Processing file /home/airflow/.local/lib/python3.12/site-packages/airflow/example_dags/example_python_decorator.py for tasks to queue
[2024-05-29T01:16:09.942+0000] {logging_mixin.py:188} INFO - [2024-05-29T01:16:09.942+0000] {dagbag.py:545} INFO - Filling up the DagBag from /home/airflow/.local/lib/python3.12/site-packages/airflow/example_dags/example_python_decorator.py
[2024-05-29T01:16:09.954+0000] {processor.py:840} INFO - DAG(s) 'example_python_decorator' retrieved from /home/airflow/.local/lib/python3.12/site-packages/airflow/example_dags/example_python_decorator.py
[2024-05-29T01:16:09.980+0000] {logging_mixin.py:188} INFO - [2024-05-29T01:16:09.980+0000] {dag.py:3096} INFO - Sync 1 DAGs
[2024-05-29T01:16:09.994+0000] {logging_mixin.py:188} INFO - [2024-05-29T01:16:09.993+0000] {dag.py:3954} INFO - Setting next_dagrun for example_python_decorator to None, run_after=None
[2024-05-29T01:16:10.021+0000] {processor.py:183} INFO - Processing /home/airflow/.local/lib/python3.12/site-packages/airflow/example_dags/example_python_decorator.py took 0.089 seconds
[2024-05-29T01:16:40.163+0000] {processor.py:161} INFO - Started process (PID=890) to work on /home/airflow/.local/lib/python3.12/site-packages/airflow/example_dags/example_python_decorator.py
[2024-05-29T01:16:40.165+0000] {processor.py:830} INFO - Processing file /home/airflow/.local/lib/python3.12/site-packages/airflow/example_dags/example_python_decorator.py for tasks to queue
[2024-05-29T01:16:40.167+0000] {logging_mixin.py:188} INFO - [2024-05-29T01:16:40.167+0000] {dagbag.py:545} INFO - Filling up the DagBag from /home/airflow/.local/lib/python3.12/site-packages/airflow/example_dags/example_python_decorator.py
[2024-05-29T01:16:40.181+0000] {processor.py:840} INFO - DAG(s) 'example_python_decorator' retrieved from /home/airflow/.local/lib/python3.12/site-packages/airflow/example_dags/example_python_decorator.py
[2024-05-29T01:16:40.205+0000] {logging_mixin.py:188} INFO - [2024-05-29T01:16:40.205+0000] {dag.py:3096} INFO - Sync 1 DAGs
[2024-05-29T01:16:40.218+0000] {logging_mixin.py:188} INFO - [2024-05-29T01:16:40.217+0000] {dag.py:3954} INFO - Setting next_dagrun for example_python_decorator to None, run_after=None
[2024-05-29T01:16:40.245+0000] {processor.py:183} INFO - Processing /home/airflow/.local/lib/python3.12/site-packages/airflow/example_dags/example_python_decorator.py took 0.087 seconds
[2024-05-29T01:17:10.927+0000] {processor.py:161} INFO - Started process (PID=952) to work on /home/airflow/.local/lib/python3.12/site-packages/airflow/example_dags/example_python_decorator.py
[2024-05-29T01:17:10.929+0000] {processor.py:830} INFO - Processing file /home/airflow/.local/lib/python3.12/site-packages/airflow/example_dags/example_python_decorator.py for tasks to queue
[2024-05-29T01:17:10.932+0000] {logging_mixin.py:188} INFO - [2024-05-29T01:17:10.932+0000] {dagbag.py:545} INFO - Filling up the DagBag from /home/airflow/.local/lib/python3.12/site-packages/airflow/example_dags/example_python_decorator.py
[2024-05-29T01:17:10.949+0000] {processor.py:840} INFO - DAG(s) 'example_python_decorator' retrieved from /home/airflow/.local/lib/python3.12/site-packages/airflow/example_dags/example_python_decorator.py
[2024-05-29T01:17:10.979+0000] {logging_mixin.py:188} INFO - [2024-05-29T01:17:10.979+0000] {dag.py:3096} INFO - Sync 1 DAGs
[2024-05-29T01:17:10.997+0000] {logging_mixin.py:188} INFO - [2024-05-29T01:17:10.996+0000] {dag.py:3954} INFO - Setting next_dagrun for example_python_decorator to None, run_after=None
[2024-05-29T01:17:11.025+0000] {processor.py:183} INFO - Processing /home/airflow/.local/lib/python3.12/site-packages/airflow/example_dags/example_python_decorator.py took 0.106 seconds
[2024-05-29T01:17:41.450+0000] {processor.py:161} INFO - Started process (PID=1017) to work on /home/airflow/.local/lib/python3.12/site-packages/airflow/example_dags/example_python_decorator.py
[2024-05-29T01:17:41.451+0000] {processor.py:830} INFO - Processing file /home/airflow/.local/lib/python3.12/site-packages/airflow/example_dags/example_python_decorator.py for tasks to queue
[2024-05-29T01:17:41.454+0000] {logging_mixin.py:188} INFO - [2024-05-29T01:17:41.453+0000] {dagbag.py:545} INFO - Filling up the DagBag from /home/airflow/.local/lib/python3.12/site-packages/airflow/example_dags/example_python_decorator.py
[2024-05-29T01:17:41.467+0000] {processor.py:840} INFO - DAG(s) 'example_python_decorator' retrieved from /home/airflow/.local/lib/python3.12/site-packages/airflow/example_dags/example_python_decorator.py
[2024-05-29T01:17:41.491+0000] {logging_mixin.py:188} INFO - [2024-05-29T01:17:41.491+0000] {dag.py:3096} INFO - Sync 1 DAGs
[2024-05-29T01:17:41.504+0000] {logging_mixin.py:188} INFO - [2024-05-29T01:17:41.504+0000] {dag.py:3954} INFO - Setting next_dagrun for example_python_decorator to None, run_after=None
[2024-05-29T01:17:41.530+0000] {processor.py:183} INFO - Processing /home/airflow/.local/lib/python3.12/site-packages/airflow/example_dags/example_python_decorator.py took 0.086 seconds
[2024-05-29T01:18:11.819+0000] {processor.py:161} INFO - Started process (PID=1077) to work on /home/airflow/.local/lib/python3.12/site-packages/airflow/example_dags/example_python_decorator.py
[2024-05-29T01:18:11.821+0000] {processor.py:830} INFO - Processing file /home/airflow/.local/lib/python3.12/site-packages/airflow/example_dags/example_python_decorator.py for tasks to queue
[2024-05-29T01:18:11.823+0000] {logging_mixin.py:188} INFO - [2024-05-29T01:18:11.823+0000] {dagbag.py:545} INFO - Filling up the DagBag from /home/airflow/.local/lib/python3.12/site-packages/airflow/example_dags/example_python_decorator.py
[2024-05-29T01:18:11.837+0000] {processor.py:840} INFO - DAG(s) 'example_python_decorator' retrieved from /home/airflow/.local/lib/python3.12/site-packages/airflow/example_dags/example_python_decorator.py
[2024-05-29T01:18:11.862+0000] {logging_mixin.py:188} INFO - [2024-05-29T01:18:11.862+0000] {dag.py:3096} INFO - Sync 1 DAGs
[2024-05-29T01:18:11.875+0000] {logging_mixin.py:188} INFO - [2024-05-29T01:18:11.874+0000] {dag.py:3954} INFO - Setting next_dagrun for example_python_decorator to None, run_after=None
[2024-05-29T01:18:11.899+0000] {processor.py:183} INFO - Processing /home/airflow/.local/lib/python3.12/site-packages/airflow/example_dags/example_python_decorator.py took 0.088 seconds
[2024-05-29T01:18:42.597+0000] {processor.py:161} INFO - Started process (PID=1137) to work on /home/airflow/.local/lib/python3.12/site-packages/airflow/example_dags/example_python_decorator.py
[2024-05-29T01:18:42.598+0000] {processor.py:830} INFO - Processing file /home/airflow/.local/lib/python3.12/site-packages/airflow/example_dags/example_python_decorator.py for tasks to queue
[2024-05-29T01:18:42.601+0000] {logging_mixin.py:188} INFO - [2024-05-29T01:18:42.600+0000] {dagbag.py:545} INFO - Filling up the DagBag from /home/airflow/.local/lib/python3.12/site-packages/airflow/example_dags/example_python_decorator.py
[2024-05-29T01:18:42.617+0000] {processor.py:840} INFO - DAG(s) 'example_python_decorator' retrieved from /home/airflow/.local/lib/python3.12/site-packages/airflow/example_dags/example_python_decorator.py
[2024-05-29T01:18:42.643+0000] {logging_mixin.py:188} INFO - [2024-05-29T01:18:42.642+0000] {dag.py:3096} INFO - Sync 1 DAGs
[2024-05-29T01:18:42.656+0000] {logging_mixin.py:188} INFO - [2024-05-29T01:18:42.656+0000] {dag.py:3954} INFO - Setting next_dagrun for example_python_decorator to None, run_after=None
[2024-05-29T01:18:42.681+0000] {processor.py:183} INFO - Processing /home/airflow/.local/lib/python3.12/site-packages/airflow/example_dags/example_python_decorator.py took 0.090 seconds
[2024-05-29T01:19:12.834+0000] {processor.py:161} INFO - Started process (PID=1197) to work on /home/airflow/.local/lib/python3.12/site-packages/airflow/example_dags/example_python_decorator.py
[2024-05-29T01:19:12.835+0000] {processor.py:830} INFO - Processing file /home/airflow/.local/lib/python3.12/site-packages/airflow/example_dags/example_python_decorator.py for tasks to queue
[2024-05-29T01:19:12.838+0000] {logging_mixin.py:188} INFO - [2024-05-29T01:19:12.837+0000] {dagbag.py:545} INFO - Filling up the DagBag from /home/airflow/.local/lib/python3.12/site-packages/airflow/example_dags/example_python_decorator.py
[2024-05-29T01:19:12.851+0000] {processor.py:840} INFO - DAG(s) 'example_python_decorator' retrieved from /home/airflow/.local/lib/python3.12/site-packages/airflow/example_dags/example_python_decorator.py
[2024-05-29T01:19:12.876+0000] {logging_mixin.py:188} INFO - [2024-05-29T01:19:12.876+0000] {dag.py:3096} INFO - Sync 1 DAGs
[2024-05-29T01:19:12.889+0000] {logging_mixin.py:188} INFO - [2024-05-29T01:19:12.889+0000] {dag.py:3954} INFO - Setting next_dagrun for example_python_decorator to None, run_after=None
[2024-05-29T01:19:12.916+0000] {processor.py:183} INFO - Processing /home/airflow/.local/lib/python3.12/site-packages/airflow/example_dags/example_python_decorator.py took 0.088 seconds
[2024-05-29T01:19:43.253+0000] {processor.py:161} INFO - Started process (PID=1257) to work on /home/airflow/.local/lib/python3.12/site-packages/airflow/example_dags/example_python_decorator.py
[2024-05-29T01:19:43.255+0000] {processor.py:830} INFO - Processing file /home/airflow/.local/lib/python3.12/site-packages/airflow/example_dags/example_python_decorator.py for tasks to queue
[2024-05-29T01:19:43.257+0000] {logging_mixin.py:188} INFO - [2024-05-29T01:19:43.257+0000] {dagbag.py:545} INFO - Filling up the DagBag from /home/airflow/.local/lib/python3.12/site-packages/airflow/example_dags/example_python_decorator.py
[2024-05-29T01:19:43.279+0000] {processor.py:840} INFO - DAG(s) 'example_python_decorator' retrieved from /home/airflow/.local/lib/python3.12/site-packages/airflow/example_dags/example_python_decorator.py
[2024-05-29T01:19:43.327+0000] {logging_mixin.py:188} INFO - [2024-05-29T01:19:43.326+0000] {dag.py:3096} INFO - Sync 1 DAGs
[2024-05-29T01:19:43.340+0000] {logging_mixin.py:188} INFO - [2024-05-29T01:19:43.339+0000] {dag.py:3954} INFO - Setting next_dagrun for example_python_decorator to None, run_after=None
[2024-05-29T01:19:43.360+0000] {processor.py:183} INFO - Processing /home/airflow/.local/lib/python3.12/site-packages/airflow/example_dags/example_python_decorator.py took 0.112 seconds
[2024-05-29T01:20:13.549+0000] {processor.py:161} INFO - Started process (PID=1317) to work on /home/airflow/.local/lib/python3.12/site-packages/airflow/example_dags/example_python_decorator.py
[2024-05-29T01:20:13.550+0000] {processor.py:830} INFO - Processing file /home/airflow/.local/lib/python3.12/site-packages/airflow/example_dags/example_python_decorator.py for tasks to queue
[2024-05-29T01:20:13.553+0000] {logging_mixin.py:188} INFO - [2024-05-29T01:20:13.553+0000] {dagbag.py:545} INFO - Filling up the DagBag from /home/airflow/.local/lib/python3.12/site-packages/airflow/example_dags/example_python_decorator.py
[2024-05-29T01:20:13.566+0000] {processor.py:840} INFO - DAG(s) 'example_python_decorator' retrieved from /home/airflow/.local/lib/python3.12/site-packages/airflow/example_dags/example_python_decorator.py
[2024-05-29T01:20:13.591+0000] {logging_mixin.py:188} INFO - [2024-05-29T01:20:13.591+0000] {dag.py:3096} INFO - Sync 1 DAGs
[2024-05-29T01:20:13.604+0000] {logging_mixin.py:188} INFO - [2024-05-29T01:20:13.604+0000] {dag.py:3954} INFO - Setting next_dagrun for example_python_decorator to None, run_after=None
[2024-05-29T01:20:13.627+0000] {processor.py:183} INFO - Processing /home/airflow/.local/lib/python3.12/site-packages/airflow/example_dags/example_python_decorator.py took 0.085 seconds
[2024-05-29T01:20:44.216+0000] {processor.py:161} INFO - Started process (PID=1377) to work on /home/airflow/.local/lib/python3.12/site-packages/airflow/example_dags/example_python_decorator.py
[2024-05-29T01:20:44.222+0000] {processor.py:830} INFO - Processing file /home/airflow/.local/lib/python3.12/site-packages/airflow/example_dags/example_python_decorator.py for tasks to queue
[2024-05-29T01:20:44.233+0000] {logging_mixin.py:188} INFO - [2024-05-29T01:20:44.231+0000] {dagbag.py:545} INFO - Filling up the DagBag from /home/airflow/.local/lib/python3.12/site-packages/airflow/example_dags/example_python_decorator.py
[2024-05-29T01:20:44.340+0000] {processor.py:840} INFO - DAG(s) 'example_python_decorator' retrieved from /home/airflow/.local/lib/python3.12/site-packages/airflow/example_dags/example_python_decorator.py
[2024-05-29T01:20:44.445+0000] {logging_mixin.py:188} INFO - [2024-05-29T01:20:44.445+0000] {dag.py:3096} INFO - Sync 1 DAGs
[2024-05-29T01:20:44.487+0000] {logging_mixin.py:188} INFO - [2024-05-29T01:20:44.487+0000] {dag.py:3954} INFO - Setting next_dagrun for example_python_decorator to None, run_after=None
[2024-05-29T01:20:44.530+0000] {processor.py:183} INFO - Processing /home/airflow/.local/lib/python3.12/site-packages/airflow/example_dags/example_python_decorator.py took 0.356 seconds
[2024-05-29T01:22:21.635+0000] {processor.py:161} INFO - Started process (PID=1423) to work on /home/airflow/.local/lib/python3.12/site-packages/airflow/example_dags/example_python_decorator.py
[2024-05-29T01:22:21.637+0000] {processor.py:830} INFO - Processing file /home/airflow/.local/lib/python3.12/site-packages/airflow/example_dags/example_python_decorator.py for tasks to queue
[2024-05-29T01:22:21.640+0000] {logging_mixin.py:188} INFO - [2024-05-29T01:22:21.639+0000] {dagbag.py:545} INFO - Filling up the DagBag from /home/airflow/.local/lib/python3.12/site-packages/airflow/example_dags/example_python_decorator.py
[2024-05-29T01:22:21.656+0000] {processor.py:840} INFO - DAG(s) 'example_python_decorator' retrieved from /home/airflow/.local/lib/python3.12/site-packages/airflow/example_dags/example_python_decorator.py
[2024-05-29T01:22:21.684+0000] {logging_mixin.py:188} INFO - [2024-05-29T01:22:21.683+0000] {dag.py:3096} INFO - Sync 1 DAGs
[2024-05-29T01:22:21.699+0000] {logging_mixin.py:188} INFO - [2024-05-29T01:22:21.698+0000] {dag.py:3954} INFO - Setting next_dagrun for example_python_decorator to None, run_after=None
[2024-05-29T01:22:21.728+0000] {processor.py:183} INFO - Processing /home/airflow/.local/lib/python3.12/site-packages/airflow/example_dags/example_python_decorator.py took 0.101 seconds
[2024-05-29T01:22:52.486+0000] {processor.py:161} INFO - Started process (PID=1483) to work on /home/airflow/.local/lib/python3.12/site-packages/airflow/example_dags/example_python_decorator.py
[2024-05-29T01:22:52.490+0000] {processor.py:830} INFO - Processing file /home/airflow/.local/lib/python3.12/site-packages/airflow/example_dags/example_python_decorator.py for tasks to queue
[2024-05-29T01:22:52.492+0000] {logging_mixin.py:188} INFO - [2024-05-29T01:22:52.492+0000] {dagbag.py:545} INFO - Filling up the DagBag from /home/airflow/.local/lib/python3.12/site-packages/airflow/example_dags/example_python_decorator.py
[2024-05-29T01:22:52.515+0000] {processor.py:840} INFO - DAG(s) 'example_python_decorator' retrieved from /home/airflow/.local/lib/python3.12/site-packages/airflow/example_dags/example_python_decorator.py
[2024-05-29T01:22:52.552+0000] {logging_mixin.py:188} INFO - [2024-05-29T01:22:52.551+0000] {dag.py:3096} INFO - Sync 1 DAGs
[2024-05-29T01:22:52.574+0000] {logging_mixin.py:188} INFO - [2024-05-29T01:22:52.573+0000] {dag.py:3954} INFO - Setting next_dagrun for example_python_decorator to None, run_after=None
[2024-05-29T01:22:52.613+0000] {processor.py:183} INFO - Processing /home/airflow/.local/lib/python3.12/site-packages/airflow/example_dags/example_python_decorator.py took 0.135 seconds
[2024-05-29T01:27:44.276+0000] {processor.py:161} INFO - Started process (PID=45) to work on /home/airflow/.local/lib/python3.12/site-packages/airflow/example_dags/example_python_decorator.py
[2024-05-29T01:27:44.296+0000] {processor.py:830} INFO - Processing file /home/airflow/.local/lib/python3.12/site-packages/airflow/example_dags/example_python_decorator.py for tasks to queue
[2024-05-29T01:27:44.331+0000] {logging_mixin.py:188} INFO - [2024-05-29T01:27:44.329+0000] {dagbag.py:545} INFO - Filling up the DagBag from /home/airflow/.local/lib/python3.12/site-packages/airflow/example_dags/example_python_decorator.py
[2024-05-29T01:27:44.597+0000] {processor.py:840} INFO - DAG(s) 'example_python_decorator' retrieved from /home/airflow/.local/lib/python3.12/site-packages/airflow/example_dags/example_python_decorator.py
[2024-05-29T01:27:45.118+0000] {logging_mixin.py:188} INFO - [2024-05-29T01:27:45.117+0000] {dag.py:3096} INFO - Sync 1 DAGs
[2024-05-29T01:27:45.175+0000] {logging_mixin.py:188} INFO - [2024-05-29T01:27:45.174+0000] {dag.py:3954} INFO - Setting next_dagrun for example_python_decorator to None, run_after=None
[2024-05-29T01:27:45.222+0000] {processor.py:183} INFO - Processing /home/airflow/.local/lib/python3.12/site-packages/airflow/example_dags/example_python_decorator.py took 1.148 seconds
[2024-05-29T01:28:15.285+0000] {processor.py:161} INFO - Started process (PID=104) to work on /home/airflow/.local/lib/python3.12/site-packages/airflow/example_dags/example_python_decorator.py
[2024-05-29T01:28:15.298+0000] {processor.py:830} INFO - Processing file /home/airflow/.local/lib/python3.12/site-packages/airflow/example_dags/example_python_decorator.py for tasks to queue
[2024-05-29T01:28:15.300+0000] {logging_mixin.py:188} INFO - [2024-05-29T01:28:15.300+0000] {dagbag.py:545} INFO - Filling up the DagBag from /home/airflow/.local/lib/python3.12/site-packages/airflow/example_dags/example_python_decorator.py
[2024-05-29T01:28:15.314+0000] {processor.py:840} INFO - DAG(s) 'example_python_decorator' retrieved from /home/airflow/.local/lib/python3.12/site-packages/airflow/example_dags/example_python_decorator.py
[2024-05-29T01:28:15.336+0000] {logging_mixin.py:188} INFO - [2024-05-29T01:28:15.336+0000] {dag.py:3096} INFO - Sync 1 DAGs
[2024-05-29T01:28:15.348+0000] {logging_mixin.py:188} INFO - [2024-05-29T01:28:15.348+0000] {dag.py:3954} INFO - Setting next_dagrun for example_python_decorator to None, run_after=None
[2024-05-29T01:28:15.374+0000] {processor.py:183} INFO - Processing /home/airflow/.local/lib/python3.12/site-packages/airflow/example_dags/example_python_decorator.py took 0.095 seconds
