[2024-05-29T01:09:33.309+0000] {processor.py:161} INFO - Started process (PID=52) to work on /home/airflow/.local/lib/python3.12/site-packages/airflow/example_dags/example_trigger_controller_dag.py
[2024-05-29T01:09:33.315+0000] {processor.py:830} INFO - Processing file /home/airflow/.local/lib/python3.12/site-packages/airflow/example_dags/example_trigger_controller_dag.py for tasks to queue
[2024-05-29T01:09:33.344+0000] {logging_mixin.py:188} INFO - [2024-05-29T01:09:33.342+0000] {dagbag.py:545} INFO - Filling up the DagBag from /home/airflow/.local/lib/python3.12/site-packages/airflow/example_dags/example_trigger_controller_dag.py
[2024-05-29T01:09:33.441+0000] {processor.py:840} INFO - DAG(s) 'example_trigger_controller_dag' retrieved from /home/airflow/.local/lib/python3.12/site-packages/airflow/example_dags/example_trigger_controller_dag.py
[2024-05-29T01:09:34.246+0000] {logging_mixin.py:188} INFO - [2024-05-29T01:09:34.243+0000] {override.py:1829} INFO - Created Permission View: can edit on DAG:example_trigger_controller_dag
[2024-05-29T01:09:34.273+0000] {logging_mixin.py:188} INFO - [2024-05-29T01:09:34.272+0000] {override.py:1829} INFO - Created Permission View: can delete on DAG:example_trigger_controller_dag
[2024-05-29T01:09:34.285+0000] {logging_mixin.py:188} INFO - [2024-05-29T01:09:34.284+0000] {override.py:1829} INFO - Created Permission View: can read on DAG:example_trigger_controller_dag
[2024-05-29T01:09:34.286+0000] {logging_mixin.py:188} INFO - [2024-05-29T01:09:34.286+0000] {dag.py:3096} INFO - Sync 1 DAGs
[2024-05-29T01:09:34.329+0000] {logging_mixin.py:188} INFO - [2024-05-29T01:09:34.329+0000] {dag.py:3118} INFO - Creating ORM DAG for example_trigger_controller_dag
[2024-05-29T01:09:34.362+0000] {logging_mixin.py:188} INFO - [2024-05-29T01:09:34.362+0000] {dag.py:3954} INFO - Setting next_dagrun for example_trigger_controller_dag to 2021-01-01 00:00:00+00:00, run_after=2021-01-01 00:00:00+00:00
[2024-05-29T01:09:34.394+0000] {processor.py:183} INFO - Processing /home/airflow/.local/lib/python3.12/site-packages/airflow/example_dags/example_trigger_controller_dag.py took 1.188 seconds
[2024-05-29T01:10:04.659+0000] {processor.py:161} INFO - Started process (PID=112) to work on /home/airflow/.local/lib/python3.12/site-packages/airflow/example_dags/example_trigger_controller_dag.py
[2024-05-29T01:10:04.661+0000] {processor.py:830} INFO - Processing file /home/airflow/.local/lib/python3.12/site-packages/airflow/example_dags/example_trigger_controller_dag.py for tasks to queue
[2024-05-29T01:10:04.664+0000] {logging_mixin.py:188} INFO - [2024-05-29T01:10:04.663+0000] {dagbag.py:545} INFO - Filling up the DagBag from /home/airflow/.local/lib/python3.12/site-packages/airflow/example_dags/example_trigger_controller_dag.py
[2024-05-29T01:10:04.670+0000] {processor.py:840} INFO - DAG(s) 'example_trigger_controller_dag' retrieved from /home/airflow/.local/lib/python3.12/site-packages/airflow/example_dags/example_trigger_controller_dag.py
[2024-05-29T01:10:04.702+0000] {logging_mixin.py:188} INFO - [2024-05-29T01:10:04.701+0000] {dag.py:3096} INFO - Sync 1 DAGs
[2024-05-29T01:10:04.748+0000] {logging_mixin.py:188} INFO - [2024-05-29T01:10:04.748+0000] {dag.py:3954} INFO - Setting next_dagrun for example_trigger_controller_dag to 2021-01-01 00:00:00+00:00, run_after=2021-01-01 00:00:00+00:00
[2024-05-29T01:10:04.797+0000] {processor.py:183} INFO - Processing /home/airflow/.local/lib/python3.12/site-packages/airflow/example_dags/example_trigger_controller_dag.py took 0.151 seconds
[2024-05-29T01:10:35.271+0000] {processor.py:161} INFO - Started process (PID=172) to work on /home/airflow/.local/lib/python3.12/site-packages/airflow/example_dags/example_trigger_controller_dag.py
[2024-05-29T01:10:35.272+0000] {processor.py:830} INFO - Processing file /home/airflow/.local/lib/python3.12/site-packages/airflow/example_dags/example_trigger_controller_dag.py for tasks to queue
[2024-05-29T01:10:35.275+0000] {logging_mixin.py:188} INFO - [2024-05-29T01:10:35.275+0000] {dagbag.py:545} INFO - Filling up the DagBag from /home/airflow/.local/lib/python3.12/site-packages/airflow/example_dags/example_trigger_controller_dag.py
[2024-05-29T01:10:35.282+0000] {processor.py:840} INFO - DAG(s) 'example_trigger_controller_dag' retrieved from /home/airflow/.local/lib/python3.12/site-packages/airflow/example_dags/example_trigger_controller_dag.py
[2024-05-29T01:10:35.309+0000] {logging_mixin.py:188} INFO - [2024-05-29T01:10:35.309+0000] {dag.py:3096} INFO - Sync 1 DAGs
[2024-05-29T01:10:35.339+0000] {logging_mixin.py:188} INFO - [2024-05-29T01:10:35.339+0000] {dag.py:3954} INFO - Setting next_dagrun for example_trigger_controller_dag to 2021-01-01 00:00:00+00:00, run_after=2021-01-01 00:00:00+00:00
[2024-05-29T01:10:35.373+0000] {processor.py:183} INFO - Processing /home/airflow/.local/lib/python3.12/site-packages/airflow/example_dags/example_trigger_controller_dag.py took 0.109 seconds
[2024-05-29T01:11:06.266+0000] {processor.py:161} INFO - Started process (PID=232) to work on /home/airflow/.local/lib/python3.12/site-packages/airflow/example_dags/example_trigger_controller_dag.py
[2024-05-29T01:11:06.268+0000] {processor.py:830} INFO - Processing file /home/airflow/.local/lib/python3.12/site-packages/airflow/example_dags/example_trigger_controller_dag.py for tasks to queue
[2024-05-29T01:11:06.273+0000] {logging_mixin.py:188} INFO - [2024-05-29T01:11:06.272+0000] {dagbag.py:545} INFO - Filling up the DagBag from /home/airflow/.local/lib/python3.12/site-packages/airflow/example_dags/example_trigger_controller_dag.py
[2024-05-29T01:11:06.282+0000] {processor.py:840} INFO - DAG(s) 'example_trigger_controller_dag' retrieved from /home/airflow/.local/lib/python3.12/site-packages/airflow/example_dags/example_trigger_controller_dag.py
[2024-05-29T01:11:06.314+0000] {logging_mixin.py:188} INFO - [2024-05-29T01:11:06.313+0000] {dag.py:3096} INFO - Sync 1 DAGs
[2024-05-29T01:11:06.355+0000] {logging_mixin.py:188} INFO - [2024-05-29T01:11:06.354+0000] {dag.py:3954} INFO - Setting next_dagrun for example_trigger_controller_dag to 2021-01-01 00:00:00+00:00, run_after=2021-01-01 00:00:00+00:00
[2024-05-29T01:11:06.390+0000] {processor.py:183} INFO - Processing /home/airflow/.local/lib/python3.12/site-packages/airflow/example_dags/example_trigger_controller_dag.py took 0.139 seconds
[2024-05-29T01:11:36.484+0000] {processor.py:161} INFO - Started process (PID=293) to work on /home/airflow/.local/lib/python3.12/site-packages/airflow/example_dags/example_trigger_controller_dag.py
[2024-05-29T01:11:36.486+0000] {processor.py:830} INFO - Processing file /home/airflow/.local/lib/python3.12/site-packages/airflow/example_dags/example_trigger_controller_dag.py for tasks to queue
[2024-05-29T01:11:36.488+0000] {logging_mixin.py:188} INFO - [2024-05-29T01:11:36.488+0000] {dagbag.py:545} INFO - Filling up the DagBag from /home/airflow/.local/lib/python3.12/site-packages/airflow/example_dags/example_trigger_controller_dag.py
[2024-05-29T01:11:36.496+0000] {processor.py:840} INFO - DAG(s) 'example_trigger_controller_dag' retrieved from /home/airflow/.local/lib/python3.12/site-packages/airflow/example_dags/example_trigger_controller_dag.py
[2024-05-29T01:11:36.522+0000] {logging_mixin.py:188} INFO - [2024-05-29T01:11:36.522+0000] {dag.py:3096} INFO - Sync 1 DAGs
[2024-05-29T01:11:36.558+0000] {logging_mixin.py:188} INFO - [2024-05-29T01:11:36.557+0000] {dag.py:3954} INFO - Setting next_dagrun for example_trigger_controller_dag to 2021-01-01 00:00:00+00:00, run_after=2021-01-01 00:00:00+00:00
[2024-05-29T01:11:36.591+0000] {processor.py:183} INFO - Processing /home/airflow/.local/lib/python3.12/site-packages/airflow/example_dags/example_trigger_controller_dag.py took 0.114 seconds
[2024-05-29T01:12:06.894+0000] {processor.py:161} INFO - Started process (PID=353) to work on /home/airflow/.local/lib/python3.12/site-packages/airflow/example_dags/example_trigger_controller_dag.py
[2024-05-29T01:12:06.896+0000] {processor.py:830} INFO - Processing file /home/airflow/.local/lib/python3.12/site-packages/airflow/example_dags/example_trigger_controller_dag.py for tasks to queue
[2024-05-29T01:12:06.900+0000] {logging_mixin.py:188} INFO - [2024-05-29T01:12:06.899+0000] {dagbag.py:545} INFO - Filling up the DagBag from /home/airflow/.local/lib/python3.12/site-packages/airflow/example_dags/example_trigger_controller_dag.py
[2024-05-29T01:12:06.910+0000] {processor.py:840} INFO - DAG(s) 'example_trigger_controller_dag' retrieved from /home/airflow/.local/lib/python3.12/site-packages/airflow/example_dags/example_trigger_controller_dag.py
[2024-05-29T01:12:06.941+0000] {logging_mixin.py:188} INFO - [2024-05-29T01:12:06.940+0000] {dag.py:3096} INFO - Sync 1 DAGs
[2024-05-29T01:12:06.976+0000] {logging_mixin.py:188} INFO - [2024-05-29T01:12:06.975+0000] {dag.py:3954} INFO - Setting next_dagrun for example_trigger_controller_dag to 2021-01-01 00:00:00+00:00, run_after=2021-01-01 00:00:00+00:00
[2024-05-29T01:12:07.012+0000] {processor.py:183} INFO - Processing /home/airflow/.local/lib/python3.12/site-packages/airflow/example_dags/example_trigger_controller_dag.py took 0.126 seconds
[2024-05-29T01:12:38.020+0000] {processor.py:161} INFO - Started process (PID=413) to work on /home/airflow/.local/lib/python3.12/site-packages/airflow/example_dags/example_trigger_controller_dag.py
[2024-05-29T01:12:38.022+0000] {processor.py:830} INFO - Processing file /home/airflow/.local/lib/python3.12/site-packages/airflow/example_dags/example_trigger_controller_dag.py for tasks to queue
[2024-05-29T01:12:38.024+0000] {logging_mixin.py:188} INFO - [2024-05-29T01:12:38.023+0000] {dagbag.py:545} INFO - Filling up the DagBag from /home/airflow/.local/lib/python3.12/site-packages/airflow/example_dags/example_trigger_controller_dag.py
[2024-05-29T01:12:38.029+0000] {processor.py:840} INFO - DAG(s) 'example_trigger_controller_dag' retrieved from /home/airflow/.local/lib/python3.12/site-packages/airflow/example_dags/example_trigger_controller_dag.py
[2024-05-29T01:12:38.055+0000] {logging_mixin.py:188} INFO - [2024-05-29T01:12:38.055+0000] {dag.py:3096} INFO - Sync 1 DAGs
[2024-05-29T01:12:38.086+0000] {logging_mixin.py:188} INFO - [2024-05-29T01:12:38.086+0000] {dag.py:3954} INFO - Setting next_dagrun for example_trigger_controller_dag to 2021-01-01 00:00:00+00:00, run_after=2021-01-01 00:00:00+00:00
[2024-05-29T01:12:38.112+0000] {processor.py:183} INFO - Processing /home/airflow/.local/lib/python3.12/site-packages/airflow/example_dags/example_trigger_controller_dag.py took 0.099 seconds
[2024-05-29T01:13:08.238+0000] {processor.py:161} INFO - Started process (PID=471) to work on /home/airflow/.local/lib/python3.12/site-packages/airflow/example_dags/example_trigger_controller_dag.py
[2024-05-29T01:13:08.241+0000] {processor.py:830} INFO - Processing file /home/airflow/.local/lib/python3.12/site-packages/airflow/example_dags/example_trigger_controller_dag.py for tasks to queue
[2024-05-29T01:13:08.244+0000] {logging_mixin.py:188} INFO - [2024-05-29T01:13:08.243+0000] {dagbag.py:545} INFO - Filling up the DagBag from /home/airflow/.local/lib/python3.12/site-packages/airflow/example_dags/example_trigger_controller_dag.py
[2024-05-29T01:13:08.250+0000] {processor.py:840} INFO - DAG(s) 'example_trigger_controller_dag' retrieved from /home/airflow/.local/lib/python3.12/site-packages/airflow/example_dags/example_trigger_controller_dag.py
[2024-05-29T01:13:08.285+0000] {logging_mixin.py:188} INFO - [2024-05-29T01:13:08.285+0000] {dag.py:3096} INFO - Sync 1 DAGs
[2024-05-29T01:13:08.315+0000] {logging_mixin.py:188} INFO - [2024-05-29T01:13:08.314+0000] {dag.py:3954} INFO - Setting next_dagrun for example_trigger_controller_dag to 2021-01-01 00:00:00+00:00, run_after=2021-01-01 00:00:00+00:00
[2024-05-29T01:13:08.347+0000] {processor.py:183} INFO - Processing /home/airflow/.local/lib/python3.12/site-packages/airflow/example_dags/example_trigger_controller_dag.py took 0.117 seconds
[2024-05-29T01:13:38.454+0000] {processor.py:161} INFO - Started process (PID=531) to work on /home/airflow/.local/lib/python3.12/site-packages/airflow/example_dags/example_trigger_controller_dag.py
[2024-05-29T01:13:38.456+0000] {processor.py:830} INFO - Processing file /home/airflow/.local/lib/python3.12/site-packages/airflow/example_dags/example_trigger_controller_dag.py for tasks to queue
[2024-05-29T01:13:38.459+0000] {logging_mixin.py:188} INFO - [2024-05-29T01:13:38.458+0000] {dagbag.py:545} INFO - Filling up the DagBag from /home/airflow/.local/lib/python3.12/site-packages/airflow/example_dags/example_trigger_controller_dag.py
[2024-05-29T01:13:38.463+0000] {processor.py:840} INFO - DAG(s) 'example_trigger_controller_dag' retrieved from /home/airflow/.local/lib/python3.12/site-packages/airflow/example_dags/example_trigger_controller_dag.py
[2024-05-29T01:13:38.487+0000] {logging_mixin.py:188} INFO - [2024-05-29T01:13:38.487+0000] {dag.py:3096} INFO - Sync 1 DAGs
[2024-05-29T01:13:38.509+0000] {logging_mixin.py:188} INFO - [2024-05-29T01:13:38.509+0000] {dag.py:3954} INFO - Setting next_dagrun for example_trigger_controller_dag to 2021-01-01 00:00:00+00:00, run_after=2021-01-01 00:00:00+00:00
[2024-05-29T01:13:38.534+0000] {processor.py:183} INFO - Processing /home/airflow/.local/lib/python3.12/site-packages/airflow/example_dags/example_trigger_controller_dag.py took 0.086 seconds
[2024-05-29T01:14:08.641+0000] {processor.py:161} INFO - Started process (PID=591) to work on /home/airflow/.local/lib/python3.12/site-packages/airflow/example_dags/example_trigger_controller_dag.py
[2024-05-29T01:14:08.642+0000] {processor.py:830} INFO - Processing file /home/airflow/.local/lib/python3.12/site-packages/airflow/example_dags/example_trigger_controller_dag.py for tasks to queue
[2024-05-29T01:14:08.645+0000] {logging_mixin.py:188} INFO - [2024-05-29T01:14:08.644+0000] {dagbag.py:545} INFO - Filling up the DagBag from /home/airflow/.local/lib/python3.12/site-packages/airflow/example_dags/example_trigger_controller_dag.py
[2024-05-29T01:14:08.649+0000] {processor.py:840} INFO - DAG(s) 'example_trigger_controller_dag' retrieved from /home/airflow/.local/lib/python3.12/site-packages/airflow/example_dags/example_trigger_controller_dag.py
[2024-05-29T01:14:08.677+0000] {logging_mixin.py:188} INFO - [2024-05-29T01:14:08.677+0000] {dag.py:3096} INFO - Sync 1 DAGs
[2024-05-29T01:14:08.698+0000] {logging_mixin.py:188} INFO - [2024-05-29T01:14:08.698+0000] {dag.py:3954} INFO - Setting next_dagrun for example_trigger_controller_dag to 2021-01-01 00:00:00+00:00, run_after=2021-01-01 00:00:00+00:00
[2024-05-29T01:14:08.722+0000] {processor.py:183} INFO - Processing /home/airflow/.local/lib/python3.12/site-packages/airflow/example_dags/example_trigger_controller_dag.py took 0.086 seconds
[2024-05-29T01:14:38.820+0000] {processor.py:161} INFO - Started process (PID=651) to work on /home/airflow/.local/lib/python3.12/site-packages/airflow/example_dags/example_trigger_controller_dag.py
[2024-05-29T01:14:38.822+0000] {processor.py:830} INFO - Processing file /home/airflow/.local/lib/python3.12/site-packages/airflow/example_dags/example_trigger_controller_dag.py for tasks to queue
[2024-05-29T01:14:38.825+0000] {logging_mixin.py:188} INFO - [2024-05-29T01:14:38.824+0000] {dagbag.py:545} INFO - Filling up the DagBag from /home/airflow/.local/lib/python3.12/site-packages/airflow/example_dags/example_trigger_controller_dag.py
[2024-05-29T01:14:38.832+0000] {processor.py:840} INFO - DAG(s) 'example_trigger_controller_dag' retrieved from /home/airflow/.local/lib/python3.12/site-packages/airflow/example_dags/example_trigger_controller_dag.py
[2024-05-29T01:14:38.860+0000] {logging_mixin.py:188} INFO - [2024-05-29T01:14:38.859+0000] {dag.py:3096} INFO - Sync 1 DAGs
[2024-05-29T01:14:38.892+0000] {logging_mixin.py:188} INFO - [2024-05-29T01:14:38.892+0000] {dag.py:3954} INFO - Setting next_dagrun for example_trigger_controller_dag to 2021-01-01 00:00:00+00:00, run_after=2021-01-01 00:00:00+00:00
[2024-05-29T01:14:38.925+0000] {processor.py:183} INFO - Processing /home/airflow/.local/lib/python3.12/site-packages/airflow/example_dags/example_trigger_controller_dag.py took 0.111 seconds
[2024-05-29T01:15:09.312+0000] {processor.py:161} INFO - Started process (PID=711) to work on /home/airflow/.local/lib/python3.12/site-packages/airflow/example_dags/example_trigger_controller_dag.py
[2024-05-29T01:15:09.314+0000] {processor.py:830} INFO - Processing file /home/airflow/.local/lib/python3.12/site-packages/airflow/example_dags/example_trigger_controller_dag.py for tasks to queue
[2024-05-29T01:15:09.316+0000] {logging_mixin.py:188} INFO - [2024-05-29T01:15:09.316+0000] {dagbag.py:545} INFO - Filling up the DagBag from /home/airflow/.local/lib/python3.12/site-packages/airflow/example_dags/example_trigger_controller_dag.py
[2024-05-29T01:15:09.323+0000] {processor.py:840} INFO - DAG(s) 'example_trigger_controller_dag' retrieved from /home/airflow/.local/lib/python3.12/site-packages/airflow/example_dags/example_trigger_controller_dag.py
[2024-05-29T01:15:09.352+0000] {logging_mixin.py:188} INFO - [2024-05-29T01:15:09.352+0000] {dag.py:3096} INFO - Sync 1 DAGs
[2024-05-29T01:15:09.384+0000] {logging_mixin.py:188} INFO - [2024-05-29T01:15:09.383+0000] {dag.py:3954} INFO - Setting next_dagrun for example_trigger_controller_dag to 2021-01-01 00:00:00+00:00, run_after=2021-01-01 00:00:00+00:00
[2024-05-29T01:15:09.408+0000] {processor.py:183} INFO - Processing /home/airflow/.local/lib/python3.12/site-packages/airflow/example_dags/example_trigger_controller_dag.py took 0.103 seconds
[2024-05-29T01:15:39.642+0000] {processor.py:161} INFO - Started process (PID=771) to work on /home/airflow/.local/lib/python3.12/site-packages/airflow/example_dags/example_trigger_controller_dag.py
[2024-05-29T01:15:39.646+0000] {processor.py:830} INFO - Processing file /home/airflow/.local/lib/python3.12/site-packages/airflow/example_dags/example_trigger_controller_dag.py for tasks to queue
[2024-05-29T01:15:39.648+0000] {logging_mixin.py:188} INFO - [2024-05-29T01:15:39.648+0000] {dagbag.py:545} INFO - Filling up the DagBag from /home/airflow/.local/lib/python3.12/site-packages/airflow/example_dags/example_trigger_controller_dag.py
[2024-05-29T01:15:39.653+0000] {processor.py:840} INFO - DAG(s) 'example_trigger_controller_dag' retrieved from /home/airflow/.local/lib/python3.12/site-packages/airflow/example_dags/example_trigger_controller_dag.py
[2024-05-29T01:15:39.677+0000] {logging_mixin.py:188} INFO - [2024-05-29T01:15:39.676+0000] {dag.py:3096} INFO - Sync 1 DAGs
[2024-05-29T01:15:39.698+0000] {logging_mixin.py:188} INFO - [2024-05-29T01:15:39.698+0000] {dag.py:3954} INFO - Setting next_dagrun for example_trigger_controller_dag to 2021-01-01 00:00:00+00:00, run_after=2021-01-01 00:00:00+00:00
[2024-05-29T01:15:39.722+0000] {processor.py:183} INFO - Processing /home/airflow/.local/lib/python3.12/site-packages/airflow/example_dags/example_trigger_controller_dag.py took 0.085 seconds
[2024-05-29T01:16:09.938+0000] {processor.py:161} INFO - Started process (PID=831) to work on /home/airflow/.local/lib/python3.12/site-packages/airflow/example_dags/example_trigger_controller_dag.py
[2024-05-29T01:16:09.939+0000] {processor.py:830} INFO - Processing file /home/airflow/.local/lib/python3.12/site-packages/airflow/example_dags/example_trigger_controller_dag.py for tasks to queue
[2024-05-29T01:16:09.942+0000] {logging_mixin.py:188} INFO - [2024-05-29T01:16:09.941+0000] {dagbag.py:545} INFO - Filling up the DagBag from /home/airflow/.local/lib/python3.12/site-packages/airflow/example_dags/example_trigger_controller_dag.py
[2024-05-29T01:16:09.946+0000] {processor.py:840} INFO - DAG(s) 'example_trigger_controller_dag' retrieved from /home/airflow/.local/lib/python3.12/site-packages/airflow/example_dags/example_trigger_controller_dag.py
[2024-05-29T01:16:09.971+0000] {logging_mixin.py:188} INFO - [2024-05-29T01:16:09.970+0000] {dag.py:3096} INFO - Sync 1 DAGs
[2024-05-29T01:16:09.993+0000] {logging_mixin.py:188} INFO - [2024-05-29T01:16:09.992+0000] {dag.py:3954} INFO - Setting next_dagrun for example_trigger_controller_dag to 2021-01-01 00:00:00+00:00, run_after=2021-01-01 00:00:00+00:00
[2024-05-29T01:16:10.020+0000] {processor.py:183} INFO - Processing /home/airflow/.local/lib/python3.12/site-packages/airflow/example_dags/example_trigger_controller_dag.py took 0.088 seconds
[2024-05-29T01:16:40.163+0000] {processor.py:161} INFO - Started process (PID=891) to work on /home/airflow/.local/lib/python3.12/site-packages/airflow/example_dags/example_trigger_controller_dag.py
[2024-05-29T01:16:40.165+0000] {processor.py:830} INFO - Processing file /home/airflow/.local/lib/python3.12/site-packages/airflow/example_dags/example_trigger_controller_dag.py for tasks to queue
[2024-05-29T01:16:40.167+0000] {logging_mixin.py:188} INFO - [2024-05-29T01:16:40.167+0000] {dagbag.py:545} INFO - Filling up the DagBag from /home/airflow/.local/lib/python3.12/site-packages/airflow/example_dags/example_trigger_controller_dag.py
[2024-05-29T01:16:40.172+0000] {processor.py:840} INFO - DAG(s) 'example_trigger_controller_dag' retrieved from /home/airflow/.local/lib/python3.12/site-packages/airflow/example_dags/example_trigger_controller_dag.py
[2024-05-29T01:16:40.196+0000] {logging_mixin.py:188} INFO - [2024-05-29T01:16:40.196+0000] {dag.py:3096} INFO - Sync 1 DAGs
[2024-05-29T01:16:40.217+0000] {logging_mixin.py:188} INFO - [2024-05-29T01:16:40.217+0000] {dag.py:3954} INFO - Setting next_dagrun for example_trigger_controller_dag to 2021-01-01 00:00:00+00:00, run_after=2021-01-01 00:00:00+00:00
[2024-05-29T01:16:40.243+0000] {processor.py:183} INFO - Processing /home/airflow/.local/lib/python3.12/site-packages/airflow/example_dags/example_trigger_controller_dag.py took 0.086 seconds
[2024-05-29T01:17:10.925+0000] {processor.py:161} INFO - Started process (PID=953) to work on /home/airflow/.local/lib/python3.12/site-packages/airflow/example_dags/example_trigger_controller_dag.py
[2024-05-29T01:17:10.926+0000] {processor.py:830} INFO - Processing file /home/airflow/.local/lib/python3.12/site-packages/airflow/example_dags/example_trigger_controller_dag.py for tasks to queue
[2024-05-29T01:17:10.930+0000] {logging_mixin.py:188} INFO - [2024-05-29T01:17:10.929+0000] {dagbag.py:545} INFO - Filling up the DagBag from /home/airflow/.local/lib/python3.12/site-packages/airflow/example_dags/example_trigger_controller_dag.py
[2024-05-29T01:17:10.935+0000] {processor.py:840} INFO - DAG(s) 'example_trigger_controller_dag' retrieved from /home/airflow/.local/lib/python3.12/site-packages/airflow/example_dags/example_trigger_controller_dag.py
[2024-05-29T01:17:10.963+0000] {logging_mixin.py:188} INFO - [2024-05-29T01:17:10.962+0000] {dag.py:3096} INFO - Sync 1 DAGs
[2024-05-29T01:17:10.992+0000] {logging_mixin.py:188} INFO - [2024-05-29T01:17:10.992+0000] {dag.py:3954} INFO - Setting next_dagrun for example_trigger_controller_dag to 2021-01-01 00:00:00+00:00, run_after=2021-01-01 00:00:00+00:00
[2024-05-29T01:17:11.025+0000] {processor.py:183} INFO - Processing /home/airflow/.local/lib/python3.12/site-packages/airflow/example_dags/example_trigger_controller_dag.py took 0.106 seconds
[2024-05-29T01:17:41.450+0000] {processor.py:161} INFO - Started process (PID=1018) to work on /home/airflow/.local/lib/python3.12/site-packages/airflow/example_dags/example_trigger_controller_dag.py
[2024-05-29T01:17:41.451+0000] {processor.py:830} INFO - Processing file /home/airflow/.local/lib/python3.12/site-packages/airflow/example_dags/example_trigger_controller_dag.py for tasks to queue
[2024-05-29T01:17:41.454+0000] {logging_mixin.py:188} INFO - [2024-05-29T01:17:41.453+0000] {dagbag.py:545} INFO - Filling up the DagBag from /home/airflow/.local/lib/python3.12/site-packages/airflow/example_dags/example_trigger_controller_dag.py
[2024-05-29T01:17:41.458+0000] {processor.py:840} INFO - DAG(s) 'example_trigger_controller_dag' retrieved from /home/airflow/.local/lib/python3.12/site-packages/airflow/example_dags/example_trigger_controller_dag.py
[2024-05-29T01:17:41.482+0000] {logging_mixin.py:188} INFO - [2024-05-29T01:17:41.481+0000] {dag.py:3096} INFO - Sync 1 DAGs
[2024-05-29T01:17:41.503+0000] {logging_mixin.py:188} INFO - [2024-05-29T01:17:41.503+0000] {dag.py:3954} INFO - Setting next_dagrun for example_trigger_controller_dag to 2021-01-01 00:00:00+00:00, run_after=2021-01-01 00:00:00+00:00
[2024-05-29T01:17:41.528+0000] {processor.py:183} INFO - Processing /home/airflow/.local/lib/python3.12/site-packages/airflow/example_dags/example_trigger_controller_dag.py took 0.084 seconds
[2024-05-29T01:18:11.819+0000] {processor.py:161} INFO - Started process (PID=1078) to work on /home/airflow/.local/lib/python3.12/site-packages/airflow/example_dags/example_trigger_controller_dag.py
[2024-05-29T01:18:11.821+0000] {processor.py:830} INFO - Processing file /home/airflow/.local/lib/python3.12/site-packages/airflow/example_dags/example_trigger_controller_dag.py for tasks to queue
[2024-05-29T01:18:11.823+0000] {logging_mixin.py:188} INFO - [2024-05-29T01:18:11.823+0000] {dagbag.py:545} INFO - Filling up the DagBag from /home/airflow/.local/lib/python3.12/site-packages/airflow/example_dags/example_trigger_controller_dag.py
[2024-05-29T01:18:11.829+0000] {processor.py:840} INFO - DAG(s) 'example_trigger_controller_dag' retrieved from /home/airflow/.local/lib/python3.12/site-packages/airflow/example_dags/example_trigger_controller_dag.py
[2024-05-29T01:18:11.853+0000] {logging_mixin.py:188} INFO - [2024-05-29T01:18:11.853+0000] {dag.py:3096} INFO - Sync 1 DAGs
[2024-05-29T01:18:11.874+0000] {logging_mixin.py:188} INFO - [2024-05-29T01:18:11.874+0000] {dag.py:3954} INFO - Setting next_dagrun for example_trigger_controller_dag to 2021-01-01 00:00:00+00:00, run_after=2021-01-01 00:00:00+00:00
[2024-05-29T01:18:11.898+0000] {processor.py:183} INFO - Processing /home/airflow/.local/lib/python3.12/site-packages/airflow/example_dags/example_trigger_controller_dag.py took 0.086 seconds
[2024-05-29T01:18:42.597+0000] {processor.py:161} INFO - Started process (PID=1138) to work on /home/airflow/.local/lib/python3.12/site-packages/airflow/example_dags/example_trigger_controller_dag.py
[2024-05-29T01:18:42.598+0000] {processor.py:830} INFO - Processing file /home/airflow/.local/lib/python3.12/site-packages/airflow/example_dags/example_trigger_controller_dag.py for tasks to queue
[2024-05-29T01:18:42.600+0000] {logging_mixin.py:188} INFO - [2024-05-29T01:18:42.600+0000] {dagbag.py:545} INFO - Filling up the DagBag from /home/airflow/.local/lib/python3.12/site-packages/airflow/example_dags/example_trigger_controller_dag.py
[2024-05-29T01:18:42.605+0000] {processor.py:840} INFO - DAG(s) 'example_trigger_controller_dag' retrieved from /home/airflow/.local/lib/python3.12/site-packages/airflow/example_dags/example_trigger_controller_dag.py
[2024-05-29T01:18:42.626+0000] {logging_mixin.py:188} INFO - [2024-05-29T01:18:42.626+0000] {dag.py:3096} INFO - Sync 1 DAGs
[2024-05-29T01:18:42.650+0000] {logging_mixin.py:188} INFO - [2024-05-29T01:18:42.650+0000] {dag.py:3954} INFO - Setting next_dagrun for example_trigger_controller_dag to 2021-01-01 00:00:00+00:00, run_after=2021-01-01 00:00:00+00:00
[2024-05-29T01:18:42.673+0000] {processor.py:183} INFO - Processing /home/airflow/.local/lib/python3.12/site-packages/airflow/example_dags/example_trigger_controller_dag.py took 0.081 seconds
[2024-05-29T01:19:12.834+0000] {processor.py:161} INFO - Started process (PID=1198) to work on /home/airflow/.local/lib/python3.12/site-packages/airflow/example_dags/example_trigger_controller_dag.py
[2024-05-29T01:19:12.835+0000] {processor.py:830} INFO - Processing file /home/airflow/.local/lib/python3.12/site-packages/airflow/example_dags/example_trigger_controller_dag.py for tasks to queue
[2024-05-29T01:19:12.838+0000] {logging_mixin.py:188} INFO - [2024-05-29T01:19:12.837+0000] {dagbag.py:545} INFO - Filling up the DagBag from /home/airflow/.local/lib/python3.12/site-packages/airflow/example_dags/example_trigger_controller_dag.py
[2024-05-29T01:19:12.842+0000] {processor.py:840} INFO - DAG(s) 'example_trigger_controller_dag' retrieved from /home/airflow/.local/lib/python3.12/site-packages/airflow/example_dags/example_trigger_controller_dag.py
[2024-05-29T01:19:12.865+0000] {logging_mixin.py:188} INFO - [2024-05-29T01:19:12.864+0000] {dag.py:3096} INFO - Sync 1 DAGs
[2024-05-29T01:19:12.887+0000] {logging_mixin.py:188} INFO - [2024-05-29T01:19:12.887+0000] {dag.py:3954} INFO - Setting next_dagrun for example_trigger_controller_dag to 2021-01-01 00:00:00+00:00, run_after=2021-01-01 00:00:00+00:00
[2024-05-29T01:19:12.912+0000] {processor.py:183} INFO - Processing /home/airflow/.local/lib/python3.12/site-packages/airflow/example_dags/example_trigger_controller_dag.py took 0.084 seconds
[2024-05-29T01:19:43.255+0000] {processor.py:161} INFO - Started process (PID=1258) to work on /home/airflow/.local/lib/python3.12/site-packages/airflow/example_dags/example_trigger_controller_dag.py
[2024-05-29T01:19:43.257+0000] {processor.py:830} INFO - Processing file /home/airflow/.local/lib/python3.12/site-packages/airflow/example_dags/example_trigger_controller_dag.py for tasks to queue
[2024-05-29T01:19:43.259+0000] {logging_mixin.py:188} INFO - [2024-05-29T01:19:43.258+0000] {dagbag.py:545} INFO - Filling up the DagBag from /home/airflow/.local/lib/python3.12/site-packages/airflow/example_dags/example_trigger_controller_dag.py
[2024-05-29T01:19:43.265+0000] {processor.py:840} INFO - DAG(s) 'example_trigger_controller_dag' retrieved from /home/airflow/.local/lib/python3.12/site-packages/airflow/example_dags/example_trigger_controller_dag.py
[2024-05-29T01:19:43.321+0000] {logging_mixin.py:188} INFO - [2024-05-29T01:19:43.320+0000] {dag.py:3096} INFO - Sync 1 DAGs
[2024-05-29T01:19:43.342+0000] {logging_mixin.py:188} INFO - [2024-05-29T01:19:43.341+0000] {dag.py:3954} INFO - Setting next_dagrun for example_trigger_controller_dag to 2021-01-01 00:00:00+00:00, run_after=2021-01-01 00:00:00+00:00
[2024-05-29T01:19:43.360+0000] {processor.py:183} INFO - Processing /home/airflow/.local/lib/python3.12/site-packages/airflow/example_dags/example_trigger_controller_dag.py took 0.112 seconds
[2024-05-29T01:20:13.549+0000] {processor.py:161} INFO - Started process (PID=1318) to work on /home/airflow/.local/lib/python3.12/site-packages/airflow/example_dags/example_trigger_controller_dag.py
[2024-05-29T01:20:13.550+0000] {processor.py:830} INFO - Processing file /home/airflow/.local/lib/python3.12/site-packages/airflow/example_dags/example_trigger_controller_dag.py for tasks to queue
[2024-05-29T01:20:13.553+0000] {logging_mixin.py:188} INFO - [2024-05-29T01:20:13.553+0000] {dagbag.py:545} INFO - Filling up the DagBag from /home/airflow/.local/lib/python3.12/site-packages/airflow/example_dags/example_trigger_controller_dag.py
[2024-05-29T01:20:13.558+0000] {processor.py:840} INFO - DAG(s) 'example_trigger_controller_dag' retrieved from /home/airflow/.local/lib/python3.12/site-packages/airflow/example_dags/example_trigger_controller_dag.py
[2024-05-29T01:20:13.580+0000] {logging_mixin.py:188} INFO - [2024-05-29T01:20:13.580+0000] {dag.py:3096} INFO - Sync 1 DAGs
[2024-05-29T01:20:13.602+0000] {logging_mixin.py:188} INFO - [2024-05-29T01:20:13.602+0000] {dag.py:3954} INFO - Setting next_dagrun for example_trigger_controller_dag to 2021-01-01 00:00:00+00:00, run_after=2021-01-01 00:00:00+00:00
[2024-05-29T01:20:13.625+0000] {processor.py:183} INFO - Processing /home/airflow/.local/lib/python3.12/site-packages/airflow/example_dags/example_trigger_controller_dag.py took 0.082 seconds
[2024-05-29T01:20:44.775+0000] {processor.py:161} INFO - Started process (PID=1378) to work on /home/airflow/.local/lib/python3.12/site-packages/airflow/example_dags/example_trigger_controller_dag.py
[2024-05-29T01:20:44.897+0000] {processor.py:830} INFO - Processing file /home/airflow/.local/lib/python3.12/site-packages/airflow/example_dags/example_trigger_controller_dag.py for tasks to queue
[2024-05-29T01:20:44.904+0000] {logging_mixin.py:188} INFO - [2024-05-29T01:20:44.902+0000] {dagbag.py:545} INFO - Filling up the DagBag from /home/airflow/.local/lib/python3.12/site-packages/airflow/example_dags/example_trigger_controller_dag.py
[2024-05-29T01:20:45.006+0000] {processor.py:840} INFO - DAG(s) 'example_trigger_controller_dag' retrieved from /home/airflow/.local/lib/python3.12/site-packages/airflow/example_dags/example_trigger_controller_dag.py
[2024-05-29T01:20:45.255+0000] {logging_mixin.py:188} INFO - [2024-05-29T01:20:45.254+0000] {dag.py:3096} INFO - Sync 1 DAGs
[2024-05-29T01:20:45.418+0000] {logging_mixin.py:188} INFO - [2024-05-29T01:20:45.418+0000] {dag.py:3954} INFO - Setting next_dagrun for example_trigger_controller_dag to 2021-01-01 00:00:00+00:00, run_after=2021-01-01 00:00:00+00:00
[2024-05-29T01:20:45.485+0000] {processor.py:183} INFO - Processing /home/airflow/.local/lib/python3.12/site-packages/airflow/example_dags/example_trigger_controller_dag.py took 0.896 seconds
[2024-05-29T01:22:21.660+0000] {processor.py:161} INFO - Started process (PID=1424) to work on /home/airflow/.local/lib/python3.12/site-packages/airflow/example_dags/example_trigger_controller_dag.py
[2024-05-29T01:22:21.662+0000] {processor.py:830} INFO - Processing file /home/airflow/.local/lib/python3.12/site-packages/airflow/example_dags/example_trigger_controller_dag.py for tasks to queue
[2024-05-29T01:22:21.663+0000] {logging_mixin.py:188} INFO - [2024-05-29T01:22:21.663+0000] {dagbag.py:545} INFO - Filling up the DagBag from /home/airflow/.local/lib/python3.12/site-packages/airflow/example_dags/example_trigger_controller_dag.py
[2024-05-29T01:22:21.669+0000] {processor.py:840} INFO - DAG(s) 'example_trigger_controller_dag' retrieved from /home/airflow/.local/lib/python3.12/site-packages/airflow/example_dags/example_trigger_controller_dag.py
[2024-05-29T01:22:21.694+0000] {logging_mixin.py:188} INFO - [2024-05-29T01:22:21.694+0000] {dag.py:3096} INFO - Sync 1 DAGs
[2024-05-29T01:22:21.720+0000] {logging_mixin.py:188} INFO - [2024-05-29T01:22:21.719+0000] {dag.py:3954} INFO - Setting next_dagrun for example_trigger_controller_dag to 2021-01-01 00:00:00+00:00, run_after=2021-01-01 00:00:00+00:00
[2024-05-29T01:22:21.746+0000] {processor.py:183} INFO - Processing /home/airflow/.local/lib/python3.12/site-packages/airflow/example_dags/example_trigger_controller_dag.py took 0.093 seconds
[2024-05-29T01:22:52.618+0000] {processor.py:161} INFO - Started process (PID=1484) to work on /home/airflow/.local/lib/python3.12/site-packages/airflow/example_dags/example_trigger_controller_dag.py
[2024-05-29T01:22:52.620+0000] {processor.py:830} INFO - Processing file /home/airflow/.local/lib/python3.12/site-packages/airflow/example_dags/example_trigger_controller_dag.py for tasks to queue
[2024-05-29T01:22:52.622+0000] {logging_mixin.py:188} INFO - [2024-05-29T01:22:52.621+0000] {dagbag.py:545} INFO - Filling up the DagBag from /home/airflow/.local/lib/python3.12/site-packages/airflow/example_dags/example_trigger_controller_dag.py
[2024-05-29T01:22:52.629+0000] {processor.py:840} INFO - DAG(s) 'example_trigger_controller_dag' retrieved from /home/airflow/.local/lib/python3.12/site-packages/airflow/example_dags/example_trigger_controller_dag.py
[2024-05-29T01:22:52.654+0000] {logging_mixin.py:188} INFO - [2024-05-29T01:22:52.653+0000] {dag.py:3096} INFO - Sync 1 DAGs
[2024-05-29T01:22:52.682+0000] {logging_mixin.py:188} INFO - [2024-05-29T01:22:52.682+0000] {dag.py:3954} INFO - Setting next_dagrun for example_trigger_controller_dag to 2021-01-01 00:00:00+00:00, run_after=2021-01-01 00:00:00+00:00
[2024-05-29T01:22:52.710+0000] {processor.py:183} INFO - Processing /home/airflow/.local/lib/python3.12/site-packages/airflow/example_dags/example_trigger_controller_dag.py took 0.101 seconds
[2024-05-29T01:27:45.098+0000] {processor.py:161} INFO - Started process (PID=46) to work on /home/airflow/.local/lib/python3.12/site-packages/airflow/example_dags/example_trigger_controller_dag.py
[2024-05-29T01:27:45.100+0000] {processor.py:830} INFO - Processing file /home/airflow/.local/lib/python3.12/site-packages/airflow/example_dags/example_trigger_controller_dag.py for tasks to queue
[2024-05-29T01:27:45.104+0000] {logging_mixin.py:188} INFO - [2024-05-29T01:27:45.103+0000] {dagbag.py:545} INFO - Filling up the DagBag from /home/airflow/.local/lib/python3.12/site-packages/airflow/example_dags/example_trigger_controller_dag.py
[2024-05-29T01:27:45.111+0000] {processor.py:840} INFO - DAG(s) 'example_trigger_controller_dag' retrieved from /home/airflow/.local/lib/python3.12/site-packages/airflow/example_dags/example_trigger_controller_dag.py
[2024-05-29T01:27:45.232+0000] {logging_mixin.py:188} INFO - [2024-05-29T01:27:45.231+0000] {dag.py:3096} INFO - Sync 1 DAGs
[2024-05-29T01:27:45.258+0000] {logging_mixin.py:188} INFO - [2024-05-29T01:27:45.258+0000] {dag.py:3954} INFO - Setting next_dagrun for example_trigger_controller_dag to 2021-01-01 00:00:00+00:00, run_after=2021-01-01 00:00:00+00:00
[2024-05-29T01:27:45.279+0000] {processor.py:183} INFO - Processing /home/airflow/.local/lib/python3.12/site-packages/airflow/example_dags/example_trigger_controller_dag.py took 0.193 seconds
[2024-05-29T01:28:15.420+0000] {processor.py:161} INFO - Started process (PID=105) to work on /home/airflow/.local/lib/python3.12/site-packages/airflow/example_dags/example_trigger_controller_dag.py
[2024-05-29T01:28:15.422+0000] {processor.py:830} INFO - Processing file /home/airflow/.local/lib/python3.12/site-packages/airflow/example_dags/example_trigger_controller_dag.py for tasks to queue
[2024-05-29T01:28:15.424+0000] {logging_mixin.py:188} INFO - [2024-05-29T01:28:15.424+0000] {dagbag.py:545} INFO - Filling up the DagBag from /home/airflow/.local/lib/python3.12/site-packages/airflow/example_dags/example_trigger_controller_dag.py
[2024-05-29T01:28:15.429+0000] {processor.py:840} INFO - DAG(s) 'example_trigger_controller_dag' retrieved from /home/airflow/.local/lib/python3.12/site-packages/airflow/example_dags/example_trigger_controller_dag.py
[2024-05-29T01:28:15.454+0000] {logging_mixin.py:188} INFO - [2024-05-29T01:28:15.454+0000] {dag.py:3096} INFO - Sync 1 DAGs
[2024-05-29T01:28:15.480+0000] {logging_mixin.py:188} INFO - [2024-05-29T01:28:15.479+0000] {dag.py:3954} INFO - Setting next_dagrun for example_trigger_controller_dag to 2021-01-01 00:00:00+00:00, run_after=2021-01-01 00:00:00+00:00
[2024-05-29T01:28:15.504+0000] {processor.py:183} INFO - Processing /home/airflow/.local/lib/python3.12/site-packages/airflow/example_dags/example_trigger_controller_dag.py took 0.089 seconds
