[2024-05-29T01:09:42.865+0000] {processor.py:161} INFO - Started process (PID=78) to work on /home/airflow/.local/lib/python3.12/site-packages/airflow/example_dags/example_skip_dag.py
[2024-05-29T01:09:42.867+0000] {processor.py:830} INFO - Processing file /home/airflow/.local/lib/python3.12/site-packages/airflow/example_dags/example_skip_dag.py for tasks to queue
[2024-05-29T01:09:42.870+0000] {logging_mixin.py:188} INFO - [2024-05-29T01:09:42.869+0000] {dagbag.py:545} INFO - Filling up the DagBag from /home/airflow/.local/lib/python3.12/site-packages/airflow/example_dags/example_skip_dag.py
[2024-05-29T01:09:42.885+0000] {processor.py:840} INFO - DAG(s) 'example_skip_dag' retrieved from /home/airflow/.local/lib/python3.12/site-packages/airflow/example_dags/example_skip_dag.py
[2024-05-29T01:09:43.063+0000] {logging_mixin.py:188} INFO - [2024-05-29T01:09:43.062+0000] {override.py:1829} INFO - Created Permission View: can edit on DAG:example_skip_dag
[2024-05-29T01:09:43.080+0000] {logging_mixin.py:188} INFO - [2024-05-29T01:09:43.080+0000] {override.py:1829} INFO - Created Permission View: can delete on DAG:example_skip_dag
[2024-05-29T01:09:43.090+0000] {logging_mixin.py:188} INFO - [2024-05-29T01:09:43.090+0000] {override.py:1829} INFO - Created Permission View: can read on DAG:example_skip_dag
[2024-05-29T01:09:43.091+0000] {logging_mixin.py:188} INFO - [2024-05-29T01:09:43.091+0000] {dag.py:3096} INFO - Sync 1 DAGs
[2024-05-29T01:09:43.106+0000] {logging_mixin.py:188} INFO - [2024-05-29T01:09:43.105+0000] {dag.py:3118} INFO - Creating ORM DAG for example_skip_dag
[2024-05-29T01:09:43.120+0000] {logging_mixin.py:188} INFO - [2024-05-29T01:09:43.120+0000] {dag.py:3954} INFO - Setting next_dagrun for example_skip_dag to 2024-05-28 00:00:00+00:00, run_after=2024-05-29 00:00:00+00:00
[2024-05-29T01:09:43.146+0000] {processor.py:183} INFO - Processing /home/airflow/.local/lib/python3.12/site-packages/airflow/example_dags/example_skip_dag.py took 0.290 seconds
[2024-05-29T01:10:13.878+0000] {processor.py:161} INFO - Started process (PID=138) to work on /home/airflow/.local/lib/python3.12/site-packages/airflow/example_dags/example_skip_dag.py
[2024-05-29T01:10:13.879+0000] {processor.py:830} INFO - Processing file /home/airflow/.local/lib/python3.12/site-packages/airflow/example_dags/example_skip_dag.py for tasks to queue
[2024-05-29T01:10:13.883+0000] {logging_mixin.py:188} INFO - [2024-05-29T01:10:13.883+0000] {dagbag.py:545} INFO - Filling up the DagBag from /home/airflow/.local/lib/python3.12/site-packages/airflow/example_dags/example_skip_dag.py
[2024-05-29T01:10:13.894+0000] {processor.py:840} INFO - DAG(s) 'example_skip_dag' retrieved from /home/airflow/.local/lib/python3.12/site-packages/airflow/example_dags/example_skip_dag.py
[2024-05-29T01:10:13.923+0000] {logging_mixin.py:188} INFO - [2024-05-29T01:10:13.922+0000] {dag.py:3096} INFO - Sync 1 DAGs
[2024-05-29T01:10:13.969+0000] {logging_mixin.py:188} INFO - [2024-05-29T01:10:13.968+0000] {dag.py:3954} INFO - Setting next_dagrun for example_skip_dag to 2024-05-28 00:00:00+00:00, run_after=2024-05-29 00:00:00+00:00
[2024-05-29T01:10:14.006+0000] {processor.py:183} INFO - Processing /home/airflow/.local/lib/python3.12/site-packages/airflow/example_dags/example_skip_dag.py took 0.139 seconds
[2024-05-29T01:10:45.092+0000] {processor.py:161} INFO - Started process (PID=198) to work on /home/airflow/.local/lib/python3.12/site-packages/airflow/example_dags/example_skip_dag.py
[2024-05-29T01:10:45.094+0000] {processor.py:830} INFO - Processing file /home/airflow/.local/lib/python3.12/site-packages/airflow/example_dags/example_skip_dag.py for tasks to queue
[2024-05-29T01:10:45.113+0000] {logging_mixin.py:188} INFO - [2024-05-29T01:10:45.109+0000] {dagbag.py:545} INFO - Filling up the DagBag from /home/airflow/.local/lib/python3.12/site-packages/airflow/example_dags/example_skip_dag.py
[2024-05-29T01:10:45.129+0000] {processor.py:840} INFO - DAG(s) 'example_skip_dag' retrieved from /home/airflow/.local/lib/python3.12/site-packages/airflow/example_dags/example_skip_dag.py
[2024-05-29T01:10:45.165+0000] {logging_mixin.py:188} INFO - [2024-05-29T01:10:45.165+0000] {dag.py:3096} INFO - Sync 1 DAGs
[2024-05-29T01:10:45.213+0000] {logging_mixin.py:188} INFO - [2024-05-29T01:10:45.213+0000] {dag.py:3954} INFO - Setting next_dagrun for example_skip_dag to 2024-05-28 00:00:00+00:00, run_after=2024-05-29 00:00:00+00:00
[2024-05-29T01:10:45.245+0000] {processor.py:183} INFO - Processing /home/airflow/.local/lib/python3.12/site-packages/airflow/example_dags/example_skip_dag.py took 0.162 seconds
[2024-05-29T01:11:15.584+0000] {processor.py:161} INFO - Started process (PID=258) to work on /home/airflow/.local/lib/python3.12/site-packages/airflow/example_dags/example_skip_dag.py
[2024-05-29T01:11:15.585+0000] {processor.py:830} INFO - Processing file /home/airflow/.local/lib/python3.12/site-packages/airflow/example_dags/example_skip_dag.py for tasks to queue
[2024-05-29T01:11:15.588+0000] {logging_mixin.py:188} INFO - [2024-05-29T01:11:15.587+0000] {dagbag.py:545} INFO - Filling up the DagBag from /home/airflow/.local/lib/python3.12/site-packages/airflow/example_dags/example_skip_dag.py
[2024-05-29T01:11:15.599+0000] {processor.py:840} INFO - DAG(s) 'example_skip_dag' retrieved from /home/airflow/.local/lib/python3.12/site-packages/airflow/example_dags/example_skip_dag.py
[2024-05-29T01:11:15.626+0000] {logging_mixin.py:188} INFO - [2024-05-29T01:11:15.626+0000] {dag.py:3096} INFO - Sync 1 DAGs
[2024-05-29T01:11:15.654+0000] {logging_mixin.py:188} INFO - [2024-05-29T01:11:15.654+0000] {dag.py:3954} INFO - Setting next_dagrun for example_skip_dag to 2024-05-28 00:00:00+00:00, run_after=2024-05-29 00:00:00+00:00
[2024-05-29T01:11:15.676+0000] {processor.py:183} INFO - Processing /home/airflow/.local/lib/python3.12/site-packages/airflow/example_dags/example_skip_dag.py took 0.099 seconds
[2024-05-29T01:11:45.855+0000] {processor.py:161} INFO - Started process (PID=319) to work on /home/airflow/.local/lib/python3.12/site-packages/airflow/example_dags/example_skip_dag.py
[2024-05-29T01:11:45.857+0000] {processor.py:830} INFO - Processing file /home/airflow/.local/lib/python3.12/site-packages/airflow/example_dags/example_skip_dag.py for tasks to queue
[2024-05-29T01:11:45.861+0000] {logging_mixin.py:188} INFO - [2024-05-29T01:11:45.860+0000] {dagbag.py:545} INFO - Filling up the DagBag from /home/airflow/.local/lib/python3.12/site-packages/airflow/example_dags/example_skip_dag.py
[2024-05-29T01:11:45.871+0000] {processor.py:840} INFO - DAG(s) 'example_skip_dag' retrieved from /home/airflow/.local/lib/python3.12/site-packages/airflow/example_dags/example_skip_dag.py
[2024-05-29T01:11:45.902+0000] {logging_mixin.py:188} INFO - [2024-05-29T01:11:45.902+0000] {dag.py:3096} INFO - Sync 1 DAGs
[2024-05-29T01:11:45.931+0000] {logging_mixin.py:188} INFO - [2024-05-29T01:11:45.931+0000] {dag.py:3954} INFO - Setting next_dagrun for example_skip_dag to 2024-05-28 00:00:00+00:00, run_after=2024-05-29 00:00:00+00:00
[2024-05-29T01:11:45.955+0000] {processor.py:183} INFO - Processing /home/airflow/.local/lib/python3.12/site-packages/airflow/example_dags/example_skip_dag.py took 0.108 seconds
[2024-05-29T01:12:16.192+0000] {processor.py:161} INFO - Started process (PID=379) to work on /home/airflow/.local/lib/python3.12/site-packages/airflow/example_dags/example_skip_dag.py
[2024-05-29T01:12:16.193+0000] {processor.py:830} INFO - Processing file /home/airflow/.local/lib/python3.12/site-packages/airflow/example_dags/example_skip_dag.py for tasks to queue
[2024-05-29T01:12:16.196+0000] {logging_mixin.py:188} INFO - [2024-05-29T01:12:16.195+0000] {dagbag.py:545} INFO - Filling up the DagBag from /home/airflow/.local/lib/python3.12/site-packages/airflow/example_dags/example_skip_dag.py
[2024-05-29T01:12:16.209+0000] {processor.py:840} INFO - DAG(s) 'example_skip_dag' retrieved from /home/airflow/.local/lib/python3.12/site-packages/airflow/example_dags/example_skip_dag.py
[2024-05-29T01:12:16.255+0000] {logging_mixin.py:188} INFO - [2024-05-29T01:12:16.255+0000] {dag.py:3096} INFO - Sync 1 DAGs
[2024-05-29T01:12:16.301+0000] {logging_mixin.py:188} INFO - [2024-05-29T01:12:16.300+0000] {dag.py:3954} INFO - Setting next_dagrun for example_skip_dag to 2024-05-28 00:00:00+00:00, run_after=2024-05-29 00:00:00+00:00
[2024-05-29T01:12:16.338+0000] {processor.py:183} INFO - Processing /home/airflow/.local/lib/python3.12/site-packages/airflow/example_dags/example_skip_dag.py took 0.157 seconds
[2024-05-29T01:12:46.409+0000] {processor.py:161} INFO - Started process (PID=439) to work on /home/airflow/.local/lib/python3.12/site-packages/airflow/example_dags/example_skip_dag.py
[2024-05-29T01:12:46.412+0000] {processor.py:830} INFO - Processing file /home/airflow/.local/lib/python3.12/site-packages/airflow/example_dags/example_skip_dag.py for tasks to queue
[2024-05-29T01:12:46.415+0000] {logging_mixin.py:188} INFO - [2024-05-29T01:12:46.414+0000] {dagbag.py:545} INFO - Filling up the DagBag from /home/airflow/.local/lib/python3.12/site-packages/airflow/example_dags/example_skip_dag.py
[2024-05-29T01:12:46.425+0000] {processor.py:840} INFO - DAG(s) 'example_skip_dag' retrieved from /home/airflow/.local/lib/python3.12/site-packages/airflow/example_dags/example_skip_dag.py
[2024-05-29T01:12:46.456+0000] {logging_mixin.py:188} INFO - [2024-05-29T01:12:46.455+0000] {dag.py:3096} INFO - Sync 1 DAGs
[2024-05-29T01:12:46.486+0000] {logging_mixin.py:188} INFO - [2024-05-29T01:12:46.486+0000] {dag.py:3954} INFO - Setting next_dagrun for example_skip_dag to 2024-05-28 00:00:00+00:00, run_after=2024-05-29 00:00:00+00:00
[2024-05-29T01:12:46.511+0000] {processor.py:183} INFO - Processing /home/airflow/.local/lib/python3.12/site-packages/airflow/example_dags/example_skip_dag.py took 0.110 seconds
[2024-05-29T01:13:16.956+0000] {processor.py:161} INFO - Started process (PID=499) to work on /home/airflow/.local/lib/python3.12/site-packages/airflow/example_dags/example_skip_dag.py
[2024-05-29T01:13:16.957+0000] {processor.py:830} INFO - Processing file /home/airflow/.local/lib/python3.12/site-packages/airflow/example_dags/example_skip_dag.py for tasks to queue
[2024-05-29T01:13:16.961+0000] {logging_mixin.py:188} INFO - [2024-05-29T01:13:16.960+0000] {dagbag.py:545} INFO - Filling up the DagBag from /home/airflow/.local/lib/python3.12/site-packages/airflow/example_dags/example_skip_dag.py
[2024-05-29T01:13:16.973+0000] {processor.py:840} INFO - DAG(s) 'example_skip_dag' retrieved from /home/airflow/.local/lib/python3.12/site-packages/airflow/example_dags/example_skip_dag.py
[2024-05-29T01:13:17.001+0000] {logging_mixin.py:188} INFO - [2024-05-29T01:13:17.001+0000] {dag.py:3096} INFO - Sync 1 DAGs
[2024-05-29T01:13:17.034+0000] {logging_mixin.py:188} INFO - [2024-05-29T01:13:17.034+0000] {dag.py:3954} INFO - Setting next_dagrun for example_skip_dag to 2024-05-28 00:00:00+00:00, run_after=2024-05-29 00:00:00+00:00
[2024-05-29T01:13:17.064+0000] {processor.py:183} INFO - Processing /home/airflow/.local/lib/python3.12/site-packages/airflow/example_dags/example_skip_dag.py took 0.115 seconds
[2024-05-29T01:13:47.464+0000] {processor.py:161} INFO - Started process (PID=559) to work on /home/airflow/.local/lib/python3.12/site-packages/airflow/example_dags/example_skip_dag.py
[2024-05-29T01:13:47.465+0000] {processor.py:830} INFO - Processing file /home/airflow/.local/lib/python3.12/site-packages/airflow/example_dags/example_skip_dag.py for tasks to queue
[2024-05-29T01:13:47.468+0000] {logging_mixin.py:188} INFO - [2024-05-29T01:13:47.467+0000] {dagbag.py:545} INFO - Filling up the DagBag from /home/airflow/.local/lib/python3.12/site-packages/airflow/example_dags/example_skip_dag.py
[2024-05-29T01:13:47.476+0000] {processor.py:840} INFO - DAG(s) 'example_skip_dag' retrieved from /home/airflow/.local/lib/python3.12/site-packages/airflow/example_dags/example_skip_dag.py
[2024-05-29T01:13:47.500+0000] {logging_mixin.py:188} INFO - [2024-05-29T01:13:47.499+0000] {dag.py:3096} INFO - Sync 1 DAGs
[2024-05-29T01:13:47.523+0000] {logging_mixin.py:188} INFO - [2024-05-29T01:13:47.523+0000] {dag.py:3954} INFO - Setting next_dagrun for example_skip_dag to 2024-05-28 00:00:00+00:00, run_after=2024-05-29 00:00:00+00:00
[2024-05-29T01:13:47.547+0000] {processor.py:183} INFO - Processing /home/airflow/.local/lib/python3.12/site-packages/airflow/example_dags/example_skip_dag.py took 0.090 seconds
[2024-05-29T01:14:17.757+0000] {processor.py:161} INFO - Started process (PID=619) to work on /home/airflow/.local/lib/python3.12/site-packages/airflow/example_dags/example_skip_dag.py
[2024-05-29T01:14:17.758+0000] {processor.py:830} INFO - Processing file /home/airflow/.local/lib/python3.12/site-packages/airflow/example_dags/example_skip_dag.py for tasks to queue
[2024-05-29T01:14:17.761+0000] {logging_mixin.py:188} INFO - [2024-05-29T01:14:17.760+0000] {dagbag.py:545} INFO - Filling up the DagBag from /home/airflow/.local/lib/python3.12/site-packages/airflow/example_dags/example_skip_dag.py
[2024-05-29T01:14:17.769+0000] {processor.py:840} INFO - DAG(s) 'example_skip_dag' retrieved from /home/airflow/.local/lib/python3.12/site-packages/airflow/example_dags/example_skip_dag.py
[2024-05-29T01:14:17.793+0000] {logging_mixin.py:188} INFO - [2024-05-29T01:14:17.792+0000] {dag.py:3096} INFO - Sync 1 DAGs
[2024-05-29T01:14:17.818+0000] {logging_mixin.py:188} INFO - [2024-05-29T01:14:17.817+0000] {dag.py:3954} INFO - Setting next_dagrun for example_skip_dag to 2024-05-28 00:00:00+00:00, run_after=2024-05-29 00:00:00+00:00
[2024-05-29T01:14:17.840+0000] {processor.py:183} INFO - Processing /home/airflow/.local/lib/python3.12/site-packages/airflow/example_dags/example_skip_dag.py took 0.090 seconds
[2024-05-29T01:14:48.228+0000] {processor.py:161} INFO - Started process (PID=679) to work on /home/airflow/.local/lib/python3.12/site-packages/airflow/example_dags/example_skip_dag.py
[2024-05-29T01:14:48.230+0000] {processor.py:830} INFO - Processing file /home/airflow/.local/lib/python3.12/site-packages/airflow/example_dags/example_skip_dag.py for tasks to queue
[2024-05-29T01:14:48.232+0000] {logging_mixin.py:188} INFO - [2024-05-29T01:14:48.231+0000] {dagbag.py:545} INFO - Filling up the DagBag from /home/airflow/.local/lib/python3.12/site-packages/airflow/example_dags/example_skip_dag.py
[2024-05-29T01:14:48.237+0000] {processor.py:840} INFO - DAG(s) 'example_skip_dag' retrieved from /home/airflow/.local/lib/python3.12/site-packages/airflow/example_dags/example_skip_dag.py
[2024-05-29T01:14:48.258+0000] {logging_mixin.py:188} INFO - [2024-05-29T01:14:48.258+0000] {dag.py:3096} INFO - Sync 1 DAGs
[2024-05-29T01:14:48.281+0000] {logging_mixin.py:188} INFO - [2024-05-29T01:14:48.281+0000] {dag.py:3954} INFO - Setting next_dagrun for example_skip_dag to 2024-05-28 00:00:00+00:00, run_after=2024-05-29 00:00:00+00:00
[2024-05-29T01:14:48.303+0000] {processor.py:183} INFO - Processing /home/airflow/.local/lib/python3.12/site-packages/airflow/example_dags/example_skip_dag.py took 0.082 seconds
[2024-05-29T01:15:19.094+0000] {processor.py:161} INFO - Started process (PID=739) to work on /home/airflow/.local/lib/python3.12/site-packages/airflow/example_dags/example_skip_dag.py
[2024-05-29T01:15:19.096+0000] {processor.py:830} INFO - Processing file /home/airflow/.local/lib/python3.12/site-packages/airflow/example_dags/example_skip_dag.py for tasks to queue
[2024-05-29T01:15:19.098+0000] {logging_mixin.py:188} INFO - [2024-05-29T01:15:19.098+0000] {dagbag.py:545} INFO - Filling up the DagBag from /home/airflow/.local/lib/python3.12/site-packages/airflow/example_dags/example_skip_dag.py
[2024-05-29T01:15:19.105+0000] {processor.py:840} INFO - DAG(s) 'example_skip_dag' retrieved from /home/airflow/.local/lib/python3.12/site-packages/airflow/example_dags/example_skip_dag.py
[2024-05-29T01:15:19.129+0000] {logging_mixin.py:188} INFO - [2024-05-29T01:15:19.129+0000] {dag.py:3096} INFO - Sync 1 DAGs
[2024-05-29T01:15:19.152+0000] {logging_mixin.py:188} INFO - [2024-05-29T01:15:19.152+0000] {dag.py:3954} INFO - Setting next_dagrun for example_skip_dag to 2024-05-28 00:00:00+00:00, run_after=2024-05-29 00:00:00+00:00
[2024-05-29T01:15:19.175+0000] {processor.py:183} INFO - Processing /home/airflow/.local/lib/python3.12/site-packages/airflow/example_dags/example_skip_dag.py took 0.088 seconds
[2024-05-29T01:15:49.759+0000] {processor.py:161} INFO - Started process (PID=799) to work on /home/airflow/.local/lib/python3.12/site-packages/airflow/example_dags/example_skip_dag.py
[2024-05-29T01:15:49.760+0000] {processor.py:830} INFO - Processing file /home/airflow/.local/lib/python3.12/site-packages/airflow/example_dags/example_skip_dag.py for tasks to queue
[2024-05-29T01:15:49.763+0000] {logging_mixin.py:188} INFO - [2024-05-29T01:15:49.763+0000] {dagbag.py:545} INFO - Filling up the DagBag from /home/airflow/.local/lib/python3.12/site-packages/airflow/example_dags/example_skip_dag.py
[2024-05-29T01:15:49.777+0000] {processor.py:840} INFO - DAG(s) 'example_skip_dag' retrieved from /home/airflow/.local/lib/python3.12/site-packages/airflow/example_dags/example_skip_dag.py
[2024-05-29T01:15:49.808+0000] {logging_mixin.py:188} INFO - [2024-05-29T01:15:49.807+0000] {dag.py:3096} INFO - Sync 1 DAGs
[2024-05-29T01:15:49.836+0000] {logging_mixin.py:188} INFO - [2024-05-29T01:15:49.836+0000] {dag.py:3954} INFO - Setting next_dagrun for example_skip_dag to 2024-05-28 00:00:00+00:00, run_after=2024-05-29 00:00:00+00:00
[2024-05-29T01:15:49.864+0000] {processor.py:183} INFO - Processing /home/airflow/.local/lib/python3.12/site-packages/airflow/example_dags/example_skip_dag.py took 0.112 seconds
[2024-05-29T01:16:20.220+0000] {processor.py:161} INFO - Started process (PID=859) to work on /home/airflow/.local/lib/python3.12/site-packages/airflow/example_dags/example_skip_dag.py
[2024-05-29T01:16:20.221+0000] {processor.py:830} INFO - Processing file /home/airflow/.local/lib/python3.12/site-packages/airflow/example_dags/example_skip_dag.py for tasks to queue
[2024-05-29T01:16:20.224+0000] {logging_mixin.py:188} INFO - [2024-05-29T01:16:20.224+0000] {dagbag.py:545} INFO - Filling up the DagBag from /home/airflow/.local/lib/python3.12/site-packages/airflow/example_dags/example_skip_dag.py
[2024-05-29T01:16:20.231+0000] {processor.py:840} INFO - DAG(s) 'example_skip_dag' retrieved from /home/airflow/.local/lib/python3.12/site-packages/airflow/example_dags/example_skip_dag.py
[2024-05-29T01:16:20.256+0000] {logging_mixin.py:188} INFO - [2024-05-29T01:16:20.256+0000] {dag.py:3096} INFO - Sync 1 DAGs
[2024-05-29T01:16:20.293+0000] {logging_mixin.py:188} INFO - [2024-05-29T01:16:20.293+0000] {dag.py:3954} INFO - Setting next_dagrun for example_skip_dag to 2024-05-28 00:00:00+00:00, run_after=2024-05-29 00:00:00+00:00
[2024-05-29T01:16:20.329+0000] {processor.py:183} INFO - Processing /home/airflow/.local/lib/python3.12/site-packages/airflow/example_dags/example_skip_dag.py took 0.115 seconds
[2024-05-29T01:16:50.623+0000] {processor.py:161} INFO - Started process (PID=921) to work on /home/airflow/.local/lib/python3.12/site-packages/airflow/example_dags/example_skip_dag.py
[2024-05-29T01:16:50.625+0000] {processor.py:830} INFO - Processing file /home/airflow/.local/lib/python3.12/site-packages/airflow/example_dags/example_skip_dag.py for tasks to queue
[2024-05-29T01:16:50.627+0000] {logging_mixin.py:188} INFO - [2024-05-29T01:16:50.627+0000] {dagbag.py:545} INFO - Filling up the DagBag from /home/airflow/.local/lib/python3.12/site-packages/airflow/example_dags/example_skip_dag.py
[2024-05-29T01:16:50.636+0000] {processor.py:840} INFO - DAG(s) 'example_skip_dag' retrieved from /home/airflow/.local/lib/python3.12/site-packages/airflow/example_dags/example_skip_dag.py
[2024-05-29T01:16:50.661+0000] {logging_mixin.py:188} INFO - [2024-05-29T01:16:50.661+0000] {dag.py:3096} INFO - Sync 1 DAGs
[2024-05-29T01:16:50.688+0000] {logging_mixin.py:188} INFO - [2024-05-29T01:16:50.688+0000] {dag.py:3954} INFO - Setting next_dagrun for example_skip_dag to 2024-05-28 00:00:00+00:00, run_after=2024-05-29 00:00:00+00:00
[2024-05-29T01:16:50.714+0000] {processor.py:183} INFO - Processing /home/airflow/.local/lib/python3.12/site-packages/airflow/example_dags/example_skip_dag.py took 0.097 seconds
[2024-05-29T01:17:21.605+0000] {processor.py:161} INFO - Started process (PID=982) to work on /home/airflow/.local/lib/python3.12/site-packages/airflow/example_dags/example_skip_dag.py
[2024-05-29T01:17:21.607+0000] {processor.py:830} INFO - Processing file /home/airflow/.local/lib/python3.12/site-packages/airflow/example_dags/example_skip_dag.py for tasks to queue
[2024-05-29T01:17:21.609+0000] {logging_mixin.py:188} INFO - [2024-05-29T01:17:21.609+0000] {dagbag.py:545} INFO - Filling up the DagBag from /home/airflow/.local/lib/python3.12/site-packages/airflow/example_dags/example_skip_dag.py
[2024-05-29T01:17:21.618+0000] {processor.py:840} INFO - DAG(s) 'example_skip_dag' retrieved from /home/airflow/.local/lib/python3.12/site-packages/airflow/example_dags/example_skip_dag.py
[2024-05-29T01:17:21.642+0000] {logging_mixin.py:188} INFO - [2024-05-29T01:17:21.641+0000] {dag.py:3096} INFO - Sync 1 DAGs
[2024-05-29T01:17:21.665+0000] {logging_mixin.py:188} INFO - [2024-05-29T01:17:21.665+0000] {dag.py:3954} INFO - Setting next_dagrun for example_skip_dag to 2024-05-28 00:00:00+00:00, run_after=2024-05-29 00:00:00+00:00
[2024-05-29T01:17:21.685+0000] {processor.py:183} INFO - Processing /home/airflow/.local/lib/python3.12/site-packages/airflow/example_dags/example_skip_dag.py took 0.088 seconds
[2024-05-29T01:17:52.309+0000] {processor.py:161} INFO - Started process (PID=1044) to work on /home/airflow/.local/lib/python3.12/site-packages/airflow/example_dags/example_skip_dag.py
[2024-05-29T01:17:52.310+0000] {processor.py:830} INFO - Processing file /home/airflow/.local/lib/python3.12/site-packages/airflow/example_dags/example_skip_dag.py for tasks to queue
[2024-05-29T01:17:52.312+0000] {logging_mixin.py:188} INFO - [2024-05-29T01:17:52.312+0000] {dagbag.py:545} INFO - Filling up the DagBag from /home/airflow/.local/lib/python3.12/site-packages/airflow/example_dags/example_skip_dag.py
[2024-05-29T01:17:52.319+0000] {processor.py:840} INFO - DAG(s) 'example_skip_dag' retrieved from /home/airflow/.local/lib/python3.12/site-packages/airflow/example_dags/example_skip_dag.py
[2024-05-29T01:17:52.344+0000] {logging_mixin.py:188} INFO - [2024-05-29T01:17:52.344+0000] {dag.py:3096} INFO - Sync 1 DAGs
[2024-05-29T01:17:52.369+0000] {logging_mixin.py:188} INFO - [2024-05-29T01:17:52.369+0000] {dag.py:3954} INFO - Setting next_dagrun for example_skip_dag to 2024-05-28 00:00:00+00:00, run_after=2024-05-29 00:00:00+00:00
[2024-05-29T01:17:52.394+0000] {processor.py:183} INFO - Processing /home/airflow/.local/lib/python3.12/site-packages/airflow/example_dags/example_skip_dag.py took 0.092 seconds
[2024-05-29T01:18:22.721+0000] {processor.py:161} INFO - Started process (PID=1104) to work on /home/airflow/.local/lib/python3.12/site-packages/airflow/example_dags/example_skip_dag.py
[2024-05-29T01:18:22.722+0000] {processor.py:830} INFO - Processing file /home/airflow/.local/lib/python3.12/site-packages/airflow/example_dags/example_skip_dag.py for tasks to queue
[2024-05-29T01:18:22.725+0000] {logging_mixin.py:188} INFO - [2024-05-29T01:18:22.724+0000] {dagbag.py:545} INFO - Filling up the DagBag from /home/airflow/.local/lib/python3.12/site-packages/airflow/example_dags/example_skip_dag.py
[2024-05-29T01:18:22.732+0000] {processor.py:840} INFO - DAG(s) 'example_skip_dag' retrieved from /home/airflow/.local/lib/python3.12/site-packages/airflow/example_dags/example_skip_dag.py
[2024-05-29T01:18:22.757+0000] {logging_mixin.py:188} INFO - [2024-05-29T01:18:22.757+0000] {dag.py:3096} INFO - Sync 1 DAGs
[2024-05-29T01:18:22.782+0000] {logging_mixin.py:188} INFO - [2024-05-29T01:18:22.781+0000] {dag.py:3954} INFO - Setting next_dagrun for example_skip_dag to 2024-05-28 00:00:00+00:00, run_after=2024-05-29 00:00:00+00:00
[2024-05-29T01:18:22.807+0000] {processor.py:183} INFO - Processing /home/airflow/.local/lib/python3.12/site-packages/airflow/example_dags/example_skip_dag.py took 0.092 seconds
[2024-05-29T01:18:53.009+0000] {processor.py:161} INFO - Started process (PID=1166) to work on /home/airflow/.local/lib/python3.12/site-packages/airflow/example_dags/example_skip_dag.py
[2024-05-29T01:18:53.010+0000] {processor.py:830} INFO - Processing file /home/airflow/.local/lib/python3.12/site-packages/airflow/example_dags/example_skip_dag.py for tasks to queue
[2024-05-29T01:18:53.012+0000] {logging_mixin.py:188} INFO - [2024-05-29T01:18:53.012+0000] {dagbag.py:545} INFO - Filling up the DagBag from /home/airflow/.local/lib/python3.12/site-packages/airflow/example_dags/example_skip_dag.py
[2024-05-29T01:18:53.019+0000] {processor.py:840} INFO - DAG(s) 'example_skip_dag' retrieved from /home/airflow/.local/lib/python3.12/site-packages/airflow/example_dags/example_skip_dag.py
[2024-05-29T01:18:53.039+0000] {logging_mixin.py:188} INFO - [2024-05-29T01:18:53.039+0000] {dag.py:3096} INFO - Sync 1 DAGs
[2024-05-29T01:18:53.063+0000] {logging_mixin.py:188} INFO - [2024-05-29T01:18:53.063+0000] {dag.py:3954} INFO - Setting next_dagrun for example_skip_dag to 2024-05-28 00:00:00+00:00, run_after=2024-05-29 00:00:00+00:00
[2024-05-29T01:18:53.087+0000] {processor.py:183} INFO - Processing /home/airflow/.local/lib/python3.12/site-packages/airflow/example_dags/example_skip_dag.py took 0.084 seconds
[2024-05-29T01:19:23.312+0000] {processor.py:161} INFO - Started process (PID=1226) to work on /home/airflow/.local/lib/python3.12/site-packages/airflow/example_dags/example_skip_dag.py
[2024-05-29T01:19:23.313+0000] {processor.py:830} INFO - Processing file /home/airflow/.local/lib/python3.12/site-packages/airflow/example_dags/example_skip_dag.py for tasks to queue
[2024-05-29T01:19:23.315+0000] {logging_mixin.py:188} INFO - [2024-05-29T01:19:23.315+0000] {dagbag.py:545} INFO - Filling up the DagBag from /home/airflow/.local/lib/python3.12/site-packages/airflow/example_dags/example_skip_dag.py
[2024-05-29T01:19:23.321+0000] {processor.py:840} INFO - DAG(s) 'example_skip_dag' retrieved from /home/airflow/.local/lib/python3.12/site-packages/airflow/example_dags/example_skip_dag.py
[2024-05-29T01:19:23.344+0000] {logging_mixin.py:188} INFO - [2024-05-29T01:19:23.343+0000] {dag.py:3096} INFO - Sync 1 DAGs
[2024-05-29T01:19:23.371+0000] {logging_mixin.py:188} INFO - [2024-05-29T01:19:23.371+0000] {dag.py:3954} INFO - Setting next_dagrun for example_skip_dag to 2024-05-28 00:00:00+00:00, run_after=2024-05-29 00:00:00+00:00
[2024-05-29T01:19:23.402+0000] {processor.py:183} INFO - Processing /home/airflow/.local/lib/python3.12/site-packages/airflow/example_dags/example_skip_dag.py took 0.095 seconds
[2024-05-29T01:19:53.806+0000] {processor.py:161} INFO - Started process (PID=1286) to work on /home/airflow/.local/lib/python3.12/site-packages/airflow/example_dags/example_skip_dag.py
[2024-05-29T01:19:53.808+0000] {processor.py:830} INFO - Processing file /home/airflow/.local/lib/python3.12/site-packages/airflow/example_dags/example_skip_dag.py for tasks to queue
[2024-05-29T01:19:53.810+0000] {logging_mixin.py:188} INFO - [2024-05-29T01:19:53.810+0000] {dagbag.py:545} INFO - Filling up the DagBag from /home/airflow/.local/lib/python3.12/site-packages/airflow/example_dags/example_skip_dag.py
[2024-05-29T01:19:53.816+0000] {processor.py:840} INFO - DAG(s) 'example_skip_dag' retrieved from /home/airflow/.local/lib/python3.12/site-packages/airflow/example_dags/example_skip_dag.py
[2024-05-29T01:19:53.840+0000] {logging_mixin.py:188} INFO - [2024-05-29T01:19:53.840+0000] {dag.py:3096} INFO - Sync 1 DAGs
[2024-05-29T01:19:53.866+0000] {logging_mixin.py:188} INFO - [2024-05-29T01:19:53.866+0000] {dag.py:3954} INFO - Setting next_dagrun for example_skip_dag to 2024-05-28 00:00:00+00:00, run_after=2024-05-29 00:00:00+00:00
[2024-05-29T01:19:53.890+0000] {processor.py:183} INFO - Processing /home/airflow/.local/lib/python3.12/site-packages/airflow/example_dags/example_skip_dag.py took 0.088 seconds
[2024-05-29T01:20:24.211+0000] {processor.py:161} INFO - Started process (PID=1346) to work on /home/airflow/.local/lib/python3.12/site-packages/airflow/example_dags/example_skip_dag.py
[2024-05-29T01:20:24.212+0000] {processor.py:830} INFO - Processing file /home/airflow/.local/lib/python3.12/site-packages/airflow/example_dags/example_skip_dag.py for tasks to queue
[2024-05-29T01:20:24.214+0000] {logging_mixin.py:188} INFO - [2024-05-29T01:20:24.214+0000] {dagbag.py:545} INFO - Filling up the DagBag from /home/airflow/.local/lib/python3.12/site-packages/airflow/example_dags/example_skip_dag.py
[2024-05-29T01:20:24.221+0000] {processor.py:840} INFO - DAG(s) 'example_skip_dag' retrieved from /home/airflow/.local/lib/python3.12/site-packages/airflow/example_dags/example_skip_dag.py
[2024-05-29T01:20:24.244+0000] {logging_mixin.py:188} INFO - [2024-05-29T01:20:24.244+0000] {dag.py:3096} INFO - Sync 1 DAGs
[2024-05-29T01:20:24.264+0000] {logging_mixin.py:188} INFO - [2024-05-29T01:20:24.264+0000] {dag.py:3954} INFO - Setting next_dagrun for example_skip_dag to 2024-05-28 00:00:00+00:00, run_after=2024-05-29 00:00:00+00:00
[2024-05-29T01:20:24.285+0000] {processor.py:183} INFO - Processing /home/airflow/.local/lib/python3.12/site-packages/airflow/example_dags/example_skip_dag.py took 0.079 seconds
[2024-05-29T01:22:22.480+0000] {processor.py:161} INFO - Started process (PID=1436) to work on /home/airflow/.local/lib/python3.12/site-packages/airflow/example_dags/example_skip_dag.py
[2024-05-29T01:22:22.482+0000] {processor.py:830} INFO - Processing file /home/airflow/.local/lib/python3.12/site-packages/airflow/example_dags/example_skip_dag.py for tasks to queue
[2024-05-29T01:22:22.483+0000] {logging_mixin.py:188} INFO - [2024-05-29T01:22:22.483+0000] {dagbag.py:545} INFO - Filling up the DagBag from /home/airflow/.local/lib/python3.12/site-packages/airflow/example_dags/example_skip_dag.py
[2024-05-29T01:22:22.493+0000] {processor.py:840} INFO - DAG(s) 'example_skip_dag' retrieved from /home/airflow/.local/lib/python3.12/site-packages/airflow/example_dags/example_skip_dag.py
[2024-05-29T01:22:22.521+0000] {logging_mixin.py:188} INFO - [2024-05-29T01:22:22.520+0000] {dag.py:3096} INFO - Sync 1 DAGs
[2024-05-29T01:22:22.549+0000] {logging_mixin.py:188} INFO - [2024-05-29T01:22:22.549+0000] {dag.py:3954} INFO - Setting next_dagrun for example_skip_dag to 2024-05-28 00:00:00+00:00, run_after=2024-05-29 00:00:00+00:00
[2024-05-29T01:22:22.578+0000] {processor.py:183} INFO - Processing /home/airflow/.local/lib/python3.12/site-packages/airflow/example_dags/example_skip_dag.py took 0.104 seconds
[2024-05-29T01:27:50.192+0000] {processor.py:161} INFO - Started process (PID=72) to work on /home/airflow/.local/lib/python3.12/site-packages/airflow/example_dags/example_skip_dag.py
[2024-05-29T01:27:50.195+0000] {processor.py:830} INFO - Processing file /home/airflow/.local/lib/python3.12/site-packages/airflow/example_dags/example_skip_dag.py for tasks to queue
[2024-05-29T01:27:50.202+0000] {logging_mixin.py:188} INFO - [2024-05-29T01:27:50.202+0000] {dagbag.py:545} INFO - Filling up the DagBag from /home/airflow/.local/lib/python3.12/site-packages/airflow/example_dags/example_skip_dag.py
[2024-05-29T01:27:50.221+0000] {processor.py:840} INFO - DAG(s) 'example_skip_dag' retrieved from /home/airflow/.local/lib/python3.12/site-packages/airflow/example_dags/example_skip_dag.py
[2024-05-29T01:27:50.274+0000] {logging_mixin.py:188} INFO - [2024-05-29T01:27:50.274+0000] {dag.py:3096} INFO - Sync 1 DAGs
[2024-05-29T01:27:50.358+0000] {logging_mixin.py:188} INFO - [2024-05-29T01:27:50.358+0000] {dag.py:3954} INFO - Setting next_dagrun for example_skip_dag to 2024-05-28 00:00:00+00:00, run_after=2024-05-29 00:00:00+00:00
[2024-05-29T01:27:50.403+0000] {processor.py:183} INFO - Processing /home/airflow/.local/lib/python3.12/site-packages/airflow/example_dags/example_skip_dag.py took 0.251 seconds
