[2024-05-29T01:09:29.536+0000] {processor.py:161} INFO - Started process (PID=45) to work on /home/airflow/.local/lib/python3.12/site-packages/airflow/example_dags/example_nested_branch_dag.py
[2024-05-29T01:09:29.538+0000] {processor.py:830} INFO - Processing file /home/airflow/.local/lib/python3.12/site-packages/airflow/example_dags/example_nested_branch_dag.py for tasks to queue
[2024-05-29T01:09:29.542+0000] {logging_mixin.py:188} INFO - [2024-05-29T01:09:29.541+0000] {dagbag.py:545} INFO - Filling up the DagBag from /home/airflow/.local/lib/python3.12/site-packages/airflow/example_dags/example_nested_branch_dag.py
[2024-05-29T01:09:29.559+0000] {processor.py:840} INFO - DAG(s) 'example_nested_branch_dag' retrieved from /home/airflow/.local/lib/python3.12/site-packages/airflow/example_dags/example_nested_branch_dag.py
[2024-05-29T01:09:29.849+0000] {logging_mixin.py:188} INFO - [2024-05-29T01:09:29.847+0000] {override.py:1829} INFO - Created Permission View: can edit on DAG:example_nested_branch_dag
[2024-05-29T01:09:29.880+0000] {logging_mixin.py:188} INFO - [2024-05-29T01:09:29.880+0000] {override.py:1829} INFO - Created Permission View: can delete on DAG:example_nested_branch_dag
[2024-05-29T01:09:29.898+0000] {logging_mixin.py:188} INFO - [2024-05-29T01:09:29.897+0000] {override.py:1829} INFO - Created Permission View: can read on DAG:example_nested_branch_dag
[2024-05-29T01:09:29.901+0000] {logging_mixin.py:188} INFO - [2024-05-29T01:09:29.901+0000] {dag.py:3096} INFO - Sync 1 DAGs
[2024-05-29T01:09:29.929+0000] {logging_mixin.py:188} INFO - [2024-05-29T01:09:29.928+0000] {dag.py:3118} INFO - Creating ORM DAG for example_nested_branch_dag
[2024-05-29T01:09:29.956+0000] {logging_mixin.py:188} INFO - [2024-05-29T01:09:29.956+0000] {dag.py:3954} INFO - Setting next_dagrun for example_nested_branch_dag to 2024-05-28 00:00:00+00:00, run_after=2024-05-29 00:00:00+00:00
[2024-05-29T01:09:30.008+0000] {processor.py:183} INFO - Processing /home/airflow/.local/lib/python3.12/site-packages/airflow/example_dags/example_nested_branch_dag.py took 0.484 seconds
[2024-05-29T01:10:00.376+0000] {processor.py:161} INFO - Started process (PID=105) to work on /home/airflow/.local/lib/python3.12/site-packages/airflow/example_dags/example_nested_branch_dag.py
[2024-05-29T01:10:00.378+0000] {processor.py:830} INFO - Processing file /home/airflow/.local/lib/python3.12/site-packages/airflow/example_dags/example_nested_branch_dag.py for tasks to queue
[2024-05-29T01:10:00.381+0000] {logging_mixin.py:188} INFO - [2024-05-29T01:10:00.381+0000] {dagbag.py:545} INFO - Filling up the DagBag from /home/airflow/.local/lib/python3.12/site-packages/airflow/example_dags/example_nested_branch_dag.py
[2024-05-29T01:10:00.408+0000] {processor.py:840} INFO - DAG(s) 'example_nested_branch_dag' retrieved from /home/airflow/.local/lib/python3.12/site-packages/airflow/example_dags/example_nested_branch_dag.py
[2024-05-29T01:10:00.713+0000] {logging_mixin.py:188} INFO - [2024-05-29T01:10:00.713+0000] {dag.py:3096} INFO - Sync 1 DAGs
[2024-05-29T01:10:00.815+0000] {logging_mixin.py:188} INFO - [2024-05-29T01:10:00.815+0000] {dag.py:3954} INFO - Setting next_dagrun for example_nested_branch_dag to 2024-05-28 00:00:00+00:00, run_after=2024-05-29 00:00:00+00:00
[2024-05-29T01:10:01.764+0000] {processor.py:183} INFO - Processing /home/airflow/.local/lib/python3.12/site-packages/airflow/example_dags/example_nested_branch_dag.py took 1.396 seconds
[2024-05-29T01:10:32.447+0000] {processor.py:161} INFO - Started process (PID=164) to work on /home/airflow/.local/lib/python3.12/site-packages/airflow/example_dags/example_nested_branch_dag.py
[2024-05-29T01:10:32.448+0000] {processor.py:830} INFO - Processing file /home/airflow/.local/lib/python3.12/site-packages/airflow/example_dags/example_nested_branch_dag.py for tasks to queue
[2024-05-29T01:10:32.451+0000] {logging_mixin.py:188} INFO - [2024-05-29T01:10:32.451+0000] {dagbag.py:545} INFO - Filling up the DagBag from /home/airflow/.local/lib/python3.12/site-packages/airflow/example_dags/example_nested_branch_dag.py
[2024-05-29T01:10:32.465+0000] {processor.py:840} INFO - DAG(s) 'example_nested_branch_dag' retrieved from /home/airflow/.local/lib/python3.12/site-packages/airflow/example_dags/example_nested_branch_dag.py
[2024-05-29T01:10:32.491+0000] {logging_mixin.py:188} INFO - [2024-05-29T01:10:32.491+0000] {dag.py:3096} INFO - Sync 1 DAGs
[2024-05-29T01:10:32.519+0000] {logging_mixin.py:188} INFO - [2024-05-29T01:10:32.519+0000] {dag.py:3954} INFO - Setting next_dagrun for example_nested_branch_dag to 2024-05-28 00:00:00+00:00, run_after=2024-05-29 00:00:00+00:00
[2024-05-29T01:10:32.546+0000] {processor.py:183} INFO - Processing /home/airflow/.local/lib/python3.12/site-packages/airflow/example_dags/example_nested_branch_dag.py took 0.107 seconds
[2024-05-29T01:11:02.706+0000] {processor.py:161} INFO - Started process (PID=223) to work on /home/airflow/.local/lib/python3.12/site-packages/airflow/example_dags/example_nested_branch_dag.py
[2024-05-29T01:11:02.708+0000] {processor.py:830} INFO - Processing file /home/airflow/.local/lib/python3.12/site-packages/airflow/example_dags/example_nested_branch_dag.py for tasks to queue
[2024-05-29T01:11:02.712+0000] {logging_mixin.py:188} INFO - [2024-05-29T01:11:02.711+0000] {dagbag.py:545} INFO - Filling up the DagBag from /home/airflow/.local/lib/python3.12/site-packages/airflow/example_dags/example_nested_branch_dag.py
[2024-05-29T01:11:02.733+0000] {processor.py:840} INFO - DAG(s) 'example_nested_branch_dag' retrieved from /home/airflow/.local/lib/python3.12/site-packages/airflow/example_dags/example_nested_branch_dag.py
[2024-05-29T01:11:02.769+0000] {logging_mixin.py:188} INFO - [2024-05-29T01:11:02.768+0000] {dag.py:3096} INFO - Sync 1 DAGs
[2024-05-29T01:11:02.806+0000] {logging_mixin.py:188} INFO - [2024-05-29T01:11:02.805+0000] {dag.py:3954} INFO - Setting next_dagrun for example_nested_branch_dag to 2024-05-28 00:00:00+00:00, run_after=2024-05-29 00:00:00+00:00
[2024-05-29T01:11:02.833+0000] {processor.py:183} INFO - Processing /home/airflow/.local/lib/python3.12/site-packages/airflow/example_dags/example_nested_branch_dag.py took 0.136 seconds
[2024-05-29T01:11:33.069+0000] {processor.py:161} INFO - Started process (PID=284) to work on /home/airflow/.local/lib/python3.12/site-packages/airflow/example_dags/example_nested_branch_dag.py
[2024-05-29T01:11:33.071+0000] {processor.py:830} INFO - Processing file /home/airflow/.local/lib/python3.12/site-packages/airflow/example_dags/example_nested_branch_dag.py for tasks to queue
[2024-05-29T01:11:33.075+0000] {logging_mixin.py:188} INFO - [2024-05-29T01:11:33.075+0000] {dagbag.py:545} INFO - Filling up the DagBag from /home/airflow/.local/lib/python3.12/site-packages/airflow/example_dags/example_nested_branch_dag.py
[2024-05-29T01:11:33.101+0000] {processor.py:840} INFO - DAG(s) 'example_nested_branch_dag' retrieved from /home/airflow/.local/lib/python3.12/site-packages/airflow/example_dags/example_nested_branch_dag.py
[2024-05-29T01:11:33.145+0000] {logging_mixin.py:188} INFO - [2024-05-29T01:11:33.144+0000] {dag.py:3096} INFO - Sync 1 DAGs
[2024-05-29T01:11:33.175+0000] {logging_mixin.py:188} INFO - [2024-05-29T01:11:33.175+0000] {dag.py:3954} INFO - Setting next_dagrun for example_nested_branch_dag to 2024-05-28 00:00:00+00:00, run_after=2024-05-29 00:00:00+00:00
[2024-05-29T01:11:33.196+0000] {processor.py:183} INFO - Processing /home/airflow/.local/lib/python3.12/site-packages/airflow/example_dags/example_nested_branch_dag.py took 0.139 seconds
[2024-05-29T01:12:03.375+0000] {processor.py:161} INFO - Started process (PID=344) to work on /home/airflow/.local/lib/python3.12/site-packages/airflow/example_dags/example_nested_branch_dag.py
[2024-05-29T01:12:03.377+0000] {processor.py:830} INFO - Processing file /home/airflow/.local/lib/python3.12/site-packages/airflow/example_dags/example_nested_branch_dag.py for tasks to queue
[2024-05-29T01:12:03.382+0000] {logging_mixin.py:188} INFO - [2024-05-29T01:12:03.381+0000] {dagbag.py:545} INFO - Filling up the DagBag from /home/airflow/.local/lib/python3.12/site-packages/airflow/example_dags/example_nested_branch_dag.py
[2024-05-29T01:12:03.397+0000] {processor.py:840} INFO - DAG(s) 'example_nested_branch_dag' retrieved from /home/airflow/.local/lib/python3.12/site-packages/airflow/example_dags/example_nested_branch_dag.py
[2024-05-29T01:12:03.434+0000] {logging_mixin.py:188} INFO - [2024-05-29T01:12:03.433+0000] {dag.py:3096} INFO - Sync 1 DAGs
[2024-05-29T01:12:03.473+0000] {logging_mixin.py:188} INFO - [2024-05-29T01:12:03.472+0000] {dag.py:3954} INFO - Setting next_dagrun for example_nested_branch_dag to 2024-05-28 00:00:00+00:00, run_after=2024-05-29 00:00:00+00:00
[2024-05-29T01:12:03.511+0000] {processor.py:183} INFO - Processing /home/airflow/.local/lib/python3.12/site-packages/airflow/example_dags/example_nested_branch_dag.py took 0.147 seconds
[2024-05-29T01:12:33.988+0000] {processor.py:161} INFO - Started process (PID=404) to work on /home/airflow/.local/lib/python3.12/site-packages/airflow/example_dags/example_nested_branch_dag.py
[2024-05-29T01:12:33.991+0000] {processor.py:830} INFO - Processing file /home/airflow/.local/lib/python3.12/site-packages/airflow/example_dags/example_nested_branch_dag.py for tasks to queue
[2024-05-29T01:12:33.995+0000] {logging_mixin.py:188} INFO - [2024-05-29T01:12:33.995+0000] {dagbag.py:545} INFO - Filling up the DagBag from /home/airflow/.local/lib/python3.12/site-packages/airflow/example_dags/example_nested_branch_dag.py
[2024-05-29T01:12:34.012+0000] {processor.py:840} INFO - DAG(s) 'example_nested_branch_dag' retrieved from /home/airflow/.local/lib/python3.12/site-packages/airflow/example_dags/example_nested_branch_dag.py
[2024-05-29T01:12:34.114+0000] {logging_mixin.py:188} INFO - [2024-05-29T01:12:34.110+0000] {dag.py:3096} INFO - Sync 1 DAGs
[2024-05-29T01:12:34.153+0000] {logging_mixin.py:188} INFO - [2024-05-29T01:12:34.152+0000] {dag.py:3954} INFO - Setting next_dagrun for example_nested_branch_dag to 2024-05-28 00:00:00+00:00, run_after=2024-05-29 00:00:00+00:00
[2024-05-29T01:12:34.200+0000] {processor.py:183} INFO - Processing /home/airflow/.local/lib/python3.12/site-packages/airflow/example_dags/example_nested_branch_dag.py took 0.220 seconds
[2024-05-29T01:13:04.733+0000] {processor.py:161} INFO - Started process (PID=464) to work on /home/airflow/.local/lib/python3.12/site-packages/airflow/example_dags/example_nested_branch_dag.py
[2024-05-29T01:13:04.735+0000] {processor.py:830} INFO - Processing file /home/airflow/.local/lib/python3.12/site-packages/airflow/example_dags/example_nested_branch_dag.py for tasks to queue
[2024-05-29T01:13:04.738+0000] {logging_mixin.py:188} INFO - [2024-05-29T01:13:04.738+0000] {dagbag.py:545} INFO - Filling up the DagBag from /home/airflow/.local/lib/python3.12/site-packages/airflow/example_dags/example_nested_branch_dag.py
[2024-05-29T01:13:04.749+0000] {processor.py:840} INFO - DAG(s) 'example_nested_branch_dag' retrieved from /home/airflow/.local/lib/python3.12/site-packages/airflow/example_dags/example_nested_branch_dag.py
[2024-05-29T01:13:04.776+0000] {logging_mixin.py:188} INFO - [2024-05-29T01:13:04.776+0000] {dag.py:3096} INFO - Sync 1 DAGs
[2024-05-29T01:13:04.812+0000] {logging_mixin.py:188} INFO - [2024-05-29T01:13:04.812+0000] {dag.py:3954} INFO - Setting next_dagrun for example_nested_branch_dag to 2024-05-28 00:00:00+00:00, run_after=2024-05-29 00:00:00+00:00
[2024-05-29T01:13:04.847+0000] {processor.py:183} INFO - Processing /home/airflow/.local/lib/python3.12/site-packages/airflow/example_dags/example_nested_branch_dag.py took 0.124 seconds
[2024-05-29T01:13:34.936+0000] {processor.py:161} INFO - Started process (PID=524) to work on /home/airflow/.local/lib/python3.12/site-packages/airflow/example_dags/example_nested_branch_dag.py
[2024-05-29T01:13:34.938+0000] {processor.py:830} INFO - Processing file /home/airflow/.local/lib/python3.12/site-packages/airflow/example_dags/example_nested_branch_dag.py for tasks to queue
[2024-05-29T01:13:34.942+0000] {logging_mixin.py:188} INFO - [2024-05-29T01:13:34.941+0000] {dagbag.py:545} INFO - Filling up the DagBag from /home/airflow/.local/lib/python3.12/site-packages/airflow/example_dags/example_nested_branch_dag.py
[2024-05-29T01:13:34.954+0000] {processor.py:840} INFO - DAG(s) 'example_nested_branch_dag' retrieved from /home/airflow/.local/lib/python3.12/site-packages/airflow/example_dags/example_nested_branch_dag.py
[2024-05-29T01:13:34.980+0000] {logging_mixin.py:188} INFO - [2024-05-29T01:13:34.979+0000] {dag.py:3096} INFO - Sync 1 DAGs
[2024-05-29T01:13:35.006+0000] {logging_mixin.py:188} INFO - [2024-05-29T01:13:35.006+0000] {dag.py:3954} INFO - Setting next_dagrun for example_nested_branch_dag to 2024-05-28 00:00:00+00:00, run_after=2024-05-29 00:00:00+00:00
[2024-05-29T01:13:35.028+0000] {processor.py:183} INFO - Processing /home/airflow/.local/lib/python3.12/site-packages/airflow/example_dags/example_nested_branch_dag.py took 0.097 seconds
[2024-05-29T01:14:05.124+0000] {processor.py:161} INFO - Started process (PID=584) to work on /home/airflow/.local/lib/python3.12/site-packages/airflow/example_dags/example_nested_branch_dag.py
[2024-05-29T01:14:05.126+0000] {processor.py:830} INFO - Processing file /home/airflow/.local/lib/python3.12/site-packages/airflow/example_dags/example_nested_branch_dag.py for tasks to queue
[2024-05-29T01:14:05.129+0000] {logging_mixin.py:188} INFO - [2024-05-29T01:14:05.129+0000] {dagbag.py:545} INFO - Filling up the DagBag from /home/airflow/.local/lib/python3.12/site-packages/airflow/example_dags/example_nested_branch_dag.py
[2024-05-29T01:14:05.139+0000] {processor.py:840} INFO - DAG(s) 'example_nested_branch_dag' retrieved from /home/airflow/.local/lib/python3.12/site-packages/airflow/example_dags/example_nested_branch_dag.py
[2024-05-29T01:14:05.161+0000] {logging_mixin.py:188} INFO - [2024-05-29T01:14:05.161+0000] {dag.py:3096} INFO - Sync 1 DAGs
[2024-05-29T01:14:05.190+0000] {logging_mixin.py:188} INFO - [2024-05-29T01:14:05.189+0000] {dag.py:3954} INFO - Setting next_dagrun for example_nested_branch_dag to 2024-05-28 00:00:00+00:00, run_after=2024-05-29 00:00:00+00:00
[2024-05-29T01:14:05.212+0000] {processor.py:183} INFO - Processing /home/airflow/.local/lib/python3.12/site-packages/airflow/example_dags/example_nested_branch_dag.py took 0.095 seconds
[2024-05-29T01:14:35.369+0000] {processor.py:161} INFO - Started process (PID=644) to work on /home/airflow/.local/lib/python3.12/site-packages/airflow/example_dags/example_nested_branch_dag.py
[2024-05-29T01:14:35.370+0000] {processor.py:830} INFO - Processing file /home/airflow/.local/lib/python3.12/site-packages/airflow/example_dags/example_nested_branch_dag.py for tasks to queue
[2024-05-29T01:14:35.374+0000] {logging_mixin.py:188} INFO - [2024-05-29T01:14:35.373+0000] {dagbag.py:545} INFO - Filling up the DagBag from /home/airflow/.local/lib/python3.12/site-packages/airflow/example_dags/example_nested_branch_dag.py
[2024-05-29T01:14:35.384+0000] {processor.py:840} INFO - DAG(s) 'example_nested_branch_dag' retrieved from /home/airflow/.local/lib/python3.12/site-packages/airflow/example_dags/example_nested_branch_dag.py
[2024-05-29T01:14:35.411+0000] {logging_mixin.py:188} INFO - [2024-05-29T01:14:35.411+0000] {dag.py:3096} INFO - Sync 1 DAGs
[2024-05-29T01:14:35.440+0000] {logging_mixin.py:188} INFO - [2024-05-29T01:14:35.439+0000] {dag.py:3954} INFO - Setting next_dagrun for example_nested_branch_dag to 2024-05-28 00:00:00+00:00, run_after=2024-05-29 00:00:00+00:00
[2024-05-29T01:14:35.466+0000] {processor.py:183} INFO - Processing /home/airflow/.local/lib/python3.12/site-packages/airflow/example_dags/example_nested_branch_dag.py took 0.102 seconds
[2024-05-29T01:15:05.789+0000] {processor.py:161} INFO - Started process (PID=704) to work on /home/airflow/.local/lib/python3.12/site-packages/airflow/example_dags/example_nested_branch_dag.py
[2024-05-29T01:15:05.791+0000] {processor.py:830} INFO - Processing file /home/airflow/.local/lib/python3.12/site-packages/airflow/example_dags/example_nested_branch_dag.py for tasks to queue
[2024-05-29T01:15:05.793+0000] {logging_mixin.py:188} INFO - [2024-05-29T01:15:05.793+0000] {dagbag.py:545} INFO - Filling up the DagBag from /home/airflow/.local/lib/python3.12/site-packages/airflow/example_dags/example_nested_branch_dag.py
[2024-05-29T01:15:05.816+0000] {processor.py:840} INFO - DAG(s) 'example_nested_branch_dag' retrieved from /home/airflow/.local/lib/python3.12/site-packages/airflow/example_dags/example_nested_branch_dag.py
[2024-05-29T01:15:05.855+0000] {logging_mixin.py:188} INFO - [2024-05-29T01:15:05.855+0000] {dag.py:3096} INFO - Sync 1 DAGs
[2024-05-29T01:15:05.900+0000] {logging_mixin.py:188} INFO - [2024-05-29T01:15:05.900+0000] {dag.py:3954} INFO - Setting next_dagrun for example_nested_branch_dag to 2024-05-28 00:00:00+00:00, run_after=2024-05-29 00:00:00+00:00
[2024-05-29T01:15:05.937+0000] {processor.py:183} INFO - Processing /home/airflow/.local/lib/python3.12/site-packages/airflow/example_dags/example_nested_branch_dag.py took 0.156 seconds
[2024-05-29T01:15:36.180+0000] {processor.py:161} INFO - Started process (PID=764) to work on /home/airflow/.local/lib/python3.12/site-packages/airflow/example_dags/example_nested_branch_dag.py
[2024-05-29T01:15:36.182+0000] {processor.py:830} INFO - Processing file /home/airflow/.local/lib/python3.12/site-packages/airflow/example_dags/example_nested_branch_dag.py for tasks to queue
[2024-05-29T01:15:36.184+0000] {logging_mixin.py:188} INFO - [2024-05-29T01:15:36.184+0000] {dagbag.py:545} INFO - Filling up the DagBag from /home/airflow/.local/lib/python3.12/site-packages/airflow/example_dags/example_nested_branch_dag.py
[2024-05-29T01:15:36.194+0000] {processor.py:840} INFO - DAG(s) 'example_nested_branch_dag' retrieved from /home/airflow/.local/lib/python3.12/site-packages/airflow/example_dags/example_nested_branch_dag.py
[2024-05-29T01:15:36.220+0000] {logging_mixin.py:188} INFO - [2024-05-29T01:15:36.219+0000] {dag.py:3096} INFO - Sync 1 DAGs
[2024-05-29T01:15:36.244+0000] {logging_mixin.py:188} INFO - [2024-05-29T01:15:36.244+0000] {dag.py:3954} INFO - Setting next_dagrun for example_nested_branch_dag to 2024-05-28 00:00:00+00:00, run_after=2024-05-29 00:00:00+00:00
[2024-05-29T01:15:36.270+0000] {processor.py:183} INFO - Processing /home/airflow/.local/lib/python3.12/site-packages/airflow/example_dags/example_nested_branch_dag.py took 0.097 seconds
[2024-05-29T01:16:06.459+0000] {processor.py:161} INFO - Started process (PID=824) to work on /home/airflow/.local/lib/python3.12/site-packages/airflow/example_dags/example_nested_branch_dag.py
[2024-05-29T01:16:06.461+0000] {processor.py:830} INFO - Processing file /home/airflow/.local/lib/python3.12/site-packages/airflow/example_dags/example_nested_branch_dag.py for tasks to queue
[2024-05-29T01:16:06.464+0000] {logging_mixin.py:188} INFO - [2024-05-29T01:16:06.463+0000] {dagbag.py:545} INFO - Filling up the DagBag from /home/airflow/.local/lib/python3.12/site-packages/airflow/example_dags/example_nested_branch_dag.py
[2024-05-29T01:16:06.480+0000] {processor.py:840} INFO - DAG(s) 'example_nested_branch_dag' retrieved from /home/airflow/.local/lib/python3.12/site-packages/airflow/example_dags/example_nested_branch_dag.py
[2024-05-29T01:16:06.508+0000] {logging_mixin.py:188} INFO - [2024-05-29T01:16:06.507+0000] {dag.py:3096} INFO - Sync 1 DAGs
[2024-05-29T01:16:06.540+0000] {logging_mixin.py:188} INFO - [2024-05-29T01:16:06.540+0000] {dag.py:3954} INFO - Setting next_dagrun for example_nested_branch_dag to 2024-05-28 00:00:00+00:00, run_after=2024-05-29 00:00:00+00:00
[2024-05-29T01:16:06.577+0000] {processor.py:183} INFO - Processing /home/airflow/.local/lib/python3.12/site-packages/airflow/example_dags/example_nested_branch_dag.py took 0.126 seconds
[2024-05-29T01:16:36.705+0000] {processor.py:161} INFO - Started process (PID=884) to work on /home/airflow/.local/lib/python3.12/site-packages/airflow/example_dags/example_nested_branch_dag.py
[2024-05-29T01:16:36.706+0000] {processor.py:830} INFO - Processing file /home/airflow/.local/lib/python3.12/site-packages/airflow/example_dags/example_nested_branch_dag.py for tasks to queue
[2024-05-29T01:16:36.708+0000] {logging_mixin.py:188} INFO - [2024-05-29T01:16:36.708+0000] {dagbag.py:545} INFO - Filling up the DagBag from /home/airflow/.local/lib/python3.12/site-packages/airflow/example_dags/example_nested_branch_dag.py
[2024-05-29T01:16:36.718+0000] {processor.py:840} INFO - DAG(s) 'example_nested_branch_dag' retrieved from /home/airflow/.local/lib/python3.12/site-packages/airflow/example_dags/example_nested_branch_dag.py
[2024-05-29T01:16:36.745+0000] {logging_mixin.py:188} INFO - [2024-05-29T01:16:36.744+0000] {dag.py:3096} INFO - Sync 1 DAGs
[2024-05-29T01:16:36.769+0000] {logging_mixin.py:188} INFO - [2024-05-29T01:16:36.769+0000] {dag.py:3954} INFO - Setting next_dagrun for example_nested_branch_dag to 2024-05-28 00:00:00+00:00, run_after=2024-05-29 00:00:00+00:00
[2024-05-29T01:16:36.794+0000] {processor.py:183} INFO - Processing /home/airflow/.local/lib/python3.12/site-packages/airflow/example_dags/example_nested_branch_dag.py took 0.094 seconds
[2024-05-29T01:17:07.457+0000] {processor.py:161} INFO - Started process (PID=946) to work on /home/airflow/.local/lib/python3.12/site-packages/airflow/example_dags/example_nested_branch_dag.py
[2024-05-29T01:17:07.458+0000] {processor.py:830} INFO - Processing file /home/airflow/.local/lib/python3.12/site-packages/airflow/example_dags/example_nested_branch_dag.py for tasks to queue
[2024-05-29T01:17:07.460+0000] {logging_mixin.py:188} INFO - [2024-05-29T01:17:07.460+0000] {dagbag.py:545} INFO - Filling up the DagBag from /home/airflow/.local/lib/python3.12/site-packages/airflow/example_dags/example_nested_branch_dag.py
[2024-05-29T01:17:07.470+0000] {processor.py:840} INFO - DAG(s) 'example_nested_branch_dag' retrieved from /home/airflow/.local/lib/python3.12/site-packages/airflow/example_dags/example_nested_branch_dag.py
[2024-05-29T01:17:07.498+0000] {logging_mixin.py:188} INFO - [2024-05-29T01:17:07.497+0000] {dag.py:3096} INFO - Sync 1 DAGs
[2024-05-29T01:17:07.527+0000] {logging_mixin.py:188} INFO - [2024-05-29T01:17:07.526+0000] {dag.py:3954} INFO - Setting next_dagrun for example_nested_branch_dag to 2024-05-28 00:00:00+00:00, run_after=2024-05-29 00:00:00+00:00
[2024-05-29T01:17:07.552+0000] {processor.py:183} INFO - Processing /home/airflow/.local/lib/python3.12/site-packages/airflow/example_dags/example_nested_branch_dag.py took 0.101 seconds
[2024-05-29T01:17:38.023+0000] {processor.py:161} INFO - Started process (PID=1011) to work on /home/airflow/.local/lib/python3.12/site-packages/airflow/example_dags/example_nested_branch_dag.py
[2024-05-29T01:17:38.024+0000] {processor.py:830} INFO - Processing file /home/airflow/.local/lib/python3.12/site-packages/airflow/example_dags/example_nested_branch_dag.py for tasks to queue
[2024-05-29T01:17:38.027+0000] {logging_mixin.py:188} INFO - [2024-05-29T01:17:38.026+0000] {dagbag.py:545} INFO - Filling up the DagBag from /home/airflow/.local/lib/python3.12/site-packages/airflow/example_dags/example_nested_branch_dag.py
[2024-05-29T01:17:38.037+0000] {processor.py:840} INFO - DAG(s) 'example_nested_branch_dag' retrieved from /home/airflow/.local/lib/python3.12/site-packages/airflow/example_dags/example_nested_branch_dag.py
[2024-05-29T01:17:38.063+0000] {logging_mixin.py:188} INFO - [2024-05-29T01:17:38.063+0000] {dag.py:3096} INFO - Sync 1 DAGs
[2024-05-29T01:17:38.089+0000] {logging_mixin.py:188} INFO - [2024-05-29T01:17:38.089+0000] {dag.py:3954} INFO - Setting next_dagrun for example_nested_branch_dag to 2024-05-28 00:00:00+00:00, run_after=2024-05-29 00:00:00+00:00
[2024-05-29T01:17:38.114+0000] {processor.py:183} INFO - Processing /home/airflow/.local/lib/python3.12/site-packages/airflow/example_dags/example_nested_branch_dag.py took 0.097 seconds
[2024-05-29T01:18:08.364+0000] {processor.py:161} INFO - Started process (PID=1071) to work on /home/airflow/.local/lib/python3.12/site-packages/airflow/example_dags/example_nested_branch_dag.py
[2024-05-29T01:18:08.366+0000] {processor.py:830} INFO - Processing file /home/airflow/.local/lib/python3.12/site-packages/airflow/example_dags/example_nested_branch_dag.py for tasks to queue
[2024-05-29T01:18:08.368+0000] {logging_mixin.py:188} INFO - [2024-05-29T01:18:08.368+0000] {dagbag.py:545} INFO - Filling up the DagBag from /home/airflow/.local/lib/python3.12/site-packages/airflow/example_dags/example_nested_branch_dag.py
[2024-05-29T01:18:08.380+0000] {processor.py:840} INFO - DAG(s) 'example_nested_branch_dag' retrieved from /home/airflow/.local/lib/python3.12/site-packages/airflow/example_dags/example_nested_branch_dag.py
[2024-05-29T01:18:08.407+0000] {logging_mixin.py:188} INFO - [2024-05-29T01:18:08.407+0000] {dag.py:3096} INFO - Sync 1 DAGs
[2024-05-29T01:18:08.441+0000] {logging_mixin.py:188} INFO - [2024-05-29T01:18:08.441+0000] {dag.py:3954} INFO - Setting next_dagrun for example_nested_branch_dag to 2024-05-28 00:00:00+00:00, run_after=2024-05-29 00:00:00+00:00
[2024-05-29T01:18:08.465+0000] {processor.py:183} INFO - Processing /home/airflow/.local/lib/python3.12/site-packages/airflow/example_dags/example_nested_branch_dag.py took 0.110 seconds
[2024-05-29T01:18:38.740+0000] {processor.py:161} INFO - Started process (PID=1129) to work on /home/airflow/.local/lib/python3.12/site-packages/airflow/example_dags/example_nested_branch_dag.py
[2024-05-29T01:18:38.742+0000] {processor.py:830} INFO - Processing file /home/airflow/.local/lib/python3.12/site-packages/airflow/example_dags/example_nested_branch_dag.py for tasks to queue
[2024-05-29T01:18:38.745+0000] {logging_mixin.py:188} INFO - [2024-05-29T01:18:38.744+0000] {dagbag.py:545} INFO - Filling up the DagBag from /home/airflow/.local/lib/python3.12/site-packages/airflow/example_dags/example_nested_branch_dag.py
[2024-05-29T01:18:38.755+0000] {processor.py:840} INFO - DAG(s) 'example_nested_branch_dag' retrieved from /home/airflow/.local/lib/python3.12/site-packages/airflow/example_dags/example_nested_branch_dag.py
[2024-05-29T01:18:38.779+0000] {logging_mixin.py:188} INFO - [2024-05-29T01:18:38.779+0000] {dag.py:3096} INFO - Sync 1 DAGs
[2024-05-29T01:18:38.808+0000] {logging_mixin.py:188} INFO - [2024-05-29T01:18:38.808+0000] {dag.py:3954} INFO - Setting next_dagrun for example_nested_branch_dag to 2024-05-28 00:00:00+00:00, run_after=2024-05-29 00:00:00+00:00
[2024-05-29T01:18:38.830+0000] {processor.py:183} INFO - Processing /home/airflow/.local/lib/python3.12/site-packages/airflow/example_dags/example_nested_branch_dag.py took 0.098 seconds
[2024-05-29T01:19:09.039+0000] {processor.py:161} INFO - Started process (PID=1189) to work on /home/airflow/.local/lib/python3.12/site-packages/airflow/example_dags/example_nested_branch_dag.py
[2024-05-29T01:19:09.041+0000] {processor.py:830} INFO - Processing file /home/airflow/.local/lib/python3.12/site-packages/airflow/example_dags/example_nested_branch_dag.py for tasks to queue
[2024-05-29T01:19:09.044+0000] {logging_mixin.py:188} INFO - [2024-05-29T01:19:09.043+0000] {dagbag.py:545} INFO - Filling up the DagBag from /home/airflow/.local/lib/python3.12/site-packages/airflow/example_dags/example_nested_branch_dag.py
[2024-05-29T01:19:09.053+0000] {processor.py:840} INFO - DAG(s) 'example_nested_branch_dag' retrieved from /home/airflow/.local/lib/python3.12/site-packages/airflow/example_dags/example_nested_branch_dag.py
[2024-05-29T01:19:09.077+0000] {logging_mixin.py:188} INFO - [2024-05-29T01:19:09.077+0000] {dag.py:3096} INFO - Sync 1 DAGs
[2024-05-29T01:19:09.101+0000] {logging_mixin.py:188} INFO - [2024-05-29T01:19:09.100+0000] {dag.py:3954} INFO - Setting next_dagrun for example_nested_branch_dag to 2024-05-28 00:00:00+00:00, run_after=2024-05-29 00:00:00+00:00
[2024-05-29T01:19:09.126+0000] {processor.py:183} INFO - Processing /home/airflow/.local/lib/python3.12/site-packages/airflow/example_dags/example_nested_branch_dag.py took 0.092 seconds
[2024-05-29T01:19:39.475+0000] {processor.py:161} INFO - Started process (PID=1249) to work on /home/airflow/.local/lib/python3.12/site-packages/airflow/example_dags/example_nested_branch_dag.py
[2024-05-29T01:19:39.476+0000] {processor.py:830} INFO - Processing file /home/airflow/.local/lib/python3.12/site-packages/airflow/example_dags/example_nested_branch_dag.py for tasks to queue
[2024-05-29T01:19:39.478+0000] {logging_mixin.py:188} INFO - [2024-05-29T01:19:39.478+0000] {dagbag.py:545} INFO - Filling up the DagBag from /home/airflow/.local/lib/python3.12/site-packages/airflow/example_dags/example_nested_branch_dag.py
[2024-05-29T01:19:39.488+0000] {processor.py:840} INFO - DAG(s) 'example_nested_branch_dag' retrieved from /home/airflow/.local/lib/python3.12/site-packages/airflow/example_dags/example_nested_branch_dag.py
[2024-05-29T01:19:39.513+0000] {logging_mixin.py:188} INFO - [2024-05-29T01:19:39.512+0000] {dag.py:3096} INFO - Sync 1 DAGs
[2024-05-29T01:19:39.537+0000] {logging_mixin.py:188} INFO - [2024-05-29T01:19:39.537+0000] {dag.py:3954} INFO - Setting next_dagrun for example_nested_branch_dag to 2024-05-28 00:00:00+00:00, run_after=2024-05-29 00:00:00+00:00
[2024-05-29T01:19:39.563+0000] {processor.py:183} INFO - Processing /home/airflow/.local/lib/python3.12/site-packages/airflow/example_dags/example_nested_branch_dag.py took 0.096 seconds
[2024-05-29T01:20:10.041+0000] {processor.py:161} INFO - Started process (PID=1309) to work on /home/airflow/.local/lib/python3.12/site-packages/airflow/example_dags/example_nested_branch_dag.py
[2024-05-29T01:20:10.042+0000] {processor.py:830} INFO - Processing file /home/airflow/.local/lib/python3.12/site-packages/airflow/example_dags/example_nested_branch_dag.py for tasks to queue
[2024-05-29T01:20:10.044+0000] {logging_mixin.py:188} INFO - [2024-05-29T01:20:10.044+0000] {dagbag.py:545} INFO - Filling up the DagBag from /home/airflow/.local/lib/python3.12/site-packages/airflow/example_dags/example_nested_branch_dag.py
[2024-05-29T01:20:10.058+0000] {processor.py:840} INFO - DAG(s) 'example_nested_branch_dag' retrieved from /home/airflow/.local/lib/python3.12/site-packages/airflow/example_dags/example_nested_branch_dag.py
[2024-05-29T01:20:10.085+0000] {logging_mixin.py:188} INFO - [2024-05-29T01:20:10.085+0000] {dag.py:3096} INFO - Sync 1 DAGs
[2024-05-29T01:20:10.114+0000] {logging_mixin.py:188} INFO - [2024-05-29T01:20:10.114+0000] {dag.py:3954} INFO - Setting next_dagrun for example_nested_branch_dag to 2024-05-28 00:00:00+00:00, run_after=2024-05-29 00:00:00+00:00
[2024-05-29T01:20:10.140+0000] {processor.py:183} INFO - Processing /home/airflow/.local/lib/python3.12/site-packages/airflow/example_dags/example_nested_branch_dag.py took 0.107 seconds
[2024-05-29T01:20:40.812+0000] {processor.py:161} INFO - Started process (PID=1369) to work on /home/airflow/.local/lib/python3.12/site-packages/airflow/example_dags/example_nested_branch_dag.py
[2024-05-29T01:20:40.813+0000] {processor.py:830} INFO - Processing file /home/airflow/.local/lib/python3.12/site-packages/airflow/example_dags/example_nested_branch_dag.py for tasks to queue
[2024-05-29T01:20:40.815+0000] {logging_mixin.py:188} INFO - [2024-05-29T01:20:40.815+0000] {dagbag.py:545} INFO - Filling up the DagBag from /home/airflow/.local/lib/python3.12/site-packages/airflow/example_dags/example_nested_branch_dag.py
[2024-05-29T01:20:40.828+0000] {processor.py:840} INFO - DAG(s) 'example_nested_branch_dag' retrieved from /home/airflow/.local/lib/python3.12/site-packages/airflow/example_dags/example_nested_branch_dag.py
[2024-05-29T01:20:40.874+0000] {logging_mixin.py:188} INFO - [2024-05-29T01:20:40.874+0000] {dag.py:3096} INFO - Sync 1 DAGs
[2024-05-29T01:20:40.906+0000] {logging_mixin.py:188} INFO - [2024-05-29T01:20:40.906+0000] {dag.py:3954} INFO - Setting next_dagrun for example_nested_branch_dag to 2024-05-28 00:00:00+00:00, run_after=2024-05-29 00:00:00+00:00
[2024-05-29T01:20:41.003+0000] {processor.py:183} INFO - Processing /home/airflow/.local/lib/python3.12/site-packages/airflow/example_dags/example_nested_branch_dag.py took 0.197 seconds
[2024-05-29T01:22:21.211+0000] {processor.py:161} INFO - Started process (PID=1417) to work on /home/airflow/.local/lib/python3.12/site-packages/airflow/example_dags/example_nested_branch_dag.py
[2024-05-29T01:22:21.212+0000] {processor.py:830} INFO - Processing file /home/airflow/.local/lib/python3.12/site-packages/airflow/example_dags/example_nested_branch_dag.py for tasks to queue
[2024-05-29T01:22:21.214+0000] {logging_mixin.py:188} INFO - [2024-05-29T01:22:21.213+0000] {dagbag.py:545} INFO - Filling up the DagBag from /home/airflow/.local/lib/python3.12/site-packages/airflow/example_dags/example_nested_branch_dag.py
[2024-05-29T01:22:21.232+0000] {processor.py:840} INFO - DAG(s) 'example_nested_branch_dag' retrieved from /home/airflow/.local/lib/python3.12/site-packages/airflow/example_dags/example_nested_branch_dag.py
[2024-05-29T01:22:21.262+0000] {logging_mixin.py:188} INFO - [2024-05-29T01:22:21.261+0000] {dag.py:3096} INFO - Sync 1 DAGs
[2024-05-29T01:22:21.287+0000] {logging_mixin.py:188} INFO - [2024-05-29T01:22:21.287+0000] {dag.py:3954} INFO - Setting next_dagrun for example_nested_branch_dag to 2024-05-28 00:00:00+00:00, run_after=2024-05-29 00:00:00+00:00
[2024-05-29T01:22:21.311+0000] {processor.py:183} INFO - Processing /home/airflow/.local/lib/python3.12/site-packages/airflow/example_dags/example_nested_branch_dag.py took 0.110 seconds
[2024-05-29T01:22:52.091+0000] {processor.py:161} INFO - Started process (PID=1477) to work on /home/airflow/.local/lib/python3.12/site-packages/airflow/example_dags/example_nested_branch_dag.py
[2024-05-29T01:22:52.092+0000] {processor.py:830} INFO - Processing file /home/airflow/.local/lib/python3.12/site-packages/airflow/example_dags/example_nested_branch_dag.py for tasks to queue
[2024-05-29T01:22:52.093+0000] {logging_mixin.py:188} INFO - [2024-05-29T01:22:52.093+0000] {dagbag.py:545} INFO - Filling up the DagBag from /home/airflow/.local/lib/python3.12/site-packages/airflow/example_dags/example_nested_branch_dag.py
[2024-05-29T01:22:52.105+0000] {processor.py:840} INFO - DAG(s) 'example_nested_branch_dag' retrieved from /home/airflow/.local/lib/python3.12/site-packages/airflow/example_dags/example_nested_branch_dag.py
[2024-05-29T01:22:52.132+0000] {logging_mixin.py:188} INFO - [2024-05-29T01:22:52.132+0000] {dag.py:3096} INFO - Sync 1 DAGs
[2024-05-29T01:22:52.160+0000] {logging_mixin.py:188} INFO - [2024-05-29T01:22:52.160+0000] {dag.py:3954} INFO - Setting next_dagrun for example_nested_branch_dag to 2024-05-28 00:00:00+00:00, run_after=2024-05-29 00:00:00+00:00
[2024-05-29T01:22:52.184+0000] {processor.py:183} INFO - Processing /home/airflow/.local/lib/python3.12/site-packages/airflow/example_dags/example_nested_branch_dag.py took 0.100 seconds
[2024-05-29T01:27:42.787+0000] {processor.py:161} INFO - Started process (PID=39) to work on /home/airflow/.local/lib/python3.12/site-packages/airflow/example_dags/example_nested_branch_dag.py
[2024-05-29T01:27:42.790+0000] {processor.py:830} INFO - Processing file /home/airflow/.local/lib/python3.12/site-packages/airflow/example_dags/example_nested_branch_dag.py for tasks to queue
[2024-05-29T01:27:42.793+0000] {logging_mixin.py:188} INFO - [2024-05-29T01:27:42.793+0000] {dagbag.py:545} INFO - Filling up the DagBag from /home/airflow/.local/lib/python3.12/site-packages/airflow/example_dags/example_nested_branch_dag.py
[2024-05-29T01:27:42.808+0000] {processor.py:840} INFO - DAG(s) 'example_nested_branch_dag' retrieved from /home/airflow/.local/lib/python3.12/site-packages/airflow/example_dags/example_nested_branch_dag.py
[2024-05-29T01:27:42.857+0000] {logging_mixin.py:188} INFO - [2024-05-29T01:27:42.856+0000] {dag.py:3096} INFO - Sync 1 DAGs
[2024-05-29T01:27:42.887+0000] {logging_mixin.py:188} INFO - [2024-05-29T01:27:42.887+0000] {dag.py:3954} INFO - Setting next_dagrun for example_nested_branch_dag to 2024-05-28 00:00:00+00:00, run_after=2024-05-29 00:00:00+00:00
[2024-05-29T01:27:42.917+0000] {processor.py:183} INFO - Processing /home/airflow/.local/lib/python3.12/site-packages/airflow/example_dags/example_nested_branch_dag.py took 0.140 seconds
[2024-05-29T01:28:13.480+0000] {processor.py:161} INFO - Started process (PID=97) to work on /home/airflow/.local/lib/python3.12/site-packages/airflow/example_dags/example_nested_branch_dag.py
[2024-05-29T01:28:13.481+0000] {processor.py:830} INFO - Processing file /home/airflow/.local/lib/python3.12/site-packages/airflow/example_dags/example_nested_branch_dag.py for tasks to queue
[2024-05-29T01:28:13.483+0000] {logging_mixin.py:188} INFO - [2024-05-29T01:28:13.483+0000] {dagbag.py:545} INFO - Filling up the DagBag from /home/airflow/.local/lib/python3.12/site-packages/airflow/example_dags/example_nested_branch_dag.py
[2024-05-29T01:28:13.493+0000] {processor.py:840} INFO - DAG(s) 'example_nested_branch_dag' retrieved from /home/airflow/.local/lib/python3.12/site-packages/airflow/example_dags/example_nested_branch_dag.py
[2024-05-29T01:28:13.514+0000] {logging_mixin.py:188} INFO - [2024-05-29T01:28:13.514+0000] {dag.py:3096} INFO - Sync 1 DAGs
[2024-05-29T01:28:13.540+0000] {logging_mixin.py:188} INFO - [2024-05-29T01:28:13.539+0000] {dag.py:3954} INFO - Setting next_dagrun for example_nested_branch_dag to 2024-05-28 00:00:00+00:00, run_after=2024-05-29 00:00:00+00:00
[2024-05-29T01:28:13.563+0000] {processor.py:183} INFO - Processing /home/airflow/.local/lib/python3.12/site-packages/airflow/example_dags/example_nested_branch_dag.py took 0.091 seconds
