[2024-05-29T01:09:40.744+0000] {processor.py:161} INFO - Started process (PID=67) to work on /home/airflow/.local/lib/python3.12/site-packages/airflow/example_dags/example_setup_teardown.py
[2024-05-29T01:09:40.746+0000] {processor.py:830} INFO - Processing file /home/airflow/.local/lib/python3.12/site-packages/airflow/example_dags/example_setup_teardown.py for tasks to queue
[2024-05-29T01:09:40.749+0000] {logging_mixin.py:188} INFO - [2024-05-29T01:09:40.748+0000] {dagbag.py:545} INFO - Filling up the DagBag from /home/airflow/.local/lib/python3.12/site-packages/airflow/example_dags/example_setup_teardown.py
[2024-05-29T01:09:40.758+0000] {processor.py:840} INFO - DAG(s) 'example_setup_teardown' retrieved from /home/airflow/.local/lib/python3.12/site-packages/airflow/example_dags/example_setup_teardown.py
[2024-05-29T01:09:40.925+0000] {logging_mixin.py:188} INFO - [2024-05-29T01:09:40.924+0000] {override.py:1829} INFO - Created Permission View: can edit on DAG:example_setup_teardown
[2024-05-29T01:09:40.944+0000] {logging_mixin.py:188} INFO - [2024-05-29T01:09:40.943+0000] {override.py:1829} INFO - Created Permission View: can delete on DAG:example_setup_teardown
[2024-05-29T01:09:40.954+0000] {logging_mixin.py:188} INFO - [2024-05-29T01:09:40.953+0000] {override.py:1829} INFO - Created Permission View: can read on DAG:example_setup_teardown
[2024-05-29T01:09:40.956+0000] {logging_mixin.py:188} INFO - [2024-05-29T01:09:40.955+0000] {dag.py:3096} INFO - Sync 1 DAGs
[2024-05-29T01:09:40.973+0000] {logging_mixin.py:188} INFO - [2024-05-29T01:09:40.972+0000] {dag.py:3118} INFO - Creating ORM DAG for example_setup_teardown
[2024-05-29T01:09:40.991+0000] {logging_mixin.py:188} INFO - [2024-05-29T01:09:40.991+0000] {dag.py:3954} INFO - Setting next_dagrun for example_setup_teardown to 2024-05-28 00:00:00+00:00, run_after=2024-05-29 00:00:00+00:00
[2024-05-29T01:09:41.015+0000] {processor.py:183} INFO - Processing /home/airflow/.local/lib/python3.12/site-packages/airflow/example_dags/example_setup_teardown.py took 0.279 seconds
[2024-05-29T01:10:11.579+0000] {processor.py:161} INFO - Started process (PID=127) to work on /home/airflow/.local/lib/python3.12/site-packages/airflow/example_dags/example_setup_teardown.py
[2024-05-29T01:10:11.581+0000] {processor.py:830} INFO - Processing file /home/airflow/.local/lib/python3.12/site-packages/airflow/example_dags/example_setup_teardown.py for tasks to queue
[2024-05-29T01:10:11.584+0000] {logging_mixin.py:188} INFO - [2024-05-29T01:10:11.584+0000] {dagbag.py:545} INFO - Filling up the DagBag from /home/airflow/.local/lib/python3.12/site-packages/airflow/example_dags/example_setup_teardown.py
[2024-05-29T01:10:11.597+0000] {processor.py:840} INFO - DAG(s) 'example_setup_teardown' retrieved from /home/airflow/.local/lib/python3.12/site-packages/airflow/example_dags/example_setup_teardown.py
[2024-05-29T01:10:11.643+0000] {logging_mixin.py:188} INFO - [2024-05-29T01:10:11.642+0000] {dag.py:3096} INFO - Sync 1 DAGs
[2024-05-29T01:10:11.734+0000] {logging_mixin.py:188} INFO - [2024-05-29T01:10:11.734+0000] {dag.py:3954} INFO - Setting next_dagrun for example_setup_teardown to 2024-05-28 00:00:00+00:00, run_after=2024-05-29 00:00:00+00:00
[2024-05-29T01:10:11.808+0000] {processor.py:183} INFO - Processing /home/airflow/.local/lib/python3.12/site-packages/airflow/example_dags/example_setup_teardown.py took 0.235 seconds
[2024-05-29T01:10:41.983+0000] {processor.py:161} INFO - Started process (PID=187) to work on /home/airflow/.local/lib/python3.12/site-packages/airflow/example_dags/example_setup_teardown.py
[2024-05-29T01:10:41.985+0000] {processor.py:830} INFO - Processing file /home/airflow/.local/lib/python3.12/site-packages/airflow/example_dags/example_setup_teardown.py for tasks to queue
[2024-05-29T01:10:41.989+0000] {logging_mixin.py:188} INFO - [2024-05-29T01:10:41.988+0000] {dagbag.py:545} INFO - Filling up the DagBag from /home/airflow/.local/lib/python3.12/site-packages/airflow/example_dags/example_setup_teardown.py
[2024-05-29T01:10:42.001+0000] {processor.py:840} INFO - DAG(s) 'example_setup_teardown' retrieved from /home/airflow/.local/lib/python3.12/site-packages/airflow/example_dags/example_setup_teardown.py
[2024-05-29T01:10:42.037+0000] {logging_mixin.py:188} INFO - [2024-05-29T01:10:42.037+0000] {dag.py:3096} INFO - Sync 1 DAGs
[2024-05-29T01:10:42.064+0000] {logging_mixin.py:188} INFO - [2024-05-29T01:10:42.064+0000] {dag.py:3954} INFO - Setting next_dagrun for example_setup_teardown to 2024-05-28 00:00:00+00:00, run_after=2024-05-29 00:00:00+00:00
[2024-05-29T01:10:42.087+0000] {processor.py:183} INFO - Processing /home/airflow/.local/lib/python3.12/site-packages/airflow/example_dags/example_setup_teardown.py took 0.112 seconds
[2024-05-29T01:11:12.668+0000] {processor.py:161} INFO - Started process (PID=247) to work on /home/airflow/.local/lib/python3.12/site-packages/airflow/example_dags/example_setup_teardown.py
[2024-05-29T01:11:12.670+0000] {processor.py:830} INFO - Processing file /home/airflow/.local/lib/python3.12/site-packages/airflow/example_dags/example_setup_teardown.py for tasks to queue
[2024-05-29T01:11:12.672+0000] {logging_mixin.py:188} INFO - [2024-05-29T01:11:12.672+0000] {dagbag.py:545} INFO - Filling up the DagBag from /home/airflow/.local/lib/python3.12/site-packages/airflow/example_dags/example_setup_teardown.py
[2024-05-29T01:11:12.679+0000] {processor.py:840} INFO - DAG(s) 'example_setup_teardown' retrieved from /home/airflow/.local/lib/python3.12/site-packages/airflow/example_dags/example_setup_teardown.py
[2024-05-29T01:11:12.709+0000] {logging_mixin.py:188} INFO - [2024-05-29T01:11:12.709+0000] {dag.py:3096} INFO - Sync 1 DAGs
[2024-05-29T01:11:12.742+0000] {logging_mixin.py:188} INFO - [2024-05-29T01:11:12.741+0000] {dag.py:3954} INFO - Setting next_dagrun for example_setup_teardown to 2024-05-28 00:00:00+00:00, run_after=2024-05-29 00:00:00+00:00
[2024-05-29T01:11:12.768+0000] {processor.py:183} INFO - Processing /home/airflow/.local/lib/python3.12/site-packages/airflow/example_dags/example_setup_teardown.py took 0.106 seconds
[2024-05-29T01:11:43.535+0000] {processor.py:161} INFO - Started process (PID=308) to work on /home/airflow/.local/lib/python3.12/site-packages/airflow/example_dags/example_setup_teardown.py
[2024-05-29T01:11:43.538+0000] {processor.py:830} INFO - Processing file /home/airflow/.local/lib/python3.12/site-packages/airflow/example_dags/example_setup_teardown.py for tasks to queue
[2024-05-29T01:11:43.541+0000] {logging_mixin.py:188} INFO - [2024-05-29T01:11:43.540+0000] {dagbag.py:545} INFO - Filling up the DagBag from /home/airflow/.local/lib/python3.12/site-packages/airflow/example_dags/example_setup_teardown.py
[2024-05-29T01:11:43.554+0000] {processor.py:840} INFO - DAG(s) 'example_setup_teardown' retrieved from /home/airflow/.local/lib/python3.12/site-packages/airflow/example_dags/example_setup_teardown.py
[2024-05-29T01:11:43.591+0000] {logging_mixin.py:188} INFO - [2024-05-29T01:11:43.590+0000] {dag.py:3096} INFO - Sync 1 DAGs
[2024-05-29T01:11:43.646+0000] {logging_mixin.py:188} INFO - [2024-05-29T01:11:43.646+0000] {dag.py:3954} INFO - Setting next_dagrun for example_setup_teardown to 2024-05-28 00:00:00+00:00, run_after=2024-05-29 00:00:00+00:00
[2024-05-29T01:11:43.714+0000] {processor.py:183} INFO - Processing /home/airflow/.local/lib/python3.12/site-packages/airflow/example_dags/example_setup_teardown.py took 0.190 seconds
[2024-05-29T01:12:14.229+0000] {processor.py:161} INFO - Started process (PID=368) to work on /home/airflow/.local/lib/python3.12/site-packages/airflow/example_dags/example_setup_teardown.py
[2024-05-29T01:12:14.230+0000] {processor.py:830} INFO - Processing file /home/airflow/.local/lib/python3.12/site-packages/airflow/example_dags/example_setup_teardown.py for tasks to queue
[2024-05-29T01:12:14.233+0000] {logging_mixin.py:188} INFO - [2024-05-29T01:12:14.233+0000] {dagbag.py:545} INFO - Filling up the DagBag from /home/airflow/.local/lib/python3.12/site-packages/airflow/example_dags/example_setup_teardown.py
[2024-05-29T01:12:14.247+0000] {processor.py:840} INFO - DAG(s) 'example_setup_teardown' retrieved from /home/airflow/.local/lib/python3.12/site-packages/airflow/example_dags/example_setup_teardown.py
[2024-05-29T01:12:14.279+0000] {logging_mixin.py:188} INFO - [2024-05-29T01:12:14.279+0000] {dag.py:3096} INFO - Sync 1 DAGs
[2024-05-29T01:12:14.317+0000] {logging_mixin.py:188} INFO - [2024-05-29T01:12:14.316+0000] {dag.py:3954} INFO - Setting next_dagrun for example_setup_teardown to 2024-05-28 00:00:00+00:00, run_after=2024-05-29 00:00:00+00:00
[2024-05-29T01:12:14.351+0000] {processor.py:183} INFO - Processing /home/airflow/.local/lib/python3.12/site-packages/airflow/example_dags/example_setup_teardown.py took 0.131 seconds
[2024-05-29T01:12:44.478+0000] {processor.py:161} INFO - Started process (PID=428) to work on /home/airflow/.local/lib/python3.12/site-packages/airflow/example_dags/example_setup_teardown.py
[2024-05-29T01:12:44.479+0000] {processor.py:830} INFO - Processing file /home/airflow/.local/lib/python3.12/site-packages/airflow/example_dags/example_setup_teardown.py for tasks to queue
[2024-05-29T01:12:44.482+0000] {logging_mixin.py:188} INFO - [2024-05-29T01:12:44.482+0000] {dagbag.py:545} INFO - Filling up the DagBag from /home/airflow/.local/lib/python3.12/site-packages/airflow/example_dags/example_setup_teardown.py
[2024-05-29T01:12:44.491+0000] {processor.py:840} INFO - DAG(s) 'example_setup_teardown' retrieved from /home/airflow/.local/lib/python3.12/site-packages/airflow/example_dags/example_setup_teardown.py
[2024-05-29T01:12:44.520+0000] {logging_mixin.py:188} INFO - [2024-05-29T01:12:44.520+0000] {dag.py:3096} INFO - Sync 1 DAGs
[2024-05-29T01:12:44.551+0000] {logging_mixin.py:188} INFO - [2024-05-29T01:12:44.550+0000] {dag.py:3954} INFO - Setting next_dagrun for example_setup_teardown to 2024-05-28 00:00:00+00:00, run_after=2024-05-29 00:00:00+00:00
[2024-05-29T01:12:44.590+0000] {processor.py:183} INFO - Processing /home/airflow/.local/lib/python3.12/site-packages/airflow/example_dags/example_setup_teardown.py took 0.120 seconds
[2024-05-29T01:13:15.132+0000] {processor.py:161} INFO - Started process (PID=488) to work on /home/airflow/.local/lib/python3.12/site-packages/airflow/example_dags/example_setup_teardown.py
[2024-05-29T01:13:15.133+0000] {processor.py:830} INFO - Processing file /home/airflow/.local/lib/python3.12/site-packages/airflow/example_dags/example_setup_teardown.py for tasks to queue
[2024-05-29T01:13:15.136+0000] {logging_mixin.py:188} INFO - [2024-05-29T01:13:15.135+0000] {dagbag.py:545} INFO - Filling up the DagBag from /home/airflow/.local/lib/python3.12/site-packages/airflow/example_dags/example_setup_teardown.py
[2024-05-29T01:13:15.145+0000] {processor.py:840} INFO - DAG(s) 'example_setup_teardown' retrieved from /home/airflow/.local/lib/python3.12/site-packages/airflow/example_dags/example_setup_teardown.py
[2024-05-29T01:13:15.178+0000] {logging_mixin.py:188} INFO - [2024-05-29T01:13:15.178+0000] {dag.py:3096} INFO - Sync 1 DAGs
[2024-05-29T01:13:15.212+0000] {logging_mixin.py:188} INFO - [2024-05-29T01:13:15.212+0000] {dag.py:3954} INFO - Setting next_dagrun for example_setup_teardown to 2024-05-28 00:00:00+00:00, run_after=2024-05-29 00:00:00+00:00
[2024-05-29T01:13:15.239+0000] {processor.py:183} INFO - Processing /home/airflow/.local/lib/python3.12/site-packages/airflow/example_dags/example_setup_teardown.py took 0.115 seconds
[2024-05-29T01:13:45.809+0000] {processor.py:161} INFO - Started process (PID=548) to work on /home/airflow/.local/lib/python3.12/site-packages/airflow/example_dags/example_setup_teardown.py
[2024-05-29T01:13:45.810+0000] {processor.py:830} INFO - Processing file /home/airflow/.local/lib/python3.12/site-packages/airflow/example_dags/example_setup_teardown.py for tasks to queue
[2024-05-29T01:13:45.813+0000] {logging_mixin.py:188} INFO - [2024-05-29T01:13:45.812+0000] {dagbag.py:545} INFO - Filling up the DagBag from /home/airflow/.local/lib/python3.12/site-packages/airflow/example_dags/example_setup_teardown.py
[2024-05-29T01:13:45.819+0000] {processor.py:840} INFO - DAG(s) 'example_setup_teardown' retrieved from /home/airflow/.local/lib/python3.12/site-packages/airflow/example_dags/example_setup_teardown.py
[2024-05-29T01:13:45.842+0000] {logging_mixin.py:188} INFO - [2024-05-29T01:13:45.842+0000] {dag.py:3096} INFO - Sync 1 DAGs
[2024-05-29T01:13:45.873+0000] {logging_mixin.py:188} INFO - [2024-05-29T01:13:45.872+0000] {dag.py:3954} INFO - Setting next_dagrun for example_setup_teardown to 2024-05-28 00:00:00+00:00, run_after=2024-05-29 00:00:00+00:00
[2024-05-29T01:13:45.897+0000] {processor.py:183} INFO - Processing /home/airflow/.local/lib/python3.12/site-packages/airflow/example_dags/example_setup_teardown.py took 0.093 seconds
[2024-05-29T01:14:16.080+0000] {processor.py:161} INFO - Started process (PID=608) to work on /home/airflow/.local/lib/python3.12/site-packages/airflow/example_dags/example_setup_teardown.py
[2024-05-29T01:14:16.082+0000] {processor.py:830} INFO - Processing file /home/airflow/.local/lib/python3.12/site-packages/airflow/example_dags/example_setup_teardown.py for tasks to queue
[2024-05-29T01:14:16.086+0000] {logging_mixin.py:188} INFO - [2024-05-29T01:14:16.085+0000] {dagbag.py:545} INFO - Filling up the DagBag from /home/airflow/.local/lib/python3.12/site-packages/airflow/example_dags/example_setup_teardown.py
[2024-05-29T01:14:16.096+0000] {processor.py:840} INFO - DAG(s) 'example_setup_teardown' retrieved from /home/airflow/.local/lib/python3.12/site-packages/airflow/example_dags/example_setup_teardown.py
[2024-05-29T01:14:16.124+0000] {logging_mixin.py:188} INFO - [2024-05-29T01:14:16.124+0000] {dag.py:3096} INFO - Sync 1 DAGs
[2024-05-29T01:14:16.151+0000] {logging_mixin.py:188} INFO - [2024-05-29T01:14:16.150+0000] {dag.py:3954} INFO - Setting next_dagrun for example_setup_teardown to 2024-05-28 00:00:00+00:00, run_after=2024-05-29 00:00:00+00:00
[2024-05-29T01:14:16.176+0000] {processor.py:183} INFO - Processing /home/airflow/.local/lib/python3.12/site-packages/airflow/example_dags/example_setup_teardown.py took 0.102 seconds
[2024-05-29T01:14:46.503+0000] {processor.py:161} INFO - Started process (PID=668) to work on /home/airflow/.local/lib/python3.12/site-packages/airflow/example_dags/example_setup_teardown.py
[2024-05-29T01:14:46.504+0000] {processor.py:830} INFO - Processing file /home/airflow/.local/lib/python3.12/site-packages/airflow/example_dags/example_setup_teardown.py for tasks to queue
[2024-05-29T01:14:46.507+0000] {logging_mixin.py:188} INFO - [2024-05-29T01:14:46.506+0000] {dagbag.py:545} INFO - Filling up the DagBag from /home/airflow/.local/lib/python3.12/site-packages/airflow/example_dags/example_setup_teardown.py
[2024-05-29T01:14:46.513+0000] {processor.py:840} INFO - DAG(s) 'example_setup_teardown' retrieved from /home/airflow/.local/lib/python3.12/site-packages/airflow/example_dags/example_setup_teardown.py
[2024-05-29T01:14:46.536+0000] {logging_mixin.py:188} INFO - [2024-05-29T01:14:46.536+0000] {dag.py:3096} INFO - Sync 1 DAGs
[2024-05-29T01:14:46.562+0000] {logging_mixin.py:188} INFO - [2024-05-29T01:14:46.561+0000] {dag.py:3954} INFO - Setting next_dagrun for example_setup_teardown to 2024-05-28 00:00:00+00:00, run_after=2024-05-29 00:00:00+00:00
[2024-05-29T01:14:46.591+0000] {processor.py:183} INFO - Processing /home/airflow/.local/lib/python3.12/site-packages/airflow/example_dags/example_setup_teardown.py took 0.095 seconds
[2024-05-29T01:15:17.429+0000] {processor.py:161} INFO - Started process (PID=728) to work on /home/airflow/.local/lib/python3.12/site-packages/airflow/example_dags/example_setup_teardown.py
[2024-05-29T01:15:17.431+0000] {processor.py:830} INFO - Processing file /home/airflow/.local/lib/python3.12/site-packages/airflow/example_dags/example_setup_teardown.py for tasks to queue
[2024-05-29T01:15:17.433+0000] {logging_mixin.py:188} INFO - [2024-05-29T01:15:17.432+0000] {dagbag.py:545} INFO - Filling up the DagBag from /home/airflow/.local/lib/python3.12/site-packages/airflow/example_dags/example_setup_teardown.py
[2024-05-29T01:15:17.439+0000] {processor.py:840} INFO - DAG(s) 'example_setup_teardown' retrieved from /home/airflow/.local/lib/python3.12/site-packages/airflow/example_dags/example_setup_teardown.py
[2024-05-29T01:15:17.463+0000] {logging_mixin.py:188} INFO - [2024-05-29T01:15:17.463+0000] {dag.py:3096} INFO - Sync 1 DAGs
[2024-05-29T01:15:17.490+0000] {logging_mixin.py:188} INFO - [2024-05-29T01:15:17.489+0000] {dag.py:3954} INFO - Setting next_dagrun for example_setup_teardown to 2024-05-28 00:00:00+00:00, run_after=2024-05-29 00:00:00+00:00
[2024-05-29T01:15:17.513+0000] {processor.py:183} INFO - Processing /home/airflow/.local/lib/python3.12/site-packages/airflow/example_dags/example_setup_teardown.py took 0.089 seconds
[2024-05-29T01:15:48.085+0000] {processor.py:161} INFO - Started process (PID=788) to work on /home/airflow/.local/lib/python3.12/site-packages/airflow/example_dags/example_setup_teardown.py
[2024-05-29T01:15:48.087+0000] {processor.py:830} INFO - Processing file /home/airflow/.local/lib/python3.12/site-packages/airflow/example_dags/example_setup_teardown.py for tasks to queue
[2024-05-29T01:15:48.089+0000] {logging_mixin.py:188} INFO - [2024-05-29T01:15:48.089+0000] {dagbag.py:545} INFO - Filling up the DagBag from /home/airflow/.local/lib/python3.12/site-packages/airflow/example_dags/example_setup_teardown.py
[2024-05-29T01:15:48.096+0000] {processor.py:840} INFO - DAG(s) 'example_setup_teardown' retrieved from /home/airflow/.local/lib/python3.12/site-packages/airflow/example_dags/example_setup_teardown.py
[2024-05-29T01:15:48.119+0000] {logging_mixin.py:188} INFO - [2024-05-29T01:15:48.119+0000] {dag.py:3096} INFO - Sync 1 DAGs
[2024-05-29T01:15:48.143+0000] {logging_mixin.py:188} INFO - [2024-05-29T01:15:48.143+0000] {dag.py:3954} INFO - Setting next_dagrun for example_setup_teardown to 2024-05-28 00:00:00+00:00, run_after=2024-05-29 00:00:00+00:00
[2024-05-29T01:15:48.167+0000] {processor.py:183} INFO - Processing /home/airflow/.local/lib/python3.12/site-packages/airflow/example_dags/example_setup_teardown.py took 0.087 seconds
[2024-05-29T01:16:18.518+0000] {processor.py:161} INFO - Started process (PID=848) to work on /home/airflow/.local/lib/python3.12/site-packages/airflow/example_dags/example_setup_teardown.py
[2024-05-29T01:16:18.519+0000] {processor.py:830} INFO - Processing file /home/airflow/.local/lib/python3.12/site-packages/airflow/example_dags/example_setup_teardown.py for tasks to queue
[2024-05-29T01:16:18.522+0000] {logging_mixin.py:188} INFO - [2024-05-29T01:16:18.522+0000] {dagbag.py:545} INFO - Filling up the DagBag from /home/airflow/.local/lib/python3.12/site-packages/airflow/example_dags/example_setup_teardown.py
[2024-05-29T01:16:18.529+0000] {processor.py:840} INFO - DAG(s) 'example_setup_teardown' retrieved from /home/airflow/.local/lib/python3.12/site-packages/airflow/example_dags/example_setup_teardown.py
[2024-05-29T01:16:18.559+0000] {logging_mixin.py:188} INFO - [2024-05-29T01:16:18.558+0000] {dag.py:3096} INFO - Sync 1 DAGs
[2024-05-29T01:16:18.588+0000] {logging_mixin.py:188} INFO - [2024-05-29T01:16:18.588+0000] {dag.py:3954} INFO - Setting next_dagrun for example_setup_teardown to 2024-05-28 00:00:00+00:00, run_after=2024-05-29 00:00:00+00:00
[2024-05-29T01:16:18.615+0000] {processor.py:183} INFO - Processing /home/airflow/.local/lib/python3.12/site-packages/airflow/example_dags/example_setup_teardown.py took 0.105 seconds
[2024-05-29T01:16:48.914+0000] {processor.py:161} INFO - Started process (PID=910) to work on /home/airflow/.local/lib/python3.12/site-packages/airflow/example_dags/example_setup_teardown.py
[2024-05-29T01:16:48.915+0000] {processor.py:830} INFO - Processing file /home/airflow/.local/lib/python3.12/site-packages/airflow/example_dags/example_setup_teardown.py for tasks to queue
[2024-05-29T01:16:48.919+0000] {logging_mixin.py:188} INFO - [2024-05-29T01:16:48.918+0000] {dagbag.py:545} INFO - Filling up the DagBag from /home/airflow/.local/lib/python3.12/site-packages/airflow/example_dags/example_setup_teardown.py
[2024-05-29T01:16:48.928+0000] {processor.py:840} INFO - DAG(s) 'example_setup_teardown' retrieved from /home/airflow/.local/lib/python3.12/site-packages/airflow/example_dags/example_setup_teardown.py
[2024-05-29T01:16:48.956+0000] {logging_mixin.py:188} INFO - [2024-05-29T01:16:48.955+0000] {dag.py:3096} INFO - Sync 1 DAGs
[2024-05-29T01:16:48.984+0000] {logging_mixin.py:188} INFO - [2024-05-29T01:16:48.984+0000] {dag.py:3954} INFO - Setting next_dagrun for example_setup_teardown to 2024-05-28 00:00:00+00:00, run_after=2024-05-29 00:00:00+00:00
[2024-05-29T01:16:49.008+0000] {processor.py:183} INFO - Processing /home/airflow/.local/lib/python3.12/site-packages/airflow/example_dags/example_setup_teardown.py took 0.103 seconds
[2024-05-29T01:17:19.852+0000] {processor.py:161} INFO - Started process (PID=971) to work on /home/airflow/.local/lib/python3.12/site-packages/airflow/example_dags/example_setup_teardown.py
[2024-05-29T01:17:19.854+0000] {processor.py:830} INFO - Processing file /home/airflow/.local/lib/python3.12/site-packages/airflow/example_dags/example_setup_teardown.py for tasks to queue
[2024-05-29T01:17:19.858+0000] {logging_mixin.py:188} INFO - [2024-05-29T01:17:19.857+0000] {dagbag.py:545} INFO - Filling up the DagBag from /home/airflow/.local/lib/python3.12/site-packages/airflow/example_dags/example_setup_teardown.py
[2024-05-29T01:17:19.865+0000] {processor.py:840} INFO - DAG(s) 'example_setup_teardown' retrieved from /home/airflow/.local/lib/python3.12/site-packages/airflow/example_dags/example_setup_teardown.py
[2024-05-29T01:17:19.888+0000] {logging_mixin.py:188} INFO - [2024-05-29T01:17:19.887+0000] {dag.py:3096} INFO - Sync 1 DAGs
[2024-05-29T01:17:19.917+0000] {logging_mixin.py:188} INFO - [2024-05-29T01:17:19.916+0000] {dag.py:3954} INFO - Setting next_dagrun for example_setup_teardown to 2024-05-28 00:00:00+00:00, run_after=2024-05-29 00:00:00+00:00
[2024-05-29T01:17:19.951+0000] {processor.py:183} INFO - Processing /home/airflow/.local/lib/python3.12/site-packages/airflow/example_dags/example_setup_teardown.py took 0.105 seconds
[2024-05-29T01:17:50.604+0000] {processor.py:161} INFO - Started process (PID=1033) to work on /home/airflow/.local/lib/python3.12/site-packages/airflow/example_dags/example_setup_teardown.py
[2024-05-29T01:17:50.606+0000] {processor.py:830} INFO - Processing file /home/airflow/.local/lib/python3.12/site-packages/airflow/example_dags/example_setup_teardown.py for tasks to queue
[2024-05-29T01:17:50.608+0000] {logging_mixin.py:188} INFO - [2024-05-29T01:17:50.607+0000] {dagbag.py:545} INFO - Filling up the DagBag from /home/airflow/.local/lib/python3.12/site-packages/airflow/example_dags/example_setup_teardown.py
[2024-05-29T01:17:50.617+0000] {processor.py:840} INFO - DAG(s) 'example_setup_teardown' retrieved from /home/airflow/.local/lib/python3.12/site-packages/airflow/example_dags/example_setup_teardown.py
[2024-05-29T01:17:50.639+0000] {logging_mixin.py:188} INFO - [2024-05-29T01:17:50.638+0000] {dag.py:3096} INFO - Sync 1 DAGs
[2024-05-29T01:17:50.664+0000] {logging_mixin.py:188} INFO - [2024-05-29T01:17:50.664+0000] {dag.py:3954} INFO - Setting next_dagrun for example_setup_teardown to 2024-05-28 00:00:00+00:00, run_after=2024-05-29 00:00:00+00:00
[2024-05-29T01:17:50.688+0000] {processor.py:183} INFO - Processing /home/airflow/.local/lib/python3.12/site-packages/airflow/example_dags/example_setup_teardown.py took 0.089 seconds
[2024-05-29T01:18:21.033+0000] {processor.py:161} INFO - Started process (PID=1093) to work on /home/airflow/.local/lib/python3.12/site-packages/airflow/example_dags/example_setup_teardown.py
[2024-05-29T01:18:21.034+0000] {processor.py:830} INFO - Processing file /home/airflow/.local/lib/python3.12/site-packages/airflow/example_dags/example_setup_teardown.py for tasks to queue
[2024-05-29T01:18:21.036+0000] {logging_mixin.py:188} INFO - [2024-05-29T01:18:21.036+0000] {dagbag.py:545} INFO - Filling up the DagBag from /home/airflow/.local/lib/python3.12/site-packages/airflow/example_dags/example_setup_teardown.py
[2024-05-29T01:18:21.043+0000] {processor.py:840} INFO - DAG(s) 'example_setup_teardown' retrieved from /home/airflow/.local/lib/python3.12/site-packages/airflow/example_dags/example_setup_teardown.py
[2024-05-29T01:18:21.068+0000] {logging_mixin.py:188} INFO - [2024-05-29T01:18:21.068+0000] {dag.py:3096} INFO - Sync 1 DAGs
[2024-05-29T01:18:21.096+0000] {logging_mixin.py:188} INFO - [2024-05-29T01:18:21.096+0000] {dag.py:3954} INFO - Setting next_dagrun for example_setup_teardown to 2024-05-28 00:00:00+00:00, run_after=2024-05-29 00:00:00+00:00
[2024-05-29T01:18:21.122+0000] {processor.py:183} INFO - Processing /home/airflow/.local/lib/python3.12/site-packages/airflow/example_dags/example_setup_teardown.py took 0.096 seconds
[2024-05-29T01:18:51.278+0000] {processor.py:161} INFO - Started process (PID=1155) to work on /home/airflow/.local/lib/python3.12/site-packages/airflow/example_dags/example_setup_teardown.py
[2024-05-29T01:18:51.279+0000] {processor.py:830} INFO - Processing file /home/airflow/.local/lib/python3.12/site-packages/airflow/example_dags/example_setup_teardown.py for tasks to queue
[2024-05-29T01:18:51.282+0000] {logging_mixin.py:188} INFO - [2024-05-29T01:18:51.281+0000] {dagbag.py:545} INFO - Filling up the DagBag from /home/airflow/.local/lib/python3.12/site-packages/airflow/example_dags/example_setup_teardown.py
[2024-05-29T01:18:51.289+0000] {processor.py:840} INFO - DAG(s) 'example_setup_teardown' retrieved from /home/airflow/.local/lib/python3.12/site-packages/airflow/example_dags/example_setup_teardown.py
[2024-05-29T01:18:51.333+0000] {logging_mixin.py:188} INFO - [2024-05-29T01:18:51.332+0000] {dag.py:3096} INFO - Sync 1 DAGs
[2024-05-29T01:18:51.366+0000] {logging_mixin.py:188} INFO - [2024-05-29T01:18:51.365+0000] {dag.py:3954} INFO - Setting next_dagrun for example_setup_teardown to 2024-05-28 00:00:00+00:00, run_after=2024-05-29 00:00:00+00:00
[2024-05-29T01:18:51.387+0000] {processor.py:183} INFO - Processing /home/airflow/.local/lib/python3.12/site-packages/airflow/example_dags/example_setup_teardown.py took 0.116 seconds
[2024-05-29T01:19:22.565+0000] {processor.py:161} INFO - Started process (PID=1215) to work on /home/airflow/.local/lib/python3.12/site-packages/airflow/example_dags/example_setup_teardown.py
[2024-05-29T01:19:22.567+0000] {processor.py:830} INFO - Processing file /home/airflow/.local/lib/python3.12/site-packages/airflow/example_dags/example_setup_teardown.py for tasks to queue
[2024-05-29T01:19:22.569+0000] {logging_mixin.py:188} INFO - [2024-05-29T01:19:22.568+0000] {dagbag.py:545} INFO - Filling up the DagBag from /home/airflow/.local/lib/python3.12/site-packages/airflow/example_dags/example_setup_teardown.py
[2024-05-29T01:19:22.575+0000] {processor.py:840} INFO - DAG(s) 'example_setup_teardown' retrieved from /home/airflow/.local/lib/python3.12/site-packages/airflow/example_dags/example_setup_teardown.py
[2024-05-29T01:19:22.599+0000] {logging_mixin.py:188} INFO - [2024-05-29T01:19:22.599+0000] {dag.py:3096} INFO - Sync 1 DAGs
[2024-05-29T01:19:22.622+0000] {logging_mixin.py:188} INFO - [2024-05-29T01:19:22.622+0000] {dag.py:3954} INFO - Setting next_dagrun for example_setup_teardown to 2024-05-28 00:00:00+00:00, run_after=2024-05-29 00:00:00+00:00
[2024-05-29T01:19:22.647+0000] {processor.py:183} INFO - Processing /home/airflow/.local/lib/python3.12/site-packages/airflow/example_dags/example_setup_teardown.py took 0.088 seconds
[2024-05-29T01:19:53.092+0000] {processor.py:161} INFO - Started process (PID=1275) to work on /home/airflow/.local/lib/python3.12/site-packages/airflow/example_dags/example_setup_teardown.py
[2024-05-29T01:19:53.093+0000] {processor.py:830} INFO - Processing file /home/airflow/.local/lib/python3.12/site-packages/airflow/example_dags/example_setup_teardown.py for tasks to queue
[2024-05-29T01:19:53.095+0000] {logging_mixin.py:188} INFO - [2024-05-29T01:19:53.095+0000] {dagbag.py:545} INFO - Filling up the DagBag from /home/airflow/.local/lib/python3.12/site-packages/airflow/example_dags/example_setup_teardown.py
[2024-05-29T01:19:53.103+0000] {processor.py:840} INFO - DAG(s) 'example_setup_teardown' retrieved from /home/airflow/.local/lib/python3.12/site-packages/airflow/example_dags/example_setup_teardown.py
[2024-05-29T01:19:53.130+0000] {logging_mixin.py:188} INFO - [2024-05-29T01:19:53.129+0000] {dag.py:3096} INFO - Sync 1 DAGs
[2024-05-29T01:19:53.153+0000] {logging_mixin.py:188} INFO - [2024-05-29T01:19:53.153+0000] {dag.py:3954} INFO - Setting next_dagrun for example_setup_teardown to 2024-05-28 00:00:00+00:00, run_after=2024-05-29 00:00:00+00:00
[2024-05-29T01:19:53.179+0000] {processor.py:183} INFO - Processing /home/airflow/.local/lib/python3.12/site-packages/airflow/example_dags/example_setup_teardown.py took 0.093 seconds
[2024-05-29T01:20:23.496+0000] {processor.py:161} INFO - Started process (PID=1335) to work on /home/airflow/.local/lib/python3.12/site-packages/airflow/example_dags/example_setup_teardown.py
[2024-05-29T01:20:23.497+0000] {processor.py:830} INFO - Processing file /home/airflow/.local/lib/python3.12/site-packages/airflow/example_dags/example_setup_teardown.py for tasks to queue
[2024-05-29T01:20:23.500+0000] {logging_mixin.py:188} INFO - [2024-05-29T01:20:23.500+0000] {dagbag.py:545} INFO - Filling up the DagBag from /home/airflow/.local/lib/python3.12/site-packages/airflow/example_dags/example_setup_teardown.py
[2024-05-29T01:20:23.509+0000] {processor.py:840} INFO - DAG(s) 'example_setup_teardown' retrieved from /home/airflow/.local/lib/python3.12/site-packages/airflow/example_dags/example_setup_teardown.py
[2024-05-29T01:20:23.531+0000] {logging_mixin.py:188} INFO - [2024-05-29T01:20:23.531+0000] {dag.py:3096} INFO - Sync 1 DAGs
[2024-05-29T01:20:23.559+0000] {logging_mixin.py:188} INFO - [2024-05-29T01:20:23.558+0000] {dag.py:3954} INFO - Setting next_dagrun for example_setup_teardown to 2024-05-28 00:00:00+00:00, run_after=2024-05-29 00:00:00+00:00
[2024-05-29T01:20:23.584+0000] {processor.py:183} INFO - Processing /home/airflow/.local/lib/python3.12/site-packages/airflow/example_dags/example_setup_teardown.py took 0.095 seconds
[2024-05-29T01:22:19.705+0000] {processor.py:161} INFO - Started process (PID=1395) to work on /home/airflow/.local/lib/python3.12/site-packages/airflow/example_dags/example_setup_teardown.py
[2024-05-29T01:22:19.706+0000] {processor.py:830} INFO - Processing file /home/airflow/.local/lib/python3.12/site-packages/airflow/example_dags/example_setup_teardown.py for tasks to queue
[2024-05-29T01:22:19.708+0000] {logging_mixin.py:188} INFO - [2024-05-29T01:22:19.707+0000] {dagbag.py:545} INFO - Filling up the DagBag from /home/airflow/.local/lib/python3.12/site-packages/airflow/example_dags/example_setup_teardown.py
[2024-05-29T01:22:19.720+0000] {processor.py:840} INFO - DAG(s) 'example_setup_teardown' retrieved from /home/airflow/.local/lib/python3.12/site-packages/airflow/example_dags/example_setup_teardown.py
[2024-05-29T01:22:19.808+0000] {logging_mixin.py:188} INFO - [2024-05-29T01:22:19.806+0000] {dag.py:3096} INFO - Sync 1 DAGs
[2024-05-29T01:22:19.865+0000] {logging_mixin.py:188} INFO - [2024-05-29T01:22:19.865+0000] {dag.py:3954} INFO - Setting next_dagrun for example_setup_teardown to 2024-05-28 00:00:00+00:00, run_after=2024-05-29 00:00:00+00:00
[2024-05-29T01:22:19.924+0000] {processor.py:183} INFO - Processing /home/airflow/.local/lib/python3.12/site-packages/airflow/example_dags/example_setup_teardown.py took 0.231 seconds
[2024-05-29T01:22:50.537+0000] {processor.py:161} INFO - Started process (PID=1461) to work on /home/airflow/.local/lib/python3.12/site-packages/airflow/example_dags/example_setup_teardown.py
[2024-05-29T01:22:50.540+0000] {processor.py:830} INFO - Processing file /home/airflow/.local/lib/python3.12/site-packages/airflow/example_dags/example_setup_teardown.py for tasks to queue
[2024-05-29T01:22:50.544+0000] {logging_mixin.py:188} INFO - [2024-05-29T01:22:50.543+0000] {dagbag.py:545} INFO - Filling up the DagBag from /home/airflow/.local/lib/python3.12/site-packages/airflow/example_dags/example_setup_teardown.py
[2024-05-29T01:22:50.559+0000] {processor.py:840} INFO - DAG(s) 'example_setup_teardown' retrieved from /home/airflow/.local/lib/python3.12/site-packages/airflow/example_dags/example_setup_teardown.py
[2024-05-29T01:22:50.623+0000] {logging_mixin.py:188} INFO - [2024-05-29T01:22:50.623+0000] {dag.py:3096} INFO - Sync 1 DAGs
[2024-05-29T01:22:50.677+0000] {logging_mixin.py:188} INFO - [2024-05-29T01:22:50.677+0000] {dag.py:3954} INFO - Setting next_dagrun for example_setup_teardown to 2024-05-28 00:00:00+00:00, run_after=2024-05-29 00:00:00+00:00
[2024-05-29T01:22:50.731+0000] {processor.py:183} INFO - Processing /home/airflow/.local/lib/python3.12/site-packages/airflow/example_dags/example_setup_teardown.py took 0.211 seconds
[2024-05-29T01:27:48.123+0000] {processor.py:161} INFO - Started process (PID=61) to work on /home/airflow/.local/lib/python3.12/site-packages/airflow/example_dags/example_setup_teardown.py
[2024-05-29T01:27:48.127+0000] {processor.py:830} INFO - Processing file /home/airflow/.local/lib/python3.12/site-packages/airflow/example_dags/example_setup_teardown.py for tasks to queue
[2024-05-29T01:27:48.134+0000] {logging_mixin.py:188} INFO - [2024-05-29T01:27:48.132+0000] {dagbag.py:545} INFO - Filling up the DagBag from /home/airflow/.local/lib/python3.12/site-packages/airflow/example_dags/example_setup_teardown.py
[2024-05-29T01:27:48.170+0000] {processor.py:840} INFO - DAG(s) 'example_setup_teardown' retrieved from /home/airflow/.local/lib/python3.12/site-packages/airflow/example_dags/example_setup_teardown.py
[2024-05-29T01:27:48.464+0000] {logging_mixin.py:188} INFO - [2024-05-29T01:27:48.462+0000] {dag.py:3096} INFO - Sync 1 DAGs
[2024-05-29T01:27:48.518+0000] {logging_mixin.py:188} INFO - [2024-05-29T01:27:48.518+0000] {dag.py:3954} INFO - Setting next_dagrun for example_setup_teardown to 2024-05-28 00:00:00+00:00, run_after=2024-05-29 00:00:00+00:00
[2024-05-29T01:27:48.550+0000] {processor.py:183} INFO - Processing /home/airflow/.local/lib/python3.12/site-packages/airflow/example_dags/example_setup_teardown.py took 0.450 seconds
[2024-05-29T01:28:19.037+0000] {processor.py:161} INFO - Started process (PID=120) to work on /home/airflow/.local/lib/python3.12/site-packages/airflow/example_dags/example_setup_teardown.py
[2024-05-29T01:28:19.040+0000] {processor.py:830} INFO - Processing file /home/airflow/.local/lib/python3.12/site-packages/airflow/example_dags/example_setup_teardown.py for tasks to queue
[2024-05-29T01:28:19.042+0000] {logging_mixin.py:188} INFO - [2024-05-29T01:28:19.042+0000] {dagbag.py:545} INFO - Filling up the DagBag from /home/airflow/.local/lib/python3.12/site-packages/airflow/example_dags/example_setup_teardown.py
[2024-05-29T01:28:19.106+0000] {processor.py:840} INFO - DAG(s) 'example_setup_teardown' retrieved from /home/airflow/.local/lib/python3.12/site-packages/airflow/example_dags/example_setup_teardown.py
[2024-05-29T01:28:19.192+0000] {logging_mixin.py:188} INFO - [2024-05-29T01:28:19.191+0000] {dag.py:3096} INFO - Sync 1 DAGs
[2024-05-29T01:28:19.288+0000] {logging_mixin.py:188} INFO - [2024-05-29T01:28:19.288+0000] {dag.py:3954} INFO - Setting next_dagrun for example_setup_teardown to 2024-05-28 00:00:00+00:00, run_after=2024-05-29 00:00:00+00:00
[2024-05-29T01:28:19.319+0000] {processor.py:183} INFO - Processing /home/airflow/.local/lib/python3.12/site-packages/airflow/example_dags/example_setup_teardown.py took 0.292 seconds
