[2024-05-29T01:09:38.711+0000] {processor.py:161} INFO - Started process (PID=62) to work on /home/airflow/.local/lib/python3.12/site-packages/airflow/example_dags/example_task_group_decorator.py
[2024-05-29T01:09:38.720+0000] {processor.py:830} INFO - Processing file /home/airflow/.local/lib/python3.12/site-packages/airflow/example_dags/example_task_group_decorator.py for tasks to queue
[2024-05-29T01:09:38.734+0000] {logging_mixin.py:188} INFO - [2024-05-29T01:09:38.733+0000] {dagbag.py:545} INFO - Filling up the DagBag from /home/airflow/.local/lib/python3.12/site-packages/airflow/example_dags/example_task_group_decorator.py
[2024-05-29T01:09:38.838+0000] {processor.py:840} INFO - DAG(s) 'example_task_group_decorator' retrieved from /home/airflow/.local/lib/python3.12/site-packages/airflow/example_dags/example_task_group_decorator.py
[2024-05-29T01:09:39.420+0000] {logging_mixin.py:188} INFO - [2024-05-29T01:09:39.418+0000] {override.py:1829} INFO - Created Permission View: can edit on DAG:example_task_group_decorator
[2024-05-29T01:09:39.639+0000] {logging_mixin.py:188} INFO - [2024-05-29T01:09:39.638+0000] {override.py:1829} INFO - Created Permission View: can delete on DAG:example_task_group_decorator
[2024-05-29T01:09:39.660+0000] {logging_mixin.py:188} INFO - [2024-05-29T01:09:39.660+0000] {override.py:1829} INFO - Created Permission View: can read on DAG:example_task_group_decorator
[2024-05-29T01:09:39.662+0000] {logging_mixin.py:188} INFO - [2024-05-29T01:09:39.661+0000] {dag.py:3096} INFO - Sync 1 DAGs
[2024-05-29T01:09:39.701+0000] {logging_mixin.py:188} INFO - [2024-05-29T01:09:39.700+0000] {dag.py:3118} INFO - Creating ORM DAG for example_task_group_decorator
[2024-05-29T01:09:39.745+0000] {logging_mixin.py:188} INFO - [2024-05-29T01:09:39.744+0000] {dag.py:3954} INFO - Setting next_dagrun for example_task_group_decorator to 2024-05-28 00:00:00+00:00, run_after=2024-05-29 00:00:00+00:00
[2024-05-29T01:09:39.780+0000] {processor.py:183} INFO - Processing /home/airflow/.local/lib/python3.12/site-packages/airflow/example_dags/example_task_group_decorator.py took 1.113 seconds
[2024-05-29T01:10:09.980+0000] {processor.py:161} INFO - Started process (PID=122) to work on /home/airflow/.local/lib/python3.12/site-packages/airflow/example_dags/example_task_group_decorator.py
[2024-05-29T01:10:09.985+0000] {processor.py:830} INFO - Processing file /home/airflow/.local/lib/python3.12/site-packages/airflow/example_dags/example_task_group_decorator.py for tasks to queue
[2024-05-29T01:10:09.991+0000] {logging_mixin.py:188} INFO - [2024-05-29T01:10:09.989+0000] {dagbag.py:545} INFO - Filling up the DagBag from /home/airflow/.local/lib/python3.12/site-packages/airflow/example_dags/example_task_group_decorator.py
[2024-05-29T01:10:10.065+0000] {processor.py:840} INFO - DAG(s) 'example_task_group_decorator' retrieved from /home/airflow/.local/lib/python3.12/site-packages/airflow/example_dags/example_task_group_decorator.py
[2024-05-29T01:10:10.163+0000] {logging_mixin.py:188} INFO - [2024-05-29T01:10:10.162+0000] {dag.py:3096} INFO - Sync 1 DAGs
[2024-05-29T01:10:10.256+0000] {logging_mixin.py:188} INFO - [2024-05-29T01:10:10.256+0000] {dag.py:3954} INFO - Setting next_dagrun for example_task_group_decorator to 2024-05-28 00:00:00+00:00, run_after=2024-05-29 00:00:00+00:00
[2024-05-29T01:10:10.741+0000] {processor.py:183} INFO - Processing /home/airflow/.local/lib/python3.12/site-packages/airflow/example_dags/example_task_group_decorator.py took 0.807 seconds
[2024-05-29T01:10:41.128+0000] {processor.py:161} INFO - Started process (PID=182) to work on /home/airflow/.local/lib/python3.12/site-packages/airflow/example_dags/example_task_group_decorator.py
[2024-05-29T01:10:41.131+0000] {processor.py:830} INFO - Processing file /home/airflow/.local/lib/python3.12/site-packages/airflow/example_dags/example_task_group_decorator.py for tasks to queue
[2024-05-29T01:10:41.134+0000] {logging_mixin.py:188} INFO - [2024-05-29T01:10:41.134+0000] {dagbag.py:545} INFO - Filling up the DagBag from /home/airflow/.local/lib/python3.12/site-packages/airflow/example_dags/example_task_group_decorator.py
[2024-05-29T01:10:41.155+0000] {processor.py:840} INFO - DAG(s) 'example_task_group_decorator' retrieved from /home/airflow/.local/lib/python3.12/site-packages/airflow/example_dags/example_task_group_decorator.py
[2024-05-29T01:10:41.188+0000] {logging_mixin.py:188} INFO - [2024-05-29T01:10:41.188+0000] {dag.py:3096} INFO - Sync 1 DAGs
[2024-05-29T01:10:41.218+0000] {logging_mixin.py:188} INFO - [2024-05-29T01:10:41.218+0000] {dag.py:3954} INFO - Setting next_dagrun for example_task_group_decorator to 2024-05-28 00:00:00+00:00, run_after=2024-05-29 00:00:00+00:00
[2024-05-29T01:10:41.246+0000] {processor.py:183} INFO - Processing /home/airflow/.local/lib/python3.12/site-packages/airflow/example_dags/example_task_group_decorator.py took 0.125 seconds
[2024-05-29T01:11:11.903+0000] {processor.py:161} INFO - Started process (PID=242) to work on /home/airflow/.local/lib/python3.12/site-packages/airflow/example_dags/example_task_group_decorator.py
[2024-05-29T01:11:11.904+0000] {processor.py:830} INFO - Processing file /home/airflow/.local/lib/python3.12/site-packages/airflow/example_dags/example_task_group_decorator.py for tasks to queue
[2024-05-29T01:11:11.913+0000] {logging_mixin.py:188} INFO - [2024-05-29T01:11:11.909+0000] {dagbag.py:545} INFO - Filling up the DagBag from /home/airflow/.local/lib/python3.12/site-packages/airflow/example_dags/example_task_group_decorator.py
[2024-05-29T01:11:11.939+0000] {processor.py:840} INFO - DAG(s) 'example_task_group_decorator' retrieved from /home/airflow/.local/lib/python3.12/site-packages/airflow/example_dags/example_task_group_decorator.py
[2024-05-29T01:11:11.977+0000] {logging_mixin.py:188} INFO - [2024-05-29T01:11:11.977+0000] {dag.py:3096} INFO - Sync 1 DAGs
[2024-05-29T01:11:12.012+0000] {logging_mixin.py:188} INFO - [2024-05-29T01:11:12.012+0000] {dag.py:3954} INFO - Setting next_dagrun for example_task_group_decorator to 2024-05-28 00:00:00+00:00, run_after=2024-05-29 00:00:00+00:00
[2024-05-29T01:11:12.038+0000] {processor.py:183} INFO - Processing /home/airflow/.local/lib/python3.12/site-packages/airflow/example_dags/example_task_group_decorator.py took 0.144 seconds
[2024-05-29T01:11:42.183+0000] {processor.py:161} INFO - Started process (PID=303) to work on /home/airflow/.local/lib/python3.12/site-packages/airflow/example_dags/example_task_group_decorator.py
[2024-05-29T01:11:42.188+0000] {processor.py:830} INFO - Processing file /home/airflow/.local/lib/python3.12/site-packages/airflow/example_dags/example_task_group_decorator.py for tasks to queue
[2024-05-29T01:11:42.192+0000] {logging_mixin.py:188} INFO - [2024-05-29T01:11:42.191+0000] {dagbag.py:545} INFO - Filling up the DagBag from /home/airflow/.local/lib/python3.12/site-packages/airflow/example_dags/example_task_group_decorator.py
[2024-05-29T01:11:42.272+0000] {processor.py:840} INFO - DAG(s) 'example_task_group_decorator' retrieved from /home/airflow/.local/lib/python3.12/site-packages/airflow/example_dags/example_task_group_decorator.py
[2024-05-29T01:11:42.384+0000] {logging_mixin.py:188} INFO - [2024-05-29T01:11:42.383+0000] {dag.py:3096} INFO - Sync 1 DAGs
[2024-05-29T01:11:42.513+0000] {logging_mixin.py:188} INFO - [2024-05-29T01:11:42.502+0000] {dag.py:3954} INFO - Setting next_dagrun for example_task_group_decorator to 2024-05-28 00:00:00+00:00, run_after=2024-05-29 00:00:00+00:00
[2024-05-29T01:11:42.606+0000] {processor.py:183} INFO - Processing /home/airflow/.local/lib/python3.12/site-packages/airflow/example_dags/example_task_group_decorator.py took 0.442 seconds
[2024-05-29T01:12:12.787+0000] {processor.py:161} INFO - Started process (PID=363) to work on /home/airflow/.local/lib/python3.12/site-packages/airflow/example_dags/example_task_group_decorator.py
[2024-05-29T01:12:12.788+0000] {processor.py:830} INFO - Processing file /home/airflow/.local/lib/python3.12/site-packages/airflow/example_dags/example_task_group_decorator.py for tasks to queue
[2024-05-29T01:12:12.792+0000] {logging_mixin.py:188} INFO - [2024-05-29T01:12:12.791+0000] {dagbag.py:545} INFO - Filling up the DagBag from /home/airflow/.local/lib/python3.12/site-packages/airflow/example_dags/example_task_group_decorator.py
[2024-05-29T01:12:12.825+0000] {processor.py:840} INFO - DAG(s) 'example_task_group_decorator' retrieved from /home/airflow/.local/lib/python3.12/site-packages/airflow/example_dags/example_task_group_decorator.py
[2024-05-29T01:12:12.869+0000] {logging_mixin.py:188} INFO - [2024-05-29T01:12:12.869+0000] {dag.py:3096} INFO - Sync 1 DAGs
[2024-05-29T01:12:12.909+0000] {logging_mixin.py:188} INFO - [2024-05-29T01:12:12.908+0000] {dag.py:3954} INFO - Setting next_dagrun for example_task_group_decorator to 2024-05-28 00:00:00+00:00, run_after=2024-05-29 00:00:00+00:00
[2024-05-29T01:12:12.949+0000] {processor.py:183} INFO - Processing /home/airflow/.local/lib/python3.12/site-packages/airflow/example_dags/example_task_group_decorator.py took 0.171 seconds
[2024-05-29T01:12:43.057+0000] {processor.py:161} INFO - Started process (PID=423) to work on /home/airflow/.local/lib/python3.12/site-packages/airflow/example_dags/example_task_group_decorator.py
[2024-05-29T01:12:43.059+0000] {processor.py:830} INFO - Processing file /home/airflow/.local/lib/python3.12/site-packages/airflow/example_dags/example_task_group_decorator.py for tasks to queue
[2024-05-29T01:12:43.063+0000] {logging_mixin.py:188} INFO - [2024-05-29T01:12:43.062+0000] {dagbag.py:545} INFO - Filling up the DagBag from /home/airflow/.local/lib/python3.12/site-packages/airflow/example_dags/example_task_group_decorator.py
[2024-05-29T01:12:43.081+0000] {processor.py:840} INFO - DAG(s) 'example_task_group_decorator' retrieved from /home/airflow/.local/lib/python3.12/site-packages/airflow/example_dags/example_task_group_decorator.py
[2024-05-29T01:12:43.114+0000] {logging_mixin.py:188} INFO - [2024-05-29T01:12:43.114+0000] {dag.py:3096} INFO - Sync 1 DAGs
[2024-05-29T01:12:43.147+0000] {logging_mixin.py:188} INFO - [2024-05-29T01:12:43.147+0000] {dag.py:3954} INFO - Setting next_dagrun for example_task_group_decorator to 2024-05-28 00:00:00+00:00, run_after=2024-05-29 00:00:00+00:00
[2024-05-29T01:12:43.178+0000] {processor.py:183} INFO - Processing /home/airflow/.local/lib/python3.12/site-packages/airflow/example_dags/example_task_group_decorator.py took 0.129 seconds
[2024-05-29T01:13:13.599+0000] {processor.py:161} INFO - Started process (PID=483) to work on /home/airflow/.local/lib/python3.12/site-packages/airflow/example_dags/example_task_group_decorator.py
[2024-05-29T01:13:13.601+0000] {processor.py:830} INFO - Processing file /home/airflow/.local/lib/python3.12/site-packages/airflow/example_dags/example_task_group_decorator.py for tasks to queue
[2024-05-29T01:13:13.605+0000] {logging_mixin.py:188} INFO - [2024-05-29T01:13:13.604+0000] {dagbag.py:545} INFO - Filling up the DagBag from /home/airflow/.local/lib/python3.12/site-packages/airflow/example_dags/example_task_group_decorator.py
[2024-05-29T01:13:13.623+0000] {processor.py:840} INFO - DAG(s) 'example_task_group_decorator' retrieved from /home/airflow/.local/lib/python3.12/site-packages/airflow/example_dags/example_task_group_decorator.py
[2024-05-29T01:13:13.658+0000] {logging_mixin.py:188} INFO - [2024-05-29T01:13:13.658+0000] {dag.py:3096} INFO - Sync 1 DAGs
[2024-05-29T01:13:13.688+0000] {logging_mixin.py:188} INFO - [2024-05-29T01:13:13.688+0000] {dag.py:3954} INFO - Setting next_dagrun for example_task_group_decorator to 2024-05-28 00:00:00+00:00, run_after=2024-05-29 00:00:00+00:00
[2024-05-29T01:13:13.713+0000] {processor.py:183} INFO - Processing /home/airflow/.local/lib/python3.12/site-packages/airflow/example_dags/example_task_group_decorator.py took 0.127 seconds
[2024-05-29T01:13:44.383+0000] {processor.py:161} INFO - Started process (PID=543) to work on /home/airflow/.local/lib/python3.12/site-packages/airflow/example_dags/example_task_group_decorator.py
[2024-05-29T01:13:44.384+0000] {processor.py:830} INFO - Processing file /home/airflow/.local/lib/python3.12/site-packages/airflow/example_dags/example_task_group_decorator.py for tasks to queue
[2024-05-29T01:13:44.387+0000] {logging_mixin.py:188} INFO - [2024-05-29T01:13:44.387+0000] {dagbag.py:545} INFO - Filling up the DagBag from /home/airflow/.local/lib/python3.12/site-packages/airflow/example_dags/example_task_group_decorator.py
[2024-05-29T01:13:44.401+0000] {processor.py:840} INFO - DAG(s) 'example_task_group_decorator' retrieved from /home/airflow/.local/lib/python3.12/site-packages/airflow/example_dags/example_task_group_decorator.py
[2024-05-29T01:13:44.430+0000] {logging_mixin.py:188} INFO - [2024-05-29T01:13:44.429+0000] {dag.py:3096} INFO - Sync 1 DAGs
[2024-05-29T01:13:44.452+0000] {logging_mixin.py:188} INFO - [2024-05-29T01:13:44.452+0000] {dag.py:3954} INFO - Setting next_dagrun for example_task_group_decorator to 2024-05-28 00:00:00+00:00, run_after=2024-05-29 00:00:00+00:00
[2024-05-29T01:13:44.477+0000] {processor.py:183} INFO - Processing /home/airflow/.local/lib/python3.12/site-packages/airflow/example_dags/example_task_group_decorator.py took 0.101 seconds
[2024-05-29T01:14:14.565+0000] {processor.py:161} INFO - Started process (PID=603) to work on /home/airflow/.local/lib/python3.12/site-packages/airflow/example_dags/example_task_group_decorator.py
[2024-05-29T01:14:14.567+0000] {processor.py:830} INFO - Processing file /home/airflow/.local/lib/python3.12/site-packages/airflow/example_dags/example_task_group_decorator.py for tasks to queue
[2024-05-29T01:14:14.569+0000] {logging_mixin.py:188} INFO - [2024-05-29T01:14:14.569+0000] {dagbag.py:545} INFO - Filling up the DagBag from /home/airflow/.local/lib/python3.12/site-packages/airflow/example_dags/example_task_group_decorator.py
[2024-05-29T01:14:14.592+0000] {processor.py:840} INFO - DAG(s) 'example_task_group_decorator' retrieved from /home/airflow/.local/lib/python3.12/site-packages/airflow/example_dags/example_task_group_decorator.py
[2024-05-29T01:14:14.627+0000] {logging_mixin.py:188} INFO - [2024-05-29T01:14:14.626+0000] {dag.py:3096} INFO - Sync 1 DAGs
[2024-05-29T01:14:14.656+0000] {logging_mixin.py:188} INFO - [2024-05-29T01:14:14.655+0000] {dag.py:3954} INFO - Setting next_dagrun for example_task_group_decorator to 2024-05-28 00:00:00+00:00, run_after=2024-05-29 00:00:00+00:00
[2024-05-29T01:14:14.682+0000] {processor.py:183} INFO - Processing /home/airflow/.local/lib/python3.12/site-packages/airflow/example_dags/example_task_group_decorator.py took 0.125 seconds
[2024-05-29T01:14:45.031+0000] {processor.py:161} INFO - Started process (PID=663) to work on /home/airflow/.local/lib/python3.12/site-packages/airflow/example_dags/example_task_group_decorator.py
[2024-05-29T01:14:45.033+0000] {processor.py:830} INFO - Processing file /home/airflow/.local/lib/python3.12/site-packages/airflow/example_dags/example_task_group_decorator.py for tasks to queue
[2024-05-29T01:14:45.037+0000] {logging_mixin.py:188} INFO - [2024-05-29T01:14:45.036+0000] {dagbag.py:545} INFO - Filling up the DagBag from /home/airflow/.local/lib/python3.12/site-packages/airflow/example_dags/example_task_group_decorator.py
[2024-05-29T01:14:45.055+0000] {processor.py:840} INFO - DAG(s) 'example_task_group_decorator' retrieved from /home/airflow/.local/lib/python3.12/site-packages/airflow/example_dags/example_task_group_decorator.py
[2024-05-29T01:14:45.086+0000] {logging_mixin.py:188} INFO - [2024-05-29T01:14:45.085+0000] {dag.py:3096} INFO - Sync 1 DAGs
[2024-05-29T01:14:45.114+0000] {logging_mixin.py:188} INFO - [2024-05-29T01:14:45.114+0000] {dag.py:3954} INFO - Setting next_dagrun for example_task_group_decorator to 2024-05-28 00:00:00+00:00, run_after=2024-05-29 00:00:00+00:00
[2024-05-29T01:14:45.142+0000] {processor.py:183} INFO - Processing /home/airflow/.local/lib/python3.12/site-packages/airflow/example_dags/example_task_group_decorator.py took 0.117 seconds
[2024-05-29T01:15:15.974+0000] {processor.py:161} INFO - Started process (PID=723) to work on /home/airflow/.local/lib/python3.12/site-packages/airflow/example_dags/example_task_group_decorator.py
[2024-05-29T01:15:15.976+0000] {processor.py:830} INFO - Processing file /home/airflow/.local/lib/python3.12/site-packages/airflow/example_dags/example_task_group_decorator.py for tasks to queue
[2024-05-29T01:15:15.979+0000] {logging_mixin.py:188} INFO - [2024-05-29T01:15:15.979+0000] {dagbag.py:545} INFO - Filling up the DagBag from /home/airflow/.local/lib/python3.12/site-packages/airflow/example_dags/example_task_group_decorator.py
[2024-05-29T01:15:15.998+0000] {processor.py:840} INFO - DAG(s) 'example_task_group_decorator' retrieved from /home/airflow/.local/lib/python3.12/site-packages/airflow/example_dags/example_task_group_decorator.py
[2024-05-29T01:15:16.036+0000] {logging_mixin.py:188} INFO - [2024-05-29T01:15:16.036+0000] {dag.py:3096} INFO - Sync 1 DAGs
[2024-05-29T01:15:16.063+0000] {logging_mixin.py:188} INFO - [2024-05-29T01:15:16.063+0000] {dag.py:3954} INFO - Setting next_dagrun for example_task_group_decorator to 2024-05-28 00:00:00+00:00, run_after=2024-05-29 00:00:00+00:00
[2024-05-29T01:15:16.095+0000] {processor.py:183} INFO - Processing /home/airflow/.local/lib/python3.12/site-packages/airflow/example_dags/example_task_group_decorator.py took 0.127 seconds
[2024-05-29T01:15:46.667+0000] {processor.py:161} INFO - Started process (PID=783) to work on /home/airflow/.local/lib/python3.12/site-packages/airflow/example_dags/example_task_group_decorator.py
[2024-05-29T01:15:46.669+0000] {processor.py:830} INFO - Processing file /home/airflow/.local/lib/python3.12/site-packages/airflow/example_dags/example_task_group_decorator.py for tasks to queue
[2024-05-29T01:15:46.671+0000] {logging_mixin.py:188} INFO - [2024-05-29T01:15:46.671+0000] {dagbag.py:545} INFO - Filling up the DagBag from /home/airflow/.local/lib/python3.12/site-packages/airflow/example_dags/example_task_group_decorator.py
[2024-05-29T01:15:46.685+0000] {processor.py:840} INFO - DAG(s) 'example_task_group_decorator' retrieved from /home/airflow/.local/lib/python3.12/site-packages/airflow/example_dags/example_task_group_decorator.py
[2024-05-29T01:15:46.713+0000] {logging_mixin.py:188} INFO - [2024-05-29T01:15:46.712+0000] {dag.py:3096} INFO - Sync 1 DAGs
[2024-05-29T01:15:46.734+0000] {logging_mixin.py:188} INFO - [2024-05-29T01:15:46.734+0000] {dag.py:3954} INFO - Setting next_dagrun for example_task_group_decorator to 2024-05-28 00:00:00+00:00, run_after=2024-05-29 00:00:00+00:00
[2024-05-29T01:15:46.759+0000] {processor.py:183} INFO - Processing /home/airflow/.local/lib/python3.12/site-packages/airflow/example_dags/example_task_group_decorator.py took 0.097 seconds
[2024-05-29T01:16:17.192+0000] {processor.py:161} INFO - Started process (PID=843) to work on /home/airflow/.local/lib/python3.12/site-packages/airflow/example_dags/example_task_group_decorator.py
[2024-05-29T01:16:17.194+0000] {processor.py:830} INFO - Processing file /home/airflow/.local/lib/python3.12/site-packages/airflow/example_dags/example_task_group_decorator.py for tasks to queue
[2024-05-29T01:16:17.198+0000] {logging_mixin.py:188} INFO - [2024-05-29T01:16:17.197+0000] {dagbag.py:545} INFO - Filling up the DagBag from /home/airflow/.local/lib/python3.12/site-packages/airflow/example_dags/example_task_group_decorator.py
[2024-05-29T01:16:17.216+0000] {processor.py:840} INFO - DAG(s) 'example_task_group_decorator' retrieved from /home/airflow/.local/lib/python3.12/site-packages/airflow/example_dags/example_task_group_decorator.py
[2024-05-29T01:16:17.245+0000] {logging_mixin.py:188} INFO - [2024-05-29T01:16:17.245+0000] {dag.py:3096} INFO - Sync 1 DAGs
[2024-05-29T01:16:17.274+0000] {logging_mixin.py:188} INFO - [2024-05-29T01:16:17.274+0000] {dag.py:3954} INFO - Setting next_dagrun for example_task_group_decorator to 2024-05-28 00:00:00+00:00, run_after=2024-05-29 00:00:00+00:00
[2024-05-29T01:16:17.298+0000] {processor.py:183} INFO - Processing /home/airflow/.local/lib/python3.12/site-packages/airflow/example_dags/example_task_group_decorator.py took 0.115 seconds
[2024-05-29T01:16:47.489+0000] {processor.py:161} INFO - Started process (PID=905) to work on /home/airflow/.local/lib/python3.12/site-packages/airflow/example_dags/example_task_group_decorator.py
[2024-05-29T01:16:47.490+0000] {processor.py:830} INFO - Processing file /home/airflow/.local/lib/python3.12/site-packages/airflow/example_dags/example_task_group_decorator.py for tasks to queue
[2024-05-29T01:16:47.492+0000] {logging_mixin.py:188} INFO - [2024-05-29T01:16:47.492+0000] {dagbag.py:545} INFO - Filling up the DagBag from /home/airflow/.local/lib/python3.12/site-packages/airflow/example_dags/example_task_group_decorator.py
[2024-05-29T01:16:47.507+0000] {processor.py:840} INFO - DAG(s) 'example_task_group_decorator' retrieved from /home/airflow/.local/lib/python3.12/site-packages/airflow/example_dags/example_task_group_decorator.py
[2024-05-29T01:16:47.536+0000] {logging_mixin.py:188} INFO - [2024-05-29T01:16:47.535+0000] {dag.py:3096} INFO - Sync 1 DAGs
[2024-05-29T01:16:47.561+0000] {logging_mixin.py:188} INFO - [2024-05-29T01:16:47.561+0000] {dag.py:3954} INFO - Setting next_dagrun for example_task_group_decorator to 2024-05-28 00:00:00+00:00, run_after=2024-05-29 00:00:00+00:00
[2024-05-29T01:16:47.587+0000] {processor.py:183} INFO - Processing /home/airflow/.local/lib/python3.12/site-packages/airflow/example_dags/example_task_group_decorator.py took 0.103 seconds
[2024-05-29T01:17:18.362+0000] {processor.py:161} INFO - Started process (PID=966) to work on /home/airflow/.local/lib/python3.12/site-packages/airflow/example_dags/example_task_group_decorator.py
[2024-05-29T01:17:18.363+0000] {processor.py:830} INFO - Processing file /home/airflow/.local/lib/python3.12/site-packages/airflow/example_dags/example_task_group_decorator.py for tasks to queue
[2024-05-29T01:17:18.366+0000] {logging_mixin.py:188} INFO - [2024-05-29T01:17:18.366+0000] {dagbag.py:545} INFO - Filling up the DagBag from /home/airflow/.local/lib/python3.12/site-packages/airflow/example_dags/example_task_group_decorator.py
[2024-05-29T01:17:18.388+0000] {processor.py:840} INFO - DAG(s) 'example_task_group_decorator' retrieved from /home/airflow/.local/lib/python3.12/site-packages/airflow/example_dags/example_task_group_decorator.py
[2024-05-29T01:17:18.423+0000] {logging_mixin.py:188} INFO - [2024-05-29T01:17:18.423+0000] {dag.py:3096} INFO - Sync 1 DAGs
[2024-05-29T01:17:18.452+0000] {logging_mixin.py:188} INFO - [2024-05-29T01:17:18.451+0000] {dag.py:3954} INFO - Setting next_dagrun for example_task_group_decorator to 2024-05-28 00:00:00+00:00, run_after=2024-05-29 00:00:00+00:00
[2024-05-29T01:17:18.483+0000] {processor.py:183} INFO - Processing /home/airflow/.local/lib/python3.12/site-packages/airflow/example_dags/example_task_group_decorator.py took 0.130 seconds
[2024-05-29T01:17:49.173+0000] {processor.py:161} INFO - Started process (PID=1028) to work on /home/airflow/.local/lib/python3.12/site-packages/airflow/example_dags/example_task_group_decorator.py
[2024-05-29T01:17:49.175+0000] {processor.py:830} INFO - Processing file /home/airflow/.local/lib/python3.12/site-packages/airflow/example_dags/example_task_group_decorator.py for tasks to queue
[2024-05-29T01:17:49.177+0000] {logging_mixin.py:188} INFO - [2024-05-29T01:17:49.177+0000] {dagbag.py:545} INFO - Filling up the DagBag from /home/airflow/.local/lib/python3.12/site-packages/airflow/example_dags/example_task_group_decorator.py
[2024-05-29T01:17:49.191+0000] {processor.py:840} INFO - DAG(s) 'example_task_group_decorator' retrieved from /home/airflow/.local/lib/python3.12/site-packages/airflow/example_dags/example_task_group_decorator.py
[2024-05-29T01:17:49.216+0000] {logging_mixin.py:188} INFO - [2024-05-29T01:17:49.216+0000] {dag.py:3096} INFO - Sync 1 DAGs
[2024-05-29T01:17:49.241+0000] {logging_mixin.py:188} INFO - [2024-05-29T01:17:49.241+0000] {dag.py:3954} INFO - Setting next_dagrun for example_task_group_decorator to 2024-05-28 00:00:00+00:00, run_after=2024-05-29 00:00:00+00:00
[2024-05-29T01:17:49.267+0000] {processor.py:183} INFO - Processing /home/airflow/.local/lib/python3.12/site-packages/airflow/example_dags/example_task_group_decorator.py took 0.101 seconds
[2024-05-29T01:18:19.580+0000] {processor.py:161} INFO - Started process (PID=1088) to work on /home/airflow/.local/lib/python3.12/site-packages/airflow/example_dags/example_task_group_decorator.py
[2024-05-29T01:18:19.581+0000] {processor.py:830} INFO - Processing file /home/airflow/.local/lib/python3.12/site-packages/airflow/example_dags/example_task_group_decorator.py for tasks to queue
[2024-05-29T01:18:19.584+0000] {logging_mixin.py:188} INFO - [2024-05-29T01:18:19.583+0000] {dagbag.py:545} INFO - Filling up the DagBag from /home/airflow/.local/lib/python3.12/site-packages/airflow/example_dags/example_task_group_decorator.py
[2024-05-29T01:18:19.596+0000] {processor.py:840} INFO - DAG(s) 'example_task_group_decorator' retrieved from /home/airflow/.local/lib/python3.12/site-packages/airflow/example_dags/example_task_group_decorator.py
[2024-05-29T01:18:19.622+0000] {logging_mixin.py:188} INFO - [2024-05-29T01:18:19.622+0000] {dag.py:3096} INFO - Sync 1 DAGs
[2024-05-29T01:18:19.644+0000] {logging_mixin.py:188} INFO - [2024-05-29T01:18:19.643+0000] {dag.py:3954} INFO - Setting next_dagrun for example_task_group_decorator to 2024-05-28 00:00:00+00:00, run_after=2024-05-29 00:00:00+00:00
[2024-05-29T01:18:19.669+0000] {processor.py:183} INFO - Processing /home/airflow/.local/lib/python3.12/site-packages/airflow/example_dags/example_task_group_decorator.py took 0.095 seconds
[2024-05-29T01:18:50.787+0000] {processor.py:161} INFO - Started process (PID=1150) to work on /home/airflow/.local/lib/python3.12/site-packages/airflow/example_dags/example_task_group_decorator.py
[2024-05-29T01:18:50.788+0000] {processor.py:830} INFO - Processing file /home/airflow/.local/lib/python3.12/site-packages/airflow/example_dags/example_task_group_decorator.py for tasks to queue
[2024-05-29T01:18:50.791+0000] {logging_mixin.py:188} INFO - [2024-05-29T01:18:50.791+0000] {dagbag.py:545} INFO - Filling up the DagBag from /home/airflow/.local/lib/python3.12/site-packages/airflow/example_dags/example_task_group_decorator.py
[2024-05-29T01:18:50.807+0000] {processor.py:840} INFO - DAG(s) 'example_task_group_decorator' retrieved from /home/airflow/.local/lib/python3.12/site-packages/airflow/example_dags/example_task_group_decorator.py
[2024-05-29T01:18:50.842+0000] {logging_mixin.py:188} INFO - [2024-05-29T01:18:50.842+0000] {dag.py:3096} INFO - Sync 1 DAGs
[2024-05-29T01:18:50.870+0000] {logging_mixin.py:188} INFO - [2024-05-29T01:18:50.869+0000] {dag.py:3954} INFO - Setting next_dagrun for example_task_group_decorator to 2024-05-28 00:00:00+00:00, run_after=2024-05-29 00:00:00+00:00
[2024-05-29T01:18:50.895+0000] {processor.py:183} INFO - Processing /home/airflow/.local/lib/python3.12/site-packages/airflow/example_dags/example_task_group_decorator.py took 0.115 seconds
[2024-05-29T01:19:22.110+0000] {processor.py:161} INFO - Started process (PID=1210) to work on /home/airflow/.local/lib/python3.12/site-packages/airflow/example_dags/example_task_group_decorator.py
[2024-05-29T01:19:22.112+0000] {processor.py:830} INFO - Processing file /home/airflow/.local/lib/python3.12/site-packages/airflow/example_dags/example_task_group_decorator.py for tasks to queue
[2024-05-29T01:19:22.115+0000] {logging_mixin.py:188} INFO - [2024-05-29T01:19:22.114+0000] {dagbag.py:545} INFO - Filling up the DagBag from /home/airflow/.local/lib/python3.12/site-packages/airflow/example_dags/example_task_group_decorator.py
[2024-05-29T01:19:22.136+0000] {processor.py:840} INFO - DAG(s) 'example_task_group_decorator' retrieved from /home/airflow/.local/lib/python3.12/site-packages/airflow/example_dags/example_task_group_decorator.py
[2024-05-29T01:19:22.167+0000] {logging_mixin.py:188} INFO - [2024-05-29T01:19:22.167+0000] {dag.py:3096} INFO - Sync 1 DAGs
[2024-05-29T01:19:22.197+0000] {logging_mixin.py:188} INFO - [2024-05-29T01:19:22.197+0000] {dag.py:3954} INFO - Setting next_dagrun for example_task_group_decorator to 2024-05-28 00:00:00+00:00, run_after=2024-05-29 00:00:00+00:00
[2024-05-29T01:19:22.229+0000] {processor.py:183} INFO - Processing /home/airflow/.local/lib/python3.12/site-packages/airflow/example_dags/example_task_group_decorator.py took 0.127 seconds
[2024-05-29T01:19:52.601+0000] {processor.py:161} INFO - Started process (PID=1270) to work on /home/airflow/.local/lib/python3.12/site-packages/airflow/example_dags/example_task_group_decorator.py
[2024-05-29T01:19:52.602+0000] {processor.py:830} INFO - Processing file /home/airflow/.local/lib/python3.12/site-packages/airflow/example_dags/example_task_group_decorator.py for tasks to queue
[2024-05-29T01:19:52.604+0000] {logging_mixin.py:188} INFO - [2024-05-29T01:19:52.604+0000] {dagbag.py:545} INFO - Filling up the DagBag from /home/airflow/.local/lib/python3.12/site-packages/airflow/example_dags/example_task_group_decorator.py
[2024-05-29T01:19:52.621+0000] {processor.py:840} INFO - DAG(s) 'example_task_group_decorator' retrieved from /home/airflow/.local/lib/python3.12/site-packages/airflow/example_dags/example_task_group_decorator.py
[2024-05-29T01:19:52.653+0000] {logging_mixin.py:188} INFO - [2024-05-29T01:19:52.653+0000] {dag.py:3096} INFO - Sync 1 DAGs
[2024-05-29T01:19:52.678+0000] {logging_mixin.py:188} INFO - [2024-05-29T01:19:52.677+0000] {dag.py:3954} INFO - Setting next_dagrun for example_task_group_decorator to 2024-05-28 00:00:00+00:00, run_after=2024-05-29 00:00:00+00:00
[2024-05-29T01:19:52.698+0000] {processor.py:183} INFO - Processing /home/airflow/.local/lib/python3.12/site-packages/airflow/example_dags/example_task_group_decorator.py took 0.102 seconds
[2024-05-29T01:20:22.853+0000] {processor.py:161} INFO - Started process (PID=1329) to work on /home/airflow/.local/lib/python3.12/site-packages/airflow/example_dags/example_task_group_decorator.py
[2024-05-29T01:20:22.855+0000] {processor.py:830} INFO - Processing file /home/airflow/.local/lib/python3.12/site-packages/airflow/example_dags/example_task_group_decorator.py for tasks to queue
[2024-05-29T01:20:22.857+0000] {logging_mixin.py:188} INFO - [2024-05-29T01:20:22.857+0000] {dagbag.py:545} INFO - Filling up the DagBag from /home/airflow/.local/lib/python3.12/site-packages/airflow/example_dags/example_task_group_decorator.py
[2024-05-29T01:20:22.870+0000] {processor.py:840} INFO - DAG(s) 'example_task_group_decorator' retrieved from /home/airflow/.local/lib/python3.12/site-packages/airflow/example_dags/example_task_group_decorator.py
[2024-05-29T01:20:22.896+0000] {logging_mixin.py:188} INFO - [2024-05-29T01:20:22.896+0000] {dag.py:3096} INFO - Sync 1 DAGs
[2024-05-29T01:20:22.917+0000] {logging_mixin.py:188} INFO - [2024-05-29T01:20:22.917+0000] {dag.py:3954} INFO - Setting next_dagrun for example_task_group_decorator to 2024-05-28 00:00:00+00:00, run_after=2024-05-29 00:00:00+00:00
[2024-05-29T01:20:22.940+0000] {processor.py:183} INFO - Processing /home/airflow/.local/lib/python3.12/site-packages/airflow/example_dags/example_task_group_decorator.py took 0.092 seconds
[2024-05-29T01:20:54.152+0000] {processor.py:161} INFO - Started process (PID=1389) to work on /home/airflow/.local/lib/python3.12/site-packages/airflow/example_dags/example_task_group_decorator.py
[2024-05-29T01:20:54.159+0000] {processor.py:830} INFO - Processing file /home/airflow/.local/lib/python3.12/site-packages/airflow/example_dags/example_task_group_decorator.py for tasks to queue
[2024-05-29T01:20:54.167+0000] {logging_mixin.py:188} INFO - [2024-05-29T01:20:54.166+0000] {dagbag.py:545} INFO - Filling up the DagBag from /home/airflow/.local/lib/python3.12/site-packages/airflow/example_dags/example_task_group_decorator.py
[2024-05-29T01:20:54.238+0000] {processor.py:840} INFO - DAG(s) 'example_task_group_decorator' retrieved from /home/airflow/.local/lib/python3.12/site-packages/airflow/example_dags/example_task_group_decorator.py
[2024-05-29T01:20:54.737+0000] {logging_mixin.py:188} INFO - [2024-05-29T01:20:54.735+0000] {dag.py:3096} INFO - Sync 1 DAGs
[2024-05-29T01:20:54.784+0000] {logging_mixin.py:188} INFO - [2024-05-29T01:20:54.784+0000] {dag.py:3954} INFO - Setting next_dagrun for example_task_group_decorator to 2024-05-28 00:00:00+00:00, run_after=2024-05-29 00:00:00+00:00
[2024-05-29T01:20:54.827+0000] {processor.py:183} INFO - Processing /home/airflow/.local/lib/python3.12/site-packages/airflow/example_dags/example_task_group_decorator.py took 0.705 seconds
[2024-05-29T01:22:22.263+0000] {processor.py:161} INFO - Started process (PID=1433) to work on /home/airflow/.local/lib/python3.12/site-packages/airflow/example_dags/example_task_group_decorator.py
[2024-05-29T01:22:22.265+0000] {processor.py:830} INFO - Processing file /home/airflow/.local/lib/python3.12/site-packages/airflow/example_dags/example_task_group_decorator.py for tasks to queue
[2024-05-29T01:22:22.266+0000] {logging_mixin.py:188} INFO - [2024-05-29T01:22:22.266+0000] {dagbag.py:545} INFO - Filling up the DagBag from /home/airflow/.local/lib/python3.12/site-packages/airflow/example_dags/example_task_group_decorator.py
[2024-05-29T01:22:22.289+0000] {processor.py:840} INFO - DAG(s) 'example_task_group_decorator' retrieved from /home/airflow/.local/lib/python3.12/site-packages/airflow/example_dags/example_task_group_decorator.py
[2024-05-29T01:22:22.322+0000] {logging_mixin.py:188} INFO - [2024-05-29T01:22:22.321+0000] {dag.py:3096} INFO - Sync 1 DAGs
[2024-05-29T01:22:22.348+0000] {logging_mixin.py:188} INFO - [2024-05-29T01:22:22.348+0000] {dag.py:3954} INFO - Setting next_dagrun for example_task_group_decorator to 2024-05-28 00:00:00+00:00, run_after=2024-05-29 00:00:00+00:00
[2024-05-29T01:22:22.373+0000] {processor.py:183} INFO - Processing /home/airflow/.local/lib/python3.12/site-packages/airflow/example_dags/example_task_group_decorator.py took 0.115 seconds
[2024-05-29T01:24:53.738+0000] {processor.py:161} INFO - Started process (PID=1493) to work on /home/airflow/.local/lib/python3.12/site-packages/airflow/example_dags/example_task_group_decorator.py
[2024-05-29T01:24:54.730+0000] {processor.py:830} INFO - Processing file /home/airflow/.local/lib/python3.12/site-packages/airflow/example_dags/example_task_group_decorator.py for tasks to queue
[2024-05-29T01:24:56.468+0000] {logging_mixin.py:188} INFO - [2024-05-29T01:24:54.737+0000] {dagbag.py:545} INFO - Filling up the DagBag from /home/airflow/.local/lib/python3.12/site-packages/airflow/example_dags/example_task_group_decorator.py
[2024-05-29T01:27:46.851+0000] {processor.py:161} INFO - Started process (PID=56) to work on /home/airflow/.local/lib/python3.12/site-packages/airflow/example_dags/example_task_group_decorator.py
[2024-05-29T01:27:46.856+0000] {processor.py:830} INFO - Processing file /home/airflow/.local/lib/python3.12/site-packages/airflow/example_dags/example_task_group_decorator.py for tasks to queue
[2024-05-29T01:27:46.859+0000] {logging_mixin.py:188} INFO - [2024-05-29T01:27:46.858+0000] {dagbag.py:545} INFO - Filling up the DagBag from /home/airflow/.local/lib/python3.12/site-packages/airflow/example_dags/example_task_group_decorator.py
[2024-05-29T01:27:46.906+0000] {processor.py:840} INFO - DAG(s) 'example_task_group_decorator' retrieved from /home/airflow/.local/lib/python3.12/site-packages/airflow/example_dags/example_task_group_decorator.py
[2024-05-29T01:27:47.043+0000] {logging_mixin.py:188} INFO - [2024-05-29T01:27:47.042+0000] {dag.py:3096} INFO - Sync 1 DAGs
[2024-05-29T01:27:47.173+0000] {logging_mixin.py:188} INFO - [2024-05-29T01:27:47.173+0000] {dag.py:3954} INFO - Setting next_dagrun for example_task_group_decorator to 2024-05-28 00:00:00+00:00, run_after=2024-05-29 00:00:00+00:00
[2024-05-29T01:27:47.214+0000] {processor.py:183} INFO - Processing /home/airflow/.local/lib/python3.12/site-packages/airflow/example_dags/example_task_group_decorator.py took 0.378 seconds
[2024-05-29T01:28:17.483+0000] {processor.py:161} INFO - Started process (PID=115) to work on /home/airflow/.local/lib/python3.12/site-packages/airflow/example_dags/example_task_group_decorator.py
[2024-05-29T01:28:17.484+0000] {processor.py:830} INFO - Processing file /home/airflow/.local/lib/python3.12/site-packages/airflow/example_dags/example_task_group_decorator.py for tasks to queue
[2024-05-29T01:28:17.486+0000] {logging_mixin.py:188} INFO - [2024-05-29T01:28:17.486+0000] {dagbag.py:545} INFO - Filling up the DagBag from /home/airflow/.local/lib/python3.12/site-packages/airflow/example_dags/example_task_group_decorator.py
[2024-05-29T01:28:17.500+0000] {processor.py:840} INFO - DAG(s) 'example_task_group_decorator' retrieved from /home/airflow/.local/lib/python3.12/site-packages/airflow/example_dags/example_task_group_decorator.py
[2024-05-29T01:28:17.526+0000] {logging_mixin.py:188} INFO - [2024-05-29T01:28:17.526+0000] {dag.py:3096} INFO - Sync 1 DAGs
[2024-05-29T01:28:17.548+0000] {logging_mixin.py:188} INFO - [2024-05-29T01:28:17.547+0000] {dag.py:3954} INFO - Setting next_dagrun for example_task_group_decorator to 2024-05-28 00:00:00+00:00, run_after=2024-05-29 00:00:00+00:00
[2024-05-29T01:28:17.569+0000] {processor.py:183} INFO - Processing /home/airflow/.local/lib/python3.12/site-packages/airflow/example_dags/example_task_group_decorator.py took 0.091 seconds
