[2024-05-29T01:09:42.514+0000] {processor.py:161} INFO - Started process (PID=77) to work on /home/airflow/.local/lib/python3.12/site-packages/airflow/example_dags/example_complex.py
[2024-05-29T01:09:42.516+0000] {processor.py:830} INFO - Processing file /home/airflow/.local/lib/python3.12/site-packages/airflow/example_dags/example_complex.py for tasks to queue
[2024-05-29T01:09:42.519+0000] {logging_mixin.py:188} INFO - [2024-05-29T01:09:42.519+0000] {dagbag.py:545} INFO - Filling up the DagBag from /home/airflow/.local/lib/python3.12/site-packages/airflow/example_dags/example_complex.py
[2024-05-29T01:09:42.565+0000] {processor.py:840} INFO - DAG(s) 'example_complex' retrieved from /home/airflow/.local/lib/python3.12/site-packages/airflow/example_dags/example_complex.py
[2024-05-29T01:09:42.789+0000] {logging_mixin.py:188} INFO - [2024-05-29T01:09:42.788+0000] {override.py:1829} INFO - Created Permission View: can edit on DAG:example_complex
[2024-05-29T01:09:42.806+0000] {logging_mixin.py:188} INFO - [2024-05-29T01:09:42.805+0000] {override.py:1829} INFO - Created Permission View: can delete on DAG:example_complex
[2024-05-29T01:09:42.815+0000] {logging_mixin.py:188} INFO - [2024-05-29T01:09:42.814+0000] {override.py:1829} INFO - Created Permission View: can read on DAG:example_complex
[2024-05-29T01:09:42.816+0000] {logging_mixin.py:188} INFO - [2024-05-29T01:09:42.815+0000] {dag.py:3096} INFO - Sync 1 DAGs
[2024-05-29T01:09:42.840+0000] {logging_mixin.py:188} INFO - [2024-05-29T01:09:42.839+0000] {dag.py:3118} INFO - Creating ORM DAG for example_complex
[2024-05-29T01:09:42.841+0000] {logging_mixin.py:188} INFO - [2024-05-29T01:09:42.841+0000] {dag.py:3954} INFO - Setting next_dagrun for example_complex to None, run_after=None
[2024-05-29T01:09:42.868+0000] {processor.py:183} INFO - Processing /home/airflow/.local/lib/python3.12/site-packages/airflow/example_dags/example_complex.py took 0.363 seconds
[2024-05-29T01:10:13.653+0000] {processor.py:161} INFO - Started process (PID=137) to work on /home/airflow/.local/lib/python3.12/site-packages/airflow/example_dags/example_complex.py
[2024-05-29T01:10:13.656+0000] {processor.py:830} INFO - Processing file /home/airflow/.local/lib/python3.12/site-packages/airflow/example_dags/example_complex.py for tasks to queue
[2024-05-29T01:10:13.659+0000] {logging_mixin.py:188} INFO - [2024-05-29T01:10:13.659+0000] {dagbag.py:545} INFO - Filling up the DagBag from /home/airflow/.local/lib/python3.12/site-packages/airflow/example_dags/example_complex.py
[2024-05-29T01:10:13.700+0000] {processor.py:840} INFO - DAG(s) 'example_complex' retrieved from /home/airflow/.local/lib/python3.12/site-packages/airflow/example_dags/example_complex.py
[2024-05-29T01:10:13.764+0000] {logging_mixin.py:188} INFO - [2024-05-29T01:10:13.764+0000] {dag.py:3096} INFO - Sync 1 DAGs
[2024-05-29T01:10:13.789+0000] {logging_mixin.py:188} INFO - [2024-05-29T01:10:13.788+0000] {dag.py:3954} INFO - Setting next_dagrun for example_complex to None, run_after=None
[2024-05-29T01:10:13.826+0000] {processor.py:183} INFO - Processing /home/airflow/.local/lib/python3.12/site-packages/airflow/example_dags/example_complex.py took 0.185 seconds
[2024-05-29T01:10:44.812+0000] {processor.py:161} INFO - Started process (PID=197) to work on /home/airflow/.local/lib/python3.12/site-packages/airflow/example_dags/example_complex.py
[2024-05-29T01:10:44.813+0000] {processor.py:830} INFO - Processing file /home/airflow/.local/lib/python3.12/site-packages/airflow/example_dags/example_complex.py for tasks to queue
[2024-05-29T01:10:44.816+0000] {logging_mixin.py:188} INFO - [2024-05-29T01:10:44.816+0000] {dagbag.py:545} INFO - Filling up the DagBag from /home/airflow/.local/lib/python3.12/site-packages/airflow/example_dags/example_complex.py
[2024-05-29T01:10:44.866+0000] {processor.py:840} INFO - DAG(s) 'example_complex' retrieved from /home/airflow/.local/lib/python3.12/site-packages/airflow/example_dags/example_complex.py
[2024-05-29T01:10:44.952+0000] {logging_mixin.py:188} INFO - [2024-05-29T01:10:44.952+0000] {dag.py:3096} INFO - Sync 1 DAGs
[2024-05-29T01:10:45.001+0000] {logging_mixin.py:188} INFO - [2024-05-29T01:10:45.001+0000] {dag.py:3954} INFO - Setting next_dagrun for example_complex to None, run_after=None
[2024-05-29T01:10:45.046+0000] {processor.py:183} INFO - Processing /home/airflow/.local/lib/python3.12/site-packages/airflow/example_dags/example_complex.py took 0.248 seconds
[2024-05-29T01:11:15.452+0000] {processor.py:161} INFO - Started process (PID=257) to work on /home/airflow/.local/lib/python3.12/site-packages/airflow/example_dags/example_complex.py
[2024-05-29T01:11:15.453+0000] {processor.py:830} INFO - Processing file /home/airflow/.local/lib/python3.12/site-packages/airflow/example_dags/example_complex.py for tasks to queue
[2024-05-29T01:11:15.457+0000] {logging_mixin.py:188} INFO - [2024-05-29T01:11:15.456+0000] {dagbag.py:545} INFO - Filling up the DagBag from /home/airflow/.local/lib/python3.12/site-packages/airflow/example_dags/example_complex.py
[2024-05-29T01:11:15.472+0000] {processor.py:840} INFO - DAG(s) 'example_complex' retrieved from /home/airflow/.local/lib/python3.12/site-packages/airflow/example_dags/example_complex.py
[2024-05-29T01:11:15.508+0000] {logging_mixin.py:188} INFO - [2024-05-29T01:11:15.508+0000] {dag.py:3096} INFO - Sync 1 DAGs
[2024-05-29T01:11:15.524+0000] {logging_mixin.py:188} INFO - [2024-05-29T01:11:15.523+0000] {dag.py:3954} INFO - Setting next_dagrun for example_complex to None, run_after=None
[2024-05-29T01:11:15.550+0000] {processor.py:183} INFO - Processing /home/airflow/.local/lib/python3.12/site-packages/airflow/example_dags/example_complex.py took 0.108 seconds
[2024-05-29T01:11:45.647+0000] {processor.py:161} INFO - Started process (PID=318) to work on /home/airflow/.local/lib/python3.12/site-packages/airflow/example_dags/example_complex.py
[2024-05-29T01:11:45.649+0000] {processor.py:830} INFO - Processing file /home/airflow/.local/lib/python3.12/site-packages/airflow/example_dags/example_complex.py for tasks to queue
[2024-05-29T01:11:45.653+0000] {logging_mixin.py:188} INFO - [2024-05-29T01:11:45.652+0000] {dagbag.py:545} INFO - Filling up the DagBag from /home/airflow/.local/lib/python3.12/site-packages/airflow/example_dags/example_complex.py
[2024-05-29T01:11:45.683+0000] {processor.py:840} INFO - DAG(s) 'example_complex' retrieved from /home/airflow/.local/lib/python3.12/site-packages/airflow/example_dags/example_complex.py
[2024-05-29T01:11:45.764+0000] {logging_mixin.py:188} INFO - [2024-05-29T01:11:45.764+0000] {dag.py:3096} INFO - Sync 1 DAGs
[2024-05-29T01:11:45.782+0000] {logging_mixin.py:188} INFO - [2024-05-29T01:11:45.782+0000] {dag.py:3954} INFO - Setting next_dagrun for example_complex to None, run_after=None
[2024-05-29T01:11:45.809+0000] {processor.py:183} INFO - Processing /home/airflow/.local/lib/python3.12/site-packages/airflow/example_dags/example_complex.py took 0.171 seconds
[2024-05-29T01:12:16.023+0000] {processor.py:161} INFO - Started process (PID=378) to work on /home/airflow/.local/lib/python3.12/site-packages/airflow/example_dags/example_complex.py
[2024-05-29T01:12:16.025+0000] {processor.py:830} INFO - Processing file /home/airflow/.local/lib/python3.12/site-packages/airflow/example_dags/example_complex.py for tasks to queue
[2024-05-29T01:12:16.028+0000] {logging_mixin.py:188} INFO - [2024-05-29T01:12:16.028+0000] {dagbag.py:545} INFO - Filling up the DagBag from /home/airflow/.local/lib/python3.12/site-packages/airflow/example_dags/example_complex.py
[2024-05-29T01:12:16.043+0000] {processor.py:840} INFO - DAG(s) 'example_complex' retrieved from /home/airflow/.local/lib/python3.12/site-packages/airflow/example_dags/example_complex.py
[2024-05-29T01:12:16.101+0000] {logging_mixin.py:188} INFO - [2024-05-29T01:12:16.100+0000] {dag.py:3096} INFO - Sync 1 DAGs
[2024-05-29T01:12:16.121+0000] {logging_mixin.py:188} INFO - [2024-05-29T01:12:16.121+0000] {dag.py:3954} INFO - Setting next_dagrun for example_complex to None, run_after=None
[2024-05-29T01:12:16.153+0000] {processor.py:183} INFO - Processing /home/airflow/.local/lib/python3.12/site-packages/airflow/example_dags/example_complex.py took 0.139 seconds
[2024-05-29T01:12:46.266+0000] {processor.py:161} INFO - Started process (PID=437) to work on /home/airflow/.local/lib/python3.12/site-packages/airflow/example_dags/example_complex.py
[2024-05-29T01:12:46.269+0000] {processor.py:830} INFO - Processing file /home/airflow/.local/lib/python3.12/site-packages/airflow/example_dags/example_complex.py for tasks to queue
[2024-05-29T01:12:46.272+0000] {logging_mixin.py:188} INFO - [2024-05-29T01:12:46.272+0000] {dagbag.py:545} INFO - Filling up the DagBag from /home/airflow/.local/lib/python3.12/site-packages/airflow/example_dags/example_complex.py
[2024-05-29T01:12:46.285+0000] {processor.py:840} INFO - DAG(s) 'example_complex' retrieved from /home/airflow/.local/lib/python3.12/site-packages/airflow/example_dags/example_complex.py
[2024-05-29T01:12:46.322+0000] {logging_mixin.py:188} INFO - [2024-05-29T01:12:46.322+0000] {dag.py:3096} INFO - Sync 1 DAGs
[2024-05-29T01:12:46.337+0000] {logging_mixin.py:188} INFO - [2024-05-29T01:12:46.337+0000] {dag.py:3954} INFO - Setting next_dagrun for example_complex to None, run_after=None
[2024-05-29T01:12:46.361+0000] {processor.py:183} INFO - Processing /home/airflow/.local/lib/python3.12/site-packages/airflow/example_dags/example_complex.py took 0.108 seconds
[2024-05-29T01:13:16.827+0000] {processor.py:161} INFO - Started process (PID=498) to work on /home/airflow/.local/lib/python3.12/site-packages/airflow/example_dags/example_complex.py
[2024-05-29T01:13:16.828+0000] {processor.py:830} INFO - Processing file /home/airflow/.local/lib/python3.12/site-packages/airflow/example_dags/example_complex.py for tasks to queue
[2024-05-29T01:13:16.831+0000] {logging_mixin.py:188} INFO - [2024-05-29T01:13:16.830+0000] {dagbag.py:545} INFO - Filling up the DagBag from /home/airflow/.local/lib/python3.12/site-packages/airflow/example_dags/example_complex.py
[2024-05-29T01:13:16.843+0000] {processor.py:840} INFO - DAG(s) 'example_complex' retrieved from /home/airflow/.local/lib/python3.12/site-packages/airflow/example_dags/example_complex.py
[2024-05-29T01:13:16.882+0000] {logging_mixin.py:188} INFO - [2024-05-29T01:13:16.882+0000] {dag.py:3096} INFO - Sync 1 DAGs
[2024-05-29T01:13:16.898+0000] {logging_mixin.py:188} INFO - [2024-05-29T01:13:16.897+0000] {dag.py:3954} INFO - Setting next_dagrun for example_complex to None, run_after=None
[2024-05-29T01:13:16.922+0000] {processor.py:183} INFO - Processing /home/airflow/.local/lib/python3.12/site-packages/airflow/example_dags/example_complex.py took 0.104 seconds
[2024-05-29T01:13:47.342+0000] {processor.py:161} INFO - Started process (PID=558) to work on /home/airflow/.local/lib/python3.12/site-packages/airflow/example_dags/example_complex.py
[2024-05-29T01:13:47.343+0000] {processor.py:830} INFO - Processing file /home/airflow/.local/lib/python3.12/site-packages/airflow/example_dags/example_complex.py for tasks to queue
[2024-05-29T01:13:47.345+0000] {logging_mixin.py:188} INFO - [2024-05-29T01:13:47.345+0000] {dagbag.py:545} INFO - Filling up the DagBag from /home/airflow/.local/lib/python3.12/site-packages/airflow/example_dags/example_complex.py
[2024-05-29T01:13:47.355+0000] {processor.py:840} INFO - DAG(s) 'example_complex' retrieved from /home/airflow/.local/lib/python3.12/site-packages/airflow/example_dags/example_complex.py
[2024-05-29T01:13:47.389+0000] {logging_mixin.py:188} INFO - [2024-05-29T01:13:47.389+0000] {dag.py:3096} INFO - Sync 1 DAGs
[2024-05-29T01:13:47.403+0000] {logging_mixin.py:188} INFO - [2024-05-29T01:13:47.402+0000] {dag.py:3954} INFO - Setting next_dagrun for example_complex to None, run_after=None
[2024-05-29T01:13:47.428+0000] {processor.py:183} INFO - Processing /home/airflow/.local/lib/python3.12/site-packages/airflow/example_dags/example_complex.py took 0.091 seconds
[2024-05-29T01:14:17.637+0000] {processor.py:161} INFO - Started process (PID=618) to work on /home/airflow/.local/lib/python3.12/site-packages/airflow/example_dags/example_complex.py
[2024-05-29T01:14:17.639+0000] {processor.py:830} INFO - Processing file /home/airflow/.local/lib/python3.12/site-packages/airflow/example_dags/example_complex.py for tasks to queue
[2024-05-29T01:14:17.641+0000] {logging_mixin.py:188} INFO - [2024-05-29T01:14:17.641+0000] {dagbag.py:545} INFO - Filling up the DagBag from /home/airflow/.local/lib/python3.12/site-packages/airflow/example_dags/example_complex.py
[2024-05-29T01:14:17.650+0000] {processor.py:840} INFO - DAG(s) 'example_complex' retrieved from /home/airflow/.local/lib/python3.12/site-packages/airflow/example_dags/example_complex.py
[2024-05-29T01:14:17.683+0000] {logging_mixin.py:188} INFO - [2024-05-29T01:14:17.683+0000] {dag.py:3096} INFO - Sync 1 DAGs
[2024-05-29T01:14:17.697+0000] {logging_mixin.py:188} INFO - [2024-05-29T01:14:17.697+0000] {dag.py:3954} INFO - Setting next_dagrun for example_complex to None, run_after=None
[2024-05-29T01:14:17.721+0000] {processor.py:183} INFO - Processing /home/airflow/.local/lib/python3.12/site-packages/airflow/example_dags/example_complex.py took 0.089 seconds
[2024-05-29T01:14:48.090+0000] {processor.py:161} INFO - Started process (PID=678) to work on /home/airflow/.local/lib/python3.12/site-packages/airflow/example_dags/example_complex.py
[2024-05-29T01:14:48.091+0000] {processor.py:830} INFO - Processing file /home/airflow/.local/lib/python3.12/site-packages/airflow/example_dags/example_complex.py for tasks to queue
[2024-05-29T01:14:48.094+0000] {logging_mixin.py:188} INFO - [2024-05-29T01:14:48.093+0000] {dagbag.py:545} INFO - Filling up the DagBag from /home/airflow/.local/lib/python3.12/site-packages/airflow/example_dags/example_complex.py
[2024-05-29T01:14:48.108+0000] {processor.py:840} INFO - DAG(s) 'example_complex' retrieved from /home/airflow/.local/lib/python3.12/site-packages/airflow/example_dags/example_complex.py
[2024-05-29T01:14:48.153+0000] {logging_mixin.py:188} INFO - [2024-05-29T01:14:48.153+0000] {dag.py:3096} INFO - Sync 1 DAGs
[2024-05-29T01:14:48.172+0000] {logging_mixin.py:188} INFO - [2024-05-29T01:14:48.171+0000] {dag.py:3954} INFO - Setting next_dagrun for example_complex to None, run_after=None
[2024-05-29T01:14:48.201+0000] {processor.py:183} INFO - Processing /home/airflow/.local/lib/python3.12/site-packages/airflow/example_dags/example_complex.py took 0.119 seconds
[2024-05-29T01:15:18.971+0000] {processor.py:161} INFO - Started process (PID=738) to work on /home/airflow/.local/lib/python3.12/site-packages/airflow/example_dags/example_complex.py
[2024-05-29T01:15:18.973+0000] {processor.py:830} INFO - Processing file /home/airflow/.local/lib/python3.12/site-packages/airflow/example_dags/example_complex.py for tasks to queue
[2024-05-29T01:15:18.975+0000] {logging_mixin.py:188} INFO - [2024-05-29T01:15:18.975+0000] {dagbag.py:545} INFO - Filling up the DagBag from /home/airflow/.local/lib/python3.12/site-packages/airflow/example_dags/example_complex.py
[2024-05-29T01:15:18.985+0000] {processor.py:840} INFO - DAG(s) 'example_complex' retrieved from /home/airflow/.local/lib/python3.12/site-packages/airflow/example_dags/example_complex.py
[2024-05-29T01:15:19.019+0000] {logging_mixin.py:188} INFO - [2024-05-29T01:15:19.019+0000] {dag.py:3096} INFO - Sync 1 DAGs
[2024-05-29T01:15:19.033+0000] {logging_mixin.py:188} INFO - [2024-05-29T01:15:19.032+0000] {dag.py:3954} INFO - Setting next_dagrun for example_complex to None, run_after=None
[2024-05-29T01:15:19.056+0000] {processor.py:183} INFO - Processing /home/airflow/.local/lib/python3.12/site-packages/airflow/example_dags/example_complex.py took 0.090 seconds
[2024-05-29T01:15:49.629+0000] {processor.py:161} INFO - Started process (PID=798) to work on /home/airflow/.local/lib/python3.12/site-packages/airflow/example_dags/example_complex.py
[2024-05-29T01:15:49.631+0000] {processor.py:830} INFO - Processing file /home/airflow/.local/lib/python3.12/site-packages/airflow/example_dags/example_complex.py for tasks to queue
[2024-05-29T01:15:49.634+0000] {logging_mixin.py:188} INFO - [2024-05-29T01:15:49.633+0000] {dagbag.py:545} INFO - Filling up the DagBag from /home/airflow/.local/lib/python3.12/site-packages/airflow/example_dags/example_complex.py
[2024-05-29T01:15:49.647+0000] {processor.py:840} INFO - DAG(s) 'example_complex' retrieved from /home/airflow/.local/lib/python3.12/site-packages/airflow/example_dags/example_complex.py
[2024-05-29T01:15:49.685+0000] {logging_mixin.py:188} INFO - [2024-05-29T01:15:49.684+0000] {dag.py:3096} INFO - Sync 1 DAGs
[2024-05-29T01:15:49.703+0000] {logging_mixin.py:188} INFO - [2024-05-29T01:15:49.702+0000] {dag.py:3954} INFO - Setting next_dagrun for example_complex to None, run_after=None
[2024-05-29T01:15:49.728+0000] {processor.py:183} INFO - Processing /home/airflow/.local/lib/python3.12/site-packages/airflow/example_dags/example_complex.py took 0.107 seconds
[2024-05-29T01:16:20.099+0000] {processor.py:161} INFO - Started process (PID=858) to work on /home/airflow/.local/lib/python3.12/site-packages/airflow/example_dags/example_complex.py
[2024-05-29T01:16:20.101+0000] {processor.py:830} INFO - Processing file /home/airflow/.local/lib/python3.12/site-packages/airflow/example_dags/example_complex.py for tasks to queue
[2024-05-29T01:16:20.104+0000] {logging_mixin.py:188} INFO - [2024-05-29T01:16:20.103+0000] {dagbag.py:545} INFO - Filling up the DagBag from /home/airflow/.local/lib/python3.12/site-packages/airflow/example_dags/example_complex.py
[2024-05-29T01:16:20.114+0000] {processor.py:840} INFO - DAG(s) 'example_complex' retrieved from /home/airflow/.local/lib/python3.12/site-packages/airflow/example_dags/example_complex.py
[2024-05-29T01:16:20.150+0000] {logging_mixin.py:188} INFO - [2024-05-29T01:16:20.150+0000] {dag.py:3096} INFO - Sync 1 DAGs
[2024-05-29T01:16:20.165+0000] {logging_mixin.py:188} INFO - [2024-05-29T01:16:20.165+0000] {dag.py:3954} INFO - Setting next_dagrun for example_complex to None, run_after=None
[2024-05-29T01:16:20.189+0000] {processor.py:183} INFO - Processing /home/airflow/.local/lib/python3.12/site-packages/airflow/example_dags/example_complex.py took 0.096 seconds
[2024-05-29T01:16:50.497+0000] {processor.py:161} INFO - Started process (PID=920) to work on /home/airflow/.local/lib/python3.12/site-packages/airflow/example_dags/example_complex.py
[2024-05-29T01:16:50.498+0000] {processor.py:830} INFO - Processing file /home/airflow/.local/lib/python3.12/site-packages/airflow/example_dags/example_complex.py for tasks to queue
[2024-05-29T01:16:50.500+0000] {logging_mixin.py:188} INFO - [2024-05-29T01:16:50.500+0000] {dagbag.py:545} INFO - Filling up the DagBag from /home/airflow/.local/lib/python3.12/site-packages/airflow/example_dags/example_complex.py
[2024-05-29T01:16:50.512+0000] {processor.py:840} INFO - DAG(s) 'example_complex' retrieved from /home/airflow/.local/lib/python3.12/site-packages/airflow/example_dags/example_complex.py
[2024-05-29T01:16:50.551+0000] {logging_mixin.py:188} INFO - [2024-05-29T01:16:50.550+0000] {dag.py:3096} INFO - Sync 1 DAGs
[2024-05-29T01:16:50.566+0000] {logging_mixin.py:188} INFO - [2024-05-29T01:16:50.565+0000] {dag.py:3954} INFO - Setting next_dagrun for example_complex to None, run_after=None
[2024-05-29T01:16:50.588+0000] {processor.py:183} INFO - Processing /home/airflow/.local/lib/python3.12/site-packages/airflow/example_dags/example_complex.py took 0.098 seconds
[2024-05-29T01:17:21.480+0000] {processor.py:161} INFO - Started process (PID=981) to work on /home/airflow/.local/lib/python3.12/site-packages/airflow/example_dags/example_complex.py
[2024-05-29T01:17:21.482+0000] {processor.py:830} INFO - Processing file /home/airflow/.local/lib/python3.12/site-packages/airflow/example_dags/example_complex.py for tasks to queue
[2024-05-29T01:17:21.484+0000] {logging_mixin.py:188} INFO - [2024-05-29T01:17:21.484+0000] {dagbag.py:545} INFO - Filling up the DagBag from /home/airflow/.local/lib/python3.12/site-packages/airflow/example_dags/example_complex.py
[2024-05-29T01:17:21.494+0000] {processor.py:840} INFO - DAG(s) 'example_complex' retrieved from /home/airflow/.local/lib/python3.12/site-packages/airflow/example_dags/example_complex.py
[2024-05-29T01:17:21.529+0000] {logging_mixin.py:188} INFO - [2024-05-29T01:17:21.529+0000] {dag.py:3096} INFO - Sync 1 DAGs
[2024-05-29T01:17:21.542+0000] {logging_mixin.py:188} INFO - [2024-05-29T01:17:21.542+0000] {dag.py:3954} INFO - Setting next_dagrun for example_complex to None, run_after=None
[2024-05-29T01:17:21.569+0000] {processor.py:183} INFO - Processing /home/airflow/.local/lib/python3.12/site-packages/airflow/example_dags/example_complex.py took 0.093 seconds
[2024-05-29T01:17:52.174+0000] {processor.py:161} INFO - Started process (PID=1043) to work on /home/airflow/.local/lib/python3.12/site-packages/airflow/example_dags/example_complex.py
[2024-05-29T01:17:52.178+0000] {processor.py:830} INFO - Processing file /home/airflow/.local/lib/python3.12/site-packages/airflow/example_dags/example_complex.py for tasks to queue
[2024-05-29T01:17:52.181+0000] {logging_mixin.py:188} INFO - [2024-05-29T01:17:52.180+0000] {dagbag.py:545} INFO - Filling up the DagBag from /home/airflow/.local/lib/python3.12/site-packages/airflow/example_dags/example_complex.py
[2024-05-29T01:17:52.197+0000] {processor.py:840} INFO - DAG(s) 'example_complex' retrieved from /home/airflow/.local/lib/python3.12/site-packages/airflow/example_dags/example_complex.py
[2024-05-29T01:17:52.240+0000] {logging_mixin.py:188} INFO - [2024-05-29T01:17:52.239+0000] {dag.py:3096} INFO - Sync 1 DAGs
[2024-05-29T01:17:52.257+0000] {logging_mixin.py:188} INFO - [2024-05-29T01:17:52.257+0000] {dag.py:3954} INFO - Setting next_dagrun for example_complex to None, run_after=None
[2024-05-29T01:17:52.280+0000] {processor.py:183} INFO - Processing /home/airflow/.local/lib/python3.12/site-packages/airflow/example_dags/example_complex.py took 0.115 seconds
[2024-05-29T01:18:22.596+0000] {processor.py:161} INFO - Started process (PID=1103) to work on /home/airflow/.local/lib/python3.12/site-packages/airflow/example_dags/example_complex.py
[2024-05-29T01:18:22.598+0000] {processor.py:830} INFO - Processing file /home/airflow/.local/lib/python3.12/site-packages/airflow/example_dags/example_complex.py for tasks to queue
[2024-05-29T01:18:22.600+0000] {logging_mixin.py:188} INFO - [2024-05-29T01:18:22.600+0000] {dagbag.py:545} INFO - Filling up the DagBag from /home/airflow/.local/lib/python3.12/site-packages/airflow/example_dags/example_complex.py
[2024-05-29T01:18:22.615+0000] {processor.py:840} INFO - DAG(s) 'example_complex' retrieved from /home/airflow/.local/lib/python3.12/site-packages/airflow/example_dags/example_complex.py
[2024-05-29T01:18:22.651+0000] {logging_mixin.py:188} INFO - [2024-05-29T01:18:22.651+0000] {dag.py:3096} INFO - Sync 1 DAGs
[2024-05-29T01:18:22.663+0000] {logging_mixin.py:188} INFO - [2024-05-29T01:18:22.663+0000] {dag.py:3954} INFO - Setting next_dagrun for example_complex to None, run_after=None
[2024-05-29T01:18:22.688+0000] {processor.py:183} INFO - Processing /home/airflow/.local/lib/python3.12/site-packages/airflow/example_dags/example_complex.py took 0.096 seconds
[2024-05-29T01:18:52.885+0000] {processor.py:161} INFO - Started process (PID=1165) to work on /home/airflow/.local/lib/python3.12/site-packages/airflow/example_dags/example_complex.py
[2024-05-29T01:18:52.887+0000] {processor.py:830} INFO - Processing file /home/airflow/.local/lib/python3.12/site-packages/airflow/example_dags/example_complex.py for tasks to queue
[2024-05-29T01:18:52.890+0000] {logging_mixin.py:188} INFO - [2024-05-29T01:18:52.890+0000] {dagbag.py:545} INFO - Filling up the DagBag from /home/airflow/.local/lib/python3.12/site-packages/airflow/example_dags/example_complex.py
[2024-05-29T01:18:52.903+0000] {processor.py:840} INFO - DAG(s) 'example_complex' retrieved from /home/airflow/.local/lib/python3.12/site-packages/airflow/example_dags/example_complex.py
[2024-05-29T01:18:52.945+0000] {logging_mixin.py:188} INFO - [2024-05-29T01:18:52.944+0000] {dag.py:3096} INFO - Sync 1 DAGs
[2024-05-29T01:18:52.959+0000] {logging_mixin.py:188} INFO - [2024-05-29T01:18:52.959+0000] {dag.py:3954} INFO - Setting next_dagrun for example_complex to None, run_after=None
[2024-05-29T01:18:52.982+0000] {processor.py:183} INFO - Processing /home/airflow/.local/lib/python3.12/site-packages/airflow/example_dags/example_complex.py took 0.104 seconds
[2024-05-29T01:19:23.312+0000] {processor.py:161} INFO - Started process (PID=1225) to work on /home/airflow/.local/lib/python3.12/site-packages/airflow/example_dags/example_complex.py
[2024-05-29T01:19:23.314+0000] {processor.py:830} INFO - Processing file /home/airflow/.local/lib/python3.12/site-packages/airflow/example_dags/example_complex.py for tasks to queue
[2024-05-29T01:19:23.316+0000] {logging_mixin.py:188} INFO - [2024-05-29T01:19:23.315+0000] {dagbag.py:545} INFO - Filling up the DagBag from /home/airflow/.local/lib/python3.12/site-packages/airflow/example_dags/example_complex.py
[2024-05-29T01:19:23.327+0000] {processor.py:840} INFO - DAG(s) 'example_complex' retrieved from /home/airflow/.local/lib/python3.12/site-packages/airflow/example_dags/example_complex.py
[2024-05-29T01:19:23.366+0000] {logging_mixin.py:188} INFO - [2024-05-29T01:19:23.365+0000] {dag.py:3096} INFO - Sync 1 DAGs
[2024-05-29T01:19:23.382+0000] {logging_mixin.py:188} INFO - [2024-05-29T01:19:23.382+0000] {dag.py:3954} INFO - Setting next_dagrun for example_complex to None, run_after=None
[2024-05-29T01:19:23.410+0000] {processor.py:183} INFO - Processing /home/airflow/.local/lib/python3.12/site-packages/airflow/example_dags/example_complex.py took 0.104 seconds
[2024-05-29T01:19:53.806+0000] {processor.py:161} INFO - Started process (PID=1285) to work on /home/airflow/.local/lib/python3.12/site-packages/airflow/example_dags/example_complex.py
[2024-05-29T01:19:53.808+0000] {processor.py:830} INFO - Processing file /home/airflow/.local/lib/python3.12/site-packages/airflow/example_dags/example_complex.py for tasks to queue
[2024-05-29T01:19:53.810+0000] {logging_mixin.py:188} INFO - [2024-05-29T01:19:53.810+0000] {dagbag.py:545} INFO - Filling up the DagBag from /home/airflow/.local/lib/python3.12/site-packages/airflow/example_dags/example_complex.py
[2024-05-29T01:19:53.819+0000] {processor.py:840} INFO - DAG(s) 'example_complex' retrieved from /home/airflow/.local/lib/python3.12/site-packages/airflow/example_dags/example_complex.py
[2024-05-29T01:19:53.858+0000] {logging_mixin.py:188} INFO - [2024-05-29T01:19:53.858+0000] {dag.py:3096} INFO - Sync 1 DAGs
[2024-05-29T01:19:53.871+0000] {logging_mixin.py:188} INFO - [2024-05-29T01:19:53.871+0000] {dag.py:3954} INFO - Setting next_dagrun for example_complex to None, run_after=None
[2024-05-29T01:19:53.895+0000] {processor.py:183} INFO - Processing /home/airflow/.local/lib/python3.12/site-packages/airflow/example_dags/example_complex.py took 0.093 seconds
[2024-05-29T01:20:24.079+0000] {processor.py:161} INFO - Started process (PID=1345) to work on /home/airflow/.local/lib/python3.12/site-packages/airflow/example_dags/example_complex.py
[2024-05-29T01:20:24.081+0000] {processor.py:830} INFO - Processing file /home/airflow/.local/lib/python3.12/site-packages/airflow/example_dags/example_complex.py for tasks to queue
[2024-05-29T01:20:24.083+0000] {logging_mixin.py:188} INFO - [2024-05-29T01:20:24.082+0000] {dagbag.py:545} INFO - Filling up the DagBag from /home/airflow/.local/lib/python3.12/site-packages/airflow/example_dags/example_complex.py
[2024-05-29T01:20:24.093+0000] {processor.py:840} INFO - DAG(s) 'example_complex' retrieved from /home/airflow/.local/lib/python3.12/site-packages/airflow/example_dags/example_complex.py
[2024-05-29T01:20:24.129+0000] {logging_mixin.py:188} INFO - [2024-05-29T01:20:24.129+0000] {dag.py:3096} INFO - Sync 1 DAGs
[2024-05-29T01:20:24.145+0000] {logging_mixin.py:188} INFO - [2024-05-29T01:20:24.145+0000] {dag.py:3954} INFO - Setting next_dagrun for example_complex to None, run_after=None
[2024-05-29T01:20:24.169+0000] {processor.py:183} INFO - Processing /home/airflow/.local/lib/python3.12/site-packages/airflow/example_dags/example_complex.py took 0.096 seconds
[2024-05-29T01:22:22.410+0000] {processor.py:161} INFO - Started process (PID=1435) to work on /home/airflow/.local/lib/python3.12/site-packages/airflow/example_dags/example_complex.py
[2024-05-29T01:22:22.412+0000] {processor.py:830} INFO - Processing file /home/airflow/.local/lib/python3.12/site-packages/airflow/example_dags/example_complex.py for tasks to queue
[2024-05-29T01:22:22.414+0000] {logging_mixin.py:188} INFO - [2024-05-29T01:22:22.413+0000] {dagbag.py:545} INFO - Filling up the DagBag from /home/airflow/.local/lib/python3.12/site-packages/airflow/example_dags/example_complex.py
[2024-05-29T01:22:22.426+0000] {processor.py:840} INFO - DAG(s) 'example_complex' retrieved from /home/airflow/.local/lib/python3.12/site-packages/airflow/example_dags/example_complex.py
[2024-05-29T01:22:22.465+0000] {logging_mixin.py:188} INFO - [2024-05-29T01:22:22.464+0000] {dag.py:3096} INFO - Sync 1 DAGs
[2024-05-29T01:22:22.482+0000] {logging_mixin.py:188} INFO - [2024-05-29T01:22:22.481+0000] {dag.py:3954} INFO - Setting next_dagrun for example_complex to None, run_after=None
[2024-05-29T01:22:22.510+0000] {processor.py:183} INFO - Processing /home/airflow/.local/lib/python3.12/site-packages/airflow/example_dags/example_complex.py took 0.107 seconds
[2024-05-29T01:27:49.862+0000] {processor.py:161} INFO - Started process (PID=71) to work on /home/airflow/.local/lib/python3.12/site-packages/airflow/example_dags/example_complex.py
[2024-05-29T01:27:49.872+0000] {processor.py:830} INFO - Processing file /home/airflow/.local/lib/python3.12/site-packages/airflow/example_dags/example_complex.py for tasks to queue
[2024-05-29T01:27:49.891+0000] {logging_mixin.py:188} INFO - [2024-05-29T01:27:49.889+0000] {dagbag.py:545} INFO - Filling up the DagBag from /home/airflow/.local/lib/python3.12/site-packages/airflow/example_dags/example_complex.py
[2024-05-29T01:27:49.950+0000] {processor.py:840} INFO - DAG(s) 'example_complex' retrieved from /home/airflow/.local/lib/python3.12/site-packages/airflow/example_dags/example_complex.py
[2024-05-29T01:27:50.100+0000] {logging_mixin.py:188} INFO - [2024-05-29T01:27:50.099+0000] {dag.py:3096} INFO - Sync 1 DAGs
[2024-05-29T01:27:50.127+0000] {logging_mixin.py:188} INFO - [2024-05-29T01:27:50.127+0000] {dag.py:3954} INFO - Setting next_dagrun for example_complex to None, run_after=None
[2024-05-29T01:27:50.210+0000] {processor.py:183} INFO - Processing /home/airflow/.local/lib/python3.12/site-packages/airflow/example_dags/example_complex.py took 0.384 seconds
