[2024-05-29T01:09:41.851+0000] {processor.py:161} INFO - Started process (PID=74) to work on /home/airflow/.local/lib/python3.12/site-packages/airflow/example_dags/example_sla_dag.py
[2024-05-29T01:09:41.852+0000] {processor.py:830} INFO - Processing file /home/airflow/.local/lib/python3.12/site-packages/airflow/example_dags/example_sla_dag.py for tasks to queue
[2024-05-29T01:09:41.855+0000] {logging_mixin.py:188} INFO - [2024-05-29T01:09:41.855+0000] {dagbag.py:545} INFO - Filling up the DagBag from /home/airflow/.local/lib/python3.12/site-packages/airflow/example_dags/example_sla_dag.py
[2024-05-29T01:09:41.871+0000] {processor.py:840} INFO - DAG(s) 'example_sla_dag' retrieved from /home/airflow/.local/lib/python3.12/site-packages/airflow/example_dags/example_sla_dag.py
[2024-05-29T01:09:42.153+0000] {logging_mixin.py:188} INFO - [2024-05-29T01:09:42.151+0000] {override.py:1829} INFO - Created Permission View: can edit on DAG:example_sla_dag
[2024-05-29T01:09:42.176+0000] {logging_mixin.py:188} INFO - [2024-05-29T01:09:42.175+0000] {override.py:1829} INFO - Created Permission View: can delete on DAG:example_sla_dag
[2024-05-29T01:09:42.187+0000] {logging_mixin.py:188} INFO - [2024-05-29T01:09:42.186+0000] {override.py:1829} INFO - Created Permission View: can read on DAG:example_sla_dag
[2024-05-29T01:09:42.188+0000] {logging_mixin.py:188} INFO - [2024-05-29T01:09:42.187+0000] {dag.py:3096} INFO - Sync 1 DAGs
[2024-05-29T01:09:42.225+0000] {logging_mixin.py:188} INFO - [2024-05-29T01:09:42.224+0000] {dag.py:3118} INFO - Creating ORM DAG for example_sla_dag
[2024-05-29T01:09:42.251+0000] {logging_mixin.py:188} INFO - [2024-05-29T01:09:42.251+0000] {dag.py:3954} INFO - Setting next_dagrun for example_sla_dag to 2024-05-29 01:06:00+00:00, run_after=2024-05-29 01:08:00+00:00
[2024-05-29T01:09:42.297+0000] {processor.py:183} INFO - Processing /home/airflow/.local/lib/python3.12/site-packages/airflow/example_dags/example_sla_dag.py took 0.455 seconds
[2024-05-29T01:10:12.441+0000] {processor.py:161} INFO - Started process (PID=134) to work on /home/airflow/.local/lib/python3.12/site-packages/airflow/example_dags/example_sla_dag.py
[2024-05-29T01:10:12.444+0000] {processor.py:830} INFO - Processing file /home/airflow/.local/lib/python3.12/site-packages/airflow/example_dags/example_sla_dag.py for tasks to queue
[2024-05-29T01:10:12.447+0000] {logging_mixin.py:188} INFO - [2024-05-29T01:10:12.446+0000] {dagbag.py:545} INFO - Filling up the DagBag from /home/airflow/.local/lib/python3.12/site-packages/airflow/example_dags/example_sla_dag.py
[2024-05-29T01:10:12.462+0000] {processor.py:840} INFO - DAG(s) 'example_sla_dag' retrieved from /home/airflow/.local/lib/python3.12/site-packages/airflow/example_dags/example_sla_dag.py
[2024-05-29T01:10:12.496+0000] {logging_mixin.py:188} INFO - [2024-05-29T01:10:12.495+0000] {dag.py:3096} INFO - Sync 1 DAGs
[2024-05-29T01:10:12.543+0000] {logging_mixin.py:188} INFO - [2024-05-29T01:10:12.543+0000] {dag.py:3954} INFO - Setting next_dagrun for example_sla_dag to 2024-05-29 01:08:00+00:00, run_after=2024-05-29 01:10:00+00:00
[2024-05-29T01:10:12.577+0000] {processor.py:183} INFO - Processing /home/airflow/.local/lib/python3.12/site-packages/airflow/example_dags/example_sla_dag.py took 0.143 seconds
[2024-05-29T01:10:42.619+0000] {processor.py:161} INFO - Started process (PID=194) to work on /home/airflow/.local/lib/python3.12/site-packages/airflow/example_dags/example_sla_dag.py
[2024-05-29T01:10:42.621+0000] {processor.py:830} INFO - Processing file /home/airflow/.local/lib/python3.12/site-packages/airflow/example_dags/example_sla_dag.py for tasks to queue
[2024-05-29T01:10:42.623+0000] {logging_mixin.py:188} INFO - [2024-05-29T01:10:42.623+0000] {dagbag.py:545} INFO - Filling up the DagBag from /home/airflow/.local/lib/python3.12/site-packages/airflow/example_dags/example_sla_dag.py
[2024-05-29T01:10:42.634+0000] {processor.py:840} INFO - DAG(s) 'example_sla_dag' retrieved from /home/airflow/.local/lib/python3.12/site-packages/airflow/example_dags/example_sla_dag.py
[2024-05-29T01:10:42.665+0000] {logging_mixin.py:188} INFO - [2024-05-29T01:10:42.665+0000] {dag.py:3096} INFO - Sync 1 DAGs
[2024-05-29T01:10:42.710+0000] {logging_mixin.py:188} INFO - [2024-05-29T01:10:42.710+0000] {dag.py:3954} INFO - Setting next_dagrun for example_sla_dag to 2024-05-29 01:08:00+00:00, run_after=2024-05-29 01:10:00+00:00
[2024-05-29T01:10:42.737+0000] {processor.py:183} INFO - Processing /home/airflow/.local/lib/python3.12/site-packages/airflow/example_dags/example_sla_dag.py took 0.127 seconds
[2024-05-29T01:11:13.256+0000] {processor.py:161} INFO - Started process (PID=254) to work on /home/airflow/.local/lib/python3.12/site-packages/airflow/example_dags/example_sla_dag.py
[2024-05-29T01:11:13.257+0000] {processor.py:830} INFO - Processing file /home/airflow/.local/lib/python3.12/site-packages/airflow/example_dags/example_sla_dag.py for tasks to queue
[2024-05-29T01:11:13.260+0000] {logging_mixin.py:188} INFO - [2024-05-29T01:11:13.259+0000] {dagbag.py:545} INFO - Filling up the DagBag from /home/airflow/.local/lib/python3.12/site-packages/airflow/example_dags/example_sla_dag.py
[2024-05-29T01:11:13.269+0000] {processor.py:840} INFO - DAG(s) 'example_sla_dag' retrieved from /home/airflow/.local/lib/python3.12/site-packages/airflow/example_dags/example_sla_dag.py
[2024-05-29T01:11:13.295+0000] {logging_mixin.py:188} INFO - [2024-05-29T01:11:13.294+0000] {dag.py:3096} INFO - Sync 1 DAGs
[2024-05-29T01:11:13.326+0000] {logging_mixin.py:188} INFO - [2024-05-29T01:11:13.326+0000] {dag.py:3954} INFO - Setting next_dagrun for example_sla_dag to 2024-05-29 01:08:00+00:00, run_after=2024-05-29 01:10:00+00:00
[2024-05-29T01:11:13.351+0000] {processor.py:183} INFO - Processing /home/airflow/.local/lib/python3.12/site-packages/airflow/example_dags/example_sla_dag.py took 0.103 seconds
[2024-05-29T01:11:44.413+0000] {processor.py:161} INFO - Started process (PID=315) to work on /home/airflow/.local/lib/python3.12/site-packages/airflow/example_dags/example_sla_dag.py
[2024-05-29T01:11:44.416+0000] {processor.py:830} INFO - Processing file /home/airflow/.local/lib/python3.12/site-packages/airflow/example_dags/example_sla_dag.py for tasks to queue
[2024-05-29T01:11:44.421+0000] {logging_mixin.py:188} INFO - [2024-05-29T01:11:44.420+0000] {dagbag.py:545} INFO - Filling up the DagBag from /home/airflow/.local/lib/python3.12/site-packages/airflow/example_dags/example_sla_dag.py
[2024-05-29T01:11:44.440+0000] {processor.py:840} INFO - DAG(s) 'example_sla_dag' retrieved from /home/airflow/.local/lib/python3.12/site-packages/airflow/example_dags/example_sla_dag.py
[2024-05-29T01:11:44.487+0000] {logging_mixin.py:188} INFO - [2024-05-29T01:11:44.487+0000] {dag.py:3096} INFO - Sync 1 DAGs
[2024-05-29T01:11:44.538+0000] {logging_mixin.py:188} INFO - [2024-05-29T01:11:44.538+0000] {dag.py:3954} INFO - Setting next_dagrun for example_sla_dag to 2024-05-29 01:08:00+00:00, run_after=2024-05-29 01:10:00+00:00
[2024-05-29T01:11:44.577+0000] {processor.py:183} INFO - Processing /home/airflow/.local/lib/python3.12/site-packages/airflow/example_dags/example_sla_dag.py took 0.172 seconds
[2024-05-29T01:12:14.844+0000] {processor.py:161} INFO - Started process (PID=375) to work on /home/airflow/.local/lib/python3.12/site-packages/airflow/example_dags/example_sla_dag.py
[2024-05-29T01:12:14.845+0000] {processor.py:830} INFO - Processing file /home/airflow/.local/lib/python3.12/site-packages/airflow/example_dags/example_sla_dag.py for tasks to queue
[2024-05-29T01:12:14.848+0000] {logging_mixin.py:188} INFO - [2024-05-29T01:12:14.847+0000] {dagbag.py:545} INFO - Filling up the DagBag from /home/airflow/.local/lib/python3.12/site-packages/airflow/example_dags/example_sla_dag.py
[2024-05-29T01:12:14.862+0000] {processor.py:840} INFO - DAG(s) 'example_sla_dag' retrieved from /home/airflow/.local/lib/python3.12/site-packages/airflow/example_dags/example_sla_dag.py
[2024-05-29T01:12:14.891+0000] {logging_mixin.py:188} INFO - [2024-05-29T01:12:14.891+0000] {dag.py:3096} INFO - Sync 1 DAGs
[2024-05-29T01:12:14.929+0000] {logging_mixin.py:188} INFO - [2024-05-29T01:12:14.928+0000] {dag.py:3954} INFO - Setting next_dagrun for example_sla_dag to 2024-05-29 01:10:00+00:00, run_after=2024-05-29 01:12:00+00:00
[2024-05-29T01:12:14.957+0000] {processor.py:183} INFO - Processing /home/airflow/.local/lib/python3.12/site-packages/airflow/example_dags/example_sla_dag.py took 0.123 seconds
[2024-05-29T01:12:45.060+0000] {processor.py:161} INFO - Started process (PID=435) to work on /home/airflow/.local/lib/python3.12/site-packages/airflow/example_dags/example_sla_dag.py
[2024-05-29T01:12:45.062+0000] {processor.py:830} INFO - Processing file /home/airflow/.local/lib/python3.12/site-packages/airflow/example_dags/example_sla_dag.py for tasks to queue
[2024-05-29T01:12:45.065+0000] {logging_mixin.py:188} INFO - [2024-05-29T01:12:45.065+0000] {dagbag.py:545} INFO - Filling up the DagBag from /home/airflow/.local/lib/python3.12/site-packages/airflow/example_dags/example_sla_dag.py
[2024-05-29T01:12:45.077+0000] {processor.py:840} INFO - DAG(s) 'example_sla_dag' retrieved from /home/airflow/.local/lib/python3.12/site-packages/airflow/example_dags/example_sla_dag.py
[2024-05-29T01:12:45.100+0000] {logging_mixin.py:188} INFO - [2024-05-29T01:12:45.100+0000] {dag.py:3096} INFO - Sync 1 DAGs
[2024-05-29T01:12:45.133+0000] {logging_mixin.py:188} INFO - [2024-05-29T01:12:45.132+0000] {dag.py:3954} INFO - Setting next_dagrun for example_sla_dag to 2024-05-29 01:10:00+00:00, run_after=2024-05-29 01:12:00+00:00
[2024-05-29T01:12:45.158+0000] {processor.py:183} INFO - Processing /home/airflow/.local/lib/python3.12/site-packages/airflow/example_dags/example_sla_dag.py took 0.107 seconds
[2024-05-29T01:13:15.641+0000] {processor.py:161} INFO - Started process (PID=495) to work on /home/airflow/.local/lib/python3.12/site-packages/airflow/example_dags/example_sla_dag.py
[2024-05-29T01:13:15.643+0000] {processor.py:830} INFO - Processing file /home/airflow/.local/lib/python3.12/site-packages/airflow/example_dags/example_sla_dag.py for tasks to queue
[2024-05-29T01:13:15.646+0000] {logging_mixin.py:188} INFO - [2024-05-29T01:13:15.645+0000] {dagbag.py:545} INFO - Filling up the DagBag from /home/airflow/.local/lib/python3.12/site-packages/airflow/example_dags/example_sla_dag.py
[2024-05-29T01:13:15.657+0000] {processor.py:840} INFO - DAG(s) 'example_sla_dag' retrieved from /home/airflow/.local/lib/python3.12/site-packages/airflow/example_dags/example_sla_dag.py
[2024-05-29T01:13:15.684+0000] {logging_mixin.py:188} INFO - [2024-05-29T01:13:15.684+0000] {dag.py:3096} INFO - Sync 1 DAGs
[2024-05-29T01:13:15.721+0000] {logging_mixin.py:188} INFO - [2024-05-29T01:13:15.721+0000] {dag.py:3954} INFO - Setting next_dagrun for example_sla_dag to 2024-05-29 01:10:00+00:00, run_after=2024-05-29 01:12:00+00:00
[2024-05-29T01:13:15.744+0000] {processor.py:183} INFO - Processing /home/airflow/.local/lib/python3.12/site-packages/airflow/example_dags/example_sla_dag.py took 0.110 seconds
[2024-05-29T01:13:46.201+0000] {processor.py:161} INFO - Started process (PID=555) to work on /home/airflow/.local/lib/python3.12/site-packages/airflow/example_dags/example_sla_dag.py
[2024-05-29T01:13:46.202+0000] {processor.py:830} INFO - Processing file /home/airflow/.local/lib/python3.12/site-packages/airflow/example_dags/example_sla_dag.py for tasks to queue
[2024-05-29T01:13:46.205+0000] {logging_mixin.py:188} INFO - [2024-05-29T01:13:46.204+0000] {dagbag.py:545} INFO - Filling up the DagBag from /home/airflow/.local/lib/python3.12/site-packages/airflow/example_dags/example_sla_dag.py
[2024-05-29T01:13:46.215+0000] {processor.py:840} INFO - DAG(s) 'example_sla_dag' retrieved from /home/airflow/.local/lib/python3.12/site-packages/airflow/example_dags/example_sla_dag.py
[2024-05-29T01:13:46.238+0000] {logging_mixin.py:188} INFO - [2024-05-29T01:13:46.238+0000] {dag.py:3096} INFO - Sync 1 DAGs
[2024-05-29T01:13:46.269+0000] {logging_mixin.py:188} INFO - [2024-05-29T01:13:46.268+0000] {dag.py:3954} INFO - Setting next_dagrun for example_sla_dag to 2024-05-29 01:10:00+00:00, run_after=2024-05-29 01:12:00+00:00
[2024-05-29T01:13:46.290+0000] {processor.py:183} INFO - Processing /home/airflow/.local/lib/python3.12/site-packages/airflow/example_dags/example_sla_dag.py took 0.095 seconds
[2024-05-29T01:14:16.492+0000] {processor.py:161} INFO - Started process (PID=615) to work on /home/airflow/.local/lib/python3.12/site-packages/airflow/example_dags/example_sla_dag.py
[2024-05-29T01:14:16.494+0000] {processor.py:830} INFO - Processing file /home/airflow/.local/lib/python3.12/site-packages/airflow/example_dags/example_sla_dag.py for tasks to queue
[2024-05-29T01:14:16.496+0000] {logging_mixin.py:188} INFO - [2024-05-29T01:14:16.496+0000] {dagbag.py:545} INFO - Filling up the DagBag from /home/airflow/.local/lib/python3.12/site-packages/airflow/example_dags/example_sla_dag.py
[2024-05-29T01:14:16.505+0000] {processor.py:840} INFO - DAG(s) 'example_sla_dag' retrieved from /home/airflow/.local/lib/python3.12/site-packages/airflow/example_dags/example_sla_dag.py
[2024-05-29T01:14:16.527+0000] {logging_mixin.py:188} INFO - [2024-05-29T01:14:16.527+0000] {dag.py:3096} INFO - Sync 1 DAGs
[2024-05-29T01:14:16.557+0000] {logging_mixin.py:188} INFO - [2024-05-29T01:14:16.557+0000] {dag.py:3954} INFO - Setting next_dagrun for example_sla_dag to 2024-05-29 01:12:00+00:00, run_after=2024-05-29 01:14:00+00:00
[2024-05-29T01:14:16.581+0000] {processor.py:183} INFO - Processing /home/airflow/.local/lib/python3.12/site-packages/airflow/example_dags/example_sla_dag.py took 0.096 seconds
[2024-05-29T01:14:47.034+0000] {processor.py:161} INFO - Started process (PID=675) to work on /home/airflow/.local/lib/python3.12/site-packages/airflow/example_dags/example_sla_dag.py
[2024-05-29T01:14:47.035+0000] {processor.py:830} INFO - Processing file /home/airflow/.local/lib/python3.12/site-packages/airflow/example_dags/example_sla_dag.py for tasks to queue
[2024-05-29T01:14:47.038+0000] {logging_mixin.py:188} INFO - [2024-05-29T01:14:47.037+0000] {dagbag.py:545} INFO - Filling up the DagBag from /home/airflow/.local/lib/python3.12/site-packages/airflow/example_dags/example_sla_dag.py
[2024-05-29T01:14:47.051+0000] {processor.py:840} INFO - DAG(s) 'example_sla_dag' retrieved from /home/airflow/.local/lib/python3.12/site-packages/airflow/example_dags/example_sla_dag.py
[2024-05-29T01:14:47.077+0000] {logging_mixin.py:188} INFO - [2024-05-29T01:14:47.077+0000] {dag.py:3096} INFO - Sync 1 DAGs
[2024-05-29T01:14:47.128+0000] {logging_mixin.py:188} INFO - [2024-05-29T01:14:47.128+0000] {dag.py:3954} INFO - Setting next_dagrun for example_sla_dag to 2024-05-29 01:12:00+00:00, run_after=2024-05-29 01:14:00+00:00
[2024-05-29T01:14:47.158+0000] {processor.py:183} INFO - Processing /home/airflow/.local/lib/python3.12/site-packages/airflow/example_dags/example_sla_dag.py took 0.133 seconds
[2024-05-29T01:15:17.835+0000] {processor.py:161} INFO - Started process (PID=735) to work on /home/airflow/.local/lib/python3.12/site-packages/airflow/example_dags/example_sla_dag.py
[2024-05-29T01:15:17.837+0000] {processor.py:830} INFO - Processing file /home/airflow/.local/lib/python3.12/site-packages/airflow/example_dags/example_sla_dag.py for tasks to queue
[2024-05-29T01:15:17.839+0000] {logging_mixin.py:188} INFO - [2024-05-29T01:15:17.838+0000] {dagbag.py:545} INFO - Filling up the DagBag from /home/airflow/.local/lib/python3.12/site-packages/airflow/example_dags/example_sla_dag.py
[2024-05-29T01:15:17.849+0000] {processor.py:840} INFO - DAG(s) 'example_sla_dag' retrieved from /home/airflow/.local/lib/python3.12/site-packages/airflow/example_dags/example_sla_dag.py
[2024-05-29T01:15:17.869+0000] {logging_mixin.py:188} INFO - [2024-05-29T01:15:17.869+0000] {dag.py:3096} INFO - Sync 1 DAGs
[2024-05-29T01:15:17.895+0000] {logging_mixin.py:188} INFO - [2024-05-29T01:15:17.894+0000] {dag.py:3954} INFO - Setting next_dagrun for example_sla_dag to 2024-05-29 01:12:00+00:00, run_after=2024-05-29 01:14:00+00:00
[2024-05-29T01:15:17.915+0000] {processor.py:183} INFO - Processing /home/airflow/.local/lib/python3.12/site-packages/airflow/example_dags/example_sla_dag.py took 0.087 seconds
[2024-05-29T01:15:48.488+0000] {processor.py:161} INFO - Started process (PID=795) to work on /home/airflow/.local/lib/python3.12/site-packages/airflow/example_dags/example_sla_dag.py
[2024-05-29T01:15:48.489+0000] {processor.py:830} INFO - Processing file /home/airflow/.local/lib/python3.12/site-packages/airflow/example_dags/example_sla_dag.py for tasks to queue
[2024-05-29T01:15:48.492+0000] {logging_mixin.py:188} INFO - [2024-05-29T01:15:48.492+0000] {dagbag.py:545} INFO - Filling up the DagBag from /home/airflow/.local/lib/python3.12/site-packages/airflow/example_dags/example_sla_dag.py
[2024-05-29T01:15:48.503+0000] {processor.py:840} INFO - DAG(s) 'example_sla_dag' retrieved from /home/airflow/.local/lib/python3.12/site-packages/airflow/example_dags/example_sla_dag.py
[2024-05-29T01:15:48.528+0000] {logging_mixin.py:188} INFO - [2024-05-29T01:15:48.528+0000] {dag.py:3096} INFO - Sync 1 DAGs
[2024-05-29T01:15:48.554+0000] {logging_mixin.py:188} INFO - [2024-05-29T01:15:48.553+0000] {dag.py:3954} INFO - Setting next_dagrun for example_sla_dag to 2024-05-29 01:12:00+00:00, run_after=2024-05-29 01:14:00+00:00
[2024-05-29T01:15:48.576+0000] {processor.py:183} INFO - Processing /home/airflow/.local/lib/python3.12/site-packages/airflow/example_dags/example_sla_dag.py took 0.096 seconds
[2024-05-29T01:16:18.944+0000] {processor.py:161} INFO - Started process (PID=855) to work on /home/airflow/.local/lib/python3.12/site-packages/airflow/example_dags/example_sla_dag.py
[2024-05-29T01:16:18.945+0000] {processor.py:830} INFO - Processing file /home/airflow/.local/lib/python3.12/site-packages/airflow/example_dags/example_sla_dag.py for tasks to queue
[2024-05-29T01:16:18.947+0000] {logging_mixin.py:188} INFO - [2024-05-29T01:16:18.947+0000] {dagbag.py:545} INFO - Filling up the DagBag from /home/airflow/.local/lib/python3.12/site-packages/airflow/example_dags/example_sla_dag.py
[2024-05-29T01:16:18.956+0000] {processor.py:840} INFO - DAG(s) 'example_sla_dag' retrieved from /home/airflow/.local/lib/python3.12/site-packages/airflow/example_dags/example_sla_dag.py
[2024-05-29T01:16:18.978+0000] {logging_mixin.py:188} INFO - [2024-05-29T01:16:18.978+0000] {dag.py:3096} INFO - Sync 1 DAGs
[2024-05-29T01:16:19.004+0000] {logging_mixin.py:188} INFO - [2024-05-29T01:16:19.004+0000] {dag.py:3954} INFO - Setting next_dagrun for example_sla_dag to 2024-05-29 01:14:00+00:00, run_after=2024-05-29 01:16:00+00:00
[2024-05-29T01:16:19.030+0000] {processor.py:183} INFO - Processing /home/airflow/.local/lib/python3.12/site-packages/airflow/example_dags/example_sla_dag.py took 0.092 seconds
[2024-05-29T01:16:49.354+0000] {processor.py:161} INFO - Started process (PID=917) to work on /home/airflow/.local/lib/python3.12/site-packages/airflow/example_dags/example_sla_dag.py
[2024-05-29T01:16:49.355+0000] {processor.py:830} INFO - Processing file /home/airflow/.local/lib/python3.12/site-packages/airflow/example_dags/example_sla_dag.py for tasks to queue
[2024-05-29T01:16:49.357+0000] {logging_mixin.py:188} INFO - [2024-05-29T01:16:49.357+0000] {dagbag.py:545} INFO - Filling up the DagBag from /home/airflow/.local/lib/python3.12/site-packages/airflow/example_dags/example_sla_dag.py
[2024-05-29T01:16:49.366+0000] {processor.py:840} INFO - DAG(s) 'example_sla_dag' retrieved from /home/airflow/.local/lib/python3.12/site-packages/airflow/example_dags/example_sla_dag.py
[2024-05-29T01:16:49.391+0000] {logging_mixin.py:188} INFO - [2024-05-29T01:16:49.390+0000] {dag.py:3096} INFO - Sync 1 DAGs
[2024-05-29T01:16:49.419+0000] {logging_mixin.py:188} INFO - [2024-05-29T01:16:49.419+0000] {dag.py:3954} INFO - Setting next_dagrun for example_sla_dag to 2024-05-29 01:14:00+00:00, run_after=2024-05-29 01:16:00+00:00
[2024-05-29T01:16:49.441+0000] {processor.py:183} INFO - Processing /home/airflow/.local/lib/python3.12/site-packages/airflow/example_dags/example_sla_dag.py took 0.094 seconds
[2024-05-29T01:17:20.311+0000] {processor.py:161} INFO - Started process (PID=978) to work on /home/airflow/.local/lib/python3.12/site-packages/airflow/example_dags/example_sla_dag.py
[2024-05-29T01:17:20.312+0000] {processor.py:830} INFO - Processing file /home/airflow/.local/lib/python3.12/site-packages/airflow/example_dags/example_sla_dag.py for tasks to queue
[2024-05-29T01:17:20.315+0000] {logging_mixin.py:188} INFO - [2024-05-29T01:17:20.314+0000] {dagbag.py:545} INFO - Filling up the DagBag from /home/airflow/.local/lib/python3.12/site-packages/airflow/example_dags/example_sla_dag.py
[2024-05-29T01:17:20.328+0000] {processor.py:840} INFO - DAG(s) 'example_sla_dag' retrieved from /home/airflow/.local/lib/python3.12/site-packages/airflow/example_dags/example_sla_dag.py
[2024-05-29T01:17:20.356+0000] {logging_mixin.py:188} INFO - [2024-05-29T01:17:20.355+0000] {dag.py:3096} INFO - Sync 1 DAGs
[2024-05-29T01:17:20.393+0000] {logging_mixin.py:188} INFO - [2024-05-29T01:17:20.393+0000] {dag.py:3954} INFO - Setting next_dagrun for example_sla_dag to 2024-05-29 01:14:00+00:00, run_after=2024-05-29 01:16:00+00:00
[2024-05-29T01:17:20.419+0000] {processor.py:183} INFO - Processing /home/airflow/.local/lib/python3.12/site-packages/airflow/example_dags/example_sla_dag.py took 0.115 seconds
[2024-05-29T01:17:51.034+0000] {processor.py:161} INFO - Started process (PID=1040) to work on /home/airflow/.local/lib/python3.12/site-packages/airflow/example_dags/example_sla_dag.py
[2024-05-29T01:17:51.036+0000] {processor.py:830} INFO - Processing file /home/airflow/.local/lib/python3.12/site-packages/airflow/example_dags/example_sla_dag.py for tasks to queue
[2024-05-29T01:17:51.038+0000] {logging_mixin.py:188} INFO - [2024-05-29T01:17:51.038+0000] {dagbag.py:545} INFO - Filling up the DagBag from /home/airflow/.local/lib/python3.12/site-packages/airflow/example_dags/example_sla_dag.py
[2024-05-29T01:17:51.048+0000] {processor.py:840} INFO - DAG(s) 'example_sla_dag' retrieved from /home/airflow/.local/lib/python3.12/site-packages/airflow/example_dags/example_sla_dag.py
[2024-05-29T01:17:51.069+0000] {logging_mixin.py:188} INFO - [2024-05-29T01:17:51.069+0000] {dag.py:3096} INFO - Sync 1 DAGs
[2024-05-29T01:17:51.100+0000] {logging_mixin.py:188} INFO - [2024-05-29T01:17:51.099+0000] {dag.py:3954} INFO - Setting next_dagrun for example_sla_dag to 2024-05-29 01:14:00+00:00, run_after=2024-05-29 01:16:00+00:00
[2024-05-29T01:17:51.122+0000] {processor.py:183} INFO - Processing /home/airflow/.local/lib/python3.12/site-packages/airflow/example_dags/example_sla_dag.py took 0.093 seconds
[2024-05-29T01:18:21.439+0000] {processor.py:161} INFO - Started process (PID=1100) to work on /home/airflow/.local/lib/python3.12/site-packages/airflow/example_dags/example_sla_dag.py
[2024-05-29T01:18:21.441+0000] {processor.py:830} INFO - Processing file /home/airflow/.local/lib/python3.12/site-packages/airflow/example_dags/example_sla_dag.py for tasks to queue
[2024-05-29T01:18:21.444+0000] {logging_mixin.py:188} INFO - [2024-05-29T01:18:21.443+0000] {dagbag.py:545} INFO - Filling up the DagBag from /home/airflow/.local/lib/python3.12/site-packages/airflow/example_dags/example_sla_dag.py
[2024-05-29T01:18:21.452+0000] {processor.py:840} INFO - DAG(s) 'example_sla_dag' retrieved from /home/airflow/.local/lib/python3.12/site-packages/airflow/example_dags/example_sla_dag.py
[2024-05-29T01:18:21.478+0000] {logging_mixin.py:188} INFO - [2024-05-29T01:18:21.478+0000] {dag.py:3096} INFO - Sync 1 DAGs
[2024-05-29T01:18:21.508+0000] {logging_mixin.py:188} INFO - [2024-05-29T01:18:21.508+0000] {dag.py:3954} INFO - Setting next_dagrun for example_sla_dag to 2024-05-29 01:16:00+00:00, run_after=2024-05-29 01:18:00+00:00
[2024-05-29T01:18:21.533+0000] {processor.py:183} INFO - Processing /home/airflow/.local/lib/python3.12/site-packages/airflow/example_dags/example_sla_dag.py took 0.101 seconds
[2024-05-29T01:18:51.736+0000] {processor.py:161} INFO - Started process (PID=1162) to work on /home/airflow/.local/lib/python3.12/site-packages/airflow/example_dags/example_sla_dag.py
[2024-05-29T01:18:51.737+0000] {processor.py:830} INFO - Processing file /home/airflow/.local/lib/python3.12/site-packages/airflow/example_dags/example_sla_dag.py for tasks to queue
[2024-05-29T01:18:51.740+0000] {logging_mixin.py:188} INFO - [2024-05-29T01:18:51.739+0000] {dagbag.py:545} INFO - Filling up the DagBag from /home/airflow/.local/lib/python3.12/site-packages/airflow/example_dags/example_sla_dag.py
[2024-05-29T01:18:51.754+0000] {processor.py:840} INFO - DAG(s) 'example_sla_dag' retrieved from /home/airflow/.local/lib/python3.12/site-packages/airflow/example_dags/example_sla_dag.py
[2024-05-29T01:18:51.780+0000] {logging_mixin.py:188} INFO - [2024-05-29T01:18:51.779+0000] {dag.py:3096} INFO - Sync 1 DAGs
[2024-05-29T01:18:51.805+0000] {logging_mixin.py:188} INFO - [2024-05-29T01:18:51.805+0000] {dag.py:3954} INFO - Setting next_dagrun for example_sla_dag to 2024-05-29 01:16:00+00:00, run_after=2024-05-29 01:18:00+00:00
[2024-05-29T01:18:51.830+0000] {processor.py:183} INFO - Processing /home/airflow/.local/lib/python3.12/site-packages/airflow/example_dags/example_sla_dag.py took 0.101 seconds
[2024-05-29T01:19:23.061+0000] {processor.py:161} INFO - Started process (PID=1222) to work on /home/airflow/.local/lib/python3.12/site-packages/airflow/example_dags/example_sla_dag.py
[2024-05-29T01:19:23.062+0000] {processor.py:830} INFO - Processing file /home/airflow/.local/lib/python3.12/site-packages/airflow/example_dags/example_sla_dag.py for tasks to queue
[2024-05-29T01:19:23.064+0000] {logging_mixin.py:188} INFO - [2024-05-29T01:19:23.064+0000] {dagbag.py:545} INFO - Filling up the DagBag from /home/airflow/.local/lib/python3.12/site-packages/airflow/example_dags/example_sla_dag.py
[2024-05-29T01:19:23.072+0000] {processor.py:840} INFO - DAG(s) 'example_sla_dag' retrieved from /home/airflow/.local/lib/python3.12/site-packages/airflow/example_dags/example_sla_dag.py
[2024-05-29T01:19:23.094+0000] {logging_mixin.py:188} INFO - [2024-05-29T01:19:23.094+0000] {dag.py:3096} INFO - Sync 1 DAGs
[2024-05-29T01:19:23.121+0000] {logging_mixin.py:188} INFO - [2024-05-29T01:19:23.121+0000] {dag.py:3954} INFO - Setting next_dagrun for example_sla_dag to 2024-05-29 01:16:00+00:00, run_after=2024-05-29 01:18:00+00:00
[2024-05-29T01:19:23.141+0000] {processor.py:183} INFO - Processing /home/airflow/.local/lib/python3.12/site-packages/airflow/example_dags/example_sla_dag.py took 0.088 seconds
[2024-05-29T01:19:53.518+0000] {processor.py:161} INFO - Started process (PID=1282) to work on /home/airflow/.local/lib/python3.12/site-packages/airflow/example_dags/example_sla_dag.py
[2024-05-29T01:19:53.519+0000] {processor.py:830} INFO - Processing file /home/airflow/.local/lib/python3.12/site-packages/airflow/example_dags/example_sla_dag.py for tasks to queue
[2024-05-29T01:19:53.521+0000] {logging_mixin.py:188} INFO - [2024-05-29T01:19:53.521+0000] {dagbag.py:545} INFO - Filling up the DagBag from /home/airflow/.local/lib/python3.12/site-packages/airflow/example_dags/example_sla_dag.py
[2024-05-29T01:19:53.530+0000] {processor.py:840} INFO - DAG(s) 'example_sla_dag' retrieved from /home/airflow/.local/lib/python3.12/site-packages/airflow/example_dags/example_sla_dag.py
[2024-05-29T01:19:53.553+0000] {logging_mixin.py:188} INFO - [2024-05-29T01:19:53.552+0000] {dag.py:3096} INFO - Sync 1 DAGs
[2024-05-29T01:19:53.575+0000] {logging_mixin.py:188} INFO - [2024-05-29T01:19:53.575+0000] {dag.py:3954} INFO - Setting next_dagrun for example_sla_dag to 2024-05-29 01:16:00+00:00, run_after=2024-05-29 01:18:00+00:00
[2024-05-29T01:19:53.603+0000] {processor.py:183} INFO - Processing /home/airflow/.local/lib/python3.12/site-packages/airflow/example_dags/example_sla_dag.py took 0.091 seconds
[2024-05-29T01:20:23.941+0000] {processor.py:161} INFO - Started process (PID=1342) to work on /home/airflow/.local/lib/python3.12/site-packages/airflow/example_dags/example_sla_dag.py
[2024-05-29T01:20:23.943+0000] {processor.py:830} INFO - Processing file /home/airflow/.local/lib/python3.12/site-packages/airflow/example_dags/example_sla_dag.py for tasks to queue
[2024-05-29T01:20:23.945+0000] {logging_mixin.py:188} INFO - [2024-05-29T01:20:23.945+0000] {dagbag.py:545} INFO - Filling up the DagBag from /home/airflow/.local/lib/python3.12/site-packages/airflow/example_dags/example_sla_dag.py
[2024-05-29T01:20:23.954+0000] {processor.py:840} INFO - DAG(s) 'example_sla_dag' retrieved from /home/airflow/.local/lib/python3.12/site-packages/airflow/example_dags/example_sla_dag.py
[2024-05-29T01:20:23.975+0000] {logging_mixin.py:188} INFO - [2024-05-29T01:20:23.975+0000] {dag.py:3096} INFO - Sync 1 DAGs
[2024-05-29T01:20:23.999+0000] {logging_mixin.py:188} INFO - [2024-05-29T01:20:23.999+0000] {dag.py:3954} INFO - Setting next_dagrun for example_sla_dag to 2024-05-29 01:18:00+00:00, run_after=2024-05-29 01:20:00+00:00
[2024-05-29T01:20:24.022+0000] {processor.py:183} INFO - Processing /home/airflow/.local/lib/python3.12/site-packages/airflow/example_dags/example_sla_dag.py took 0.086 seconds
[2024-05-29T01:22:20.574+0000] {processor.py:161} INFO - Started process (PID=1408) to work on /home/airflow/.local/lib/python3.12/site-packages/airflow/example_dags/example_sla_dag.py
[2024-05-29T01:22:20.575+0000] {processor.py:830} INFO - Processing file /home/airflow/.local/lib/python3.12/site-packages/airflow/example_dags/example_sla_dag.py for tasks to queue
[2024-05-29T01:22:20.576+0000] {logging_mixin.py:188} INFO - [2024-05-29T01:22:20.576+0000] {dagbag.py:545} INFO - Filling up the DagBag from /home/airflow/.local/lib/python3.12/site-packages/airflow/example_dags/example_sla_dag.py
[2024-05-29T01:22:20.591+0000] {processor.py:840} INFO - DAG(s) 'example_sla_dag' retrieved from /home/airflow/.local/lib/python3.12/site-packages/airflow/example_dags/example_sla_dag.py
[2024-05-29T01:22:20.617+0000] {logging_mixin.py:188} INFO - [2024-05-29T01:22:20.617+0000] {dag.py:3096} INFO - Sync 1 DAGs
[2024-05-29T01:22:20.652+0000] {logging_mixin.py:188} INFO - [2024-05-29T01:22:20.651+0000] {dag.py:3954} INFO - Setting next_dagrun for example_sla_dag to 2024-05-29 01:20:00+00:00, run_after=2024-05-29 01:22:00+00:00
[2024-05-29T01:22:20.676+0000] {processor.py:183} INFO - Processing /home/airflow/.local/lib/python3.12/site-packages/airflow/example_dags/example_sla_dag.py took 0.109 seconds
[2024-05-29T01:22:51.959+0000] {processor.py:161} INFO - Started process (PID=1475) to work on /home/airflow/.local/lib/python3.12/site-packages/airflow/example_dags/example_sla_dag.py
[2024-05-29T01:22:51.960+0000] {processor.py:830} INFO - Processing file /home/airflow/.local/lib/python3.12/site-packages/airflow/example_dags/example_sla_dag.py for tasks to queue
[2024-05-29T01:22:51.962+0000] {logging_mixin.py:188} INFO - [2024-05-29T01:22:51.962+0000] {dagbag.py:545} INFO - Filling up the DagBag from /home/airflow/.local/lib/python3.12/site-packages/airflow/example_dags/example_sla_dag.py
[2024-05-29T01:22:51.972+0000] {processor.py:840} INFO - DAG(s) 'example_sla_dag' retrieved from /home/airflow/.local/lib/python3.12/site-packages/airflow/example_dags/example_sla_dag.py
[2024-05-29T01:22:51.997+0000] {logging_mixin.py:188} INFO - [2024-05-29T01:22:51.997+0000] {dag.py:3096} INFO - Sync 1 DAGs
[2024-05-29T01:22:52.030+0000] {logging_mixin.py:188} INFO - [2024-05-29T01:22:52.030+0000] {dag.py:3954} INFO - Setting next_dagrun for example_sla_dag to 2024-05-29 01:20:00+00:00, run_after=2024-05-29 01:22:00+00:00
[2024-05-29T01:22:52.057+0000] {processor.py:183} INFO - Processing /home/airflow/.local/lib/python3.12/site-packages/airflow/example_dags/example_sla_dag.py took 0.104 seconds
[2024-05-29T01:27:49.243+0000] {processor.py:161} INFO - Started process (PID=68) to work on /home/airflow/.local/lib/python3.12/site-packages/airflow/example_dags/example_sla_dag.py
[2024-05-29T01:27:49.248+0000] {processor.py:830} INFO - Processing file /home/airflow/.local/lib/python3.12/site-packages/airflow/example_dags/example_sla_dag.py for tasks to queue
[2024-05-29T01:27:49.271+0000] {logging_mixin.py:188} INFO - [2024-05-29T01:27:49.271+0000] {dagbag.py:545} INFO - Filling up the DagBag from /home/airflow/.local/lib/python3.12/site-packages/airflow/example_dags/example_sla_dag.py
[2024-05-29T01:27:49.386+0000] {processor.py:840} INFO - DAG(s) 'example_sla_dag' retrieved from /home/airflow/.local/lib/python3.12/site-packages/airflow/example_dags/example_sla_dag.py
[2024-05-29T01:27:49.440+0000] {logging_mixin.py:188} INFO - [2024-05-29T01:27:49.439+0000] {dag.py:3096} INFO - Sync 1 DAGs
[2024-05-29T01:27:49.523+0000] {logging_mixin.py:188} INFO - [2024-05-29T01:27:49.522+0000] {dag.py:3954} INFO - Setting next_dagrun for example_sla_dag to 2024-05-29 01:24:00+00:00, run_after=2024-05-29 01:26:00+00:00
[2024-05-29T01:27:49.604+0000] {processor.py:183} INFO - Processing /home/airflow/.local/lib/python3.12/site-packages/airflow/example_dags/example_sla_dag.py took 0.377 seconds
