[2024-05-29T01:09:40.532+0000] {processor.py:161} INFO - Started process (PID=66) to work on /home/airflow/.local/lib/python3.12/site-packages/airflow/example_dags/example_kubernetes_executor.py
[2024-05-29T01:09:40.534+0000] {processor.py:830} INFO - Processing file /home/airflow/.local/lib/python3.12/site-packages/airflow/example_dags/example_kubernetes_executor.py for tasks to queue
[2024-05-29T01:09:40.537+0000] {logging_mixin.py:188} INFO - [2024-05-29T01:09:40.537+0000] {dagbag.py:545} INFO - Filling up the DagBag from /home/airflow/.local/lib/python3.12/site-packages/airflow/example_dags/example_kubernetes_executor.py
[2024-05-29T01:09:40.574+0000] {processor.py:840} INFO - DAG(s) 'example_kubernetes_executor' retrieved from /home/airflow/.local/lib/python3.12/site-packages/airflow/example_dags/example_kubernetes_executor.py
[2024-05-29T01:09:40.772+0000] {logging_mixin.py:188} INFO - [2024-05-29T01:09:40.771+0000] {override.py:1829} INFO - Created Permission View: can edit on DAG:example_kubernetes_executor
[2024-05-29T01:09:40.787+0000] {logging_mixin.py:188} INFO - [2024-05-29T01:09:40.786+0000] {override.py:1829} INFO - Created Permission View: can delete on DAG:example_kubernetes_executor
[2024-05-29T01:09:40.795+0000] {logging_mixin.py:188} INFO - [2024-05-29T01:09:40.795+0000] {override.py:1829} INFO - Created Permission View: can read on DAG:example_kubernetes_executor
[2024-05-29T01:09:40.796+0000] {logging_mixin.py:188} INFO - [2024-05-29T01:09:40.796+0000] {dag.py:3096} INFO - Sync 1 DAGs
[2024-05-29T01:09:40.814+0000] {logging_mixin.py:188} INFO - [2024-05-29T01:09:40.814+0000] {dag.py:3118} INFO - Creating ORM DAG for example_kubernetes_executor
[2024-05-29T01:09:40.816+0000] {logging_mixin.py:188} INFO - [2024-05-29T01:09:40.815+0000] {dag.py:3954} INFO - Setting next_dagrun for example_kubernetes_executor to None, run_after=None
[2024-05-29T01:09:40.847+0000] {processor.py:183} INFO - Processing /home/airflow/.local/lib/python3.12/site-packages/airflow/example_dags/example_kubernetes_executor.py took 0.324 seconds
[2024-05-29T01:10:11.343+0000] {processor.py:161} INFO - Started process (PID=126) to work on /home/airflow/.local/lib/python3.12/site-packages/airflow/example_dags/example_kubernetes_executor.py
[2024-05-29T01:10:11.345+0000] {processor.py:830} INFO - Processing file /home/airflow/.local/lib/python3.12/site-packages/airflow/example_dags/example_kubernetes_executor.py for tasks to queue
[2024-05-29T01:10:11.349+0000] {logging_mixin.py:188} INFO - [2024-05-29T01:10:11.348+0000] {dagbag.py:545} INFO - Filling up the DagBag from /home/airflow/.local/lib/python3.12/site-packages/airflow/example_dags/example_kubernetes_executor.py
[2024-05-29T01:10:11.379+0000] {processor.py:840} INFO - DAG(s) 'example_kubernetes_executor' retrieved from /home/airflow/.local/lib/python3.12/site-packages/airflow/example_dags/example_kubernetes_executor.py
[2024-05-29T01:10:11.518+0000] {logging_mixin.py:188} INFO - [2024-05-29T01:10:11.517+0000] {dag.py:3096} INFO - Sync 1 DAGs
[2024-05-29T01:10:11.562+0000] {logging_mixin.py:188} INFO - [2024-05-29T01:10:11.561+0000] {dag.py:3954} INFO - Setting next_dagrun for example_kubernetes_executor to None, run_after=None
[2024-05-29T01:10:11.595+0000] {processor.py:183} INFO - Processing /home/airflow/.local/lib/python3.12/site-packages/airflow/example_dags/example_kubernetes_executor.py took 0.261 seconds
[2024-05-29T01:10:41.762+0000] {processor.py:161} INFO - Started process (PID=186) to work on /home/airflow/.local/lib/python3.12/site-packages/airflow/example_dags/example_kubernetes_executor.py
[2024-05-29T01:10:41.763+0000] {processor.py:830} INFO - Processing file /home/airflow/.local/lib/python3.12/site-packages/airflow/example_dags/example_kubernetes_executor.py for tasks to queue
[2024-05-29T01:10:41.766+0000] {logging_mixin.py:188} INFO - [2024-05-29T01:10:41.766+0000] {dagbag.py:545} INFO - Filling up the DagBag from /home/airflow/.local/lib/python3.12/site-packages/airflow/example_dags/example_kubernetes_executor.py
[2024-05-29T01:10:41.785+0000] {processor.py:840} INFO - DAG(s) 'example_kubernetes_executor' retrieved from /home/airflow/.local/lib/python3.12/site-packages/airflow/example_dags/example_kubernetes_executor.py
[2024-05-29T01:10:41.849+0000] {logging_mixin.py:188} INFO - [2024-05-29T01:10:41.848+0000] {dag.py:3096} INFO - Sync 1 DAGs
[2024-05-29T01:10:41.877+0000] {logging_mixin.py:188} INFO - [2024-05-29T01:10:41.876+0000] {dag.py:3954} INFO - Setting next_dagrun for example_kubernetes_executor to None, run_after=None
[2024-05-29T01:10:41.911+0000] {processor.py:183} INFO - Processing /home/airflow/.local/lib/python3.12/site-packages/airflow/example_dags/example_kubernetes_executor.py took 0.158 seconds
[2024-05-29T01:11:12.515+0000] {processor.py:161} INFO - Started process (PID=246) to work on /home/airflow/.local/lib/python3.12/site-packages/airflow/example_dags/example_kubernetes_executor.py
[2024-05-29T01:11:12.517+0000] {processor.py:830} INFO - Processing file /home/airflow/.local/lib/python3.12/site-packages/airflow/example_dags/example_kubernetes_executor.py for tasks to queue
[2024-05-29T01:11:12.520+0000] {logging_mixin.py:188} INFO - [2024-05-29T01:11:12.520+0000] {dagbag.py:545} INFO - Filling up the DagBag from /home/airflow/.local/lib/python3.12/site-packages/airflow/example_dags/example_kubernetes_executor.py
[2024-05-29T01:11:12.535+0000] {processor.py:840} INFO - DAG(s) 'example_kubernetes_executor' retrieved from /home/airflow/.local/lib/python3.12/site-packages/airflow/example_dags/example_kubernetes_executor.py
[2024-05-29T01:11:12.586+0000] {logging_mixin.py:188} INFO - [2024-05-29T01:11:12.585+0000] {dag.py:3096} INFO - Sync 1 DAGs
[2024-05-29T01:11:12.602+0000] {logging_mixin.py:188} INFO - [2024-05-29T01:11:12.602+0000] {dag.py:3954} INFO - Setting next_dagrun for example_kubernetes_executor to None, run_after=None
[2024-05-29T01:11:12.629+0000] {processor.py:183} INFO - Processing /home/airflow/.local/lib/python3.12/site-packages/airflow/example_dags/example_kubernetes_executor.py took 0.121 seconds
[2024-05-29T01:11:43.311+0000] {processor.py:161} INFO - Started process (PID=307) to work on /home/airflow/.local/lib/python3.12/site-packages/airflow/example_dags/example_kubernetes_executor.py
[2024-05-29T01:11:43.320+0000] {processor.py:830} INFO - Processing file /home/airflow/.local/lib/python3.12/site-packages/airflow/example_dags/example_kubernetes_executor.py for tasks to queue
[2024-05-29T01:11:43.326+0000] {logging_mixin.py:188} INFO - [2024-05-29T01:11:43.325+0000] {dagbag.py:545} INFO - Filling up the DagBag from /home/airflow/.local/lib/python3.12/site-packages/airflow/example_dags/example_kubernetes_executor.py
[2024-05-29T01:11:43.374+0000] {processor.py:840} INFO - DAG(s) 'example_kubernetes_executor' retrieved from /home/airflow/.local/lib/python3.12/site-packages/airflow/example_dags/example_kubernetes_executor.py
[2024-05-29T01:11:43.477+0000] {logging_mixin.py:188} INFO - [2024-05-29T01:11:43.476+0000] {dag.py:3096} INFO - Sync 1 DAGs
[2024-05-29T01:11:43.510+0000] {logging_mixin.py:188} INFO - [2024-05-29T01:11:43.509+0000] {dag.py:3954} INFO - Setting next_dagrun for example_kubernetes_executor to None, run_after=None
[2024-05-29T01:11:43.551+0000] {processor.py:183} INFO - Processing /home/airflow/.local/lib/python3.12/site-packages/airflow/example_dags/example_kubernetes_executor.py took 0.252 seconds
[2024-05-29T01:12:14.108+0000] {processor.py:161} INFO - Started process (PID=367) to work on /home/airflow/.local/lib/python3.12/site-packages/airflow/example_dags/example_kubernetes_executor.py
[2024-05-29T01:12:14.110+0000] {processor.py:830} INFO - Processing file /home/airflow/.local/lib/python3.12/site-packages/airflow/example_dags/example_kubernetes_executor.py for tasks to queue
[2024-05-29T01:12:14.113+0000] {logging_mixin.py:188} INFO - [2024-05-29T01:12:14.112+0000] {dagbag.py:545} INFO - Filling up the DagBag from /home/airflow/.local/lib/python3.12/site-packages/airflow/example_dags/example_kubernetes_executor.py
[2024-05-29T01:12:14.130+0000] {processor.py:840} INFO - DAG(s) 'example_kubernetes_executor' retrieved from /home/airflow/.local/lib/python3.12/site-packages/airflow/example_dags/example_kubernetes_executor.py
[2024-05-29T01:12:14.188+0000] {logging_mixin.py:188} INFO - [2024-05-29T01:12:14.187+0000] {dag.py:3096} INFO - Sync 1 DAGs
[2024-05-29T01:12:14.215+0000] {logging_mixin.py:188} INFO - [2024-05-29T01:12:14.214+0000] {dag.py:3954} INFO - Setting next_dagrun for example_kubernetes_executor to None, run_after=None
[2024-05-29T01:12:14.250+0000] {processor.py:183} INFO - Processing /home/airflow/.local/lib/python3.12/site-packages/airflow/example_dags/example_kubernetes_executor.py took 0.151 seconds
[2024-05-29T01:12:44.442+0000] {processor.py:161} INFO - Started process (PID=427) to work on /home/airflow/.local/lib/python3.12/site-packages/airflow/example_dags/example_kubernetes_executor.py
[2024-05-29T01:12:44.444+0000] {processor.py:830} INFO - Processing file /home/airflow/.local/lib/python3.12/site-packages/airflow/example_dags/example_kubernetes_executor.py for tasks to queue
[2024-05-29T01:12:44.447+0000] {logging_mixin.py:188} INFO - [2024-05-29T01:12:44.447+0000] {dagbag.py:545} INFO - Filling up the DagBag from /home/airflow/.local/lib/python3.12/site-packages/airflow/example_dags/example_kubernetes_executor.py
[2024-05-29T01:12:44.468+0000] {processor.py:840} INFO - DAG(s) 'example_kubernetes_executor' retrieved from /home/airflow/.local/lib/python3.12/site-packages/airflow/example_dags/example_kubernetes_executor.py
[2024-05-29T01:12:44.519+0000] {logging_mixin.py:188} INFO - [2024-05-29T01:12:44.519+0000] {dag.py:3096} INFO - Sync 1 DAGs
[2024-05-29T01:12:44.535+0000] {logging_mixin.py:188} INFO - [2024-05-29T01:12:44.535+0000] {dag.py:3954} INFO - Setting next_dagrun for example_kubernetes_executor to None, run_after=None
[2024-05-29T01:12:44.564+0000] {processor.py:183} INFO - Processing /home/airflow/.local/lib/python3.12/site-packages/airflow/example_dags/example_kubernetes_executor.py took 0.131 seconds
[2024-05-29T01:13:15.038+0000] {processor.py:161} INFO - Started process (PID=487) to work on /home/airflow/.local/lib/python3.12/site-packages/airflow/example_dags/example_kubernetes_executor.py
[2024-05-29T01:13:15.039+0000] {processor.py:830} INFO - Processing file /home/airflow/.local/lib/python3.12/site-packages/airflow/example_dags/example_kubernetes_executor.py for tasks to queue
[2024-05-29T01:13:15.042+0000] {logging_mixin.py:188} INFO - [2024-05-29T01:13:15.041+0000] {dagbag.py:545} INFO - Filling up the DagBag from /home/airflow/.local/lib/python3.12/site-packages/airflow/example_dags/example_kubernetes_executor.py
[2024-05-29T01:13:15.056+0000] {processor.py:840} INFO - DAG(s) 'example_kubernetes_executor' retrieved from /home/airflow/.local/lib/python3.12/site-packages/airflow/example_dags/example_kubernetes_executor.py
[2024-05-29T01:13:15.113+0000] {logging_mixin.py:188} INFO - [2024-05-29T01:13:15.113+0000] {dag.py:3096} INFO - Sync 1 DAGs
[2024-05-29T01:13:15.132+0000] {logging_mixin.py:188} INFO - [2024-05-29T01:13:15.131+0000] {dag.py:3954} INFO - Setting next_dagrun for example_kubernetes_executor to None, run_after=None
[2024-05-29T01:13:15.161+0000] {processor.py:183} INFO - Processing /home/airflow/.local/lib/python3.12/site-packages/airflow/example_dags/example_kubernetes_executor.py took 0.131 seconds
[2024-05-29T01:13:45.745+0000] {processor.py:161} INFO - Started process (PID=547) to work on /home/airflow/.local/lib/python3.12/site-packages/airflow/example_dags/example_kubernetes_executor.py
[2024-05-29T01:13:45.746+0000] {processor.py:830} INFO - Processing file /home/airflow/.local/lib/python3.12/site-packages/airflow/example_dags/example_kubernetes_executor.py for tasks to queue
[2024-05-29T01:13:45.749+0000] {logging_mixin.py:188} INFO - [2024-05-29T01:13:45.748+0000] {dagbag.py:545} INFO - Filling up the DagBag from /home/airflow/.local/lib/python3.12/site-packages/airflow/example_dags/example_kubernetes_executor.py
[2024-05-29T01:13:45.760+0000] {processor.py:840} INFO - DAG(s) 'example_kubernetes_executor' retrieved from /home/airflow/.local/lib/python3.12/site-packages/airflow/example_dags/example_kubernetes_executor.py
[2024-05-29T01:13:45.803+0000] {logging_mixin.py:188} INFO - [2024-05-29T01:13:45.803+0000] {dag.py:3096} INFO - Sync 1 DAGs
[2024-05-29T01:13:45.816+0000] {logging_mixin.py:188} INFO - [2024-05-29T01:13:45.816+0000] {dag.py:3954} INFO - Setting next_dagrun for example_kubernetes_executor to None, run_after=None
[2024-05-29T01:13:45.840+0000] {processor.py:183} INFO - Processing /home/airflow/.local/lib/python3.12/site-packages/airflow/example_dags/example_kubernetes_executor.py took 0.102 seconds
[2024-05-29T01:14:15.998+0000] {processor.py:161} INFO - Started process (PID=607) to work on /home/airflow/.local/lib/python3.12/site-packages/airflow/example_dags/example_kubernetes_executor.py
[2024-05-29T01:14:15.999+0000] {processor.py:830} INFO - Processing file /home/airflow/.local/lib/python3.12/site-packages/airflow/example_dags/example_kubernetes_executor.py for tasks to queue
[2024-05-29T01:14:16.002+0000] {logging_mixin.py:188} INFO - [2024-05-29T01:14:16.001+0000] {dagbag.py:545} INFO - Filling up the DagBag from /home/airflow/.local/lib/python3.12/site-packages/airflow/example_dags/example_kubernetes_executor.py
[2024-05-29T01:14:16.017+0000] {processor.py:840} INFO - DAG(s) 'example_kubernetes_executor' retrieved from /home/airflow/.local/lib/python3.12/site-packages/airflow/example_dags/example_kubernetes_executor.py
[2024-05-29T01:14:16.074+0000] {logging_mixin.py:188} INFO - [2024-05-29T01:14:16.073+0000] {dag.py:3096} INFO - Sync 1 DAGs
[2024-05-29T01:14:16.094+0000] {logging_mixin.py:188} INFO - [2024-05-29T01:14:16.094+0000] {dag.py:3954} INFO - Setting next_dagrun for example_kubernetes_executor to None, run_after=None
[2024-05-29T01:14:16.131+0000] {processor.py:183} INFO - Processing /home/airflow/.local/lib/python3.12/site-packages/airflow/example_dags/example_kubernetes_executor.py took 0.139 seconds
[2024-05-29T01:14:46.437+0000] {processor.py:161} INFO - Started process (PID=667) to work on /home/airflow/.local/lib/python3.12/site-packages/airflow/example_dags/example_kubernetes_executor.py
[2024-05-29T01:14:46.439+0000] {processor.py:830} INFO - Processing file /home/airflow/.local/lib/python3.12/site-packages/airflow/example_dags/example_kubernetes_executor.py for tasks to queue
[2024-05-29T01:14:46.442+0000] {logging_mixin.py:188} INFO - [2024-05-29T01:14:46.442+0000] {dagbag.py:545} INFO - Filling up the DagBag from /home/airflow/.local/lib/python3.12/site-packages/airflow/example_dags/example_kubernetes_executor.py
[2024-05-29T01:14:46.457+0000] {processor.py:840} INFO - DAG(s) 'example_kubernetes_executor' retrieved from /home/airflow/.local/lib/python3.12/site-packages/airflow/example_dags/example_kubernetes_executor.py
[2024-05-29T01:14:46.510+0000] {logging_mixin.py:188} INFO - [2024-05-29T01:14:46.510+0000] {dag.py:3096} INFO - Sync 1 DAGs
[2024-05-29T01:14:46.528+0000] {logging_mixin.py:188} INFO - [2024-05-29T01:14:46.527+0000] {dag.py:3954} INFO - Setting next_dagrun for example_kubernetes_executor to None, run_after=None
[2024-05-29T01:14:46.556+0000] {processor.py:183} INFO - Processing /home/airflow/.local/lib/python3.12/site-packages/airflow/example_dags/example_kubernetes_executor.py took 0.128 seconds
[2024-05-29T01:15:17.360+0000] {processor.py:161} INFO - Started process (PID=727) to work on /home/airflow/.local/lib/python3.12/site-packages/airflow/example_dags/example_kubernetes_executor.py
[2024-05-29T01:15:17.361+0000] {processor.py:830} INFO - Processing file /home/airflow/.local/lib/python3.12/site-packages/airflow/example_dags/example_kubernetes_executor.py for tasks to queue
[2024-05-29T01:15:17.364+0000] {logging_mixin.py:188} INFO - [2024-05-29T01:15:17.363+0000] {dagbag.py:545} INFO - Filling up the DagBag from /home/airflow/.local/lib/python3.12/site-packages/airflow/example_dags/example_kubernetes_executor.py
[2024-05-29T01:15:17.381+0000] {processor.py:840} INFO - DAG(s) 'example_kubernetes_executor' retrieved from /home/airflow/.local/lib/python3.12/site-packages/airflow/example_dags/example_kubernetes_executor.py
[2024-05-29T01:15:17.429+0000] {logging_mixin.py:188} INFO - [2024-05-29T01:15:17.428+0000] {dag.py:3096} INFO - Sync 1 DAGs
[2024-05-29T01:15:17.442+0000] {logging_mixin.py:188} INFO - [2024-05-29T01:15:17.442+0000] {dag.py:3954} INFO - Setting next_dagrun for example_kubernetes_executor to None, run_after=None
[2024-05-29T01:15:17.465+0000] {processor.py:183} INFO - Processing /home/airflow/.local/lib/python3.12/site-packages/airflow/example_dags/example_kubernetes_executor.py took 0.111 seconds
[2024-05-29T01:15:48.011+0000] {processor.py:161} INFO - Started process (PID=787) to work on /home/airflow/.local/lib/python3.12/site-packages/airflow/example_dags/example_kubernetes_executor.py
[2024-05-29T01:15:48.013+0000] {processor.py:830} INFO - Processing file /home/airflow/.local/lib/python3.12/site-packages/airflow/example_dags/example_kubernetes_executor.py for tasks to queue
[2024-05-29T01:15:48.015+0000] {logging_mixin.py:188} INFO - [2024-05-29T01:15:48.015+0000] {dagbag.py:545} INFO - Filling up the DagBag from /home/airflow/.local/lib/python3.12/site-packages/airflow/example_dags/example_kubernetes_executor.py
[2024-05-29T01:15:48.027+0000] {processor.py:840} INFO - DAG(s) 'example_kubernetes_executor' retrieved from /home/airflow/.local/lib/python3.12/site-packages/airflow/example_dags/example_kubernetes_executor.py
[2024-05-29T01:15:48.072+0000] {logging_mixin.py:188} INFO - [2024-05-29T01:15:48.072+0000] {dag.py:3096} INFO - Sync 1 DAGs
[2024-05-29T01:15:48.087+0000] {logging_mixin.py:188} INFO - [2024-05-29T01:15:48.087+0000] {dag.py:3954} INFO - Setting next_dagrun for example_kubernetes_executor to None, run_after=None
[2024-05-29T01:15:48.110+0000] {processor.py:183} INFO - Processing /home/airflow/.local/lib/python3.12/site-packages/airflow/example_dags/example_kubernetes_executor.py took 0.105 seconds
[2024-05-29T01:16:18.441+0000] {processor.py:161} INFO - Started process (PID=847) to work on /home/airflow/.local/lib/python3.12/site-packages/airflow/example_dags/example_kubernetes_executor.py
[2024-05-29T01:16:18.443+0000] {processor.py:830} INFO - Processing file /home/airflow/.local/lib/python3.12/site-packages/airflow/example_dags/example_kubernetes_executor.py for tasks to queue
[2024-05-29T01:16:18.446+0000] {logging_mixin.py:188} INFO - [2024-05-29T01:16:18.445+0000] {dagbag.py:545} INFO - Filling up the DagBag from /home/airflow/.local/lib/python3.12/site-packages/airflow/example_dags/example_kubernetes_executor.py
[2024-05-29T01:16:18.460+0000] {processor.py:840} INFO - DAG(s) 'example_kubernetes_executor' retrieved from /home/airflow/.local/lib/python3.12/site-packages/airflow/example_dags/example_kubernetes_executor.py
[2024-05-29T01:16:18.515+0000] {logging_mixin.py:188} INFO - [2024-05-29T01:16:18.515+0000] {dag.py:3096} INFO - Sync 1 DAGs
[2024-05-29T01:16:18.531+0000] {logging_mixin.py:188} INFO - [2024-05-29T01:16:18.531+0000] {dag.py:3954} INFO - Setting next_dagrun for example_kubernetes_executor to None, run_after=None
[2024-05-29T01:16:18.560+0000] {processor.py:183} INFO - Processing /home/airflow/.local/lib/python3.12/site-packages/airflow/example_dags/example_kubernetes_executor.py took 0.125 seconds
[2024-05-29T01:16:48.844+0000] {processor.py:161} INFO - Started process (PID=909) to work on /home/airflow/.local/lib/python3.12/site-packages/airflow/example_dags/example_kubernetes_executor.py
[2024-05-29T01:16:48.845+0000] {processor.py:830} INFO - Processing file /home/airflow/.local/lib/python3.12/site-packages/airflow/example_dags/example_kubernetes_executor.py for tasks to queue
[2024-05-29T01:16:48.847+0000] {logging_mixin.py:188} INFO - [2024-05-29T01:16:48.847+0000] {dagbag.py:545} INFO - Filling up the DagBag from /home/airflow/.local/lib/python3.12/site-packages/airflow/example_dags/example_kubernetes_executor.py
[2024-05-29T01:16:48.859+0000] {processor.py:840} INFO - DAG(s) 'example_kubernetes_executor' retrieved from /home/airflow/.local/lib/python3.12/site-packages/airflow/example_dags/example_kubernetes_executor.py
[2024-05-29T01:16:48.899+0000] {logging_mixin.py:188} INFO - [2024-05-29T01:16:48.899+0000] {dag.py:3096} INFO - Sync 1 DAGs
[2024-05-29T01:16:48.912+0000] {logging_mixin.py:188} INFO - [2024-05-29T01:16:48.912+0000] {dag.py:3954} INFO - Setting next_dagrun for example_kubernetes_executor to None, run_after=None
[2024-05-29T01:16:48.937+0000] {processor.py:183} INFO - Processing /home/airflow/.local/lib/python3.12/site-packages/airflow/example_dags/example_kubernetes_executor.py took 0.098 seconds
[2024-05-29T01:17:19.768+0000] {processor.py:161} INFO - Started process (PID=970) to work on /home/airflow/.local/lib/python3.12/site-packages/airflow/example_dags/example_kubernetes_executor.py
[2024-05-29T01:17:19.771+0000] {processor.py:830} INFO - Processing file /home/airflow/.local/lib/python3.12/site-packages/airflow/example_dags/example_kubernetes_executor.py for tasks to queue
[2024-05-29T01:17:19.775+0000] {logging_mixin.py:188} INFO - [2024-05-29T01:17:19.775+0000] {dagbag.py:545} INFO - Filling up the DagBag from /home/airflow/.local/lib/python3.12/site-packages/airflow/example_dags/example_kubernetes_executor.py
[2024-05-29T01:17:19.795+0000] {processor.py:840} INFO - DAG(s) 'example_kubernetes_executor' retrieved from /home/airflow/.local/lib/python3.12/site-packages/airflow/example_dags/example_kubernetes_executor.py
[2024-05-29T01:17:19.847+0000] {logging_mixin.py:188} INFO - [2024-05-29T01:17:19.847+0000] {dag.py:3096} INFO - Sync 1 DAGs
[2024-05-29T01:17:19.863+0000] {logging_mixin.py:188} INFO - [2024-05-29T01:17:19.863+0000] {dag.py:3954} INFO - Setting next_dagrun for example_kubernetes_executor to None, run_after=None
[2024-05-29T01:17:19.885+0000] {processor.py:183} INFO - Processing /home/airflow/.local/lib/python3.12/site-packages/airflow/example_dags/example_kubernetes_executor.py took 0.126 seconds
[2024-05-29T01:17:50.541+0000] {processor.py:161} INFO - Started process (PID=1032) to work on /home/airflow/.local/lib/python3.12/site-packages/airflow/example_dags/example_kubernetes_executor.py
[2024-05-29T01:17:50.543+0000] {processor.py:830} INFO - Processing file /home/airflow/.local/lib/python3.12/site-packages/airflow/example_dags/example_kubernetes_executor.py for tasks to queue
[2024-05-29T01:17:50.545+0000] {logging_mixin.py:188} INFO - [2024-05-29T01:17:50.545+0000] {dagbag.py:545} INFO - Filling up the DagBag from /home/airflow/.local/lib/python3.12/site-packages/airflow/example_dags/example_kubernetes_executor.py
[2024-05-29T01:17:50.558+0000] {processor.py:840} INFO - DAG(s) 'example_kubernetes_executor' retrieved from /home/airflow/.local/lib/python3.12/site-packages/airflow/example_dags/example_kubernetes_executor.py
[2024-05-29T01:17:50.600+0000] {logging_mixin.py:188} INFO - [2024-05-29T01:17:50.600+0000] {dag.py:3096} INFO - Sync 1 DAGs
[2024-05-29T01:17:50.613+0000] {logging_mixin.py:188} INFO - [2024-05-29T01:17:50.612+0000] {dag.py:3954} INFO - Setting next_dagrun for example_kubernetes_executor to None, run_after=None
[2024-05-29T01:17:50.637+0000] {processor.py:183} INFO - Processing /home/airflow/.local/lib/python3.12/site-packages/airflow/example_dags/example_kubernetes_executor.py took 0.102 seconds
[2024-05-29T01:18:20.949+0000] {processor.py:161} INFO - Started process (PID=1092) to work on /home/airflow/.local/lib/python3.12/site-packages/airflow/example_dags/example_kubernetes_executor.py
[2024-05-29T01:18:20.951+0000] {processor.py:830} INFO - Processing file /home/airflow/.local/lib/python3.12/site-packages/airflow/example_dags/example_kubernetes_executor.py for tasks to queue
[2024-05-29T01:18:20.954+0000] {logging_mixin.py:188} INFO - [2024-05-29T01:18:20.953+0000] {dagbag.py:545} INFO - Filling up the DagBag from /home/airflow/.local/lib/python3.12/site-packages/airflow/example_dags/example_kubernetes_executor.py
[2024-05-29T01:18:20.967+0000] {processor.py:840} INFO - DAG(s) 'example_kubernetes_executor' retrieved from /home/airflow/.local/lib/python3.12/site-packages/airflow/example_dags/example_kubernetes_executor.py
[2024-05-29T01:18:21.008+0000] {logging_mixin.py:188} INFO - [2024-05-29T01:18:21.008+0000] {dag.py:3096} INFO - Sync 1 DAGs
[2024-05-29T01:18:21.024+0000] {logging_mixin.py:188} INFO - [2024-05-29T01:18:21.024+0000] {dag.py:3954} INFO - Setting next_dagrun for example_kubernetes_executor to None, run_after=None
[2024-05-29T01:18:21.048+0000] {processor.py:183} INFO - Processing /home/airflow/.local/lib/python3.12/site-packages/airflow/example_dags/example_kubernetes_executor.py took 0.105 seconds
[2024-05-29T01:18:51.214+0000] {processor.py:161} INFO - Started process (PID=1154) to work on /home/airflow/.local/lib/python3.12/site-packages/airflow/example_dags/example_kubernetes_executor.py
[2024-05-29T01:18:51.216+0000] {processor.py:830} INFO - Processing file /home/airflow/.local/lib/python3.12/site-packages/airflow/example_dags/example_kubernetes_executor.py for tasks to queue
[2024-05-29T01:18:51.218+0000] {logging_mixin.py:188} INFO - [2024-05-29T01:18:51.218+0000] {dagbag.py:545} INFO - Filling up the DagBag from /home/airflow/.local/lib/python3.12/site-packages/airflow/example_dags/example_kubernetes_executor.py
[2024-05-29T01:18:51.230+0000] {processor.py:840} INFO - DAG(s) 'example_kubernetes_executor' retrieved from /home/airflow/.local/lib/python3.12/site-packages/airflow/example_dags/example_kubernetes_executor.py
[2024-05-29T01:18:51.274+0000] {logging_mixin.py:188} INFO - [2024-05-29T01:18:51.274+0000] {dag.py:3096} INFO - Sync 1 DAGs
[2024-05-29T01:18:51.291+0000] {logging_mixin.py:188} INFO - [2024-05-29T01:18:51.290+0000] {dag.py:3954} INFO - Setting next_dagrun for example_kubernetes_executor to None, run_after=None
[2024-05-29T01:18:51.342+0000] {processor.py:183} INFO - Processing /home/airflow/.local/lib/python3.12/site-packages/airflow/example_dags/example_kubernetes_executor.py took 0.134 seconds
[2024-05-29T01:19:22.565+0000] {processor.py:161} INFO - Started process (PID=1214) to work on /home/airflow/.local/lib/python3.12/site-packages/airflow/example_dags/example_kubernetes_executor.py
[2024-05-29T01:19:22.567+0000] {processor.py:830} INFO - Processing file /home/airflow/.local/lib/python3.12/site-packages/airflow/example_dags/example_kubernetes_executor.py for tasks to queue
[2024-05-29T01:19:22.569+0000] {logging_mixin.py:188} INFO - [2024-05-29T01:19:22.568+0000] {dagbag.py:545} INFO - Filling up the DagBag from /home/airflow/.local/lib/python3.12/site-packages/airflow/example_dags/example_kubernetes_executor.py
[2024-05-29T01:19:22.581+0000] {processor.py:840} INFO - DAG(s) 'example_kubernetes_executor' retrieved from /home/airflow/.local/lib/python3.12/site-packages/airflow/example_dags/example_kubernetes_executor.py
[2024-05-29T01:19:22.622+0000] {logging_mixin.py:188} INFO - [2024-05-29T01:19:22.622+0000] {dag.py:3096} INFO - Sync 1 DAGs
[2024-05-29T01:19:22.636+0000] {logging_mixin.py:188} INFO - [2024-05-29T01:19:22.636+0000] {dag.py:3954} INFO - Setting next_dagrun for example_kubernetes_executor to None, run_after=None
[2024-05-29T01:19:22.665+0000] {processor.py:183} INFO - Processing /home/airflow/.local/lib/python3.12/site-packages/airflow/example_dags/example_kubernetes_executor.py took 0.105 seconds
[2024-05-29T01:19:53.054+0000] {processor.py:161} INFO - Started process (PID=1274) to work on /home/airflow/.local/lib/python3.12/site-packages/airflow/example_dags/example_kubernetes_executor.py
[2024-05-29T01:19:53.056+0000] {processor.py:830} INFO - Processing file /home/airflow/.local/lib/python3.12/site-packages/airflow/example_dags/example_kubernetes_executor.py for tasks to queue
[2024-05-29T01:19:53.058+0000] {logging_mixin.py:188} INFO - [2024-05-29T01:19:53.058+0000] {dagbag.py:545} INFO - Filling up the DagBag from /home/airflow/.local/lib/python3.12/site-packages/airflow/example_dags/example_kubernetes_executor.py
[2024-05-29T01:19:53.074+0000] {processor.py:840} INFO - DAG(s) 'example_kubernetes_executor' retrieved from /home/airflow/.local/lib/python3.12/site-packages/airflow/example_dags/example_kubernetes_executor.py
[2024-05-29T01:19:53.121+0000] {logging_mixin.py:188} INFO - [2024-05-29T01:19:53.120+0000] {dag.py:3096} INFO - Sync 1 DAGs
[2024-05-29T01:19:53.133+0000] {logging_mixin.py:188} INFO - [2024-05-29T01:19:53.133+0000] {dag.py:3954} INFO - Setting next_dagrun for example_kubernetes_executor to None, run_after=None
[2024-05-29T01:19:53.156+0000] {processor.py:183} INFO - Processing /home/airflow/.local/lib/python3.12/site-packages/airflow/example_dags/example_kubernetes_executor.py took 0.109 seconds
[2024-05-29T01:20:23.439+0000] {processor.py:161} INFO - Started process (PID=1334) to work on /home/airflow/.local/lib/python3.12/site-packages/airflow/example_dags/example_kubernetes_executor.py
[2024-05-29T01:20:23.440+0000] {processor.py:830} INFO - Processing file /home/airflow/.local/lib/python3.12/site-packages/airflow/example_dags/example_kubernetes_executor.py for tasks to queue
[2024-05-29T01:20:23.442+0000] {logging_mixin.py:188} INFO - [2024-05-29T01:20:23.442+0000] {dagbag.py:545} INFO - Filling up the DagBag from /home/airflow/.local/lib/python3.12/site-packages/airflow/example_dags/example_kubernetes_executor.py
[2024-05-29T01:20:23.455+0000] {processor.py:840} INFO - DAG(s) 'example_kubernetes_executor' retrieved from /home/airflow/.local/lib/python3.12/site-packages/airflow/example_dags/example_kubernetes_executor.py
[2024-05-29T01:20:23.496+0000] {logging_mixin.py:188} INFO - [2024-05-29T01:20:23.496+0000] {dag.py:3096} INFO - Sync 1 DAGs
[2024-05-29T01:20:23.511+0000] {logging_mixin.py:188} INFO - [2024-05-29T01:20:23.510+0000] {dag.py:3954} INFO - Setting next_dagrun for example_kubernetes_executor to None, run_after=None
[2024-05-29T01:20:23.536+0000] {processor.py:183} INFO - Processing /home/airflow/.local/lib/python3.12/site-packages/airflow/example_dags/example_kubernetes_executor.py took 0.104 seconds
[2024-05-29T01:22:19.581+0000] {processor.py:161} INFO - Started process (PID=1394) to work on /home/airflow/.local/lib/python3.12/site-packages/airflow/example_dags/example_kubernetes_executor.py
[2024-05-29T01:22:19.583+0000] {processor.py:830} INFO - Processing file /home/airflow/.local/lib/python3.12/site-packages/airflow/example_dags/example_kubernetes_executor.py for tasks to queue
[2024-05-29T01:22:19.585+0000] {logging_mixin.py:188} INFO - [2024-05-29T01:22:19.584+0000] {dagbag.py:545} INFO - Filling up the DagBag from /home/airflow/.local/lib/python3.12/site-packages/airflow/example_dags/example_kubernetes_executor.py
[2024-05-29T01:22:19.611+0000] {processor.py:840} INFO - DAG(s) 'example_kubernetes_executor' retrieved from /home/airflow/.local/lib/python3.12/site-packages/airflow/example_dags/example_kubernetes_executor.py
[2024-05-29T01:22:19.693+0000] {logging_mixin.py:188} INFO - [2024-05-29T01:22:19.693+0000] {dag.py:3096} INFO - Sync 1 DAGs
[2024-05-29T01:22:19.712+0000] {logging_mixin.py:188} INFO - [2024-05-29T01:22:19.711+0000] {dag.py:3954} INFO - Setting next_dagrun for example_kubernetes_executor to None, run_after=None
[2024-05-29T01:22:19.745+0000] {processor.py:183} INFO - Processing /home/airflow/.local/lib/python3.12/site-packages/airflow/example_dags/example_kubernetes_executor.py took 0.173 seconds
[2024-05-29T01:22:50.335+0000] {processor.py:161} INFO - Started process (PID=1454) to work on /home/airflow/.local/lib/python3.12/site-packages/airflow/example_dags/example_kubernetes_executor.py
[2024-05-29T01:22:50.337+0000] {processor.py:830} INFO - Processing file /home/airflow/.local/lib/python3.12/site-packages/airflow/example_dags/example_kubernetes_executor.py for tasks to queue
[2024-05-29T01:22:50.338+0000] {logging_mixin.py:188} INFO - [2024-05-29T01:22:50.338+0000] {dagbag.py:545} INFO - Filling up the DagBag from /home/airflow/.local/lib/python3.12/site-packages/airflow/example_dags/example_kubernetes_executor.py
[2024-05-29T01:22:50.371+0000] {processor.py:840} INFO - DAG(s) 'example_kubernetes_executor' retrieved from /home/airflow/.local/lib/python3.12/site-packages/airflow/example_dags/example_kubernetes_executor.py
[2024-05-29T01:22:50.499+0000] {logging_mixin.py:188} INFO - [2024-05-29T01:22:50.499+0000] {dag.py:3096} INFO - Sync 1 DAGs
[2024-05-29T01:22:50.527+0000] {logging_mixin.py:188} INFO - [2024-05-29T01:22:50.527+0000] {dag.py:3954} INFO - Setting next_dagrun for example_kubernetes_executor to None, run_after=None
[2024-05-29T01:22:50.581+0000] {processor.py:183} INFO - Processing /home/airflow/.local/lib/python3.12/site-packages/airflow/example_dags/example_kubernetes_executor.py took 0.259 seconds
[2024-05-29T01:27:47.848+0000] {processor.py:161} INFO - Started process (PID=60) to work on /home/airflow/.local/lib/python3.12/site-packages/airflow/example_dags/example_kubernetes_executor.py
[2024-05-29T01:27:47.850+0000] {processor.py:830} INFO - Processing file /home/airflow/.local/lib/python3.12/site-packages/airflow/example_dags/example_kubernetes_executor.py for tasks to queue
[2024-05-29T01:27:47.860+0000] {logging_mixin.py:188} INFO - [2024-05-29T01:27:47.859+0000] {dagbag.py:545} INFO - Filling up the DagBag from /home/airflow/.local/lib/python3.12/site-packages/airflow/example_dags/example_kubernetes_executor.py
[2024-05-29T01:27:47.972+0000] {processor.py:840} INFO - DAG(s) 'example_kubernetes_executor' retrieved from /home/airflow/.local/lib/python3.12/site-packages/airflow/example_dags/example_kubernetes_executor.py
[2024-05-29T01:27:48.160+0000] {logging_mixin.py:188} INFO - [2024-05-29T01:27:48.159+0000] {dag.py:3096} INFO - Sync 1 DAGs
[2024-05-29T01:27:48.241+0000] {logging_mixin.py:188} INFO - [2024-05-29T01:27:48.240+0000] {dag.py:3954} INFO - Setting next_dagrun for example_kubernetes_executor to None, run_after=None
[2024-05-29T01:27:48.386+0000] {processor.py:183} INFO - Processing /home/airflow/.local/lib/python3.12/site-packages/airflow/example_dags/example_kubernetes_executor.py took 0.573 seconds
[2024-05-29T01:28:18.817+0000] {processor.py:161} INFO - Started process (PID=119) to work on /home/airflow/.local/lib/python3.12/site-packages/airflow/example_dags/example_kubernetes_executor.py
[2024-05-29T01:28:18.825+0000] {processor.py:830} INFO - Processing file /home/airflow/.local/lib/python3.12/site-packages/airflow/example_dags/example_kubernetes_executor.py for tasks to queue
[2024-05-29T01:28:18.828+0000] {logging_mixin.py:188} INFO - [2024-05-29T01:28:18.827+0000] {dagbag.py:545} INFO - Filling up the DagBag from /home/airflow/.local/lib/python3.12/site-packages/airflow/example_dags/example_kubernetes_executor.py
[2024-05-29T01:28:18.841+0000] {processor.py:840} INFO - DAG(s) 'example_kubernetes_executor' retrieved from /home/airflow/.local/lib/python3.12/site-packages/airflow/example_dags/example_kubernetes_executor.py
[2024-05-29T01:28:18.890+0000] {logging_mixin.py:188} INFO - [2024-05-29T01:28:18.889+0000] {dag.py:3096} INFO - Sync 1 DAGs
[2024-05-29T01:28:18.911+0000] {logging_mixin.py:188} INFO - [2024-05-29T01:28:18.911+0000] {dag.py:3954} INFO - Setting next_dagrun for example_kubernetes_executor to None, run_after=None
[2024-05-29T01:28:18.937+0000] {processor.py:183} INFO - Processing /home/airflow/.local/lib/python3.12/site-packages/airflow/example_dags/example_kubernetes_executor.py took 0.125 seconds
