[2024-05-29T01:09:43.575+0000] {processor.py:161} INFO - Started process (PID=83) to work on /home/airflow/.local/lib/python3.12/site-packages/airflow/example_dags/example_branch_python_dop_operator_3.py
[2024-05-29T01:09:43.577+0000] {processor.py:830} INFO - Processing file /home/airflow/.local/lib/python3.12/site-packages/airflow/example_dags/example_branch_python_dop_operator_3.py for tasks to queue
[2024-05-29T01:09:43.579+0000] {logging_mixin.py:188} INFO - [2024-05-29T01:09:43.579+0000] {dagbag.py:545} INFO - Filling up the DagBag from /home/airflow/.local/lib/python3.12/site-packages/airflow/example_dags/example_branch_python_dop_operator_3.py
[2024-05-29T01:09:43.594+0000] {processor.py:840} INFO - DAG(s) 'example_branch_dop_operator_v3' retrieved from /home/airflow/.local/lib/python3.12/site-packages/airflow/example_dags/example_branch_python_dop_operator_3.py
[2024-05-29T01:09:43.748+0000] {logging_mixin.py:188} INFO - [2024-05-29T01:09:43.747+0000] {override.py:1829} INFO - Created Permission View: can edit on DAG:example_branch_dop_operator_v3
[2024-05-29T01:09:43.767+0000] {logging_mixin.py:188} INFO - [2024-05-29T01:09:43.767+0000] {override.py:1829} INFO - Created Permission View: can delete on DAG:example_branch_dop_operator_v3
[2024-05-29T01:09:43.776+0000] {logging_mixin.py:188} INFO - [2024-05-29T01:09:43.776+0000] {override.py:1829} INFO - Created Permission View: can read on DAG:example_branch_dop_operator_v3
[2024-05-29T01:09:43.777+0000] {logging_mixin.py:188} INFO - [2024-05-29T01:09:43.777+0000] {dag.py:3096} INFO - Sync 1 DAGs
[2024-05-29T01:09:43.792+0000] {logging_mixin.py:188} INFO - [2024-05-29T01:09:43.792+0000] {dag.py:3118} INFO - Creating ORM DAG for example_branch_dop_operator_v3
[2024-05-29T01:09:43.811+0000] {logging_mixin.py:188} INFO - [2024-05-29T01:09:43.811+0000] {dag.py:3954} INFO - Setting next_dagrun for example_branch_dop_operator_v3 to 2024-05-29 01:08:00+00:00, run_after=2024-05-29 01:09:00+00:00
[2024-05-29T01:09:43.842+0000] {processor.py:183} INFO - Processing /home/airflow/.local/lib/python3.12/site-packages/airflow/example_dags/example_branch_python_dop_operator_3.py took 0.273 seconds
[2024-05-29T01:10:14.316+0000] {processor.py:161} INFO - Started process (PID=143) to work on /home/airflow/.local/lib/python3.12/site-packages/airflow/example_dags/example_branch_python_dop_operator_3.py
[2024-05-29T01:10:14.318+0000] {processor.py:830} INFO - Processing file /home/airflow/.local/lib/python3.12/site-packages/airflow/example_dags/example_branch_python_dop_operator_3.py for tasks to queue
[2024-05-29T01:10:14.321+0000] {logging_mixin.py:188} INFO - [2024-05-29T01:10:14.320+0000] {dagbag.py:545} INFO - Filling up the DagBag from /home/airflow/.local/lib/python3.12/site-packages/airflow/example_dags/example_branch_python_dop_operator_3.py
[2024-05-29T01:10:14.336+0000] {processor.py:840} INFO - DAG(s) 'example_branch_dop_operator_v3' retrieved from /home/airflow/.local/lib/python3.12/site-packages/airflow/example_dags/example_branch_python_dop_operator_3.py
[2024-05-29T01:10:14.376+0000] {logging_mixin.py:188} INFO - [2024-05-29T01:10:14.375+0000] {dag.py:3096} INFO - Sync 1 DAGs
[2024-05-29T01:10:14.433+0000] {logging_mixin.py:188} INFO - [2024-05-29T01:10:14.429+0000] {dag.py:3954} INFO - Setting next_dagrun for example_branch_dop_operator_v3 to 2024-05-29 01:09:00+00:00, run_after=2024-05-29 01:10:00+00:00
[2024-05-29T01:10:14.468+0000] {processor.py:183} INFO - Processing /home/airflow/.local/lib/python3.12/site-packages/airflow/example_dags/example_branch_python_dop_operator_3.py took 0.161 seconds
[2024-05-29T01:10:45.599+0000] {processor.py:161} INFO - Started process (PID=203) to work on /home/airflow/.local/lib/python3.12/site-packages/airflow/example_dags/example_branch_python_dop_operator_3.py
[2024-05-29T01:10:45.601+0000] {processor.py:830} INFO - Processing file /home/airflow/.local/lib/python3.12/site-packages/airflow/example_dags/example_branch_python_dop_operator_3.py for tasks to queue
[2024-05-29T01:10:45.605+0000] {logging_mixin.py:188} INFO - [2024-05-29T01:10:45.604+0000] {dagbag.py:545} INFO - Filling up the DagBag from /home/airflow/.local/lib/python3.12/site-packages/airflow/example_dags/example_branch_python_dop_operator_3.py
[2024-05-29T01:10:45.625+0000] {processor.py:840} INFO - DAG(s) 'example_branch_dop_operator_v3' retrieved from /home/airflow/.local/lib/python3.12/site-packages/airflow/example_dags/example_branch_python_dop_operator_3.py
[2024-05-29T01:10:45.670+0000] {logging_mixin.py:188} INFO - [2024-05-29T01:10:45.670+0000] {dag.py:3096} INFO - Sync 1 DAGs
[2024-05-29T01:10:45.726+0000] {logging_mixin.py:188} INFO - [2024-05-29T01:10:45.726+0000] {dag.py:3954} INFO - Setting next_dagrun for example_branch_dop_operator_v3 to 2024-05-29 01:09:00+00:00, run_after=2024-05-29 01:10:00+00:00
[2024-05-29T01:10:45.770+0000] {processor.py:183} INFO - Processing /home/airflow/.local/lib/python3.12/site-packages/airflow/example_dags/example_branch_python_dop_operator_3.py took 0.180 seconds
[2024-05-29T01:11:15.910+0000] {processor.py:161} INFO - Started process (PID=263) to work on /home/airflow/.local/lib/python3.12/site-packages/airflow/example_dags/example_branch_python_dop_operator_3.py
[2024-05-29T01:11:15.911+0000] {processor.py:830} INFO - Processing file /home/airflow/.local/lib/python3.12/site-packages/airflow/example_dags/example_branch_python_dop_operator_3.py for tasks to queue
[2024-05-29T01:11:15.914+0000] {logging_mixin.py:188} INFO - [2024-05-29T01:11:15.913+0000] {dagbag.py:545} INFO - Filling up the DagBag from /home/airflow/.local/lib/python3.12/site-packages/airflow/example_dags/example_branch_python_dop_operator_3.py
[2024-05-29T01:11:15.925+0000] {processor.py:840} INFO - DAG(s) 'example_branch_dop_operator_v3' retrieved from /home/airflow/.local/lib/python3.12/site-packages/airflow/example_dags/example_branch_python_dop_operator_3.py
[2024-05-29T01:11:15.950+0000] {logging_mixin.py:188} INFO - [2024-05-29T01:11:15.949+0000] {dag.py:3096} INFO - Sync 1 DAGs
[2024-05-29T01:11:15.984+0000] {logging_mixin.py:188} INFO - [2024-05-29T01:11:15.984+0000] {dag.py:3954} INFO - Setting next_dagrun for example_branch_dop_operator_v3 to 2024-05-29 01:10:00+00:00, run_after=2024-05-29 01:11:00+00:00
[2024-05-29T01:11:16.013+0000] {processor.py:183} INFO - Processing /home/airflow/.local/lib/python3.12/site-packages/airflow/example_dags/example_branch_python_dop_operator_3.py took 0.111 seconds
[2024-05-29T01:11:46.239+0000] {processor.py:161} INFO - Started process (PID=324) to work on /home/airflow/.local/lib/python3.12/site-packages/airflow/example_dags/example_branch_python_dop_operator_3.py
[2024-05-29T01:11:46.241+0000] {processor.py:830} INFO - Processing file /home/airflow/.local/lib/python3.12/site-packages/airflow/example_dags/example_branch_python_dop_operator_3.py for tasks to queue
[2024-05-29T01:11:46.245+0000] {logging_mixin.py:188} INFO - [2024-05-29T01:11:46.244+0000] {dagbag.py:545} INFO - Filling up the DagBag from /home/airflow/.local/lib/python3.12/site-packages/airflow/example_dags/example_branch_python_dop_operator_3.py
[2024-05-29T01:11:46.262+0000] {processor.py:840} INFO - DAG(s) 'example_branch_dop_operator_v3' retrieved from /home/airflow/.local/lib/python3.12/site-packages/airflow/example_dags/example_branch_python_dop_operator_3.py
[2024-05-29T01:11:46.298+0000] {logging_mixin.py:188} INFO - [2024-05-29T01:11:46.297+0000] {dag.py:3096} INFO - Sync 1 DAGs
[2024-05-29T01:11:46.340+0000] {logging_mixin.py:188} INFO - [2024-05-29T01:11:46.340+0000] {dag.py:3954} INFO - Setting next_dagrun for example_branch_dop_operator_v3 to 2024-05-29 01:10:00+00:00, run_after=2024-05-29 01:11:00+00:00
[2024-05-29T01:11:46.378+0000] {processor.py:183} INFO - Processing /home/airflow/.local/lib/python3.12/site-packages/airflow/example_dags/example_branch_python_dop_operator_3.py took 0.149 seconds
[2024-05-29T01:12:16.621+0000] {processor.py:161} INFO - Started process (PID=384) to work on /home/airflow/.local/lib/python3.12/site-packages/airflow/example_dags/example_branch_python_dop_operator_3.py
[2024-05-29T01:12:16.623+0000] {processor.py:830} INFO - Processing file /home/airflow/.local/lib/python3.12/site-packages/airflow/example_dags/example_branch_python_dop_operator_3.py for tasks to queue
[2024-05-29T01:12:16.625+0000] {logging_mixin.py:188} INFO - [2024-05-29T01:12:16.625+0000] {dagbag.py:545} INFO - Filling up the DagBag from /home/airflow/.local/lib/python3.12/site-packages/airflow/example_dags/example_branch_python_dop_operator_3.py
[2024-05-29T01:12:16.638+0000] {processor.py:840} INFO - DAG(s) 'example_branch_dop_operator_v3' retrieved from /home/airflow/.local/lib/python3.12/site-packages/airflow/example_dags/example_branch_python_dop_operator_3.py
[2024-05-29T01:12:16.670+0000] {logging_mixin.py:188} INFO - [2024-05-29T01:12:16.670+0000] {dag.py:3096} INFO - Sync 1 DAGs
[2024-05-29T01:12:16.715+0000] {logging_mixin.py:188} INFO - [2024-05-29T01:12:16.714+0000] {dag.py:3954} INFO - Setting next_dagrun for example_branch_dop_operator_v3 to 2024-05-29 01:11:00+00:00, run_after=2024-05-29 01:12:00+00:00
[2024-05-29T01:12:16.751+0000] {processor.py:183} INFO - Processing /home/airflow/.local/lib/python3.12/site-packages/airflow/example_dags/example_branch_python_dop_operator_3.py took 0.137 seconds
[2024-05-29T01:12:46.859+0000] {processor.py:161} INFO - Started process (PID=444) to work on /home/airflow/.local/lib/python3.12/site-packages/airflow/example_dags/example_branch_python_dop_operator_3.py
[2024-05-29T01:12:46.860+0000] {processor.py:830} INFO - Processing file /home/airflow/.local/lib/python3.12/site-packages/airflow/example_dags/example_branch_python_dop_operator_3.py for tasks to queue
[2024-05-29T01:12:46.863+0000] {logging_mixin.py:188} INFO - [2024-05-29T01:12:46.863+0000] {dagbag.py:545} INFO - Filling up the DagBag from /home/airflow/.local/lib/python3.12/site-packages/airflow/example_dags/example_branch_python_dop_operator_3.py
[2024-05-29T01:12:46.875+0000] {processor.py:840} INFO - DAG(s) 'example_branch_dop_operator_v3' retrieved from /home/airflow/.local/lib/python3.12/site-packages/airflow/example_dags/example_branch_python_dop_operator_3.py
[2024-05-29T01:12:46.900+0000] {logging_mixin.py:188} INFO - [2024-05-29T01:12:46.899+0000] {dag.py:3096} INFO - Sync 1 DAGs
[2024-05-29T01:12:46.941+0000] {logging_mixin.py:188} INFO - [2024-05-29T01:12:46.941+0000] {dag.py:3954} INFO - Setting next_dagrun for example_branch_dop_operator_v3 to 2024-05-29 01:11:00+00:00, run_after=2024-05-29 01:12:00+00:00
[2024-05-29T01:12:46.970+0000] {processor.py:183} INFO - Processing /home/airflow/.local/lib/python3.12/site-packages/airflow/example_dags/example_branch_python_dop_operator_3.py took 0.118 seconds
[2024-05-29T01:13:17.366+0000] {processor.py:161} INFO - Started process (PID=504) to work on /home/airflow/.local/lib/python3.12/site-packages/airflow/example_dags/example_branch_python_dop_operator_3.py
[2024-05-29T01:13:17.368+0000] {processor.py:830} INFO - Processing file /home/airflow/.local/lib/python3.12/site-packages/airflow/example_dags/example_branch_python_dop_operator_3.py for tasks to queue
[2024-05-29T01:13:17.370+0000] {logging_mixin.py:188} INFO - [2024-05-29T01:13:17.370+0000] {dagbag.py:545} INFO - Filling up the DagBag from /home/airflow/.local/lib/python3.12/site-packages/airflow/example_dags/example_branch_python_dop_operator_3.py
[2024-05-29T01:13:17.383+0000] {processor.py:840} INFO - DAG(s) 'example_branch_dop_operator_v3' retrieved from /home/airflow/.local/lib/python3.12/site-packages/airflow/example_dags/example_branch_python_dop_operator_3.py
[2024-05-29T01:13:17.412+0000] {logging_mixin.py:188} INFO - [2024-05-29T01:13:17.411+0000] {dag.py:3096} INFO - Sync 1 DAGs
[2024-05-29T01:13:17.443+0000] {logging_mixin.py:188} INFO - [2024-05-29T01:13:17.443+0000] {dag.py:3954} INFO - Setting next_dagrun for example_branch_dop_operator_v3 to 2024-05-29 01:12:00+00:00, run_after=2024-05-29 01:13:00+00:00
[2024-05-29T01:13:17.469+0000] {processor.py:183} INFO - Processing /home/airflow/.local/lib/python3.12/site-packages/airflow/example_dags/example_branch_python_dop_operator_3.py took 0.111 seconds
[2024-05-29T01:13:47.752+0000] {processor.py:161} INFO - Started process (PID=564) to work on /home/airflow/.local/lib/python3.12/site-packages/airflow/example_dags/example_branch_python_dop_operator_3.py
[2024-05-29T01:13:47.754+0000] {processor.py:830} INFO - Processing file /home/airflow/.local/lib/python3.12/site-packages/airflow/example_dags/example_branch_python_dop_operator_3.py for tasks to queue
[2024-05-29T01:13:47.756+0000] {logging_mixin.py:188} INFO - [2024-05-29T01:13:47.755+0000] {dagbag.py:545} INFO - Filling up the DagBag from /home/airflow/.local/lib/python3.12/site-packages/airflow/example_dags/example_branch_python_dop_operator_3.py
[2024-05-29T01:13:47.764+0000] {processor.py:840} INFO - DAG(s) 'example_branch_dop_operator_v3' retrieved from /home/airflow/.local/lib/python3.12/site-packages/airflow/example_dags/example_branch_python_dop_operator_3.py
[2024-05-29T01:13:47.787+0000] {logging_mixin.py:188} INFO - [2024-05-29T01:13:47.787+0000] {dag.py:3096} INFO - Sync 1 DAGs
[2024-05-29T01:13:47.816+0000] {logging_mixin.py:188} INFO - [2024-05-29T01:13:47.816+0000] {dag.py:3954} INFO - Setting next_dagrun for example_branch_dop_operator_v3 to 2024-05-29 01:12:00+00:00, run_after=2024-05-29 01:13:00+00:00
[2024-05-29T01:13:47.839+0000] {processor.py:183} INFO - Processing /home/airflow/.local/lib/python3.12/site-packages/airflow/example_dags/example_branch_python_dop_operator_3.py took 0.092 seconds
[2024-05-29T01:14:18.043+0000] {processor.py:161} INFO - Started process (PID=624) to work on /home/airflow/.local/lib/python3.12/site-packages/airflow/example_dags/example_branch_python_dop_operator_3.py
[2024-05-29T01:14:18.045+0000] {processor.py:830} INFO - Processing file /home/airflow/.local/lib/python3.12/site-packages/airflow/example_dags/example_branch_python_dop_operator_3.py for tasks to queue
[2024-05-29T01:14:18.048+0000] {logging_mixin.py:188} INFO - [2024-05-29T01:14:18.047+0000] {dagbag.py:545} INFO - Filling up the DagBag from /home/airflow/.local/lib/python3.12/site-packages/airflow/example_dags/example_branch_python_dop_operator_3.py
[2024-05-29T01:14:18.057+0000] {processor.py:840} INFO - DAG(s) 'example_branch_dop_operator_v3' retrieved from /home/airflow/.local/lib/python3.12/site-packages/airflow/example_dags/example_branch_python_dop_operator_3.py
[2024-05-29T01:14:18.084+0000] {logging_mixin.py:188} INFO - [2024-05-29T01:14:18.084+0000] {dag.py:3096} INFO - Sync 1 DAGs
[2024-05-29T01:14:18.120+0000] {logging_mixin.py:188} INFO - [2024-05-29T01:14:18.120+0000] {dag.py:3954} INFO - Setting next_dagrun for example_branch_dop_operator_v3 to 2024-05-29 01:13:00+00:00, run_after=2024-05-29 01:14:00+00:00
[2024-05-29T01:14:18.149+0000] {processor.py:183} INFO - Processing /home/airflow/.local/lib/python3.12/site-packages/airflow/example_dags/example_branch_python_dop_operator_3.py took 0.112 seconds
[2024-05-29T01:14:48.528+0000] {processor.py:161} INFO - Started process (PID=684) to work on /home/airflow/.local/lib/python3.12/site-packages/airflow/example_dags/example_branch_python_dop_operator_3.py
[2024-05-29T01:14:48.529+0000] {processor.py:830} INFO - Processing file /home/airflow/.local/lib/python3.12/site-packages/airflow/example_dags/example_branch_python_dop_operator_3.py for tasks to queue
[2024-05-29T01:14:48.531+0000] {logging_mixin.py:188} INFO - [2024-05-29T01:14:48.531+0000] {dagbag.py:545} INFO - Filling up the DagBag from /home/airflow/.local/lib/python3.12/site-packages/airflow/example_dags/example_branch_python_dop_operator_3.py
[2024-05-29T01:14:48.543+0000] {processor.py:840} INFO - DAG(s) 'example_branch_dop_operator_v3' retrieved from /home/airflow/.local/lib/python3.12/site-packages/airflow/example_dags/example_branch_python_dop_operator_3.py
[2024-05-29T01:14:48.577+0000] {logging_mixin.py:188} INFO - [2024-05-29T01:14:48.577+0000] {dag.py:3096} INFO - Sync 1 DAGs
[2024-05-29T01:14:48.607+0000] {logging_mixin.py:188} INFO - [2024-05-29T01:14:48.607+0000] {dag.py:3954} INFO - Setting next_dagrun for example_branch_dop_operator_v3 to 2024-05-29 01:13:00+00:00, run_after=2024-05-29 01:14:00+00:00
[2024-05-29T01:14:48.637+0000] {processor.py:183} INFO - Processing /home/airflow/.local/lib/python3.12/site-packages/airflow/example_dags/example_branch_python_dop_operator_3.py took 0.115 seconds
[2024-05-29T01:15:19.386+0000] {processor.py:161} INFO - Started process (PID=744) to work on /home/airflow/.local/lib/python3.12/site-packages/airflow/example_dags/example_branch_python_dop_operator_3.py
[2024-05-29T01:15:19.388+0000] {processor.py:830} INFO - Processing file /home/airflow/.local/lib/python3.12/site-packages/airflow/example_dags/example_branch_python_dop_operator_3.py for tasks to queue
[2024-05-29T01:15:19.390+0000] {logging_mixin.py:188} INFO - [2024-05-29T01:15:19.390+0000] {dagbag.py:545} INFO - Filling up the DagBag from /home/airflow/.local/lib/python3.12/site-packages/airflow/example_dags/example_branch_python_dop_operator_3.py
[2024-05-29T01:15:19.399+0000] {processor.py:840} INFO - DAG(s) 'example_branch_dop_operator_v3' retrieved from /home/airflow/.local/lib/python3.12/site-packages/airflow/example_dags/example_branch_python_dop_operator_3.py
[2024-05-29T01:15:19.423+0000] {logging_mixin.py:188} INFO - [2024-05-29T01:15:19.422+0000] {dag.py:3096} INFO - Sync 1 DAGs
[2024-05-29T01:15:19.451+0000] {logging_mixin.py:188} INFO - [2024-05-29T01:15:19.450+0000] {dag.py:3954} INFO - Setting next_dagrun for example_branch_dop_operator_v3 to 2024-05-29 01:14:00+00:00, run_after=2024-05-29 01:15:00+00:00
[2024-05-29T01:15:19.471+0000] {processor.py:183} INFO - Processing /home/airflow/.local/lib/python3.12/site-packages/airflow/example_dags/example_branch_python_dop_operator_3.py took 0.091 seconds
[2024-05-29T01:15:50.097+0000] {processor.py:161} INFO - Started process (PID=804) to work on /home/airflow/.local/lib/python3.12/site-packages/airflow/example_dags/example_branch_python_dop_operator_3.py
[2024-05-29T01:15:50.099+0000] {processor.py:830} INFO - Processing file /home/airflow/.local/lib/python3.12/site-packages/airflow/example_dags/example_branch_python_dop_operator_3.py for tasks to queue
[2024-05-29T01:15:50.101+0000] {logging_mixin.py:188} INFO - [2024-05-29T01:15:50.101+0000] {dagbag.py:545} INFO - Filling up the DagBag from /home/airflow/.local/lib/python3.12/site-packages/airflow/example_dags/example_branch_python_dop_operator_3.py
[2024-05-29T01:15:50.113+0000] {processor.py:840} INFO - DAG(s) 'example_branch_dop_operator_v3' retrieved from /home/airflow/.local/lib/python3.12/site-packages/airflow/example_dags/example_branch_python_dop_operator_3.py
[2024-05-29T01:15:50.138+0000] {logging_mixin.py:188} INFO - [2024-05-29T01:15:50.137+0000] {dag.py:3096} INFO - Sync 1 DAGs
[2024-05-29T01:15:50.172+0000] {logging_mixin.py:188} INFO - [2024-05-29T01:15:50.171+0000] {dag.py:3954} INFO - Setting next_dagrun for example_branch_dop_operator_v3 to 2024-05-29 01:14:00+00:00, run_after=2024-05-29 01:15:00+00:00
[2024-05-29T01:15:50.201+0000] {processor.py:183} INFO - Processing /home/airflow/.local/lib/python3.12/site-packages/airflow/example_dags/example_branch_python_dop_operator_3.py took 0.111 seconds
[2024-05-29T01:16:20.532+0000] {processor.py:161} INFO - Started process (PID=864) to work on /home/airflow/.local/lib/python3.12/site-packages/airflow/example_dags/example_branch_python_dop_operator_3.py
[2024-05-29T01:16:20.533+0000] {processor.py:830} INFO - Processing file /home/airflow/.local/lib/python3.12/site-packages/airflow/example_dags/example_branch_python_dop_operator_3.py for tasks to queue
[2024-05-29T01:16:20.535+0000] {logging_mixin.py:188} INFO - [2024-05-29T01:16:20.535+0000] {dagbag.py:545} INFO - Filling up the DagBag from /home/airflow/.local/lib/python3.12/site-packages/airflow/example_dags/example_branch_python_dop_operator_3.py
[2024-05-29T01:16:20.548+0000] {processor.py:840} INFO - DAG(s) 'example_branch_dop_operator_v3' retrieved from /home/airflow/.local/lib/python3.12/site-packages/airflow/example_dags/example_branch_python_dop_operator_3.py
[2024-05-29T01:16:20.569+0000] {logging_mixin.py:188} INFO - [2024-05-29T01:16:20.569+0000] {dag.py:3096} INFO - Sync 1 DAGs
[2024-05-29T01:16:20.600+0000] {logging_mixin.py:188} INFO - [2024-05-29T01:16:20.600+0000] {dag.py:3954} INFO - Setting next_dagrun for example_branch_dop_operator_v3 to 2024-05-29 01:15:00+00:00, run_after=2024-05-29 01:16:00+00:00
[2024-05-29T01:16:20.627+0000] {processor.py:183} INFO - Processing /home/airflow/.local/lib/python3.12/site-packages/airflow/example_dags/example_branch_python_dop_operator_3.py took 0.100 seconds
[2024-05-29T01:16:50.931+0000] {processor.py:161} INFO - Started process (PID=926) to work on /home/airflow/.local/lib/python3.12/site-packages/airflow/example_dags/example_branch_python_dop_operator_3.py
[2024-05-29T01:16:50.933+0000] {processor.py:830} INFO - Processing file /home/airflow/.local/lib/python3.12/site-packages/airflow/example_dags/example_branch_python_dop_operator_3.py for tasks to queue
[2024-05-29T01:16:50.935+0000] {logging_mixin.py:188} INFO - [2024-05-29T01:16:50.935+0000] {dagbag.py:545} INFO - Filling up the DagBag from /home/airflow/.local/lib/python3.12/site-packages/airflow/example_dags/example_branch_python_dop_operator_3.py
[2024-05-29T01:16:50.945+0000] {processor.py:840} INFO - DAG(s) 'example_branch_dop_operator_v3' retrieved from /home/airflow/.local/lib/python3.12/site-packages/airflow/example_dags/example_branch_python_dop_operator_3.py
[2024-05-29T01:16:50.968+0000] {logging_mixin.py:188} INFO - [2024-05-29T01:16:50.968+0000] {dag.py:3096} INFO - Sync 1 DAGs
[2024-05-29T01:16:51.001+0000] {logging_mixin.py:188} INFO - [2024-05-29T01:16:51.000+0000] {dag.py:3954} INFO - Setting next_dagrun for example_branch_dop_operator_v3 to 2024-05-29 01:15:00+00:00, run_after=2024-05-29 01:16:00+00:00
[2024-05-29T01:16:51.022+0000] {processor.py:183} INFO - Processing /home/airflow/.local/lib/python3.12/site-packages/airflow/example_dags/example_branch_python_dop_operator_3.py took 0.096 seconds
[2024-05-29T01:17:21.904+0000] {processor.py:161} INFO - Started process (PID=987) to work on /home/airflow/.local/lib/python3.12/site-packages/airflow/example_dags/example_branch_python_dop_operator_3.py
[2024-05-29T01:17:21.905+0000] {processor.py:830} INFO - Processing file /home/airflow/.local/lib/python3.12/site-packages/airflow/example_dags/example_branch_python_dop_operator_3.py for tasks to queue
[2024-05-29T01:17:21.908+0000] {logging_mixin.py:188} INFO - [2024-05-29T01:17:21.907+0000] {dagbag.py:545} INFO - Filling up the DagBag from /home/airflow/.local/lib/python3.12/site-packages/airflow/example_dags/example_branch_python_dop_operator_3.py
[2024-05-29T01:17:21.917+0000] {processor.py:840} INFO - DAG(s) 'example_branch_dop_operator_v3' retrieved from /home/airflow/.local/lib/python3.12/site-packages/airflow/example_dags/example_branch_python_dop_operator_3.py
[2024-05-29T01:17:21.939+0000] {logging_mixin.py:188} INFO - [2024-05-29T01:17:21.938+0000] {dag.py:3096} INFO - Sync 1 DAGs
[2024-05-29T01:17:21.974+0000] {logging_mixin.py:188} INFO - [2024-05-29T01:17:21.974+0000] {dag.py:3954} INFO - Setting next_dagrun for example_branch_dop_operator_v3 to 2024-05-29 01:16:00+00:00, run_after=2024-05-29 01:17:00+00:00
[2024-05-29T01:17:22.003+0000] {processor.py:183} INFO - Processing /home/airflow/.local/lib/python3.12/site-packages/airflow/example_dags/example_branch_python_dop_operator_3.py took 0.105 seconds
[2024-05-29T01:17:52.580+0000] {processor.py:161} INFO - Started process (PID=1049) to work on /home/airflow/.local/lib/python3.12/site-packages/airflow/example_dags/example_branch_python_dop_operator_3.py
[2024-05-29T01:17:52.581+0000] {processor.py:830} INFO - Processing file /home/airflow/.local/lib/python3.12/site-packages/airflow/example_dags/example_branch_python_dop_operator_3.py for tasks to queue
[2024-05-29T01:17:52.582+0000] {logging_mixin.py:188} INFO - [2024-05-29T01:17:52.582+0000] {dagbag.py:545} INFO - Filling up the DagBag from /home/airflow/.local/lib/python3.12/site-packages/airflow/example_dags/example_branch_python_dop_operator_3.py
[2024-05-29T01:17:52.591+0000] {processor.py:840} INFO - DAG(s) 'example_branch_dop_operator_v3' retrieved from /home/airflow/.local/lib/python3.12/site-packages/airflow/example_dags/example_branch_python_dop_operator_3.py
[2024-05-29T01:17:52.616+0000] {logging_mixin.py:188} INFO - [2024-05-29T01:17:52.616+0000] {dag.py:3096} INFO - Sync 1 DAGs
[2024-05-29T01:17:52.646+0000] {logging_mixin.py:188} INFO - [2024-05-29T01:17:52.645+0000] {dag.py:3954} INFO - Setting next_dagrun for example_branch_dop_operator_v3 to 2024-05-29 01:16:00+00:00, run_after=2024-05-29 01:17:00+00:00
[2024-05-29T01:17:52.668+0000] {processor.py:183} INFO - Processing /home/airflow/.local/lib/python3.12/site-packages/airflow/example_dags/example_branch_python_dop_operator_3.py took 0.094 seconds
[2024-05-29T01:18:23.035+0000] {processor.py:161} INFO - Started process (PID=1109) to work on /home/airflow/.local/lib/python3.12/site-packages/airflow/example_dags/example_branch_python_dop_operator_3.py
[2024-05-29T01:18:23.036+0000] {processor.py:830} INFO - Processing file /home/airflow/.local/lib/python3.12/site-packages/airflow/example_dags/example_branch_python_dop_operator_3.py for tasks to queue
[2024-05-29T01:18:23.038+0000] {logging_mixin.py:188} INFO - [2024-05-29T01:18:23.038+0000] {dagbag.py:545} INFO - Filling up the DagBag from /home/airflow/.local/lib/python3.12/site-packages/airflow/example_dags/example_branch_python_dop_operator_3.py
[2024-05-29T01:18:23.048+0000] {processor.py:840} INFO - DAG(s) 'example_branch_dop_operator_v3' retrieved from /home/airflow/.local/lib/python3.12/site-packages/airflow/example_dags/example_branch_python_dop_operator_3.py
[2024-05-29T01:18:23.070+0000] {logging_mixin.py:188} INFO - [2024-05-29T01:18:23.070+0000] {dag.py:3096} INFO - Sync 1 DAGs
[2024-05-29T01:18:23.099+0000] {logging_mixin.py:188} INFO - [2024-05-29T01:18:23.099+0000] {dag.py:3954} INFO - Setting next_dagrun for example_branch_dop_operator_v3 to 2024-05-29 01:17:00+00:00, run_after=2024-05-29 01:18:00+00:00
[2024-05-29T01:18:23.121+0000] {processor.py:183} INFO - Processing /home/airflow/.local/lib/python3.12/site-packages/airflow/example_dags/example_branch_python_dop_operator_3.py took 0.093 seconds
[2024-05-29T01:18:53.296+0000] {processor.py:161} INFO - Started process (PID=1171) to work on /home/airflow/.local/lib/python3.12/site-packages/airflow/example_dags/example_branch_python_dop_operator_3.py
[2024-05-29T01:18:53.298+0000] {processor.py:830} INFO - Processing file /home/airflow/.local/lib/python3.12/site-packages/airflow/example_dags/example_branch_python_dop_operator_3.py for tasks to queue
[2024-05-29T01:18:53.300+0000] {logging_mixin.py:188} INFO - [2024-05-29T01:18:53.300+0000] {dagbag.py:545} INFO - Filling up the DagBag from /home/airflow/.local/lib/python3.12/site-packages/airflow/example_dags/example_branch_python_dop_operator_3.py
[2024-05-29T01:18:53.311+0000] {processor.py:840} INFO - DAG(s) 'example_branch_dop_operator_v3' retrieved from /home/airflow/.local/lib/python3.12/site-packages/airflow/example_dags/example_branch_python_dop_operator_3.py
[2024-05-29T01:18:53.332+0000] {logging_mixin.py:188} INFO - [2024-05-29T01:18:53.332+0000] {dag.py:3096} INFO - Sync 1 DAGs
[2024-05-29T01:18:53.360+0000] {logging_mixin.py:188} INFO - [2024-05-29T01:18:53.360+0000] {dag.py:3954} INFO - Setting next_dagrun for example_branch_dop_operator_v3 to 2024-05-29 01:17:00+00:00, run_after=2024-05-29 01:18:00+00:00
[2024-05-29T01:18:53.383+0000] {processor.py:183} INFO - Processing /home/airflow/.local/lib/python3.12/site-packages/airflow/example_dags/example_branch_python_dop_operator_3.py took 0.092 seconds
[2024-05-29T01:19:23.727+0000] {processor.py:161} INFO - Started process (PID=1231) to work on /home/airflow/.local/lib/python3.12/site-packages/airflow/example_dags/example_branch_python_dop_operator_3.py
[2024-05-29T01:19:23.729+0000] {processor.py:830} INFO - Processing file /home/airflow/.local/lib/python3.12/site-packages/airflow/example_dags/example_branch_python_dop_operator_3.py for tasks to queue
[2024-05-29T01:19:23.731+0000] {logging_mixin.py:188} INFO - [2024-05-29T01:19:23.731+0000] {dagbag.py:545} INFO - Filling up the DagBag from /home/airflow/.local/lib/python3.12/site-packages/airflow/example_dags/example_branch_python_dop_operator_3.py
[2024-05-29T01:19:23.740+0000] {processor.py:840} INFO - DAG(s) 'example_branch_dop_operator_v3' retrieved from /home/airflow/.local/lib/python3.12/site-packages/airflow/example_dags/example_branch_python_dop_operator_3.py
[2024-05-29T01:19:23.761+0000] {logging_mixin.py:188} INFO - [2024-05-29T01:19:23.761+0000] {dag.py:3096} INFO - Sync 1 DAGs
[2024-05-29T01:19:23.787+0000] {logging_mixin.py:188} INFO - [2024-05-29T01:19:23.786+0000] {dag.py:3954} INFO - Setting next_dagrun for example_branch_dop_operator_v3 to 2024-05-29 01:18:00+00:00, run_after=2024-05-29 01:19:00+00:00
[2024-05-29T01:19:23.810+0000] {processor.py:183} INFO - Processing /home/airflow/.local/lib/python3.12/site-packages/airflow/example_dags/example_branch_python_dop_operator_3.py took 0.088 seconds
[2024-05-29T01:19:54.347+0000] {processor.py:161} INFO - Started process (PID=1291) to work on /home/airflow/.local/lib/python3.12/site-packages/airflow/example_dags/example_branch_python_dop_operator_3.py
[2024-05-29T01:19:54.348+0000] {processor.py:830} INFO - Processing file /home/airflow/.local/lib/python3.12/site-packages/airflow/example_dags/example_branch_python_dop_operator_3.py for tasks to queue
[2024-05-29T01:19:54.350+0000] {logging_mixin.py:188} INFO - [2024-05-29T01:19:54.349+0000] {dagbag.py:545} INFO - Filling up the DagBag from /home/airflow/.local/lib/python3.12/site-packages/airflow/example_dags/example_branch_python_dop_operator_3.py
[2024-05-29T01:19:54.358+0000] {processor.py:840} INFO - DAG(s) 'example_branch_dop_operator_v3' retrieved from /home/airflow/.local/lib/python3.12/site-packages/airflow/example_dags/example_branch_python_dop_operator_3.py
[2024-05-29T01:19:54.383+0000] {logging_mixin.py:188} INFO - [2024-05-29T01:19:54.383+0000] {dag.py:3096} INFO - Sync 1 DAGs
[2024-05-29T01:19:54.413+0000] {logging_mixin.py:188} INFO - [2024-05-29T01:19:54.413+0000] {dag.py:3954} INFO - Setting next_dagrun for example_branch_dop_operator_v3 to 2024-05-29 01:18:00+00:00, run_after=2024-05-29 01:19:00+00:00
[2024-05-29T01:19:54.439+0000] {processor.py:183} INFO - Processing /home/airflow/.local/lib/python3.12/site-packages/airflow/example_dags/example_branch_python_dop_operator_3.py took 0.098 seconds
[2024-05-29T01:20:24.811+0000] {processor.py:161} INFO - Started process (PID=1353) to work on /home/airflow/.local/lib/python3.12/site-packages/airflow/example_dags/example_branch_python_dop_operator_3.py
[2024-05-29T01:20:24.813+0000] {processor.py:830} INFO - Processing file /home/airflow/.local/lib/python3.12/site-packages/airflow/example_dags/example_branch_python_dop_operator_3.py for tasks to queue
[2024-05-29T01:20:24.815+0000] {logging_mixin.py:188} INFO - [2024-05-29T01:20:24.815+0000] {dagbag.py:545} INFO - Filling up the DagBag from /home/airflow/.local/lib/python3.12/site-packages/airflow/example_dags/example_branch_python_dop_operator_3.py
[2024-05-29T01:20:24.823+0000] {processor.py:840} INFO - DAG(s) 'example_branch_dop_operator_v3' retrieved from /home/airflow/.local/lib/python3.12/site-packages/airflow/example_dags/example_branch_python_dop_operator_3.py
[2024-05-29T01:20:24.851+0000] {logging_mixin.py:188} INFO - [2024-05-29T01:20:24.850+0000] {dag.py:3096} INFO - Sync 1 DAGs
[2024-05-29T01:20:24.879+0000] {logging_mixin.py:188} INFO - [2024-05-29T01:20:24.878+0000] {dag.py:3954} INFO - Setting next_dagrun for example_branch_dop_operator_v3 to 2024-05-29 01:19:00+00:00, run_after=2024-05-29 01:20:00+00:00
[2024-05-29T01:20:24.903+0000] {processor.py:183} INFO - Processing /home/airflow/.local/lib/python3.12/site-packages/airflow/example_dags/example_branch_python_dop_operator_3.py took 0.099 seconds
[2024-05-29T01:22:22.897+0000] {processor.py:161} INFO - Started process (PID=1441) to work on /home/airflow/.local/lib/python3.12/site-packages/airflow/example_dags/example_branch_python_dop_operator_3.py
[2024-05-29T01:22:22.899+0000] {processor.py:830} INFO - Processing file /home/airflow/.local/lib/python3.12/site-packages/airflow/example_dags/example_branch_python_dop_operator_3.py for tasks to queue
[2024-05-29T01:22:22.900+0000] {logging_mixin.py:188} INFO - [2024-05-29T01:22:22.900+0000] {dagbag.py:545} INFO - Filling up the DagBag from /home/airflow/.local/lib/python3.12/site-packages/airflow/example_dags/example_branch_python_dop_operator_3.py
[2024-05-29T01:22:22.913+0000] {processor.py:840} INFO - DAG(s) 'example_branch_dop_operator_v3' retrieved from /home/airflow/.local/lib/python3.12/site-packages/airflow/example_dags/example_branch_python_dop_operator_3.py
[2024-05-29T01:22:22.940+0000] {logging_mixin.py:188} INFO - [2024-05-29T01:22:22.940+0000] {dag.py:3096} INFO - Sync 1 DAGs
[2024-05-29T01:22:22.975+0000] {logging_mixin.py:188} INFO - [2024-05-29T01:22:22.975+0000] {dag.py:3954} INFO - Setting next_dagrun for example_branch_dop_operator_v3 to 2024-05-29 01:21:00+00:00, run_after=2024-05-29 01:22:00+00:00
[2024-05-29T01:22:23.001+0000] {processor.py:183} INFO - Processing /home/airflow/.local/lib/python3.12/site-packages/airflow/example_dags/example_branch_python_dop_operator_3.py took 0.116 seconds
[2024-05-29T01:27:50.917+0000] {processor.py:161} INFO - Started process (PID=82) to work on /home/airflow/.local/lib/python3.12/site-packages/airflow/example_dags/example_branch_python_dop_operator_3.py
[2024-05-29T01:27:50.919+0000] {processor.py:830} INFO - Processing file /home/airflow/.local/lib/python3.12/site-packages/airflow/example_dags/example_branch_python_dop_operator_3.py for tasks to queue
[2024-05-29T01:27:50.930+0000] {logging_mixin.py:188} INFO - [2024-05-29T01:27:50.928+0000] {dagbag.py:545} INFO - Filling up the DagBag from /home/airflow/.local/lib/python3.12/site-packages/airflow/example_dags/example_branch_python_dop_operator_3.py
[2024-05-29T01:27:50.963+0000] {processor.py:840} INFO - DAG(s) 'example_branch_dop_operator_v3' retrieved from /home/airflow/.local/lib/python3.12/site-packages/airflow/example_dags/example_branch_python_dop_operator_3.py
[2024-05-29T01:27:50.997+0000] {logging_mixin.py:188} INFO - [2024-05-29T01:27:50.997+0000] {dag.py:3096} INFO - Sync 1 DAGs
[2024-05-29T01:27:51.053+0000] {logging_mixin.py:188} INFO - [2024-05-29T01:27:51.053+0000] {dag.py:3954} INFO - Setting next_dagrun for example_branch_dop_operator_v3 to 2024-05-29 01:26:00+00:00, run_after=2024-05-29 01:27:00+00:00
[2024-05-29T01:27:51.099+0000] {processor.py:183} INFO - Processing /home/airflow/.local/lib/python3.12/site-packages/airflow/example_dags/example_branch_python_dop_operator_3.py took 0.191 seconds
