[2024-05-29T01:09:28.356+0000] {processor.py:161} INFO - Started process (PID=43) to work on /home/airflow/.local/lib/python3.12/site-packages/airflow/example_dags/example_subdag_operator.py
[2024-05-29T01:09:28.371+0000] {processor.py:830} INFO - Processing file /home/airflow/.local/lib/python3.12/site-packages/airflow/example_dags/example_subdag_operator.py for tasks to queue
[2024-05-29T01:09:28.413+0000] {logging_mixin.py:188} INFO - [2024-05-29T01:09:28.412+0000] {dagbag.py:545} INFO - Filling up the DagBag from /home/airflow/.local/lib/python3.12/site-packages/airflow/example_dags/example_subdag_operator.py
[2024-05-29T01:09:28.595+0000] {processor.py:840} INFO - DAG(s) 'example_subdag_operator.section-1', 'example_subdag_operator.section-2', 'example_subdag_operator' retrieved from /home/airflow/.local/lib/python3.12/site-packages/airflow/example_dags/example_subdag_operator.py
[2024-05-29T01:09:29.197+0000] {logging_mixin.py:188} INFO - [2024-05-29T01:09:29.196+0000] {override.py:1829} INFO - Created Permission View: can edit on DAG:example_subdag_operator
[2024-05-29T01:09:29.220+0000] {logging_mixin.py:188} INFO - [2024-05-29T01:09:29.220+0000] {override.py:1829} INFO - Created Permission View: can delete on DAG:example_subdag_operator
[2024-05-29T01:09:29.232+0000] {logging_mixin.py:188} INFO - [2024-05-29T01:09:29.232+0000] {override.py:1829} INFO - Created Permission View: can read on DAG:example_subdag_operator
[2024-05-29T01:09:29.233+0000] {logging_mixin.py:188} INFO - [2024-05-29T01:09:29.233+0000] {dag.py:3096} INFO - Sync 3 DAGs
[2024-05-29T01:09:29.282+0000] {logging_mixin.py:188} INFO - [2024-05-29T01:09:29.281+0000] {dag.py:3118} INFO - Creating ORM DAG for example_subdag_operator.section-2
[2024-05-29T01:09:29.283+0000] {logging_mixin.py:188} INFO - [2024-05-29T01:09:29.283+0000] {dag.py:3118} INFO - Creating ORM DAG for example_subdag_operator
[2024-05-29T01:09:29.285+0000] {logging_mixin.py:188} INFO - [2024-05-29T01:09:29.284+0000] {dag.py:3118} INFO - Creating ORM DAG for example_subdag_operator.section-1
[2024-05-29T01:09:29.331+0000] {logging_mixin.py:188} INFO - [2024-05-29T01:09:29.330+0000] {dag.py:3954} INFO - Setting next_dagrun for example_subdag_operator to 2022-01-01 00:00:00+00:00, run_after=2022-01-01 00:00:00+00:00
[2024-05-29T01:09:29.335+0000] {logging_mixin.py:188} INFO - [2024-05-29T01:09:29.335+0000] {dag.py:3954} INFO - Setting next_dagrun for example_subdag_operator.section-1 to None, run_after=None
[2024-05-29T01:09:29.337+0000] {logging_mixin.py:188} INFO - [2024-05-29T01:09:29.336+0000] {dag.py:3954} INFO - Setting next_dagrun for example_subdag_operator.section-2 to None, run_after=None
[2024-05-29T01:09:29.359+0000] {logging_mixin.py:188} INFO - [2024-05-29T01:09:29.358+0000] {dag.py:3096} INFO - Sync 2 DAGs
[2024-05-29T01:09:29.373+0000] {logging_mixin.py:188} INFO - [2024-05-29T01:09:29.372+0000] {dag.py:3954} INFO - Setting next_dagrun for example_subdag_operator.section-1 to None, run_after=None
[2024-05-29T01:09:29.383+0000] {logging_mixin.py:188} INFO - [2024-05-29T01:09:29.382+0000] {dag.py:3954} INFO - Setting next_dagrun for example_subdag_operator.section-2 to None, run_after=None
[2024-05-29T01:09:29.428+0000] {processor.py:183} INFO - Processing /home/airflow/.local/lib/python3.12/site-packages/airflow/example_dags/example_subdag_operator.py took 1.131 seconds
[2024-05-29T01:09:59.761+0000] {processor.py:161} INFO - Started process (PID=102) to work on /home/airflow/.local/lib/python3.12/site-packages/airflow/example_dags/example_subdag_operator.py
[2024-05-29T01:09:59.763+0000] {processor.py:830} INFO - Processing file /home/airflow/.local/lib/python3.12/site-packages/airflow/example_dags/example_subdag_operator.py for tasks to queue
[2024-05-29T01:09:59.766+0000] {logging_mixin.py:188} INFO - [2024-05-29T01:09:59.766+0000] {dagbag.py:545} INFO - Filling up the DagBag from /home/airflow/.local/lib/python3.12/site-packages/airflow/example_dags/example_subdag_operator.py
[2024-05-29T01:09:59.856+0000] {processor.py:840} INFO - DAG(s) 'example_subdag_operator.section-1', 'example_subdag_operator.section-2', 'example_subdag_operator' retrieved from /home/airflow/.local/lib/python3.12/site-packages/airflow/example_dags/example_subdag_operator.py
[2024-05-29T01:09:59.900+0000] {logging_mixin.py:188} INFO - [2024-05-29T01:09:59.900+0000] {dag.py:3096} INFO - Sync 3 DAGs
[2024-05-29T01:10:00.035+0000] {logging_mixin.py:188} INFO - [2024-05-29T01:10:00.035+0000] {dag.py:3954} INFO - Setting next_dagrun for example_subdag_operator to 2022-01-01 00:00:00+00:00, run_after=2022-01-01 00:00:00+00:00
[2024-05-29T01:10:00.045+0000] {logging_mixin.py:188} INFO - [2024-05-29T01:10:00.044+0000] {dag.py:3954} INFO - Setting next_dagrun for example_subdag_operator.section-1 to None, run_after=None
[2024-05-29T01:10:00.047+0000] {logging_mixin.py:188} INFO - [2024-05-29T01:10:00.047+0000] {dag.py:3954} INFO - Setting next_dagrun for example_subdag_operator.section-2 to None, run_after=None
[2024-05-29T01:10:00.064+0000] {logging_mixin.py:188} INFO - [2024-05-29T01:10:00.064+0000] {dag.py:3096} INFO - Sync 2 DAGs
[2024-05-29T01:10:00.073+0000] {logging_mixin.py:188} INFO - [2024-05-29T01:10:00.073+0000] {dag.py:3954} INFO - Setting next_dagrun for example_subdag_operator.section-1 to None, run_after=None
[2024-05-29T01:10:00.074+0000] {logging_mixin.py:188} INFO - [2024-05-29T01:10:00.074+0000] {dag.py:3954} INFO - Setting next_dagrun for example_subdag_operator.section-2 to None, run_after=None
[2024-05-29T01:10:00.092+0000] {processor.py:183} INFO - Processing /home/airflow/.local/lib/python3.12/site-packages/airflow/example_dags/example_subdag_operator.py took 0.347 seconds
[2024-05-29T01:10:30.209+0000] {processor.py:161} INFO - Started process (PID=161) to work on /home/airflow/.local/lib/python3.12/site-packages/airflow/example_dags/example_subdag_operator.py
[2024-05-29T01:10:30.211+0000] {processor.py:830} INFO - Processing file /home/airflow/.local/lib/python3.12/site-packages/airflow/example_dags/example_subdag_operator.py for tasks to queue
[2024-05-29T01:10:30.214+0000] {logging_mixin.py:188} INFO - [2024-05-29T01:10:30.214+0000] {dagbag.py:545} INFO - Filling up the DagBag from /home/airflow/.local/lib/python3.12/site-packages/airflow/example_dags/example_subdag_operator.py
[2024-05-29T01:10:30.243+0000] {processor.py:840} INFO - DAG(s) 'example_subdag_operator.section-1', 'example_subdag_operator.section-2', 'example_subdag_operator' retrieved from /home/airflow/.local/lib/python3.12/site-packages/airflow/example_dags/example_subdag_operator.py
[2024-05-29T01:10:30.263+0000] {logging_mixin.py:188} INFO - [2024-05-29T01:10:30.263+0000] {dag.py:3096} INFO - Sync 3 DAGs
[2024-05-29T01:10:30.290+0000] {logging_mixin.py:188} INFO - [2024-05-29T01:10:30.289+0000] {dag.py:3954} INFO - Setting next_dagrun for example_subdag_operator to 2022-01-01 00:00:00+00:00, run_after=2022-01-01 00:00:00+00:00
[2024-05-29T01:10:30.295+0000] {logging_mixin.py:188} INFO - [2024-05-29T01:10:30.295+0000] {dag.py:3954} INFO - Setting next_dagrun for example_subdag_operator.section-1 to None, run_after=None
[2024-05-29T01:10:30.297+0000] {logging_mixin.py:188} INFO - [2024-05-29T01:10:30.297+0000] {dag.py:3954} INFO - Setting next_dagrun for example_subdag_operator.section-2 to None, run_after=None
[2024-05-29T01:10:30.307+0000] {logging_mixin.py:188} INFO - [2024-05-29T01:10:30.307+0000] {dag.py:3096} INFO - Sync 2 DAGs
[2024-05-29T01:10:30.314+0000] {logging_mixin.py:188} INFO - [2024-05-29T01:10:30.313+0000] {dag.py:3954} INFO - Setting next_dagrun for example_subdag_operator.section-1 to None, run_after=None
[2024-05-29T01:10:30.314+0000] {logging_mixin.py:188} INFO - [2024-05-29T01:10:30.314+0000] {dag.py:3954} INFO - Setting next_dagrun for example_subdag_operator.section-2 to None, run_after=None
[2024-05-29T01:10:30.328+0000] {processor.py:183} INFO - Processing /home/airflow/.local/lib/python3.12/site-packages/airflow/example_dags/example_subdag_operator.py took 0.134 seconds
[2024-05-29T01:11:00.515+0000] {processor.py:161} INFO - Started process (PID=221) to work on /home/airflow/.local/lib/python3.12/site-packages/airflow/example_dags/example_subdag_operator.py
[2024-05-29T01:11:00.517+0000] {processor.py:830} INFO - Processing file /home/airflow/.local/lib/python3.12/site-packages/airflow/example_dags/example_subdag_operator.py for tasks to queue
[2024-05-29T01:11:00.520+0000] {logging_mixin.py:188} INFO - [2024-05-29T01:11:00.519+0000] {dagbag.py:545} INFO - Filling up the DagBag from /home/airflow/.local/lib/python3.12/site-packages/airflow/example_dags/example_subdag_operator.py
[2024-05-29T01:11:00.554+0000] {processor.py:840} INFO - DAG(s) 'example_subdag_operator.section-1', 'example_subdag_operator.section-2', 'example_subdag_operator' retrieved from /home/airflow/.local/lib/python3.12/site-packages/airflow/example_dags/example_subdag_operator.py
[2024-05-29T01:11:00.577+0000] {logging_mixin.py:188} INFO - [2024-05-29T01:11:00.577+0000] {dag.py:3096} INFO - Sync 3 DAGs
[2024-05-29T01:11:00.606+0000] {logging_mixin.py:188} INFO - [2024-05-29T01:11:00.606+0000] {dag.py:3954} INFO - Setting next_dagrun for example_subdag_operator to 2022-01-01 00:00:00+00:00, run_after=2022-01-01 00:00:00+00:00
[2024-05-29T01:11:00.613+0000] {logging_mixin.py:188} INFO - [2024-05-29T01:11:00.612+0000] {dag.py:3954} INFO - Setting next_dagrun for example_subdag_operator.section-1 to None, run_after=None
[2024-05-29T01:11:00.616+0000] {logging_mixin.py:188} INFO - [2024-05-29T01:11:00.615+0000] {dag.py:3954} INFO - Setting next_dagrun for example_subdag_operator.section-2 to None, run_after=None
[2024-05-29T01:11:00.629+0000] {logging_mixin.py:188} INFO - [2024-05-29T01:11:00.629+0000] {dag.py:3096} INFO - Sync 2 DAGs
[2024-05-29T01:11:00.638+0000] {logging_mixin.py:188} INFO - [2024-05-29T01:11:00.638+0000] {dag.py:3954} INFO - Setting next_dagrun for example_subdag_operator.section-1 to None, run_after=None
[2024-05-29T01:11:00.639+0000] {logging_mixin.py:188} INFO - [2024-05-29T01:11:00.639+0000] {dag.py:3954} INFO - Setting next_dagrun for example_subdag_operator.section-2 to None, run_after=None
[2024-05-29T01:11:00.662+0000] {processor.py:183} INFO - Processing /home/airflow/.local/lib/python3.12/site-packages/airflow/example_dags/example_subdag_operator.py took 0.156 seconds
[2024-05-29T01:11:30.875+0000] {processor.py:161} INFO - Started process (PID=282) to work on /home/airflow/.local/lib/python3.12/site-packages/airflow/example_dags/example_subdag_operator.py
[2024-05-29T01:11:30.876+0000] {processor.py:830} INFO - Processing file /home/airflow/.local/lib/python3.12/site-packages/airflow/example_dags/example_subdag_operator.py for tasks to queue
[2024-05-29T01:11:30.880+0000] {logging_mixin.py:188} INFO - [2024-05-29T01:11:30.879+0000] {dagbag.py:545} INFO - Filling up the DagBag from /home/airflow/.local/lib/python3.12/site-packages/airflow/example_dags/example_subdag_operator.py
[2024-05-29T01:11:30.920+0000] {processor.py:840} INFO - DAG(s) 'example_subdag_operator.section-1', 'example_subdag_operator.section-2', 'example_subdag_operator' retrieved from /home/airflow/.local/lib/python3.12/site-packages/airflow/example_dags/example_subdag_operator.py
[2024-05-29T01:11:30.947+0000] {logging_mixin.py:188} INFO - [2024-05-29T01:11:30.946+0000] {dag.py:3096} INFO - Sync 3 DAGs
[2024-05-29T01:11:30.984+0000] {logging_mixin.py:188} INFO - [2024-05-29T01:11:30.983+0000] {dag.py:3954} INFO - Setting next_dagrun for example_subdag_operator to 2022-01-01 00:00:00+00:00, run_after=2022-01-01 00:00:00+00:00
[2024-05-29T01:11:30.991+0000] {logging_mixin.py:188} INFO - [2024-05-29T01:11:30.990+0000] {dag.py:3954} INFO - Setting next_dagrun for example_subdag_operator.section-1 to None, run_after=None
[2024-05-29T01:11:30.994+0000] {logging_mixin.py:188} INFO - [2024-05-29T01:11:30.993+0000] {dag.py:3954} INFO - Setting next_dagrun for example_subdag_operator.section-2 to None, run_after=None
[2024-05-29T01:11:31.005+0000] {logging_mixin.py:188} INFO - [2024-05-29T01:11:31.005+0000] {dag.py:3096} INFO - Sync 2 DAGs
[2024-05-29T01:11:31.013+0000] {logging_mixin.py:188} INFO - [2024-05-29T01:11:31.013+0000] {dag.py:3954} INFO - Setting next_dagrun for example_subdag_operator.section-1 to None, run_after=None
[2024-05-29T01:11:31.014+0000] {logging_mixin.py:188} INFO - [2024-05-29T01:11:31.014+0000] {dag.py:3954} INFO - Setting next_dagrun for example_subdag_operator.section-2 to None, run_after=None
[2024-05-29T01:11:31.029+0000] {processor.py:183} INFO - Processing /home/airflow/.local/lib/python3.12/site-packages/airflow/example_dags/example_subdag_operator.py took 0.164 seconds
[2024-05-29T01:12:01.202+0000] {processor.py:161} INFO - Started process (PID=342) to work on /home/airflow/.local/lib/python3.12/site-packages/airflow/example_dags/example_subdag_operator.py
[2024-05-29T01:12:01.203+0000] {processor.py:830} INFO - Processing file /home/airflow/.local/lib/python3.12/site-packages/airflow/example_dags/example_subdag_operator.py for tasks to queue
[2024-05-29T01:12:01.207+0000] {logging_mixin.py:188} INFO - [2024-05-29T01:12:01.206+0000] {dagbag.py:545} INFO - Filling up the DagBag from /home/airflow/.local/lib/python3.12/site-packages/airflow/example_dags/example_subdag_operator.py
[2024-05-29T01:12:01.237+0000] {processor.py:840} INFO - DAG(s) 'example_subdag_operator.section-1', 'example_subdag_operator.section-2', 'example_subdag_operator' retrieved from /home/airflow/.local/lib/python3.12/site-packages/airflow/example_dags/example_subdag_operator.py
[2024-05-29T01:12:01.262+0000] {logging_mixin.py:188} INFO - [2024-05-29T01:12:01.262+0000] {dag.py:3096} INFO - Sync 3 DAGs
[2024-05-29T01:12:01.294+0000] {logging_mixin.py:188} INFO - [2024-05-29T01:12:01.294+0000] {dag.py:3954} INFO - Setting next_dagrun for example_subdag_operator to 2022-01-01 00:00:00+00:00, run_after=2022-01-01 00:00:00+00:00
[2024-05-29T01:12:01.300+0000] {logging_mixin.py:188} INFO - [2024-05-29T01:12:01.300+0000] {dag.py:3954} INFO - Setting next_dagrun for example_subdag_operator.section-1 to None, run_after=None
[2024-05-29T01:12:01.304+0000] {logging_mixin.py:188} INFO - [2024-05-29T01:12:01.303+0000] {dag.py:3954} INFO - Setting next_dagrun for example_subdag_operator.section-2 to None, run_after=None
[2024-05-29T01:12:01.318+0000] {logging_mixin.py:188} INFO - [2024-05-29T01:12:01.318+0000] {dag.py:3096} INFO - Sync 2 DAGs
[2024-05-29T01:12:01.329+0000] {logging_mixin.py:188} INFO - [2024-05-29T01:12:01.329+0000] {dag.py:3954} INFO - Setting next_dagrun for example_subdag_operator.section-1 to None, run_after=None
[2024-05-29T01:12:01.330+0000] {logging_mixin.py:188} INFO - [2024-05-29T01:12:01.330+0000] {dag.py:3954} INFO - Setting next_dagrun for example_subdag_operator.section-2 to None, run_after=None
[2024-05-29T01:12:01.348+0000] {processor.py:183} INFO - Processing /home/airflow/.local/lib/python3.12/site-packages/airflow/example_dags/example_subdag_operator.py took 0.153 seconds
[2024-05-29T01:12:32.480+0000] {processor.py:161} INFO - Started process (PID=402) to work on /home/airflow/.local/lib/python3.12/site-packages/airflow/example_dags/example_subdag_operator.py
[2024-05-29T01:12:32.499+0000] {processor.py:830} INFO - Processing file /home/airflow/.local/lib/python3.12/site-packages/airflow/example_dags/example_subdag_operator.py for tasks to queue
[2024-05-29T01:12:32.547+0000] {logging_mixin.py:188} INFO - [2024-05-29T01:12:32.540+0000] {dagbag.py:545} INFO - Filling up the DagBag from /home/airflow/.local/lib/python3.12/site-packages/airflow/example_dags/example_subdag_operator.py
[2024-05-29T01:12:33.762+0000] {processor.py:840} INFO - DAG(s) 'example_subdag_operator.section-1', 'example_subdag_operator.section-2', 'example_subdag_operator' retrieved from /home/airflow/.local/lib/python3.12/site-packages/airflow/example_dags/example_subdag_operator.py
[2024-05-29T01:12:33.822+0000] {logging_mixin.py:188} INFO - [2024-05-29T01:12:33.821+0000] {dag.py:3096} INFO - Sync 3 DAGs
[2024-05-29T01:12:33.867+0000] {logging_mixin.py:188} INFO - [2024-05-29T01:12:33.866+0000] {dag.py:3954} INFO - Setting next_dagrun for example_subdag_operator to 2022-01-01 00:00:00+00:00, run_after=2022-01-01 00:00:00+00:00
[2024-05-29T01:12:33.877+0000] {logging_mixin.py:188} INFO - [2024-05-29T01:12:33.876+0000] {dag.py:3954} INFO - Setting next_dagrun for example_subdag_operator.section-1 to None, run_after=None
[2024-05-29T01:12:33.880+0000] {logging_mixin.py:188} INFO - [2024-05-29T01:12:33.879+0000] {dag.py:3954} INFO - Setting next_dagrun for example_subdag_operator.section-2 to None, run_after=None
[2024-05-29T01:12:33.903+0000] {logging_mixin.py:188} INFO - [2024-05-29T01:12:33.903+0000] {dag.py:3096} INFO - Sync 2 DAGs
[2024-05-29T01:12:33.917+0000] {logging_mixin.py:188} INFO - [2024-05-29T01:12:33.917+0000] {dag.py:3954} INFO - Setting next_dagrun for example_subdag_operator.section-1 to None, run_after=None
[2024-05-29T01:12:33.918+0000] {logging_mixin.py:188} INFO - [2024-05-29T01:12:33.918+0000] {dag.py:3954} INFO - Setting next_dagrun for example_subdag_operator.section-2 to None, run_after=None
[2024-05-29T01:12:33.941+0000] {processor.py:183} INFO - Processing /home/airflow/.local/lib/python3.12/site-packages/airflow/example_dags/example_subdag_operator.py took 1.583 seconds
[2024-05-29T01:13:04.533+0000] {processor.py:161} INFO - Started process (PID=462) to work on /home/airflow/.local/lib/python3.12/site-packages/airflow/example_dags/example_subdag_operator.py
[2024-05-29T01:13:04.535+0000] {processor.py:830} INFO - Processing file /home/airflow/.local/lib/python3.12/site-packages/airflow/example_dags/example_subdag_operator.py for tasks to queue
[2024-05-29T01:13:04.538+0000] {logging_mixin.py:188} INFO - [2024-05-29T01:13:04.537+0000] {dagbag.py:545} INFO - Filling up the DagBag from /home/airflow/.local/lib/python3.12/site-packages/airflow/example_dags/example_subdag_operator.py
[2024-05-29T01:13:04.577+0000] {processor.py:840} INFO - DAG(s) 'example_subdag_operator.section-1', 'example_subdag_operator.section-2', 'example_subdag_operator' retrieved from /home/airflow/.local/lib/python3.12/site-packages/airflow/example_dags/example_subdag_operator.py
[2024-05-29T01:13:04.598+0000] {logging_mixin.py:188} INFO - [2024-05-29T01:13:04.597+0000] {dag.py:3096} INFO - Sync 3 DAGs
[2024-05-29T01:13:04.631+0000] {logging_mixin.py:188} INFO - [2024-05-29T01:13:04.630+0000] {dag.py:3954} INFO - Setting next_dagrun for example_subdag_operator to 2022-01-01 00:00:00+00:00, run_after=2022-01-01 00:00:00+00:00
[2024-05-29T01:13:04.637+0000] {logging_mixin.py:188} INFO - [2024-05-29T01:13:04.636+0000] {dag.py:3954} INFO - Setting next_dagrun for example_subdag_operator.section-1 to None, run_after=None
[2024-05-29T01:13:04.639+0000] {logging_mixin.py:188} INFO - [2024-05-29T01:13:04.638+0000] {dag.py:3954} INFO - Setting next_dagrun for example_subdag_operator.section-2 to None, run_after=None
[2024-05-29T01:13:04.652+0000] {logging_mixin.py:188} INFO - [2024-05-29T01:13:04.652+0000] {dag.py:3096} INFO - Sync 2 DAGs
[2024-05-29T01:13:04.660+0000] {logging_mixin.py:188} INFO - [2024-05-29T01:13:04.660+0000] {dag.py:3954} INFO - Setting next_dagrun for example_subdag_operator.section-1 to None, run_after=None
[2024-05-29T01:13:04.661+0000] {logging_mixin.py:188} INFO - [2024-05-29T01:13:04.661+0000] {dag.py:3954} INFO - Setting next_dagrun for example_subdag_operator.section-2 to None, run_after=None
[2024-05-29T01:13:04.681+0000] {processor.py:183} INFO - Processing /home/airflow/.local/lib/python3.12/site-packages/airflow/example_dags/example_subdag_operator.py took 0.161 seconds
[2024-05-29T01:13:34.792+0000] {processor.py:161} INFO - Started process (PID=522) to work on /home/airflow/.local/lib/python3.12/site-packages/airflow/example_dags/example_subdag_operator.py
[2024-05-29T01:13:34.794+0000] {processor.py:830} INFO - Processing file /home/airflow/.local/lib/python3.12/site-packages/airflow/example_dags/example_subdag_operator.py for tasks to queue
[2024-05-29T01:13:34.796+0000] {logging_mixin.py:188} INFO - [2024-05-29T01:13:34.796+0000] {dagbag.py:545} INFO - Filling up the DagBag from /home/airflow/.local/lib/python3.12/site-packages/airflow/example_dags/example_subdag_operator.py
[2024-05-29T01:13:34.823+0000] {processor.py:840} INFO - DAG(s) 'example_subdag_operator.section-1', 'example_subdag_operator.section-2', 'example_subdag_operator' retrieved from /home/airflow/.local/lib/python3.12/site-packages/airflow/example_dags/example_subdag_operator.py
[2024-05-29T01:13:34.840+0000] {logging_mixin.py:188} INFO - [2024-05-29T01:13:34.840+0000] {dag.py:3096} INFO - Sync 3 DAGs
[2024-05-29T01:13:34.862+0000] {logging_mixin.py:188} INFO - [2024-05-29T01:13:34.862+0000] {dag.py:3954} INFO - Setting next_dagrun for example_subdag_operator to 2022-01-01 00:00:00+00:00, run_after=2022-01-01 00:00:00+00:00
[2024-05-29T01:13:34.866+0000] {logging_mixin.py:188} INFO - [2024-05-29T01:13:34.866+0000] {dag.py:3954} INFO - Setting next_dagrun for example_subdag_operator.section-1 to None, run_after=None
[2024-05-29T01:13:34.869+0000] {logging_mixin.py:188} INFO - [2024-05-29T01:13:34.868+0000] {dag.py:3954} INFO - Setting next_dagrun for example_subdag_operator.section-2 to None, run_after=None
[2024-05-29T01:13:34.879+0000] {logging_mixin.py:188} INFO - [2024-05-29T01:13:34.879+0000] {dag.py:3096} INFO - Sync 2 DAGs
[2024-05-29T01:13:34.888+0000] {logging_mixin.py:188} INFO - [2024-05-29T01:13:34.887+0000] {dag.py:3954} INFO - Setting next_dagrun for example_subdag_operator.section-1 to None, run_after=None
[2024-05-29T01:13:34.889+0000] {logging_mixin.py:188} INFO - [2024-05-29T01:13:34.888+0000] {dag.py:3954} INFO - Setting next_dagrun for example_subdag_operator.section-2 to None, run_after=None
[2024-05-29T01:13:34.902+0000] {processor.py:183} INFO - Processing /home/airflow/.local/lib/python3.12/site-packages/airflow/example_dags/example_subdag_operator.py took 0.115 seconds
[2024-05-29T01:14:04.973+0000] {processor.py:161} INFO - Started process (PID=582) to work on /home/airflow/.local/lib/python3.12/site-packages/airflow/example_dags/example_subdag_operator.py
[2024-05-29T01:14:04.974+0000] {processor.py:830} INFO - Processing file /home/airflow/.local/lib/python3.12/site-packages/airflow/example_dags/example_subdag_operator.py for tasks to queue
[2024-05-29T01:14:04.977+0000] {logging_mixin.py:188} INFO - [2024-05-29T01:14:04.976+0000] {dagbag.py:545} INFO - Filling up the DagBag from /home/airflow/.local/lib/python3.12/site-packages/airflow/example_dags/example_subdag_operator.py
[2024-05-29T01:14:05.003+0000] {processor.py:840} INFO - DAG(s) 'example_subdag_operator.section-1', 'example_subdag_operator.section-2', 'example_subdag_operator' retrieved from /home/airflow/.local/lib/python3.12/site-packages/airflow/example_dags/example_subdag_operator.py
[2024-05-29T01:14:05.025+0000] {logging_mixin.py:188} INFO - [2024-05-29T01:14:05.024+0000] {dag.py:3096} INFO - Sync 3 DAGs
[2024-05-29T01:14:05.050+0000] {logging_mixin.py:188} INFO - [2024-05-29T01:14:05.050+0000] {dag.py:3954} INFO - Setting next_dagrun for example_subdag_operator to 2022-01-01 00:00:00+00:00, run_after=2022-01-01 00:00:00+00:00
[2024-05-29T01:14:05.054+0000] {logging_mixin.py:188} INFO - [2024-05-29T01:14:05.054+0000] {dag.py:3954} INFO - Setting next_dagrun for example_subdag_operator.section-1 to None, run_after=None
[2024-05-29T01:14:05.057+0000] {logging_mixin.py:188} INFO - [2024-05-29T01:14:05.057+0000] {dag.py:3954} INFO - Setting next_dagrun for example_subdag_operator.section-2 to None, run_after=None
[2024-05-29T01:14:05.067+0000] {logging_mixin.py:188} INFO - [2024-05-29T01:14:05.067+0000] {dag.py:3096} INFO - Sync 2 DAGs
[2024-05-29T01:14:05.076+0000] {logging_mixin.py:188} INFO - [2024-05-29T01:14:05.075+0000] {dag.py:3954} INFO - Setting next_dagrun for example_subdag_operator.section-1 to None, run_after=None
[2024-05-29T01:14:05.077+0000] {logging_mixin.py:188} INFO - [2024-05-29T01:14:05.076+0000] {dag.py:3954} INFO - Setting next_dagrun for example_subdag_operator.section-2 to None, run_after=None
[2024-05-29T01:14:05.092+0000] {processor.py:183} INFO - Processing /home/airflow/.local/lib/python3.12/site-packages/airflow/example_dags/example_subdag_operator.py took 0.128 seconds
[2024-05-29T01:14:35.218+0000] {processor.py:161} INFO - Started process (PID=642) to work on /home/airflow/.local/lib/python3.12/site-packages/airflow/example_dags/example_subdag_operator.py
[2024-05-29T01:14:35.219+0000] {processor.py:830} INFO - Processing file /home/airflow/.local/lib/python3.12/site-packages/airflow/example_dags/example_subdag_operator.py for tasks to queue
[2024-05-29T01:14:35.222+0000] {logging_mixin.py:188} INFO - [2024-05-29T01:14:35.222+0000] {dagbag.py:545} INFO - Filling up the DagBag from /home/airflow/.local/lib/python3.12/site-packages/airflow/example_dags/example_subdag_operator.py
[2024-05-29T01:14:35.248+0000] {processor.py:840} INFO - DAG(s) 'example_subdag_operator.section-1', 'example_subdag_operator.section-2', 'example_subdag_operator' retrieved from /home/airflow/.local/lib/python3.12/site-packages/airflow/example_dags/example_subdag_operator.py
[2024-05-29T01:14:35.267+0000] {logging_mixin.py:188} INFO - [2024-05-29T01:14:35.267+0000] {dag.py:3096} INFO - Sync 3 DAGs
[2024-05-29T01:14:35.291+0000] {logging_mixin.py:188} INFO - [2024-05-29T01:14:35.290+0000] {dag.py:3954} INFO - Setting next_dagrun for example_subdag_operator to 2022-01-01 00:00:00+00:00, run_after=2022-01-01 00:00:00+00:00
[2024-05-29T01:14:35.295+0000] {logging_mixin.py:188} INFO - [2024-05-29T01:14:35.295+0000] {dag.py:3954} INFO - Setting next_dagrun for example_subdag_operator.section-1 to None, run_after=None
[2024-05-29T01:14:35.298+0000] {logging_mixin.py:188} INFO - [2024-05-29T01:14:35.297+0000] {dag.py:3954} INFO - Setting next_dagrun for example_subdag_operator.section-2 to None, run_after=None
[2024-05-29T01:14:35.307+0000] {logging_mixin.py:188} INFO - [2024-05-29T01:14:35.307+0000] {dag.py:3096} INFO - Sync 2 DAGs
[2024-05-29T01:14:35.314+0000] {logging_mixin.py:188} INFO - [2024-05-29T01:14:35.314+0000] {dag.py:3954} INFO - Setting next_dagrun for example_subdag_operator.section-1 to None, run_after=None
[2024-05-29T01:14:35.315+0000] {logging_mixin.py:188} INFO - [2024-05-29T01:14:35.315+0000] {dag.py:3954} INFO - Setting next_dagrun for example_subdag_operator.section-2 to None, run_after=None
[2024-05-29T01:14:35.333+0000] {processor.py:183} INFO - Processing /home/airflow/.local/lib/python3.12/site-packages/airflow/example_dags/example_subdag_operator.py took 0.120 seconds
[2024-05-29T01:15:05.590+0000] {processor.py:161} INFO - Started process (PID=702) to work on /home/airflow/.local/lib/python3.12/site-packages/airflow/example_dags/example_subdag_operator.py
[2024-05-29T01:15:05.591+0000] {processor.py:830} INFO - Processing file /home/airflow/.local/lib/python3.12/site-packages/airflow/example_dags/example_subdag_operator.py for tasks to queue
[2024-05-29T01:15:05.594+0000] {logging_mixin.py:188} INFO - [2024-05-29T01:15:05.594+0000] {dagbag.py:545} INFO - Filling up the DagBag from /home/airflow/.local/lib/python3.12/site-packages/airflow/example_dags/example_subdag_operator.py
[2024-05-29T01:15:05.635+0000] {processor.py:840} INFO - DAG(s) 'example_subdag_operator.section-1', 'example_subdag_operator.section-2', 'example_subdag_operator' retrieved from /home/airflow/.local/lib/python3.12/site-packages/airflow/example_dags/example_subdag_operator.py
[2024-05-29T01:15:05.656+0000] {logging_mixin.py:188} INFO - [2024-05-29T01:15:05.656+0000] {dag.py:3096} INFO - Sync 3 DAGs
[2024-05-29T01:15:05.697+0000] {logging_mixin.py:188} INFO - [2024-05-29T01:15:05.696+0000] {dag.py:3954} INFO - Setting next_dagrun for example_subdag_operator to 2022-01-01 00:00:00+00:00, run_after=2022-01-01 00:00:00+00:00
[2024-05-29T01:15:05.704+0000] {logging_mixin.py:188} INFO - [2024-05-29T01:15:05.704+0000] {dag.py:3954} INFO - Setting next_dagrun for example_subdag_operator.section-1 to None, run_after=None
[2024-05-29T01:15:05.707+0000] {logging_mixin.py:188} INFO - [2024-05-29T01:15:05.706+0000] {dag.py:3954} INFO - Setting next_dagrun for example_subdag_operator.section-2 to None, run_after=None
[2024-05-29T01:15:05.719+0000] {logging_mixin.py:188} INFO - [2024-05-29T01:15:05.719+0000] {dag.py:3096} INFO - Sync 2 DAGs
[2024-05-29T01:15:05.730+0000] {logging_mixin.py:188} INFO - [2024-05-29T01:15:05.729+0000] {dag.py:3954} INFO - Setting next_dagrun for example_subdag_operator.section-1 to None, run_after=None
[2024-05-29T01:15:05.731+0000] {logging_mixin.py:188} INFO - [2024-05-29T01:15:05.731+0000] {dag.py:3954} INFO - Setting next_dagrun for example_subdag_operator.section-2 to None, run_after=None
[2024-05-29T01:15:05.750+0000] {processor.py:183} INFO - Processing /home/airflow/.local/lib/python3.12/site-packages/airflow/example_dags/example_subdag_operator.py took 0.171 seconds
[2024-05-29T01:15:36.026+0000] {processor.py:161} INFO - Started process (PID=762) to work on /home/airflow/.local/lib/python3.12/site-packages/airflow/example_dags/example_subdag_operator.py
[2024-05-29T01:15:36.027+0000] {processor.py:830} INFO - Processing file /home/airflow/.local/lib/python3.12/site-packages/airflow/example_dags/example_subdag_operator.py for tasks to queue
[2024-05-29T01:15:36.029+0000] {logging_mixin.py:188} INFO - [2024-05-29T01:15:36.029+0000] {dagbag.py:545} INFO - Filling up the DagBag from /home/airflow/.local/lib/python3.12/site-packages/airflow/example_dags/example_subdag_operator.py
[2024-05-29T01:15:36.056+0000] {processor.py:840} INFO - DAG(s) 'example_subdag_operator.section-1', 'example_subdag_operator.section-2', 'example_subdag_operator' retrieved from /home/airflow/.local/lib/python3.12/site-packages/airflow/example_dags/example_subdag_operator.py
[2024-05-29T01:15:36.076+0000] {logging_mixin.py:188} INFO - [2024-05-29T01:15:36.075+0000] {dag.py:3096} INFO - Sync 3 DAGs
[2024-05-29T01:15:36.104+0000] {logging_mixin.py:188} INFO - [2024-05-29T01:15:36.103+0000] {dag.py:3954} INFO - Setting next_dagrun for example_subdag_operator to 2022-01-01 00:00:00+00:00, run_after=2022-01-01 00:00:00+00:00
[2024-05-29T01:15:36.109+0000] {logging_mixin.py:188} INFO - [2024-05-29T01:15:36.108+0000] {dag.py:3954} INFO - Setting next_dagrun for example_subdag_operator.section-1 to None, run_after=None
[2024-05-29T01:15:36.111+0000] {logging_mixin.py:188} INFO - [2024-05-29T01:15:36.111+0000] {dag.py:3954} INFO - Setting next_dagrun for example_subdag_operator.section-2 to None, run_after=None
[2024-05-29T01:15:36.122+0000] {logging_mixin.py:188} INFO - [2024-05-29T01:15:36.121+0000] {dag.py:3096} INFO - Sync 2 DAGs
[2024-05-29T01:15:36.130+0000] {logging_mixin.py:188} INFO - [2024-05-29T01:15:36.130+0000] {dag.py:3954} INFO - Setting next_dagrun for example_subdag_operator.section-1 to None, run_after=None
[2024-05-29T01:15:36.131+0000] {logging_mixin.py:188} INFO - [2024-05-29T01:15:36.130+0000] {dag.py:3954} INFO - Setting next_dagrun for example_subdag_operator.section-2 to None, run_after=None
[2024-05-29T01:15:36.146+0000] {processor.py:183} INFO - Processing /home/airflow/.local/lib/python3.12/site-packages/airflow/example_dags/example_subdag_operator.py took 0.127 seconds
[2024-05-29T01:16:06.320+0000] {processor.py:161} INFO - Started process (PID=822) to work on /home/airflow/.local/lib/python3.12/site-packages/airflow/example_dags/example_subdag_operator.py
[2024-05-29T01:16:06.321+0000] {processor.py:830} INFO - Processing file /home/airflow/.local/lib/python3.12/site-packages/airflow/example_dags/example_subdag_operator.py for tasks to queue
[2024-05-29T01:16:06.324+0000] {logging_mixin.py:188} INFO - [2024-05-29T01:16:06.323+0000] {dagbag.py:545} INFO - Filling up the DagBag from /home/airflow/.local/lib/python3.12/site-packages/airflow/example_dags/example_subdag_operator.py
[2024-05-29T01:16:06.359+0000] {processor.py:840} INFO - DAG(s) 'example_subdag_operator.section-1', 'example_subdag_operator.section-2', 'example_subdag_operator' retrieved from /home/airflow/.local/lib/python3.12/site-packages/airflow/example_dags/example_subdag_operator.py
[2024-05-29T01:16:06.385+0000] {logging_mixin.py:188} INFO - [2024-05-29T01:16:06.384+0000] {dag.py:3096} INFO - Sync 3 DAGs
[2024-05-29T01:16:06.416+0000] {logging_mixin.py:188} INFO - [2024-05-29T01:16:06.416+0000] {dag.py:3954} INFO - Setting next_dagrun for example_subdag_operator to 2022-01-01 00:00:00+00:00, run_after=2022-01-01 00:00:00+00:00
[2024-05-29T01:16:06.422+0000] {logging_mixin.py:188} INFO - [2024-05-29T01:16:06.422+0000] {dag.py:3954} INFO - Setting next_dagrun for example_subdag_operator.section-1 to None, run_after=None
[2024-05-29T01:16:06.425+0000] {logging_mixin.py:188} INFO - [2024-05-29T01:16:06.424+0000] {dag.py:3954} INFO - Setting next_dagrun for example_subdag_operator.section-2 to None, run_after=None
[2024-05-29T01:16:06.437+0000] {logging_mixin.py:188} INFO - [2024-05-29T01:16:06.437+0000] {dag.py:3096} INFO - Sync 2 DAGs
[2024-05-29T01:16:06.447+0000] {logging_mixin.py:188} INFO - [2024-05-29T01:16:06.447+0000] {dag.py:3954} INFO - Setting next_dagrun for example_subdag_operator.section-1 to None, run_after=None
[2024-05-29T01:16:06.448+0000] {logging_mixin.py:188} INFO - [2024-05-29T01:16:06.448+0000] {dag.py:3954} INFO - Setting next_dagrun for example_subdag_operator.section-2 to None, run_after=None
[2024-05-29T01:16:06.464+0000] {processor.py:183} INFO - Processing /home/airflow/.local/lib/python3.12/site-packages/airflow/example_dags/example_subdag_operator.py took 0.149 seconds
[2024-05-29T01:16:36.557+0000] {processor.py:161} INFO - Started process (PID=882) to work on /home/airflow/.local/lib/python3.12/site-packages/airflow/example_dags/example_subdag_operator.py
[2024-05-29T01:16:36.559+0000] {processor.py:830} INFO - Processing file /home/airflow/.local/lib/python3.12/site-packages/airflow/example_dags/example_subdag_operator.py for tasks to queue
[2024-05-29T01:16:36.561+0000] {logging_mixin.py:188} INFO - [2024-05-29T01:16:36.560+0000] {dagbag.py:545} INFO - Filling up the DagBag from /home/airflow/.local/lib/python3.12/site-packages/airflow/example_dags/example_subdag_operator.py
[2024-05-29T01:16:36.586+0000] {processor.py:840} INFO - DAG(s) 'example_subdag_operator.section-1', 'example_subdag_operator.section-2', 'example_subdag_operator' retrieved from /home/airflow/.local/lib/python3.12/site-packages/airflow/example_dags/example_subdag_operator.py
[2024-05-29T01:16:36.606+0000] {logging_mixin.py:188} INFO - [2024-05-29T01:16:36.606+0000] {dag.py:3096} INFO - Sync 3 DAGs
[2024-05-29T01:16:36.630+0000] {logging_mixin.py:188} INFO - [2024-05-29T01:16:36.630+0000] {dag.py:3954} INFO - Setting next_dagrun for example_subdag_operator to 2022-01-01 00:00:00+00:00, run_after=2022-01-01 00:00:00+00:00
[2024-05-29T01:16:36.636+0000] {logging_mixin.py:188} INFO - [2024-05-29T01:16:36.636+0000] {dag.py:3954} INFO - Setting next_dagrun for example_subdag_operator.section-1 to None, run_after=None
[2024-05-29T01:16:36.638+0000] {logging_mixin.py:188} INFO - [2024-05-29T01:16:36.638+0000] {dag.py:3954} INFO - Setting next_dagrun for example_subdag_operator.section-2 to None, run_after=None
[2024-05-29T01:16:36.647+0000] {logging_mixin.py:188} INFO - [2024-05-29T01:16:36.647+0000] {dag.py:3096} INFO - Sync 2 DAGs
[2024-05-29T01:16:36.657+0000] {logging_mixin.py:188} INFO - [2024-05-29T01:16:36.656+0000] {dag.py:3954} INFO - Setting next_dagrun for example_subdag_operator.section-1 to None, run_after=None
[2024-05-29T01:16:36.658+0000] {logging_mixin.py:188} INFO - [2024-05-29T01:16:36.658+0000] {dag.py:3954} INFO - Setting next_dagrun for example_subdag_operator.section-2 to None, run_after=None
[2024-05-29T01:16:36.672+0000] {processor.py:183} INFO - Processing /home/airflow/.local/lib/python3.12/site-packages/airflow/example_dags/example_subdag_operator.py took 0.121 seconds
[2024-05-29T01:17:07.308+0000] {processor.py:161} INFO - Started process (PID=944) to work on /home/airflow/.local/lib/python3.12/site-packages/airflow/example_dags/example_subdag_operator.py
[2024-05-29T01:17:07.310+0000] {processor.py:830} INFO - Processing file /home/airflow/.local/lib/python3.12/site-packages/airflow/example_dags/example_subdag_operator.py for tasks to queue
[2024-05-29T01:17:07.313+0000] {logging_mixin.py:188} INFO - [2024-05-29T01:17:07.312+0000] {dagbag.py:545} INFO - Filling up the DagBag from /home/airflow/.local/lib/python3.12/site-packages/airflow/example_dags/example_subdag_operator.py
[2024-05-29T01:17:07.343+0000] {processor.py:840} INFO - DAG(s) 'example_subdag_operator.section-1', 'example_subdag_operator.section-2', 'example_subdag_operator' retrieved from /home/airflow/.local/lib/python3.12/site-packages/airflow/example_dags/example_subdag_operator.py
[2024-05-29T01:17:07.363+0000] {logging_mixin.py:188} INFO - [2024-05-29T01:17:07.363+0000] {dag.py:3096} INFO - Sync 3 DAGs
[2024-05-29T01:17:07.385+0000] {logging_mixin.py:188} INFO - [2024-05-29T01:17:07.385+0000] {dag.py:3954} INFO - Setting next_dagrun for example_subdag_operator to 2022-01-01 00:00:00+00:00, run_after=2022-01-01 00:00:00+00:00
[2024-05-29T01:17:07.390+0000] {logging_mixin.py:188} INFO - [2024-05-29T01:17:07.389+0000] {dag.py:3954} INFO - Setting next_dagrun for example_subdag_operator.section-1 to None, run_after=None
[2024-05-29T01:17:07.391+0000] {logging_mixin.py:188} INFO - [2024-05-29T01:17:07.391+0000] {dag.py:3954} INFO - Setting next_dagrun for example_subdag_operator.section-2 to None, run_after=None
[2024-05-29T01:17:07.401+0000] {logging_mixin.py:188} INFO - [2024-05-29T01:17:07.400+0000] {dag.py:3096} INFO - Sync 2 DAGs
[2024-05-29T01:17:07.407+0000] {logging_mixin.py:188} INFO - [2024-05-29T01:17:07.407+0000] {dag.py:3954} INFO - Setting next_dagrun for example_subdag_operator.section-1 to None, run_after=None
[2024-05-29T01:17:07.408+0000] {logging_mixin.py:188} INFO - [2024-05-29T01:17:07.408+0000] {dag.py:3954} INFO - Setting next_dagrun for example_subdag_operator.section-2 to None, run_after=None
[2024-05-29T01:17:07.424+0000] {processor.py:183} INFO - Processing /home/airflow/.local/lib/python3.12/site-packages/airflow/example_dags/example_subdag_operator.py took 0.123 seconds
[2024-05-29T01:17:37.875+0000] {processor.py:161} INFO - Started process (PID=1009) to work on /home/airflow/.local/lib/python3.12/site-packages/airflow/example_dags/example_subdag_operator.py
[2024-05-29T01:17:37.876+0000] {processor.py:830} INFO - Processing file /home/airflow/.local/lib/python3.12/site-packages/airflow/example_dags/example_subdag_operator.py for tasks to queue
[2024-05-29T01:17:37.879+0000] {logging_mixin.py:188} INFO - [2024-05-29T01:17:37.879+0000] {dagbag.py:545} INFO - Filling up the DagBag from /home/airflow/.local/lib/python3.12/site-packages/airflow/example_dags/example_subdag_operator.py
[2024-05-29T01:17:37.905+0000] {processor.py:840} INFO - DAG(s) 'example_subdag_operator.section-1', 'example_subdag_operator.section-2', 'example_subdag_operator' retrieved from /home/airflow/.local/lib/python3.12/site-packages/airflow/example_dags/example_subdag_operator.py
[2024-05-29T01:17:37.923+0000] {logging_mixin.py:188} INFO - [2024-05-29T01:17:37.922+0000] {dag.py:3096} INFO - Sync 3 DAGs
[2024-05-29T01:17:37.948+0000] {logging_mixin.py:188} INFO - [2024-05-29T01:17:37.948+0000] {dag.py:3954} INFO - Setting next_dagrun for example_subdag_operator to 2022-01-01 00:00:00+00:00, run_after=2022-01-01 00:00:00+00:00
[2024-05-29T01:17:37.954+0000] {logging_mixin.py:188} INFO - [2024-05-29T01:17:37.953+0000] {dag.py:3954} INFO - Setting next_dagrun for example_subdag_operator.section-1 to None, run_after=None
[2024-05-29T01:17:37.956+0000] {logging_mixin.py:188} INFO - [2024-05-29T01:17:37.956+0000] {dag.py:3954} INFO - Setting next_dagrun for example_subdag_operator.section-2 to None, run_after=None
[2024-05-29T01:17:37.966+0000] {logging_mixin.py:188} INFO - [2024-05-29T01:17:37.965+0000] {dag.py:3096} INFO - Sync 2 DAGs
[2024-05-29T01:17:37.974+0000] {logging_mixin.py:188} INFO - [2024-05-29T01:17:37.974+0000] {dag.py:3954} INFO - Setting next_dagrun for example_subdag_operator.section-1 to None, run_after=None
[2024-05-29T01:17:37.975+0000] {logging_mixin.py:188} INFO - [2024-05-29T01:17:37.975+0000] {dag.py:3954} INFO - Setting next_dagrun for example_subdag_operator.section-2 to None, run_after=None
[2024-05-29T01:17:37.991+0000] {processor.py:183} INFO - Processing /home/airflow/.local/lib/python3.12/site-packages/airflow/example_dags/example_subdag_operator.py took 0.122 seconds
[2024-05-29T01:18:08.210+0000] {processor.py:161} INFO - Started process (PID=1069) to work on /home/airflow/.local/lib/python3.12/site-packages/airflow/example_dags/example_subdag_operator.py
[2024-05-29T01:18:08.212+0000] {processor.py:830} INFO - Processing file /home/airflow/.local/lib/python3.12/site-packages/airflow/example_dags/example_subdag_operator.py for tasks to queue
[2024-05-29T01:18:08.214+0000] {logging_mixin.py:188} INFO - [2024-05-29T01:18:08.214+0000] {dagbag.py:545} INFO - Filling up the DagBag from /home/airflow/.local/lib/python3.12/site-packages/airflow/example_dags/example_subdag_operator.py
[2024-05-29T01:18:08.242+0000] {processor.py:840} INFO - DAG(s) 'example_subdag_operator.section-1', 'example_subdag_operator.section-2', 'example_subdag_operator' retrieved from /home/airflow/.local/lib/python3.12/site-packages/airflow/example_dags/example_subdag_operator.py
[2024-05-29T01:18:08.259+0000] {logging_mixin.py:188} INFO - [2024-05-29T01:18:08.259+0000] {dag.py:3096} INFO - Sync 3 DAGs
[2024-05-29T01:18:08.286+0000] {logging_mixin.py:188} INFO - [2024-05-29T01:18:08.285+0000] {dag.py:3954} INFO - Setting next_dagrun for example_subdag_operator to 2022-01-01 00:00:00+00:00, run_after=2022-01-01 00:00:00+00:00
[2024-05-29T01:18:08.291+0000] {logging_mixin.py:188} INFO - [2024-05-29T01:18:08.290+0000] {dag.py:3954} INFO - Setting next_dagrun for example_subdag_operator.section-1 to None, run_after=None
[2024-05-29T01:18:08.293+0000] {logging_mixin.py:188} INFO - [2024-05-29T01:18:08.293+0000] {dag.py:3954} INFO - Setting next_dagrun for example_subdag_operator.section-2 to None, run_after=None
[2024-05-29T01:18:08.305+0000] {logging_mixin.py:188} INFO - [2024-05-29T01:18:08.305+0000] {dag.py:3096} INFO - Sync 2 DAGs
[2024-05-29T01:18:08.312+0000] {logging_mixin.py:188} INFO - [2024-05-29T01:18:08.312+0000] {dag.py:3954} INFO - Setting next_dagrun for example_subdag_operator.section-1 to None, run_after=None
[2024-05-29T01:18:08.313+0000] {logging_mixin.py:188} INFO - [2024-05-29T01:18:08.313+0000] {dag.py:3954} INFO - Setting next_dagrun for example_subdag_operator.section-2 to None, run_after=None
[2024-05-29T01:18:08.332+0000] {processor.py:183} INFO - Processing /home/airflow/.local/lib/python3.12/site-packages/airflow/example_dags/example_subdag_operator.py took 0.128 seconds
[2024-05-29T01:18:38.594+0000] {processor.py:161} INFO - Started process (PID=1127) to work on /home/airflow/.local/lib/python3.12/site-packages/airflow/example_dags/example_subdag_operator.py
[2024-05-29T01:18:38.595+0000] {processor.py:830} INFO - Processing file /home/airflow/.local/lib/python3.12/site-packages/airflow/example_dags/example_subdag_operator.py for tasks to queue
[2024-05-29T01:18:38.598+0000] {logging_mixin.py:188} INFO - [2024-05-29T01:18:38.597+0000] {dagbag.py:545} INFO - Filling up the DagBag from /home/airflow/.local/lib/python3.12/site-packages/airflow/example_dags/example_subdag_operator.py
[2024-05-29T01:18:38.623+0000] {processor.py:840} INFO - DAG(s) 'example_subdag_operator.section-1', 'example_subdag_operator.section-2', 'example_subdag_operator' retrieved from /home/airflow/.local/lib/python3.12/site-packages/airflow/example_dags/example_subdag_operator.py
[2024-05-29T01:18:38.639+0000] {logging_mixin.py:188} INFO - [2024-05-29T01:18:38.639+0000] {dag.py:3096} INFO - Sync 3 DAGs
[2024-05-29T01:18:38.662+0000] {logging_mixin.py:188} INFO - [2024-05-29T01:18:38.662+0000] {dag.py:3954} INFO - Setting next_dagrun for example_subdag_operator to 2022-01-01 00:00:00+00:00, run_after=2022-01-01 00:00:00+00:00
[2024-05-29T01:18:38.666+0000] {logging_mixin.py:188} INFO - [2024-05-29T01:18:38.666+0000] {dag.py:3954} INFO - Setting next_dagrun for example_subdag_operator.section-1 to None, run_after=None
[2024-05-29T01:18:38.668+0000] {logging_mixin.py:188} INFO - [2024-05-29T01:18:38.668+0000] {dag.py:3954} INFO - Setting next_dagrun for example_subdag_operator.section-2 to None, run_after=None
[2024-05-29T01:18:38.677+0000] {logging_mixin.py:188} INFO - [2024-05-29T01:18:38.677+0000] {dag.py:3096} INFO - Sync 2 DAGs
[2024-05-29T01:18:38.685+0000] {logging_mixin.py:188} INFO - [2024-05-29T01:18:38.685+0000] {dag.py:3954} INFO - Setting next_dagrun for example_subdag_operator.section-1 to None, run_after=None
[2024-05-29T01:18:38.686+0000] {logging_mixin.py:188} INFO - [2024-05-29T01:18:38.686+0000] {dag.py:3954} INFO - Setting next_dagrun for example_subdag_operator.section-2 to None, run_after=None
[2024-05-29T01:18:38.703+0000] {processor.py:183} INFO - Processing /home/airflow/.local/lib/python3.12/site-packages/airflow/example_dags/example_subdag_operator.py took 0.114 seconds
[2024-05-29T01:19:08.892+0000] {processor.py:161} INFO - Started process (PID=1187) to work on /home/airflow/.local/lib/python3.12/site-packages/airflow/example_dags/example_subdag_operator.py
[2024-05-29T01:19:08.894+0000] {processor.py:830} INFO - Processing file /home/airflow/.local/lib/python3.12/site-packages/airflow/example_dags/example_subdag_operator.py for tasks to queue
[2024-05-29T01:19:08.896+0000] {logging_mixin.py:188} INFO - [2024-05-29T01:19:08.895+0000] {dagbag.py:545} INFO - Filling up the DagBag from /home/airflow/.local/lib/python3.12/site-packages/airflow/example_dags/example_subdag_operator.py
[2024-05-29T01:19:08.921+0000] {processor.py:840} INFO - DAG(s) 'example_subdag_operator.section-1', 'example_subdag_operator.section-2', 'example_subdag_operator' retrieved from /home/airflow/.local/lib/python3.12/site-packages/airflow/example_dags/example_subdag_operator.py
[2024-05-29T01:19:08.936+0000] {logging_mixin.py:188} INFO - [2024-05-29T01:19:08.936+0000] {dag.py:3096} INFO - Sync 3 DAGs
[2024-05-29T01:19:08.959+0000] {logging_mixin.py:188} INFO - [2024-05-29T01:19:08.959+0000] {dag.py:3954} INFO - Setting next_dagrun for example_subdag_operator to 2022-01-01 00:00:00+00:00, run_after=2022-01-01 00:00:00+00:00
[2024-05-29T01:19:08.964+0000] {logging_mixin.py:188} INFO - [2024-05-29T01:19:08.963+0000] {dag.py:3954} INFO - Setting next_dagrun for example_subdag_operator.section-1 to None, run_after=None
[2024-05-29T01:19:08.966+0000] {logging_mixin.py:188} INFO - [2024-05-29T01:19:08.966+0000] {dag.py:3954} INFO - Setting next_dagrun for example_subdag_operator.section-2 to None, run_after=None
[2024-05-29T01:19:08.975+0000] {logging_mixin.py:188} INFO - [2024-05-29T01:19:08.975+0000] {dag.py:3096} INFO - Sync 2 DAGs
[2024-05-29T01:19:08.983+0000] {logging_mixin.py:188} INFO - [2024-05-29T01:19:08.982+0000] {dag.py:3954} INFO - Setting next_dagrun for example_subdag_operator.section-1 to None, run_after=None
[2024-05-29T01:19:08.984+0000] {logging_mixin.py:188} INFO - [2024-05-29T01:19:08.984+0000] {dag.py:3954} INFO - Setting next_dagrun for example_subdag_operator.section-2 to None, run_after=None
[2024-05-29T01:19:09.003+0000] {processor.py:183} INFO - Processing /home/airflow/.local/lib/python3.12/site-packages/airflow/example_dags/example_subdag_operator.py took 0.116 seconds
[2024-05-29T01:19:39.316+0000] {processor.py:161} INFO - Started process (PID=1247) to work on /home/airflow/.local/lib/python3.12/site-packages/airflow/example_dags/example_subdag_operator.py
[2024-05-29T01:19:39.317+0000] {processor.py:830} INFO - Processing file /home/airflow/.local/lib/python3.12/site-packages/airflow/example_dags/example_subdag_operator.py for tasks to queue
[2024-05-29T01:19:39.320+0000] {logging_mixin.py:188} INFO - [2024-05-29T01:19:39.320+0000] {dagbag.py:545} INFO - Filling up the DagBag from /home/airflow/.local/lib/python3.12/site-packages/airflow/example_dags/example_subdag_operator.py
[2024-05-29T01:19:39.349+0000] {processor.py:840} INFO - DAG(s) 'example_subdag_operator.section-1', 'example_subdag_operator.section-2', 'example_subdag_operator' retrieved from /home/airflow/.local/lib/python3.12/site-packages/airflow/example_dags/example_subdag_operator.py
[2024-05-29T01:19:39.367+0000] {logging_mixin.py:188} INFO - [2024-05-29T01:19:39.367+0000] {dag.py:3096} INFO - Sync 3 DAGs
[2024-05-29T01:19:39.392+0000] {logging_mixin.py:188} INFO - [2024-05-29T01:19:39.391+0000] {dag.py:3954} INFO - Setting next_dagrun for example_subdag_operator to 2022-01-01 00:00:00+00:00, run_after=2022-01-01 00:00:00+00:00
[2024-05-29T01:19:39.397+0000] {logging_mixin.py:188} INFO - [2024-05-29T01:19:39.397+0000] {dag.py:3954} INFO - Setting next_dagrun for example_subdag_operator.section-1 to None, run_after=None
[2024-05-29T01:19:39.399+0000] {logging_mixin.py:188} INFO - [2024-05-29T01:19:39.399+0000] {dag.py:3954} INFO - Setting next_dagrun for example_subdag_operator.section-2 to None, run_after=None
[2024-05-29T01:19:39.411+0000] {logging_mixin.py:188} INFO - [2024-05-29T01:19:39.410+0000] {dag.py:3096} INFO - Sync 2 DAGs
[2024-05-29T01:19:39.419+0000] {logging_mixin.py:188} INFO - [2024-05-29T01:19:39.418+0000] {dag.py:3954} INFO - Setting next_dagrun for example_subdag_operator.section-1 to None, run_after=None
[2024-05-29T01:19:39.420+0000] {logging_mixin.py:188} INFO - [2024-05-29T01:19:39.420+0000] {dag.py:3954} INFO - Setting next_dagrun for example_subdag_operator.section-2 to None, run_after=None
[2024-05-29T01:19:39.437+0000] {processor.py:183} INFO - Processing /home/airflow/.local/lib/python3.12/site-packages/airflow/example_dags/example_subdag_operator.py took 0.127 seconds
[2024-05-29T01:20:09.872+0000] {processor.py:161} INFO - Started process (PID=1307) to work on /home/airflow/.local/lib/python3.12/site-packages/airflow/example_dags/example_subdag_operator.py
[2024-05-29T01:20:09.873+0000] {processor.py:830} INFO - Processing file /home/airflow/.local/lib/python3.12/site-packages/airflow/example_dags/example_subdag_operator.py for tasks to queue
[2024-05-29T01:20:09.876+0000] {logging_mixin.py:188} INFO - [2024-05-29T01:20:09.876+0000] {dagbag.py:545} INFO - Filling up the DagBag from /home/airflow/.local/lib/python3.12/site-packages/airflow/example_dags/example_subdag_operator.py
[2024-05-29T01:20:09.905+0000] {processor.py:840} INFO - DAG(s) 'example_subdag_operator.section-1', 'example_subdag_operator.section-2', 'example_subdag_operator' retrieved from /home/airflow/.local/lib/python3.12/site-packages/airflow/example_dags/example_subdag_operator.py
[2024-05-29T01:20:09.925+0000] {logging_mixin.py:188} INFO - [2024-05-29T01:20:09.924+0000] {dag.py:3096} INFO - Sync 3 DAGs
[2024-05-29T01:20:09.951+0000] {logging_mixin.py:188} INFO - [2024-05-29T01:20:09.950+0000] {dag.py:3954} INFO - Setting next_dagrun for example_subdag_operator to 2022-01-01 00:00:00+00:00, run_after=2022-01-01 00:00:00+00:00
[2024-05-29T01:20:09.958+0000] {logging_mixin.py:188} INFO - [2024-05-29T01:20:09.957+0000] {dag.py:3954} INFO - Setting next_dagrun for example_subdag_operator.section-1 to None, run_after=None
[2024-05-29T01:20:09.961+0000] {logging_mixin.py:188} INFO - [2024-05-29T01:20:09.960+0000] {dag.py:3954} INFO - Setting next_dagrun for example_subdag_operator.section-2 to None, run_after=None
[2024-05-29T01:20:09.973+0000] {logging_mixin.py:188} INFO - [2024-05-29T01:20:09.972+0000] {dag.py:3096} INFO - Sync 2 DAGs
[2024-05-29T01:20:09.981+0000] {logging_mixin.py:188} INFO - [2024-05-29T01:20:09.980+0000] {dag.py:3954} INFO - Setting next_dagrun for example_subdag_operator.section-1 to None, run_after=None
[2024-05-29T01:20:09.982+0000] {logging_mixin.py:188} INFO - [2024-05-29T01:20:09.982+0000] {dag.py:3954} INFO - Setting next_dagrun for example_subdag_operator.section-2 to None, run_after=None
[2024-05-29T01:20:10.000+0000] {processor.py:183} INFO - Processing /home/airflow/.local/lib/python3.12/site-packages/airflow/example_dags/example_subdag_operator.py took 0.134 seconds
[2024-05-29T01:20:40.227+0000] {processor.py:161} INFO - Started process (PID=1367) to work on /home/airflow/.local/lib/python3.12/site-packages/airflow/example_dags/example_subdag_operator.py
[2024-05-29T01:20:40.231+0000] {processor.py:830} INFO - Processing file /home/airflow/.local/lib/python3.12/site-packages/airflow/example_dags/example_subdag_operator.py for tasks to queue
[2024-05-29T01:20:40.245+0000] {logging_mixin.py:188} INFO - [2024-05-29T01:20:40.245+0000] {dagbag.py:545} INFO - Filling up the DagBag from /home/airflow/.local/lib/python3.12/site-packages/airflow/example_dags/example_subdag_operator.py
[2024-05-29T01:20:40.294+0000] {processor.py:840} INFO - DAG(s) 'example_subdag_operator.section-1', 'example_subdag_operator.section-2', 'example_subdag_operator' retrieved from /home/airflow/.local/lib/python3.12/site-packages/airflow/example_dags/example_subdag_operator.py
[2024-05-29T01:20:40.385+0000] {logging_mixin.py:188} INFO - [2024-05-29T01:20:40.384+0000] {dag.py:3096} INFO - Sync 3 DAGs
[2024-05-29T01:20:40.663+0000] {logging_mixin.py:188} INFO - [2024-05-29T01:20:40.662+0000] {dag.py:3954} INFO - Setting next_dagrun for example_subdag_operator to 2022-01-01 00:00:00+00:00, run_after=2022-01-01 00:00:00+00:00
[2024-05-29T01:20:40.678+0000] {logging_mixin.py:188} INFO - [2024-05-29T01:20:40.678+0000] {dag.py:3954} INFO - Setting next_dagrun for example_subdag_operator.section-1 to None, run_after=None
[2024-05-29T01:20:40.681+0000] {logging_mixin.py:188} INFO - [2024-05-29T01:20:40.680+0000] {dag.py:3954} INFO - Setting next_dagrun for example_subdag_operator.section-2 to None, run_after=None
[2024-05-29T01:20:40.717+0000] {logging_mixin.py:188} INFO - [2024-05-29T01:20:40.717+0000] {dag.py:3096} INFO - Sync 2 DAGs
[2024-05-29T01:20:40.739+0000] {logging_mixin.py:188} INFO - [2024-05-29T01:20:40.739+0000] {dag.py:3954} INFO - Setting next_dagrun for example_subdag_operator.section-1 to None, run_after=None
[2024-05-29T01:20:40.740+0000] {logging_mixin.py:188} INFO - [2024-05-29T01:20:40.740+0000] {dag.py:3954} INFO - Setting next_dagrun for example_subdag_operator.section-2 to None, run_after=None
[2024-05-29T01:20:40.764+0000] {processor.py:183} INFO - Processing /home/airflow/.local/lib/python3.12/site-packages/airflow/example_dags/example_subdag_operator.py took 0.544 seconds
[2024-05-29T01:22:21.051+0000] {processor.py:161} INFO - Started process (PID=1415) to work on /home/airflow/.local/lib/python3.12/site-packages/airflow/example_dags/example_subdag_operator.py
[2024-05-29T01:22:21.053+0000] {processor.py:830} INFO - Processing file /home/airflow/.local/lib/python3.12/site-packages/airflow/example_dags/example_subdag_operator.py for tasks to queue
[2024-05-29T01:22:21.055+0000] {logging_mixin.py:188} INFO - [2024-05-29T01:22:21.054+0000] {dagbag.py:545} INFO - Filling up the DagBag from /home/airflow/.local/lib/python3.12/site-packages/airflow/example_dags/example_subdag_operator.py
[2024-05-29T01:22:21.085+0000] {processor.py:840} INFO - DAG(s) 'example_subdag_operator.section-1', 'example_subdag_operator.section-2', 'example_subdag_operator' retrieved from /home/airflow/.local/lib/python3.12/site-packages/airflow/example_dags/example_subdag_operator.py
[2024-05-29T01:22:21.108+0000] {logging_mixin.py:188} INFO - [2024-05-29T01:22:21.108+0000] {dag.py:3096} INFO - Sync 3 DAGs
[2024-05-29T01:22:21.134+0000] {logging_mixin.py:188} INFO - [2024-05-29T01:22:21.133+0000] {dag.py:3954} INFO - Setting next_dagrun for example_subdag_operator to 2022-01-01 00:00:00+00:00, run_after=2022-01-01 00:00:00+00:00
[2024-05-29T01:22:21.142+0000] {logging_mixin.py:188} INFO - [2024-05-29T01:22:21.141+0000] {dag.py:3954} INFO - Setting next_dagrun for example_subdag_operator.section-1 to None, run_after=None
[2024-05-29T01:22:21.143+0000] {logging_mixin.py:188} INFO - [2024-05-29T01:22:21.143+0000] {dag.py:3954} INFO - Setting next_dagrun for example_subdag_operator.section-2 to None, run_after=None
[2024-05-29T01:22:21.151+0000] {logging_mixin.py:188} INFO - [2024-05-29T01:22:21.151+0000] {dag.py:3096} INFO - Sync 2 DAGs
[2024-05-29T01:22:21.159+0000] {logging_mixin.py:188} INFO - [2024-05-29T01:22:21.159+0000] {dag.py:3954} INFO - Setting next_dagrun for example_subdag_operator.section-1 to None, run_after=None
[2024-05-29T01:22:21.160+0000] {logging_mixin.py:188} INFO - [2024-05-29T01:22:21.160+0000] {dag.py:3954} INFO - Setting next_dagrun for example_subdag_operator.section-2 to None, run_after=None
[2024-05-29T01:22:21.175+0000] {processor.py:183} INFO - Processing /home/airflow/.local/lib/python3.12/site-packages/airflow/example_dags/example_subdag_operator.py took 0.130 seconds
[2024-05-29T01:22:51.672+0000] {processor.py:161} INFO - Started process (PID=1471) to work on /home/airflow/.local/lib/python3.12/site-packages/airflow/example_dags/example_subdag_operator.py
[2024-05-29T01:22:51.673+0000] {processor.py:830} INFO - Processing file /home/airflow/.local/lib/python3.12/site-packages/airflow/example_dags/example_subdag_operator.py for tasks to queue
[2024-05-29T01:22:51.675+0000] {logging_mixin.py:188} INFO - [2024-05-29T01:22:51.674+0000] {dagbag.py:545} INFO - Filling up the DagBag from /home/airflow/.local/lib/python3.12/site-packages/airflow/example_dags/example_subdag_operator.py
[2024-05-29T01:22:51.704+0000] {processor.py:840} INFO - DAG(s) 'example_subdag_operator.section-1', 'example_subdag_operator.section-2', 'example_subdag_operator' retrieved from /home/airflow/.local/lib/python3.12/site-packages/airflow/example_dags/example_subdag_operator.py
[2024-05-29T01:22:51.725+0000] {logging_mixin.py:188} INFO - [2024-05-29T01:22:51.724+0000] {dag.py:3096} INFO - Sync 3 DAGs
[2024-05-29T01:22:51.752+0000] {logging_mixin.py:188} INFO - [2024-05-29T01:22:51.752+0000] {dag.py:3954} INFO - Setting next_dagrun for example_subdag_operator to 2022-01-01 00:00:00+00:00, run_after=2022-01-01 00:00:00+00:00
[2024-05-29T01:22:51.758+0000] {logging_mixin.py:188} INFO - [2024-05-29T01:22:51.758+0000] {dag.py:3954} INFO - Setting next_dagrun for example_subdag_operator.section-1 to None, run_after=None
[2024-05-29T01:22:51.760+0000] {logging_mixin.py:188} INFO - [2024-05-29T01:22:51.760+0000] {dag.py:3954} INFO - Setting next_dagrun for example_subdag_operator.section-2 to None, run_after=None
[2024-05-29T01:22:51.770+0000] {logging_mixin.py:188} INFO - [2024-05-29T01:22:51.769+0000] {dag.py:3096} INFO - Sync 2 DAGs
[2024-05-29T01:22:51.777+0000] {logging_mixin.py:188} INFO - [2024-05-29T01:22:51.777+0000] {dag.py:3954} INFO - Setting next_dagrun for example_subdag_operator.section-1 to None, run_after=None
[2024-05-29T01:22:51.778+0000] {logging_mixin.py:188} INFO - [2024-05-29T01:22:51.778+0000] {dag.py:3954} INFO - Setting next_dagrun for example_subdag_operator.section-2 to None, run_after=None
[2024-05-29T01:22:51.792+0000] {processor.py:183} INFO - Processing /home/airflow/.local/lib/python3.12/site-packages/airflow/example_dags/example_subdag_operator.py took 0.127 seconds
[2024-05-29T01:27:41.695+0000] {processor.py:161} INFO - Started process (PID=37) to work on /home/airflow/.local/lib/python3.12/site-packages/airflow/example_dags/example_subdag_operator.py
[2024-05-29T01:27:41.697+0000] {processor.py:830} INFO - Processing file /home/airflow/.local/lib/python3.12/site-packages/airflow/example_dags/example_subdag_operator.py for tasks to queue
[2024-05-29T01:27:41.700+0000] {logging_mixin.py:188} INFO - [2024-05-29T01:27:41.700+0000] {dagbag.py:545} INFO - Filling up the DagBag from /home/airflow/.local/lib/python3.12/site-packages/airflow/example_dags/example_subdag_operator.py
[2024-05-29T01:27:41.770+0000] {processor.py:840} INFO - DAG(s) 'example_subdag_operator.section-1', 'example_subdag_operator.section-2', 'example_subdag_operator' retrieved from /home/airflow/.local/lib/python3.12/site-packages/airflow/example_dags/example_subdag_operator.py
[2024-05-29T01:27:41.838+0000] {logging_mixin.py:188} INFO - [2024-05-29T01:27:41.838+0000] {dag.py:3096} INFO - Sync 3 DAGs
[2024-05-29T01:27:41.947+0000] {logging_mixin.py:188} INFO - [2024-05-29T01:27:41.947+0000] {dag.py:3954} INFO - Setting next_dagrun for example_subdag_operator to 2022-01-01 00:00:00+00:00, run_after=2022-01-01 00:00:00+00:00
[2024-05-29T01:27:41.960+0000] {logging_mixin.py:188} INFO - [2024-05-29T01:27:41.959+0000] {dag.py:3954} INFO - Setting next_dagrun for example_subdag_operator.section-1 to None, run_after=None
[2024-05-29T01:27:41.963+0000] {logging_mixin.py:188} INFO - [2024-05-29T01:27:41.962+0000] {dag.py:3954} INFO - Setting next_dagrun for example_subdag_operator.section-2 to None, run_after=None
[2024-05-29T01:27:41.989+0000] {logging_mixin.py:188} INFO - [2024-05-29T01:27:41.989+0000] {dag.py:3096} INFO - Sync 2 DAGs
[2024-05-29T01:27:42.011+0000] {logging_mixin.py:188} INFO - [2024-05-29T01:27:42.011+0000] {dag.py:3954} INFO - Setting next_dagrun for example_subdag_operator.section-1 to None, run_after=None
[2024-05-29T01:27:42.013+0000] {logging_mixin.py:188} INFO - [2024-05-29T01:27:42.012+0000] {dag.py:3954} INFO - Setting next_dagrun for example_subdag_operator.section-2 to None, run_after=None
[2024-05-29T01:27:42.064+0000] {processor.py:183} INFO - Processing /home/airflow/.local/lib/python3.12/site-packages/airflow/example_dags/example_subdag_operator.py took 0.378 seconds
[2024-05-29T01:28:12.216+0000] {processor.py:161} INFO - Started process (PID=94) to work on /home/airflow/.local/lib/python3.12/site-packages/airflow/example_dags/example_subdag_operator.py
[2024-05-29T01:28:12.222+0000] {processor.py:830} INFO - Processing file /home/airflow/.local/lib/python3.12/site-packages/airflow/example_dags/example_subdag_operator.py for tasks to queue
[2024-05-29T01:28:12.224+0000] {logging_mixin.py:188} INFO - [2024-05-29T01:28:12.223+0000] {dagbag.py:545} INFO - Filling up the DagBag from /home/airflow/.local/lib/python3.12/site-packages/airflow/example_dags/example_subdag_operator.py
[2024-05-29T01:28:12.248+0000] {processor.py:840} INFO - DAG(s) 'example_subdag_operator.section-1', 'example_subdag_operator.section-2', 'example_subdag_operator' retrieved from /home/airflow/.local/lib/python3.12/site-packages/airflow/example_dags/example_subdag_operator.py
[2024-05-29T01:28:12.263+0000] {logging_mixin.py:188} INFO - [2024-05-29T01:28:12.263+0000] {dag.py:3096} INFO - Sync 3 DAGs
[2024-05-29T01:28:12.283+0000] {logging_mixin.py:188} INFO - [2024-05-29T01:28:12.283+0000] {dag.py:3954} INFO - Setting next_dagrun for example_subdag_operator to 2022-01-01 00:00:00+00:00, run_after=2022-01-01 00:00:00+00:00
[2024-05-29T01:28:12.288+0000] {logging_mixin.py:188} INFO - [2024-05-29T01:28:12.288+0000] {dag.py:3954} INFO - Setting next_dagrun for example_subdag_operator.section-1 to None, run_after=None
[2024-05-29T01:28:12.290+0000] {logging_mixin.py:188} INFO - [2024-05-29T01:28:12.290+0000] {dag.py:3954} INFO - Setting next_dagrun for example_subdag_operator.section-2 to None, run_after=None
[2024-05-29T01:28:12.298+0000] {logging_mixin.py:188} INFO - [2024-05-29T01:28:12.298+0000] {dag.py:3096} INFO - Sync 2 DAGs
[2024-05-29T01:28:12.305+0000] {logging_mixin.py:188} INFO - [2024-05-29T01:28:12.305+0000] {dag.py:3954} INFO - Setting next_dagrun for example_subdag_operator.section-1 to None, run_after=None
[2024-05-29T01:28:12.307+0000] {logging_mixin.py:188} INFO - [2024-05-29T01:28:12.306+0000] {dag.py:3954} INFO - Setting next_dagrun for example_subdag_operator.section-2 to None, run_after=None
[2024-05-29T01:28:12.323+0000] {processor.py:183} INFO - Processing /home/airflow/.local/lib/python3.12/site-packages/airflow/example_dags/example_subdag_operator.py took 0.112 seconds
