[2024-05-29T01:09:26.316+0000] {processor.py:161} INFO - Started process (PID=36) to work on /home/airflow/.local/lib/python3.12/site-packages/airflow/example_dags/example_latest_only.py
[2024-05-29T01:09:26.324+0000] {processor.py:830} INFO - Processing file /home/airflow/.local/lib/python3.12/site-packages/airflow/example_dags/example_latest_only.py for tasks to queue
[2024-05-29T01:09:26.348+0000] {logging_mixin.py:188} INFO - [2024-05-29T01:09:26.344+0000] {dagbag.py:545} INFO - Filling up the DagBag from /home/airflow/.local/lib/python3.12/site-packages/airflow/example_dags/example_latest_only.py
[2024-05-29T01:09:26.555+0000] {processor.py:840} INFO - DAG(s) 'latest_only' retrieved from /home/airflow/.local/lib/python3.12/site-packages/airflow/example_dags/example_latest_only.py
[2024-05-29T01:09:27.926+0000] {logging_mixin.py:188} INFO - [2024-05-29T01:09:27.923+0000] {override.py:1829} INFO - Created Permission View: can edit on DAG:latest_only
[2024-05-29T01:09:27.982+0000] {logging_mixin.py:188} INFO - [2024-05-29T01:09:27.980+0000] {override.py:1829} INFO - Created Permission View: can delete on DAG:latest_only
[2024-05-29T01:09:27.999+0000] {logging_mixin.py:188} INFO - [2024-05-29T01:09:27.999+0000] {override.py:1829} INFO - Created Permission View: can read on DAG:latest_only
[2024-05-29T01:09:28.000+0000] {logging_mixin.py:188} INFO - [2024-05-29T01:09:28.000+0000] {dag.py:3096} INFO - Sync 1 DAGs
[2024-05-29T01:09:28.051+0000] {logging_mixin.py:188} INFO - [2024-05-29T01:09:28.050+0000] {dag.py:3118} INFO - Creating ORM DAG for latest_only
[2024-05-29T01:09:28.096+0000] {logging_mixin.py:188} INFO - [2024-05-29T01:09:28.095+0000] {dag.py:3954} INFO - Setting next_dagrun for latest_only to 2024-05-28 20:00:00+00:00, run_after=2024-05-29 00:00:00+00:00
[2024-05-29T01:09:28.192+0000] {processor.py:183} INFO - Processing /home/airflow/.local/lib/python3.12/site-packages/airflow/example_dags/example_latest_only.py took 1.906 seconds
[2024-05-29T01:09:58.553+0000] {processor.py:161} INFO - Started process (PID=100) to work on /home/airflow/.local/lib/python3.12/site-packages/airflow/example_dags/example_latest_only.py
[2024-05-29T01:09:58.558+0000] {processor.py:830} INFO - Processing file /home/airflow/.local/lib/python3.12/site-packages/airflow/example_dags/example_latest_only.py for tasks to queue
[2024-05-29T01:09:58.568+0000] {logging_mixin.py:188} INFO - [2024-05-29T01:09:58.567+0000] {dagbag.py:545} INFO - Filling up the DagBag from /home/airflow/.local/lib/python3.12/site-packages/airflow/example_dags/example_latest_only.py
[2024-05-29T01:09:58.594+0000] {processor.py:840} INFO - DAG(s) 'latest_only' retrieved from /home/airflow/.local/lib/python3.12/site-packages/airflow/example_dags/example_latest_only.py
[2024-05-29T01:09:58.680+0000] {logging_mixin.py:188} INFO - [2024-05-29T01:09:58.680+0000] {dag.py:3096} INFO - Sync 1 DAGs
[2024-05-29T01:09:58.750+0000] {logging_mixin.py:188} INFO - [2024-05-29T01:09:58.750+0000] {dag.py:3954} INFO - Setting next_dagrun for latest_only to 2024-05-28 20:00:00+00:00, run_after=2024-05-29 00:00:00+00:00
[2024-05-29T01:09:58.799+0000] {processor.py:183} INFO - Processing /home/airflow/.local/lib/python3.12/site-packages/airflow/example_dags/example_latest_only.py took 0.266 seconds
[2024-05-29T01:10:29.085+0000] {processor.py:161} INFO - Started process (PID=160) to work on /home/airflow/.local/lib/python3.12/site-packages/airflow/example_dags/example_latest_only.py
[2024-05-29T01:10:29.087+0000] {processor.py:830} INFO - Processing file /home/airflow/.local/lib/python3.12/site-packages/airflow/example_dags/example_latest_only.py for tasks to queue
[2024-05-29T01:10:29.089+0000] {logging_mixin.py:188} INFO - [2024-05-29T01:10:29.089+0000] {dagbag.py:545} INFO - Filling up the DagBag from /home/airflow/.local/lib/python3.12/site-packages/airflow/example_dags/example_latest_only.py
[2024-05-29T01:10:29.095+0000] {processor.py:840} INFO - DAG(s) 'latest_only' retrieved from /home/airflow/.local/lib/python3.12/site-packages/airflow/example_dags/example_latest_only.py
[2024-05-29T01:10:29.126+0000] {logging_mixin.py:188} INFO - [2024-05-29T01:10:29.125+0000] {dag.py:3096} INFO - Sync 1 DAGs
[2024-05-29T01:10:29.153+0000] {logging_mixin.py:188} INFO - [2024-05-29T01:10:29.153+0000] {dag.py:3954} INFO - Setting next_dagrun for latest_only to 2024-05-28 20:00:00+00:00, run_after=2024-05-29 00:00:00+00:00
[2024-05-29T01:10:29.178+0000] {processor.py:183} INFO - Processing /home/airflow/.local/lib/python3.12/site-packages/airflow/example_dags/example_latest_only.py took 0.103 seconds
[2024-05-29T01:10:59.353+0000] {processor.py:161} INFO - Started process (PID=220) to work on /home/airflow/.local/lib/python3.12/site-packages/airflow/example_dags/example_latest_only.py
[2024-05-29T01:10:59.355+0000] {processor.py:830} INFO - Processing file /home/airflow/.local/lib/python3.12/site-packages/airflow/example_dags/example_latest_only.py for tasks to queue
[2024-05-29T01:10:59.357+0000] {logging_mixin.py:188} INFO - [2024-05-29T01:10:59.357+0000] {dagbag.py:545} INFO - Filling up the DagBag from /home/airflow/.local/lib/python3.12/site-packages/airflow/example_dags/example_latest_only.py
[2024-05-29T01:10:59.363+0000] {processor.py:840} INFO - DAG(s) 'latest_only' retrieved from /home/airflow/.local/lib/python3.12/site-packages/airflow/example_dags/example_latest_only.py
[2024-05-29T01:10:59.393+0000] {logging_mixin.py:188} INFO - [2024-05-29T01:10:59.393+0000] {dag.py:3096} INFO - Sync 1 DAGs
[2024-05-29T01:10:59.423+0000] {logging_mixin.py:188} INFO - [2024-05-29T01:10:59.423+0000] {dag.py:3954} INFO - Setting next_dagrun for latest_only to 2024-05-28 20:00:00+00:00, run_after=2024-05-29 00:00:00+00:00
[2024-05-29T01:10:59.452+0000] {processor.py:183} INFO - Processing /home/airflow/.local/lib/python3.12/site-packages/airflow/example_dags/example_latest_only.py took 0.105 seconds
[2024-05-29T01:11:29.696+0000] {processor.py:161} INFO - Started process (PID=281) to work on /home/airflow/.local/lib/python3.12/site-packages/airflow/example_dags/example_latest_only.py
[2024-05-29T01:11:29.700+0000] {processor.py:830} INFO - Processing file /home/airflow/.local/lib/python3.12/site-packages/airflow/example_dags/example_latest_only.py for tasks to queue
[2024-05-29T01:11:29.704+0000] {logging_mixin.py:188} INFO - [2024-05-29T01:11:29.703+0000] {dagbag.py:545} INFO - Filling up the DagBag from /home/airflow/.local/lib/python3.12/site-packages/airflow/example_dags/example_latest_only.py
[2024-05-29T01:11:29.711+0000] {processor.py:840} INFO - DAG(s) 'latest_only' retrieved from /home/airflow/.local/lib/python3.12/site-packages/airflow/example_dags/example_latest_only.py
[2024-05-29T01:11:29.743+0000] {logging_mixin.py:188} INFO - [2024-05-29T01:11:29.742+0000] {dag.py:3096} INFO - Sync 1 DAGs
[2024-05-29T01:11:29.778+0000] {logging_mixin.py:188} INFO - [2024-05-29T01:11:29.778+0000] {dag.py:3954} INFO - Setting next_dagrun for latest_only to 2024-05-28 20:00:00+00:00, run_after=2024-05-29 00:00:00+00:00
[2024-05-29T01:11:29.829+0000] {processor.py:183} INFO - Processing /home/airflow/.local/lib/python3.12/site-packages/airflow/example_dags/example_latest_only.py took 0.151 seconds
[2024-05-29T01:12:00.177+0000] {processor.py:161} INFO - Started process (PID=341) to work on /home/airflow/.local/lib/python3.12/site-packages/airflow/example_dags/example_latest_only.py
[2024-05-29T01:12:00.179+0000] {processor.py:830} INFO - Processing file /home/airflow/.local/lib/python3.12/site-packages/airflow/example_dags/example_latest_only.py for tasks to queue
[2024-05-29T01:12:00.182+0000] {logging_mixin.py:188} INFO - [2024-05-29T01:12:00.182+0000] {dagbag.py:545} INFO - Filling up the DagBag from /home/airflow/.local/lib/python3.12/site-packages/airflow/example_dags/example_latest_only.py
[2024-05-29T01:12:00.190+0000] {processor.py:840} INFO - DAG(s) 'latest_only' retrieved from /home/airflow/.local/lib/python3.12/site-packages/airflow/example_dags/example_latest_only.py
[2024-05-29T01:12:00.216+0000] {logging_mixin.py:188} INFO - [2024-05-29T01:12:00.216+0000] {dag.py:3096} INFO - Sync 1 DAGs
[2024-05-29T01:12:00.245+0000] {logging_mixin.py:188} INFO - [2024-05-29T01:12:00.245+0000] {dag.py:3954} INFO - Setting next_dagrun for latest_only to 2024-05-28 20:00:00+00:00, run_after=2024-05-29 00:00:00+00:00
[2024-05-29T01:12:00.273+0000] {processor.py:183} INFO - Processing /home/airflow/.local/lib/python3.12/site-packages/airflow/example_dags/example_latest_only.py took 0.107 seconds
[2024-05-29T01:12:31.233+0000] {processor.py:161} INFO - Started process (PID=401) to work on /home/airflow/.local/lib/python3.12/site-packages/airflow/example_dags/example_latest_only.py
[2024-05-29T01:12:31.240+0000] {processor.py:830} INFO - Processing file /home/airflow/.local/lib/python3.12/site-packages/airflow/example_dags/example_latest_only.py for tasks to queue
[2024-05-29T01:12:31.249+0000] {logging_mixin.py:188} INFO - [2024-05-29T01:12:31.249+0000] {dagbag.py:545} INFO - Filling up the DagBag from /home/airflow/.local/lib/python3.12/site-packages/airflow/example_dags/example_latest_only.py
[2024-05-29T01:12:31.349+0000] {processor.py:840} INFO - DAG(s) 'latest_only' retrieved from /home/airflow/.local/lib/python3.12/site-packages/airflow/example_dags/example_latest_only.py
[2024-05-29T01:12:31.833+0000] {logging_mixin.py:188} INFO - [2024-05-29T01:12:31.832+0000] {dag.py:3096} INFO - Sync 1 DAGs
[2024-05-29T01:12:33.723+0000] {logging_mixin.py:188} INFO - [2024-05-29T01:12:33.722+0000] {dag.py:3954} INFO - Setting next_dagrun for latest_only to 2024-05-28 20:00:00+00:00, run_after=2024-05-29 00:00:00+00:00
[2024-05-29T01:12:33.801+0000] {processor.py:183} INFO - Processing /home/airflow/.local/lib/python3.12/site-packages/airflow/example_dags/example_latest_only.py took 2.617 seconds
[2024-05-29T01:13:04.533+0000] {processor.py:161} INFO - Started process (PID=461) to work on /home/airflow/.local/lib/python3.12/site-packages/airflow/example_dags/example_latest_only.py
[2024-05-29T01:13:04.535+0000] {processor.py:830} INFO - Processing file /home/airflow/.local/lib/python3.12/site-packages/airflow/example_dags/example_latest_only.py for tasks to queue
[2024-05-29T01:13:04.538+0000] {logging_mixin.py:188} INFO - [2024-05-29T01:13:04.537+0000] {dagbag.py:545} INFO - Filling up the DagBag from /home/airflow/.local/lib/python3.12/site-packages/airflow/example_dags/example_latest_only.py
[2024-05-29T01:13:04.546+0000] {processor.py:840} INFO - DAG(s) 'latest_only' retrieved from /home/airflow/.local/lib/python3.12/site-packages/airflow/example_dags/example_latest_only.py
[2024-05-29T01:13:04.577+0000] {logging_mixin.py:188} INFO - [2024-05-29T01:13:04.576+0000] {dag.py:3096} INFO - Sync 1 DAGs
[2024-05-29T01:13:04.610+0000] {logging_mixin.py:188} INFO - [2024-05-29T01:13:04.610+0000] {dag.py:3954} INFO - Setting next_dagrun for latest_only to 2024-05-28 20:00:00+00:00, run_after=2024-05-29 00:00:00+00:00
[2024-05-29T01:13:04.639+0000] {processor.py:183} INFO - Processing /home/airflow/.local/lib/python3.12/site-packages/airflow/example_dags/example_latest_only.py took 0.118 seconds
[2024-05-29T01:13:34.792+0000] {processor.py:161} INFO - Started process (PID=521) to work on /home/airflow/.local/lib/python3.12/site-packages/airflow/example_dags/example_latest_only.py
[2024-05-29T01:13:34.794+0000] {processor.py:830} INFO - Processing file /home/airflow/.local/lib/python3.12/site-packages/airflow/example_dags/example_latest_only.py for tasks to queue
[2024-05-29T01:13:34.796+0000] {logging_mixin.py:188} INFO - [2024-05-29T01:13:34.796+0000] {dagbag.py:545} INFO - Filling up the DagBag from /home/airflow/.local/lib/python3.12/site-packages/airflow/example_dags/example_latest_only.py
[2024-05-29T01:13:34.802+0000] {processor.py:840} INFO - DAG(s) 'latest_only' retrieved from /home/airflow/.local/lib/python3.12/site-packages/airflow/example_dags/example_latest_only.py
[2024-05-29T01:13:34.823+0000] {logging_mixin.py:188} INFO - [2024-05-29T01:13:34.822+0000] {dag.py:3096} INFO - Sync 1 DAGs
[2024-05-29T01:13:34.846+0000] {logging_mixin.py:188} INFO - [2024-05-29T01:13:34.846+0000] {dag.py:3954} INFO - Setting next_dagrun for latest_only to 2024-05-28 20:00:00+00:00, run_after=2024-05-29 00:00:00+00:00
[2024-05-29T01:13:34.867+0000] {processor.py:183} INFO - Processing /home/airflow/.local/lib/python3.12/site-packages/airflow/example_dags/example_latest_only.py took 0.081 seconds
[2024-05-29T01:14:04.973+0000] {processor.py:161} INFO - Started process (PID=581) to work on /home/airflow/.local/lib/python3.12/site-packages/airflow/example_dags/example_latest_only.py
[2024-05-29T01:14:04.974+0000] {processor.py:830} INFO - Processing file /home/airflow/.local/lib/python3.12/site-packages/airflow/example_dags/example_latest_only.py for tasks to queue
[2024-05-29T01:14:04.977+0000] {logging_mixin.py:188} INFO - [2024-05-29T01:14:04.976+0000] {dagbag.py:545} INFO - Filling up the DagBag from /home/airflow/.local/lib/python3.12/site-packages/airflow/example_dags/example_latest_only.py
[2024-05-29T01:14:04.981+0000] {processor.py:840} INFO - DAG(s) 'latest_only' retrieved from /home/airflow/.local/lib/python3.12/site-packages/airflow/example_dags/example_latest_only.py
[2024-05-29T01:14:05.007+0000] {logging_mixin.py:188} INFO - [2024-05-29T01:14:05.007+0000] {dag.py:3096} INFO - Sync 1 DAGs
[2024-05-29T01:14:05.036+0000] {logging_mixin.py:188} INFO - [2024-05-29T01:14:05.036+0000] {dag.py:3954} INFO - Setting next_dagrun for latest_only to 2024-05-28 20:00:00+00:00, run_after=2024-05-29 00:00:00+00:00
[2024-05-29T01:14:05.061+0000] {processor.py:183} INFO - Processing /home/airflow/.local/lib/python3.12/site-packages/airflow/example_dags/example_latest_only.py took 0.095 seconds
[2024-05-29T01:14:35.218+0000] {processor.py:161} INFO - Started process (PID=641) to work on /home/airflow/.local/lib/python3.12/site-packages/airflow/example_dags/example_latest_only.py
[2024-05-29T01:14:35.219+0000] {processor.py:830} INFO - Processing file /home/airflow/.local/lib/python3.12/site-packages/airflow/example_dags/example_latest_only.py for tasks to queue
[2024-05-29T01:14:35.222+0000] {logging_mixin.py:188} INFO - [2024-05-29T01:14:35.222+0000] {dagbag.py:545} INFO - Filling up the DagBag from /home/airflow/.local/lib/python3.12/site-packages/airflow/example_dags/example_latest_only.py
[2024-05-29T01:14:35.227+0000] {processor.py:840} INFO - DAG(s) 'latest_only' retrieved from /home/airflow/.local/lib/python3.12/site-packages/airflow/example_dags/example_latest_only.py
[2024-05-29T01:14:35.251+0000] {logging_mixin.py:188} INFO - [2024-05-29T01:14:35.251+0000] {dag.py:3096} INFO - Sync 1 DAGs
[2024-05-29T01:14:35.276+0000] {logging_mixin.py:188} INFO - [2024-05-29T01:14:35.276+0000] {dag.py:3954} INFO - Setting next_dagrun for latest_only to 2024-05-28 20:00:00+00:00, run_after=2024-05-29 00:00:00+00:00
[2024-05-29T01:14:35.299+0000] {processor.py:183} INFO - Processing /home/airflow/.local/lib/python3.12/site-packages/airflow/example_dags/example_latest_only.py took 0.087 seconds
[2024-05-29T01:15:05.584+0000] {processor.py:161} INFO - Started process (PID=701) to work on /home/airflow/.local/lib/python3.12/site-packages/airflow/example_dags/example_latest_only.py
[2024-05-29T01:15:05.587+0000] {processor.py:830} INFO - Processing file /home/airflow/.local/lib/python3.12/site-packages/airflow/example_dags/example_latest_only.py for tasks to queue
[2024-05-29T01:15:05.592+0000] {logging_mixin.py:188} INFO - [2024-05-29T01:15:05.591+0000] {dagbag.py:545} INFO - Filling up the DagBag from /home/airflow/.local/lib/python3.12/site-packages/airflow/example_dags/example_latest_only.py
[2024-05-29T01:15:05.601+0000] {processor.py:840} INFO - DAG(s) 'latest_only' retrieved from /home/airflow/.local/lib/python3.12/site-packages/airflow/example_dags/example_latest_only.py
[2024-05-29T01:15:05.643+0000] {logging_mixin.py:188} INFO - [2024-05-29T01:15:05.643+0000] {dag.py:3096} INFO - Sync 1 DAGs
[2024-05-29T01:15:05.684+0000] {logging_mixin.py:188} INFO - [2024-05-29T01:15:05.683+0000] {dag.py:3954} INFO - Setting next_dagrun for latest_only to 2024-05-28 20:00:00+00:00, run_after=2024-05-29 00:00:00+00:00
[2024-05-29T01:15:05.720+0000] {processor.py:183} INFO - Processing /home/airflow/.local/lib/python3.12/site-packages/airflow/example_dags/example_latest_only.py took 0.152 seconds
[2024-05-29T01:15:36.023+0000] {processor.py:161} INFO - Started process (PID=761) to work on /home/airflow/.local/lib/python3.12/site-packages/airflow/example_dags/example_latest_only.py
[2024-05-29T01:15:36.024+0000] {processor.py:830} INFO - Processing file /home/airflow/.local/lib/python3.12/site-packages/airflow/example_dags/example_latest_only.py for tasks to queue
[2024-05-29T01:15:36.026+0000] {logging_mixin.py:188} INFO - [2024-05-29T01:15:36.026+0000] {dagbag.py:545} INFO - Filling up the DagBag from /home/airflow/.local/lib/python3.12/site-packages/airflow/example_dags/example_latest_only.py
[2024-05-29T01:15:36.032+0000] {processor.py:840} INFO - DAG(s) 'latest_only' retrieved from /home/airflow/.local/lib/python3.12/site-packages/airflow/example_dags/example_latest_only.py
[2024-05-29T01:15:36.054+0000] {logging_mixin.py:188} INFO - [2024-05-29T01:15:36.054+0000] {dag.py:3096} INFO - Sync 1 DAGs
[2024-05-29T01:15:36.082+0000] {logging_mixin.py:188} INFO - [2024-05-29T01:15:36.082+0000] {dag.py:3954} INFO - Setting next_dagrun for latest_only to 2024-05-28 20:00:00+00:00, run_after=2024-05-29 00:00:00+00:00
[2024-05-29T01:15:36.108+0000] {processor.py:183} INFO - Processing /home/airflow/.local/lib/python3.12/site-packages/airflow/example_dags/example_latest_only.py took 0.093 seconds
[2024-05-29T01:16:06.187+0000] {processor.py:161} INFO - Started process (PID=821) to work on /home/airflow/.local/lib/python3.12/site-packages/airflow/example_dags/example_latest_only.py
[2024-05-29T01:16:06.188+0000] {processor.py:830} INFO - Processing file /home/airflow/.local/lib/python3.12/site-packages/airflow/example_dags/example_latest_only.py for tasks to queue
[2024-05-29T01:16:06.191+0000] {logging_mixin.py:188} INFO - [2024-05-29T01:16:06.191+0000] {dagbag.py:545} INFO - Filling up the DagBag from /home/airflow/.local/lib/python3.12/site-packages/airflow/example_dags/example_latest_only.py
[2024-05-29T01:16:06.198+0000] {processor.py:840} INFO - DAG(s) 'latest_only' retrieved from /home/airflow/.local/lib/python3.12/site-packages/airflow/example_dags/example_latest_only.py
[2024-05-29T01:16:06.226+0000] {logging_mixin.py:188} INFO - [2024-05-29T01:16:06.226+0000] {dag.py:3096} INFO - Sync 1 DAGs
[2024-05-29T01:16:06.250+0000] {logging_mixin.py:188} INFO - [2024-05-29T01:16:06.250+0000] {dag.py:3954} INFO - Setting next_dagrun for latest_only to 2024-05-28 20:00:00+00:00, run_after=2024-05-29 00:00:00+00:00
[2024-05-29T01:16:06.280+0000] {processor.py:183} INFO - Processing /home/airflow/.local/lib/python3.12/site-packages/airflow/example_dags/example_latest_only.py took 0.099 seconds
[2024-05-29T01:16:36.556+0000] {processor.py:161} INFO - Started process (PID=881) to work on /home/airflow/.local/lib/python3.12/site-packages/airflow/example_dags/example_latest_only.py
[2024-05-29T01:16:36.557+0000] {processor.py:830} INFO - Processing file /home/airflow/.local/lib/python3.12/site-packages/airflow/example_dags/example_latest_only.py for tasks to queue
[2024-05-29T01:16:36.559+0000] {logging_mixin.py:188} INFO - [2024-05-29T01:16:36.559+0000] {dagbag.py:545} INFO - Filling up the DagBag from /home/airflow/.local/lib/python3.12/site-packages/airflow/example_dags/example_latest_only.py
[2024-05-29T01:16:36.565+0000] {processor.py:840} INFO - DAG(s) 'latest_only' retrieved from /home/airflow/.local/lib/python3.12/site-packages/airflow/example_dags/example_latest_only.py
[2024-05-29T01:16:36.587+0000] {logging_mixin.py:188} INFO - [2024-05-29T01:16:36.586+0000] {dag.py:3096} INFO - Sync 1 DAGs
[2024-05-29T01:16:36.617+0000] {logging_mixin.py:188} INFO - [2024-05-29T01:16:36.617+0000] {dag.py:3954} INFO - Setting next_dagrun for latest_only to 2024-05-28 20:00:00+00:00, run_after=2024-05-29 00:00:00+00:00
[2024-05-29T01:16:36.644+0000] {processor.py:183} INFO - Processing /home/airflow/.local/lib/python3.12/site-packages/airflow/example_dags/example_latest_only.py took 0.095 seconds
[2024-05-29T01:17:07.309+0000] {processor.py:161} INFO - Started process (PID=943) to work on /home/airflow/.local/lib/python3.12/site-packages/airflow/example_dags/example_latest_only.py
[2024-05-29T01:17:07.310+0000] {processor.py:830} INFO - Processing file /home/airflow/.local/lib/python3.12/site-packages/airflow/example_dags/example_latest_only.py for tasks to queue
[2024-05-29T01:17:07.313+0000] {logging_mixin.py:188} INFO - [2024-05-29T01:17:07.313+0000] {dagbag.py:545} INFO - Filling up the DagBag from /home/airflow/.local/lib/python3.12/site-packages/airflow/example_dags/example_latest_only.py
[2024-05-29T01:17:07.319+0000] {processor.py:840} INFO - DAG(s) 'latest_only' retrieved from /home/airflow/.local/lib/python3.12/site-packages/airflow/example_dags/example_latest_only.py
[2024-05-29T01:17:07.344+0000] {logging_mixin.py:188} INFO - [2024-05-29T01:17:07.344+0000] {dag.py:3096} INFO - Sync 1 DAGs
[2024-05-29T01:17:07.371+0000] {logging_mixin.py:188} INFO - [2024-05-29T01:17:07.371+0000] {dag.py:3954} INFO - Setting next_dagrun for latest_only to 2024-05-28 20:00:00+00:00, run_after=2024-05-29 00:00:00+00:00
[2024-05-29T01:17:07.392+0000] {processor.py:183} INFO - Processing /home/airflow/.local/lib/python3.12/site-packages/airflow/example_dags/example_latest_only.py took 0.091 seconds
[2024-05-29T01:17:37.875+0000] {processor.py:161} INFO - Started process (PID=1008) to work on /home/airflow/.local/lib/python3.12/site-packages/airflow/example_dags/example_latest_only.py
[2024-05-29T01:17:37.876+0000] {processor.py:830} INFO - Processing file /home/airflow/.local/lib/python3.12/site-packages/airflow/example_dags/example_latest_only.py for tasks to queue
[2024-05-29T01:17:37.879+0000] {logging_mixin.py:188} INFO - [2024-05-29T01:17:37.879+0000] {dagbag.py:545} INFO - Filling up the DagBag from /home/airflow/.local/lib/python3.12/site-packages/airflow/example_dags/example_latest_only.py
[2024-05-29T01:17:37.885+0000] {processor.py:840} INFO - DAG(s) 'latest_only' retrieved from /home/airflow/.local/lib/python3.12/site-packages/airflow/example_dags/example_latest_only.py
[2024-05-29T01:17:37.909+0000] {logging_mixin.py:188} INFO - [2024-05-29T01:17:37.908+0000] {dag.py:3096} INFO - Sync 1 DAGs
[2024-05-29T01:17:37.932+0000] {logging_mixin.py:188} INFO - [2024-05-29T01:17:37.932+0000] {dag.py:3954} INFO - Setting next_dagrun for latest_only to 2024-05-28 20:00:00+00:00, run_after=2024-05-29 00:00:00+00:00
[2024-05-29T01:17:37.957+0000] {processor.py:183} INFO - Processing /home/airflow/.local/lib/python3.12/site-packages/airflow/example_dags/example_latest_only.py took 0.089 seconds
[2024-05-29T01:18:08.209+0000] {processor.py:161} INFO - Started process (PID=1068) to work on /home/airflow/.local/lib/python3.12/site-packages/airflow/example_dags/example_latest_only.py
[2024-05-29T01:18:08.211+0000] {processor.py:830} INFO - Processing file /home/airflow/.local/lib/python3.12/site-packages/airflow/example_dags/example_latest_only.py for tasks to queue
[2024-05-29T01:18:08.213+0000] {logging_mixin.py:188} INFO - [2024-05-29T01:18:08.212+0000] {dagbag.py:545} INFO - Filling up the DagBag from /home/airflow/.local/lib/python3.12/site-packages/airflow/example_dags/example_latest_only.py
[2024-05-29T01:18:08.217+0000] {processor.py:840} INFO - DAG(s) 'latest_only' retrieved from /home/airflow/.local/lib/python3.12/site-packages/airflow/example_dags/example_latest_only.py
[2024-05-29T01:18:08.240+0000] {logging_mixin.py:188} INFO - [2024-05-29T01:18:08.240+0000] {dag.py:3096} INFO - Sync 1 DAGs
[2024-05-29T01:18:08.266+0000] {logging_mixin.py:188} INFO - [2024-05-29T01:18:08.266+0000] {dag.py:3954} INFO - Setting next_dagrun for latest_only to 2024-05-28 20:00:00+00:00, run_after=2024-05-29 00:00:00+00:00
[2024-05-29T01:18:08.288+0000] {processor.py:183} INFO - Processing /home/airflow/.local/lib/python3.12/site-packages/airflow/example_dags/example_latest_only.py took 0.085 seconds
[2024-05-29T01:18:38.597+0000] {processor.py:161} INFO - Started process (PID=1126) to work on /home/airflow/.local/lib/python3.12/site-packages/airflow/example_dags/example_latest_only.py
[2024-05-29T01:18:38.598+0000] {processor.py:830} INFO - Processing file /home/airflow/.local/lib/python3.12/site-packages/airflow/example_dags/example_latest_only.py for tasks to queue
[2024-05-29T01:18:38.600+0000] {logging_mixin.py:188} INFO - [2024-05-29T01:18:38.600+0000] {dagbag.py:545} INFO - Filling up the DagBag from /home/airflow/.local/lib/python3.12/site-packages/airflow/example_dags/example_latest_only.py
[2024-05-29T01:18:38.605+0000] {processor.py:840} INFO - DAG(s) 'latest_only' retrieved from /home/airflow/.local/lib/python3.12/site-packages/airflow/example_dags/example_latest_only.py
[2024-05-29T01:18:38.625+0000] {logging_mixin.py:188} INFO - [2024-05-29T01:18:38.625+0000] {dag.py:3096} INFO - Sync 1 DAGs
[2024-05-29T01:18:38.648+0000] {logging_mixin.py:188} INFO - [2024-05-29T01:18:38.648+0000] {dag.py:3954} INFO - Setting next_dagrun for latest_only to 2024-05-28 20:00:00+00:00, run_after=2024-05-29 00:00:00+00:00
[2024-05-29T01:18:38.673+0000] {processor.py:183} INFO - Processing /home/airflow/.local/lib/python3.12/site-packages/airflow/example_dags/example_latest_only.py took 0.081 seconds
[2024-05-29T01:19:08.892+0000] {processor.py:161} INFO - Started process (PID=1186) to work on /home/airflow/.local/lib/python3.12/site-packages/airflow/example_dags/example_latest_only.py
[2024-05-29T01:19:08.894+0000] {processor.py:830} INFO - Processing file /home/airflow/.local/lib/python3.12/site-packages/airflow/example_dags/example_latest_only.py for tasks to queue
[2024-05-29T01:19:08.896+0000] {logging_mixin.py:188} INFO - [2024-05-29T01:19:08.895+0000] {dagbag.py:545} INFO - Filling up the DagBag from /home/airflow/.local/lib/python3.12/site-packages/airflow/example_dags/example_latest_only.py
[2024-05-29T01:19:08.901+0000] {processor.py:840} INFO - DAG(s) 'latest_only' retrieved from /home/airflow/.local/lib/python3.12/site-packages/airflow/example_dags/example_latest_only.py
[2024-05-29T01:19:08.923+0000] {logging_mixin.py:188} INFO - [2024-05-29T01:19:08.923+0000] {dag.py:3096} INFO - Sync 1 DAGs
[2024-05-29T01:19:08.945+0000] {logging_mixin.py:188} INFO - [2024-05-29T01:19:08.945+0000] {dag.py:3954} INFO - Setting next_dagrun for latest_only to 2024-05-28 20:00:00+00:00, run_after=2024-05-29 00:00:00+00:00
[2024-05-29T01:19:08.971+0000] {processor.py:183} INFO - Processing /home/airflow/.local/lib/python3.12/site-packages/airflow/example_dags/example_latest_only.py took 0.084 seconds
[2024-05-29T01:19:39.316+0000] {processor.py:161} INFO - Started process (PID=1246) to work on /home/airflow/.local/lib/python3.12/site-packages/airflow/example_dags/example_latest_only.py
[2024-05-29T01:19:39.317+0000] {processor.py:830} INFO - Processing file /home/airflow/.local/lib/python3.12/site-packages/airflow/example_dags/example_latest_only.py for tasks to queue
[2024-05-29T01:19:39.320+0000] {logging_mixin.py:188} INFO - [2024-05-29T01:19:39.320+0000] {dagbag.py:545} INFO - Filling up the DagBag from /home/airflow/.local/lib/python3.12/site-packages/airflow/example_dags/example_latest_only.py
[2024-05-29T01:19:39.325+0000] {processor.py:840} INFO - DAG(s) 'latest_only' retrieved from /home/airflow/.local/lib/python3.12/site-packages/airflow/example_dags/example_latest_only.py
[2024-05-29T01:19:39.350+0000] {logging_mixin.py:188} INFO - [2024-05-29T01:19:39.349+0000] {dag.py:3096} INFO - Sync 1 DAGs
[2024-05-29T01:19:39.373+0000] {logging_mixin.py:188} INFO - [2024-05-29T01:19:39.373+0000] {dag.py:3954} INFO - Setting next_dagrun for latest_only to 2024-05-28 20:00:00+00:00, run_after=2024-05-29 00:00:00+00:00
[2024-05-29T01:19:39.397+0000] {processor.py:183} INFO - Processing /home/airflow/.local/lib/python3.12/site-packages/airflow/example_dags/example_latest_only.py took 0.087 seconds
[2024-05-29T01:20:09.872+0000] {processor.py:161} INFO - Started process (PID=1306) to work on /home/airflow/.local/lib/python3.12/site-packages/airflow/example_dags/example_latest_only.py
[2024-05-29T01:20:09.873+0000] {processor.py:830} INFO - Processing file /home/airflow/.local/lib/python3.12/site-packages/airflow/example_dags/example_latest_only.py for tasks to queue
[2024-05-29T01:20:09.876+0000] {logging_mixin.py:188} INFO - [2024-05-29T01:20:09.876+0000] {dagbag.py:545} INFO - Filling up the DagBag from /home/airflow/.local/lib/python3.12/site-packages/airflow/example_dags/example_latest_only.py
[2024-05-29T01:20:09.882+0000] {processor.py:840} INFO - DAG(s) 'latest_only' retrieved from /home/airflow/.local/lib/python3.12/site-packages/airflow/example_dags/example_latest_only.py
[2024-05-29T01:20:09.908+0000] {logging_mixin.py:188} INFO - [2024-05-29T01:20:09.908+0000] {dag.py:3096} INFO - Sync 1 DAGs
[2024-05-29T01:20:09.934+0000] {logging_mixin.py:188} INFO - [2024-05-29T01:20:09.934+0000] {dag.py:3954} INFO - Setting next_dagrun for latest_only to 2024-05-28 20:00:00+00:00, run_after=2024-05-29 00:00:00+00:00
[2024-05-29T01:20:09.963+0000] {processor.py:183} INFO - Processing /home/airflow/.local/lib/python3.12/site-packages/airflow/example_dags/example_latest_only.py took 0.098 seconds
[2024-05-29T01:20:40.225+0000] {processor.py:161} INFO - Started process (PID=1366) to work on /home/airflow/.local/lib/python3.12/site-packages/airflow/example_dags/example_latest_only.py
[2024-05-29T01:20:40.227+0000] {processor.py:830} INFO - Processing file /home/airflow/.local/lib/python3.12/site-packages/airflow/example_dags/example_latest_only.py for tasks to queue
[2024-05-29T01:20:40.241+0000] {logging_mixin.py:188} INFO - [2024-05-29T01:20:40.239+0000] {dagbag.py:545} INFO - Filling up the DagBag from /home/airflow/.local/lib/python3.12/site-packages/airflow/example_dags/example_latest_only.py
[2024-05-29T01:20:40.254+0000] {processor.py:840} INFO - DAG(s) 'latest_only' retrieved from /home/airflow/.local/lib/python3.12/site-packages/airflow/example_dags/example_latest_only.py
[2024-05-29T01:20:40.303+0000] {logging_mixin.py:188} INFO - [2024-05-29T01:20:40.302+0000] {dag.py:3096} INFO - Sync 1 DAGs
[2024-05-29T01:20:40.522+0000] {logging_mixin.py:188} INFO - [2024-05-29T01:20:40.521+0000] {dag.py:3954} INFO - Setting next_dagrun for latest_only to 2024-05-28 20:00:00+00:00, run_after=2024-05-29 00:00:00+00:00
[2024-05-29T01:20:40.697+0000] {processor.py:183} INFO - Processing /home/airflow/.local/lib/python3.12/site-packages/airflow/example_dags/example_latest_only.py took 0.478 seconds
[2024-05-29T01:22:20.990+0000] {processor.py:161} INFO - Started process (PID=1414) to work on /home/airflow/.local/lib/python3.12/site-packages/airflow/example_dags/example_latest_only.py
[2024-05-29T01:22:20.992+0000] {processor.py:830} INFO - Processing file /home/airflow/.local/lib/python3.12/site-packages/airflow/example_dags/example_latest_only.py for tasks to queue
[2024-05-29T01:22:20.993+0000] {logging_mixin.py:188} INFO - [2024-05-29T01:22:20.992+0000] {dagbag.py:545} INFO - Filling up the DagBag from /home/airflow/.local/lib/python3.12/site-packages/airflow/example_dags/example_latest_only.py
[2024-05-29T01:22:20.998+0000] {processor.py:840} INFO - DAG(s) 'latest_only' retrieved from /home/airflow/.local/lib/python3.12/site-packages/airflow/example_dags/example_latest_only.py
[2024-05-29T01:22:21.025+0000] {logging_mixin.py:188} INFO - [2024-05-29T01:22:21.025+0000] {dag.py:3096} INFO - Sync 1 DAGs
[2024-05-29T01:22:21.052+0000] {logging_mixin.py:188} INFO - [2024-05-29T01:22:21.051+0000] {dag.py:3954} INFO - Setting next_dagrun for latest_only to 2024-05-28 20:00:00+00:00, run_after=2024-05-29 00:00:00+00:00
[2024-05-29T01:22:21.077+0000] {processor.py:183} INFO - Processing /home/airflow/.local/lib/python3.12/site-packages/airflow/example_dags/example_latest_only.py took 0.095 seconds
[2024-05-29T01:22:51.585+0000] {processor.py:161} INFO - Started process (PID=1470) to work on /home/airflow/.local/lib/python3.12/site-packages/airflow/example_dags/example_latest_only.py
[2024-05-29T01:22:51.587+0000] {processor.py:830} INFO - Processing file /home/airflow/.local/lib/python3.12/site-packages/airflow/example_dags/example_latest_only.py for tasks to queue
[2024-05-29T01:22:51.588+0000] {logging_mixin.py:188} INFO - [2024-05-29T01:22:51.587+0000] {dagbag.py:545} INFO - Filling up the DagBag from /home/airflow/.local/lib/python3.12/site-packages/airflow/example_dags/example_latest_only.py
[2024-05-29T01:22:51.594+0000] {processor.py:840} INFO - DAG(s) 'latest_only' retrieved from /home/airflow/.local/lib/python3.12/site-packages/airflow/example_dags/example_latest_only.py
[2024-05-29T01:22:51.617+0000] {logging_mixin.py:188} INFO - [2024-05-29T01:22:51.617+0000] {dag.py:3096} INFO - Sync 1 DAGs
[2024-05-29T01:22:51.641+0000] {logging_mixin.py:188} INFO - [2024-05-29T01:22:51.641+0000] {dag.py:3954} INFO - Setting next_dagrun for latest_only to 2024-05-28 20:00:00+00:00, run_after=2024-05-29 00:00:00+00:00
[2024-05-29T01:22:51.666+0000] {processor.py:183} INFO - Processing /home/airflow/.local/lib/python3.12/site-packages/airflow/example_dags/example_latest_only.py took 0.087 seconds
[2024-05-29T01:27:40.941+0000] {processor.py:161} INFO - Started process (PID=36) to work on /home/airflow/.local/lib/python3.12/site-packages/airflow/example_dags/example_latest_only.py
[2024-05-29T01:27:40.951+0000] {processor.py:830} INFO - Processing file /home/airflow/.local/lib/python3.12/site-packages/airflow/example_dags/example_latest_only.py for tasks to queue
[2024-05-29T01:27:40.962+0000] {logging_mixin.py:188} INFO - [2024-05-29T01:27:40.962+0000] {dagbag.py:545} INFO - Filling up the DagBag from /home/airflow/.local/lib/python3.12/site-packages/airflow/example_dags/example_latest_only.py
[2024-05-29T01:27:41.074+0000] {processor.py:840} INFO - DAG(s) 'latest_only' retrieved from /home/airflow/.local/lib/python3.12/site-packages/airflow/example_dags/example_latest_only.py
[2024-05-29T01:27:41.331+0000] {logging_mixin.py:188} INFO - [2024-05-29T01:27:41.329+0000] {dag.py:3096} INFO - Sync 1 DAGs
[2024-05-29T01:27:41.565+0000] {logging_mixin.py:188} INFO - [2024-05-29T01:27:41.561+0000] {dag.py:3954} INFO - Setting next_dagrun for latest_only to 2024-05-28 20:00:00+00:00, run_after=2024-05-29 00:00:00+00:00
[2024-05-29T01:27:41.646+0000] {processor.py:183} INFO - Processing /home/airflow/.local/lib/python3.12/site-packages/airflow/example_dags/example_latest_only.py took 0.743 seconds
[2024-05-29T01:28:12.215+0000] {processor.py:161} INFO - Started process (PID=93) to work on /home/airflow/.local/lib/python3.12/site-packages/airflow/example_dags/example_latest_only.py
[2024-05-29T01:28:12.222+0000] {processor.py:830} INFO - Processing file /home/airflow/.local/lib/python3.12/site-packages/airflow/example_dags/example_latest_only.py for tasks to queue
[2024-05-29T01:28:12.224+0000] {logging_mixin.py:188} INFO - [2024-05-29T01:28:12.223+0000] {dagbag.py:545} INFO - Filling up the DagBag from /home/airflow/.local/lib/python3.12/site-packages/airflow/example_dags/example_latest_only.py
[2024-05-29T01:28:12.229+0000] {processor.py:840} INFO - DAG(s) 'latest_only' retrieved from /home/airflow/.local/lib/python3.12/site-packages/airflow/example_dags/example_latest_only.py
[2024-05-29T01:28:12.249+0000] {logging_mixin.py:188} INFO - [2024-05-29T01:28:12.249+0000] {dag.py:3096} INFO - Sync 1 DAGs
[2024-05-29T01:28:12.270+0000] {logging_mixin.py:188} INFO - [2024-05-29T01:28:12.270+0000] {dag.py:3954} INFO - Setting next_dagrun for latest_only to 2024-05-28 20:00:00+00:00, run_after=2024-05-29 00:00:00+00:00
[2024-05-29T01:28:12.296+0000] {processor.py:183} INFO - Processing /home/airflow/.local/lib/python3.12/site-packages/airflow/example_dags/example_latest_only.py took 0.085 seconds
