[2024-05-29T01:09:30.827+0000] {processor.py:161} INFO - Started process (PID=48) to work on /home/airflow/.local/lib/python3.12/site-packages/airflow/example_dags/example_short_circuit_operator.py
[2024-05-29T01:09:30.829+0000] {processor.py:830} INFO - Processing file /home/airflow/.local/lib/python3.12/site-packages/airflow/example_dags/example_short_circuit_operator.py for tasks to queue
[2024-05-29T01:09:30.832+0000] {logging_mixin.py:188} INFO - [2024-05-29T01:09:30.832+0000] {dagbag.py:545} INFO - Filling up the DagBag from /home/airflow/.local/lib/python3.12/site-packages/airflow/example_dags/example_short_circuit_operator.py
[2024-05-29T01:09:30.846+0000] {processor.py:840} INFO - DAG(s) 'example_short_circuit_operator' retrieved from /home/airflow/.local/lib/python3.12/site-packages/airflow/example_dags/example_short_circuit_operator.py
[2024-05-29T01:09:31.580+0000] {logging_mixin.py:188} INFO - [2024-05-29T01:09:31.571+0000] {override.py:1829} INFO - Created Permission View: can edit on DAG:example_short_circuit_operator
[2024-05-29T01:09:31.639+0000] {logging_mixin.py:188} INFO - [2024-05-29T01:09:31.633+0000] {override.py:1829} INFO - Created Permission View: can delete on DAG:example_short_circuit_operator
[2024-05-29T01:09:31.658+0000] {logging_mixin.py:188} INFO - [2024-05-29T01:09:31.656+0000] {override.py:1829} INFO - Created Permission View: can read on DAG:example_short_circuit_operator
[2024-05-29T01:09:31.667+0000] {logging_mixin.py:188} INFO - [2024-05-29T01:09:31.666+0000] {dag.py:3096} INFO - Sync 1 DAGs
[2024-05-29T01:09:31.825+0000] {logging_mixin.py:188} INFO - [2024-05-29T01:09:31.825+0000] {dag.py:3118} INFO - Creating ORM DAG for example_short_circuit_operator
[2024-05-29T01:09:32.079+0000] {logging_mixin.py:188} INFO - [2024-05-29T01:09:32.078+0000] {dag.py:3954} INFO - Setting next_dagrun for example_short_circuit_operator to 2024-05-28 00:00:00+00:00, run_after=2024-05-29 00:00:00+00:00
[2024-05-29T01:09:32.175+0000] {processor.py:183} INFO - Processing /home/airflow/.local/lib/python3.12/site-packages/airflow/example_dags/example_short_circuit_operator.py took 1.367 seconds
[2024-05-29T01:10:02.280+0000] {processor.py:161} INFO - Started process (PID=108) to work on /home/airflow/.local/lib/python3.12/site-packages/airflow/example_dags/example_short_circuit_operator.py
[2024-05-29T01:10:02.282+0000] {processor.py:830} INFO - Processing file /home/airflow/.local/lib/python3.12/site-packages/airflow/example_dags/example_short_circuit_operator.py for tasks to queue
[2024-05-29T01:10:02.285+0000] {logging_mixin.py:188} INFO - [2024-05-29T01:10:02.285+0000] {dagbag.py:545} INFO - Filling up the DagBag from /home/airflow/.local/lib/python3.12/site-packages/airflow/example_dags/example_short_circuit_operator.py
[2024-05-29T01:10:02.303+0000] {processor.py:840} INFO - DAG(s) 'example_short_circuit_operator' retrieved from /home/airflow/.local/lib/python3.12/site-packages/airflow/example_dags/example_short_circuit_operator.py
[2024-05-29T01:10:02.359+0000] {logging_mixin.py:188} INFO - [2024-05-29T01:10:02.358+0000] {dag.py:3096} INFO - Sync 1 DAGs
[2024-05-29T01:10:02.443+0000] {logging_mixin.py:188} INFO - [2024-05-29T01:10:02.443+0000] {dag.py:3954} INFO - Setting next_dagrun for example_short_circuit_operator to 2024-05-28 00:00:00+00:00, run_after=2024-05-29 00:00:00+00:00
[2024-05-29T01:10:02.546+0000] {processor.py:183} INFO - Processing /home/airflow/.local/lib/python3.12/site-packages/airflow/example_dags/example_short_circuit_operator.py took 0.275 seconds
[2024-05-29T01:10:32.938+0000] {processor.py:161} INFO - Started process (PID=168) to work on /home/airflow/.local/lib/python3.12/site-packages/airflow/example_dags/example_short_circuit_operator.py
[2024-05-29T01:10:32.940+0000] {processor.py:830} INFO - Processing file /home/airflow/.local/lib/python3.12/site-packages/airflow/example_dags/example_short_circuit_operator.py for tasks to queue
[2024-05-29T01:10:32.943+0000] {logging_mixin.py:188} INFO - [2024-05-29T01:10:32.943+0000] {dagbag.py:545} INFO - Filling up the DagBag from /home/airflow/.local/lib/python3.12/site-packages/airflow/example_dags/example_short_circuit_operator.py
[2024-05-29T01:10:32.952+0000] {processor.py:840} INFO - DAG(s) 'example_short_circuit_operator' retrieved from /home/airflow/.local/lib/python3.12/site-packages/airflow/example_dags/example_short_circuit_operator.py
[2024-05-29T01:10:32.984+0000] {logging_mixin.py:188} INFO - [2024-05-29T01:10:32.984+0000] {dag.py:3096} INFO - Sync 1 DAGs
[2024-05-29T01:10:33.026+0000] {logging_mixin.py:188} INFO - [2024-05-29T01:10:33.026+0000] {dag.py:3954} INFO - Setting next_dagrun for example_short_circuit_operator to 2024-05-28 00:00:00+00:00, run_after=2024-05-29 00:00:00+00:00
[2024-05-29T01:10:33.053+0000] {processor.py:183} INFO - Processing /home/airflow/.local/lib/python3.12/site-packages/airflow/example_dags/example_short_circuit_operator.py took 0.124 seconds
[2024-05-29T01:11:03.126+0000] {processor.py:161} INFO - Started process (PID=226) to work on /home/airflow/.local/lib/python3.12/site-packages/airflow/example_dags/example_short_circuit_operator.py
[2024-05-29T01:11:03.129+0000] {processor.py:830} INFO - Processing file /home/airflow/.local/lib/python3.12/site-packages/airflow/example_dags/example_short_circuit_operator.py for tasks to queue
[2024-05-29T01:11:03.134+0000] {logging_mixin.py:188} INFO - [2024-05-29T01:11:03.133+0000] {dagbag.py:545} INFO - Filling up the DagBag from /home/airflow/.local/lib/python3.12/site-packages/airflow/example_dags/example_short_circuit_operator.py
[2024-05-29T01:11:03.148+0000] {processor.py:840} INFO - DAG(s) 'example_short_circuit_operator' retrieved from /home/airflow/.local/lib/python3.12/site-packages/airflow/example_dags/example_short_circuit_operator.py
[2024-05-29T01:11:03.188+0000] {logging_mixin.py:188} INFO - [2024-05-29T01:11:03.188+0000] {dag.py:3096} INFO - Sync 1 DAGs
[2024-05-29T01:11:03.229+0000] {logging_mixin.py:188} INFO - [2024-05-29T01:11:03.229+0000] {dag.py:3954} INFO - Setting next_dagrun for example_short_circuit_operator to 2024-05-28 00:00:00+00:00, run_after=2024-05-29 00:00:00+00:00
[2024-05-29T01:11:03.266+0000] {processor.py:183} INFO - Processing /home/airflow/.local/lib/python3.12/site-packages/airflow/example_dags/example_short_circuit_operator.py took 0.154 seconds
[2024-05-29T01:11:33.418+0000] {processor.py:161} INFO - Started process (PID=287) to work on /home/airflow/.local/lib/python3.12/site-packages/airflow/example_dags/example_short_circuit_operator.py
[2024-05-29T01:11:33.419+0000] {processor.py:830} INFO - Processing file /home/airflow/.local/lib/python3.12/site-packages/airflow/example_dags/example_short_circuit_operator.py for tasks to queue
[2024-05-29T01:11:33.422+0000] {logging_mixin.py:188} INFO - [2024-05-29T01:11:33.422+0000] {dagbag.py:545} INFO - Filling up the DagBag from /home/airflow/.local/lib/python3.12/site-packages/airflow/example_dags/example_short_circuit_operator.py
[2024-05-29T01:11:33.432+0000] {processor.py:840} INFO - DAG(s) 'example_short_circuit_operator' retrieved from /home/airflow/.local/lib/python3.12/site-packages/airflow/example_dags/example_short_circuit_operator.py
[2024-05-29T01:11:33.463+0000] {logging_mixin.py:188} INFO - [2024-05-29T01:11:33.463+0000] {dag.py:3096} INFO - Sync 1 DAGs
[2024-05-29T01:11:33.499+0000] {logging_mixin.py:188} INFO - [2024-05-29T01:11:33.498+0000] {dag.py:3954} INFO - Setting next_dagrun for example_short_circuit_operator to 2024-05-28 00:00:00+00:00, run_after=2024-05-29 00:00:00+00:00
[2024-05-29T01:11:33.532+0000] {processor.py:183} INFO - Processing /home/airflow/.local/lib/python3.12/site-packages/airflow/example_dags/example_short_circuit_operator.py took 0.122 seconds
[2024-05-29T01:12:03.777+0000] {processor.py:161} INFO - Started process (PID=347) to work on /home/airflow/.local/lib/python3.12/site-packages/airflow/example_dags/example_short_circuit_operator.py
[2024-05-29T01:12:03.784+0000] {processor.py:830} INFO - Processing file /home/airflow/.local/lib/python3.12/site-packages/airflow/example_dags/example_short_circuit_operator.py for tasks to queue
[2024-05-29T01:12:03.788+0000] {logging_mixin.py:188} INFO - [2024-05-29T01:12:03.788+0000] {dagbag.py:545} INFO - Filling up the DagBag from /home/airflow/.local/lib/python3.12/site-packages/airflow/example_dags/example_short_circuit_operator.py
[2024-05-29T01:12:03.801+0000] {processor.py:840} INFO - DAG(s) 'example_short_circuit_operator' retrieved from /home/airflow/.local/lib/python3.12/site-packages/airflow/example_dags/example_short_circuit_operator.py
[2024-05-29T01:12:03.847+0000] {logging_mixin.py:188} INFO - [2024-05-29T01:12:03.846+0000] {dag.py:3096} INFO - Sync 1 DAGs
[2024-05-29T01:12:03.885+0000] {logging_mixin.py:188} INFO - [2024-05-29T01:12:03.884+0000] {dag.py:3954} INFO - Setting next_dagrun for example_short_circuit_operator to 2024-05-28 00:00:00+00:00, run_after=2024-05-29 00:00:00+00:00
[2024-05-29T01:12:03.918+0000] {processor.py:183} INFO - Processing /home/airflow/.local/lib/python3.12/site-packages/airflow/example_dags/example_short_circuit_operator.py took 0.151 seconds
[2024-05-29T01:12:34.518+0000] {processor.py:161} INFO - Started process (PID=407) to work on /home/airflow/.local/lib/python3.12/site-packages/airflow/example_dags/example_short_circuit_operator.py
[2024-05-29T01:12:34.520+0000] {processor.py:830} INFO - Processing file /home/airflow/.local/lib/python3.12/site-packages/airflow/example_dags/example_short_circuit_operator.py for tasks to queue
[2024-05-29T01:12:34.524+0000] {logging_mixin.py:188} INFO - [2024-05-29T01:12:34.523+0000] {dagbag.py:545} INFO - Filling up the DagBag from /home/airflow/.local/lib/python3.12/site-packages/airflow/example_dags/example_short_circuit_operator.py
[2024-05-29T01:12:34.536+0000] {processor.py:840} INFO - DAG(s) 'example_short_circuit_operator' retrieved from /home/airflow/.local/lib/python3.12/site-packages/airflow/example_dags/example_short_circuit_operator.py
[2024-05-29T01:12:34.603+0000] {logging_mixin.py:188} INFO - [2024-05-29T01:12:34.603+0000] {dag.py:3096} INFO - Sync 1 DAGs
[2024-05-29T01:12:34.642+0000] {logging_mixin.py:188} INFO - [2024-05-29T01:12:34.641+0000] {dag.py:3954} INFO - Setting next_dagrun for example_short_circuit_operator to 2024-05-28 00:00:00+00:00, run_after=2024-05-29 00:00:00+00:00
[2024-05-29T01:12:34.676+0000] {processor.py:183} INFO - Processing /home/airflow/.local/lib/python3.12/site-packages/airflow/example_dags/example_short_circuit_operator.py took 0.168 seconds
[2024-05-29T01:13:04.985+0000] {processor.py:161} INFO - Started process (PID=467) to work on /home/airflow/.local/lib/python3.12/site-packages/airflow/example_dags/example_short_circuit_operator.py
[2024-05-29T01:13:04.986+0000] {processor.py:830} INFO - Processing file /home/airflow/.local/lib/python3.12/site-packages/airflow/example_dags/example_short_circuit_operator.py for tasks to queue
[2024-05-29T01:13:04.988+0000] {logging_mixin.py:188} INFO - [2024-05-29T01:13:04.988+0000] {dagbag.py:545} INFO - Filling up the DagBag from /home/airflow/.local/lib/python3.12/site-packages/airflow/example_dags/example_short_circuit_operator.py
[2024-05-29T01:13:04.998+0000] {processor.py:840} INFO - DAG(s) 'example_short_circuit_operator' retrieved from /home/airflow/.local/lib/python3.12/site-packages/airflow/example_dags/example_short_circuit_operator.py
[2024-05-29T01:13:05.023+0000] {logging_mixin.py:188} INFO - [2024-05-29T01:13:05.023+0000] {dag.py:3096} INFO - Sync 1 DAGs
[2024-05-29T01:13:05.050+0000] {logging_mixin.py:188} INFO - [2024-05-29T01:13:05.050+0000] {dag.py:3954} INFO - Setting next_dagrun for example_short_circuit_operator to 2024-05-28 00:00:00+00:00, run_after=2024-05-29 00:00:00+00:00
[2024-05-29T01:13:05.075+0000] {processor.py:183} INFO - Processing /home/airflow/.local/lib/python3.12/site-packages/airflow/example_dags/example_short_circuit_operator.py took 0.097 seconds
[2024-05-29T01:13:35.162+0000] {processor.py:161} INFO - Started process (PID=527) to work on /home/airflow/.local/lib/python3.12/site-packages/airflow/example_dags/example_short_circuit_operator.py
[2024-05-29T01:13:35.164+0000] {processor.py:830} INFO - Processing file /home/airflow/.local/lib/python3.12/site-packages/airflow/example_dags/example_short_circuit_operator.py for tasks to queue
[2024-05-29T01:13:35.167+0000] {logging_mixin.py:188} INFO - [2024-05-29T01:13:35.166+0000] {dagbag.py:545} INFO - Filling up the DagBag from /home/airflow/.local/lib/python3.12/site-packages/airflow/example_dags/example_short_circuit_operator.py
[2024-05-29T01:13:35.174+0000] {processor.py:840} INFO - DAG(s) 'example_short_circuit_operator' retrieved from /home/airflow/.local/lib/python3.12/site-packages/airflow/example_dags/example_short_circuit_operator.py
[2024-05-29T01:13:35.199+0000] {logging_mixin.py:188} INFO - [2024-05-29T01:13:35.198+0000] {dag.py:3096} INFO - Sync 1 DAGs
[2024-05-29T01:13:35.219+0000] {logging_mixin.py:188} INFO - [2024-05-29T01:13:35.219+0000] {dag.py:3954} INFO - Setting next_dagrun for example_short_circuit_operator to 2024-05-28 00:00:00+00:00, run_after=2024-05-29 00:00:00+00:00
[2024-05-29T01:13:35.240+0000] {processor.py:183} INFO - Processing /home/airflow/.local/lib/python3.12/site-packages/airflow/example_dags/example_short_circuit_operator.py took 0.084 seconds
[2024-05-29T01:14:05.342+0000] {processor.py:161} INFO - Started process (PID=587) to work on /home/airflow/.local/lib/python3.12/site-packages/airflow/example_dags/example_short_circuit_operator.py
[2024-05-29T01:14:05.343+0000] {processor.py:830} INFO - Processing file /home/airflow/.local/lib/python3.12/site-packages/airflow/example_dags/example_short_circuit_operator.py for tasks to queue
[2024-05-29T01:14:05.345+0000] {logging_mixin.py:188} INFO - [2024-05-29T01:14:05.345+0000] {dagbag.py:545} INFO - Filling up the DagBag from /home/airflow/.local/lib/python3.12/site-packages/airflow/example_dags/example_short_circuit_operator.py
[2024-05-29T01:14:05.353+0000] {processor.py:840} INFO - DAG(s) 'example_short_circuit_operator' retrieved from /home/airflow/.local/lib/python3.12/site-packages/airflow/example_dags/example_short_circuit_operator.py
[2024-05-29T01:14:05.376+0000] {logging_mixin.py:188} INFO - [2024-05-29T01:14:05.376+0000] {dag.py:3096} INFO - Sync 1 DAGs
[2024-05-29T01:14:05.404+0000] {logging_mixin.py:188} INFO - [2024-05-29T01:14:05.404+0000] {dag.py:3954} INFO - Setting next_dagrun for example_short_circuit_operator to 2024-05-28 00:00:00+00:00, run_after=2024-05-29 00:00:00+00:00
[2024-05-29T01:14:05.427+0000] {processor.py:183} INFO - Processing /home/airflow/.local/lib/python3.12/site-packages/airflow/example_dags/example_short_circuit_operator.py took 0.093 seconds
[2024-05-29T01:14:35.621+0000] {processor.py:161} INFO - Started process (PID=647) to work on /home/airflow/.local/lib/python3.12/site-packages/airflow/example_dags/example_short_circuit_operator.py
[2024-05-29T01:14:35.623+0000] {processor.py:830} INFO - Processing file /home/airflow/.local/lib/python3.12/site-packages/airflow/example_dags/example_short_circuit_operator.py for tasks to queue
[2024-05-29T01:14:35.625+0000] {logging_mixin.py:188} INFO - [2024-05-29T01:14:35.625+0000] {dagbag.py:545} INFO - Filling up the DagBag from /home/airflow/.local/lib/python3.12/site-packages/airflow/example_dags/example_short_circuit_operator.py
[2024-05-29T01:14:35.634+0000] {processor.py:840} INFO - DAG(s) 'example_short_circuit_operator' retrieved from /home/airflow/.local/lib/python3.12/site-packages/airflow/example_dags/example_short_circuit_operator.py
[2024-05-29T01:14:35.661+0000] {logging_mixin.py:188} INFO - [2024-05-29T01:14:35.660+0000] {dag.py:3096} INFO - Sync 1 DAGs
[2024-05-29T01:14:35.686+0000] {logging_mixin.py:188} INFO - [2024-05-29T01:14:35.686+0000] {dag.py:3954} INFO - Setting next_dagrun for example_short_circuit_operator to 2024-05-28 00:00:00+00:00, run_after=2024-05-29 00:00:00+00:00
[2024-05-29T01:14:35.715+0000] {processor.py:183} INFO - Processing /home/airflow/.local/lib/python3.12/site-packages/airflow/example_dags/example_short_circuit_operator.py took 0.099 seconds
[2024-05-29T01:15:06.096+0000] {processor.py:161} INFO - Started process (PID=707) to work on /home/airflow/.local/lib/python3.12/site-packages/airflow/example_dags/example_short_circuit_operator.py
[2024-05-29T01:15:06.098+0000] {processor.py:830} INFO - Processing file /home/airflow/.local/lib/python3.12/site-packages/airflow/example_dags/example_short_circuit_operator.py for tasks to queue
[2024-05-29T01:15:06.100+0000] {logging_mixin.py:188} INFO - [2024-05-29T01:15:06.100+0000] {dagbag.py:545} INFO - Filling up the DagBag from /home/airflow/.local/lib/python3.12/site-packages/airflow/example_dags/example_short_circuit_operator.py
[2024-05-29T01:15:06.110+0000] {processor.py:840} INFO - DAG(s) 'example_short_circuit_operator' retrieved from /home/airflow/.local/lib/python3.12/site-packages/airflow/example_dags/example_short_circuit_operator.py
[2024-05-29T01:15:06.157+0000] {logging_mixin.py:188} INFO - [2024-05-29T01:15:06.157+0000] {dag.py:3096} INFO - Sync 1 DAGs
[2024-05-29T01:15:06.184+0000] {logging_mixin.py:188} INFO - [2024-05-29T01:15:06.184+0000] {dag.py:3954} INFO - Setting next_dagrun for example_short_circuit_operator to 2024-05-28 00:00:00+00:00, run_after=2024-05-29 00:00:00+00:00
[2024-05-29T01:15:06.202+0000] {processor.py:183} INFO - Processing /home/airflow/.local/lib/python3.12/site-packages/airflow/example_dags/example_short_circuit_operator.py took 0.114 seconds
[2024-05-29T01:15:36.413+0000] {processor.py:161} INFO - Started process (PID=767) to work on /home/airflow/.local/lib/python3.12/site-packages/airflow/example_dags/example_short_circuit_operator.py
[2024-05-29T01:15:36.415+0000] {processor.py:830} INFO - Processing file /home/airflow/.local/lib/python3.12/site-packages/airflow/example_dags/example_short_circuit_operator.py for tasks to queue
[2024-05-29T01:15:36.417+0000] {logging_mixin.py:188} INFO - [2024-05-29T01:15:36.417+0000] {dagbag.py:545} INFO - Filling up the DagBag from /home/airflow/.local/lib/python3.12/site-packages/airflow/example_dags/example_short_circuit_operator.py
[2024-05-29T01:15:36.427+0000] {processor.py:840} INFO - DAG(s) 'example_short_circuit_operator' retrieved from /home/airflow/.local/lib/python3.12/site-packages/airflow/example_dags/example_short_circuit_operator.py
[2024-05-29T01:15:36.454+0000] {logging_mixin.py:188} INFO - [2024-05-29T01:15:36.453+0000] {dag.py:3096} INFO - Sync 1 DAGs
[2024-05-29T01:15:36.474+0000] {logging_mixin.py:188} INFO - [2024-05-29T01:15:36.474+0000] {dag.py:3954} INFO - Setting next_dagrun for example_short_circuit_operator to 2024-05-28 00:00:00+00:00, run_after=2024-05-29 00:00:00+00:00
[2024-05-29T01:15:36.496+0000] {processor.py:183} INFO - Processing /home/airflow/.local/lib/python3.12/site-packages/airflow/example_dags/example_short_circuit_operator.py took 0.090 seconds
[2024-05-29T01:16:06.679+0000] {processor.py:161} INFO - Started process (PID=827) to work on /home/airflow/.local/lib/python3.12/site-packages/airflow/example_dags/example_short_circuit_operator.py
[2024-05-29T01:16:06.680+0000] {processor.py:830} INFO - Processing file /home/airflow/.local/lib/python3.12/site-packages/airflow/example_dags/example_short_circuit_operator.py for tasks to queue
[2024-05-29T01:16:06.682+0000] {logging_mixin.py:188} INFO - [2024-05-29T01:16:06.681+0000] {dagbag.py:545} INFO - Filling up the DagBag from /home/airflow/.local/lib/python3.12/site-packages/airflow/example_dags/example_short_circuit_operator.py
[2024-05-29T01:16:06.691+0000] {processor.py:840} INFO - DAG(s) 'example_short_circuit_operator' retrieved from /home/airflow/.local/lib/python3.12/site-packages/airflow/example_dags/example_short_circuit_operator.py
[2024-05-29T01:16:06.720+0000] {logging_mixin.py:188} INFO - [2024-05-29T01:16:06.720+0000] {dag.py:3096} INFO - Sync 1 DAGs
[2024-05-29T01:16:06.771+0000] {logging_mixin.py:188} INFO - [2024-05-29T01:16:06.771+0000] {dag.py:3954} INFO - Setting next_dagrun for example_short_circuit_operator to 2024-05-28 00:00:00+00:00, run_after=2024-05-29 00:00:00+00:00
[2024-05-29T01:16:06.810+0000] {processor.py:183} INFO - Processing /home/airflow/.local/lib/python3.12/site-packages/airflow/example_dags/example_short_circuit_operator.py took 0.139 seconds
[2024-05-29T01:16:36.927+0000] {processor.py:161} INFO - Started process (PID=887) to work on /home/airflow/.local/lib/python3.12/site-packages/airflow/example_dags/example_short_circuit_operator.py
[2024-05-29T01:16:36.928+0000] {processor.py:830} INFO - Processing file /home/airflow/.local/lib/python3.12/site-packages/airflow/example_dags/example_short_circuit_operator.py for tasks to queue
[2024-05-29T01:16:36.930+0000] {logging_mixin.py:188} INFO - [2024-05-29T01:16:36.930+0000] {dagbag.py:545} INFO - Filling up the DagBag from /home/airflow/.local/lib/python3.12/site-packages/airflow/example_dags/example_short_circuit_operator.py
[2024-05-29T01:16:36.937+0000] {processor.py:840} INFO - DAG(s) 'example_short_circuit_operator' retrieved from /home/airflow/.local/lib/python3.12/site-packages/airflow/example_dags/example_short_circuit_operator.py
[2024-05-29T01:16:36.959+0000] {logging_mixin.py:188} INFO - [2024-05-29T01:16:36.959+0000] {dag.py:3096} INFO - Sync 1 DAGs
[2024-05-29T01:16:36.986+0000] {logging_mixin.py:188} INFO - [2024-05-29T01:16:36.986+0000] {dag.py:3954} INFO - Setting next_dagrun for example_short_circuit_operator to 2024-05-28 00:00:00+00:00, run_after=2024-05-29 00:00:00+00:00
[2024-05-29T01:16:37.009+0000] {processor.py:183} INFO - Processing /home/airflow/.local/lib/python3.12/site-packages/airflow/example_dags/example_short_circuit_operator.py took 0.088 seconds
[2024-05-29T01:17:07.684+0000] {processor.py:161} INFO - Started process (PID=949) to work on /home/airflow/.local/lib/python3.12/site-packages/airflow/example_dags/example_short_circuit_operator.py
[2024-05-29T01:17:07.685+0000] {processor.py:830} INFO - Processing file /home/airflow/.local/lib/python3.12/site-packages/airflow/example_dags/example_short_circuit_operator.py for tasks to queue
[2024-05-29T01:17:07.687+0000] {logging_mixin.py:188} INFO - [2024-05-29T01:17:07.687+0000] {dagbag.py:545} INFO - Filling up the DagBag from /home/airflow/.local/lib/python3.12/site-packages/airflow/example_dags/example_short_circuit_operator.py
[2024-05-29T01:17:07.698+0000] {processor.py:840} INFO - DAG(s) 'example_short_circuit_operator' retrieved from /home/airflow/.local/lib/python3.12/site-packages/airflow/example_dags/example_short_circuit_operator.py
[2024-05-29T01:17:07.722+0000] {logging_mixin.py:188} INFO - [2024-05-29T01:17:07.722+0000] {dag.py:3096} INFO - Sync 1 DAGs
[2024-05-29T01:17:07.749+0000] {logging_mixin.py:188} INFO - [2024-05-29T01:17:07.749+0000] {dag.py:3954} INFO - Setting next_dagrun for example_short_circuit_operator to 2024-05-28 00:00:00+00:00, run_after=2024-05-29 00:00:00+00:00
[2024-05-29T01:17:07.776+0000] {processor.py:183} INFO - Processing /home/airflow/.local/lib/python3.12/site-packages/airflow/example_dags/example_short_circuit_operator.py took 0.099 seconds
[2024-05-29T01:17:38.236+0000] {processor.py:161} INFO - Started process (PID=1014) to work on /home/airflow/.local/lib/python3.12/site-packages/airflow/example_dags/example_short_circuit_operator.py
[2024-05-29T01:17:38.238+0000] {processor.py:830} INFO - Processing file /home/airflow/.local/lib/python3.12/site-packages/airflow/example_dags/example_short_circuit_operator.py for tasks to queue
[2024-05-29T01:17:38.240+0000] {logging_mixin.py:188} INFO - [2024-05-29T01:17:38.240+0000] {dagbag.py:545} INFO - Filling up the DagBag from /home/airflow/.local/lib/python3.12/site-packages/airflow/example_dags/example_short_circuit_operator.py
[2024-05-29T01:17:38.248+0000] {processor.py:840} INFO - DAG(s) 'example_short_circuit_operator' retrieved from /home/airflow/.local/lib/python3.12/site-packages/airflow/example_dags/example_short_circuit_operator.py
[2024-05-29T01:17:38.271+0000] {logging_mixin.py:188} INFO - [2024-05-29T01:17:38.271+0000] {dag.py:3096} INFO - Sync 1 DAGs
[2024-05-29T01:17:38.295+0000] {logging_mixin.py:188} INFO - [2024-05-29T01:17:38.295+0000] {dag.py:3954} INFO - Setting next_dagrun for example_short_circuit_operator to 2024-05-28 00:00:00+00:00, run_after=2024-05-29 00:00:00+00:00
[2024-05-29T01:17:38.317+0000] {processor.py:183} INFO - Processing /home/airflow/.local/lib/python3.12/site-packages/airflow/example_dags/example_short_circuit_operator.py took 0.087 seconds
[2024-05-29T01:18:08.599+0000] {processor.py:161} INFO - Started process (PID=1074) to work on /home/airflow/.local/lib/python3.12/site-packages/airflow/example_dags/example_short_circuit_operator.py
[2024-05-29T01:18:08.600+0000] {processor.py:830} INFO - Processing file /home/airflow/.local/lib/python3.12/site-packages/airflow/example_dags/example_short_circuit_operator.py for tasks to queue
[2024-05-29T01:18:08.603+0000] {logging_mixin.py:188} INFO - [2024-05-29T01:18:08.602+0000] {dagbag.py:545} INFO - Filling up the DagBag from /home/airflow/.local/lib/python3.12/site-packages/airflow/example_dags/example_short_circuit_operator.py
[2024-05-29T01:18:08.610+0000] {processor.py:840} INFO - DAG(s) 'example_short_circuit_operator' retrieved from /home/airflow/.local/lib/python3.12/site-packages/airflow/example_dags/example_short_circuit_operator.py
[2024-05-29T01:18:08.636+0000] {logging_mixin.py:188} INFO - [2024-05-29T01:18:08.636+0000] {dag.py:3096} INFO - Sync 1 DAGs
[2024-05-29T01:18:08.660+0000] {logging_mixin.py:188} INFO - [2024-05-29T01:18:08.659+0000] {dag.py:3954} INFO - Setting next_dagrun for example_short_circuit_operator to 2024-05-28 00:00:00+00:00, run_after=2024-05-29 00:00:00+00:00
[2024-05-29T01:18:08.682+0000] {processor.py:183} INFO - Processing /home/airflow/.local/lib/python3.12/site-packages/airflow/example_dags/example_short_circuit_operator.py took 0.090 seconds
[2024-05-29T01:18:39.269+0000] {processor.py:161} INFO - Started process (PID=1134) to work on /home/airflow/.local/lib/python3.12/site-packages/airflow/example_dags/example_short_circuit_operator.py
[2024-05-29T01:18:39.270+0000] {processor.py:830} INFO - Processing file /home/airflow/.local/lib/python3.12/site-packages/airflow/example_dags/example_short_circuit_operator.py for tasks to queue
[2024-05-29T01:18:39.273+0000] {logging_mixin.py:188} INFO - [2024-05-29T01:18:39.272+0000] {dagbag.py:545} INFO - Filling up the DagBag from /home/airflow/.local/lib/python3.12/site-packages/airflow/example_dags/example_short_circuit_operator.py
[2024-05-29T01:18:39.281+0000] {processor.py:840} INFO - DAG(s) 'example_short_circuit_operator' retrieved from /home/airflow/.local/lib/python3.12/site-packages/airflow/example_dags/example_short_circuit_operator.py
[2024-05-29T01:18:39.312+0000] {logging_mixin.py:188} INFO - [2024-05-29T01:18:39.311+0000] {dag.py:3096} INFO - Sync 1 DAGs
[2024-05-29T01:18:39.365+0000] {logging_mixin.py:188} INFO - [2024-05-29T01:18:39.365+0000] {dag.py:3954} INFO - Setting next_dagrun for example_short_circuit_operator to 2024-05-28 00:00:00+00:00, run_after=2024-05-29 00:00:00+00:00
[2024-05-29T01:18:39.402+0000] {processor.py:183} INFO - Processing /home/airflow/.local/lib/python3.12/site-packages/airflow/example_dags/example_short_circuit_operator.py took 0.139 seconds
[2024-05-29T01:19:10.181+0000] {processor.py:161} INFO - Started process (PID=1192) to work on /home/airflow/.local/lib/python3.12/site-packages/airflow/example_dags/example_short_circuit_operator.py
[2024-05-29T01:19:10.183+0000] {processor.py:830} INFO - Processing file /home/airflow/.local/lib/python3.12/site-packages/airflow/example_dags/example_short_circuit_operator.py for tasks to queue
[2024-05-29T01:19:10.185+0000] {logging_mixin.py:188} INFO - [2024-05-29T01:19:10.184+0000] {dagbag.py:545} INFO - Filling up the DagBag from /home/airflow/.local/lib/python3.12/site-packages/airflow/example_dags/example_short_circuit_operator.py
[2024-05-29T01:19:10.193+0000] {processor.py:840} INFO - DAG(s) 'example_short_circuit_operator' retrieved from /home/airflow/.local/lib/python3.12/site-packages/airflow/example_dags/example_short_circuit_operator.py
[2024-05-29T01:19:10.218+0000] {logging_mixin.py:188} INFO - [2024-05-29T01:19:10.217+0000] {dag.py:3096} INFO - Sync 1 DAGs
[2024-05-29T01:19:10.246+0000] {logging_mixin.py:188} INFO - [2024-05-29T01:19:10.245+0000] {dag.py:3954} INFO - Setting next_dagrun for example_short_circuit_operator to 2024-05-28 00:00:00+00:00, run_after=2024-05-29 00:00:00+00:00
[2024-05-29T01:19:10.268+0000] {processor.py:183} INFO - Processing /home/airflow/.local/lib/python3.12/site-packages/airflow/example_dags/example_short_circuit_operator.py took 0.092 seconds
[2024-05-29T01:19:40.621+0000] {processor.py:161} INFO - Started process (PID=1252) to work on /home/airflow/.local/lib/python3.12/site-packages/airflow/example_dags/example_short_circuit_operator.py
[2024-05-29T01:19:40.623+0000] {processor.py:830} INFO - Processing file /home/airflow/.local/lib/python3.12/site-packages/airflow/example_dags/example_short_circuit_operator.py for tasks to queue
[2024-05-29T01:19:40.625+0000] {logging_mixin.py:188} INFO - [2024-05-29T01:19:40.625+0000] {dagbag.py:545} INFO - Filling up the DagBag from /home/airflow/.local/lib/python3.12/site-packages/airflow/example_dags/example_short_circuit_operator.py
[2024-05-29T01:19:40.633+0000] {processor.py:840} INFO - DAG(s) 'example_short_circuit_operator' retrieved from /home/airflow/.local/lib/python3.12/site-packages/airflow/example_dags/example_short_circuit_operator.py
[2024-05-29T01:19:40.662+0000] {logging_mixin.py:188} INFO - [2024-05-29T01:19:40.662+0000] {dag.py:3096} INFO - Sync 1 DAGs
[2024-05-29T01:19:40.686+0000] {logging_mixin.py:188} INFO - [2024-05-29T01:19:40.686+0000] {dag.py:3954} INFO - Setting next_dagrun for example_short_circuit_operator to 2024-05-28 00:00:00+00:00, run_after=2024-05-29 00:00:00+00:00
[2024-05-29T01:19:40.712+0000] {processor.py:183} INFO - Processing /home/airflow/.local/lib/python3.12/site-packages/airflow/example_dags/example_short_circuit_operator.py took 0.096 seconds
[2024-05-29T01:20:11.195+0000] {processor.py:161} INFO - Started process (PID=1312) to work on /home/airflow/.local/lib/python3.12/site-packages/airflow/example_dags/example_short_circuit_operator.py
[2024-05-29T01:20:11.196+0000] {processor.py:830} INFO - Processing file /home/airflow/.local/lib/python3.12/site-packages/airflow/example_dags/example_short_circuit_operator.py for tasks to queue
[2024-05-29T01:20:11.199+0000] {logging_mixin.py:188} INFO - [2024-05-29T01:20:11.199+0000] {dagbag.py:545} INFO - Filling up the DagBag from /home/airflow/.local/lib/python3.12/site-packages/airflow/example_dags/example_short_circuit_operator.py
[2024-05-29T01:20:11.206+0000] {processor.py:840} INFO - DAG(s) 'example_short_circuit_operator' retrieved from /home/airflow/.local/lib/python3.12/site-packages/airflow/example_dags/example_short_circuit_operator.py
[2024-05-29T01:20:11.232+0000] {logging_mixin.py:188} INFO - [2024-05-29T01:20:11.232+0000] {dag.py:3096} INFO - Sync 1 DAGs
[2024-05-29T01:20:11.255+0000] {logging_mixin.py:188} INFO - [2024-05-29T01:20:11.255+0000] {dag.py:3954} INFO - Setting next_dagrun for example_short_circuit_operator to 2024-05-28 00:00:00+00:00, run_after=2024-05-29 00:00:00+00:00
[2024-05-29T01:20:11.281+0000] {processor.py:183} INFO - Processing /home/airflow/.local/lib/python3.12/site-packages/airflow/example_dags/example_short_circuit_operator.py took 0.091 seconds
[2024-05-29T01:20:42.272+0000] {processor.py:161} INFO - Started process (PID=1372) to work on /home/airflow/.local/lib/python3.12/site-packages/airflow/example_dags/example_short_circuit_operator.py
[2024-05-29T01:20:42.297+0000] {processor.py:830} INFO - Processing file /home/airflow/.local/lib/python3.12/site-packages/airflow/example_dags/example_short_circuit_operator.py for tasks to queue
[2024-05-29T01:20:42.321+0000] {logging_mixin.py:188} INFO - [2024-05-29T01:20:42.318+0000] {dagbag.py:545} INFO - Filling up the DagBag from /home/airflow/.local/lib/python3.12/site-packages/airflow/example_dags/example_short_circuit_operator.py
[2024-05-29T01:20:42.378+0000] {processor.py:840} INFO - DAG(s) 'example_short_circuit_operator' retrieved from /home/airflow/.local/lib/python3.12/site-packages/airflow/example_dags/example_short_circuit_operator.py
[2024-05-29T01:20:42.654+0000] {logging_mixin.py:188} INFO - [2024-05-29T01:20:42.654+0000] {dag.py:3096} INFO - Sync 1 DAGs
[2024-05-29T01:20:42.753+0000] {logging_mixin.py:188} INFO - [2024-05-29T01:20:42.753+0000] {dag.py:3954} INFO - Setting next_dagrun for example_short_circuit_operator to 2024-05-28 00:00:00+00:00, run_after=2024-05-29 00:00:00+00:00
[2024-05-29T01:20:42.805+0000] {processor.py:183} INFO - Processing /home/airflow/.local/lib/python3.12/site-packages/airflow/example_dags/example_short_circuit_operator.py took 0.656 seconds
[2024-05-29T01:22:21.394+0000] {processor.py:161} INFO - Started process (PID=1420) to work on /home/airflow/.local/lib/python3.12/site-packages/airflow/example_dags/example_short_circuit_operator.py
[2024-05-29T01:22:21.396+0000] {processor.py:830} INFO - Processing file /home/airflow/.local/lib/python3.12/site-packages/airflow/example_dags/example_short_circuit_operator.py for tasks to queue
[2024-05-29T01:22:21.397+0000] {logging_mixin.py:188} INFO - [2024-05-29T01:22:21.397+0000] {dagbag.py:545} INFO - Filling up the DagBag from /home/airflow/.local/lib/python3.12/site-packages/airflow/example_dags/example_short_circuit_operator.py
[2024-05-29T01:22:21.407+0000] {processor.py:840} INFO - DAG(s) 'example_short_circuit_operator' retrieved from /home/airflow/.local/lib/python3.12/site-packages/airflow/example_dags/example_short_circuit_operator.py
[2024-05-29T01:22:21.439+0000] {logging_mixin.py:188} INFO - [2024-05-29T01:22:21.438+0000] {dag.py:3096} INFO - Sync 1 DAGs
[2024-05-29T01:22:21.465+0000] {logging_mixin.py:188} INFO - [2024-05-29T01:22:21.465+0000] {dag.py:3954} INFO - Setting next_dagrun for example_short_circuit_operator to 2024-05-28 00:00:00+00:00, run_after=2024-05-29 00:00:00+00:00
[2024-05-29T01:22:21.493+0000] {processor.py:183} INFO - Processing /home/airflow/.local/lib/python3.12/site-packages/airflow/example_dags/example_short_circuit_operator.py took 0.105 seconds
[2024-05-29T01:22:52.325+0000] {processor.py:161} INFO - Started process (PID=1480) to work on /home/airflow/.local/lib/python3.12/site-packages/airflow/example_dags/example_short_circuit_operator.py
[2024-05-29T01:22:52.327+0000] {processor.py:830} INFO - Processing file /home/airflow/.local/lib/python3.12/site-packages/airflow/example_dags/example_short_circuit_operator.py for tasks to queue
[2024-05-29T01:22:52.328+0000] {logging_mixin.py:188} INFO - [2024-05-29T01:22:52.328+0000] {dagbag.py:545} INFO - Filling up the DagBag from /home/airflow/.local/lib/python3.12/site-packages/airflow/example_dags/example_short_circuit_operator.py
[2024-05-29T01:22:52.342+0000] {processor.py:840} INFO - DAG(s) 'example_short_circuit_operator' retrieved from /home/airflow/.local/lib/python3.12/site-packages/airflow/example_dags/example_short_circuit_operator.py
[2024-05-29T01:22:52.378+0000] {logging_mixin.py:188} INFO - [2024-05-29T01:22:52.378+0000] {dag.py:3096} INFO - Sync 1 DAGs
[2024-05-29T01:22:52.407+0000] {logging_mixin.py:188} INFO - [2024-05-29T01:22:52.406+0000] {dag.py:3954} INFO - Setting next_dagrun for example_short_circuit_operator to 2024-05-28 00:00:00+00:00, run_after=2024-05-29 00:00:00+00:00
[2024-05-29T01:22:52.433+0000] {processor.py:183} INFO - Processing /home/airflow/.local/lib/python3.12/site-packages/airflow/example_dags/example_short_circuit_operator.py took 0.116 seconds
[2024-05-29T01:27:43.066+0000] {processor.py:161} INFO - Started process (PID=42) to work on /home/airflow/.local/lib/python3.12/site-packages/airflow/example_dags/example_short_circuit_operator.py
[2024-05-29T01:27:43.068+0000] {processor.py:830} INFO - Processing file /home/airflow/.local/lib/python3.12/site-packages/airflow/example_dags/example_short_circuit_operator.py for tasks to queue
[2024-05-29T01:27:43.072+0000] {logging_mixin.py:188} INFO - [2024-05-29T01:27:43.070+0000] {dagbag.py:545} INFO - Filling up the DagBag from /home/airflow/.local/lib/python3.12/site-packages/airflow/example_dags/example_short_circuit_operator.py
[2024-05-29T01:27:43.140+0000] {processor.py:840} INFO - DAG(s) 'example_short_circuit_operator' retrieved from /home/airflow/.local/lib/python3.12/site-packages/airflow/example_dags/example_short_circuit_operator.py
[2024-05-29T01:27:43.395+0000] {logging_mixin.py:188} INFO - [2024-05-29T01:27:43.394+0000] {dag.py:3096} INFO - Sync 1 DAGs
[2024-05-29T01:27:43.572+0000] {logging_mixin.py:188} INFO - [2024-05-29T01:27:43.571+0000] {dag.py:3954} INFO - Setting next_dagrun for example_short_circuit_operator to 2024-05-28 00:00:00+00:00, run_after=2024-05-29 00:00:00+00:00
[2024-05-29T01:27:43.602+0000] {processor.py:183} INFO - Processing /home/airflow/.local/lib/python3.12/site-packages/airflow/example_dags/example_short_circuit_operator.py took 0.543 seconds
[2024-05-29T01:28:13.911+0000] {processor.py:161} INFO - Started process (PID=101) to work on /home/airflow/.local/lib/python3.12/site-packages/airflow/example_dags/example_short_circuit_operator.py
[2024-05-29T01:28:13.913+0000] {processor.py:830} INFO - Processing file /home/airflow/.local/lib/python3.12/site-packages/airflow/example_dags/example_short_circuit_operator.py for tasks to queue
[2024-05-29T01:28:13.915+0000] {logging_mixin.py:188} INFO - [2024-05-29T01:28:13.914+0000] {dagbag.py:545} INFO - Filling up the DagBag from /home/airflow/.local/lib/python3.12/site-packages/airflow/example_dags/example_short_circuit_operator.py
[2024-05-29T01:28:13.922+0000] {processor.py:840} INFO - DAG(s) 'example_short_circuit_operator' retrieved from /home/airflow/.local/lib/python3.12/site-packages/airflow/example_dags/example_short_circuit_operator.py
[2024-05-29T01:28:13.947+0000] {logging_mixin.py:188} INFO - [2024-05-29T01:28:13.946+0000] {dag.py:3096} INFO - Sync 1 DAGs
[2024-05-29T01:28:13.969+0000] {logging_mixin.py:188} INFO - [2024-05-29T01:28:13.968+0000] {dag.py:3954} INFO - Setting next_dagrun for example_short_circuit_operator to 2024-05-28 00:00:00+00:00, run_after=2024-05-29 00:00:00+00:00
[2024-05-29T01:28:13.991+0000] {processor.py:183} INFO - Processing /home/airflow/.local/lib/python3.12/site-packages/airflow/example_dags/example_short_circuit_operator.py took 0.086 seconds
