[2024-05-29T01:09:43.192+0000] {processor.py:161} INFO - Started process (PID=80) to work on /home/airflow/.local/lib/python3.12/site-packages/airflow/example_dags/example_branch_day_of_week_operator.py
[2024-05-29T01:09:43.194+0000] {processor.py:830} INFO - Processing file /home/airflow/.local/lib/python3.12/site-packages/airflow/example_dags/example_branch_day_of_week_operator.py for tasks to queue
[2024-05-29T01:09:43.197+0000] {logging_mixin.py:188} INFO - [2024-05-29T01:09:43.196+0000] {dagbag.py:545} INFO - Filling up the DagBag from /home/airflow/.local/lib/python3.12/site-packages/airflow/example_dags/example_branch_day_of_week_operator.py
[2024-05-29T01:09:43.207+0000] {processor.py:840} INFO - DAG(s) 'example_weekday_branch_operator' retrieved from /home/airflow/.local/lib/python3.12/site-packages/airflow/example_dags/example_branch_day_of_week_operator.py
[2024-05-29T01:09:43.350+0000] {logging_mixin.py:188} INFO - [2024-05-29T01:09:43.349+0000] {override.py:1829} INFO - Created Permission View: can edit on DAG:example_weekday_branch_operator
[2024-05-29T01:09:43.362+0000] {logging_mixin.py:188} INFO - [2024-05-29T01:09:43.362+0000] {override.py:1829} INFO - Created Permission View: can delete on DAG:example_weekday_branch_operator
[2024-05-29T01:09:43.372+0000] {logging_mixin.py:188} INFO - [2024-05-29T01:09:43.372+0000] {override.py:1829} INFO - Created Permission View: can read on DAG:example_weekday_branch_operator
[2024-05-29T01:09:43.373+0000] {logging_mixin.py:188} INFO - [2024-05-29T01:09:43.373+0000] {dag.py:3096} INFO - Sync 1 DAGs
[2024-05-29T01:09:43.390+0000] {logging_mixin.py:188} INFO - [2024-05-29T01:09:43.390+0000] {dag.py:3118} INFO - Creating ORM DAG for example_weekday_branch_operator
[2024-05-29T01:09:43.410+0000] {logging_mixin.py:188} INFO - [2024-05-29T01:09:43.410+0000] {dag.py:3954} INFO - Setting next_dagrun for example_weekday_branch_operator to 2024-05-28 00:00:00+00:00, run_after=2024-05-29 00:00:00+00:00
[2024-05-29T01:09:43.437+0000] {processor.py:183} INFO - Processing /home/airflow/.local/lib/python3.12/site-packages/airflow/example_dags/example_branch_day_of_week_operator.py took 0.253 seconds
[2024-05-29T01:10:14.054+0000] {processor.py:161} INFO - Started process (PID=140) to work on /home/airflow/.local/lib/python3.12/site-packages/airflow/example_dags/example_branch_day_of_week_operator.py
[2024-05-29T01:10:14.056+0000] {processor.py:830} INFO - Processing file /home/airflow/.local/lib/python3.12/site-packages/airflow/example_dags/example_branch_day_of_week_operator.py for tasks to queue
[2024-05-29T01:10:14.061+0000] {logging_mixin.py:188} INFO - [2024-05-29T01:10:14.060+0000] {dagbag.py:545} INFO - Filling up the DagBag from /home/airflow/.local/lib/python3.12/site-packages/airflow/example_dags/example_branch_day_of_week_operator.py
[2024-05-29T01:10:14.076+0000] {processor.py:840} INFO - DAG(s) 'example_weekday_branch_operator' retrieved from /home/airflow/.local/lib/python3.12/site-packages/airflow/example_dags/example_branch_day_of_week_operator.py
[2024-05-29T01:10:14.115+0000] {logging_mixin.py:188} INFO - [2024-05-29T01:10:14.114+0000] {dag.py:3096} INFO - Sync 1 DAGs
[2024-05-29T01:10:14.162+0000] {logging_mixin.py:188} INFO - [2024-05-29T01:10:14.162+0000] {dag.py:3954} INFO - Setting next_dagrun for example_weekday_branch_operator to 2024-05-28 00:00:00+00:00, run_after=2024-05-29 00:00:00+00:00
[2024-05-29T01:10:14.203+0000] {processor.py:183} INFO - Processing /home/airflow/.local/lib/python3.12/site-packages/airflow/example_dags/example_branch_day_of_week_operator.py took 0.158 seconds
[2024-05-29T01:10:45.284+0000] {processor.py:161} INFO - Started process (PID=200) to work on /home/airflow/.local/lib/python3.12/site-packages/airflow/example_dags/example_branch_day_of_week_operator.py
[2024-05-29T01:10:45.286+0000] {processor.py:830} INFO - Processing file /home/airflow/.local/lib/python3.12/site-packages/airflow/example_dags/example_branch_day_of_week_operator.py for tasks to queue
[2024-05-29T01:10:45.290+0000] {logging_mixin.py:188} INFO - [2024-05-29T01:10:45.289+0000] {dagbag.py:545} INFO - Filling up the DagBag from /home/airflow/.local/lib/python3.12/site-packages/airflow/example_dags/example_branch_day_of_week_operator.py
[2024-05-29T01:10:45.302+0000] {processor.py:840} INFO - DAG(s) 'example_weekday_branch_operator' retrieved from /home/airflow/.local/lib/python3.12/site-packages/airflow/example_dags/example_branch_day_of_week_operator.py
[2024-05-29T01:10:45.375+0000] {logging_mixin.py:188} INFO - [2024-05-29T01:10:45.375+0000] {dag.py:3096} INFO - Sync 1 DAGs
[2024-05-29T01:10:45.420+0000] {logging_mixin.py:188} INFO - [2024-05-29T01:10:45.420+0000] {dag.py:3954} INFO - Setting next_dagrun for example_weekday_branch_operator to 2024-05-28 00:00:00+00:00, run_after=2024-05-29 00:00:00+00:00
[2024-05-29T01:10:45.454+0000] {processor.py:183} INFO - Processing /home/airflow/.local/lib/python3.12/site-packages/airflow/example_dags/example_branch_day_of_week_operator.py took 0.178 seconds
[2024-05-29T01:11:15.711+0000] {processor.py:161} INFO - Started process (PID=260) to work on /home/airflow/.local/lib/python3.12/site-packages/airflow/example_dags/example_branch_day_of_week_operator.py
[2024-05-29T01:11:15.712+0000] {processor.py:830} INFO - Processing file /home/airflow/.local/lib/python3.12/site-packages/airflow/example_dags/example_branch_day_of_week_operator.py for tasks to queue
[2024-05-29T01:11:15.715+0000] {logging_mixin.py:188} INFO - [2024-05-29T01:11:15.715+0000] {dagbag.py:545} INFO - Filling up the DagBag from /home/airflow/.local/lib/python3.12/site-packages/airflow/example_dags/example_branch_day_of_week_operator.py
[2024-05-29T01:11:15.725+0000] {processor.py:840} INFO - DAG(s) 'example_weekday_branch_operator' retrieved from /home/airflow/.local/lib/python3.12/site-packages/airflow/example_dags/example_branch_day_of_week_operator.py
[2024-05-29T01:11:15.751+0000] {logging_mixin.py:188} INFO - [2024-05-29T01:11:15.751+0000] {dag.py:3096} INFO - Sync 1 DAGs
[2024-05-29T01:11:15.786+0000] {logging_mixin.py:188} INFO - [2024-05-29T01:11:15.786+0000] {dag.py:3954} INFO - Setting next_dagrun for example_weekday_branch_operator to 2024-05-28 00:00:00+00:00, run_after=2024-05-29 00:00:00+00:00
[2024-05-29T01:11:15.808+0000] {processor.py:183} INFO - Processing /home/airflow/.local/lib/python3.12/site-packages/airflow/example_dags/example_branch_day_of_week_operator.py took 0.104 seconds
[2024-05-29T01:11:45.993+0000] {processor.py:161} INFO - Started process (PID=321) to work on /home/airflow/.local/lib/python3.12/site-packages/airflow/example_dags/example_branch_day_of_week_operator.py
[2024-05-29T01:11:45.995+0000] {processor.py:830} INFO - Processing file /home/airflow/.local/lib/python3.12/site-packages/airflow/example_dags/example_branch_day_of_week_operator.py for tasks to queue
[2024-05-29T01:11:45.998+0000] {logging_mixin.py:188} INFO - [2024-05-29T01:11:45.998+0000] {dagbag.py:545} INFO - Filling up the DagBag from /home/airflow/.local/lib/python3.12/site-packages/airflow/example_dags/example_branch_day_of_week_operator.py
[2024-05-29T01:11:46.009+0000] {processor.py:840} INFO - DAG(s) 'example_weekday_branch_operator' retrieved from /home/airflow/.local/lib/python3.12/site-packages/airflow/example_dags/example_branch_day_of_week_operator.py
[2024-05-29T01:11:46.040+0000] {logging_mixin.py:188} INFO - [2024-05-29T01:11:46.039+0000] {dag.py:3096} INFO - Sync 1 DAGs
[2024-05-29T01:11:46.082+0000] {logging_mixin.py:188} INFO - [2024-05-29T01:11:46.082+0000] {dag.py:3954} INFO - Setting next_dagrun for example_weekday_branch_operator to 2024-05-28 00:00:00+00:00, run_after=2024-05-29 00:00:00+00:00
[2024-05-29T01:11:46.114+0000] {processor.py:183} INFO - Processing /home/airflow/.local/lib/python3.12/site-packages/airflow/example_dags/example_branch_day_of_week_operator.py took 0.130 seconds
[2024-05-29T01:12:16.376+0000] {processor.py:161} INFO - Started process (PID=381) to work on /home/airflow/.local/lib/python3.12/site-packages/airflow/example_dags/example_branch_day_of_week_operator.py
[2024-05-29T01:12:16.378+0000] {processor.py:830} INFO - Processing file /home/airflow/.local/lib/python3.12/site-packages/airflow/example_dags/example_branch_day_of_week_operator.py for tasks to queue
[2024-05-29T01:12:16.380+0000] {logging_mixin.py:188} INFO - [2024-05-29T01:12:16.380+0000] {dagbag.py:545} INFO - Filling up the DagBag from /home/airflow/.local/lib/python3.12/site-packages/airflow/example_dags/example_branch_day_of_week_operator.py
[2024-05-29T01:12:16.392+0000] {processor.py:840} INFO - DAG(s) 'example_weekday_branch_operator' retrieved from /home/airflow/.local/lib/python3.12/site-packages/airflow/example_dags/example_branch_day_of_week_operator.py
[2024-05-29T01:12:16.421+0000] {logging_mixin.py:188} INFO - [2024-05-29T01:12:16.420+0000] {dag.py:3096} INFO - Sync 1 DAGs
[2024-05-29T01:12:16.460+0000] {logging_mixin.py:188} INFO - [2024-05-29T01:12:16.460+0000] {dag.py:3954} INFO - Setting next_dagrun for example_weekday_branch_operator to 2024-05-28 00:00:00+00:00, run_after=2024-05-29 00:00:00+00:00
[2024-05-29T01:12:16.487+0000] {processor.py:183} INFO - Processing /home/airflow/.local/lib/python3.12/site-packages/airflow/example_dags/example_branch_day_of_week_operator.py took 0.121 seconds
[2024-05-29T01:12:46.589+0000] {processor.py:161} INFO - Started process (PID=441) to work on /home/airflow/.local/lib/python3.12/site-packages/airflow/example_dags/example_branch_day_of_week_operator.py
[2024-05-29T01:12:46.591+0000] {processor.py:830} INFO - Processing file /home/airflow/.local/lib/python3.12/site-packages/airflow/example_dags/example_branch_day_of_week_operator.py for tasks to queue
[2024-05-29T01:12:46.594+0000] {logging_mixin.py:188} INFO - [2024-05-29T01:12:46.594+0000] {dagbag.py:545} INFO - Filling up the DagBag from /home/airflow/.local/lib/python3.12/site-packages/airflow/example_dags/example_branch_day_of_week_operator.py
[2024-05-29T01:12:46.605+0000] {processor.py:840} INFO - DAG(s) 'example_weekday_branch_operator' retrieved from /home/airflow/.local/lib/python3.12/site-packages/airflow/example_dags/example_branch_day_of_week_operator.py
[2024-05-29T01:12:46.631+0000] {logging_mixin.py:188} INFO - [2024-05-29T01:12:46.631+0000] {dag.py:3096} INFO - Sync 1 DAGs
[2024-05-29T01:12:46.659+0000] {logging_mixin.py:188} INFO - [2024-05-29T01:12:46.659+0000] {dag.py:3954} INFO - Setting next_dagrun for example_weekday_branch_operator to 2024-05-28 00:00:00+00:00, run_after=2024-05-29 00:00:00+00:00
[2024-05-29T01:12:46.689+0000] {processor.py:183} INFO - Processing /home/airflow/.local/lib/python3.12/site-packages/airflow/example_dags/example_branch_day_of_week_operator.py took 0.108 seconds
[2024-05-29T01:13:17.102+0000] {processor.py:161} INFO - Started process (PID=501) to work on /home/airflow/.local/lib/python3.12/site-packages/airflow/example_dags/example_branch_day_of_week_operator.py
[2024-05-29T01:13:17.104+0000] {processor.py:830} INFO - Processing file /home/airflow/.local/lib/python3.12/site-packages/airflow/example_dags/example_branch_day_of_week_operator.py for tasks to queue
[2024-05-29T01:13:17.107+0000] {logging_mixin.py:188} INFO - [2024-05-29T01:13:17.106+0000] {dagbag.py:545} INFO - Filling up the DagBag from /home/airflow/.local/lib/python3.12/site-packages/airflow/example_dags/example_branch_day_of_week_operator.py
[2024-05-29T01:13:17.120+0000] {processor.py:840} INFO - DAG(s) 'example_weekday_branch_operator' retrieved from /home/airflow/.local/lib/python3.12/site-packages/airflow/example_dags/example_branch_day_of_week_operator.py
[2024-05-29T01:13:17.157+0000] {logging_mixin.py:188} INFO - [2024-05-29T01:13:17.157+0000] {dag.py:3096} INFO - Sync 1 DAGs
[2024-05-29T01:13:17.206+0000] {logging_mixin.py:188} INFO - [2024-05-29T01:13:17.206+0000] {dag.py:3954} INFO - Setting next_dagrun for example_weekday_branch_operator to 2024-05-28 00:00:00+00:00, run_after=2024-05-29 00:00:00+00:00
[2024-05-29T01:13:17.236+0000] {processor.py:183} INFO - Processing /home/airflow/.local/lib/python3.12/site-packages/airflow/example_dags/example_branch_day_of_week_operator.py took 0.142 seconds
[2024-05-29T01:13:47.583+0000] {processor.py:161} INFO - Started process (PID=561) to work on /home/airflow/.local/lib/python3.12/site-packages/airflow/example_dags/example_branch_day_of_week_operator.py
[2024-05-29T01:13:47.585+0000] {processor.py:830} INFO - Processing file /home/airflow/.local/lib/python3.12/site-packages/airflow/example_dags/example_branch_day_of_week_operator.py for tasks to queue
[2024-05-29T01:13:47.588+0000] {logging_mixin.py:188} INFO - [2024-05-29T01:13:47.587+0000] {dagbag.py:545} INFO - Filling up the DagBag from /home/airflow/.local/lib/python3.12/site-packages/airflow/example_dags/example_branch_day_of_week_operator.py
[2024-05-29T01:13:47.595+0000] {processor.py:840} INFO - DAG(s) 'example_weekday_branch_operator' retrieved from /home/airflow/.local/lib/python3.12/site-packages/airflow/example_dags/example_branch_day_of_week_operator.py
[2024-05-29T01:13:47.622+0000] {logging_mixin.py:188} INFO - [2024-05-29T01:13:47.621+0000] {dag.py:3096} INFO - Sync 1 DAGs
[2024-05-29T01:13:47.647+0000] {logging_mixin.py:188} INFO - [2024-05-29T01:13:47.646+0000] {dag.py:3954} INFO - Setting next_dagrun for example_weekday_branch_operator to 2024-05-28 00:00:00+00:00, run_after=2024-05-29 00:00:00+00:00
[2024-05-29T01:13:47.669+0000] {processor.py:183} INFO - Processing /home/airflow/.local/lib/python3.12/site-packages/airflow/example_dags/example_branch_day_of_week_operator.py took 0.092 seconds
[2024-05-29T01:14:17.873+0000] {processor.py:161} INFO - Started process (PID=621) to work on /home/airflow/.local/lib/python3.12/site-packages/airflow/example_dags/example_branch_day_of_week_operator.py
[2024-05-29T01:14:17.875+0000] {processor.py:830} INFO - Processing file /home/airflow/.local/lib/python3.12/site-packages/airflow/example_dags/example_branch_day_of_week_operator.py for tasks to queue
[2024-05-29T01:14:17.877+0000] {logging_mixin.py:188} INFO - [2024-05-29T01:14:17.877+0000] {dagbag.py:545} INFO - Filling up the DagBag from /home/airflow/.local/lib/python3.12/site-packages/airflow/example_dags/example_branch_day_of_week_operator.py
[2024-05-29T01:14:17.885+0000] {processor.py:840} INFO - DAG(s) 'example_weekday_branch_operator' retrieved from /home/airflow/.local/lib/python3.12/site-packages/airflow/example_dags/example_branch_day_of_week_operator.py
[2024-05-29T01:14:17.909+0000] {logging_mixin.py:188} INFO - [2024-05-29T01:14:17.909+0000] {dag.py:3096} INFO - Sync 1 DAGs
[2024-05-29T01:14:17.934+0000] {logging_mixin.py:188} INFO - [2024-05-29T01:14:17.933+0000] {dag.py:3954} INFO - Setting next_dagrun for example_weekday_branch_operator to 2024-05-28 00:00:00+00:00, run_after=2024-05-29 00:00:00+00:00
[2024-05-29T01:14:17.957+0000] {processor.py:183} INFO - Processing /home/airflow/.local/lib/python3.12/site-packages/airflow/example_dags/example_branch_day_of_week_operator.py took 0.089 seconds
[2024-05-29T01:14:48.331+0000] {processor.py:161} INFO - Started process (PID=681) to work on /home/airflow/.local/lib/python3.12/site-packages/airflow/example_dags/example_branch_day_of_week_operator.py
[2024-05-29T01:14:48.333+0000] {processor.py:830} INFO - Processing file /home/airflow/.local/lib/python3.12/site-packages/airflow/example_dags/example_branch_day_of_week_operator.py for tasks to queue
[2024-05-29T01:14:48.335+0000] {logging_mixin.py:188} INFO - [2024-05-29T01:14:48.335+0000] {dagbag.py:545} INFO - Filling up the DagBag from /home/airflow/.local/lib/python3.12/site-packages/airflow/example_dags/example_branch_day_of_week_operator.py
[2024-05-29T01:14:48.343+0000] {processor.py:840} INFO - DAG(s) 'example_weekday_branch_operator' retrieved from /home/airflow/.local/lib/python3.12/site-packages/airflow/example_dags/example_branch_day_of_week_operator.py
[2024-05-29T01:14:48.367+0000] {logging_mixin.py:188} INFO - [2024-05-29T01:14:48.366+0000] {dag.py:3096} INFO - Sync 1 DAGs
[2024-05-29T01:14:48.397+0000] {logging_mixin.py:188} INFO - [2024-05-29T01:14:48.397+0000] {dag.py:3954} INFO - Setting next_dagrun for example_weekday_branch_operator to 2024-05-28 00:00:00+00:00, run_after=2024-05-29 00:00:00+00:00
[2024-05-29T01:14:48.417+0000] {processor.py:183} INFO - Processing /home/airflow/.local/lib/python3.12/site-packages/airflow/example_dags/example_branch_day_of_week_operator.py took 0.091 seconds
[2024-05-29T01:15:19.206+0000] {processor.py:161} INFO - Started process (PID=741) to work on /home/airflow/.local/lib/python3.12/site-packages/airflow/example_dags/example_branch_day_of_week_operator.py
[2024-05-29T01:15:19.207+0000] {processor.py:830} INFO - Processing file /home/airflow/.local/lib/python3.12/site-packages/airflow/example_dags/example_branch_day_of_week_operator.py for tasks to queue
[2024-05-29T01:15:19.209+0000] {logging_mixin.py:188} INFO - [2024-05-29T01:15:19.209+0000] {dagbag.py:545} INFO - Filling up the DagBag from /home/airflow/.local/lib/python3.12/site-packages/airflow/example_dags/example_branch_day_of_week_operator.py
[2024-05-29T01:15:19.218+0000] {processor.py:840} INFO - DAG(s) 'example_weekday_branch_operator' retrieved from /home/airflow/.local/lib/python3.12/site-packages/airflow/example_dags/example_branch_day_of_week_operator.py
[2024-05-29T01:15:19.246+0000] {logging_mixin.py:188} INFO - [2024-05-29T01:15:19.245+0000] {dag.py:3096} INFO - Sync 1 DAGs
[2024-05-29T01:15:19.274+0000] {logging_mixin.py:188} INFO - [2024-05-29T01:15:19.273+0000] {dag.py:3954} INFO - Setting next_dagrun for example_weekday_branch_operator to 2024-05-28 00:00:00+00:00, run_after=2024-05-29 00:00:00+00:00
[2024-05-29T01:15:19.297+0000] {processor.py:183} INFO - Processing /home/airflow/.local/lib/python3.12/site-packages/airflow/example_dags/example_branch_day_of_week_operator.py took 0.097 seconds
[2024-05-29T01:15:49.900+0000] {processor.py:161} INFO - Started process (PID=801) to work on /home/airflow/.local/lib/python3.12/site-packages/airflow/example_dags/example_branch_day_of_week_operator.py
[2024-05-29T01:15:49.902+0000] {processor.py:830} INFO - Processing file /home/airflow/.local/lib/python3.12/site-packages/airflow/example_dags/example_branch_day_of_week_operator.py for tasks to queue
[2024-05-29T01:15:49.905+0000] {logging_mixin.py:188} INFO - [2024-05-29T01:15:49.904+0000] {dagbag.py:545} INFO - Filling up the DagBag from /home/airflow/.local/lib/python3.12/site-packages/airflow/example_dags/example_branch_day_of_week_operator.py
[2024-05-29T01:15:49.913+0000] {processor.py:840} INFO - DAG(s) 'example_weekday_branch_operator' retrieved from /home/airflow/.local/lib/python3.12/site-packages/airflow/example_dags/example_branch_day_of_week_operator.py
[2024-05-29T01:15:49.942+0000] {logging_mixin.py:188} INFO - [2024-05-29T01:15:49.941+0000] {dag.py:3096} INFO - Sync 1 DAGs
[2024-05-29T01:15:49.971+0000] {logging_mixin.py:188} INFO - [2024-05-29T01:15:49.970+0000] {dag.py:3954} INFO - Setting next_dagrun for example_weekday_branch_operator to 2024-05-28 00:00:00+00:00, run_after=2024-05-29 00:00:00+00:00
[2024-05-29T01:15:49.996+0000] {processor.py:183} INFO - Processing /home/airflow/.local/lib/python3.12/site-packages/airflow/example_dags/example_branch_day_of_week_operator.py took 0.104 seconds
[2024-05-29T01:16:20.363+0000] {processor.py:161} INFO - Started process (PID=861) to work on /home/airflow/.local/lib/python3.12/site-packages/airflow/example_dags/example_branch_day_of_week_operator.py
[2024-05-29T01:16:20.364+0000] {processor.py:830} INFO - Processing file /home/airflow/.local/lib/python3.12/site-packages/airflow/example_dags/example_branch_day_of_week_operator.py for tasks to queue
[2024-05-29T01:16:20.366+0000] {logging_mixin.py:188} INFO - [2024-05-29T01:16:20.366+0000] {dagbag.py:545} INFO - Filling up the DagBag from /home/airflow/.local/lib/python3.12/site-packages/airflow/example_dags/example_branch_day_of_week_operator.py
[2024-05-29T01:16:20.375+0000] {processor.py:840} INFO - DAG(s) 'example_weekday_branch_operator' retrieved from /home/airflow/.local/lib/python3.12/site-packages/airflow/example_dags/example_branch_day_of_week_operator.py
[2024-05-29T01:16:20.398+0000] {logging_mixin.py:188} INFO - [2024-05-29T01:16:20.398+0000] {dag.py:3096} INFO - Sync 1 DAGs
[2024-05-29T01:16:20.425+0000] {logging_mixin.py:188} INFO - [2024-05-29T01:16:20.425+0000] {dag.py:3954} INFO - Setting next_dagrun for example_weekday_branch_operator to 2024-05-28 00:00:00+00:00, run_after=2024-05-29 00:00:00+00:00
[2024-05-29T01:16:20.448+0000] {processor.py:183} INFO - Processing /home/airflow/.local/lib/python3.12/site-packages/airflow/example_dags/example_branch_day_of_week_operator.py took 0.092 seconds
[2024-05-29T01:16:50.748+0000] {processor.py:161} INFO - Started process (PID=923) to work on /home/airflow/.local/lib/python3.12/site-packages/airflow/example_dags/example_branch_day_of_week_operator.py
[2024-05-29T01:16:50.750+0000] {processor.py:830} INFO - Processing file /home/airflow/.local/lib/python3.12/site-packages/airflow/example_dags/example_branch_day_of_week_operator.py for tasks to queue
[2024-05-29T01:16:50.753+0000] {logging_mixin.py:188} INFO - [2024-05-29T01:16:50.752+0000] {dagbag.py:545} INFO - Filling up the DagBag from /home/airflow/.local/lib/python3.12/site-packages/airflow/example_dags/example_branch_day_of_week_operator.py
[2024-05-29T01:16:50.761+0000] {processor.py:840} INFO - DAG(s) 'example_weekday_branch_operator' retrieved from /home/airflow/.local/lib/python3.12/site-packages/airflow/example_dags/example_branch_day_of_week_operator.py
[2024-05-29T01:16:50.787+0000] {logging_mixin.py:188} INFO - [2024-05-29T01:16:50.786+0000] {dag.py:3096} INFO - Sync 1 DAGs
[2024-05-29T01:16:50.820+0000] {logging_mixin.py:188} INFO - [2024-05-29T01:16:50.820+0000] {dag.py:3954} INFO - Setting next_dagrun for example_weekday_branch_operator to 2024-05-28 00:00:00+00:00, run_after=2024-05-29 00:00:00+00:00
[2024-05-29T01:16:50.847+0000] {processor.py:183} INFO - Processing /home/airflow/.local/lib/python3.12/site-packages/airflow/example_dags/example_branch_day_of_week_operator.py took 0.106 seconds
[2024-05-29T01:17:21.718+0000] {processor.py:161} INFO - Started process (PID=984) to work on /home/airflow/.local/lib/python3.12/site-packages/airflow/example_dags/example_branch_day_of_week_operator.py
[2024-05-29T01:17:21.719+0000] {processor.py:830} INFO - Processing file /home/airflow/.local/lib/python3.12/site-packages/airflow/example_dags/example_branch_day_of_week_operator.py for tasks to queue
[2024-05-29T01:17:21.721+0000] {logging_mixin.py:188} INFO - [2024-05-29T01:17:21.721+0000] {dagbag.py:545} INFO - Filling up the DagBag from /home/airflow/.local/lib/python3.12/site-packages/airflow/example_dags/example_branch_day_of_week_operator.py
[2024-05-29T01:17:21.729+0000] {processor.py:840} INFO - DAG(s) 'example_weekday_branch_operator' retrieved from /home/airflow/.local/lib/python3.12/site-packages/airflow/example_dags/example_branch_day_of_week_operator.py
[2024-05-29T01:17:21.755+0000] {logging_mixin.py:188} INFO - [2024-05-29T01:17:21.755+0000] {dag.py:3096} INFO - Sync 1 DAGs
[2024-05-29T01:17:21.783+0000] {logging_mixin.py:188} INFO - [2024-05-29T01:17:21.783+0000] {dag.py:3954} INFO - Setting next_dagrun for example_weekday_branch_operator to 2024-05-28 00:00:00+00:00, run_after=2024-05-29 00:00:00+00:00
[2024-05-29T01:17:21.809+0000] {processor.py:183} INFO - Processing /home/airflow/.local/lib/python3.12/site-packages/airflow/example_dags/example_branch_day_of_week_operator.py took 0.100 seconds
[2024-05-29T01:17:52.421+0000] {processor.py:161} INFO - Started process (PID=1046) to work on /home/airflow/.local/lib/python3.12/site-packages/airflow/example_dags/example_branch_day_of_week_operator.py
[2024-05-29T01:17:52.422+0000] {processor.py:830} INFO - Processing file /home/airflow/.local/lib/python3.12/site-packages/airflow/example_dags/example_branch_day_of_week_operator.py for tasks to queue
[2024-05-29T01:17:52.424+0000] {logging_mixin.py:188} INFO - [2024-05-29T01:17:52.424+0000] {dagbag.py:545} INFO - Filling up the DagBag from /home/airflow/.local/lib/python3.12/site-packages/airflow/example_dags/example_branch_day_of_week_operator.py
[2024-05-29T01:17:52.432+0000] {processor.py:840} INFO - DAG(s) 'example_weekday_branch_operator' retrieved from /home/airflow/.local/lib/python3.12/site-packages/airflow/example_dags/example_branch_day_of_week_operator.py
[2024-05-29T01:17:52.454+0000] {logging_mixin.py:188} INFO - [2024-05-29T01:17:52.453+0000] {dag.py:3096} INFO - Sync 1 DAGs
[2024-05-29T01:17:52.477+0000] {logging_mixin.py:188} INFO - [2024-05-29T01:17:52.477+0000] {dag.py:3954} INFO - Setting next_dagrun for example_weekday_branch_operator to 2024-05-28 00:00:00+00:00, run_after=2024-05-29 00:00:00+00:00
[2024-05-29T01:17:52.497+0000] {processor.py:183} INFO - Processing /home/airflow/.local/lib/python3.12/site-packages/airflow/example_dags/example_branch_day_of_week_operator.py took 0.081 seconds
[2024-05-29T01:18:22.848+0000] {processor.py:161} INFO - Started process (PID=1106) to work on /home/airflow/.local/lib/python3.12/site-packages/airflow/example_dags/example_branch_day_of_week_operator.py
[2024-05-29T01:18:22.849+0000] {processor.py:830} INFO - Processing file /home/airflow/.local/lib/python3.12/site-packages/airflow/example_dags/example_branch_day_of_week_operator.py for tasks to queue
[2024-05-29T01:18:22.852+0000] {logging_mixin.py:188} INFO - [2024-05-29T01:18:22.852+0000] {dagbag.py:545} INFO - Filling up the DagBag from /home/airflow/.local/lib/python3.12/site-packages/airflow/example_dags/example_branch_day_of_week_operator.py
[2024-05-29T01:18:22.861+0000] {processor.py:840} INFO - DAG(s) 'example_weekday_branch_operator' retrieved from /home/airflow/.local/lib/python3.12/site-packages/airflow/example_dags/example_branch_day_of_week_operator.py
[2024-05-29T01:18:22.889+0000] {logging_mixin.py:188} INFO - [2024-05-29T01:18:22.888+0000] {dag.py:3096} INFO - Sync 1 DAGs
[2024-05-29T01:18:22.917+0000] {logging_mixin.py:188} INFO - [2024-05-29T01:18:22.917+0000] {dag.py:3954} INFO - Setting next_dagrun for example_weekday_branch_operator to 2024-05-28 00:00:00+00:00, run_after=2024-05-29 00:00:00+00:00
[2024-05-29T01:18:22.944+0000] {processor.py:183} INFO - Processing /home/airflow/.local/lib/python3.12/site-packages/airflow/example_dags/example_branch_day_of_week_operator.py took 0.103 seconds
[2024-05-29T01:18:53.123+0000] {processor.py:161} INFO - Started process (PID=1168) to work on /home/airflow/.local/lib/python3.12/site-packages/airflow/example_dags/example_branch_day_of_week_operator.py
[2024-05-29T01:18:53.125+0000] {processor.py:830} INFO - Processing file /home/airflow/.local/lib/python3.12/site-packages/airflow/example_dags/example_branch_day_of_week_operator.py for tasks to queue
[2024-05-29T01:18:53.127+0000] {logging_mixin.py:188} INFO - [2024-05-29T01:18:53.126+0000] {dagbag.py:545} INFO - Filling up the DagBag from /home/airflow/.local/lib/python3.12/site-packages/airflow/example_dags/example_branch_day_of_week_operator.py
[2024-05-29T01:18:53.134+0000] {processor.py:840} INFO - DAG(s) 'example_weekday_branch_operator' retrieved from /home/airflow/.local/lib/python3.12/site-packages/airflow/example_dags/example_branch_day_of_week_operator.py
[2024-05-29T01:18:53.162+0000] {logging_mixin.py:188} INFO - [2024-05-29T01:18:53.162+0000] {dag.py:3096} INFO - Sync 1 DAGs
[2024-05-29T01:18:53.190+0000] {logging_mixin.py:188} INFO - [2024-05-29T01:18:53.190+0000] {dag.py:3954} INFO - Setting next_dagrun for example_weekday_branch_operator to 2024-05-28 00:00:00+00:00, run_after=2024-05-29 00:00:00+00:00
[2024-05-29T01:18:53.220+0000] {processor.py:183} INFO - Processing /home/airflow/.local/lib/python3.12/site-packages/airflow/example_dags/example_branch_day_of_week_operator.py took 0.104 seconds
[2024-05-29T01:19:23.593+0000] {processor.py:161} INFO - Started process (PID=1228) to work on /home/airflow/.local/lib/python3.12/site-packages/airflow/example_dags/example_branch_day_of_week_operator.py
[2024-05-29T01:19:23.594+0000] {processor.py:830} INFO - Processing file /home/airflow/.local/lib/python3.12/site-packages/airflow/example_dags/example_branch_day_of_week_operator.py for tasks to queue
[2024-05-29T01:19:23.596+0000] {logging_mixin.py:188} INFO - [2024-05-29T01:19:23.596+0000] {dagbag.py:545} INFO - Filling up the DagBag from /home/airflow/.local/lib/python3.12/site-packages/airflow/example_dags/example_branch_day_of_week_operator.py
[2024-05-29T01:19:23.604+0000] {processor.py:840} INFO - DAG(s) 'example_weekday_branch_operator' retrieved from /home/airflow/.local/lib/python3.12/site-packages/airflow/example_dags/example_branch_day_of_week_operator.py
[2024-05-29T01:19:23.628+0000] {logging_mixin.py:188} INFO - [2024-05-29T01:19:23.628+0000] {dag.py:3096} INFO - Sync 1 DAGs
[2024-05-29T01:19:23.654+0000] {logging_mixin.py:188} INFO - [2024-05-29T01:19:23.654+0000] {dag.py:3954} INFO - Setting next_dagrun for example_weekday_branch_operator to 2024-05-28 00:00:00+00:00, run_after=2024-05-29 00:00:00+00:00
[2024-05-29T01:19:23.683+0000] {processor.py:183} INFO - Processing /home/airflow/.local/lib/python3.12/site-packages/airflow/example_dags/example_branch_day_of_week_operator.py took 0.096 seconds
[2024-05-29T01:19:54.077+0000] {processor.py:161} INFO - Started process (PID=1288) to work on /home/airflow/.local/lib/python3.12/site-packages/airflow/example_dags/example_branch_day_of_week_operator.py
[2024-05-29T01:19:54.078+0000] {processor.py:830} INFO - Processing file /home/airflow/.local/lib/python3.12/site-packages/airflow/example_dags/example_branch_day_of_week_operator.py for tasks to queue
[2024-05-29T01:19:54.081+0000] {logging_mixin.py:188} INFO - [2024-05-29T01:19:54.080+0000] {dagbag.py:545} INFO - Filling up the DagBag from /home/airflow/.local/lib/python3.12/site-packages/airflow/example_dags/example_branch_day_of_week_operator.py
[2024-05-29T01:19:54.088+0000] {processor.py:840} INFO - DAG(s) 'example_weekday_branch_operator' retrieved from /home/airflow/.local/lib/python3.12/site-packages/airflow/example_dags/example_branch_day_of_week_operator.py
[2024-05-29T01:19:54.114+0000] {logging_mixin.py:188} INFO - [2024-05-29T01:19:54.114+0000] {dag.py:3096} INFO - Sync 1 DAGs
[2024-05-29T01:19:54.139+0000] {logging_mixin.py:188} INFO - [2024-05-29T01:19:54.139+0000] {dag.py:3954} INFO - Setting next_dagrun for example_weekday_branch_operator to 2024-05-28 00:00:00+00:00, run_after=2024-05-29 00:00:00+00:00
[2024-05-29T01:19:54.168+0000] {processor.py:183} INFO - Processing /home/airflow/.local/lib/python3.12/site-packages/airflow/example_dags/example_branch_day_of_week_operator.py took 0.097 seconds
[2024-05-29T01:20:24.474+0000] {processor.py:161} INFO - Started process (PID=1348) to work on /home/airflow/.local/lib/python3.12/site-packages/airflow/example_dags/example_branch_day_of_week_operator.py
[2024-05-29T01:20:24.476+0000] {processor.py:830} INFO - Processing file /home/airflow/.local/lib/python3.12/site-packages/airflow/example_dags/example_branch_day_of_week_operator.py for tasks to queue
[2024-05-29T01:20:24.478+0000] {logging_mixin.py:188} INFO - [2024-05-29T01:20:24.478+0000] {dagbag.py:545} INFO - Filling up the DagBag from /home/airflow/.local/lib/python3.12/site-packages/airflow/example_dags/example_branch_day_of_week_operator.py
[2024-05-29T01:20:24.485+0000] {processor.py:840} INFO - DAG(s) 'example_weekday_branch_operator' retrieved from /home/airflow/.local/lib/python3.12/site-packages/airflow/example_dags/example_branch_day_of_week_operator.py
[2024-05-29T01:20:24.508+0000] {logging_mixin.py:188} INFO - [2024-05-29T01:20:24.508+0000] {dag.py:3096} INFO - Sync 1 DAGs
[2024-05-29T01:20:24.533+0000] {logging_mixin.py:188} INFO - [2024-05-29T01:20:24.532+0000] {dag.py:3954} INFO - Setting next_dagrun for example_weekday_branch_operator to 2024-05-28 00:00:00+00:00, run_after=2024-05-29 00:00:00+00:00
[2024-05-29T01:20:24.557+0000] {processor.py:183} INFO - Processing /home/airflow/.local/lib/python3.12/site-packages/airflow/example_dags/example_branch_day_of_week_operator.py took 0.090 seconds
[2024-05-29T01:22:22.617+0000] {processor.py:161} INFO - Started process (PID=1438) to work on /home/airflow/.local/lib/python3.12/site-packages/airflow/example_dags/example_branch_day_of_week_operator.py
[2024-05-29T01:22:22.619+0000] {processor.py:830} INFO - Processing file /home/airflow/.local/lib/python3.12/site-packages/airflow/example_dags/example_branch_day_of_week_operator.py for tasks to queue
[2024-05-29T01:22:22.620+0000] {logging_mixin.py:188} INFO - [2024-05-29T01:22:22.619+0000] {dagbag.py:545} INFO - Filling up the DagBag from /home/airflow/.local/lib/python3.12/site-packages/airflow/example_dags/example_branch_day_of_week_operator.py
[2024-05-29T01:22:22.635+0000] {processor.py:840} INFO - DAG(s) 'example_weekday_branch_operator' retrieved from /home/airflow/.local/lib/python3.12/site-packages/airflow/example_dags/example_branch_day_of_week_operator.py
[2024-05-29T01:22:22.669+0000] {logging_mixin.py:188} INFO - [2024-05-29T01:22:22.669+0000] {dag.py:3096} INFO - Sync 1 DAGs
[2024-05-29T01:22:22.713+0000] {logging_mixin.py:188} INFO - [2024-05-29T01:22:22.713+0000] {dag.py:3954} INFO - Setting next_dagrun for example_weekday_branch_operator to 2024-05-28 00:00:00+00:00, run_after=2024-05-29 00:00:00+00:00
[2024-05-29T01:22:22.755+0000] {processor.py:183} INFO - Processing /home/airflow/.local/lib/python3.12/site-packages/airflow/example_dags/example_branch_day_of_week_operator.py took 0.144 seconds
[2024-05-29T01:27:50.500+0000] {processor.py:161} INFO - Started process (PID=79) to work on /home/airflow/.local/lib/python3.12/site-packages/airflow/example_dags/example_branch_day_of_week_operator.py
[2024-05-29T01:27:50.505+0000] {processor.py:830} INFO - Processing file /home/airflow/.local/lib/python3.12/site-packages/airflow/example_dags/example_branch_day_of_week_operator.py for tasks to queue
[2024-05-29T01:27:50.513+0000] {logging_mixin.py:188} INFO - [2024-05-29T01:27:50.512+0000] {dagbag.py:545} INFO - Filling up the DagBag from /home/airflow/.local/lib/python3.12/site-packages/airflow/example_dags/example_branch_day_of_week_operator.py
[2024-05-29T01:27:50.550+0000] {processor.py:840} INFO - DAG(s) 'example_weekday_branch_operator' retrieved from /home/airflow/.local/lib/python3.12/site-packages/airflow/example_dags/example_branch_day_of_week_operator.py
[2024-05-29T01:27:50.664+0000] {logging_mixin.py:188} INFO - [2024-05-29T01:27:50.664+0000] {dag.py:3096} INFO - Sync 1 DAGs
[2024-05-29T01:27:50.778+0000] {logging_mixin.py:188} INFO - [2024-05-29T01:27:50.777+0000] {dag.py:3954} INFO - Setting next_dagrun for example_weekday_branch_operator to 2024-05-28 00:00:00+00:00, run_after=2024-05-29 00:00:00+00:00
[2024-05-29T01:27:50.812+0000] {processor.py:183} INFO - Processing /home/airflow/.local/lib/python3.12/site-packages/airflow/example_dags/example_branch_day_of_week_operator.py took 0.342 seconds
