[2024-05-29T01:09:39.496+0000] {processor.py:161} INFO - Started process (PID=63) to work on /home/airflow/.local/lib/python3.12/site-packages/airflow/example_dags/example_datasets.py
[2024-05-29T01:09:39.499+0000] {processor.py:830} INFO - Processing file /home/airflow/.local/lib/python3.12/site-packages/airflow/example_dags/example_datasets.py for tasks to queue
[2024-05-29T01:09:39.503+0000] {logging_mixin.py:188} INFO - [2024-05-29T01:09:39.502+0000] {dagbag.py:545} INFO - Filling up the DagBag from /home/airflow/.local/lib/python3.12/site-packages/airflow/example_dags/example_datasets.py
[2024-05-29T01:09:39.582+0000] {processor.py:840} INFO - DAG(s) 'consume_1_or_2_with_dataset_expressions', 'conditional_dataset_and_time_based_timetable', 'dataset_consumes_1_never_scheduled', 'dataset_consumes_1', 'dataset_produces_1', 'consume_1_or_both_2_and_3_with_dataset_expressions', 'dataset_consumes_1_and_2', 'consume_1_and_2_with_dataset_expressions', 'dataset_consumes_unknown_never_scheduled', 'dataset_produces_2' retrieved from /home/airflow/.local/lib/python3.12/site-packages/airflow/example_dags/example_datasets.py
[2024-05-29T01:09:39.887+0000] {logging_mixin.py:188} INFO - [2024-05-29T01:09:39.885+0000] {override.py:1829} INFO - Created Permission View: can edit on DAG:consume_1_or_2_with_dataset_expressions
[2024-05-29T01:09:39.920+0000] {logging_mixin.py:188} INFO - [2024-05-29T01:09:39.920+0000] {override.py:1829} INFO - Created Permission View: can delete on DAG:consume_1_or_2_with_dataset_expressions
[2024-05-29T01:09:39.938+0000] {logging_mixin.py:188} INFO - [2024-05-29T01:09:39.938+0000] {override.py:1829} INFO - Created Permission View: can read on DAG:consume_1_or_2_with_dataset_expressions
[2024-05-29T01:09:39.964+0000] {logging_mixin.py:188} INFO - [2024-05-29T01:09:39.964+0000] {override.py:1829} INFO - Created Permission View: can edit on DAG:conditional_dataset_and_time_based_timetable
[2024-05-29T01:09:39.978+0000] {logging_mixin.py:188} INFO - [2024-05-29T01:09:39.977+0000] {override.py:1829} INFO - Created Permission View: can delete on DAG:conditional_dataset_and_time_based_timetable
[2024-05-29T01:09:39.990+0000] {logging_mixin.py:188} INFO - [2024-05-29T01:09:39.989+0000] {override.py:1829} INFO - Created Permission View: can read on DAG:conditional_dataset_and_time_based_timetable
[2024-05-29T01:09:40.011+0000] {logging_mixin.py:188} INFO - [2024-05-29T01:09:40.010+0000] {override.py:1829} INFO - Created Permission View: can edit on DAG:dataset_consumes_1_never_scheduled
[2024-05-29T01:09:40.023+0000] {logging_mixin.py:188} INFO - [2024-05-29T01:09:40.023+0000] {override.py:1829} INFO - Created Permission View: can delete on DAG:dataset_consumes_1_never_scheduled
[2024-05-29T01:09:40.035+0000] {logging_mixin.py:188} INFO - [2024-05-29T01:09:40.034+0000] {override.py:1829} INFO - Created Permission View: can read on DAG:dataset_consumes_1_never_scheduled
[2024-05-29T01:09:40.057+0000] {logging_mixin.py:188} INFO - [2024-05-29T01:09:40.057+0000] {override.py:1829} INFO - Created Permission View: can edit on DAG:dataset_consumes_1
[2024-05-29T01:09:40.069+0000] {logging_mixin.py:188} INFO - [2024-05-29T01:09:40.068+0000] {override.py:1829} INFO - Created Permission View: can delete on DAG:dataset_consumes_1
[2024-05-29T01:09:40.081+0000] {logging_mixin.py:188} INFO - [2024-05-29T01:09:40.081+0000] {override.py:1829} INFO - Created Permission View: can read on DAG:dataset_consumes_1
[2024-05-29T01:09:40.104+0000] {logging_mixin.py:188} INFO - [2024-05-29T01:09:40.103+0000] {override.py:1829} INFO - Created Permission View: can edit on DAG:dataset_produces_1
[2024-05-29T01:09:40.115+0000] {logging_mixin.py:188} INFO - [2024-05-29T01:09:40.114+0000] {override.py:1829} INFO - Created Permission View: can delete on DAG:dataset_produces_1
[2024-05-29T01:09:40.127+0000] {logging_mixin.py:188} INFO - [2024-05-29T01:09:40.127+0000] {override.py:1829} INFO - Created Permission View: can read on DAG:dataset_produces_1
[2024-05-29T01:09:40.156+0000] {logging_mixin.py:188} INFO - [2024-05-29T01:09:40.155+0000] {override.py:1829} INFO - Created Permission View: can edit on DAG:consume_1_or_both_2_and_3_with_dataset_expressions
[2024-05-29T01:09:40.169+0000] {logging_mixin.py:188} INFO - [2024-05-29T01:09:40.169+0000] {override.py:1829} INFO - Created Permission View: can delete on DAG:consume_1_or_both_2_and_3_with_dataset_expressions
[2024-05-29T01:09:40.184+0000] {logging_mixin.py:188} INFO - [2024-05-29T01:09:40.183+0000] {override.py:1829} INFO - Created Permission View: can read on DAG:consume_1_or_both_2_and_3_with_dataset_expressions
[2024-05-29T01:09:40.203+0000] {logging_mixin.py:188} INFO - [2024-05-29T01:09:40.203+0000] {override.py:1829} INFO - Created Permission View: can edit on DAG:dataset_consumes_1_and_2
[2024-05-29T01:09:40.213+0000] {logging_mixin.py:188} INFO - [2024-05-29T01:09:40.212+0000] {override.py:1829} INFO - Created Permission View: can delete on DAG:dataset_consumes_1_and_2
[2024-05-29T01:09:40.223+0000] {logging_mixin.py:188} INFO - [2024-05-29T01:09:40.222+0000] {override.py:1829} INFO - Created Permission View: can read on DAG:dataset_consumes_1_and_2
[2024-05-29T01:09:40.243+0000] {logging_mixin.py:188} INFO - [2024-05-29T01:09:40.243+0000] {override.py:1829} INFO - Created Permission View: can edit on DAG:consume_1_and_2_with_dataset_expressions
[2024-05-29T01:09:40.260+0000] {logging_mixin.py:188} INFO - [2024-05-29T01:09:40.259+0000] {override.py:1829} INFO - Created Permission View: can delete on DAG:consume_1_and_2_with_dataset_expressions
[2024-05-29T01:09:40.271+0000] {logging_mixin.py:188} INFO - [2024-05-29T01:09:40.270+0000] {override.py:1829} INFO - Created Permission View: can read on DAG:consume_1_and_2_with_dataset_expressions
[2024-05-29T01:09:40.290+0000] {logging_mixin.py:188} INFO - [2024-05-29T01:09:40.290+0000] {override.py:1829} INFO - Created Permission View: can edit on DAG:dataset_consumes_unknown_never_scheduled
[2024-05-29T01:09:40.302+0000] {logging_mixin.py:188} INFO - [2024-05-29T01:09:40.302+0000] {override.py:1829} INFO - Created Permission View: can delete on DAG:dataset_consumes_unknown_never_scheduled
[2024-05-29T01:09:40.312+0000] {logging_mixin.py:188} INFO - [2024-05-29T01:09:40.312+0000] {override.py:1829} INFO - Created Permission View: can read on DAG:dataset_consumes_unknown_never_scheduled
[2024-05-29T01:09:40.330+0000] {logging_mixin.py:188} INFO - [2024-05-29T01:09:40.330+0000] {override.py:1829} INFO - Created Permission View: can edit on DAG:dataset_produces_2
[2024-05-29T01:09:40.342+0000] {logging_mixin.py:188} INFO - [2024-05-29T01:09:40.341+0000] {override.py:1829} INFO - Created Permission View: can delete on DAG:dataset_produces_2
[2024-05-29T01:09:40.352+0000] {logging_mixin.py:188} INFO - [2024-05-29T01:09:40.351+0000] {override.py:1829} INFO - Created Permission View: can read on DAG:dataset_produces_2
[2024-05-29T01:09:40.353+0000] {logging_mixin.py:188} INFO - [2024-05-29T01:09:40.352+0000] {dag.py:3096} INFO - Sync 10 DAGs
[2024-05-29T01:09:40.373+0000] {logging_mixin.py:188} INFO - [2024-05-29T01:09:40.373+0000] {dag.py:3118} INFO - Creating ORM DAG for dataset_produces_2
[2024-05-29T01:09:40.375+0000] {logging_mixin.py:188} INFO - [2024-05-29T01:09:40.374+0000] {dag.py:3118} INFO - Creating ORM DAG for dataset_consumes_1
[2024-05-29T01:09:40.376+0000] {logging_mixin.py:188} INFO - [2024-05-29T01:09:40.376+0000] {dag.py:3118} INFO - Creating ORM DAG for consume_1_or_2_with_dataset_expressions
[2024-05-29T01:09:40.378+0000] {logging_mixin.py:188} INFO - [2024-05-29T01:09:40.377+0000] {dag.py:3118} INFO - Creating ORM DAG for consume_1_and_2_with_dataset_expressions
[2024-05-29T01:09:40.379+0000] {logging_mixin.py:188} INFO - [2024-05-29T01:09:40.379+0000] {dag.py:3118} INFO - Creating ORM DAG for conditional_dataset_and_time_based_timetable
[2024-05-29T01:09:40.381+0000] {logging_mixin.py:188} INFO - [2024-05-29T01:09:40.381+0000] {dag.py:3118} INFO - Creating ORM DAG for dataset_consumes_1_never_scheduled
[2024-05-29T01:09:40.383+0000] {logging_mixin.py:188} INFO - [2024-05-29T01:09:40.382+0000] {dag.py:3118} INFO - Creating ORM DAG for consume_1_or_both_2_and_3_with_dataset_expressions
[2024-05-29T01:09:40.384+0000] {logging_mixin.py:188} INFO - [2024-05-29T01:09:40.384+0000] {dag.py:3118} INFO - Creating ORM DAG for dataset_consumes_unknown_never_scheduled
[2024-05-29T01:09:40.385+0000] {logging_mixin.py:188} INFO - [2024-05-29T01:09:40.385+0000] {dag.py:3118} INFO - Creating ORM DAG for dataset_produces_1
[2024-05-29T01:09:40.387+0000] {logging_mixin.py:188} INFO - [2024-05-29T01:09:40.386+0000] {dag.py:3118} INFO - Creating ORM DAG for dataset_consumes_1_and_2
[2024-05-29T01:09:40.405+0000] {logging_mixin.py:188} INFO - [2024-05-29T01:09:40.405+0000] {dag.py:3954} INFO - Setting next_dagrun for conditional_dataset_and_time_based_timetable to 2024-05-29 01:00:00+00:00, run_after=2024-05-29 01:00:00+00:00
[2024-05-29T01:09:40.407+0000] {logging_mixin.py:188} INFO - [2024-05-29T01:09:40.406+0000] {dag.py:3954} INFO - Setting next_dagrun for consume_1_and_2_with_dataset_expressions to None, run_after=None
[2024-05-29T01:09:40.407+0000] {logging_mixin.py:188} INFO - [2024-05-29T01:09:40.407+0000] {dag.py:3954} INFO - Setting next_dagrun for consume_1_or_2_with_dataset_expressions to None, run_after=None
[2024-05-29T01:09:40.408+0000] {logging_mixin.py:188} INFO - [2024-05-29T01:09:40.408+0000] {dag.py:3954} INFO - Setting next_dagrun for consume_1_or_both_2_and_3_with_dataset_expressions to None, run_after=None
[2024-05-29T01:09:40.409+0000] {logging_mixin.py:188} INFO - [2024-05-29T01:09:40.409+0000] {dag.py:3954} INFO - Setting next_dagrun for dataset_consumes_1 to None, run_after=None
[2024-05-29T01:09:40.410+0000] {logging_mixin.py:188} INFO - [2024-05-29T01:09:40.410+0000] {dag.py:3954} INFO - Setting next_dagrun for dataset_consumes_1_and_2 to None, run_after=None
[2024-05-29T01:09:40.411+0000] {logging_mixin.py:188} INFO - [2024-05-29T01:09:40.410+0000] {dag.py:3954} INFO - Setting next_dagrun for dataset_consumes_1_never_scheduled to None, run_after=None
[2024-05-29T01:09:40.411+0000] {logging_mixin.py:188} INFO - [2024-05-29T01:09:40.411+0000] {dag.py:3954} INFO - Setting next_dagrun for dataset_consumes_unknown_never_scheduled to None, run_after=None
[2024-05-29T01:09:40.413+0000] {logging_mixin.py:188} INFO - [2024-05-29T01:09:40.413+0000] {dag.py:3954} INFO - Setting next_dagrun for dataset_produces_1 to 2024-05-28 00:00:00+00:00, run_after=2024-05-29 00:00:00+00:00
[2024-05-29T01:09:40.414+0000] {logging_mixin.py:188} INFO - [2024-05-29T01:09:40.414+0000] {dag.py:3954} INFO - Setting next_dagrun for dataset_produces_2 to None, run_after=None
[2024-05-29T01:09:40.481+0000] {processor.py:183} INFO - Processing /home/airflow/.local/lib/python3.12/site-packages/airflow/example_dags/example_datasets.py took 1.000 seconds
[2024-05-29T01:10:10.837+0000] {processor.py:161} INFO - Started process (PID=123) to work on /home/airflow/.local/lib/python3.12/site-packages/airflow/example_dags/example_datasets.py
[2024-05-29T01:10:10.839+0000] {processor.py:830} INFO - Processing file /home/airflow/.local/lib/python3.12/site-packages/airflow/example_dags/example_datasets.py for tasks to queue
[2024-05-29T01:10:10.843+0000] {logging_mixin.py:188} INFO - [2024-05-29T01:10:10.842+0000] {dagbag.py:545} INFO - Filling up the DagBag from /home/airflow/.local/lib/python3.12/site-packages/airflow/example_dags/example_datasets.py
[2024-05-29T01:10:10.881+0000] {processor.py:840} INFO - DAG(s) 'dataset_consumes_unknown_never_scheduled', 'consume_1_and_2_with_dataset_expressions', 'dataset_produces_1', 'dataset_consumes_1_and_2', 'consume_1_or_2_with_dataset_expressions', 'dataset_produces_2', 'dataset_consumes_1_never_scheduled', 'conditional_dataset_and_time_based_timetable', 'consume_1_or_both_2_and_3_with_dataset_expressions', 'dataset_consumes_1' retrieved from /home/airflow/.local/lib/python3.12/site-packages/airflow/example_dags/example_datasets.py
[2024-05-29T01:10:10.995+0000] {logging_mixin.py:188} INFO - [2024-05-29T01:10:10.994+0000] {dag.py:3096} INFO - Sync 10 DAGs
[2024-05-29T01:10:11.101+0000] {logging_mixin.py:188} INFO - [2024-05-29T01:10:11.101+0000] {dag.py:3954} INFO - Setting next_dagrun for conditional_dataset_and_time_based_timetable to 2024-05-29 01:00:00+00:00, run_after=2024-05-29 01:00:00+00:00
[2024-05-29T01:10:11.111+0000] {logging_mixin.py:188} INFO - [2024-05-29T01:10:11.111+0000] {dag.py:3954} INFO - Setting next_dagrun for consume_1_and_2_with_dataset_expressions to None, run_after=None
[2024-05-29T01:10:11.115+0000] {logging_mixin.py:188} INFO - [2024-05-29T01:10:11.114+0000] {dag.py:3954} INFO - Setting next_dagrun for consume_1_or_2_with_dataset_expressions to None, run_after=None
[2024-05-29T01:10:11.118+0000] {logging_mixin.py:188} INFO - [2024-05-29T01:10:11.117+0000] {dag.py:3954} INFO - Setting next_dagrun for consume_1_or_both_2_and_3_with_dataset_expressions to None, run_after=None
[2024-05-29T01:10:11.125+0000] {logging_mixin.py:188} INFO - [2024-05-29T01:10:11.125+0000] {dag.py:3954} INFO - Setting next_dagrun for dataset_consumes_1 to None, run_after=None
[2024-05-29T01:10:11.128+0000] {logging_mixin.py:188} INFO - [2024-05-29T01:10:11.128+0000] {dag.py:3954} INFO - Setting next_dagrun for dataset_consumes_1_and_2 to None, run_after=None
[2024-05-29T01:10:11.131+0000] {logging_mixin.py:188} INFO - [2024-05-29T01:10:11.131+0000] {dag.py:3954} INFO - Setting next_dagrun for dataset_consumes_1_never_scheduled to None, run_after=None
[2024-05-29T01:10:11.135+0000] {logging_mixin.py:188} INFO - [2024-05-29T01:10:11.134+0000] {dag.py:3954} INFO - Setting next_dagrun for dataset_consumes_unknown_never_scheduled to None, run_after=None
[2024-05-29T01:10:11.140+0000] {logging_mixin.py:188} INFO - [2024-05-29T01:10:11.139+0000] {dag.py:3954} INFO - Setting next_dagrun for dataset_produces_1 to 2024-05-28 00:00:00+00:00, run_after=2024-05-29 00:00:00+00:00
[2024-05-29T01:10:11.143+0000] {logging_mixin.py:188} INFO - [2024-05-29T01:10:11.143+0000] {dag.py:3954} INFO - Setting next_dagrun for dataset_produces_2 to None, run_after=None
[2024-05-29T01:10:11.229+0000] {processor.py:183} INFO - Processing /home/airflow/.local/lib/python3.12/site-packages/airflow/example_dags/example_datasets.py took 0.404 seconds
[2024-05-29T01:10:41.290+0000] {processor.py:161} INFO - Started process (PID=183) to work on /home/airflow/.local/lib/python3.12/site-packages/airflow/example_dags/example_datasets.py
[2024-05-29T01:10:41.291+0000] {processor.py:830} INFO - Processing file /home/airflow/.local/lib/python3.12/site-packages/airflow/example_dags/example_datasets.py for tasks to queue
[2024-05-29T01:10:41.294+0000] {logging_mixin.py:188} INFO - [2024-05-29T01:10:41.293+0000] {dagbag.py:545} INFO - Filling up the DagBag from /home/airflow/.local/lib/python3.12/site-packages/airflow/example_dags/example_datasets.py
[2024-05-29T01:10:41.308+0000] {processor.py:840} INFO - DAG(s) 'dataset_produces_1', 'dataset_consumes_1', 'conditional_dataset_and_time_based_timetable', 'dataset_consumes_unknown_never_scheduled', 'consume_1_or_both_2_and_3_with_dataset_expressions', 'consume_1_or_2_with_dataset_expressions', 'dataset_consumes_1_never_scheduled', 'dataset_produces_2', 'consume_1_and_2_with_dataset_expressions', 'dataset_consumes_1_and_2' retrieved from /home/airflow/.local/lib/python3.12/site-packages/airflow/example_dags/example_datasets.py
[2024-05-29T01:10:41.396+0000] {logging_mixin.py:188} INFO - [2024-05-29T01:10:41.395+0000] {dag.py:3096} INFO - Sync 10 DAGs
[2024-05-29T01:10:41.431+0000] {logging_mixin.py:188} INFO - [2024-05-29T01:10:41.430+0000] {dag.py:3954} INFO - Setting next_dagrun for conditional_dataset_and_time_based_timetable to 2024-05-29 01:00:00+00:00, run_after=2024-05-29 01:00:00+00:00
[2024-05-29T01:10:41.438+0000] {logging_mixin.py:188} INFO - [2024-05-29T01:10:41.437+0000] {dag.py:3954} INFO - Setting next_dagrun for consume_1_and_2_with_dataset_expressions to None, run_after=None
[2024-05-29T01:10:41.440+0000] {logging_mixin.py:188} INFO - [2024-05-29T01:10:41.440+0000] {dag.py:3954} INFO - Setting next_dagrun for consume_1_or_2_with_dataset_expressions to None, run_after=None
[2024-05-29T01:10:41.443+0000] {logging_mixin.py:188} INFO - [2024-05-29T01:10:41.442+0000] {dag.py:3954} INFO - Setting next_dagrun for consume_1_or_both_2_and_3_with_dataset_expressions to None, run_after=None
[2024-05-29T01:10:41.444+0000] {logging_mixin.py:188} INFO - [2024-05-29T01:10:41.444+0000] {dag.py:3954} INFO - Setting next_dagrun for dataset_consumes_1 to None, run_after=None
[2024-05-29T01:10:41.446+0000] {logging_mixin.py:188} INFO - [2024-05-29T01:10:41.446+0000] {dag.py:3954} INFO - Setting next_dagrun for dataset_consumes_1_and_2 to None, run_after=None
[2024-05-29T01:10:41.448+0000] {logging_mixin.py:188} INFO - [2024-05-29T01:10:41.447+0000] {dag.py:3954} INFO - Setting next_dagrun for dataset_consumes_1_never_scheduled to None, run_after=None
[2024-05-29T01:10:41.451+0000] {logging_mixin.py:188} INFO - [2024-05-29T01:10:41.451+0000] {dag.py:3954} INFO - Setting next_dagrun for dataset_consumes_unknown_never_scheduled to None, run_after=None
[2024-05-29T01:10:41.455+0000] {logging_mixin.py:188} INFO - [2024-05-29T01:10:41.454+0000] {dag.py:3954} INFO - Setting next_dagrun for dataset_produces_1 to 2024-05-28 00:00:00+00:00, run_after=2024-05-29 00:00:00+00:00
[2024-05-29T01:10:41.457+0000] {logging_mixin.py:188} INFO - [2024-05-29T01:10:41.457+0000] {dag.py:3954} INFO - Setting next_dagrun for dataset_produces_2 to None, run_after=None
[2024-05-29T01:10:41.505+0000] {processor.py:183} INFO - Processing /home/airflow/.local/lib/python3.12/site-packages/airflow/example_dags/example_datasets.py took 0.222 seconds
[2024-05-29T01:11:12.076+0000] {processor.py:161} INFO - Started process (PID=243) to work on /home/airflow/.local/lib/python3.12/site-packages/airflow/example_dags/example_datasets.py
[2024-05-29T01:11:12.078+0000] {processor.py:830} INFO - Processing file /home/airflow/.local/lib/python3.12/site-packages/airflow/example_dags/example_datasets.py for tasks to queue
[2024-05-29T01:11:12.081+0000] {logging_mixin.py:188} INFO - [2024-05-29T01:11:12.081+0000] {dagbag.py:545} INFO - Filling up the DagBag from /home/airflow/.local/lib/python3.12/site-packages/airflow/example_dags/example_datasets.py
[2024-05-29T01:11:12.099+0000] {processor.py:840} INFO - DAG(s) 'dataset_consumes_1_never_scheduled', 'dataset_produces_1', 'dataset_consumes_1', 'dataset_produces_2', 'consume_1_or_2_with_dataset_expressions', 'conditional_dataset_and_time_based_timetable', 'dataset_consumes_unknown_never_scheduled', 'dataset_consumes_1_and_2', 'consume_1_and_2_with_dataset_expressions', 'consume_1_or_both_2_and_3_with_dataset_expressions' retrieved from /home/airflow/.local/lib/python3.12/site-packages/airflow/example_dags/example_datasets.py
[2024-05-29T01:11:12.158+0000] {logging_mixin.py:188} INFO - [2024-05-29T01:11:12.157+0000] {dag.py:3096} INFO - Sync 10 DAGs
[2024-05-29T01:11:12.193+0000] {logging_mixin.py:188} INFO - [2024-05-29T01:11:12.193+0000] {dag.py:3954} INFO - Setting next_dagrun for conditional_dataset_and_time_based_timetable to 2024-05-29 01:00:00+00:00, run_after=2024-05-29 01:00:00+00:00
[2024-05-29T01:11:12.201+0000] {logging_mixin.py:188} INFO - [2024-05-29T01:11:12.201+0000] {dag.py:3954} INFO - Setting next_dagrun for consume_1_and_2_with_dataset_expressions to None, run_after=None
[2024-05-29T01:11:12.204+0000] {logging_mixin.py:188} INFO - [2024-05-29T01:11:12.204+0000] {dag.py:3954} INFO - Setting next_dagrun for consume_1_or_2_with_dataset_expressions to None, run_after=None
[2024-05-29T01:11:12.206+0000] {logging_mixin.py:188} INFO - [2024-05-29T01:11:12.206+0000] {dag.py:3954} INFO - Setting next_dagrun for consume_1_or_both_2_and_3_with_dataset_expressions to None, run_after=None
[2024-05-29T01:11:12.208+0000] {logging_mixin.py:188} INFO - [2024-05-29T01:11:12.208+0000] {dag.py:3954} INFO - Setting next_dagrun for dataset_consumes_1 to None, run_after=None
[2024-05-29T01:11:12.210+0000] {logging_mixin.py:188} INFO - [2024-05-29T01:11:12.210+0000] {dag.py:3954} INFO - Setting next_dagrun for dataset_consumes_1_and_2 to None, run_after=None
[2024-05-29T01:11:12.212+0000] {logging_mixin.py:188} INFO - [2024-05-29T01:11:12.212+0000] {dag.py:3954} INFO - Setting next_dagrun for dataset_consumes_1_never_scheduled to None, run_after=None
[2024-05-29T01:11:12.214+0000] {logging_mixin.py:188} INFO - [2024-05-29T01:11:12.214+0000] {dag.py:3954} INFO - Setting next_dagrun for dataset_consumes_unknown_never_scheduled to None, run_after=None
[2024-05-29T01:11:12.219+0000] {logging_mixin.py:188} INFO - [2024-05-29T01:11:12.218+0000] {dag.py:3954} INFO - Setting next_dagrun for dataset_produces_1 to 2024-05-28 00:00:00+00:00, run_after=2024-05-29 00:00:00+00:00
[2024-05-29T01:11:12.221+0000] {logging_mixin.py:188} INFO - [2024-05-29T01:11:12.221+0000] {dag.py:3954} INFO - Setting next_dagrun for dataset_produces_2 to None, run_after=None
[2024-05-29T01:11:12.267+0000] {processor.py:183} INFO - Processing /home/airflow/.local/lib/python3.12/site-packages/airflow/example_dags/example_datasets.py took 0.197 seconds
[2024-05-29T01:11:42.658+0000] {processor.py:161} INFO - Started process (PID=304) to work on /home/airflow/.local/lib/python3.12/site-packages/airflow/example_dags/example_datasets.py
[2024-05-29T01:11:42.660+0000] {processor.py:830} INFO - Processing file /home/airflow/.local/lib/python3.12/site-packages/airflow/example_dags/example_datasets.py for tasks to queue
[2024-05-29T01:11:42.663+0000] {logging_mixin.py:188} INFO - [2024-05-29T01:11:42.663+0000] {dagbag.py:545} INFO - Filling up the DagBag from /home/airflow/.local/lib/python3.12/site-packages/airflow/example_dags/example_datasets.py
[2024-05-29T01:11:42.715+0000] {processor.py:840} INFO - DAG(s) 'dataset_consumes_unknown_never_scheduled', 'dataset_consumes_1', 'dataset_produces_1', 'consume_1_or_both_2_and_3_with_dataset_expressions', 'consume_1_or_2_with_dataset_expressions', 'consume_1_and_2_with_dataset_expressions', 'dataset_consumes_1_and_2', 'conditional_dataset_and_time_based_timetable', 'dataset_consumes_1_never_scheduled', 'dataset_produces_2' retrieved from /home/airflow/.local/lib/python3.12/site-packages/airflow/example_dags/example_datasets.py
[2024-05-29T01:11:42.892+0000] {logging_mixin.py:188} INFO - [2024-05-29T01:11:42.892+0000] {dag.py:3096} INFO - Sync 10 DAGs
[2024-05-29T01:11:42.964+0000] {logging_mixin.py:188} INFO - [2024-05-29T01:11:42.964+0000] {dag.py:3954} INFO - Setting next_dagrun for conditional_dataset_and_time_based_timetable to 2024-05-29 01:00:00+00:00, run_after=2024-05-29 01:00:00+00:00
[2024-05-29T01:11:42.978+0000] {logging_mixin.py:188} INFO - [2024-05-29T01:11:42.977+0000] {dag.py:3954} INFO - Setting next_dagrun for consume_1_and_2_with_dataset_expressions to None, run_after=None
[2024-05-29T01:11:42.980+0000] {logging_mixin.py:188} INFO - [2024-05-29T01:11:42.980+0000] {dag.py:3954} INFO - Setting next_dagrun for consume_1_or_2_with_dataset_expressions to None, run_after=None
[2024-05-29T01:11:42.985+0000] {logging_mixin.py:188} INFO - [2024-05-29T01:11:42.984+0000] {dag.py:3954} INFO - Setting next_dagrun for consume_1_or_both_2_and_3_with_dataset_expressions to None, run_after=None
[2024-05-29T01:11:42.988+0000] {logging_mixin.py:188} INFO - [2024-05-29T01:11:42.988+0000] {dag.py:3954} INFO - Setting next_dagrun for dataset_consumes_1 to None, run_after=None
[2024-05-29T01:11:42.993+0000] {logging_mixin.py:188} INFO - [2024-05-29T01:11:42.991+0000] {dag.py:3954} INFO - Setting next_dagrun for dataset_consumes_1_and_2 to None, run_after=None
[2024-05-29T01:11:42.997+0000] {logging_mixin.py:188} INFO - [2024-05-29T01:11:42.996+0000] {dag.py:3954} INFO - Setting next_dagrun for dataset_consumes_1_never_scheduled to None, run_after=None
[2024-05-29T01:11:43.001+0000] {logging_mixin.py:188} INFO - [2024-05-29T01:11:43.000+0000] {dag.py:3954} INFO - Setting next_dagrun for dataset_consumes_unknown_never_scheduled to None, run_after=None
[2024-05-29T01:11:43.013+0000] {logging_mixin.py:188} INFO - [2024-05-29T01:11:43.012+0000] {dag.py:3954} INFO - Setting next_dagrun for dataset_produces_1 to 2024-05-28 00:00:00+00:00, run_after=2024-05-29 00:00:00+00:00
[2024-05-29T01:11:43.016+0000] {logging_mixin.py:188} INFO - [2024-05-29T01:11:43.015+0000] {dag.py:3954} INFO - Setting next_dagrun for dataset_produces_2 to None, run_after=None
[2024-05-29T01:11:43.175+0000] {processor.py:183} INFO - Processing /home/airflow/.local/lib/python3.12/site-packages/airflow/example_dags/example_datasets.py took 0.539 seconds
[2024-05-29T01:12:13.806+0000] {processor.py:161} INFO - Started process (PID=364) to work on /home/airflow/.local/lib/python3.12/site-packages/airflow/example_dags/example_datasets.py
[2024-05-29T01:12:13.808+0000] {processor.py:830} INFO - Processing file /home/airflow/.local/lib/python3.12/site-packages/airflow/example_dags/example_datasets.py for tasks to queue
[2024-05-29T01:12:13.811+0000] {logging_mixin.py:188} INFO - [2024-05-29T01:12:13.810+0000] {dagbag.py:545} INFO - Filling up the DagBag from /home/airflow/.local/lib/python3.12/site-packages/airflow/example_dags/example_datasets.py
[2024-05-29T01:12:13.835+0000] {processor.py:840} INFO - DAG(s) 'consume_1_or_2_with_dataset_expressions', 'dataset_consumes_unknown_never_scheduled', 'dataset_consumes_1_and_2', 'conditional_dataset_and_time_based_timetable', 'consume_1_and_2_with_dataset_expressions', 'consume_1_or_both_2_and_3_with_dataset_expressions', 'dataset_produces_1', 'dataset_produces_2', 'dataset_consumes_1', 'dataset_consumes_1_never_scheduled' retrieved from /home/airflow/.local/lib/python3.12/site-packages/airflow/example_dags/example_datasets.py
[2024-05-29T01:12:13.926+0000] {logging_mixin.py:188} INFO - [2024-05-29T01:12:13.926+0000] {dag.py:3096} INFO - Sync 10 DAGs
[2024-05-29T01:12:13.973+0000] {logging_mixin.py:188} INFO - [2024-05-29T01:12:13.973+0000] {dag.py:3954} INFO - Setting next_dagrun for conditional_dataset_and_time_based_timetable to 2024-05-29 01:00:00+00:00, run_after=2024-05-29 01:00:00+00:00
[2024-05-29T01:12:13.982+0000] {logging_mixin.py:188} INFO - [2024-05-29T01:12:13.981+0000] {dag.py:3954} INFO - Setting next_dagrun for consume_1_and_2_with_dataset_expressions to None, run_after=None
[2024-05-29T01:12:13.985+0000] {logging_mixin.py:188} INFO - [2024-05-29T01:12:13.985+0000] {dag.py:3954} INFO - Setting next_dagrun for consume_1_or_2_with_dataset_expressions to None, run_after=None
[2024-05-29T01:12:13.988+0000] {logging_mixin.py:188} INFO - [2024-05-29T01:12:13.988+0000] {dag.py:3954} INFO - Setting next_dagrun for consume_1_or_both_2_and_3_with_dataset_expressions to None, run_after=None
[2024-05-29T01:12:13.990+0000] {logging_mixin.py:188} INFO - [2024-05-29T01:12:13.990+0000] {dag.py:3954} INFO - Setting next_dagrun for dataset_consumes_1 to None, run_after=None
[2024-05-29T01:12:13.992+0000] {logging_mixin.py:188} INFO - [2024-05-29T01:12:13.992+0000] {dag.py:3954} INFO - Setting next_dagrun for dataset_consumes_1_and_2 to None, run_after=None
[2024-05-29T01:12:13.994+0000] {logging_mixin.py:188} INFO - [2024-05-29T01:12:13.994+0000] {dag.py:3954} INFO - Setting next_dagrun for dataset_consumes_1_never_scheduled to None, run_after=None
[2024-05-29T01:12:13.997+0000] {logging_mixin.py:188} INFO - [2024-05-29T01:12:13.996+0000] {dag.py:3954} INFO - Setting next_dagrun for dataset_consumes_unknown_never_scheduled to None, run_after=None
[2024-05-29T01:12:14.001+0000] {logging_mixin.py:188} INFO - [2024-05-29T01:12:14.000+0000] {dag.py:3954} INFO - Setting next_dagrun for dataset_produces_1 to 2024-05-28 00:00:00+00:00, run_after=2024-05-29 00:00:00+00:00
[2024-05-29T01:12:14.003+0000] {logging_mixin.py:188} INFO - [2024-05-29T01:12:14.003+0000] {dag.py:3954} INFO - Setting next_dagrun for dataset_produces_2 to None, run_after=None
[2024-05-29T01:12:14.064+0000] {processor.py:183} INFO - Processing /home/airflow/.local/lib/python3.12/site-packages/airflow/example_dags/example_datasets.py took 0.268 seconds
[2024-05-29T01:12:44.237+0000] {processor.py:161} INFO - Started process (PID=425) to work on /home/airflow/.local/lib/python3.12/site-packages/airflow/example_dags/example_datasets.py
[2024-05-29T01:12:44.238+0000] {processor.py:830} INFO - Processing file /home/airflow/.local/lib/python3.12/site-packages/airflow/example_dags/example_datasets.py for tasks to queue
[2024-05-29T01:12:44.242+0000] {logging_mixin.py:188} INFO - [2024-05-29T01:12:44.241+0000] {dagbag.py:545} INFO - Filling up the DagBag from /home/airflow/.local/lib/python3.12/site-packages/airflow/example_dags/example_datasets.py
[2024-05-29T01:12:44.265+0000] {processor.py:840} INFO - DAG(s) 'dataset_consumes_unknown_never_scheduled', 'dataset_produces_1', 'consume_1_or_both_2_and_3_with_dataset_expressions', 'dataset_consumes_1_never_scheduled', 'dataset_consumes_1_and_2', 'consume_1_or_2_with_dataset_expressions', 'dataset_produces_2', 'dataset_consumes_1', 'conditional_dataset_and_time_based_timetable', 'consume_1_and_2_with_dataset_expressions' retrieved from /home/airflow/.local/lib/python3.12/site-packages/airflow/example_dags/example_datasets.py
[2024-05-29T01:12:44.334+0000] {logging_mixin.py:188} INFO - [2024-05-29T01:12:44.334+0000] {dag.py:3096} INFO - Sync 10 DAGs
[2024-05-29T01:12:44.366+0000] {logging_mixin.py:188} INFO - [2024-05-29T01:12:44.366+0000] {dag.py:3954} INFO - Setting next_dagrun for conditional_dataset_and_time_based_timetable to 2024-05-29 01:00:00+00:00, run_after=2024-05-29 01:00:00+00:00
[2024-05-29T01:12:44.372+0000] {logging_mixin.py:188} INFO - [2024-05-29T01:12:44.372+0000] {dag.py:3954} INFO - Setting next_dagrun for consume_1_and_2_with_dataset_expressions to None, run_after=None
[2024-05-29T01:12:44.374+0000] {logging_mixin.py:188} INFO - [2024-05-29T01:12:44.374+0000] {dag.py:3954} INFO - Setting next_dagrun for consume_1_or_2_with_dataset_expressions to None, run_after=None
[2024-05-29T01:12:44.376+0000] {logging_mixin.py:188} INFO - [2024-05-29T01:12:44.376+0000] {dag.py:3954} INFO - Setting next_dagrun for consume_1_or_both_2_and_3_with_dataset_expressions to None, run_after=None
[2024-05-29T01:12:44.378+0000] {logging_mixin.py:188} INFO - [2024-05-29T01:12:44.378+0000] {dag.py:3954} INFO - Setting next_dagrun for dataset_consumes_1 to None, run_after=None
[2024-05-29T01:12:44.380+0000] {logging_mixin.py:188} INFO - [2024-05-29T01:12:44.380+0000] {dag.py:3954} INFO - Setting next_dagrun for dataset_consumes_1_and_2 to None, run_after=None
[2024-05-29T01:12:44.382+0000] {logging_mixin.py:188} INFO - [2024-05-29T01:12:44.382+0000] {dag.py:3954} INFO - Setting next_dagrun for dataset_consumes_1_never_scheduled to None, run_after=None
[2024-05-29T01:12:44.384+0000] {logging_mixin.py:188} INFO - [2024-05-29T01:12:44.384+0000] {dag.py:3954} INFO - Setting next_dagrun for dataset_consumes_unknown_never_scheduled to None, run_after=None
[2024-05-29T01:12:44.387+0000] {logging_mixin.py:188} INFO - [2024-05-29T01:12:44.387+0000] {dag.py:3954} INFO - Setting next_dagrun for dataset_produces_1 to 2024-05-28 00:00:00+00:00, run_after=2024-05-29 00:00:00+00:00
[2024-05-29T01:12:44.389+0000] {logging_mixin.py:188} INFO - [2024-05-29T01:12:44.389+0000] {dag.py:3954} INFO - Setting next_dagrun for dataset_produces_2 to None, run_after=None
[2024-05-29T01:12:44.439+0000] {processor.py:183} INFO - Processing /home/airflow/.local/lib/python3.12/site-packages/airflow/example_dags/example_datasets.py took 0.211 seconds
[2024-05-29T01:13:14.767+0000] {processor.py:161} INFO - Started process (PID=484) to work on /home/airflow/.local/lib/python3.12/site-packages/airflow/example_dags/example_datasets.py
[2024-05-29T01:13:14.768+0000] {processor.py:830} INFO - Processing file /home/airflow/.local/lib/python3.12/site-packages/airflow/example_dags/example_datasets.py for tasks to queue
[2024-05-29T01:13:14.772+0000] {logging_mixin.py:188} INFO - [2024-05-29T01:13:14.771+0000] {dagbag.py:545} INFO - Filling up the DagBag from /home/airflow/.local/lib/python3.12/site-packages/airflow/example_dags/example_datasets.py
[2024-05-29T01:13:14.796+0000] {processor.py:840} INFO - DAG(s) 'dataset_consumes_1_and_2', 'consume_1_or_2_with_dataset_expressions', 'dataset_consumes_1', 'dataset_consumes_unknown_never_scheduled', 'dataset_consumes_1_never_scheduled', 'consume_1_or_both_2_and_3_with_dataset_expressions', 'dataset_produces_2', 'conditional_dataset_and_time_based_timetable', 'consume_1_and_2_with_dataset_expressions', 'dataset_produces_1' retrieved from /home/airflow/.local/lib/python3.12/site-packages/airflow/example_dags/example_datasets.py
[2024-05-29T01:13:14.882+0000] {logging_mixin.py:188} INFO - [2024-05-29T01:13:14.881+0000] {dag.py:3096} INFO - Sync 10 DAGs
[2024-05-29T01:13:14.925+0000] {logging_mixin.py:188} INFO - [2024-05-29T01:13:14.924+0000] {dag.py:3954} INFO - Setting next_dagrun for conditional_dataset_and_time_based_timetable to 2024-05-29 01:00:00+00:00, run_after=2024-05-29 01:00:00+00:00
[2024-05-29T01:13:14.932+0000] {logging_mixin.py:188} INFO - [2024-05-29T01:13:14.931+0000] {dag.py:3954} INFO - Setting next_dagrun for consume_1_and_2_with_dataset_expressions to None, run_after=None
[2024-05-29T01:13:14.935+0000] {logging_mixin.py:188} INFO - [2024-05-29T01:13:14.935+0000] {dag.py:3954} INFO - Setting next_dagrun for consume_1_or_2_with_dataset_expressions to None, run_after=None
[2024-05-29T01:13:14.938+0000] {logging_mixin.py:188} INFO - [2024-05-29T01:13:14.938+0000] {dag.py:3954} INFO - Setting next_dagrun for consume_1_or_both_2_and_3_with_dataset_expressions to None, run_after=None
[2024-05-29T01:13:14.941+0000] {logging_mixin.py:188} INFO - [2024-05-29T01:13:14.940+0000] {dag.py:3954} INFO - Setting next_dagrun for dataset_consumes_1 to None, run_after=None
[2024-05-29T01:13:14.943+0000] {logging_mixin.py:188} INFO - [2024-05-29T01:13:14.943+0000] {dag.py:3954} INFO - Setting next_dagrun for dataset_consumes_1_and_2 to None, run_after=None
[2024-05-29T01:13:14.946+0000] {logging_mixin.py:188} INFO - [2024-05-29T01:13:14.945+0000] {dag.py:3954} INFO - Setting next_dagrun for dataset_consumes_1_never_scheduled to None, run_after=None
[2024-05-29T01:13:14.948+0000] {logging_mixin.py:188} INFO - [2024-05-29T01:13:14.948+0000] {dag.py:3954} INFO - Setting next_dagrun for dataset_consumes_unknown_never_scheduled to None, run_after=None
[2024-05-29T01:13:14.953+0000] {logging_mixin.py:188} INFO - [2024-05-29T01:13:14.953+0000] {dag.py:3954} INFO - Setting next_dagrun for dataset_produces_1 to 2024-05-28 00:00:00+00:00, run_after=2024-05-29 00:00:00+00:00
[2024-05-29T01:13:14.956+0000] {logging_mixin.py:188} INFO - [2024-05-29T01:13:14.956+0000] {dag.py:3954} INFO - Setting next_dagrun for dataset_produces_2 to None, run_after=None
[2024-05-29T01:13:15.002+0000] {processor.py:183} INFO - Processing /home/airflow/.local/lib/python3.12/site-packages/airflow/example_dags/example_datasets.py took 0.245 seconds
[2024-05-29T01:13:45.523+0000] {processor.py:161} INFO - Started process (PID=544) to work on /home/airflow/.local/lib/python3.12/site-packages/airflow/example_dags/example_datasets.py
[2024-05-29T01:13:45.525+0000] {processor.py:830} INFO - Processing file /home/airflow/.local/lib/python3.12/site-packages/airflow/example_dags/example_datasets.py for tasks to queue
[2024-05-29T01:13:45.527+0000] {logging_mixin.py:188} INFO - [2024-05-29T01:13:45.527+0000] {dagbag.py:545} INFO - Filling up the DagBag from /home/airflow/.local/lib/python3.12/site-packages/airflow/example_dags/example_datasets.py
[2024-05-29T01:13:45.540+0000] {processor.py:840} INFO - DAG(s) 'dataset_consumes_1', 'consume_1_and_2_with_dataset_expressions', 'conditional_dataset_and_time_based_timetable', 'dataset_consumes_unknown_never_scheduled', 'dataset_consumes_1_and_2', 'consume_1_or_2_with_dataset_expressions', 'dataset_produces_2', 'consume_1_or_both_2_and_3_with_dataset_expressions', 'dataset_consumes_1_never_scheduled', 'dataset_produces_1' retrieved from /home/airflow/.local/lib/python3.12/site-packages/airflow/example_dags/example_datasets.py
[2024-05-29T01:13:45.592+0000] {logging_mixin.py:188} INFO - [2024-05-29T01:13:45.592+0000] {dag.py:3096} INFO - Sync 10 DAGs
[2024-05-29T01:13:45.619+0000] {logging_mixin.py:188} INFO - [2024-05-29T01:13:45.619+0000] {dag.py:3954} INFO - Setting next_dagrun for conditional_dataset_and_time_based_timetable to 2024-05-29 01:00:00+00:00, run_after=2024-05-29 01:00:00+00:00
[2024-05-29T01:13:45.624+0000] {logging_mixin.py:188} INFO - [2024-05-29T01:13:45.624+0000] {dag.py:3954} INFO - Setting next_dagrun for consume_1_and_2_with_dataset_expressions to None, run_after=None
[2024-05-29T01:13:45.627+0000] {logging_mixin.py:188} INFO - [2024-05-29T01:13:45.627+0000] {dag.py:3954} INFO - Setting next_dagrun for consume_1_or_2_with_dataset_expressions to None, run_after=None
[2024-05-29T01:13:45.629+0000] {logging_mixin.py:188} INFO - [2024-05-29T01:13:45.629+0000] {dag.py:3954} INFO - Setting next_dagrun for consume_1_or_both_2_and_3_with_dataset_expressions to None, run_after=None
[2024-05-29T01:13:45.632+0000] {logging_mixin.py:188} INFO - [2024-05-29T01:13:45.631+0000] {dag.py:3954} INFO - Setting next_dagrun for dataset_consumes_1 to None, run_after=None
[2024-05-29T01:13:45.634+0000] {logging_mixin.py:188} INFO - [2024-05-29T01:13:45.634+0000] {dag.py:3954} INFO - Setting next_dagrun for dataset_consumes_1_and_2 to None, run_after=None
[2024-05-29T01:13:45.636+0000] {logging_mixin.py:188} INFO - [2024-05-29T01:13:45.636+0000] {dag.py:3954} INFO - Setting next_dagrun for dataset_consumes_1_never_scheduled to None, run_after=None
[2024-05-29T01:13:45.638+0000] {logging_mixin.py:188} INFO - [2024-05-29T01:13:45.638+0000] {dag.py:3954} INFO - Setting next_dagrun for dataset_consumes_unknown_never_scheduled to None, run_after=None
[2024-05-29T01:13:45.643+0000] {logging_mixin.py:188} INFO - [2024-05-29T01:13:45.642+0000] {dag.py:3954} INFO - Setting next_dagrun for dataset_produces_1 to 2024-05-28 00:00:00+00:00, run_after=2024-05-29 00:00:00+00:00
[2024-05-29T01:13:45.646+0000] {logging_mixin.py:188} INFO - [2024-05-29T01:13:45.645+0000] {dag.py:3954} INFO - Setting next_dagrun for dataset_produces_2 to None, run_after=None
[2024-05-29T01:13:45.687+0000] {processor.py:183} INFO - Processing /home/airflow/.local/lib/python3.12/site-packages/airflow/example_dags/example_datasets.py took 0.169 seconds
[2024-05-29T01:14:15.748+0000] {processor.py:161} INFO - Started process (PID=605) to work on /home/airflow/.local/lib/python3.12/site-packages/airflow/example_dags/example_datasets.py
[2024-05-29T01:14:15.751+0000] {processor.py:830} INFO - Processing file /home/airflow/.local/lib/python3.12/site-packages/airflow/example_dags/example_datasets.py for tasks to queue
[2024-05-29T01:14:15.755+0000] {logging_mixin.py:188} INFO - [2024-05-29T01:14:15.754+0000] {dagbag.py:545} INFO - Filling up the DagBag from /home/airflow/.local/lib/python3.12/site-packages/airflow/example_dags/example_datasets.py
[2024-05-29T01:14:15.784+0000] {processor.py:840} INFO - DAG(s) 'consume_1_or_2_with_dataset_expressions', 'dataset_produces_1', 'consume_1_or_both_2_and_3_with_dataset_expressions', 'dataset_produces_2', 'consume_1_and_2_with_dataset_expressions', 'conditional_dataset_and_time_based_timetable', 'dataset_consumes_1_never_scheduled', 'dataset_consumes_1_and_2', 'dataset_consumes_unknown_never_scheduled', 'dataset_consumes_1' retrieved from /home/airflow/.local/lib/python3.12/site-packages/airflow/example_dags/example_datasets.py
[2024-05-29T01:14:15.861+0000] {logging_mixin.py:188} INFO - [2024-05-29T01:14:15.861+0000] {dag.py:3096} INFO - Sync 10 DAGs
[2024-05-29T01:14:15.900+0000] {logging_mixin.py:188} INFO - [2024-05-29T01:14:15.899+0000] {dag.py:3954} INFO - Setting next_dagrun for conditional_dataset_and_time_based_timetable to 2024-05-29 01:00:00+00:00, run_after=2024-05-29 01:00:00+00:00
[2024-05-29T01:14:15.907+0000] {logging_mixin.py:188} INFO - [2024-05-29T01:14:15.907+0000] {dag.py:3954} INFO - Setting next_dagrun for consume_1_and_2_with_dataset_expressions to None, run_after=None
[2024-05-29T01:14:15.909+0000] {logging_mixin.py:188} INFO - [2024-05-29T01:14:15.909+0000] {dag.py:3954} INFO - Setting next_dagrun for consume_1_or_2_with_dataset_expressions to None, run_after=None
[2024-05-29T01:14:15.911+0000] {logging_mixin.py:188} INFO - [2024-05-29T01:14:15.911+0000] {dag.py:3954} INFO - Setting next_dagrun for consume_1_or_both_2_and_3_with_dataset_expressions to None, run_after=None
[2024-05-29T01:14:15.913+0000] {logging_mixin.py:188} INFO - [2024-05-29T01:14:15.913+0000] {dag.py:3954} INFO - Setting next_dagrun for dataset_consumes_1 to None, run_after=None
[2024-05-29T01:14:15.916+0000] {logging_mixin.py:188} INFO - [2024-05-29T01:14:15.915+0000] {dag.py:3954} INFO - Setting next_dagrun for dataset_consumes_1_and_2 to None, run_after=None
[2024-05-29T01:14:15.917+0000] {logging_mixin.py:188} INFO - [2024-05-29T01:14:15.917+0000] {dag.py:3954} INFO - Setting next_dagrun for dataset_consumes_1_never_scheduled to None, run_after=None
[2024-05-29T01:14:15.919+0000] {logging_mixin.py:188} INFO - [2024-05-29T01:14:15.919+0000] {dag.py:3954} INFO - Setting next_dagrun for dataset_consumes_unknown_never_scheduled to None, run_after=None
[2024-05-29T01:14:15.923+0000] {logging_mixin.py:188} INFO - [2024-05-29T01:14:15.923+0000] {dag.py:3954} INFO - Setting next_dagrun for dataset_produces_1 to 2024-05-28 00:00:00+00:00, run_after=2024-05-29 00:00:00+00:00
[2024-05-29T01:14:15.926+0000] {logging_mixin.py:188} INFO - [2024-05-29T01:14:15.926+0000] {dag.py:3954} INFO - Setting next_dagrun for dataset_produces_2 to None, run_after=None
[2024-05-29T01:14:15.968+0000] {processor.py:183} INFO - Processing /home/airflow/.local/lib/python3.12/site-packages/airflow/example_dags/example_datasets.py took 0.233 seconds
[2024-05-29T01:14:46.182+0000] {processor.py:161} INFO - Started process (PID=664) to work on /home/airflow/.local/lib/python3.12/site-packages/airflow/example_dags/example_datasets.py
[2024-05-29T01:14:46.183+0000] {processor.py:830} INFO - Processing file /home/airflow/.local/lib/python3.12/site-packages/airflow/example_dags/example_datasets.py for tasks to queue
[2024-05-29T01:14:46.187+0000] {logging_mixin.py:188} INFO - [2024-05-29T01:14:46.186+0000] {dagbag.py:545} INFO - Filling up the DagBag from /home/airflow/.local/lib/python3.12/site-packages/airflow/example_dags/example_datasets.py
[2024-05-29T01:14:46.206+0000] {processor.py:840} INFO - DAG(s) 'dataset_produces_2', 'dataset_produces_1', 'dataset_consumes_unknown_never_scheduled', 'dataset_consumes_1', 'conditional_dataset_and_time_based_timetable', 'consume_1_or_both_2_and_3_with_dataset_expressions', 'dataset_consumes_1_never_scheduled', 'consume_1_or_2_with_dataset_expressions', 'dataset_consumes_1_and_2', 'consume_1_and_2_with_dataset_expressions' retrieved from /home/airflow/.local/lib/python3.12/site-packages/airflow/example_dags/example_datasets.py
[2024-05-29T01:14:46.274+0000] {logging_mixin.py:188} INFO - [2024-05-29T01:14:46.274+0000] {dag.py:3096} INFO - Sync 10 DAGs
[2024-05-29T01:14:46.305+0000] {logging_mixin.py:188} INFO - [2024-05-29T01:14:46.304+0000] {dag.py:3954} INFO - Setting next_dagrun for conditional_dataset_and_time_based_timetable to 2024-05-29 01:00:00+00:00, run_after=2024-05-29 01:00:00+00:00
[2024-05-29T01:14:46.311+0000] {logging_mixin.py:188} INFO - [2024-05-29T01:14:46.311+0000] {dag.py:3954} INFO - Setting next_dagrun for consume_1_and_2_with_dataset_expressions to None, run_after=None
[2024-05-29T01:14:46.315+0000] {logging_mixin.py:188} INFO - [2024-05-29T01:14:46.314+0000] {dag.py:3954} INFO - Setting next_dagrun for consume_1_or_2_with_dataset_expressions to None, run_after=None
[2024-05-29T01:14:46.318+0000] {logging_mixin.py:188} INFO - [2024-05-29T01:14:46.317+0000] {dag.py:3954} INFO - Setting next_dagrun for consume_1_or_both_2_and_3_with_dataset_expressions to None, run_after=None
[2024-05-29T01:14:46.321+0000] {logging_mixin.py:188} INFO - [2024-05-29T01:14:46.320+0000] {dag.py:3954} INFO - Setting next_dagrun for dataset_consumes_1 to None, run_after=None
[2024-05-29T01:14:46.323+0000] {logging_mixin.py:188} INFO - [2024-05-29T01:14:46.323+0000] {dag.py:3954} INFO - Setting next_dagrun for dataset_consumes_1_and_2 to None, run_after=None
[2024-05-29T01:14:46.326+0000] {logging_mixin.py:188} INFO - [2024-05-29T01:14:46.326+0000] {dag.py:3954} INFO - Setting next_dagrun for dataset_consumes_1_never_scheduled to None, run_after=None
[2024-05-29T01:14:46.329+0000] {logging_mixin.py:188} INFO - [2024-05-29T01:14:46.328+0000] {dag.py:3954} INFO - Setting next_dagrun for dataset_consumes_unknown_never_scheduled to None, run_after=None
[2024-05-29T01:14:46.333+0000] {logging_mixin.py:188} INFO - [2024-05-29T01:14:46.333+0000] {dag.py:3954} INFO - Setting next_dagrun for dataset_produces_1 to 2024-05-28 00:00:00+00:00, run_after=2024-05-29 00:00:00+00:00
[2024-05-29T01:14:46.335+0000] {logging_mixin.py:188} INFO - [2024-05-29T01:14:46.335+0000] {dag.py:3954} INFO - Setting next_dagrun for dataset_produces_2 to None, run_after=None
[2024-05-29T01:14:46.394+0000] {processor.py:183} INFO - Processing /home/airflow/.local/lib/python3.12/site-packages/airflow/example_dags/example_datasets.py took 0.220 seconds
[2024-05-29T01:15:17.138+0000] {processor.py:161} INFO - Started process (PID=724) to work on /home/airflow/.local/lib/python3.12/site-packages/airflow/example_dags/example_datasets.py
[2024-05-29T01:15:17.140+0000] {processor.py:830} INFO - Processing file /home/airflow/.local/lib/python3.12/site-packages/airflow/example_dags/example_datasets.py for tasks to queue
[2024-05-29T01:15:17.142+0000] {logging_mixin.py:188} INFO - [2024-05-29T01:15:17.142+0000] {dagbag.py:545} INFO - Filling up the DagBag from /home/airflow/.local/lib/python3.12/site-packages/airflow/example_dags/example_datasets.py
[2024-05-29T01:15:17.158+0000] {processor.py:840} INFO - DAG(s) 'dataset_consumes_1_and_2', 'consume_1_and_2_with_dataset_expressions', 'dataset_consumes_1_never_scheduled', 'consume_1_or_2_with_dataset_expressions', 'dataset_consumes_1', 'dataset_produces_1', 'conditional_dataset_and_time_based_timetable', 'dataset_produces_2', 'consume_1_or_both_2_and_3_with_dataset_expressions', 'dataset_consumes_unknown_never_scheduled' retrieved from /home/airflow/.local/lib/python3.12/site-packages/airflow/example_dags/example_datasets.py
[2024-05-29T01:15:17.220+0000] {logging_mixin.py:188} INFO - [2024-05-29T01:15:17.220+0000] {dag.py:3096} INFO - Sync 10 DAGs
[2024-05-29T01:15:17.246+0000] {logging_mixin.py:188} INFO - [2024-05-29T01:15:17.246+0000] {dag.py:3954} INFO - Setting next_dagrun for conditional_dataset_and_time_based_timetable to 2024-05-29 01:00:00+00:00, run_after=2024-05-29 01:00:00+00:00
[2024-05-29T01:15:17.252+0000] {logging_mixin.py:188} INFO - [2024-05-29T01:15:17.252+0000] {dag.py:3954} INFO - Setting next_dagrun for consume_1_and_2_with_dataset_expressions to None, run_after=None
[2024-05-29T01:15:17.255+0000] {logging_mixin.py:188} INFO - [2024-05-29T01:15:17.255+0000] {dag.py:3954} INFO - Setting next_dagrun for consume_1_or_2_with_dataset_expressions to None, run_after=None
[2024-05-29T01:15:17.258+0000] {logging_mixin.py:188} INFO - [2024-05-29T01:15:17.258+0000] {dag.py:3954} INFO - Setting next_dagrun for consume_1_or_both_2_and_3_with_dataset_expressions to None, run_after=None
[2024-05-29T01:15:17.261+0000] {logging_mixin.py:188} INFO - [2024-05-29T01:15:17.260+0000] {dag.py:3954} INFO - Setting next_dagrun for dataset_consumes_1 to None, run_after=None
[2024-05-29T01:15:17.263+0000] {logging_mixin.py:188} INFO - [2024-05-29T01:15:17.263+0000] {dag.py:3954} INFO - Setting next_dagrun for dataset_consumes_1_and_2 to None, run_after=None
[2024-05-29T01:15:17.265+0000] {logging_mixin.py:188} INFO - [2024-05-29T01:15:17.265+0000] {dag.py:3954} INFO - Setting next_dagrun for dataset_consumes_1_never_scheduled to None, run_after=None
[2024-05-29T01:15:17.267+0000] {logging_mixin.py:188} INFO - [2024-05-29T01:15:17.267+0000] {dag.py:3954} INFO - Setting next_dagrun for dataset_consumes_unknown_never_scheduled to None, run_after=None
[2024-05-29T01:15:17.272+0000] {logging_mixin.py:188} INFO - [2024-05-29T01:15:17.271+0000] {dag.py:3954} INFO - Setting next_dagrun for dataset_produces_1 to 2024-05-28 00:00:00+00:00, run_after=2024-05-29 00:00:00+00:00
[2024-05-29T01:15:17.274+0000] {logging_mixin.py:188} INFO - [2024-05-29T01:15:17.274+0000] {dag.py:3954} INFO - Setting next_dagrun for dataset_produces_2 to None, run_after=None
[2024-05-29T01:15:17.325+0000] {processor.py:183} INFO - Processing /home/airflow/.local/lib/python3.12/site-packages/airflow/example_dags/example_datasets.py took 0.195 seconds
[2024-05-29T01:15:47.809+0000] {processor.py:161} INFO - Started process (PID=784) to work on /home/airflow/.local/lib/python3.12/site-packages/airflow/example_dags/example_datasets.py
[2024-05-29T01:15:47.811+0000] {processor.py:830} INFO - Processing file /home/airflow/.local/lib/python3.12/site-packages/airflow/example_dags/example_datasets.py for tasks to queue
[2024-05-29T01:15:47.813+0000] {logging_mixin.py:188} INFO - [2024-05-29T01:15:47.813+0000] {dagbag.py:545} INFO - Filling up the DagBag from /home/airflow/.local/lib/python3.12/site-packages/airflow/example_dags/example_datasets.py
[2024-05-29T01:15:47.826+0000] {processor.py:840} INFO - DAG(s) 'consume_1_and_2_with_dataset_expressions', 'conditional_dataset_and_time_based_timetable', 'consume_1_or_2_with_dataset_expressions', 'dataset_consumes_unknown_never_scheduled', 'dataset_produces_1', 'dataset_produces_2', 'dataset_consumes_1_and_2', 'dataset_consumes_1_never_scheduled', 'consume_1_or_both_2_and_3_with_dataset_expressions', 'dataset_consumes_1' retrieved from /home/airflow/.local/lib/python3.12/site-packages/airflow/example_dags/example_datasets.py
[2024-05-29T01:15:47.882+0000] {logging_mixin.py:188} INFO - [2024-05-29T01:15:47.882+0000] {dag.py:3096} INFO - Sync 10 DAGs
[2024-05-29T01:15:47.907+0000] {logging_mixin.py:188} INFO - [2024-05-29T01:15:47.907+0000] {dag.py:3954} INFO - Setting next_dagrun for conditional_dataset_and_time_based_timetable to 2024-05-29 01:00:00+00:00, run_after=2024-05-29 01:00:00+00:00
[2024-05-29T01:15:47.912+0000] {logging_mixin.py:188} INFO - [2024-05-29T01:15:47.912+0000] {dag.py:3954} INFO - Setting next_dagrun for consume_1_and_2_with_dataset_expressions to None, run_after=None
[2024-05-29T01:15:47.914+0000] {logging_mixin.py:188} INFO - [2024-05-29T01:15:47.914+0000] {dag.py:3954} INFO - Setting next_dagrun for consume_1_or_2_with_dataset_expressions to None, run_after=None
[2024-05-29T01:15:47.917+0000] {logging_mixin.py:188} INFO - [2024-05-29T01:15:47.916+0000] {dag.py:3954} INFO - Setting next_dagrun for consume_1_or_both_2_and_3_with_dataset_expressions to None, run_after=None
[2024-05-29T01:15:47.919+0000] {logging_mixin.py:188} INFO - [2024-05-29T01:15:47.919+0000] {dag.py:3954} INFO - Setting next_dagrun for dataset_consumes_1 to None, run_after=None
[2024-05-29T01:15:47.921+0000] {logging_mixin.py:188} INFO - [2024-05-29T01:15:47.921+0000] {dag.py:3954} INFO - Setting next_dagrun for dataset_consumes_1_and_2 to None, run_after=None
[2024-05-29T01:15:47.923+0000] {logging_mixin.py:188} INFO - [2024-05-29T01:15:47.923+0000] {dag.py:3954} INFO - Setting next_dagrun for dataset_consumes_1_never_scheduled to None, run_after=None
[2024-05-29T01:15:47.926+0000] {logging_mixin.py:188} INFO - [2024-05-29T01:15:47.925+0000] {dag.py:3954} INFO - Setting next_dagrun for dataset_consumes_unknown_never_scheduled to None, run_after=None
[2024-05-29T01:15:47.929+0000] {logging_mixin.py:188} INFO - [2024-05-29T01:15:47.929+0000] {dag.py:3954} INFO - Setting next_dagrun for dataset_produces_1 to 2024-05-28 00:00:00+00:00, run_after=2024-05-29 00:00:00+00:00
[2024-05-29T01:15:47.931+0000] {logging_mixin.py:188} INFO - [2024-05-29T01:15:47.931+0000] {dag.py:3954} INFO - Setting next_dagrun for dataset_produces_2 to None, run_after=None
[2024-05-29T01:15:47.975+0000] {processor.py:183} INFO - Processing /home/airflow/.local/lib/python3.12/site-packages/airflow/example_dags/example_datasets.py took 0.170 seconds
[2024-05-29T01:16:18.225+0000] {processor.py:161} INFO - Started process (PID=844) to work on /home/airflow/.local/lib/python3.12/site-packages/airflow/example_dags/example_datasets.py
[2024-05-29T01:16:18.226+0000] {processor.py:830} INFO - Processing file /home/airflow/.local/lib/python3.12/site-packages/airflow/example_dags/example_datasets.py for tasks to queue
[2024-05-29T01:16:18.228+0000] {logging_mixin.py:188} INFO - [2024-05-29T01:16:18.228+0000] {dagbag.py:545} INFO - Filling up the DagBag from /home/airflow/.local/lib/python3.12/site-packages/airflow/example_dags/example_datasets.py
[2024-05-29T01:16:18.240+0000] {processor.py:840} INFO - DAG(s) 'consume_1_or_both_2_and_3_with_dataset_expressions', 'dataset_produces_1', 'consume_1_and_2_with_dataset_expressions', 'dataset_consumes_unknown_never_scheduled', 'dataset_consumes_1_and_2', 'consume_1_or_2_with_dataset_expressions', 'dataset_consumes_1', 'dataset_produces_2', 'dataset_consumes_1_never_scheduled', 'conditional_dataset_and_time_based_timetable' retrieved from /home/airflow/.local/lib/python3.12/site-packages/airflow/example_dags/example_datasets.py
[2024-05-29T01:16:18.302+0000] {logging_mixin.py:188} INFO - [2024-05-29T01:16:18.302+0000] {dag.py:3096} INFO - Sync 10 DAGs
[2024-05-29T01:16:18.329+0000] {logging_mixin.py:188} INFO - [2024-05-29T01:16:18.329+0000] {dag.py:3954} INFO - Setting next_dagrun for conditional_dataset_and_time_based_timetable to 2024-05-29 01:00:00+00:00, run_after=2024-05-29 01:00:00+00:00
[2024-05-29T01:16:18.334+0000] {logging_mixin.py:188} INFO - [2024-05-29T01:16:18.334+0000] {dag.py:3954} INFO - Setting next_dagrun for consume_1_and_2_with_dataset_expressions to None, run_after=None
[2024-05-29T01:16:18.337+0000] {logging_mixin.py:188} INFO - [2024-05-29T01:16:18.336+0000] {dag.py:3954} INFO - Setting next_dagrun for consume_1_or_2_with_dataset_expressions to None, run_after=None
[2024-05-29T01:16:18.339+0000] {logging_mixin.py:188} INFO - [2024-05-29T01:16:18.339+0000] {dag.py:3954} INFO - Setting next_dagrun for consume_1_or_both_2_and_3_with_dataset_expressions to None, run_after=None
[2024-05-29T01:16:18.341+0000] {logging_mixin.py:188} INFO - [2024-05-29T01:16:18.341+0000] {dag.py:3954} INFO - Setting next_dagrun for dataset_consumes_1 to None, run_after=None
[2024-05-29T01:16:18.343+0000] {logging_mixin.py:188} INFO - [2024-05-29T01:16:18.343+0000] {dag.py:3954} INFO - Setting next_dagrun for dataset_consumes_1_and_2 to None, run_after=None
[2024-05-29T01:16:18.345+0000] {logging_mixin.py:188} INFO - [2024-05-29T01:16:18.345+0000] {dag.py:3954} INFO - Setting next_dagrun for dataset_consumes_1_never_scheduled to None, run_after=None
[2024-05-29T01:16:18.347+0000] {logging_mixin.py:188} INFO - [2024-05-29T01:16:18.347+0000] {dag.py:3954} INFO - Setting next_dagrun for dataset_consumes_unknown_never_scheduled to None, run_after=None
[2024-05-29T01:16:18.350+0000] {logging_mixin.py:188} INFO - [2024-05-29T01:16:18.350+0000] {dag.py:3954} INFO - Setting next_dagrun for dataset_produces_1 to 2024-05-28 00:00:00+00:00, run_after=2024-05-29 00:00:00+00:00
[2024-05-29T01:16:18.353+0000] {logging_mixin.py:188} INFO - [2024-05-29T01:16:18.353+0000] {dag.py:3954} INFO - Setting next_dagrun for dataset_produces_2 to None, run_after=None
[2024-05-29T01:16:18.398+0000] {processor.py:183} INFO - Processing /home/airflow/.local/lib/python3.12/site-packages/airflow/example_dags/example_datasets.py took 0.178 seconds
[2024-05-29T01:16:48.641+0000] {processor.py:161} INFO - Started process (PID=906) to work on /home/airflow/.local/lib/python3.12/site-packages/airflow/example_dags/example_datasets.py
[2024-05-29T01:16:48.643+0000] {processor.py:830} INFO - Processing file /home/airflow/.local/lib/python3.12/site-packages/airflow/example_dags/example_datasets.py for tasks to queue
[2024-05-29T01:16:48.645+0000] {logging_mixin.py:188} INFO - [2024-05-29T01:16:48.645+0000] {dagbag.py:545} INFO - Filling up the DagBag from /home/airflow/.local/lib/python3.12/site-packages/airflow/example_dags/example_datasets.py
[2024-05-29T01:16:48.659+0000] {processor.py:840} INFO - DAG(s) 'dataset_produces_1', 'consume_1_or_both_2_and_3_with_dataset_expressions', 'dataset_produces_2', 'dataset_consumes_1_never_scheduled', 'conditional_dataset_and_time_based_timetable', 'dataset_consumes_unknown_never_scheduled', 'dataset_consumes_1', 'consume_1_and_2_with_dataset_expressions', 'dataset_consumes_1_and_2', 'consume_1_or_2_with_dataset_expressions' retrieved from /home/airflow/.local/lib/python3.12/site-packages/airflow/example_dags/example_datasets.py
[2024-05-29T01:16:48.715+0000] {logging_mixin.py:188} INFO - [2024-05-29T01:16:48.714+0000] {dag.py:3096} INFO - Sync 10 DAGs
[2024-05-29T01:16:48.747+0000] {logging_mixin.py:188} INFO - [2024-05-29T01:16:48.747+0000] {dag.py:3954} INFO - Setting next_dagrun for conditional_dataset_and_time_based_timetable to 2024-05-29 01:00:00+00:00, run_after=2024-05-29 01:00:00+00:00
[2024-05-29T01:16:48.752+0000] {logging_mixin.py:188} INFO - [2024-05-29T01:16:48.751+0000] {dag.py:3954} INFO - Setting next_dagrun for consume_1_and_2_with_dataset_expressions to None, run_after=None
[2024-05-29T01:16:48.754+0000] {logging_mixin.py:188} INFO - [2024-05-29T01:16:48.754+0000] {dag.py:3954} INFO - Setting next_dagrun for consume_1_or_2_with_dataset_expressions to None, run_after=None
[2024-05-29T01:16:48.757+0000] {logging_mixin.py:188} INFO - [2024-05-29T01:16:48.756+0000] {dag.py:3954} INFO - Setting next_dagrun for consume_1_or_both_2_and_3_with_dataset_expressions to None, run_after=None
[2024-05-29T01:16:48.760+0000] {logging_mixin.py:188} INFO - [2024-05-29T01:16:48.759+0000] {dag.py:3954} INFO - Setting next_dagrun for dataset_consumes_1 to None, run_after=None
[2024-05-29T01:16:48.761+0000] {logging_mixin.py:188} INFO - [2024-05-29T01:16:48.761+0000] {dag.py:3954} INFO - Setting next_dagrun for dataset_consumes_1_and_2 to None, run_after=None
[2024-05-29T01:16:48.763+0000] {logging_mixin.py:188} INFO - [2024-05-29T01:16:48.763+0000] {dag.py:3954} INFO - Setting next_dagrun for dataset_consumes_1_never_scheduled to None, run_after=None
[2024-05-29T01:16:48.765+0000] {logging_mixin.py:188} INFO - [2024-05-29T01:16:48.765+0000] {dag.py:3954} INFO - Setting next_dagrun for dataset_consumes_unknown_never_scheduled to None, run_after=None
[2024-05-29T01:16:48.769+0000] {logging_mixin.py:188} INFO - [2024-05-29T01:16:48.768+0000] {dag.py:3954} INFO - Setting next_dagrun for dataset_produces_1 to 2024-05-28 00:00:00+00:00, run_after=2024-05-29 00:00:00+00:00
[2024-05-29T01:16:48.771+0000] {logging_mixin.py:188} INFO - [2024-05-29T01:16:48.771+0000] {dag.py:3954} INFO - Setting next_dagrun for dataset_produces_2 to None, run_after=None
[2024-05-29T01:16:48.813+0000] {processor.py:183} INFO - Processing /home/airflow/.local/lib/python3.12/site-packages/airflow/example_dags/example_datasets.py took 0.177 seconds
[2024-05-29T01:17:19.539+0000] {processor.py:161} INFO - Started process (PID=967) to work on /home/airflow/.local/lib/python3.12/site-packages/airflow/example_dags/example_datasets.py
[2024-05-29T01:17:19.541+0000] {processor.py:830} INFO - Processing file /home/airflow/.local/lib/python3.12/site-packages/airflow/example_dags/example_datasets.py for tasks to queue
[2024-05-29T01:17:19.544+0000] {logging_mixin.py:188} INFO - [2024-05-29T01:17:19.543+0000] {dagbag.py:545} INFO - Filling up the DagBag from /home/airflow/.local/lib/python3.12/site-packages/airflow/example_dags/example_datasets.py
[2024-05-29T01:17:19.557+0000] {processor.py:840} INFO - DAG(s) 'dataset_consumes_unknown_never_scheduled', 'consume_1_and_2_with_dataset_expressions', 'conditional_dataset_and_time_based_timetable', 'dataset_consumes_1', 'dataset_consumes_1_never_scheduled', 'dataset_produces_1', 'dataset_consumes_1_and_2', 'consume_1_or_both_2_and_3_with_dataset_expressions', 'consume_1_or_2_with_dataset_expressions', 'dataset_produces_2' retrieved from /home/airflow/.local/lib/python3.12/site-packages/airflow/example_dags/example_datasets.py
[2024-05-29T01:17:19.618+0000] {logging_mixin.py:188} INFO - [2024-05-29T01:17:19.618+0000] {dag.py:3096} INFO - Sync 10 DAGs
[2024-05-29T01:17:19.653+0000] {logging_mixin.py:188} INFO - [2024-05-29T01:17:19.653+0000] {dag.py:3954} INFO - Setting next_dagrun for conditional_dataset_and_time_based_timetable to 2024-05-29 01:00:00+00:00, run_after=2024-05-29 01:00:00+00:00
[2024-05-29T01:17:19.660+0000] {logging_mixin.py:188} INFO - [2024-05-29T01:17:19.660+0000] {dag.py:3954} INFO - Setting next_dagrun for consume_1_and_2_with_dataset_expressions to None, run_after=None
[2024-05-29T01:17:19.663+0000] {logging_mixin.py:188} INFO - [2024-05-29T01:17:19.663+0000] {dag.py:3954} INFO - Setting next_dagrun for consume_1_or_2_with_dataset_expressions to None, run_after=None
[2024-05-29T01:17:19.667+0000] {logging_mixin.py:188} INFO - [2024-05-29T01:17:19.666+0000] {dag.py:3954} INFO - Setting next_dagrun for consume_1_or_both_2_and_3_with_dataset_expressions to None, run_after=None
[2024-05-29T01:17:19.670+0000] {logging_mixin.py:188} INFO - [2024-05-29T01:17:19.669+0000] {dag.py:3954} INFO - Setting next_dagrun for dataset_consumes_1 to None, run_after=None
[2024-05-29T01:17:19.673+0000] {logging_mixin.py:188} INFO - [2024-05-29T01:17:19.672+0000] {dag.py:3954} INFO - Setting next_dagrun for dataset_consumes_1_and_2 to None, run_after=None
[2024-05-29T01:17:19.675+0000] {logging_mixin.py:188} INFO - [2024-05-29T01:17:19.675+0000] {dag.py:3954} INFO - Setting next_dagrun for dataset_consumes_1_never_scheduled to None, run_after=None
[2024-05-29T01:17:19.678+0000] {logging_mixin.py:188} INFO - [2024-05-29T01:17:19.678+0000] {dag.py:3954} INFO - Setting next_dagrun for dataset_consumes_unknown_never_scheduled to None, run_after=None
[2024-05-29T01:17:19.681+0000] {logging_mixin.py:188} INFO - [2024-05-29T01:17:19.681+0000] {dag.py:3954} INFO - Setting next_dagrun for dataset_produces_1 to 2024-05-28 00:00:00+00:00, run_after=2024-05-29 00:00:00+00:00
[2024-05-29T01:17:19.683+0000] {logging_mixin.py:188} INFO - [2024-05-29T01:17:19.683+0000] {dag.py:3954} INFO - Setting next_dagrun for dataset_produces_2 to None, run_after=None
[2024-05-29T01:17:19.728+0000] {processor.py:183} INFO - Processing /home/airflow/.local/lib/python3.12/site-packages/airflow/example_dags/example_datasets.py took 0.196 seconds
[2024-05-29T01:17:50.328+0000] {processor.py:161} INFO - Started process (PID=1029) to work on /home/airflow/.local/lib/python3.12/site-packages/airflow/example_dags/example_datasets.py
[2024-05-29T01:17:50.330+0000] {processor.py:830} INFO - Processing file /home/airflow/.local/lib/python3.12/site-packages/airflow/example_dags/example_datasets.py for tasks to queue
[2024-05-29T01:17:50.332+0000] {logging_mixin.py:188} INFO - [2024-05-29T01:17:50.332+0000] {dagbag.py:545} INFO - Filling up the DagBag from /home/airflow/.local/lib/python3.12/site-packages/airflow/example_dags/example_datasets.py
[2024-05-29T01:17:50.345+0000] {processor.py:840} INFO - DAG(s) 'consume_1_or_both_2_and_3_with_dataset_expressions', 'consume_1_or_2_with_dataset_expressions', 'dataset_consumes_1_and_2', 'dataset_consumes_unknown_never_scheduled', 'dataset_consumes_1', 'dataset_consumes_1_never_scheduled', 'consume_1_and_2_with_dataset_expressions', 'conditional_dataset_and_time_based_timetable', 'dataset_produces_2', 'dataset_produces_1' retrieved from /home/airflow/.local/lib/python3.12/site-packages/airflow/example_dags/example_datasets.py
[2024-05-29T01:17:50.399+0000] {logging_mixin.py:188} INFO - [2024-05-29T01:17:50.399+0000] {dag.py:3096} INFO - Sync 10 DAGs
[2024-05-29T01:17:50.431+0000] {logging_mixin.py:188} INFO - [2024-05-29T01:17:50.431+0000] {dag.py:3954} INFO - Setting next_dagrun for conditional_dataset_and_time_based_timetable to 2024-05-29 01:00:00+00:00, run_after=2024-05-29 01:00:00+00:00
[2024-05-29T01:17:50.437+0000] {logging_mixin.py:188} INFO - [2024-05-29T01:17:50.436+0000] {dag.py:3954} INFO - Setting next_dagrun for consume_1_and_2_with_dataset_expressions to None, run_after=None
[2024-05-29T01:17:50.439+0000] {logging_mixin.py:188} INFO - [2024-05-29T01:17:50.439+0000] {dag.py:3954} INFO - Setting next_dagrun for consume_1_or_2_with_dataset_expressions to None, run_after=None
[2024-05-29T01:17:50.442+0000] {logging_mixin.py:188} INFO - [2024-05-29T01:17:50.442+0000] {dag.py:3954} INFO - Setting next_dagrun for consume_1_or_both_2_and_3_with_dataset_expressions to None, run_after=None
[2024-05-29T01:17:50.444+0000] {logging_mixin.py:188} INFO - [2024-05-29T01:17:50.444+0000] {dag.py:3954} INFO - Setting next_dagrun for dataset_consumes_1 to None, run_after=None
[2024-05-29T01:17:50.447+0000] {logging_mixin.py:188} INFO - [2024-05-29T01:17:50.446+0000] {dag.py:3954} INFO - Setting next_dagrun for dataset_consumes_1_and_2 to None, run_after=None
[2024-05-29T01:17:50.449+0000] {logging_mixin.py:188} INFO - [2024-05-29T01:17:50.449+0000] {dag.py:3954} INFO - Setting next_dagrun for dataset_consumes_1_never_scheduled to None, run_after=None
[2024-05-29T01:17:50.452+0000] {logging_mixin.py:188} INFO - [2024-05-29T01:17:50.452+0000] {dag.py:3954} INFO - Setting next_dagrun for dataset_consumes_unknown_never_scheduled to None, run_after=None
[2024-05-29T01:17:50.456+0000] {logging_mixin.py:188} INFO - [2024-05-29T01:17:50.456+0000] {dag.py:3954} INFO - Setting next_dagrun for dataset_produces_1 to 2024-05-28 00:00:00+00:00, run_after=2024-05-29 00:00:00+00:00
[2024-05-29T01:17:50.459+0000] {logging_mixin.py:188} INFO - [2024-05-29T01:17:50.459+0000] {dag.py:3954} INFO - Setting next_dagrun for dataset_produces_2 to None, run_after=None
[2024-05-29T01:17:50.509+0000] {processor.py:183} INFO - Processing /home/airflow/.local/lib/python3.12/site-packages/airflow/example_dags/example_datasets.py took 0.186 seconds
[2024-05-29T01:18:20.722+0000] {processor.py:161} INFO - Started process (PID=1089) to work on /home/airflow/.local/lib/python3.12/site-packages/airflow/example_dags/example_datasets.py
[2024-05-29T01:18:20.724+0000] {processor.py:830} INFO - Processing file /home/airflow/.local/lib/python3.12/site-packages/airflow/example_dags/example_datasets.py for tasks to queue
[2024-05-29T01:18:20.726+0000] {logging_mixin.py:188} INFO - [2024-05-29T01:18:20.726+0000] {dagbag.py:545} INFO - Filling up the DagBag from /home/airflow/.local/lib/python3.12/site-packages/airflow/example_dags/example_datasets.py
[2024-05-29T01:18:20.746+0000] {processor.py:840} INFO - DAG(s) 'dataset_consumes_unknown_never_scheduled', 'dataset_consumes_1_and_2', 'dataset_produces_2', 'dataset_consumes_1_never_scheduled', 'dataset_produces_1', 'consume_1_or_2_with_dataset_expressions', 'conditional_dataset_and_time_based_timetable', 'consume_1_or_both_2_and_3_with_dataset_expressions', 'consume_1_and_2_with_dataset_expressions', 'dataset_consumes_1' retrieved from /home/airflow/.local/lib/python3.12/site-packages/airflow/example_dags/example_datasets.py
[2024-05-29T01:18:20.813+0000] {logging_mixin.py:188} INFO - [2024-05-29T01:18:20.812+0000] {dag.py:3096} INFO - Sync 10 DAGs
[2024-05-29T01:18:20.846+0000] {logging_mixin.py:188} INFO - [2024-05-29T01:18:20.845+0000] {dag.py:3954} INFO - Setting next_dagrun for conditional_dataset_and_time_based_timetable to 2024-05-29 01:00:00+00:00, run_after=2024-05-29 01:00:00+00:00
[2024-05-29T01:18:20.850+0000] {logging_mixin.py:188} INFO - [2024-05-29T01:18:20.850+0000] {dag.py:3954} INFO - Setting next_dagrun for consume_1_and_2_with_dataset_expressions to None, run_after=None
[2024-05-29T01:18:20.852+0000] {logging_mixin.py:188} INFO - [2024-05-29T01:18:20.852+0000] {dag.py:3954} INFO - Setting next_dagrun for consume_1_or_2_with_dataset_expressions to None, run_after=None
[2024-05-29T01:18:20.855+0000] {logging_mixin.py:188} INFO - [2024-05-29T01:18:20.854+0000] {dag.py:3954} INFO - Setting next_dagrun for consume_1_or_both_2_and_3_with_dataset_expressions to None, run_after=None
[2024-05-29T01:18:20.858+0000] {logging_mixin.py:188} INFO - [2024-05-29T01:18:20.858+0000] {dag.py:3954} INFO - Setting next_dagrun for dataset_consumes_1 to None, run_after=None
[2024-05-29T01:18:20.860+0000] {logging_mixin.py:188} INFO - [2024-05-29T01:18:20.860+0000] {dag.py:3954} INFO - Setting next_dagrun for dataset_consumes_1_and_2 to None, run_after=None
[2024-05-29T01:18:20.862+0000] {logging_mixin.py:188} INFO - [2024-05-29T01:18:20.862+0000] {dag.py:3954} INFO - Setting next_dagrun for dataset_consumes_1_never_scheduled to None, run_after=None
[2024-05-29T01:18:20.864+0000] {logging_mixin.py:188} INFO - [2024-05-29T01:18:20.864+0000] {dag.py:3954} INFO - Setting next_dagrun for dataset_consumes_unknown_never_scheduled to None, run_after=None
[2024-05-29T01:18:20.868+0000] {logging_mixin.py:188} INFO - [2024-05-29T01:18:20.867+0000] {dag.py:3954} INFO - Setting next_dagrun for dataset_produces_1 to 2024-05-28 00:00:00+00:00, run_after=2024-05-29 00:00:00+00:00
[2024-05-29T01:18:20.870+0000] {logging_mixin.py:188} INFO - [2024-05-29T01:18:20.870+0000] {dag.py:3954} INFO - Setting next_dagrun for dataset_produces_2 to None, run_after=None
[2024-05-29T01:18:20.914+0000] {processor.py:183} INFO - Processing /home/airflow/.local/lib/python3.12/site-packages/airflow/example_dags/example_datasets.py took 0.198 seconds
[2024-05-29T01:18:51.078+0000] {processor.py:161} INFO - Started process (PID=1152) to work on /home/airflow/.local/lib/python3.12/site-packages/airflow/example_dags/example_datasets.py
[2024-05-29T01:18:51.079+0000] {processor.py:830} INFO - Processing file /home/airflow/.local/lib/python3.12/site-packages/airflow/example_dags/example_datasets.py for tasks to queue
[2024-05-29T01:18:51.081+0000] {logging_mixin.py:188} INFO - [2024-05-29T01:18:51.081+0000] {dagbag.py:545} INFO - Filling up the DagBag from /home/airflow/.local/lib/python3.12/site-packages/airflow/example_dags/example_datasets.py
[2024-05-29T01:18:51.094+0000] {processor.py:840} INFO - DAG(s) 'dataset_produces_1', 'dataset_consumes_1', 'consume_1_or_both_2_and_3_with_dataset_expressions', 'consume_1_or_2_with_dataset_expressions', 'dataset_consumes_unknown_never_scheduled', 'dataset_produces_2', 'dataset_consumes_1_and_2', 'conditional_dataset_and_time_based_timetable', 'consume_1_and_2_with_dataset_expressions', 'dataset_consumes_1_never_scheduled' retrieved from /home/airflow/.local/lib/python3.12/site-packages/airflow/example_dags/example_datasets.py
[2024-05-29T01:18:51.146+0000] {logging_mixin.py:188} INFO - [2024-05-29T01:18:51.145+0000] {dag.py:3096} INFO - Sync 10 DAGs
[2024-05-29T01:18:51.176+0000] {logging_mixin.py:188} INFO - [2024-05-29T01:18:51.176+0000] {dag.py:3954} INFO - Setting next_dagrun for conditional_dataset_and_time_based_timetable to 2024-05-29 01:00:00+00:00, run_after=2024-05-29 01:00:00+00:00
[2024-05-29T01:18:51.181+0000] {logging_mixin.py:188} INFO - [2024-05-29T01:18:51.181+0000] {dag.py:3954} INFO - Setting next_dagrun for consume_1_and_2_with_dataset_expressions to None, run_after=None
[2024-05-29T01:18:51.184+0000] {logging_mixin.py:188} INFO - [2024-05-29T01:18:51.184+0000] {dag.py:3954} INFO - Setting next_dagrun for consume_1_or_2_with_dataset_expressions to None, run_after=None
[2024-05-29T01:18:51.187+0000] {logging_mixin.py:188} INFO - [2024-05-29T01:18:51.187+0000] {dag.py:3954} INFO - Setting next_dagrun for consume_1_or_both_2_and_3_with_dataset_expressions to None, run_after=None
[2024-05-29T01:18:51.189+0000] {logging_mixin.py:188} INFO - [2024-05-29T01:18:51.189+0000] {dag.py:3954} INFO - Setting next_dagrun for dataset_consumes_1 to None, run_after=None
[2024-05-29T01:18:51.191+0000] {logging_mixin.py:188} INFO - [2024-05-29T01:18:51.191+0000] {dag.py:3954} INFO - Setting next_dagrun for dataset_consumes_1_and_2 to None, run_after=None
[2024-05-29T01:18:51.194+0000] {logging_mixin.py:188} INFO - [2024-05-29T01:18:51.193+0000] {dag.py:3954} INFO - Setting next_dagrun for dataset_consumes_1_never_scheduled to None, run_after=None
[2024-05-29T01:18:51.196+0000] {logging_mixin.py:188} INFO - [2024-05-29T01:18:51.195+0000] {dag.py:3954} INFO - Setting next_dagrun for dataset_consumes_unknown_never_scheduled to None, run_after=None
[2024-05-29T01:18:51.199+0000] {logging_mixin.py:188} INFO - [2024-05-29T01:18:51.199+0000] {dag.py:3954} INFO - Setting next_dagrun for dataset_produces_1 to 2024-05-28 00:00:00+00:00, run_after=2024-05-29 00:00:00+00:00
[2024-05-29T01:18:51.202+0000] {logging_mixin.py:188} INFO - [2024-05-29T01:18:51.202+0000] {dag.py:3954} INFO - Setting next_dagrun for dataset_produces_2 to None, run_after=None
[2024-05-29T01:18:51.246+0000] {processor.py:183} INFO - Processing /home/airflow/.local/lib/python3.12/site-packages/airflow/example_dags/example_datasets.py took 0.173 seconds
[2024-05-29T01:19:22.132+0000] {processor.py:161} INFO - Started process (PID=1211) to work on /home/airflow/.local/lib/python3.12/site-packages/airflow/example_dags/example_datasets.py
[2024-05-29T01:19:22.133+0000] {processor.py:830} INFO - Processing file /home/airflow/.local/lib/python3.12/site-packages/airflow/example_dags/example_datasets.py for tasks to queue
[2024-05-29T01:19:22.136+0000] {logging_mixin.py:188} INFO - [2024-05-29T01:19:22.135+0000] {dagbag.py:545} INFO - Filling up the DagBag from /home/airflow/.local/lib/python3.12/site-packages/airflow/example_dags/example_datasets.py
[2024-05-29T01:19:22.155+0000] {processor.py:840} INFO - DAG(s) 'consume_1_and_2_with_dataset_expressions', 'dataset_consumes_1_and_2', 'dataset_produces_2', 'consume_1_or_2_with_dataset_expressions', 'consume_1_or_both_2_and_3_with_dataset_expressions', 'dataset_consumes_unknown_never_scheduled', 'conditional_dataset_and_time_based_timetable', 'dataset_consumes_1', 'dataset_produces_1', 'dataset_consumes_1_never_scheduled' retrieved from /home/airflow/.local/lib/python3.12/site-packages/airflow/example_dags/example_datasets.py
[2024-05-29T01:19:22.229+0000] {logging_mixin.py:188} INFO - [2024-05-29T01:19:22.228+0000] {dag.py:3096} INFO - Sync 10 DAGs
[2024-05-29T01:19:22.271+0000] {logging_mixin.py:188} INFO - [2024-05-29T01:19:22.271+0000] {dag.py:3954} INFO - Setting next_dagrun for conditional_dataset_and_time_based_timetable to 2024-05-29 01:00:00+00:00, run_after=2024-05-29 01:00:00+00:00
[2024-05-29T01:19:22.280+0000] {logging_mixin.py:188} INFO - [2024-05-29T01:19:22.280+0000] {dag.py:3954} INFO - Setting next_dagrun for consume_1_and_2_with_dataset_expressions to None, run_after=None
[2024-05-29T01:19:22.282+0000] {logging_mixin.py:188} INFO - [2024-05-29T01:19:22.282+0000] {dag.py:3954} INFO - Setting next_dagrun for consume_1_or_2_with_dataset_expressions to None, run_after=None
[2024-05-29T01:19:22.283+0000] {logging_mixin.py:188} INFO - [2024-05-29T01:19:22.283+0000] {dag.py:3954} INFO - Setting next_dagrun for consume_1_or_both_2_and_3_with_dataset_expressions to None, run_after=None
[2024-05-29T01:19:22.285+0000] {logging_mixin.py:188} INFO - [2024-05-29T01:19:22.285+0000] {dag.py:3954} INFO - Setting next_dagrun for dataset_consumes_1 to None, run_after=None
[2024-05-29T01:19:22.288+0000] {logging_mixin.py:188} INFO - [2024-05-29T01:19:22.288+0000] {dag.py:3954} INFO - Setting next_dagrun for dataset_consumes_1_and_2 to None, run_after=None
[2024-05-29T01:19:22.291+0000] {logging_mixin.py:188} INFO - [2024-05-29T01:19:22.291+0000] {dag.py:3954} INFO - Setting next_dagrun for dataset_consumes_1_never_scheduled to None, run_after=None
[2024-05-29T01:19:22.294+0000] {logging_mixin.py:188} INFO - [2024-05-29T01:19:22.293+0000] {dag.py:3954} INFO - Setting next_dagrun for dataset_consumes_unknown_never_scheduled to None, run_after=None
[2024-05-29T01:19:22.296+0000] {logging_mixin.py:188} INFO - [2024-05-29T01:19:22.296+0000] {dag.py:3954} INFO - Setting next_dagrun for dataset_produces_1 to 2024-05-28 00:00:00+00:00, run_after=2024-05-29 00:00:00+00:00
[2024-05-29T01:19:22.298+0000] {logging_mixin.py:188} INFO - [2024-05-29T01:19:22.298+0000] {dag.py:3954} INFO - Setting next_dagrun for dataset_produces_2 to None, run_after=None
[2024-05-29T01:19:22.340+0000] {processor.py:183} INFO - Processing /home/airflow/.local/lib/python3.12/site-packages/airflow/example_dags/example_datasets.py took 0.215 seconds
[2024-05-29T01:19:52.739+0000] {processor.py:161} INFO - Started process (PID=1271) to work on /home/airflow/.local/lib/python3.12/site-packages/airflow/example_dags/example_datasets.py
[2024-05-29T01:19:52.740+0000] {processor.py:830} INFO - Processing file /home/airflow/.local/lib/python3.12/site-packages/airflow/example_dags/example_datasets.py for tasks to queue
[2024-05-29T01:19:52.742+0000] {logging_mixin.py:188} INFO - [2024-05-29T01:19:52.742+0000] {dagbag.py:545} INFO - Filling up the DagBag from /home/airflow/.local/lib/python3.12/site-packages/airflow/example_dags/example_datasets.py
[2024-05-29T01:19:52.757+0000] {processor.py:840} INFO - DAG(s) 'dataset_consumes_1', 'dataset_consumes_unknown_never_scheduled', 'consume_1_and_2_with_dataset_expressions', 'consume_1_or_2_with_dataset_expressions', 'consume_1_or_both_2_and_3_with_dataset_expressions', 'dataset_consumes_1_never_scheduled', 'dataset_consumes_1_and_2', 'conditional_dataset_and_time_based_timetable', 'dataset_produces_2', 'dataset_produces_1' retrieved from /home/airflow/.local/lib/python3.12/site-packages/airflow/example_dags/example_datasets.py
[2024-05-29T01:19:52.817+0000] {logging_mixin.py:188} INFO - [2024-05-29T01:19:52.817+0000] {dag.py:3096} INFO - Sync 10 DAGs
[2024-05-29T01:19:52.846+0000] {logging_mixin.py:188} INFO - [2024-05-29T01:19:52.846+0000] {dag.py:3954} INFO - Setting next_dagrun for conditional_dataset_and_time_based_timetable to 2024-05-29 01:00:00+00:00, run_after=2024-05-29 01:00:00+00:00
[2024-05-29T01:19:52.852+0000] {logging_mixin.py:188} INFO - [2024-05-29T01:19:52.852+0000] {dag.py:3954} INFO - Setting next_dagrun for consume_1_and_2_with_dataset_expressions to None, run_after=None
[2024-05-29T01:19:52.855+0000] {logging_mixin.py:188} INFO - [2024-05-29T01:19:52.854+0000] {dag.py:3954} INFO - Setting next_dagrun for consume_1_or_2_with_dataset_expressions to None, run_after=None
[2024-05-29T01:19:52.858+0000] {logging_mixin.py:188} INFO - [2024-05-29T01:19:52.857+0000] {dag.py:3954} INFO - Setting next_dagrun for consume_1_or_both_2_and_3_with_dataset_expressions to None, run_after=None
[2024-05-29T01:19:52.860+0000] {logging_mixin.py:188} INFO - [2024-05-29T01:19:52.860+0000] {dag.py:3954} INFO - Setting next_dagrun for dataset_consumes_1 to None, run_after=None
[2024-05-29T01:19:52.862+0000] {logging_mixin.py:188} INFO - [2024-05-29T01:19:52.862+0000] {dag.py:3954} INFO - Setting next_dagrun for dataset_consumes_1_and_2 to None, run_after=None
[2024-05-29T01:19:52.864+0000] {logging_mixin.py:188} INFO - [2024-05-29T01:19:52.864+0000] {dag.py:3954} INFO - Setting next_dagrun for dataset_consumes_1_never_scheduled to None, run_after=None
[2024-05-29T01:19:52.867+0000] {logging_mixin.py:188} INFO - [2024-05-29T01:19:52.866+0000] {dag.py:3954} INFO - Setting next_dagrun for dataset_consumes_unknown_never_scheduled to None, run_after=None
[2024-05-29T01:19:52.870+0000] {logging_mixin.py:188} INFO - [2024-05-29T01:19:52.870+0000] {dag.py:3954} INFO - Setting next_dagrun for dataset_produces_1 to 2024-05-28 00:00:00+00:00, run_after=2024-05-29 00:00:00+00:00
[2024-05-29T01:19:52.873+0000] {logging_mixin.py:188} INFO - [2024-05-29T01:19:52.873+0000] {dag.py:3954} INFO - Setting next_dagrun for dataset_produces_2 to None, run_after=None
[2024-05-29T01:19:52.920+0000] {processor.py:183} INFO - Processing /home/airflow/.local/lib/python3.12/site-packages/airflow/example_dags/example_datasets.py took 0.188 seconds
[2024-05-29T01:20:22.986+0000] {processor.py:161} INFO - Started process (PID=1331) to work on /home/airflow/.local/lib/python3.12/site-packages/airflow/example_dags/example_datasets.py
[2024-05-29T01:20:22.988+0000] {processor.py:830} INFO - Processing file /home/airflow/.local/lib/python3.12/site-packages/airflow/example_dags/example_datasets.py for tasks to queue
[2024-05-29T01:20:22.990+0000] {logging_mixin.py:188} INFO - [2024-05-29T01:20:22.990+0000] {dagbag.py:545} INFO - Filling up the DagBag from /home/airflow/.local/lib/python3.12/site-packages/airflow/example_dags/example_datasets.py
[2024-05-29T01:20:23.006+0000] {processor.py:840} INFO - DAG(s) 'dataset_consumes_1_never_scheduled', 'dataset_consumes_1', 'consume_1_and_2_with_dataset_expressions', 'consume_1_or_2_with_dataset_expressions', 'dataset_consumes_1_and_2', 'dataset_consumes_unknown_never_scheduled', 'dataset_produces_2', 'dataset_produces_1', 'consume_1_or_both_2_and_3_with_dataset_expressions', 'conditional_dataset_and_time_based_timetable' retrieved from /home/airflow/.local/lib/python3.12/site-packages/airflow/example_dags/example_datasets.py
[2024-05-29T01:20:23.066+0000] {logging_mixin.py:188} INFO - [2024-05-29T01:20:23.066+0000] {dag.py:3096} INFO - Sync 10 DAGs
[2024-05-29T01:20:23.092+0000] {logging_mixin.py:188} INFO - [2024-05-29T01:20:23.092+0000] {dag.py:3954} INFO - Setting next_dagrun for conditional_dataset_and_time_based_timetable to 2024-05-29 01:00:00+00:00, run_after=2024-05-29 01:00:00+00:00
[2024-05-29T01:20:23.097+0000] {logging_mixin.py:188} INFO - [2024-05-29T01:20:23.097+0000] {dag.py:3954} INFO - Setting next_dagrun for consume_1_and_2_with_dataset_expressions to None, run_after=None
[2024-05-29T01:20:23.100+0000] {logging_mixin.py:188} INFO - [2024-05-29T01:20:23.100+0000] {dag.py:3954} INFO - Setting next_dagrun for consume_1_or_2_with_dataset_expressions to None, run_after=None
[2024-05-29T01:20:23.102+0000] {logging_mixin.py:188} INFO - [2024-05-29T01:20:23.102+0000] {dag.py:3954} INFO - Setting next_dagrun for consume_1_or_both_2_and_3_with_dataset_expressions to None, run_after=None
[2024-05-29T01:20:23.104+0000] {logging_mixin.py:188} INFO - [2024-05-29T01:20:23.104+0000] {dag.py:3954} INFO - Setting next_dagrun for dataset_consumes_1 to None, run_after=None
[2024-05-29T01:20:23.107+0000] {logging_mixin.py:188} INFO - [2024-05-29T01:20:23.107+0000] {dag.py:3954} INFO - Setting next_dagrun for dataset_consumes_1_and_2 to None, run_after=None
[2024-05-29T01:20:23.109+0000] {logging_mixin.py:188} INFO - [2024-05-29T01:20:23.109+0000] {dag.py:3954} INFO - Setting next_dagrun for dataset_consumes_1_never_scheduled to None, run_after=None
[2024-05-29T01:20:23.112+0000] {logging_mixin.py:188} INFO - [2024-05-29T01:20:23.112+0000] {dag.py:3954} INFO - Setting next_dagrun for dataset_consumes_unknown_never_scheduled to None, run_after=None
[2024-05-29T01:20:23.116+0000] {logging_mixin.py:188} INFO - [2024-05-29T01:20:23.116+0000] {dag.py:3954} INFO - Setting next_dagrun for dataset_produces_1 to 2024-05-28 00:00:00+00:00, run_after=2024-05-29 00:00:00+00:00
[2024-05-29T01:20:23.118+0000] {logging_mixin.py:188} INFO - [2024-05-29T01:20:23.118+0000] {dag.py:3954} INFO - Setting next_dagrun for dataset_produces_2 to None, run_after=None
[2024-05-29T01:20:23.163+0000] {processor.py:183} INFO - Processing /home/airflow/.local/lib/python3.12/site-packages/airflow/example_dags/example_datasets.py took 0.182 seconds
[2024-05-29T01:22:17.926+0000] {processor.py:161} INFO - Started process (PID=1391) to work on /home/airflow/.local/lib/python3.12/site-packages/airflow/example_dags/example_datasets.py
[2024-05-29T01:22:17.943+0000] {processor.py:830} INFO - Processing file /home/airflow/.local/lib/python3.12/site-packages/airflow/example_dags/example_datasets.py for tasks to queue
[2024-05-29T01:22:17.947+0000] {logging_mixin.py:188} INFO - [2024-05-29T01:22:17.946+0000] {dagbag.py:545} INFO - Filling up the DagBag from /home/airflow/.local/lib/python3.12/site-packages/airflow/example_dags/example_datasets.py
[2024-05-29T01:22:18.046+0000] {processor.py:840} INFO - DAG(s) 'consume_1_and_2_with_dataset_expressions', 'dataset_consumes_unknown_never_scheduled', 'consume_1_or_both_2_and_3_with_dataset_expressions', 'dataset_produces_1', 'conditional_dataset_and_time_based_timetable', 'dataset_consumes_1_and_2', 'dataset_produces_2', 'dataset_consumes_1_never_scheduled', 'dataset_consumes_1', 'consume_1_or_2_with_dataset_expressions' retrieved from /home/airflow/.local/lib/python3.12/site-packages/airflow/example_dags/example_datasets.py
[2024-05-29T01:22:19.372+0000] {logging_mixin.py:188} INFO - [2024-05-29T01:22:19.371+0000] {dag.py:3096} INFO - Sync 10 DAGs
[2024-05-29T01:22:19.422+0000] {logging_mixin.py:188} INFO - [2024-05-29T01:22:19.422+0000] {dag.py:3954} INFO - Setting next_dagrun for conditional_dataset_and_time_based_timetable to 2024-05-29 01:00:00+00:00, run_after=2024-05-29 01:00:00+00:00
[2024-05-29T01:22:19.432+0000] {logging_mixin.py:188} INFO - [2024-05-29T01:22:19.431+0000] {dag.py:3954} INFO - Setting next_dagrun for consume_1_and_2_with_dataset_expressions to None, run_after=None
[2024-05-29T01:22:19.437+0000] {logging_mixin.py:188} INFO - [2024-05-29T01:22:19.435+0000] {dag.py:3954} INFO - Setting next_dagrun for consume_1_or_2_with_dataset_expressions to None, run_after=None
[2024-05-29T01:22:19.441+0000] {logging_mixin.py:188} INFO - [2024-05-29T01:22:19.441+0000] {dag.py:3954} INFO - Setting next_dagrun for consume_1_or_both_2_and_3_with_dataset_expressions to None, run_after=None
[2024-05-29T01:22:19.444+0000] {logging_mixin.py:188} INFO - [2024-05-29T01:22:19.444+0000] {dag.py:3954} INFO - Setting next_dagrun for dataset_consumes_1 to None, run_after=None
[2024-05-29T01:22:19.448+0000] {logging_mixin.py:188} INFO - [2024-05-29T01:22:19.448+0000] {dag.py:3954} INFO - Setting next_dagrun for dataset_consumes_1_and_2 to None, run_after=None
[2024-05-29T01:22:19.453+0000] {logging_mixin.py:188} INFO - [2024-05-29T01:22:19.452+0000] {dag.py:3954} INFO - Setting next_dagrun for dataset_consumes_1_never_scheduled to None, run_after=None
[2024-05-29T01:22:19.456+0000] {logging_mixin.py:188} INFO - [2024-05-29T01:22:19.456+0000] {dag.py:3954} INFO - Setting next_dagrun for dataset_consumes_unknown_never_scheduled to None, run_after=None
[2024-05-29T01:22:19.460+0000] {logging_mixin.py:188} INFO - [2024-05-29T01:22:19.460+0000] {dag.py:3954} INFO - Setting next_dagrun for dataset_produces_1 to 2024-05-28 00:00:00+00:00, run_after=2024-05-29 00:00:00+00:00
[2024-05-29T01:22:19.463+0000] {logging_mixin.py:188} INFO - [2024-05-29T01:22:19.463+0000] {dag.py:3954} INFO - Setting next_dagrun for dataset_produces_2 to None, run_after=None
[2024-05-29T01:22:19.531+0000] {processor.py:183} INFO - Processing /home/airflow/.local/lib/python3.12/site-packages/airflow/example_dags/example_datasets.py took 1.461 seconds
[2024-05-29T01:22:49.866+0000] {processor.py:161} INFO - Started process (PID=1451) to work on /home/airflow/.local/lib/python3.12/site-packages/airflow/example_dags/example_datasets.py
[2024-05-29T01:22:49.871+0000] {processor.py:830} INFO - Processing file /home/airflow/.local/lib/python3.12/site-packages/airflow/example_dags/example_datasets.py for tasks to queue
[2024-05-29T01:22:49.873+0000] {logging_mixin.py:188} INFO - [2024-05-29T01:22:49.872+0000] {dagbag.py:545} INFO - Filling up the DagBag from /home/airflow/.local/lib/python3.12/site-packages/airflow/example_dags/example_datasets.py
[2024-05-29T01:22:49.951+0000] {processor.py:840} INFO - DAG(s) 'dataset_consumes_1_and_2', 'dataset_consumes_unknown_never_scheduled', 'conditional_dataset_and_time_based_timetable', 'dataset_produces_1', 'dataset_consumes_1', 'dataset_consumes_1_never_scheduled', 'consume_1_or_both_2_and_3_with_dataset_expressions', 'consume_1_or_2_with_dataset_expressions', 'dataset_produces_2', 'consume_1_and_2_with_dataset_expressions' retrieved from /home/airflow/.local/lib/python3.12/site-packages/airflow/example_dags/example_datasets.py
[2024-05-29T01:22:50.090+0000] {logging_mixin.py:188} INFO - [2024-05-29T01:22:50.089+0000] {dag.py:3096} INFO - Sync 10 DAGs
[2024-05-29T01:22:50.150+0000] {logging_mixin.py:188} INFO - [2024-05-29T01:22:50.150+0000] {dag.py:3954} INFO - Setting next_dagrun for conditional_dataset_and_time_based_timetable to 2024-05-29 01:00:00+00:00, run_after=2024-05-29 01:00:00+00:00
[2024-05-29T01:22:50.158+0000] {logging_mixin.py:188} INFO - [2024-05-29T01:22:50.157+0000] {dag.py:3954} INFO - Setting next_dagrun for consume_1_and_2_with_dataset_expressions to None, run_after=None
[2024-05-29T01:22:50.165+0000] {logging_mixin.py:188} INFO - [2024-05-29T01:22:50.165+0000] {dag.py:3954} INFO - Setting next_dagrun for consume_1_or_2_with_dataset_expressions to None, run_after=None
[2024-05-29T01:22:50.169+0000] {logging_mixin.py:188} INFO - [2024-05-29T01:22:50.169+0000] {dag.py:3954} INFO - Setting next_dagrun for consume_1_or_both_2_and_3_with_dataset_expressions to None, run_after=None
[2024-05-29T01:22:50.181+0000] {logging_mixin.py:188} INFO - [2024-05-29T01:22:50.179+0000] {dag.py:3954} INFO - Setting next_dagrun for dataset_consumes_1 to None, run_after=None
[2024-05-29T01:22:50.184+0000] {logging_mixin.py:188} INFO - [2024-05-29T01:22:50.184+0000] {dag.py:3954} INFO - Setting next_dagrun for dataset_consumes_1_and_2 to None, run_after=None
[2024-05-29T01:22:50.187+0000] {logging_mixin.py:188} INFO - [2024-05-29T01:22:50.187+0000] {dag.py:3954} INFO - Setting next_dagrun for dataset_consumes_1_never_scheduled to None, run_after=None
[2024-05-29T01:22:50.190+0000] {logging_mixin.py:188} INFO - [2024-05-29T01:22:50.190+0000] {dag.py:3954} INFO - Setting next_dagrun for dataset_consumes_unknown_never_scheduled to None, run_after=None
[2024-05-29T01:22:50.200+0000] {logging_mixin.py:188} INFO - [2024-05-29T01:22:50.198+0000] {dag.py:3954} INFO - Setting next_dagrun for dataset_produces_1 to 2024-05-28 00:00:00+00:00, run_after=2024-05-29 00:00:00+00:00
[2024-05-29T01:22:50.207+0000] {logging_mixin.py:188} INFO - [2024-05-29T01:22:50.207+0000] {dag.py:3954} INFO - Setting next_dagrun for dataset_produces_2 to None, run_after=None
[2024-05-29T01:22:50.277+0000] {processor.py:183} INFO - Processing /home/airflow/.local/lib/python3.12/site-packages/airflow/example_dags/example_datasets.py took 0.431 seconds
[2024-05-29T01:27:46.885+0000] {processor.py:161} INFO - Started process (PID=57) to work on /home/airflow/.local/lib/python3.12/site-packages/airflow/example_dags/example_datasets.py
[2024-05-29T01:27:46.886+0000] {processor.py:830} INFO - Processing file /home/airflow/.local/lib/python3.12/site-packages/airflow/example_dags/example_datasets.py for tasks to queue
[2024-05-29T01:27:46.895+0000] {logging_mixin.py:188} INFO - [2024-05-29T01:27:46.891+0000] {dagbag.py:545} INFO - Filling up the DagBag from /home/airflow/.local/lib/python3.12/site-packages/airflow/example_dags/example_datasets.py
[2024-05-29T01:27:47.016+0000] {processor.py:840} INFO - DAG(s) 'conditional_dataset_and_time_based_timetable', 'dataset_consumes_1', 'dataset_consumes_1_never_scheduled', 'dataset_produces_1', 'dataset_produces_2', 'dataset_consumes_1_and_2', 'consume_1_or_both_2_and_3_with_dataset_expressions', 'dataset_consumes_unknown_never_scheduled', 'consume_1_and_2_with_dataset_expressions', 'consume_1_or_2_with_dataset_expressions' retrieved from /home/airflow/.local/lib/python3.12/site-packages/airflow/example_dags/example_datasets.py
[2024-05-29T01:27:47.211+0000] {logging_mixin.py:188} INFO - [2024-05-29T01:27:47.211+0000] {dag.py:3096} INFO - Sync 10 DAGs
[2024-05-29T01:27:47.283+0000] {logging_mixin.py:188} INFO - [2024-05-29T01:27:47.282+0000] {dag.py:3954} INFO - Setting next_dagrun for conditional_dataset_and_time_based_timetable to 2024-05-29 01:00:00+00:00, run_after=2024-05-29 01:00:00+00:00
[2024-05-29T01:27:47.291+0000] {logging_mixin.py:188} INFO - [2024-05-29T01:27:47.291+0000] {dag.py:3954} INFO - Setting next_dagrun for consume_1_and_2_with_dataset_expressions to None, run_after=None
[2024-05-29T01:27:47.294+0000] {logging_mixin.py:188} INFO - [2024-05-29T01:27:47.294+0000] {dag.py:3954} INFO - Setting next_dagrun for consume_1_or_2_with_dataset_expressions to None, run_after=None
[2024-05-29T01:27:47.296+0000] {logging_mixin.py:188} INFO - [2024-05-29T01:27:47.295+0000] {dag.py:3954} INFO - Setting next_dagrun for consume_1_or_both_2_and_3_with_dataset_expressions to None, run_after=None
[2024-05-29T01:27:47.297+0000] {logging_mixin.py:188} INFO - [2024-05-29T01:27:47.297+0000] {dag.py:3954} INFO - Setting next_dagrun for dataset_consumes_1 to None, run_after=None
[2024-05-29T01:27:47.299+0000] {logging_mixin.py:188} INFO - [2024-05-29T01:27:47.299+0000] {dag.py:3954} INFO - Setting next_dagrun for dataset_consumes_1_and_2 to None, run_after=None
[2024-05-29T01:27:47.301+0000] {logging_mixin.py:188} INFO - [2024-05-29T01:27:47.301+0000] {dag.py:3954} INFO - Setting next_dagrun for dataset_consumes_1_never_scheduled to None, run_after=None
[2024-05-29T01:27:47.303+0000] {logging_mixin.py:188} INFO - [2024-05-29T01:27:47.303+0000] {dag.py:3954} INFO - Setting next_dagrun for dataset_consumes_unknown_never_scheduled to None, run_after=None
[2024-05-29T01:27:47.306+0000] {logging_mixin.py:188} INFO - [2024-05-29T01:27:47.306+0000] {dag.py:3954} INFO - Setting next_dagrun for dataset_produces_1 to 2024-05-28 00:00:00+00:00, run_after=2024-05-29 00:00:00+00:00
[2024-05-29T01:27:47.308+0000] {logging_mixin.py:188} INFO - [2024-05-29T01:27:47.308+0000] {dag.py:3954} INFO - Setting next_dagrun for dataset_produces_2 to None, run_after=None
[2024-05-29T01:27:47.368+0000] {processor.py:183} INFO - Processing /home/airflow/.local/lib/python3.12/site-packages/airflow/example_dags/example_datasets.py took 0.505 seconds
[2024-05-29T01:28:17.603+0000] {processor.py:161} INFO - Started process (PID=116) to work on /home/airflow/.local/lib/python3.12/site-packages/airflow/example_dags/example_datasets.py
[2024-05-29T01:28:17.605+0000] {processor.py:830} INFO - Processing file /home/airflow/.local/lib/python3.12/site-packages/airflow/example_dags/example_datasets.py for tasks to queue
[2024-05-29T01:28:17.608+0000] {logging_mixin.py:188} INFO - [2024-05-29T01:28:17.607+0000] {dagbag.py:545} INFO - Filling up the DagBag from /home/airflow/.local/lib/python3.12/site-packages/airflow/example_dags/example_datasets.py
[2024-05-29T01:28:17.623+0000] {processor.py:840} INFO - DAG(s) 'dataset_produces_1', 'consume_1_and_2_with_dataset_expressions', 'dataset_consumes_unknown_never_scheduled', 'dataset_produces_2', 'consume_1_or_2_with_dataset_expressions', 'dataset_consumes_1', 'dataset_consumes_1_and_2', 'dataset_consumes_1_never_scheduled', 'conditional_dataset_and_time_based_timetable', 'consume_1_or_both_2_and_3_with_dataset_expressions' retrieved from /home/airflow/.local/lib/python3.12/site-packages/airflow/example_dags/example_datasets.py
[2024-05-29T01:28:17.670+0000] {logging_mixin.py:188} INFO - [2024-05-29T01:28:17.669+0000] {dag.py:3096} INFO - Sync 10 DAGs
[2024-05-29T01:28:17.696+0000] {logging_mixin.py:188} INFO - [2024-05-29T01:28:17.695+0000] {dag.py:3954} INFO - Setting next_dagrun for conditional_dataset_and_time_based_timetable to 2024-05-29 01:00:00+00:00, run_after=2024-05-29 01:00:00+00:00
[2024-05-29T01:28:17.699+0000] {logging_mixin.py:188} INFO - [2024-05-29T01:28:17.699+0000] {dag.py:3954} INFO - Setting next_dagrun for consume_1_and_2_with_dataset_expressions to None, run_after=None
[2024-05-29T01:28:17.701+0000] {logging_mixin.py:188} INFO - [2024-05-29T01:28:17.701+0000] {dag.py:3954} INFO - Setting next_dagrun for consume_1_or_2_with_dataset_expressions to None, run_after=None
[2024-05-29T01:28:17.702+0000] {logging_mixin.py:188} INFO - [2024-05-29T01:28:17.702+0000] {dag.py:3954} INFO - Setting next_dagrun for consume_1_or_both_2_and_3_with_dataset_expressions to None, run_after=None
[2024-05-29T01:28:17.704+0000] {logging_mixin.py:188} INFO - [2024-05-29T01:28:17.704+0000] {dag.py:3954} INFO - Setting next_dagrun for dataset_consumes_1 to None, run_after=None
[2024-05-29T01:28:17.706+0000] {logging_mixin.py:188} INFO - [2024-05-29T01:28:17.706+0000] {dag.py:3954} INFO - Setting next_dagrun for dataset_consumes_1_and_2 to None, run_after=None
[2024-05-29T01:28:17.709+0000] {logging_mixin.py:188} INFO - [2024-05-29T01:28:17.708+0000] {dag.py:3954} INFO - Setting next_dagrun for dataset_consumes_1_never_scheduled to None, run_after=None
[2024-05-29T01:28:17.711+0000] {logging_mixin.py:188} INFO - [2024-05-29T01:28:17.710+0000] {dag.py:3954} INFO - Setting next_dagrun for dataset_consumes_unknown_never_scheduled to None, run_after=None
[2024-05-29T01:28:17.713+0000] {logging_mixin.py:188} INFO - [2024-05-29T01:28:17.713+0000] {dag.py:3954} INFO - Setting next_dagrun for dataset_produces_1 to 2024-05-28 00:00:00+00:00, run_after=2024-05-29 00:00:00+00:00
[2024-05-29T01:28:17.715+0000] {logging_mixin.py:188} INFO - [2024-05-29T01:28:17.714+0000] {dag.py:3954} INFO - Setting next_dagrun for dataset_produces_2 to None, run_after=None
[2024-05-29T01:28:17.753+0000] {processor.py:183} INFO - Processing /home/airflow/.local/lib/python3.12/site-packages/airflow/example_dags/example_datasets.py took 0.156 seconds
