[2024-05-29T01:09:40.394+0000] {processor.py:161} INFO - Started process (PID=65) to work on /home/airflow/.local/lib/python3.12/site-packages/airflow/example_dags/example_branch_operator.py
[2024-05-29T01:09:40.396+0000] {processor.py:830} INFO - Processing file /home/airflow/.local/lib/python3.12/site-packages/airflow/example_dags/example_branch_operator.py for tasks to queue
[2024-05-29T01:09:40.399+0000] {logging_mixin.py:188} INFO - [2024-05-29T01:09:40.399+0000] {dagbag.py:545} INFO - Filling up the DagBag from /home/airflow/.local/lib/python3.12/site-packages/airflow/example_dags/example_branch_operator.py
[2024-05-29T01:09:40.429+0000] {processor.py:840} INFO - DAG(s) 'example_branch_operator' retrieved from /home/airflow/.local/lib/python3.12/site-packages/airflow/example_dags/example_branch_operator.py
[2024-05-29T01:09:40.613+0000] {logging_mixin.py:188} INFO - [2024-05-29T01:09:40.610+0000] {override.py:1829} INFO - Created Permission View: can edit on DAG:example_branch_operator
[2024-05-29T01:09:40.628+0000] {logging_mixin.py:188} INFO - [2024-05-29T01:09:40.627+0000] {override.py:1829} INFO - Created Permission View: can delete on DAG:example_branch_operator
[2024-05-29T01:09:40.638+0000] {logging_mixin.py:188} INFO - [2024-05-29T01:09:40.637+0000] {override.py:1829} INFO - Created Permission View: can read on DAG:example_branch_operator
[2024-05-29T01:09:40.639+0000] {logging_mixin.py:188} INFO - [2024-05-29T01:09:40.639+0000] {dag.py:3096} INFO - Sync 1 DAGs
[2024-05-29T01:09:40.659+0000] {logging_mixin.py:188} INFO - [2024-05-29T01:09:40.658+0000] {dag.py:3118} INFO - Creating ORM DAG for example_branch_operator
[2024-05-29T01:09:40.677+0000] {logging_mixin.py:188} INFO - [2024-05-29T01:09:40.677+0000] {dag.py:3954} INFO - Setting next_dagrun for example_branch_operator to 2024-05-28 00:00:00+00:00, run_after=2024-05-29 00:00:00+00:00
[2024-05-29T01:09:40.701+0000] {processor.py:183} INFO - Processing /home/airflow/.local/lib/python3.12/site-packages/airflow/example_dags/example_branch_operator.py took 0.316 seconds
[2024-05-29T01:10:11.300+0000] {processor.py:161} INFO - Started process (PID=125) to work on /home/airflow/.local/lib/python3.12/site-packages/airflow/example_dags/example_branch_operator.py
[2024-05-29T01:10:11.303+0000] {processor.py:830} INFO - Processing file /home/airflow/.local/lib/python3.12/site-packages/airflow/example_dags/example_branch_operator.py for tasks to queue
[2024-05-29T01:10:11.306+0000] {logging_mixin.py:188} INFO - [2024-05-29T01:10:11.305+0000] {dagbag.py:545} INFO - Filling up the DagBag from /home/airflow/.local/lib/python3.12/site-packages/airflow/example_dags/example_branch_operator.py
[2024-05-29T01:10:11.338+0000] {processor.py:840} INFO - DAG(s) 'example_branch_operator' retrieved from /home/airflow/.local/lib/python3.12/site-packages/airflow/example_dags/example_branch_operator.py
[2024-05-29T01:10:11.394+0000] {logging_mixin.py:188} INFO - [2024-05-29T01:10:11.393+0000] {dag.py:3096} INFO - Sync 1 DAGs
[2024-05-29T01:10:11.471+0000] {logging_mixin.py:188} INFO - [2024-05-29T01:10:11.470+0000] {dag.py:3954} INFO - Setting next_dagrun for example_branch_operator to 2024-05-28 00:00:00+00:00, run_after=2024-05-29 00:00:00+00:00
[2024-05-29T01:10:11.527+0000] {processor.py:183} INFO - Processing /home/airflow/.local/lib/python3.12/site-packages/airflow/example_dags/example_branch_operator.py took 0.254 seconds
[2024-05-29T01:10:41.756+0000] {processor.py:161} INFO - Started process (PID=185) to work on /home/airflow/.local/lib/python3.12/site-packages/airflow/example_dags/example_branch_operator.py
[2024-05-29T01:10:41.758+0000] {processor.py:830} INFO - Processing file /home/airflow/.local/lib/python3.12/site-packages/airflow/example_dags/example_branch_operator.py for tasks to queue
[2024-05-29T01:10:41.761+0000] {logging_mixin.py:188} INFO - [2024-05-29T01:10:41.760+0000] {dagbag.py:545} INFO - Filling up the DagBag from /home/airflow/.local/lib/python3.12/site-packages/airflow/example_dags/example_branch_operator.py
[2024-05-29T01:10:41.787+0000] {processor.py:840} INFO - DAG(s) 'example_branch_operator' retrieved from /home/airflow/.local/lib/python3.12/site-packages/airflow/example_dags/example_branch_operator.py
[2024-05-29T01:10:41.838+0000] {logging_mixin.py:188} INFO - [2024-05-29T01:10:41.838+0000] {dag.py:3096} INFO - Sync 1 DAGs
[2024-05-29T01:10:41.885+0000] {logging_mixin.py:188} INFO - [2024-05-29T01:10:41.884+0000] {dag.py:3954} INFO - Setting next_dagrun for example_branch_operator to 2024-05-28 00:00:00+00:00, run_after=2024-05-29 00:00:00+00:00
[2024-05-29T01:10:41.929+0000] {processor.py:183} INFO - Processing /home/airflow/.local/lib/python3.12/site-packages/airflow/example_dags/example_branch_operator.py took 0.182 seconds
[2024-05-29T01:11:12.514+0000] {processor.py:161} INFO - Started process (PID=245) to work on /home/airflow/.local/lib/python3.12/site-packages/airflow/example_dags/example_branch_operator.py
[2024-05-29T01:11:12.517+0000] {processor.py:830} INFO - Processing file /home/airflow/.local/lib/python3.12/site-packages/airflow/example_dags/example_branch_operator.py for tasks to queue
[2024-05-29T01:11:12.520+0000] {logging_mixin.py:188} INFO - [2024-05-29T01:11:12.520+0000] {dagbag.py:545} INFO - Filling up the DagBag from /home/airflow/.local/lib/python3.12/site-packages/airflow/example_dags/example_branch_operator.py
[2024-05-29T01:11:12.539+0000] {processor.py:840} INFO - DAG(s) 'example_branch_operator' retrieved from /home/airflow/.local/lib/python3.12/site-packages/airflow/example_dags/example_branch_operator.py
[2024-05-29T01:11:12.579+0000] {logging_mixin.py:188} INFO - [2024-05-29T01:11:12.579+0000] {dag.py:3096} INFO - Sync 1 DAGs
[2024-05-29T01:11:12.608+0000] {logging_mixin.py:188} INFO - [2024-05-29T01:11:12.608+0000] {dag.py:3954} INFO - Setting next_dagrun for example_branch_operator to 2024-05-28 00:00:00+00:00, run_after=2024-05-29 00:00:00+00:00
[2024-05-29T01:11:12.632+0000] {processor.py:183} INFO - Processing /home/airflow/.local/lib/python3.12/site-packages/airflow/example_dags/example_branch_operator.py took 0.125 seconds
[2024-05-29T01:11:43.116+0000] {processor.py:161} INFO - Started process (PID=306) to work on /home/airflow/.local/lib/python3.12/site-packages/airflow/example_dags/example_branch_operator.py
[2024-05-29T01:11:43.118+0000] {processor.py:830} INFO - Processing file /home/airflow/.local/lib/python3.12/site-packages/airflow/example_dags/example_branch_operator.py for tasks to queue
[2024-05-29T01:11:43.122+0000] {logging_mixin.py:188} INFO - [2024-05-29T01:11:43.122+0000] {dagbag.py:545} INFO - Filling up the DagBag from /home/airflow/.local/lib/python3.12/site-packages/airflow/example_dags/example_branch_operator.py
[2024-05-29T01:11:43.208+0000] {processor.py:840} INFO - DAG(s) 'example_branch_operator' retrieved from /home/airflow/.local/lib/python3.12/site-packages/airflow/example_dags/example_branch_operator.py
[2024-05-29T01:11:43.329+0000] {logging_mixin.py:188} INFO - [2024-05-29T01:11:43.328+0000] {dag.py:3096} INFO - Sync 1 DAGs
[2024-05-29T01:11:43.399+0000] {logging_mixin.py:188} INFO - [2024-05-29T01:11:43.399+0000] {dag.py:3954} INFO - Setting next_dagrun for example_branch_operator to 2024-05-28 00:00:00+00:00, run_after=2024-05-29 00:00:00+00:00
[2024-05-29T01:11:43.475+0000] {processor.py:183} INFO - Processing /home/airflow/.local/lib/python3.12/site-packages/airflow/example_dags/example_branch_operator.py took 0.393 seconds
[2024-05-29T01:12:14.040+0000] {processor.py:161} INFO - Started process (PID=366) to work on /home/airflow/.local/lib/python3.12/site-packages/airflow/example_dags/example_branch_operator.py
[2024-05-29T01:12:14.042+0000] {processor.py:830} INFO - Processing file /home/airflow/.local/lib/python3.12/site-packages/airflow/example_dags/example_branch_operator.py for tasks to queue
[2024-05-29T01:12:14.045+0000] {logging_mixin.py:188} INFO - [2024-05-29T01:12:14.044+0000] {dagbag.py:545} INFO - Filling up the DagBag from /home/airflow/.local/lib/python3.12/site-packages/airflow/example_dags/example_branch_operator.py
[2024-05-29T01:12:14.072+0000] {processor.py:840} INFO - DAG(s) 'example_branch_operator' retrieved from /home/airflow/.local/lib/python3.12/site-packages/airflow/example_dags/example_branch_operator.py
[2024-05-29T01:12:14.119+0000] {logging_mixin.py:188} INFO - [2024-05-29T01:12:14.119+0000] {dag.py:3096} INFO - Sync 1 DAGs
[2024-05-29T01:12:14.156+0000] {logging_mixin.py:188} INFO - [2024-05-29T01:12:14.155+0000] {dag.py:3954} INFO - Setting next_dagrun for example_branch_operator to 2024-05-28 00:00:00+00:00, run_after=2024-05-29 00:00:00+00:00
[2024-05-29T01:12:14.185+0000] {processor.py:183} INFO - Processing /home/airflow/.local/lib/python3.12/site-packages/airflow/example_dags/example_branch_operator.py took 0.162 seconds
[2024-05-29T01:12:44.275+0000] {processor.py:161} INFO - Started process (PID=426) to work on /home/airflow/.local/lib/python3.12/site-packages/airflow/example_dags/example_branch_operator.py
[2024-05-29T01:12:44.278+0000] {processor.py:830} INFO - Processing file /home/airflow/.local/lib/python3.12/site-packages/airflow/example_dags/example_branch_operator.py for tasks to queue
[2024-05-29T01:12:44.281+0000] {logging_mixin.py:188} INFO - [2024-05-29T01:12:44.280+0000] {dagbag.py:545} INFO - Filling up the DagBag from /home/airflow/.local/lib/python3.12/site-packages/airflow/example_dags/example_branch_operator.py
[2024-05-29T01:12:44.306+0000] {processor.py:840} INFO - DAG(s) 'example_branch_operator' retrieved from /home/airflow/.local/lib/python3.12/site-packages/airflow/example_dags/example_branch_operator.py
[2024-05-29T01:12:44.344+0000] {logging_mixin.py:188} INFO - [2024-05-29T01:12:44.343+0000] {dag.py:3096} INFO - Sync 1 DAGs
[2024-05-29T01:12:44.377+0000] {logging_mixin.py:188} INFO - [2024-05-29T01:12:44.376+0000] {dag.py:3954} INFO - Setting next_dagrun for example_branch_operator to 2024-05-28 00:00:00+00:00, run_after=2024-05-29 00:00:00+00:00
[2024-05-29T01:12:44.402+0000] {processor.py:183} INFO - Processing /home/airflow/.local/lib/python3.12/site-packages/airflow/example_dags/example_branch_operator.py took 0.138 seconds
[2024-05-29T01:13:14.971+0000] {processor.py:161} INFO - Started process (PID=486) to work on /home/airflow/.local/lib/python3.12/site-packages/airflow/example_dags/example_branch_operator.py
[2024-05-29T01:13:14.972+0000] {processor.py:830} INFO - Processing file /home/airflow/.local/lib/python3.12/site-packages/airflow/example_dags/example_branch_operator.py for tasks to queue
[2024-05-29T01:13:14.975+0000] {logging_mixin.py:188} INFO - [2024-05-29T01:13:14.975+0000] {dagbag.py:545} INFO - Filling up the DagBag from /home/airflow/.local/lib/python3.12/site-packages/airflow/example_dags/example_branch_operator.py
[2024-05-29T01:13:14.997+0000] {processor.py:840} INFO - DAG(s) 'example_branch_operator' retrieved from /home/airflow/.local/lib/python3.12/site-packages/airflow/example_dags/example_branch_operator.py
[2024-05-29T01:13:15.037+0000] {logging_mixin.py:188} INFO - [2024-05-29T01:13:15.037+0000] {dag.py:3096} INFO - Sync 1 DAGs
[2024-05-29T01:13:15.066+0000] {logging_mixin.py:188} INFO - [2024-05-29T01:13:15.066+0000] {dag.py:3954} INFO - Setting next_dagrun for example_branch_operator to 2024-05-28 00:00:00+00:00, run_after=2024-05-29 00:00:00+00:00
[2024-05-29T01:13:15.095+0000] {processor.py:183} INFO - Processing /home/airflow/.local/lib/python3.12/site-packages/airflow/example_dags/example_branch_operator.py took 0.134 seconds
[2024-05-29T01:13:45.654+0000] {processor.py:161} INFO - Started process (PID=546) to work on /home/airflow/.local/lib/python3.12/site-packages/airflow/example_dags/example_branch_operator.py
[2024-05-29T01:13:45.656+0000] {processor.py:830} INFO - Processing file /home/airflow/.local/lib/python3.12/site-packages/airflow/example_dags/example_branch_operator.py for tasks to queue
[2024-05-29T01:13:45.658+0000] {logging_mixin.py:188} INFO - [2024-05-29T01:13:45.658+0000] {dagbag.py:545} INFO - Filling up the DagBag from /home/airflow/.local/lib/python3.12/site-packages/airflow/example_dags/example_branch_operator.py
[2024-05-29T01:13:45.675+0000] {processor.py:840} INFO - DAG(s) 'example_branch_operator' retrieved from /home/airflow/.local/lib/python3.12/site-packages/airflow/example_dags/example_branch_operator.py
[2024-05-29T01:13:45.712+0000] {logging_mixin.py:188} INFO - [2024-05-29T01:13:45.712+0000] {dag.py:3096} INFO - Sync 1 DAGs
[2024-05-29T01:13:45.759+0000] {logging_mixin.py:188} INFO - [2024-05-29T01:13:45.759+0000] {dag.py:3954} INFO - Setting next_dagrun for example_branch_operator to 2024-05-28 00:00:00+00:00, run_after=2024-05-29 00:00:00+00:00
[2024-05-29T01:13:45.779+0000] {processor.py:183} INFO - Processing /home/airflow/.local/lib/python3.12/site-packages/airflow/example_dags/example_branch_operator.py took 0.131 seconds
[2024-05-29T01:14:15.918+0000] {processor.py:161} INFO - Started process (PID=606) to work on /home/airflow/.local/lib/python3.12/site-packages/airflow/example_dags/example_branch_operator.py
[2024-05-29T01:14:15.920+0000] {processor.py:830} INFO - Processing file /home/airflow/.local/lib/python3.12/site-packages/airflow/example_dags/example_branch_operator.py for tasks to queue
[2024-05-29T01:14:15.922+0000] {logging_mixin.py:188} INFO - [2024-05-29T01:14:15.922+0000] {dagbag.py:545} INFO - Filling up the DagBag from /home/airflow/.local/lib/python3.12/site-packages/airflow/example_dags/example_branch_operator.py
[2024-05-29T01:14:15.940+0000] {processor.py:840} INFO - DAG(s) 'example_branch_operator' retrieved from /home/airflow/.local/lib/python3.12/site-packages/airflow/example_dags/example_branch_operator.py
[2024-05-29T01:14:15.980+0000] {logging_mixin.py:188} INFO - [2024-05-29T01:14:15.980+0000] {dag.py:3096} INFO - Sync 1 DAGs
[2024-05-29T01:14:16.013+0000] {logging_mixin.py:188} INFO - [2024-05-29T01:14:16.013+0000] {dag.py:3954} INFO - Setting next_dagrun for example_branch_operator to 2024-05-28 00:00:00+00:00, run_after=2024-05-29 00:00:00+00:00
[2024-05-29T01:14:16.042+0000] {processor.py:183} INFO - Processing /home/airflow/.local/lib/python3.12/site-packages/airflow/example_dags/example_branch_operator.py took 0.130 seconds
[2024-05-29T01:14:46.342+0000] {processor.py:161} INFO - Started process (PID=666) to work on /home/airflow/.local/lib/python3.12/site-packages/airflow/example_dags/example_branch_operator.py
[2024-05-29T01:14:46.343+0000] {processor.py:830} INFO - Processing file /home/airflow/.local/lib/python3.12/site-packages/airflow/example_dags/example_branch_operator.py for tasks to queue
[2024-05-29T01:14:46.345+0000] {logging_mixin.py:188} INFO - [2024-05-29T01:14:46.345+0000] {dagbag.py:545} INFO - Filling up the DagBag from /home/airflow/.local/lib/python3.12/site-packages/airflow/example_dags/example_branch_operator.py
[2024-05-29T01:14:46.363+0000] {processor.py:840} INFO - DAG(s) 'example_branch_operator' retrieved from /home/airflow/.local/lib/python3.12/site-packages/airflow/example_dags/example_branch_operator.py
[2024-05-29T01:14:46.417+0000] {logging_mixin.py:188} INFO - [2024-05-29T01:14:46.416+0000] {dag.py:3096} INFO - Sync 1 DAGs
[2024-05-29T01:14:46.448+0000] {logging_mixin.py:188} INFO - [2024-05-29T01:14:46.448+0000] {dag.py:3954} INFO - Setting next_dagrun for example_branch_operator to 2024-05-28 00:00:00+00:00, run_after=2024-05-29 00:00:00+00:00
[2024-05-29T01:14:46.472+0000] {processor.py:183} INFO - Processing /home/airflow/.local/lib/python3.12/site-packages/airflow/example_dags/example_branch_operator.py took 0.137 seconds
[2024-05-29T01:15:17.283+0000] {processor.py:161} INFO - Started process (PID=726) to work on /home/airflow/.local/lib/python3.12/site-packages/airflow/example_dags/example_branch_operator.py
[2024-05-29T01:15:17.285+0000] {processor.py:830} INFO - Processing file /home/airflow/.local/lib/python3.12/site-packages/airflow/example_dags/example_branch_operator.py for tasks to queue
[2024-05-29T01:15:17.288+0000] {logging_mixin.py:188} INFO - [2024-05-29T01:15:17.287+0000] {dagbag.py:545} INFO - Filling up the DagBag from /home/airflow/.local/lib/python3.12/site-packages/airflow/example_dags/example_branch_operator.py
[2024-05-29T01:15:17.304+0000] {processor.py:840} INFO - DAG(s) 'example_branch_operator' retrieved from /home/airflow/.local/lib/python3.12/site-packages/airflow/example_dags/example_branch_operator.py
[2024-05-29T01:15:17.342+0000] {logging_mixin.py:188} INFO - [2024-05-29T01:15:17.341+0000] {dag.py:3096} INFO - Sync 1 DAGs
[2024-05-29T01:15:17.369+0000] {logging_mixin.py:188} INFO - [2024-05-29T01:15:17.368+0000] {dag.py:3954} INFO - Setting next_dagrun for example_branch_operator to 2024-05-28 00:00:00+00:00, run_after=2024-05-29 00:00:00+00:00
[2024-05-29T01:15:17.401+0000] {processor.py:183} INFO - Processing /home/airflow/.local/lib/python3.12/site-packages/airflow/example_dags/example_branch_operator.py took 0.123 seconds
[2024-05-29T01:15:47.946+0000] {processor.py:161} INFO - Started process (PID=786) to work on /home/airflow/.local/lib/python3.12/site-packages/airflow/example_dags/example_branch_operator.py
[2024-05-29T01:15:47.947+0000] {processor.py:830} INFO - Processing file /home/airflow/.local/lib/python3.12/site-packages/airflow/example_dags/example_branch_operator.py for tasks to queue
[2024-05-29T01:15:47.950+0000] {logging_mixin.py:188} INFO - [2024-05-29T01:15:47.949+0000] {dagbag.py:545} INFO - Filling up the DagBag from /home/airflow/.local/lib/python3.12/site-packages/airflow/example_dags/example_branch_operator.py
[2024-05-29T01:15:47.967+0000] {processor.py:840} INFO - DAG(s) 'example_branch_operator' retrieved from /home/airflow/.local/lib/python3.12/site-packages/airflow/example_dags/example_branch_operator.py
[2024-05-29T01:15:48.002+0000] {logging_mixin.py:188} INFO - [2024-05-29T01:15:48.002+0000] {dag.py:3096} INFO - Sync 1 DAGs
[2024-05-29T01:15:48.026+0000] {logging_mixin.py:188} INFO - [2024-05-29T01:15:48.025+0000] {dag.py:3954} INFO - Setting next_dagrun for example_branch_operator to 2024-05-28 00:00:00+00:00, run_after=2024-05-29 00:00:00+00:00
[2024-05-29T01:15:48.050+0000] {processor.py:183} INFO - Processing /home/airflow/.local/lib/python3.12/site-packages/airflow/example_dags/example_branch_operator.py took 0.110 seconds
[2024-05-29T01:16:18.368+0000] {processor.py:161} INFO - Started process (PID=846) to work on /home/airflow/.local/lib/python3.12/site-packages/airflow/example_dags/example_branch_operator.py
[2024-05-29T01:16:18.369+0000] {processor.py:830} INFO - Processing file /home/airflow/.local/lib/python3.12/site-packages/airflow/example_dags/example_branch_operator.py for tasks to queue
[2024-05-29T01:16:18.372+0000] {logging_mixin.py:188} INFO - [2024-05-29T01:16:18.371+0000] {dagbag.py:545} INFO - Filling up the DagBag from /home/airflow/.local/lib/python3.12/site-packages/airflow/example_dags/example_branch_operator.py
[2024-05-29T01:16:18.388+0000] {processor.py:840} INFO - DAG(s) 'example_branch_operator' retrieved from /home/airflow/.local/lib/python3.12/site-packages/airflow/example_dags/example_branch_operator.py
[2024-05-29T01:16:18.427+0000] {logging_mixin.py:188} INFO - [2024-05-29T01:16:18.427+0000] {dag.py:3096} INFO - Sync 1 DAGs
[2024-05-29T01:16:18.454+0000] {logging_mixin.py:188} INFO - [2024-05-29T01:16:18.454+0000] {dag.py:3954} INFO - Setting next_dagrun for example_branch_operator to 2024-05-28 00:00:00+00:00, run_after=2024-05-29 00:00:00+00:00
[2024-05-29T01:16:18.480+0000] {processor.py:183} INFO - Processing /home/airflow/.local/lib/python3.12/site-packages/airflow/example_dags/example_branch_operator.py took 0.118 seconds
[2024-05-29T01:16:48.779+0000] {processor.py:161} INFO - Started process (PID=908) to work on /home/airflow/.local/lib/python3.12/site-packages/airflow/example_dags/example_branch_operator.py
[2024-05-29T01:16:48.781+0000] {processor.py:830} INFO - Processing file /home/airflow/.local/lib/python3.12/site-packages/airflow/example_dags/example_branch_operator.py for tasks to queue
[2024-05-29T01:16:48.783+0000] {logging_mixin.py:188} INFO - [2024-05-29T01:16:48.783+0000] {dagbag.py:545} INFO - Filling up the DagBag from /home/airflow/.local/lib/python3.12/site-packages/airflow/example_dags/example_branch_operator.py
[2024-05-29T01:16:48.801+0000] {processor.py:840} INFO - DAG(s) 'example_branch_operator' retrieved from /home/airflow/.local/lib/python3.12/site-packages/airflow/example_dags/example_branch_operator.py
[2024-05-29T01:16:48.830+0000] {logging_mixin.py:188} INFO - [2024-05-29T01:16:48.830+0000] {dag.py:3096} INFO - Sync 1 DAGs
[2024-05-29T01:16:48.853+0000] {logging_mixin.py:188} INFO - [2024-05-29T01:16:48.853+0000] {dag.py:3954} INFO - Setting next_dagrun for example_branch_operator to 2024-05-28 00:00:00+00:00, run_after=2024-05-29 00:00:00+00:00
[2024-05-29T01:16:48.874+0000] {processor.py:183} INFO - Processing /home/airflow/.local/lib/python3.12/site-packages/airflow/example_dags/example_branch_operator.py took 0.101 seconds
[2024-05-29T01:17:19.694+0000] {processor.py:161} INFO - Started process (PID=969) to work on /home/airflow/.local/lib/python3.12/site-packages/airflow/example_dags/example_branch_operator.py
[2024-05-29T01:17:19.696+0000] {processor.py:830} INFO - Processing file /home/airflow/.local/lib/python3.12/site-packages/airflow/example_dags/example_branch_operator.py for tasks to queue
[2024-05-29T01:17:19.698+0000] {logging_mixin.py:188} INFO - [2024-05-29T01:17:19.697+0000] {dagbag.py:545} INFO - Filling up the DagBag from /home/airflow/.local/lib/python3.12/site-packages/airflow/example_dags/example_branch_operator.py
[2024-05-29T01:17:19.716+0000] {processor.py:840} INFO - DAG(s) 'example_branch_operator' retrieved from /home/airflow/.local/lib/python3.12/site-packages/airflow/example_dags/example_branch_operator.py
[2024-05-29T01:17:19.751+0000] {logging_mixin.py:188} INFO - [2024-05-29T01:17:19.751+0000] {dag.py:3096} INFO - Sync 1 DAGs
[2024-05-29T01:17:19.790+0000] {logging_mixin.py:188} INFO - [2024-05-29T01:17:19.789+0000] {dag.py:3954} INFO - Setting next_dagrun for example_branch_operator to 2024-05-28 00:00:00+00:00, run_after=2024-05-29 00:00:00+00:00
[2024-05-29T01:17:19.820+0000] {processor.py:183} INFO - Processing /home/airflow/.local/lib/python3.12/site-packages/airflow/example_dags/example_branch_operator.py took 0.133 seconds
[2024-05-29T01:17:50.469+0000] {processor.py:161} INFO - Started process (PID=1031) to work on /home/airflow/.local/lib/python3.12/site-packages/airflow/example_dags/example_branch_operator.py
[2024-05-29T01:17:50.470+0000] {processor.py:830} INFO - Processing file /home/airflow/.local/lib/python3.12/site-packages/airflow/example_dags/example_branch_operator.py for tasks to queue
[2024-05-29T01:17:50.473+0000] {logging_mixin.py:188} INFO - [2024-05-29T01:17:50.472+0000] {dagbag.py:545} INFO - Filling up the DagBag from /home/airflow/.local/lib/python3.12/site-packages/airflow/example_dags/example_branch_operator.py
[2024-05-29T01:17:50.491+0000] {processor.py:840} INFO - DAG(s) 'example_branch_operator' retrieved from /home/airflow/.local/lib/python3.12/site-packages/airflow/example_dags/example_branch_operator.py
[2024-05-29T01:17:50.525+0000] {logging_mixin.py:188} INFO - [2024-05-29T01:17:50.524+0000] {dag.py:3096} INFO - Sync 1 DAGs
[2024-05-29T01:17:50.551+0000] {logging_mixin.py:188} INFO - [2024-05-29T01:17:50.551+0000] {dag.py:3954} INFO - Setting next_dagrun for example_branch_operator to 2024-05-28 00:00:00+00:00, run_after=2024-05-29 00:00:00+00:00
[2024-05-29T01:17:50.574+0000] {processor.py:183} INFO - Processing /home/airflow/.local/lib/python3.12/site-packages/airflow/example_dags/example_branch_operator.py took 0.113 seconds
[2024-05-29T01:18:20.886+0000] {processor.py:161} INFO - Started process (PID=1091) to work on /home/airflow/.local/lib/python3.12/site-packages/airflow/example_dags/example_branch_operator.py
[2024-05-29T01:18:20.888+0000] {processor.py:830} INFO - Processing file /home/airflow/.local/lib/python3.12/site-packages/airflow/example_dags/example_branch_operator.py for tasks to queue
[2024-05-29T01:18:20.890+0000] {logging_mixin.py:188} INFO - [2024-05-29T01:18:20.890+0000] {dagbag.py:545} INFO - Filling up the DagBag from /home/airflow/.local/lib/python3.12/site-packages/airflow/example_dags/example_branch_operator.py
[2024-05-29T01:18:20.907+0000] {processor.py:840} INFO - DAG(s) 'example_branch_operator' retrieved from /home/airflow/.local/lib/python3.12/site-packages/airflow/example_dags/example_branch_operator.py
[2024-05-29T01:18:20.940+0000] {logging_mixin.py:188} INFO - [2024-05-29T01:18:20.940+0000] {dag.py:3096} INFO - Sync 1 DAGs
[2024-05-29T01:18:20.967+0000] {logging_mixin.py:188} INFO - [2024-05-29T01:18:20.967+0000] {dag.py:3954} INFO - Setting next_dagrun for example_branch_operator to 2024-05-28 00:00:00+00:00, run_after=2024-05-29 00:00:00+00:00
[2024-05-29T01:18:20.992+0000] {processor.py:183} INFO - Processing /home/airflow/.local/lib/python3.12/site-packages/airflow/example_dags/example_branch_operator.py took 0.111 seconds
[2024-05-29T01:18:51.078+0000] {processor.py:161} INFO - Started process (PID=1153) to work on /home/airflow/.local/lib/python3.12/site-packages/airflow/example_dags/example_branch_operator.py
[2024-05-29T01:18:51.079+0000] {processor.py:830} INFO - Processing file /home/airflow/.local/lib/python3.12/site-packages/airflow/example_dags/example_branch_operator.py for tasks to queue
[2024-05-29T01:18:51.081+0000] {logging_mixin.py:188} INFO - [2024-05-29T01:18:51.081+0000] {dagbag.py:545} INFO - Filling up the DagBag from /home/airflow/.local/lib/python3.12/site-packages/airflow/example_dags/example_branch_operator.py
[2024-05-29T01:18:51.097+0000] {processor.py:840} INFO - DAG(s) 'example_branch_operator' retrieved from /home/airflow/.local/lib/python3.12/site-packages/airflow/example_dags/example_branch_operator.py
[2024-05-29T01:18:51.125+0000] {logging_mixin.py:188} INFO - [2024-05-29T01:18:51.125+0000] {dag.py:3096} INFO - Sync 1 DAGs
[2024-05-29T01:18:51.148+0000] {logging_mixin.py:188} INFO - [2024-05-29T01:18:51.148+0000] {dag.py:3954} INFO - Setting next_dagrun for example_branch_operator to 2024-05-28 00:00:00+00:00, run_after=2024-05-29 00:00:00+00:00
[2024-05-29T01:18:51.175+0000] {processor.py:183} INFO - Processing /home/airflow/.local/lib/python3.12/site-packages/airflow/example_dags/example_branch_operator.py took 0.102 seconds
[2024-05-29T01:19:22.422+0000] {processor.py:161} INFO - Started process (PID=1213) to work on /home/airflow/.local/lib/python3.12/site-packages/airflow/example_dags/example_branch_operator.py
[2024-05-29T01:19:22.423+0000] {processor.py:830} INFO - Processing file /home/airflow/.local/lib/python3.12/site-packages/airflow/example_dags/example_branch_operator.py for tasks to queue
[2024-05-29T01:19:22.425+0000] {logging_mixin.py:188} INFO - [2024-05-29T01:19:22.425+0000] {dagbag.py:545} INFO - Filling up the DagBag from /home/airflow/.local/lib/python3.12/site-packages/airflow/example_dags/example_branch_operator.py
[2024-05-29T01:19:22.441+0000] {processor.py:840} INFO - DAG(s) 'example_branch_operator' retrieved from /home/airflow/.local/lib/python3.12/site-packages/airflow/example_dags/example_branch_operator.py
[2024-05-29T01:19:22.473+0000] {logging_mixin.py:188} INFO - [2024-05-29T01:19:22.472+0000] {dag.py:3096} INFO - Sync 1 DAGs
[2024-05-29T01:19:22.495+0000] {logging_mixin.py:188} INFO - [2024-05-29T01:19:22.495+0000] {dag.py:3954} INFO - Setting next_dagrun for example_branch_operator to 2024-05-28 00:00:00+00:00, run_after=2024-05-29 00:00:00+00:00
[2024-05-29T01:19:22.519+0000] {processor.py:183} INFO - Processing /home/airflow/.local/lib/python3.12/site-packages/airflow/example_dags/example_branch_operator.py took 0.104 seconds
[2024-05-29T01:19:52.954+0000] {processor.py:161} INFO - Started process (PID=1273) to work on /home/airflow/.local/lib/python3.12/site-packages/airflow/example_dags/example_branch_operator.py
[2024-05-29T01:19:52.956+0000] {processor.py:830} INFO - Processing file /home/airflow/.local/lib/python3.12/site-packages/airflow/example_dags/example_branch_operator.py for tasks to queue
[2024-05-29T01:19:52.958+0000] {logging_mixin.py:188} INFO - [2024-05-29T01:19:52.957+0000] {dagbag.py:545} INFO - Filling up the DagBag from /home/airflow/.local/lib/python3.12/site-packages/airflow/example_dags/example_branch_operator.py
[2024-05-29T01:19:52.973+0000] {processor.py:840} INFO - DAG(s) 'example_branch_operator' retrieved from /home/airflow/.local/lib/python3.12/site-packages/airflow/example_dags/example_branch_operator.py
[2024-05-29T01:19:53.003+0000] {logging_mixin.py:188} INFO - [2024-05-29T01:19:53.003+0000] {dag.py:3096} INFO - Sync 1 DAGs
[2024-05-29T01:19:53.028+0000] {logging_mixin.py:188} INFO - [2024-05-29T01:19:53.027+0000] {dag.py:3954} INFO - Setting next_dagrun for example_branch_operator to 2024-05-28 00:00:00+00:00, run_after=2024-05-29 00:00:00+00:00
[2024-05-29T01:19:53.054+0000] {processor.py:183} INFO - Processing /home/airflow/.local/lib/python3.12/site-packages/airflow/example_dags/example_branch_operator.py took 0.105 seconds
[2024-05-29T01:20:23.358+0000] {processor.py:161} INFO - Started process (PID=1333) to work on /home/airflow/.local/lib/python3.12/site-packages/airflow/example_dags/example_branch_operator.py
[2024-05-29T01:20:23.359+0000] {processor.py:830} INFO - Processing file /home/airflow/.local/lib/python3.12/site-packages/airflow/example_dags/example_branch_operator.py for tasks to queue
[2024-05-29T01:20:23.361+0000] {logging_mixin.py:188} INFO - [2024-05-29T01:20:23.360+0000] {dagbag.py:545} INFO - Filling up the DagBag from /home/airflow/.local/lib/python3.12/site-packages/airflow/example_dags/example_branch_operator.py
[2024-05-29T01:20:23.377+0000] {processor.py:840} INFO - DAG(s) 'example_branch_operator' retrieved from /home/airflow/.local/lib/python3.12/site-packages/airflow/example_dags/example_branch_operator.py
[2024-05-29T01:20:23.413+0000] {logging_mixin.py:188} INFO - [2024-05-29T01:20:23.412+0000] {dag.py:3096} INFO - Sync 1 DAGs
[2024-05-29T01:20:23.440+0000] {logging_mixin.py:188} INFO - [2024-05-29T01:20:23.440+0000] {dag.py:3954} INFO - Setting next_dagrun for example_branch_operator to 2024-05-28 00:00:00+00:00, run_after=2024-05-29 00:00:00+00:00
[2024-05-29T01:20:23.461+0000] {processor.py:183} INFO - Processing /home/airflow/.local/lib/python3.12/site-packages/airflow/example_dags/example_branch_operator.py took 0.109 seconds
[2024-05-29T01:22:19.461+0000] {processor.py:161} INFO - Started process (PID=1393) to work on /home/airflow/.local/lib/python3.12/site-packages/airflow/example_dags/example_branch_operator.py
[2024-05-29T01:22:19.463+0000] {processor.py:830} INFO - Processing file /home/airflow/.local/lib/python3.12/site-packages/airflow/example_dags/example_branch_operator.py for tasks to queue
[2024-05-29T01:22:19.464+0000] {logging_mixin.py:188} INFO - [2024-05-29T01:22:19.464+0000] {dagbag.py:545} INFO - Filling up the DagBag from /home/airflow/.local/lib/python3.12/site-packages/airflow/example_dags/example_branch_operator.py
[2024-05-29T01:22:19.507+0000] {processor.py:840} INFO - DAG(s) 'example_branch_operator' retrieved from /home/airflow/.local/lib/python3.12/site-packages/airflow/example_dags/example_branch_operator.py
[2024-05-29T01:22:19.576+0000] {logging_mixin.py:188} INFO - [2024-05-29T01:22:19.575+0000] {dag.py:3096} INFO - Sync 1 DAGs
[2024-05-29T01:22:19.621+0000] {logging_mixin.py:188} INFO - [2024-05-29T01:22:19.620+0000] {dag.py:3954} INFO - Setting next_dagrun for example_branch_operator to 2024-05-28 00:00:00+00:00, run_after=2024-05-29 00:00:00+00:00
[2024-05-29T01:22:19.656+0000] {processor.py:183} INFO - Processing /home/airflow/.local/lib/python3.12/site-packages/airflow/example_dags/example_branch_operator.py took 0.207 seconds
[2024-05-29T01:22:50.233+0000] {processor.py:161} INFO - Started process (PID=1453) to work on /home/airflow/.local/lib/python3.12/site-packages/airflow/example_dags/example_branch_operator.py
[2024-05-29T01:22:50.235+0000] {processor.py:830} INFO - Processing file /home/airflow/.local/lib/python3.12/site-packages/airflow/example_dags/example_branch_operator.py for tasks to queue
[2024-05-29T01:22:50.237+0000] {logging_mixin.py:188} INFO - [2024-05-29T01:22:50.236+0000] {dagbag.py:545} INFO - Filling up the DagBag from /home/airflow/.local/lib/python3.12/site-packages/airflow/example_dags/example_branch_operator.py
[2024-05-29T01:22:50.267+0000] {processor.py:840} INFO - DAG(s) 'example_branch_operator' retrieved from /home/airflow/.local/lib/python3.12/site-packages/airflow/example_dags/example_branch_operator.py
[2024-05-29T01:22:50.348+0000] {logging_mixin.py:188} INFO - [2024-05-29T01:22:50.348+0000] {dag.py:3096} INFO - Sync 1 DAGs
[2024-05-29T01:22:50.408+0000] {logging_mixin.py:188} INFO - [2024-05-29T01:22:50.407+0000] {dag.py:3954} INFO - Setting next_dagrun for example_branch_operator to 2024-05-28 00:00:00+00:00, run_after=2024-05-29 00:00:00+00:00
[2024-05-29T01:22:50.456+0000] {processor.py:183} INFO - Processing /home/airflow/.local/lib/python3.12/site-packages/airflow/example_dags/example_branch_operator.py took 0.235 seconds
[2024-05-29T01:27:47.432+0000] {processor.py:161} INFO - Started process (PID=59) to work on /home/airflow/.local/lib/python3.12/site-packages/airflow/example_dags/example_branch_operator.py
[2024-05-29T01:27:47.435+0000] {processor.py:830} INFO - Processing file /home/airflow/.local/lib/python3.12/site-packages/airflow/example_dags/example_branch_operator.py for tasks to queue
[2024-05-29T01:27:47.441+0000] {logging_mixin.py:188} INFO - [2024-05-29T01:27:47.441+0000] {dagbag.py:545} INFO - Filling up the DagBag from /home/airflow/.local/lib/python3.12/site-packages/airflow/example_dags/example_branch_operator.py
[2024-05-29T01:27:47.488+0000] {processor.py:840} INFO - DAG(s) 'example_branch_operator' retrieved from /home/airflow/.local/lib/python3.12/site-packages/airflow/example_dags/example_branch_operator.py
[2024-05-29T01:27:47.795+0000] {logging_mixin.py:188} INFO - [2024-05-29T01:27:47.794+0000] {dag.py:3096} INFO - Sync 1 DAGs
[2024-05-29T01:27:47.854+0000] {logging_mixin.py:188} INFO - [2024-05-29T01:27:47.854+0000] {dag.py:3954} INFO - Setting next_dagrun for example_branch_operator to 2024-05-28 00:00:00+00:00, run_after=2024-05-29 00:00:00+00:00
[2024-05-29T01:27:47.900+0000] {processor.py:183} INFO - Processing /home/airflow/.local/lib/python3.12/site-packages/airflow/example_dags/example_branch_operator.py took 0.485 seconds
[2024-05-29T01:28:18.816+0000] {processor.py:161} INFO - Started process (PID=118) to work on /home/airflow/.local/lib/python3.12/site-packages/airflow/example_dags/example_branch_operator.py
[2024-05-29T01:28:18.825+0000] {processor.py:830} INFO - Processing file /home/airflow/.local/lib/python3.12/site-packages/airflow/example_dags/example_branch_operator.py for tasks to queue
[2024-05-29T01:28:18.828+0000] {logging_mixin.py:188} INFO - [2024-05-29T01:28:18.827+0000] {dagbag.py:545} INFO - Filling up the DagBag from /home/airflow/.local/lib/python3.12/site-packages/airflow/example_dags/example_branch_operator.py
[2024-05-29T01:28:18.846+0000] {processor.py:840} INFO - DAG(s) 'example_branch_operator' retrieved from /home/airflow/.local/lib/python3.12/site-packages/airflow/example_dags/example_branch_operator.py
[2024-05-29T01:28:18.885+0000] {logging_mixin.py:188} INFO - [2024-05-29T01:28:18.885+0000] {dag.py:3096} INFO - Sync 1 DAGs
[2024-05-29T01:28:18.925+0000] {logging_mixin.py:188} INFO - [2024-05-29T01:28:18.925+0000] {dag.py:3954} INFO - Setting next_dagrun for example_branch_operator to 2024-05-28 00:00:00+00:00, run_after=2024-05-29 00:00:00+00:00
[2024-05-29T01:28:18.968+0000] {processor.py:183} INFO - Processing /home/airflow/.local/lib/python3.12/site-packages/airflow/example_dags/example_branch_operator.py took 0.158 seconds
