[2024-05-29T01:09:41.357+0000] {processor.py:161} INFO - Started process (PID=71) to work on /home/airflow/.local/lib/python3.12/site-packages/airflow/example_dags/example_sensor_decorator.py
[2024-05-29T01:09:41.359+0000] {processor.py:830} INFO - Processing file /home/airflow/.local/lib/python3.12/site-packages/airflow/example_dags/example_sensor_decorator.py for tasks to queue
[2024-05-29T01:09:41.362+0000] {logging_mixin.py:188} INFO - [2024-05-29T01:09:41.362+0000] {dagbag.py:545} INFO - Filling up the DagBag from /home/airflow/.local/lib/python3.12/site-packages/airflow/example_dags/example_sensor_decorator.py
[2024-05-29T01:09:41.372+0000] {processor.py:840} INFO - DAG(s) 'example_sensor_decorator' retrieved from /home/airflow/.local/lib/python3.12/site-packages/airflow/example_dags/example_sensor_decorator.py
[2024-05-29T01:09:41.523+0000] {logging_mixin.py:188} INFO - [2024-05-29T01:09:41.522+0000] {override.py:1829} INFO - Created Permission View: can edit on DAG:example_sensor_decorator
[2024-05-29T01:09:41.541+0000] {logging_mixin.py:188} INFO - [2024-05-29T01:09:41.540+0000] {override.py:1829} INFO - Created Permission View: can delete on DAG:example_sensor_decorator
[2024-05-29T01:09:41.551+0000] {logging_mixin.py:188} INFO - [2024-05-29T01:09:41.550+0000] {override.py:1829} INFO - Created Permission View: can read on DAG:example_sensor_decorator
[2024-05-29T01:09:41.552+0000] {logging_mixin.py:188} INFO - [2024-05-29T01:09:41.552+0000] {dag.py:3096} INFO - Sync 1 DAGs
[2024-05-29T01:09:41.572+0000] {logging_mixin.py:188} INFO - [2024-05-29T01:09:41.572+0000] {dag.py:3118} INFO - Creating ORM DAG for example_sensor_decorator
[2024-05-29T01:09:41.574+0000] {logging_mixin.py:188} INFO - [2024-05-29T01:09:41.573+0000] {dag.py:3954} INFO - Setting next_dagrun for example_sensor_decorator to None, run_after=None
[2024-05-29T01:09:41.601+0000] {processor.py:183} INFO - Processing /home/airflow/.local/lib/python3.12/site-packages/airflow/example_dags/example_sensor_decorator.py took 0.253 seconds
[2024-05-29T01:10:12.177+0000] {processor.py:161} INFO - Started process (PID=131) to work on /home/airflow/.local/lib/python3.12/site-packages/airflow/example_dags/example_sensor_decorator.py
[2024-05-29T01:10:12.180+0000] {processor.py:830} INFO - Processing file /home/airflow/.local/lib/python3.12/site-packages/airflow/example_dags/example_sensor_decorator.py for tasks to queue
[2024-05-29T01:10:12.184+0000] {logging_mixin.py:188} INFO - [2024-05-29T01:10:12.183+0000] {dagbag.py:545} INFO - Filling up the DagBag from /home/airflow/.local/lib/python3.12/site-packages/airflow/example_dags/example_sensor_decorator.py
[2024-05-29T01:10:12.202+0000] {processor.py:840} INFO - DAG(s) 'example_sensor_decorator' retrieved from /home/airflow/.local/lib/python3.12/site-packages/airflow/example_dags/example_sensor_decorator.py
[2024-05-29T01:10:12.237+0000] {logging_mixin.py:188} INFO - [2024-05-29T01:10:12.236+0000] {dag.py:3096} INFO - Sync 1 DAGs
[2024-05-29T01:10:12.276+0000] {logging_mixin.py:188} INFO - [2024-05-29T01:10:12.275+0000] {dag.py:3954} INFO - Setting next_dagrun for example_sensor_decorator to None, run_after=None
[2024-05-29T01:10:12.316+0000] {processor.py:183} INFO - Processing /home/airflow/.local/lib/python3.12/site-packages/airflow/example_dags/example_sensor_decorator.py took 0.151 seconds
[2024-05-29T01:10:42.422+0000] {processor.py:161} INFO - Started process (PID=191) to work on /home/airflow/.local/lib/python3.12/site-packages/airflow/example_dags/example_sensor_decorator.py
[2024-05-29T01:10:42.424+0000] {processor.py:830} INFO - Processing file /home/airflow/.local/lib/python3.12/site-packages/airflow/example_dags/example_sensor_decorator.py for tasks to queue
[2024-05-29T01:10:42.427+0000] {logging_mixin.py:188} INFO - [2024-05-29T01:10:42.426+0000] {dagbag.py:545} INFO - Filling up the DagBag from /home/airflow/.local/lib/python3.12/site-packages/airflow/example_dags/example_sensor_decorator.py
[2024-05-29T01:10:42.437+0000] {processor.py:840} INFO - DAG(s) 'example_sensor_decorator' retrieved from /home/airflow/.local/lib/python3.12/site-packages/airflow/example_dags/example_sensor_decorator.py
[2024-05-29T01:10:42.467+0000] {logging_mixin.py:188} INFO - [2024-05-29T01:10:42.466+0000] {dag.py:3096} INFO - Sync 1 DAGs
[2024-05-29T01:10:42.487+0000] {logging_mixin.py:188} INFO - [2024-05-29T01:10:42.487+0000] {dag.py:3954} INFO - Setting next_dagrun for example_sensor_decorator to None, run_after=None
[2024-05-29T01:10:42.517+0000] {processor.py:183} INFO - Processing /home/airflow/.local/lib/python3.12/site-packages/airflow/example_dags/example_sensor_decorator.py took 0.105 seconds
[2024-05-29T01:11:13.128+0000] {processor.py:161} INFO - Started process (PID=251) to work on /home/airflow/.local/lib/python3.12/site-packages/airflow/example_dags/example_sensor_decorator.py
[2024-05-29T01:11:13.130+0000] {processor.py:830} INFO - Processing file /home/airflow/.local/lib/python3.12/site-packages/airflow/example_dags/example_sensor_decorator.py for tasks to queue
[2024-05-29T01:11:13.133+0000] {logging_mixin.py:188} INFO - [2024-05-29T01:11:13.132+0000] {dagbag.py:545} INFO - Filling up the DagBag from /home/airflow/.local/lib/python3.12/site-packages/airflow/example_dags/example_sensor_decorator.py
[2024-05-29T01:11:13.139+0000] {processor.py:840} INFO - DAG(s) 'example_sensor_decorator' retrieved from /home/airflow/.local/lib/python3.12/site-packages/airflow/example_dags/example_sensor_decorator.py
[2024-05-29T01:11:13.163+0000] {logging_mixin.py:188} INFO - [2024-05-29T01:11:13.163+0000] {dag.py:3096} INFO - Sync 1 DAGs
[2024-05-29T01:11:13.178+0000] {logging_mixin.py:188} INFO - [2024-05-29T01:11:13.177+0000] {dag.py:3954} INFO - Setting next_dagrun for example_sensor_decorator to None, run_after=None
[2024-05-29T01:11:13.205+0000] {processor.py:183} INFO - Processing /home/airflow/.local/lib/python3.12/site-packages/airflow/example_dags/example_sensor_decorator.py took 0.086 seconds
[2024-05-29T01:11:43.993+0000] {processor.py:161} INFO - Started process (PID=312) to work on /home/airflow/.local/lib/python3.12/site-packages/airflow/example_dags/example_sensor_decorator.py
[2024-05-29T01:11:43.995+0000] {processor.py:830} INFO - Processing file /home/airflow/.local/lib/python3.12/site-packages/airflow/example_dags/example_sensor_decorator.py for tasks to queue
[2024-05-29T01:11:43.998+0000] {logging_mixin.py:188} INFO - [2024-05-29T01:11:43.998+0000] {dagbag.py:545} INFO - Filling up the DagBag from /home/airflow/.local/lib/python3.12/site-packages/airflow/example_dags/example_sensor_decorator.py
[2024-05-29T01:11:44.019+0000] {processor.py:840} INFO - DAG(s) 'example_sensor_decorator' retrieved from /home/airflow/.local/lib/python3.12/site-packages/airflow/example_dags/example_sensor_decorator.py
[2024-05-29T01:11:44.117+0000] {logging_mixin.py:188} INFO - [2024-05-29T01:11:44.116+0000] {dag.py:3096} INFO - Sync 1 DAGs
[2024-05-29T01:11:44.186+0000] {logging_mixin.py:188} INFO - [2024-05-29T01:11:44.185+0000] {dag.py:3954} INFO - Setting next_dagrun for example_sensor_decorator to None, run_after=None
[2024-05-29T01:11:44.244+0000] {processor.py:183} INFO - Processing /home/airflow/.local/lib/python3.12/site-packages/airflow/example_dags/example_sensor_decorator.py took 0.270 seconds
[2024-05-29T01:12:14.592+0000] {processor.py:161} INFO - Started process (PID=372) to work on /home/airflow/.local/lib/python3.12/site-packages/airflow/example_dags/example_sensor_decorator.py
[2024-05-29T01:12:14.594+0000] {processor.py:830} INFO - Processing file /home/airflow/.local/lib/python3.12/site-packages/airflow/example_dags/example_sensor_decorator.py for tasks to queue
[2024-05-29T01:12:14.597+0000] {logging_mixin.py:188} INFO - [2024-05-29T01:12:14.596+0000] {dagbag.py:545} INFO - Filling up the DagBag from /home/airflow/.local/lib/python3.12/site-packages/airflow/example_dags/example_sensor_decorator.py
[2024-05-29T01:12:14.607+0000] {processor.py:840} INFO - DAG(s) 'example_sensor_decorator' retrieved from /home/airflow/.local/lib/python3.12/site-packages/airflow/example_dags/example_sensor_decorator.py
[2024-05-29T01:12:14.641+0000] {logging_mixin.py:188} INFO - [2024-05-29T01:12:14.641+0000] {dag.py:3096} INFO - Sync 1 DAGs
[2024-05-29T01:12:14.661+0000] {logging_mixin.py:188} INFO - [2024-05-29T01:12:14.661+0000] {dag.py:3954} INFO - Setting next_dagrun for example_sensor_decorator to None, run_after=None
[2024-05-29T01:12:14.700+0000] {processor.py:183} INFO - Processing /home/airflow/.local/lib/python3.12/site-packages/airflow/example_dags/example_sensor_decorator.py took 0.118 seconds
[2024-05-29T01:12:44.812+0000] {processor.py:161} INFO - Started process (PID=432) to work on /home/airflow/.local/lib/python3.12/site-packages/airflow/example_dags/example_sensor_decorator.py
[2024-05-29T01:12:44.815+0000] {processor.py:830} INFO - Processing file /home/airflow/.local/lib/python3.12/site-packages/airflow/example_dags/example_sensor_decorator.py for tasks to queue
[2024-05-29T01:12:44.819+0000] {logging_mixin.py:188} INFO - [2024-05-29T01:12:44.818+0000] {dagbag.py:545} INFO - Filling up the DagBag from /home/airflow/.local/lib/python3.12/site-packages/airflow/example_dags/example_sensor_decorator.py
[2024-05-29T01:12:44.828+0000] {processor.py:840} INFO - DAG(s) 'example_sensor_decorator' retrieved from /home/airflow/.local/lib/python3.12/site-packages/airflow/example_dags/example_sensor_decorator.py
[2024-05-29T01:12:44.862+0000] {logging_mixin.py:188} INFO - [2024-05-29T01:12:44.861+0000] {dag.py:3096} INFO - Sync 1 DAGs
[2024-05-29T01:12:44.885+0000] {logging_mixin.py:188} INFO - [2024-05-29T01:12:44.884+0000] {dag.py:3954} INFO - Setting next_dagrun for example_sensor_decorator to None, run_after=None
[2024-05-29T01:12:44.921+0000] {processor.py:183} INFO - Processing /home/airflow/.local/lib/python3.12/site-packages/airflow/example_dags/example_sensor_decorator.py took 0.117 seconds
[2024-05-29T01:13:15.430+0000] {processor.py:161} INFO - Started process (PID=492) to work on /home/airflow/.local/lib/python3.12/site-packages/airflow/example_dags/example_sensor_decorator.py
[2024-05-29T01:13:15.432+0000] {processor.py:830} INFO - Processing file /home/airflow/.local/lib/python3.12/site-packages/airflow/example_dags/example_sensor_decorator.py for tasks to queue
[2024-05-29T01:13:15.435+0000] {logging_mixin.py:188} INFO - [2024-05-29T01:13:15.435+0000] {dagbag.py:545} INFO - Filling up the DagBag from /home/airflow/.local/lib/python3.12/site-packages/airflow/example_dags/example_sensor_decorator.py
[2024-05-29T01:13:15.445+0000] {processor.py:840} INFO - DAG(s) 'example_sensor_decorator' retrieved from /home/airflow/.local/lib/python3.12/site-packages/airflow/example_dags/example_sensor_decorator.py
[2024-05-29T01:13:15.482+0000] {logging_mixin.py:188} INFO - [2024-05-29T01:13:15.481+0000] {dag.py:3096} INFO - Sync 1 DAGs
[2024-05-29T01:13:15.507+0000] {logging_mixin.py:188} INFO - [2024-05-29T01:13:15.506+0000] {dag.py:3954} INFO - Setting next_dagrun for example_sensor_decorator to None, run_after=None
[2024-05-29T01:13:15.536+0000] {processor.py:183} INFO - Processing /home/airflow/.local/lib/python3.12/site-packages/airflow/example_dags/example_sensor_decorator.py took 0.114 seconds
[2024-05-29T01:13:46.046+0000] {processor.py:161} INFO - Started process (PID=552) to work on /home/airflow/.local/lib/python3.12/site-packages/airflow/example_dags/example_sensor_decorator.py
[2024-05-29T01:13:46.047+0000] {processor.py:830} INFO - Processing file /home/airflow/.local/lib/python3.12/site-packages/airflow/example_dags/example_sensor_decorator.py for tasks to queue
[2024-05-29T01:13:46.049+0000] {logging_mixin.py:188} INFO - [2024-05-29T01:13:46.049+0000] {dagbag.py:545} INFO - Filling up the DagBag from /home/airflow/.local/lib/python3.12/site-packages/airflow/example_dags/example_sensor_decorator.py
[2024-05-29T01:13:46.056+0000] {processor.py:840} INFO - DAG(s) 'example_sensor_decorator' retrieved from /home/airflow/.local/lib/python3.12/site-packages/airflow/example_dags/example_sensor_decorator.py
[2024-05-29T01:13:46.078+0000] {logging_mixin.py:188} INFO - [2024-05-29T01:13:46.077+0000] {dag.py:3096} INFO - Sync 1 DAGs
[2024-05-29T01:13:46.092+0000] {logging_mixin.py:188} INFO - [2024-05-29T01:13:46.092+0000] {dag.py:3954} INFO - Setting next_dagrun for example_sensor_decorator to None, run_after=None
[2024-05-29T01:13:46.116+0000] {processor.py:183} INFO - Processing /home/airflow/.local/lib/python3.12/site-packages/airflow/example_dags/example_sensor_decorator.py took 0.076 seconds
[2024-05-29T01:14:16.312+0000] {processor.py:161} INFO - Started process (PID=612) to work on /home/airflow/.local/lib/python3.12/site-packages/airflow/example_dags/example_sensor_decorator.py
[2024-05-29T01:14:16.313+0000] {processor.py:830} INFO - Processing file /home/airflow/.local/lib/python3.12/site-packages/airflow/example_dags/example_sensor_decorator.py for tasks to queue
[2024-05-29T01:14:16.315+0000] {logging_mixin.py:188} INFO - [2024-05-29T01:14:16.314+0000] {dagbag.py:545} INFO - Filling up the DagBag from /home/airflow/.local/lib/python3.12/site-packages/airflow/example_dags/example_sensor_decorator.py
[2024-05-29T01:14:16.321+0000] {processor.py:840} INFO - DAG(s) 'example_sensor_decorator' retrieved from /home/airflow/.local/lib/python3.12/site-packages/airflow/example_dags/example_sensor_decorator.py
[2024-05-29T01:14:16.341+0000] {logging_mixin.py:188} INFO - [2024-05-29T01:14:16.341+0000] {dag.py:3096} INFO - Sync 1 DAGs
[2024-05-29T01:14:16.360+0000] {logging_mixin.py:188} INFO - [2024-05-29T01:14:16.359+0000] {dag.py:3954} INFO - Setting next_dagrun for example_sensor_decorator to None, run_after=None
[2024-05-29T01:14:16.385+0000] {processor.py:183} INFO - Processing /home/airflow/.local/lib/python3.12/site-packages/airflow/example_dags/example_sensor_decorator.py took 0.080 seconds
[2024-05-29T01:14:46.782+0000] {processor.py:161} INFO - Started process (PID=672) to work on /home/airflow/.local/lib/python3.12/site-packages/airflow/example_dags/example_sensor_decorator.py
[2024-05-29T01:14:46.783+0000] {processor.py:830} INFO - Processing file /home/airflow/.local/lib/python3.12/site-packages/airflow/example_dags/example_sensor_decorator.py for tasks to queue
[2024-05-29T01:14:46.786+0000] {logging_mixin.py:188} INFO - [2024-05-29T01:14:46.785+0000] {dagbag.py:545} INFO - Filling up the DagBag from /home/airflow/.local/lib/python3.12/site-packages/airflow/example_dags/example_sensor_decorator.py
[2024-05-29T01:14:46.796+0000] {processor.py:840} INFO - DAG(s) 'example_sensor_decorator' retrieved from /home/airflow/.local/lib/python3.12/site-packages/airflow/example_dags/example_sensor_decorator.py
[2024-05-29T01:14:46.825+0000] {logging_mixin.py:188} INFO - [2024-05-29T01:14:46.825+0000] {dag.py:3096} INFO - Sync 1 DAGs
[2024-05-29T01:14:46.845+0000] {logging_mixin.py:188} INFO - [2024-05-29T01:14:46.844+0000] {dag.py:3954} INFO - Setting next_dagrun for example_sensor_decorator to None, run_after=None
[2024-05-29T01:14:46.889+0000] {processor.py:183} INFO - Processing /home/airflow/.local/lib/python3.12/site-packages/airflow/example_dags/example_sensor_decorator.py took 0.116 seconds
[2024-05-29T01:15:17.660+0000] {processor.py:161} INFO - Started process (PID=732) to work on /home/airflow/.local/lib/python3.12/site-packages/airflow/example_dags/example_sensor_decorator.py
[2024-05-29T01:15:17.661+0000] {processor.py:830} INFO - Processing file /home/airflow/.local/lib/python3.12/site-packages/airflow/example_dags/example_sensor_decorator.py for tasks to queue
[2024-05-29T01:15:17.663+0000] {logging_mixin.py:188} INFO - [2024-05-29T01:15:17.663+0000] {dagbag.py:545} INFO - Filling up the DagBag from /home/airflow/.local/lib/python3.12/site-packages/airflow/example_dags/example_sensor_decorator.py
[2024-05-29T01:15:17.672+0000] {processor.py:840} INFO - DAG(s) 'example_sensor_decorator' retrieved from /home/airflow/.local/lib/python3.12/site-packages/airflow/example_dags/example_sensor_decorator.py
[2024-05-29T01:15:17.693+0000] {logging_mixin.py:188} INFO - [2024-05-29T01:15:17.693+0000] {dag.py:3096} INFO - Sync 1 DAGs
[2024-05-29T01:15:17.709+0000] {logging_mixin.py:188} INFO - [2024-05-29T01:15:17.709+0000] {dag.py:3954} INFO - Setting next_dagrun for example_sensor_decorator to None, run_after=None
[2024-05-29T01:15:17.730+0000] {processor.py:183} INFO - Processing /home/airflow/.local/lib/python3.12/site-packages/airflow/example_dags/example_sensor_decorator.py took 0.077 seconds
[2024-05-29T01:15:48.324+0000] {processor.py:161} INFO - Started process (PID=792) to work on /home/airflow/.local/lib/python3.12/site-packages/airflow/example_dags/example_sensor_decorator.py
[2024-05-29T01:15:48.325+0000] {processor.py:830} INFO - Processing file /home/airflow/.local/lib/python3.12/site-packages/airflow/example_dags/example_sensor_decorator.py for tasks to queue
[2024-05-29T01:15:48.327+0000] {logging_mixin.py:188} INFO - [2024-05-29T01:15:48.327+0000] {dagbag.py:545} INFO - Filling up the DagBag from /home/airflow/.local/lib/python3.12/site-packages/airflow/example_dags/example_sensor_decorator.py
[2024-05-29T01:15:48.334+0000] {processor.py:840} INFO - DAG(s) 'example_sensor_decorator' retrieved from /home/airflow/.local/lib/python3.12/site-packages/airflow/example_dags/example_sensor_decorator.py
[2024-05-29T01:15:48.363+0000] {logging_mixin.py:188} INFO - [2024-05-29T01:15:48.362+0000] {dag.py:3096} INFO - Sync 1 DAGs
[2024-05-29T01:15:48.377+0000] {logging_mixin.py:188} INFO - [2024-05-29T01:15:48.377+0000] {dag.py:3954} INFO - Setting next_dagrun for example_sensor_decorator to None, run_after=None
[2024-05-29T01:15:48.401+0000] {processor.py:183} INFO - Processing /home/airflow/.local/lib/python3.12/site-packages/airflow/example_dags/example_sensor_decorator.py took 0.083 seconds
[2024-05-29T01:16:18.776+0000] {processor.py:161} INFO - Started process (PID=852) to work on /home/airflow/.local/lib/python3.12/site-packages/airflow/example_dags/example_sensor_decorator.py
[2024-05-29T01:16:18.777+0000] {processor.py:830} INFO - Processing file /home/airflow/.local/lib/python3.12/site-packages/airflow/example_dags/example_sensor_decorator.py for tasks to queue
[2024-05-29T01:16:18.780+0000] {logging_mixin.py:188} INFO - [2024-05-29T01:16:18.779+0000] {dagbag.py:545} INFO - Filling up the DagBag from /home/airflow/.local/lib/python3.12/site-packages/airflow/example_dags/example_sensor_decorator.py
[2024-05-29T01:16:18.790+0000] {processor.py:840} INFO - DAG(s) 'example_sensor_decorator' retrieved from /home/airflow/.local/lib/python3.12/site-packages/airflow/example_dags/example_sensor_decorator.py
[2024-05-29T01:16:18.813+0000] {logging_mixin.py:188} INFO - [2024-05-29T01:16:18.813+0000] {dag.py:3096} INFO - Sync 1 DAGs
[2024-05-29T01:16:18.828+0000] {logging_mixin.py:188} INFO - [2024-05-29T01:16:18.828+0000] {dag.py:3954} INFO - Setting next_dagrun for example_sensor_decorator to None, run_after=None
[2024-05-29T01:16:18.852+0000] {processor.py:183} INFO - Processing /home/airflow/.local/lib/python3.12/site-packages/airflow/example_dags/example_sensor_decorator.py took 0.084 seconds
[2024-05-29T01:16:49.174+0000] {processor.py:161} INFO - Started process (PID=914) to work on /home/airflow/.local/lib/python3.12/site-packages/airflow/example_dags/example_sensor_decorator.py
[2024-05-29T01:16:49.175+0000] {processor.py:830} INFO - Processing file /home/airflow/.local/lib/python3.12/site-packages/airflow/example_dags/example_sensor_decorator.py for tasks to queue
[2024-05-29T01:16:49.178+0000] {logging_mixin.py:188} INFO - [2024-05-29T01:16:49.177+0000] {dagbag.py:545} INFO - Filling up the DagBag from /home/airflow/.local/lib/python3.12/site-packages/airflow/example_dags/example_sensor_decorator.py
[2024-05-29T01:16:49.184+0000] {processor.py:840} INFO - DAG(s) 'example_sensor_decorator' retrieved from /home/airflow/.local/lib/python3.12/site-packages/airflow/example_dags/example_sensor_decorator.py
[2024-05-29T01:16:49.212+0000] {logging_mixin.py:188} INFO - [2024-05-29T01:16:49.212+0000] {dag.py:3096} INFO - Sync 1 DAGs
[2024-05-29T01:16:49.230+0000] {logging_mixin.py:188} INFO - [2024-05-29T01:16:49.230+0000] {dag.py:3954} INFO - Setting next_dagrun for example_sensor_decorator to None, run_after=None
[2024-05-29T01:16:49.257+0000] {processor.py:183} INFO - Processing /home/airflow/.local/lib/python3.12/site-packages/airflow/example_dags/example_sensor_decorator.py took 0.090 seconds
[2024-05-29T01:17:20.114+0000] {processor.py:161} INFO - Started process (PID=975) to work on /home/airflow/.local/lib/python3.12/site-packages/airflow/example_dags/example_sensor_decorator.py
[2024-05-29T01:17:20.116+0000] {processor.py:830} INFO - Processing file /home/airflow/.local/lib/python3.12/site-packages/airflow/example_dags/example_sensor_decorator.py for tasks to queue
[2024-05-29T01:17:20.118+0000] {logging_mixin.py:188} INFO - [2024-05-29T01:17:20.118+0000] {dagbag.py:545} INFO - Filling up the DagBag from /home/airflow/.local/lib/python3.12/site-packages/airflow/example_dags/example_sensor_decorator.py
[2024-05-29T01:17:20.127+0000] {processor.py:840} INFO - DAG(s) 'example_sensor_decorator' retrieved from /home/airflow/.local/lib/python3.12/site-packages/airflow/example_dags/example_sensor_decorator.py
[2024-05-29T01:17:20.157+0000] {logging_mixin.py:188} INFO - [2024-05-29T01:17:20.156+0000] {dag.py:3096} INFO - Sync 1 DAGs
[2024-05-29T01:17:20.174+0000] {logging_mixin.py:188} INFO - [2024-05-29T01:17:20.174+0000] {dag.py:3954} INFO - Setting next_dagrun for example_sensor_decorator to None, run_after=None
[2024-05-29T01:17:20.199+0000] {processor.py:183} INFO - Processing /home/airflow/.local/lib/python3.12/site-packages/airflow/example_dags/example_sensor_decorator.py took 0.093 seconds
[2024-05-29T01:17:50.854+0000] {processor.py:161} INFO - Started process (PID=1037) to work on /home/airflow/.local/lib/python3.12/site-packages/airflow/example_dags/example_sensor_decorator.py
[2024-05-29T01:17:50.855+0000] {processor.py:830} INFO - Processing file /home/airflow/.local/lib/python3.12/site-packages/airflow/example_dags/example_sensor_decorator.py for tasks to queue
[2024-05-29T01:17:50.858+0000] {logging_mixin.py:188} INFO - [2024-05-29T01:17:50.858+0000] {dagbag.py:545} INFO - Filling up the DagBag from /home/airflow/.local/lib/python3.12/site-packages/airflow/example_dags/example_sensor_decorator.py
[2024-05-29T01:17:50.865+0000] {processor.py:840} INFO - DAG(s) 'example_sensor_decorator' retrieved from /home/airflow/.local/lib/python3.12/site-packages/airflow/example_dags/example_sensor_decorator.py
[2024-05-29T01:17:50.887+0000] {logging_mixin.py:188} INFO - [2024-05-29T01:17:50.887+0000] {dag.py:3096} INFO - Sync 1 DAGs
[2024-05-29T01:17:50.904+0000] {logging_mixin.py:188} INFO - [2024-05-29T01:17:50.904+0000] {dag.py:3954} INFO - Setting next_dagrun for example_sensor_decorator to None, run_after=None
[2024-05-29T01:17:50.927+0000] {processor.py:183} INFO - Processing /home/airflow/.local/lib/python3.12/site-packages/airflow/example_dags/example_sensor_decorator.py took 0.079 seconds
[2024-05-29T01:18:21.286+0000] {processor.py:161} INFO - Started process (PID=1097) to work on /home/airflow/.local/lib/python3.12/site-packages/airflow/example_dags/example_sensor_decorator.py
[2024-05-29T01:18:21.287+0000] {processor.py:830} INFO - Processing file /home/airflow/.local/lib/python3.12/site-packages/airflow/example_dags/example_sensor_decorator.py for tasks to queue
[2024-05-29T01:18:21.289+0000] {logging_mixin.py:188} INFO - [2024-05-29T01:18:21.289+0000] {dagbag.py:545} INFO - Filling up the DagBag from /home/airflow/.local/lib/python3.12/site-packages/airflow/example_dags/example_sensor_decorator.py
[2024-05-29T01:18:21.297+0000] {processor.py:840} INFO - DAG(s) 'example_sensor_decorator' retrieved from /home/airflow/.local/lib/python3.12/site-packages/airflow/example_dags/example_sensor_decorator.py
[2024-05-29T01:18:21.320+0000] {logging_mixin.py:188} INFO - [2024-05-29T01:18:21.320+0000] {dag.py:3096} INFO - Sync 1 DAGs
[2024-05-29T01:18:21.334+0000] {logging_mixin.py:188} INFO - [2024-05-29T01:18:21.333+0000] {dag.py:3954} INFO - Setting next_dagrun for example_sensor_decorator to None, run_after=None
[2024-05-29T01:18:21.356+0000] {processor.py:183} INFO - Processing /home/airflow/.local/lib/python3.12/site-packages/airflow/example_dags/example_sensor_decorator.py took 0.078 seconds
[2024-05-29T01:18:51.537+0000] {processor.py:161} INFO - Started process (PID=1159) to work on /home/airflow/.local/lib/python3.12/site-packages/airflow/example_dags/example_sensor_decorator.py
[2024-05-29T01:18:51.538+0000] {processor.py:830} INFO - Processing file /home/airflow/.local/lib/python3.12/site-packages/airflow/example_dags/example_sensor_decorator.py for tasks to queue
[2024-05-29T01:18:51.541+0000] {logging_mixin.py:188} INFO - [2024-05-29T01:18:51.540+0000] {dagbag.py:545} INFO - Filling up the DagBag from /home/airflow/.local/lib/python3.12/site-packages/airflow/example_dags/example_sensor_decorator.py
[2024-05-29T01:18:51.547+0000] {processor.py:840} INFO - DAG(s) 'example_sensor_decorator' retrieved from /home/airflow/.local/lib/python3.12/site-packages/airflow/example_dags/example_sensor_decorator.py
[2024-05-29T01:18:51.572+0000] {logging_mixin.py:188} INFO - [2024-05-29T01:18:51.572+0000] {dag.py:3096} INFO - Sync 1 DAGs
[2024-05-29T01:18:51.588+0000] {logging_mixin.py:188} INFO - [2024-05-29T01:18:51.588+0000] {dag.py:3954} INFO - Setting next_dagrun for example_sensor_decorator to None, run_after=None
[2024-05-29T01:18:51.614+0000] {processor.py:183} INFO - Processing /home/airflow/.local/lib/python3.12/site-packages/airflow/example_dags/example_sensor_decorator.py took 0.084 seconds
[2024-05-29T01:19:22.836+0000] {processor.py:161} INFO - Started process (PID=1219) to work on /home/airflow/.local/lib/python3.12/site-packages/airflow/example_dags/example_sensor_decorator.py
[2024-05-29T01:19:22.838+0000] {processor.py:830} INFO - Processing file /home/airflow/.local/lib/python3.12/site-packages/airflow/example_dags/example_sensor_decorator.py for tasks to queue
[2024-05-29T01:19:22.840+0000] {logging_mixin.py:188} INFO - [2024-05-29T01:19:22.840+0000] {dagbag.py:545} INFO - Filling up the DagBag from /home/airflow/.local/lib/python3.12/site-packages/airflow/example_dags/example_sensor_decorator.py
[2024-05-29T01:19:22.847+0000] {processor.py:840} INFO - DAG(s) 'example_sensor_decorator' retrieved from /home/airflow/.local/lib/python3.12/site-packages/airflow/example_dags/example_sensor_decorator.py
[2024-05-29T01:19:22.871+0000] {logging_mixin.py:188} INFO - [2024-05-29T01:19:22.870+0000] {dag.py:3096} INFO - Sync 1 DAGs
[2024-05-29T01:19:22.886+0000] {logging_mixin.py:188} INFO - [2024-05-29T01:19:22.886+0000] {dag.py:3954} INFO - Setting next_dagrun for example_sensor_decorator to None, run_after=None
[2024-05-29T01:19:22.913+0000] {processor.py:183} INFO - Processing /home/airflow/.local/lib/python3.12/site-packages/airflow/example_dags/example_sensor_decorator.py took 0.083 seconds
[2024-05-29T01:19:53.344+0000] {processor.py:161} INFO - Started process (PID=1279) to work on /home/airflow/.local/lib/python3.12/site-packages/airflow/example_dags/example_sensor_decorator.py
[2024-05-29T01:19:53.345+0000] {processor.py:830} INFO - Processing file /home/airflow/.local/lib/python3.12/site-packages/airflow/example_dags/example_sensor_decorator.py for tasks to queue
[2024-05-29T01:19:53.347+0000] {logging_mixin.py:188} INFO - [2024-05-29T01:19:53.346+0000] {dagbag.py:545} INFO - Filling up the DagBag from /home/airflow/.local/lib/python3.12/site-packages/airflow/example_dags/example_sensor_decorator.py
[2024-05-29T01:19:53.353+0000] {processor.py:840} INFO - DAG(s) 'example_sensor_decorator' retrieved from /home/airflow/.local/lib/python3.12/site-packages/airflow/example_dags/example_sensor_decorator.py
[2024-05-29T01:19:53.371+0000] {logging_mixin.py:188} INFO - [2024-05-29T01:19:53.370+0000] {dag.py:3096} INFO - Sync 1 DAGs
[2024-05-29T01:19:53.383+0000] {logging_mixin.py:188} INFO - [2024-05-29T01:19:53.383+0000] {dag.py:3954} INFO - Setting next_dagrun for example_sensor_decorator to None, run_after=None
[2024-05-29T01:19:53.404+0000] {processor.py:183} INFO - Processing /home/airflow/.local/lib/python3.12/site-packages/airflow/example_dags/example_sensor_decorator.py took 0.067 seconds
[2024-05-29T01:20:23.751+0000] {processor.py:161} INFO - Started process (PID=1339) to work on /home/airflow/.local/lib/python3.12/site-packages/airflow/example_dags/example_sensor_decorator.py
[2024-05-29T01:20:23.753+0000] {processor.py:830} INFO - Processing file /home/airflow/.local/lib/python3.12/site-packages/airflow/example_dags/example_sensor_decorator.py for tasks to queue
[2024-05-29T01:20:23.755+0000] {logging_mixin.py:188} INFO - [2024-05-29T01:20:23.755+0000] {dagbag.py:545} INFO - Filling up the DagBag from /home/airflow/.local/lib/python3.12/site-packages/airflow/example_dags/example_sensor_decorator.py
[2024-05-29T01:20:23.764+0000] {processor.py:840} INFO - DAG(s) 'example_sensor_decorator' retrieved from /home/airflow/.local/lib/python3.12/site-packages/airflow/example_dags/example_sensor_decorator.py
[2024-05-29T01:20:23.788+0000] {logging_mixin.py:188} INFO - [2024-05-29T01:20:23.788+0000] {dag.py:3096} INFO - Sync 1 DAGs
[2024-05-29T01:20:23.805+0000] {logging_mixin.py:188} INFO - [2024-05-29T01:20:23.805+0000] {dag.py:3954} INFO - Setting next_dagrun for example_sensor_decorator to None, run_after=None
[2024-05-29T01:20:23.831+0000] {processor.py:183} INFO - Processing /home/airflow/.local/lib/python3.12/site-packages/airflow/example_dags/example_sensor_decorator.py took 0.087 seconds
[2024-05-29T01:22:20.301+0000] {processor.py:161} INFO - Started process (PID=1405) to work on /home/airflow/.local/lib/python3.12/site-packages/airflow/example_dags/example_sensor_decorator.py
[2024-05-29T01:22:20.305+0000] {processor.py:830} INFO - Processing file /home/airflow/.local/lib/python3.12/site-packages/airflow/example_dags/example_sensor_decorator.py for tasks to queue
[2024-05-29T01:22:20.307+0000] {logging_mixin.py:188} INFO - [2024-05-29T01:22:20.306+0000] {dagbag.py:545} INFO - Filling up the DagBag from /home/airflow/.local/lib/python3.12/site-packages/airflow/example_dags/example_sensor_decorator.py
[2024-05-29T01:22:20.316+0000] {processor.py:840} INFO - DAG(s) 'example_sensor_decorator' retrieved from /home/airflow/.local/lib/python3.12/site-packages/airflow/example_dags/example_sensor_decorator.py
[2024-05-29T01:22:20.352+0000] {logging_mixin.py:188} INFO - [2024-05-29T01:22:20.351+0000] {dag.py:3096} INFO - Sync 1 DAGs
[2024-05-29T01:22:20.373+0000] {logging_mixin.py:188} INFO - [2024-05-29T01:22:20.373+0000] {dag.py:3954} INFO - Setting next_dagrun for example_sensor_decorator to None, run_after=None
[2024-05-29T01:22:20.403+0000] {processor.py:183} INFO - Processing /home/airflow/.local/lib/python3.12/site-packages/airflow/example_dags/example_sensor_decorator.py took 0.113 seconds
[2024-05-29T01:22:51.219+0000] {processor.py:161} INFO - Started process (PID=1465) to work on /home/airflow/.local/lib/python3.12/site-packages/airflow/example_dags/example_sensor_decorator.py
[2024-05-29T01:22:51.221+0000] {processor.py:830} INFO - Processing file /home/airflow/.local/lib/python3.12/site-packages/airflow/example_dags/example_sensor_decorator.py for tasks to queue
[2024-05-29T01:22:51.222+0000] {logging_mixin.py:188} INFO - [2024-05-29T01:22:51.222+0000] {dagbag.py:545} INFO - Filling up the DagBag from /home/airflow/.local/lib/python3.12/site-packages/airflow/example_dags/example_sensor_decorator.py
[2024-05-29T01:22:51.237+0000] {processor.py:840} INFO - DAG(s) 'example_sensor_decorator' retrieved from /home/airflow/.local/lib/python3.12/site-packages/airflow/example_dags/example_sensor_decorator.py
[2024-05-29T01:22:51.272+0000] {logging_mixin.py:188} INFO - [2024-05-29T01:22:51.272+0000] {dag.py:3096} INFO - Sync 1 DAGs
[2024-05-29T01:22:51.295+0000] {logging_mixin.py:188} INFO - [2024-05-29T01:22:51.295+0000] {dag.py:3954} INFO - Setting next_dagrun for example_sensor_decorator to None, run_after=None
[2024-05-29T01:22:51.334+0000] {processor.py:183} INFO - Processing /home/airflow/.local/lib/python3.12/site-packages/airflow/example_dags/example_sensor_decorator.py took 0.126 seconds
[2024-05-29T01:27:48.809+0000] {processor.py:161} INFO - Started process (PID=65) to work on /home/airflow/.local/lib/python3.12/site-packages/airflow/example_dags/example_sensor_decorator.py
[2024-05-29T01:27:48.811+0000] {processor.py:830} INFO - Processing file /home/airflow/.local/lib/python3.12/site-packages/airflow/example_dags/example_sensor_decorator.py for tasks to queue
[2024-05-29T01:27:48.814+0000] {logging_mixin.py:188} INFO - [2024-05-29T01:27:48.814+0000] {dagbag.py:545} INFO - Filling up the DagBag from /home/airflow/.local/lib/python3.12/site-packages/airflow/example_dags/example_sensor_decorator.py
[2024-05-29T01:27:48.823+0000] {processor.py:840} INFO - DAG(s) 'example_sensor_decorator' retrieved from /home/airflow/.local/lib/python3.12/site-packages/airflow/example_dags/example_sensor_decorator.py
[2024-05-29T01:27:48.858+0000] {logging_mixin.py:188} INFO - [2024-05-29T01:27:48.857+0000] {dag.py:3096} INFO - Sync 1 DAGs
[2024-05-29T01:27:48.878+0000] {logging_mixin.py:188} INFO - [2024-05-29T01:27:48.878+0000] {dag.py:3954} INFO - Setting next_dagrun for example_sensor_decorator to None, run_after=None
[2024-05-29T01:27:48.914+0000] {processor.py:183} INFO - Processing /home/airflow/.local/lib/python3.12/site-packages/airflow/example_dags/example_sensor_decorator.py took 0.113 seconds
[2024-05-29T01:28:19.897+0000] {processor.py:161} INFO - Started process (PID=124) to work on /home/airflow/.local/lib/python3.12/site-packages/airflow/example_dags/example_sensor_decorator.py
[2024-05-29T01:28:19.900+0000] {processor.py:830} INFO - Processing file /home/airflow/.local/lib/python3.12/site-packages/airflow/example_dags/example_sensor_decorator.py for tasks to queue
[2024-05-29T01:28:19.908+0000] {logging_mixin.py:188} INFO - [2024-05-29T01:28:19.906+0000] {dagbag.py:545} INFO - Filling up the DagBag from /home/airflow/.local/lib/python3.12/site-packages/airflow/example_dags/example_sensor_decorator.py
[2024-05-29T01:28:19.933+0000] {processor.py:840} INFO - DAG(s) 'example_sensor_decorator' retrieved from /home/airflow/.local/lib/python3.12/site-packages/airflow/example_dags/example_sensor_decorator.py
