[2024-05-29T01:09:37.170+0000] {processor.py:161} INFO - Started process (PID=59) to work on /home/airflow/.local/lib/python3.12/site-packages/airflow/example_dags/example_bash_operator.py
[2024-05-29T01:09:37.180+0000] {processor.py:830} INFO - Processing file /home/airflow/.local/lib/python3.12/site-packages/airflow/example_dags/example_bash_operator.py for tasks to queue
[2024-05-29T01:09:37.199+0000] {logging_mixin.py:188} INFO - [2024-05-29T01:09:37.198+0000] {dagbag.py:545} INFO - Filling up the DagBag from /home/airflow/.local/lib/python3.12/site-packages/airflow/example_dags/example_bash_operator.py
[2024-05-29T01:09:37.234+0000] {processor.py:840} INFO - DAG(s) 'example_bash_operator' retrieved from /home/airflow/.local/lib/python3.12/site-packages/airflow/example_dags/example_bash_operator.py
[2024-05-29T01:09:37.554+0000] {logging_mixin.py:188} INFO - [2024-05-29T01:09:37.551+0000] {override.py:1829} INFO - Created Permission View: can edit on DAG:example_bash_operator
[2024-05-29T01:09:37.584+0000] {logging_mixin.py:188} INFO - [2024-05-29T01:09:37.583+0000] {override.py:1829} INFO - Created Permission View: can delete on DAG:example_bash_operator
[2024-05-29T01:09:37.596+0000] {logging_mixin.py:188} INFO - [2024-05-29T01:09:37.596+0000] {override.py:1829} INFO - Created Permission View: can read on DAG:example_bash_operator
[2024-05-29T01:09:37.619+0000] {logging_mixin.py:188} INFO - [2024-05-29T01:09:37.618+0000] {dag.py:3096} INFO - Sync 1 DAGs
[2024-05-29T01:09:37.677+0000] {logging_mixin.py:188} INFO - [2024-05-29T01:09:37.677+0000] {dag.py:3118} INFO - Creating ORM DAG for example_bash_operator
[2024-05-29T01:09:37.991+0000] {logging_mixin.py:188} INFO - [2024-05-29T01:09:37.989+0000] {dag.py:3954} INFO - Setting next_dagrun for example_bash_operator to 2024-05-28 00:00:00+00:00, run_after=2024-05-29 00:00:00+00:00
[2024-05-29T01:09:38.092+0000] {processor.py:183} INFO - Processing /home/airflow/.local/lib/python3.12/site-packages/airflow/example_dags/example_bash_operator.py took 0.945 seconds
[2024-05-29T01:10:08.559+0000] {processor.py:161} INFO - Started process (PID=119) to work on /home/airflow/.local/lib/python3.12/site-packages/airflow/example_dags/example_bash_operator.py
[2024-05-29T01:10:08.561+0000] {processor.py:830} INFO - Processing file /home/airflow/.local/lib/python3.12/site-packages/airflow/example_dags/example_bash_operator.py for tasks to queue
[2024-05-29T01:10:08.563+0000] {logging_mixin.py:188} INFO - [2024-05-29T01:10:08.563+0000] {dagbag.py:545} INFO - Filling up the DagBag from /home/airflow/.local/lib/python3.12/site-packages/airflow/example_dags/example_bash_operator.py
[2024-05-29T01:10:08.578+0000] {processor.py:840} INFO - DAG(s) 'example_bash_operator' retrieved from /home/airflow/.local/lib/python3.12/site-packages/airflow/example_dags/example_bash_operator.py
[2024-05-29T01:10:08.660+0000] {logging_mixin.py:188} INFO - [2024-05-29T01:10:08.660+0000] {dag.py:3096} INFO - Sync 1 DAGs
[2024-05-29T01:10:08.719+0000] {logging_mixin.py:188} INFO - [2024-05-29T01:10:08.719+0000] {dag.py:3954} INFO - Setting next_dagrun for example_bash_operator to 2024-05-28 00:00:00+00:00, run_after=2024-05-29 00:00:00+00:00
[2024-05-29T01:10:08.767+0000] {processor.py:183} INFO - Processing /home/airflow/.local/lib/python3.12/site-packages/airflow/example_dags/example_bash_operator.py took 0.215 seconds
[2024-05-29T01:10:38.928+0000] {processor.py:161} INFO - Started process (PID=179) to work on /home/airflow/.local/lib/python3.12/site-packages/airflow/example_dags/example_bash_operator.py
[2024-05-29T01:10:38.930+0000] {processor.py:830} INFO - Processing file /home/airflow/.local/lib/python3.12/site-packages/airflow/example_dags/example_bash_operator.py for tasks to queue
[2024-05-29T01:10:38.934+0000] {logging_mixin.py:188} INFO - [2024-05-29T01:10:38.934+0000] {dagbag.py:545} INFO - Filling up the DagBag from /home/airflow/.local/lib/python3.12/site-packages/airflow/example_dags/example_bash_operator.py
[2024-05-29T01:10:38.955+0000] {processor.py:840} INFO - DAG(s) 'example_bash_operator' retrieved from /home/airflow/.local/lib/python3.12/site-packages/airflow/example_dags/example_bash_operator.py
[2024-05-29T01:10:39.001+0000] {logging_mixin.py:188} INFO - [2024-05-29T01:10:39.000+0000] {dag.py:3096} INFO - Sync 1 DAGs
[2024-05-29T01:10:39.036+0000] {logging_mixin.py:188} INFO - [2024-05-29T01:10:39.036+0000] {dag.py:3954} INFO - Setting next_dagrun for example_bash_operator to 2024-05-28 00:00:00+00:00, run_after=2024-05-29 00:00:00+00:00
[2024-05-29T01:10:39.066+0000] {processor.py:183} INFO - Processing /home/airflow/.local/lib/python3.12/site-packages/airflow/example_dags/example_bash_operator.py took 0.149 seconds
[2024-05-29T01:11:09.725+0000] {processor.py:161} INFO - Started process (PID=239) to work on /home/airflow/.local/lib/python3.12/site-packages/airflow/example_dags/example_bash_operator.py
[2024-05-29T01:11:09.728+0000] {processor.py:830} INFO - Processing file /home/airflow/.local/lib/python3.12/site-packages/airflow/example_dags/example_bash_operator.py for tasks to queue
[2024-05-29T01:11:09.732+0000] {logging_mixin.py:188} INFO - [2024-05-29T01:11:09.731+0000] {dagbag.py:545} INFO - Filling up the DagBag from /home/airflow/.local/lib/python3.12/site-packages/airflow/example_dags/example_bash_operator.py
[2024-05-29T01:11:09.750+0000] {processor.py:840} INFO - DAG(s) 'example_bash_operator' retrieved from /home/airflow/.local/lib/python3.12/site-packages/airflow/example_dags/example_bash_operator.py
[2024-05-29T01:11:09.793+0000] {logging_mixin.py:188} INFO - [2024-05-29T01:11:09.792+0000] {dag.py:3096} INFO - Sync 1 DAGs
[2024-05-29T01:11:09.832+0000] {logging_mixin.py:188} INFO - [2024-05-29T01:11:09.831+0000] {dag.py:3954} INFO - Setting next_dagrun for example_bash_operator to 2024-05-28 00:00:00+00:00, run_after=2024-05-29 00:00:00+00:00
[2024-05-29T01:11:09.862+0000] {processor.py:183} INFO - Processing /home/airflow/.local/lib/python3.12/site-packages/airflow/example_dags/example_bash_operator.py took 0.146 seconds
[2024-05-29T01:11:39.940+0000] {processor.py:161} INFO - Started process (PID=300) to work on /home/airflow/.local/lib/python3.12/site-packages/airflow/example_dags/example_bash_operator.py
[2024-05-29T01:11:39.942+0000] {processor.py:830} INFO - Processing file /home/airflow/.local/lib/python3.12/site-packages/airflow/example_dags/example_bash_operator.py for tasks to queue
[2024-05-29T01:11:39.947+0000] {logging_mixin.py:188} INFO - [2024-05-29T01:11:39.947+0000] {dagbag.py:545} INFO - Filling up the DagBag from /home/airflow/.local/lib/python3.12/site-packages/airflow/example_dags/example_bash_operator.py
[2024-05-29T01:11:39.969+0000] {processor.py:840} INFO - DAG(s) 'example_bash_operator' retrieved from /home/airflow/.local/lib/python3.12/site-packages/airflow/example_dags/example_bash_operator.py
[2024-05-29T01:11:40.034+0000] {logging_mixin.py:188} INFO - [2024-05-29T01:11:40.034+0000] {dag.py:3096} INFO - Sync 1 DAGs
[2024-05-29T01:11:40.074+0000] {logging_mixin.py:188} INFO - [2024-05-29T01:11:40.074+0000] {dag.py:3954} INFO - Setting next_dagrun for example_bash_operator to 2024-05-28 00:00:00+00:00, run_after=2024-05-29 00:00:00+00:00
[2024-05-29T01:11:40.108+0000] {processor.py:183} INFO - Processing /home/airflow/.local/lib/python3.12/site-packages/airflow/example_dags/example_bash_operator.py took 0.179 seconds
[2024-05-29T01:12:10.421+0000] {processor.py:161} INFO - Started process (PID=360) to work on /home/airflow/.local/lib/python3.12/site-packages/airflow/example_dags/example_bash_operator.py
[2024-05-29T01:12:10.425+0000] {processor.py:830} INFO - Processing file /home/airflow/.local/lib/python3.12/site-packages/airflow/example_dags/example_bash_operator.py for tasks to queue
[2024-05-29T01:12:10.427+0000] {logging_mixin.py:188} INFO - [2024-05-29T01:12:10.427+0000] {dagbag.py:545} INFO - Filling up the DagBag from /home/airflow/.local/lib/python3.12/site-packages/airflow/example_dags/example_bash_operator.py
[2024-05-29T01:12:10.443+0000] {processor.py:840} INFO - DAG(s) 'example_bash_operator' retrieved from /home/airflow/.local/lib/python3.12/site-packages/airflow/example_dags/example_bash_operator.py
[2024-05-29T01:12:10.487+0000] {logging_mixin.py:188} INFO - [2024-05-29T01:12:10.487+0000] {dag.py:3096} INFO - Sync 1 DAGs
[2024-05-29T01:12:10.527+0000] {logging_mixin.py:188} INFO - [2024-05-29T01:12:10.527+0000] {dag.py:3954} INFO - Setting next_dagrun for example_bash_operator to 2024-05-28 00:00:00+00:00, run_after=2024-05-29 00:00:00+00:00
[2024-05-29T01:12:10.557+0000] {processor.py:183} INFO - Processing /home/airflow/.local/lib/python3.12/site-packages/airflow/example_dags/example_bash_operator.py took 0.145 seconds
[2024-05-29T01:12:40.717+0000] {processor.py:161} INFO - Started process (PID=421) to work on /home/airflow/.local/lib/python3.12/site-packages/airflow/example_dags/example_bash_operator.py
[2024-05-29T01:12:40.719+0000] {processor.py:830} INFO - Processing file /home/airflow/.local/lib/python3.12/site-packages/airflow/example_dags/example_bash_operator.py for tasks to queue
[2024-05-29T01:12:40.721+0000] {logging_mixin.py:188} INFO - [2024-05-29T01:12:40.720+0000] {dagbag.py:545} INFO - Filling up the DagBag from /home/airflow/.local/lib/python3.12/site-packages/airflow/example_dags/example_bash_operator.py
[2024-05-29T01:12:40.737+0000] {processor.py:840} INFO - DAG(s) 'example_bash_operator' retrieved from /home/airflow/.local/lib/python3.12/site-packages/airflow/example_dags/example_bash_operator.py
[2024-05-29T01:12:40.774+0000] {logging_mixin.py:188} INFO - [2024-05-29T01:12:40.774+0000] {dag.py:3096} INFO - Sync 1 DAGs
[2024-05-29T01:12:40.807+0000] {logging_mixin.py:188} INFO - [2024-05-29T01:12:40.807+0000] {dag.py:3954} INFO - Setting next_dagrun for example_bash_operator to 2024-05-28 00:00:00+00:00, run_after=2024-05-29 00:00:00+00:00
[2024-05-29T01:12:40.834+0000] {processor.py:183} INFO - Processing /home/airflow/.local/lib/python3.12/site-packages/airflow/example_dags/example_bash_operator.py took 0.123 seconds
[2024-05-29T01:13:11.249+0000] {processor.py:161} INFO - Started process (PID=480) to work on /home/airflow/.local/lib/python3.12/site-packages/airflow/example_dags/example_bash_operator.py
[2024-05-29T01:13:11.250+0000] {processor.py:830} INFO - Processing file /home/airflow/.local/lib/python3.12/site-packages/airflow/example_dags/example_bash_operator.py for tasks to queue
[2024-05-29T01:13:11.253+0000] {logging_mixin.py:188} INFO - [2024-05-29T01:13:11.253+0000] {dagbag.py:545} INFO - Filling up the DagBag from /home/airflow/.local/lib/python3.12/site-packages/airflow/example_dags/example_bash_operator.py
[2024-05-29T01:13:11.275+0000] {processor.py:840} INFO - DAG(s) 'example_bash_operator' retrieved from /home/airflow/.local/lib/python3.12/site-packages/airflow/example_dags/example_bash_operator.py
[2024-05-29T01:13:11.320+0000] {logging_mixin.py:188} INFO - [2024-05-29T01:13:11.320+0000] {dag.py:3096} INFO - Sync 1 DAGs
[2024-05-29T01:13:11.353+0000] {logging_mixin.py:188} INFO - [2024-05-29T01:13:11.353+0000] {dag.py:3954} INFO - Setting next_dagrun for example_bash_operator to 2024-05-28 00:00:00+00:00, run_after=2024-05-29 00:00:00+00:00
[2024-05-29T01:13:11.381+0000] {processor.py:183} INFO - Processing /home/airflow/.local/lib/python3.12/site-packages/airflow/example_dags/example_bash_operator.py took 0.141 seconds
[2024-05-29T01:13:42.098+0000] {processor.py:161} INFO - Started process (PID=540) to work on /home/airflow/.local/lib/python3.12/site-packages/airflow/example_dags/example_bash_operator.py
[2024-05-29T01:13:42.099+0000] {processor.py:830} INFO - Processing file /home/airflow/.local/lib/python3.12/site-packages/airflow/example_dags/example_bash_operator.py for tasks to queue
[2024-05-29T01:13:42.102+0000] {logging_mixin.py:188} INFO - [2024-05-29T01:13:42.101+0000] {dagbag.py:545} INFO - Filling up the DagBag from /home/airflow/.local/lib/python3.12/site-packages/airflow/example_dags/example_bash_operator.py
[2024-05-29T01:13:42.117+0000] {processor.py:840} INFO - DAG(s) 'example_bash_operator' retrieved from /home/airflow/.local/lib/python3.12/site-packages/airflow/example_dags/example_bash_operator.py
[2024-05-29T01:13:42.150+0000] {logging_mixin.py:188} INFO - [2024-05-29T01:13:42.149+0000] {dag.py:3096} INFO - Sync 1 DAGs
[2024-05-29T01:13:42.186+0000] {logging_mixin.py:188} INFO - [2024-05-29T01:13:42.186+0000] {dag.py:3954} INFO - Setting next_dagrun for example_bash_operator to 2024-05-28 00:00:00+00:00, run_after=2024-05-29 00:00:00+00:00
[2024-05-29T01:13:42.208+0000] {processor.py:183} INFO - Processing /home/airflow/.local/lib/python3.12/site-packages/airflow/example_dags/example_bash_operator.py took 0.118 seconds
[2024-05-29T01:14:12.270+0000] {processor.py:161} INFO - Started process (PID=599) to work on /home/airflow/.local/lib/python3.12/site-packages/airflow/example_dags/example_bash_operator.py
[2024-05-29T01:14:12.271+0000] {processor.py:830} INFO - Processing file /home/airflow/.local/lib/python3.12/site-packages/airflow/example_dags/example_bash_operator.py for tasks to queue
[2024-05-29T01:14:12.274+0000] {logging_mixin.py:188} INFO - [2024-05-29T01:14:12.273+0000] {dagbag.py:545} INFO - Filling up the DagBag from /home/airflow/.local/lib/python3.12/site-packages/airflow/example_dags/example_bash_operator.py
[2024-05-29T01:14:12.285+0000] {processor.py:840} INFO - DAG(s) 'example_bash_operator' retrieved from /home/airflow/.local/lib/python3.12/site-packages/airflow/example_dags/example_bash_operator.py
[2024-05-29T01:14:12.316+0000] {logging_mixin.py:188} INFO - [2024-05-29T01:14:12.316+0000] {dag.py:3096} INFO - Sync 1 DAGs
[2024-05-29T01:14:12.341+0000] {logging_mixin.py:188} INFO - [2024-05-29T01:14:12.340+0000] {dag.py:3954} INFO - Setting next_dagrun for example_bash_operator to 2024-05-28 00:00:00+00:00, run_after=2024-05-29 00:00:00+00:00
[2024-05-29T01:14:12.365+0000] {processor.py:183} INFO - Processing /home/airflow/.local/lib/python3.12/site-packages/airflow/example_dags/example_bash_operator.py took 0.101 seconds
[2024-05-29T01:14:42.427+0000] {processor.py:161} INFO - Started process (PID=659) to work on /home/airflow/.local/lib/python3.12/site-packages/airflow/example_dags/example_bash_operator.py
[2024-05-29T01:14:42.428+0000] {processor.py:830} INFO - Processing file /home/airflow/.local/lib/python3.12/site-packages/airflow/example_dags/example_bash_operator.py for tasks to queue
[2024-05-29T01:14:42.432+0000] {logging_mixin.py:188} INFO - [2024-05-29T01:14:42.431+0000] {dagbag.py:545} INFO - Filling up the DagBag from /home/airflow/.local/lib/python3.12/site-packages/airflow/example_dags/example_bash_operator.py
[2024-05-29T01:14:42.445+0000] {processor.py:840} INFO - DAG(s) 'example_bash_operator' retrieved from /home/airflow/.local/lib/python3.12/site-packages/airflow/example_dags/example_bash_operator.py
[2024-05-29T01:14:42.476+0000] {logging_mixin.py:188} INFO - [2024-05-29T01:14:42.475+0000] {dag.py:3096} INFO - Sync 1 DAGs
[2024-05-29T01:14:42.509+0000] {logging_mixin.py:188} INFO - [2024-05-29T01:14:42.509+0000] {dag.py:3954} INFO - Setting next_dagrun for example_bash_operator to 2024-05-28 00:00:00+00:00, run_after=2024-05-29 00:00:00+00:00
[2024-05-29T01:14:42.539+0000] {processor.py:183} INFO - Processing /home/airflow/.local/lib/python3.12/site-packages/airflow/example_dags/example_bash_operator.py took 0.118 seconds
[2024-05-29T01:15:12.776+0000] {processor.py:161} INFO - Started process (PID=717) to work on /home/airflow/.local/lib/python3.12/site-packages/airflow/example_dags/example_bash_operator.py
[2024-05-29T01:15:12.777+0000] {processor.py:830} INFO - Processing file /home/airflow/.local/lib/python3.12/site-packages/airflow/example_dags/example_bash_operator.py for tasks to queue
[2024-05-29T01:15:12.779+0000] {logging_mixin.py:188} INFO - [2024-05-29T01:15:12.779+0000] {dagbag.py:545} INFO - Filling up the DagBag from /home/airflow/.local/lib/python3.12/site-packages/airflow/example_dags/example_bash_operator.py
[2024-05-29T01:15:12.795+0000] {processor.py:840} INFO - DAG(s) 'example_bash_operator' retrieved from /home/airflow/.local/lib/python3.12/site-packages/airflow/example_dags/example_bash_operator.py
[2024-05-29T01:15:12.830+0000] {logging_mixin.py:188} INFO - [2024-05-29T01:15:12.830+0000] {dag.py:3096} INFO - Sync 1 DAGs
[2024-05-29T01:15:12.864+0000] {logging_mixin.py:188} INFO - [2024-05-29T01:15:12.863+0000] {dag.py:3954} INFO - Setting next_dagrun for example_bash_operator to 2024-05-28 00:00:00+00:00, run_after=2024-05-29 00:00:00+00:00
[2024-05-29T01:15:12.890+0000] {processor.py:183} INFO - Processing /home/airflow/.local/lib/python3.12/site-packages/airflow/example_dags/example_bash_operator.py took 0.120 seconds
[2024-05-29T01:15:42.989+0000] {processor.py:161} INFO - Started process (PID=777) to work on /home/airflow/.local/lib/python3.12/site-packages/airflow/example_dags/example_bash_operator.py
[2024-05-29T01:15:42.991+0000] {processor.py:830} INFO - Processing file /home/airflow/.local/lib/python3.12/site-packages/airflow/example_dags/example_bash_operator.py for tasks to queue
[2024-05-29T01:15:42.993+0000] {logging_mixin.py:188} INFO - [2024-05-29T01:15:42.993+0000] {dagbag.py:545} INFO - Filling up the DagBag from /home/airflow/.local/lib/python3.12/site-packages/airflow/example_dags/example_bash_operator.py
[2024-05-29T01:15:43.009+0000] {processor.py:840} INFO - DAG(s) 'example_bash_operator' retrieved from /home/airflow/.local/lib/python3.12/site-packages/airflow/example_dags/example_bash_operator.py
[2024-05-29T01:15:43.047+0000] {logging_mixin.py:188} INFO - [2024-05-29T01:15:43.047+0000] {dag.py:3096} INFO - Sync 1 DAGs
[2024-05-29T01:15:43.087+0000] {logging_mixin.py:188} INFO - [2024-05-29T01:15:43.087+0000] {dag.py:3954} INFO - Setting next_dagrun for example_bash_operator to 2024-05-28 00:00:00+00:00, run_after=2024-05-29 00:00:00+00:00
[2024-05-29T01:15:43.111+0000] {processor.py:183} INFO - Processing /home/airflow/.local/lib/python3.12/site-packages/airflow/example_dags/example_bash_operator.py took 0.129 seconds
[2024-05-29T01:16:13.330+0000] {processor.py:161} INFO - Started process (PID=837) to work on /home/airflow/.local/lib/python3.12/site-packages/airflow/example_dags/example_bash_operator.py
[2024-05-29T01:16:13.331+0000] {processor.py:830} INFO - Processing file /home/airflow/.local/lib/python3.12/site-packages/airflow/example_dags/example_bash_operator.py for tasks to queue
[2024-05-29T01:16:13.334+0000] {logging_mixin.py:188} INFO - [2024-05-29T01:16:13.334+0000] {dagbag.py:545} INFO - Filling up the DagBag from /home/airflow/.local/lib/python3.12/site-packages/airflow/example_dags/example_bash_operator.py
[2024-05-29T01:16:13.351+0000] {processor.py:840} INFO - DAG(s) 'example_bash_operator' retrieved from /home/airflow/.local/lib/python3.12/site-packages/airflow/example_dags/example_bash_operator.py
[2024-05-29T01:16:13.382+0000] {logging_mixin.py:188} INFO - [2024-05-29T01:16:13.382+0000] {dag.py:3096} INFO - Sync 1 DAGs
[2024-05-29T01:16:13.419+0000] {logging_mixin.py:188} INFO - [2024-05-29T01:16:13.419+0000] {dag.py:3954} INFO - Setting next_dagrun for example_bash_operator to 2024-05-28 00:00:00+00:00, run_after=2024-05-29 00:00:00+00:00
[2024-05-29T01:16:13.450+0000] {processor.py:183} INFO - Processing /home/airflow/.local/lib/python3.12/site-packages/airflow/example_dags/example_bash_operator.py took 0.129 seconds
[2024-05-29T01:16:43.689+0000] {processor.py:161} INFO - Started process (PID=899) to work on /home/airflow/.local/lib/python3.12/site-packages/airflow/example_dags/example_bash_operator.py
[2024-05-29T01:16:43.690+0000] {processor.py:830} INFO - Processing file /home/airflow/.local/lib/python3.12/site-packages/airflow/example_dags/example_bash_operator.py for tasks to queue
[2024-05-29T01:16:43.693+0000] {logging_mixin.py:188} INFO - [2024-05-29T01:16:43.693+0000] {dagbag.py:545} INFO - Filling up the DagBag from /home/airflow/.local/lib/python3.12/site-packages/airflow/example_dags/example_bash_operator.py
[2024-05-29T01:16:43.708+0000] {processor.py:840} INFO - DAG(s) 'example_bash_operator' retrieved from /home/airflow/.local/lib/python3.12/site-packages/airflow/example_dags/example_bash_operator.py
[2024-05-29T01:16:43.741+0000] {logging_mixin.py:188} INFO - [2024-05-29T01:16:43.741+0000] {dag.py:3096} INFO - Sync 1 DAGs
[2024-05-29T01:16:43.768+0000] {logging_mixin.py:188} INFO - [2024-05-29T01:16:43.767+0000] {dag.py:3954} INFO - Setting next_dagrun for example_bash_operator to 2024-05-28 00:00:00+00:00, run_after=2024-05-29 00:00:00+00:00
[2024-05-29T01:16:43.792+0000] {processor.py:183} INFO - Processing /home/airflow/.local/lib/python3.12/site-packages/airflow/example_dags/example_bash_operator.py took 0.109 seconds
[2024-05-29T01:17:14.334+0000] {processor.py:161} INFO - Started process (PID=959) to work on /home/airflow/.local/lib/python3.12/site-packages/airflow/example_dags/example_bash_operator.py
[2024-05-29T01:17:14.336+0000] {processor.py:830} INFO - Processing file /home/airflow/.local/lib/python3.12/site-packages/airflow/example_dags/example_bash_operator.py for tasks to queue
[2024-05-29T01:17:14.339+0000] {logging_mixin.py:188} INFO - [2024-05-29T01:17:14.338+0000] {dagbag.py:545} INFO - Filling up the DagBag from /home/airflow/.local/lib/python3.12/site-packages/airflow/example_dags/example_bash_operator.py
[2024-05-29T01:17:14.355+0000] {processor.py:840} INFO - DAG(s) 'example_bash_operator' retrieved from /home/airflow/.local/lib/python3.12/site-packages/airflow/example_dags/example_bash_operator.py
[2024-05-29T01:17:14.390+0000] {logging_mixin.py:188} INFO - [2024-05-29T01:17:14.389+0000] {dag.py:3096} INFO - Sync 1 DAGs
[2024-05-29T01:17:14.422+0000] {logging_mixin.py:188} INFO - [2024-05-29T01:17:14.422+0000] {dag.py:3954} INFO - Setting next_dagrun for example_bash_operator to 2024-05-28 00:00:00+00:00, run_after=2024-05-29 00:00:00+00:00
[2024-05-29T01:17:14.449+0000] {processor.py:183} INFO - Processing /home/airflow/.local/lib/python3.12/site-packages/airflow/example_dags/example_bash_operator.py took 0.122 seconds
[2024-05-29T01:17:44.820+0000] {processor.py:161} INFO - Started process (PID=1024) to work on /home/airflow/.local/lib/python3.12/site-packages/airflow/example_dags/example_bash_operator.py
[2024-05-29T01:17:44.821+0000] {processor.py:830} INFO - Processing file /home/airflow/.local/lib/python3.12/site-packages/airflow/example_dags/example_bash_operator.py for tasks to queue
[2024-05-29T01:17:44.825+0000] {logging_mixin.py:188} INFO - [2024-05-29T01:17:44.824+0000] {dagbag.py:545} INFO - Filling up the DagBag from /home/airflow/.local/lib/python3.12/site-packages/airflow/example_dags/example_bash_operator.py
[2024-05-29T01:17:44.867+0000] {processor.py:840} INFO - DAG(s) 'example_bash_operator' retrieved from /home/airflow/.local/lib/python3.12/site-packages/airflow/example_dags/example_bash_operator.py
[2024-05-29T01:17:44.927+0000] {logging_mixin.py:188} INFO - [2024-05-29T01:17:44.926+0000] {dag.py:3096} INFO - Sync 1 DAGs
[2024-05-29T01:17:44.960+0000] {logging_mixin.py:188} INFO - [2024-05-29T01:17:44.960+0000] {dag.py:3954} INFO - Setting next_dagrun for example_bash_operator to 2024-05-28 00:00:00+00:00, run_after=2024-05-29 00:00:00+00:00
[2024-05-29T01:17:44.992+0000] {processor.py:183} INFO - Processing /home/airflow/.local/lib/python3.12/site-packages/airflow/example_dags/example_bash_operator.py took 0.181 seconds
[2024-05-29T01:18:15.305+0000] {processor.py:161} INFO - Started process (PID=1084) to work on /home/airflow/.local/lib/python3.12/site-packages/airflow/example_dags/example_bash_operator.py
[2024-05-29T01:18:15.306+0000] {processor.py:830} INFO - Processing file /home/airflow/.local/lib/python3.12/site-packages/airflow/example_dags/example_bash_operator.py for tasks to queue
[2024-05-29T01:18:15.308+0000] {logging_mixin.py:188} INFO - [2024-05-29T01:18:15.308+0000] {dagbag.py:545} INFO - Filling up the DagBag from /home/airflow/.local/lib/python3.12/site-packages/airflow/example_dags/example_bash_operator.py
[2024-05-29T01:18:15.320+0000] {processor.py:840} INFO - DAG(s) 'example_bash_operator' retrieved from /home/airflow/.local/lib/python3.12/site-packages/airflow/example_dags/example_bash_operator.py
[2024-05-29T01:18:15.350+0000] {logging_mixin.py:188} INFO - [2024-05-29T01:18:15.350+0000] {dag.py:3096} INFO - Sync 1 DAGs
[2024-05-29T01:18:15.376+0000] {logging_mixin.py:188} INFO - [2024-05-29T01:18:15.376+0000] {dag.py:3954} INFO - Setting next_dagrun for example_bash_operator to 2024-05-28 00:00:00+00:00, run_after=2024-05-29 00:00:00+00:00
[2024-05-29T01:18:15.401+0000] {processor.py:183} INFO - Processing /home/airflow/.local/lib/python3.12/site-packages/airflow/example_dags/example_bash_operator.py took 0.101 seconds
[2024-05-29T01:18:46.039+0000] {processor.py:161} INFO - Started process (PID=1144) to work on /home/airflow/.local/lib/python3.12/site-packages/airflow/example_dags/example_bash_operator.py
[2024-05-29T01:18:46.041+0000] {processor.py:830} INFO - Processing file /home/airflow/.local/lib/python3.12/site-packages/airflow/example_dags/example_bash_operator.py for tasks to queue
[2024-05-29T01:18:46.043+0000] {logging_mixin.py:188} INFO - [2024-05-29T01:18:46.043+0000] {dagbag.py:545} INFO - Filling up the DagBag from /home/airflow/.local/lib/python3.12/site-packages/airflow/example_dags/example_bash_operator.py
[2024-05-29T01:18:46.056+0000] {processor.py:840} INFO - DAG(s) 'example_bash_operator' retrieved from /home/airflow/.local/lib/python3.12/site-packages/airflow/example_dags/example_bash_operator.py
[2024-05-29T01:18:46.087+0000] {logging_mixin.py:188} INFO - [2024-05-29T01:18:46.086+0000] {dag.py:3096} INFO - Sync 1 DAGs
[2024-05-29T01:18:46.111+0000] {logging_mixin.py:188} INFO - [2024-05-29T01:18:46.111+0000] {dag.py:3954} INFO - Setting next_dagrun for example_bash_operator to 2024-05-28 00:00:00+00:00, run_after=2024-05-29 00:00:00+00:00
[2024-05-29T01:18:46.137+0000] {processor.py:183} INFO - Processing /home/airflow/.local/lib/python3.12/site-packages/airflow/example_dags/example_bash_operator.py took 0.104 seconds
[2024-05-29T01:19:16.336+0000] {processor.py:161} INFO - Started process (PID=1204) to work on /home/airflow/.local/lib/python3.12/site-packages/airflow/example_dags/example_bash_operator.py
[2024-05-29T01:19:16.337+0000] {processor.py:830} INFO - Processing file /home/airflow/.local/lib/python3.12/site-packages/airflow/example_dags/example_bash_operator.py for tasks to queue
[2024-05-29T01:19:16.340+0000] {logging_mixin.py:188} INFO - [2024-05-29T01:19:16.339+0000] {dagbag.py:545} INFO - Filling up the DagBag from /home/airflow/.local/lib/python3.12/site-packages/airflow/example_dags/example_bash_operator.py
[2024-05-29T01:19:16.355+0000] {processor.py:840} INFO - DAG(s) 'example_bash_operator' retrieved from /home/airflow/.local/lib/python3.12/site-packages/airflow/example_dags/example_bash_operator.py
[2024-05-29T01:19:16.388+0000] {logging_mixin.py:188} INFO - [2024-05-29T01:19:16.388+0000] {dag.py:3096} INFO - Sync 1 DAGs
[2024-05-29T01:19:16.414+0000] {logging_mixin.py:188} INFO - [2024-05-29T01:19:16.414+0000] {dag.py:3954} INFO - Setting next_dagrun for example_bash_operator to 2024-05-28 00:00:00+00:00, run_after=2024-05-29 00:00:00+00:00
[2024-05-29T01:19:16.444+0000] {processor.py:183} INFO - Processing /home/airflow/.local/lib/python3.12/site-packages/airflow/example_dags/example_bash_operator.py took 0.115 seconds
[2024-05-29T01:19:46.774+0000] {processor.py:161} INFO - Started process (PID=1264) to work on /home/airflow/.local/lib/python3.12/site-packages/airflow/example_dags/example_bash_operator.py
[2024-05-29T01:19:46.776+0000] {processor.py:830} INFO - Processing file /home/airflow/.local/lib/python3.12/site-packages/airflow/example_dags/example_bash_operator.py for tasks to queue
[2024-05-29T01:19:46.778+0000] {logging_mixin.py:188} INFO - [2024-05-29T01:19:46.778+0000] {dagbag.py:545} INFO - Filling up the DagBag from /home/airflow/.local/lib/python3.12/site-packages/airflow/example_dags/example_bash_operator.py
[2024-05-29T01:19:46.790+0000] {processor.py:840} INFO - DAG(s) 'example_bash_operator' retrieved from /home/airflow/.local/lib/python3.12/site-packages/airflow/example_dags/example_bash_operator.py
[2024-05-29T01:19:46.822+0000] {logging_mixin.py:188} INFO - [2024-05-29T01:19:46.822+0000] {dag.py:3096} INFO - Sync 1 DAGs
[2024-05-29T01:19:46.846+0000] {logging_mixin.py:188} INFO - [2024-05-29T01:19:46.846+0000] {dag.py:3954} INFO - Setting next_dagrun for example_bash_operator to 2024-05-28 00:00:00+00:00, run_after=2024-05-29 00:00:00+00:00
[2024-05-29T01:19:46.870+0000] {processor.py:183} INFO - Processing /home/airflow/.local/lib/python3.12/site-packages/airflow/example_dags/example_bash_operator.py took 0.103 seconds
[2024-05-29T01:20:16.940+0000] {processor.py:161} INFO - Started process (PID=1324) to work on /home/airflow/.local/lib/python3.12/site-packages/airflow/example_dags/example_bash_operator.py
[2024-05-29T01:20:16.942+0000] {processor.py:830} INFO - Processing file /home/airflow/.local/lib/python3.12/site-packages/airflow/example_dags/example_bash_operator.py for tasks to queue
[2024-05-29T01:20:16.944+0000] {logging_mixin.py:188} INFO - [2024-05-29T01:20:16.944+0000] {dagbag.py:545} INFO - Filling up the DagBag from /home/airflow/.local/lib/python3.12/site-packages/airflow/example_dags/example_bash_operator.py
[2024-05-29T01:20:16.956+0000] {processor.py:840} INFO - DAG(s) 'example_bash_operator' retrieved from /home/airflow/.local/lib/python3.12/site-packages/airflow/example_dags/example_bash_operator.py
[2024-05-29T01:20:16.987+0000] {logging_mixin.py:188} INFO - [2024-05-29T01:20:16.987+0000] {dag.py:3096} INFO - Sync 1 DAGs
[2024-05-29T01:20:17.018+0000] {logging_mixin.py:188} INFO - [2024-05-29T01:20:17.017+0000] {dag.py:3954} INFO - Setting next_dagrun for example_bash_operator to 2024-05-28 00:00:00+00:00, run_after=2024-05-29 00:00:00+00:00
[2024-05-29T01:20:17.041+0000] {processor.py:183} INFO - Processing /home/airflow/.local/lib/python3.12/site-packages/airflow/example_dags/example_bash_operator.py took 0.107 seconds
[2024-05-29T01:20:47.803+0000] {processor.py:161} INFO - Started process (PID=1384) to work on /home/airflow/.local/lib/python3.12/site-packages/airflow/example_dags/example_bash_operator.py
[2024-05-29T01:20:47.805+0000] {processor.py:830} INFO - Processing file /home/airflow/.local/lib/python3.12/site-packages/airflow/example_dags/example_bash_operator.py for tasks to queue
[2024-05-29T01:20:47.807+0000] {logging_mixin.py:188} INFO - [2024-05-29T01:20:47.807+0000] {dagbag.py:545} INFO - Filling up the DagBag from /home/airflow/.local/lib/python3.12/site-packages/airflow/example_dags/example_bash_operator.py
[2024-05-29T01:20:47.823+0000] {processor.py:840} INFO - DAG(s) 'example_bash_operator' retrieved from /home/airflow/.local/lib/python3.12/site-packages/airflow/example_dags/example_bash_operator.py
[2024-05-29T01:20:47.867+0000] {logging_mixin.py:188} INFO - [2024-05-29T01:20:47.867+0000] {dag.py:3096} INFO - Sync 1 DAGs
[2024-05-29T01:20:47.911+0000] {logging_mixin.py:188} INFO - [2024-05-29T01:20:47.910+0000] {dag.py:3954} INFO - Setting next_dagrun for example_bash_operator to 2024-05-28 00:00:00+00:00, run_after=2024-05-29 00:00:00+00:00
[2024-05-29T01:20:47.937+0000] {processor.py:183} INFO - Processing /home/airflow/.local/lib/python3.12/site-packages/airflow/example_dags/example_bash_operator.py took 0.141 seconds
[2024-05-29T01:22:22.042+0000] {processor.py:161} INFO - Started process (PID=1430) to work on /home/airflow/.local/lib/python3.12/site-packages/airflow/example_dags/example_bash_operator.py
[2024-05-29T01:22:22.044+0000] {processor.py:830} INFO - Processing file /home/airflow/.local/lib/python3.12/site-packages/airflow/example_dags/example_bash_operator.py for tasks to queue
[2024-05-29T01:22:22.045+0000] {logging_mixin.py:188} INFO - [2024-05-29T01:22:22.045+0000] {dagbag.py:545} INFO - Filling up the DagBag from /home/airflow/.local/lib/python3.12/site-packages/airflow/example_dags/example_bash_operator.py
[2024-05-29T01:22:22.062+0000] {processor.py:840} INFO - DAG(s) 'example_bash_operator' retrieved from /home/airflow/.local/lib/python3.12/site-packages/airflow/example_dags/example_bash_operator.py
[2024-05-29T01:22:22.098+0000] {logging_mixin.py:188} INFO - [2024-05-29T01:22:22.097+0000] {dag.py:3096} INFO - Sync 1 DAGs
[2024-05-29T01:22:22.127+0000] {logging_mixin.py:188} INFO - [2024-05-29T01:22:22.127+0000] {dag.py:3954} INFO - Setting next_dagrun for example_bash_operator to 2024-05-28 00:00:00+00:00, run_after=2024-05-29 00:00:00+00:00
[2024-05-29T01:22:22.150+0000] {processor.py:183} INFO - Processing /home/airflow/.local/lib/python3.12/site-packages/airflow/example_dags/example_bash_operator.py took 0.117 seconds
[2024-05-29T01:22:53.402+0000] {processor.py:161} INFO - Started process (PID=1490) to work on /home/airflow/.local/lib/python3.12/site-packages/airflow/example_dags/example_bash_operator.py
[2024-05-29T01:22:53.403+0000] {processor.py:830} INFO - Processing file /home/airflow/.local/lib/python3.12/site-packages/airflow/example_dags/example_bash_operator.py for tasks to queue
[2024-05-29T01:22:53.405+0000] {logging_mixin.py:188} INFO - [2024-05-29T01:22:53.404+0000] {dagbag.py:545} INFO - Filling up the DagBag from /home/airflow/.local/lib/python3.12/site-packages/airflow/example_dags/example_bash_operator.py
[2024-05-29T01:22:53.425+0000] {processor.py:840} INFO - DAG(s) 'example_bash_operator' retrieved from /home/airflow/.local/lib/python3.12/site-packages/airflow/example_dags/example_bash_operator.py
[2024-05-29T01:22:53.672+0000] {logging_mixin.py:188} INFO - [2024-05-29T01:22:53.669+0000] {dag.py:3096} INFO - Sync 1 DAGs
[2024-05-29T01:22:53.727+0000] {logging_mixin.py:188} INFO - [2024-05-29T01:22:53.725+0000] {dag.py:3954} INFO - Setting next_dagrun for example_bash_operator to 2024-05-28 00:00:00+00:00, run_after=2024-05-29 00:00:00+00:00
[2024-05-29T01:22:53.779+0000] {processor.py:183} INFO - Processing /home/airflow/.local/lib/python3.12/site-packages/airflow/example_dags/example_bash_operator.py took 0.387 seconds
[2024-05-29T01:27:46.015+0000] {processor.py:161} INFO - Started process (PID=53) to work on /home/airflow/.local/lib/python3.12/site-packages/airflow/example_dags/example_bash_operator.py
[2024-05-29T01:27:46.017+0000] {processor.py:830} INFO - Processing file /home/airflow/.local/lib/python3.12/site-packages/airflow/example_dags/example_bash_operator.py for tasks to queue
[2024-05-29T01:27:46.020+0000] {logging_mixin.py:188} INFO - [2024-05-29T01:27:46.020+0000] {dagbag.py:545} INFO - Filling up the DagBag from /home/airflow/.local/lib/python3.12/site-packages/airflow/example_dags/example_bash_operator.py
[2024-05-29T01:27:46.040+0000] {processor.py:840} INFO - DAG(s) 'example_bash_operator' retrieved from /home/airflow/.local/lib/python3.12/site-packages/airflow/example_dags/example_bash_operator.py
[2024-05-29T01:27:46.070+0000] {logging_mixin.py:188} INFO - [2024-05-29T01:27:46.070+0000] {dag.py:3096} INFO - Sync 1 DAGs
[2024-05-29T01:27:46.136+0000] {logging_mixin.py:188} INFO - [2024-05-29T01:27:46.136+0000] {dag.py:3954} INFO - Setting next_dagrun for example_bash_operator to 2024-05-28 00:00:00+00:00, run_after=2024-05-29 00:00:00+00:00
[2024-05-29T01:27:46.225+0000] {processor.py:183} INFO - Processing /home/airflow/.local/lib/python3.12/site-packages/airflow/example_dags/example_bash_operator.py took 0.219 seconds
[2024-05-29T01:28:17.196+0000] {processor.py:161} INFO - Started process (PID=112) to work on /home/airflow/.local/lib/python3.12/site-packages/airflow/example_dags/example_bash_operator.py
[2024-05-29T01:28:17.210+0000] {processor.py:830} INFO - Processing file /home/airflow/.local/lib/python3.12/site-packages/airflow/example_dags/example_bash_operator.py for tasks to queue
[2024-05-29T01:28:17.212+0000] {logging_mixin.py:188} INFO - [2024-05-29T01:28:17.212+0000] {dagbag.py:545} INFO - Filling up the DagBag from /home/airflow/.local/lib/python3.12/site-packages/airflow/example_dags/example_bash_operator.py
[2024-05-29T01:28:17.224+0000] {processor.py:840} INFO - DAG(s) 'example_bash_operator' retrieved from /home/airflow/.local/lib/python3.12/site-packages/airflow/example_dags/example_bash_operator.py
[2024-05-29T01:28:17.253+0000] {logging_mixin.py:188} INFO - [2024-05-29T01:28:17.253+0000] {dag.py:3096} INFO - Sync 1 DAGs
[2024-05-29T01:28:17.277+0000] {logging_mixin.py:188} INFO - [2024-05-29T01:28:17.277+0000] {dag.py:3954} INFO - Setting next_dagrun for example_bash_operator to 2024-05-28 00:00:00+00:00, run_after=2024-05-29 00:00:00+00:00
[2024-05-29T01:28:17.298+0000] {processor.py:183} INFO - Processing /home/airflow/.local/lib/python3.12/site-packages/airflow/example_dags/example_bash_operator.py took 0.107 seconds
