[2024-05-29T01:09:42.923+0000] {processor.py:161} INFO - Started process (PID=79) to work on /home/airflow/.local/lib/python3.12/site-packages/airflow/example_dags/example_params_trigger_ui.py
[2024-05-29T01:09:42.924+0000] {processor.py:830} INFO - Processing file /home/airflow/.local/lib/python3.12/site-packages/airflow/example_dags/example_params_trigger_ui.py for tasks to queue
[2024-05-29T01:09:42.927+0000] {logging_mixin.py:188} INFO - [2024-05-29T01:09:42.927+0000] {dagbag.py:545} INFO - Filling up the DagBag from /home/airflow/.local/lib/python3.12/site-packages/airflow/example_dags/example_params_trigger_ui.py
[2024-05-29T01:09:42.954+0000] {processor.py:840} INFO - DAG(s) 'example_params_trigger_ui' retrieved from /home/airflow/.local/lib/python3.12/site-packages/airflow/example_dags/example_params_trigger_ui.py
[2024-05-29T01:09:43.163+0000] {logging_mixin.py:188} INFO - [2024-05-29T01:09:43.162+0000] {override.py:1829} INFO - Created Permission View: can edit on DAG:example_params_trigger_ui
[2024-05-29T01:09:43.179+0000] {logging_mixin.py:188} INFO - [2024-05-29T01:09:43.179+0000] {override.py:1829} INFO - Created Permission View: can delete on DAG:example_params_trigger_ui
[2024-05-29T01:09:43.191+0000] {logging_mixin.py:188} INFO - [2024-05-29T01:09:43.191+0000] {override.py:1829} INFO - Created Permission View: can read on DAG:example_params_trigger_ui
[2024-05-29T01:09:43.192+0000] {logging_mixin.py:188} INFO - [2024-05-29T01:09:43.192+0000] {dag.py:3096} INFO - Sync 1 DAGs
[2024-05-29T01:09:43.210+0000] {logging_mixin.py:188} INFO - [2024-05-29T01:09:43.209+0000] {dag.py:3118} INFO - Creating ORM DAG for example_params_trigger_ui
[2024-05-29T01:09:43.211+0000] {logging_mixin.py:188} INFO - [2024-05-29T01:09:43.211+0000] {dag.py:3954} INFO - Setting next_dagrun for example_params_trigger_ui to None, run_after=None
[2024-05-29T01:09:43.237+0000] {processor.py:183} INFO - Processing /home/airflow/.local/lib/python3.12/site-packages/airflow/example_dags/example_params_trigger_ui.py took 0.326 seconds
[2024-05-29T01:10:13.920+0000] {processor.py:161} INFO - Started process (PID=139) to work on /home/airflow/.local/lib/python3.12/site-packages/airflow/example_dags/example_params_trigger_ui.py
[2024-05-29T01:10:13.922+0000] {processor.py:830} INFO - Processing file /home/airflow/.local/lib/python3.12/site-packages/airflow/example_dags/example_params_trigger_ui.py for tasks to queue
[2024-05-29T01:10:13.924+0000] {logging_mixin.py:188} INFO - [2024-05-29T01:10:13.924+0000] {dagbag.py:545} INFO - Filling up the DagBag from /home/airflow/.local/lib/python3.12/site-packages/airflow/example_dags/example_params_trigger_ui.py
[2024-05-29T01:10:13.951+0000] {processor.py:840} INFO - DAG(s) 'example_params_trigger_ui' retrieved from /home/airflow/.local/lib/python3.12/site-packages/airflow/example_dags/example_params_trigger_ui.py
[2024-05-29T01:10:14.029+0000] {logging_mixin.py:188} INFO - [2024-05-29T01:10:14.028+0000] {dag.py:3096} INFO - Sync 1 DAGs
[2024-05-29T01:10:14.054+0000] {logging_mixin.py:188} INFO - [2024-05-29T01:10:14.053+0000] {dag.py:3954} INFO - Setting next_dagrun for example_params_trigger_ui to None, run_after=None
[2024-05-29T01:10:14.098+0000] {processor.py:183} INFO - Processing /home/airflow/.local/lib/python3.12/site-packages/airflow/example_dags/example_params_trigger_ui.py took 0.185 seconds
[2024-05-29T01:10:45.156+0000] {processor.py:161} INFO - Started process (PID=199) to work on /home/airflow/.local/lib/python3.12/site-packages/airflow/example_dags/example_params_trigger_ui.py
[2024-05-29T01:10:45.158+0000] {processor.py:830} INFO - Processing file /home/airflow/.local/lib/python3.12/site-packages/airflow/example_dags/example_params_trigger_ui.py for tasks to queue
[2024-05-29T01:10:45.166+0000] {logging_mixin.py:188} INFO - [2024-05-29T01:10:45.165+0000] {dagbag.py:545} INFO - Filling up the DagBag from /home/airflow/.local/lib/python3.12/site-packages/airflow/example_dags/example_params_trigger_ui.py
[2024-05-29T01:10:45.203+0000] {processor.py:840} INFO - DAG(s) 'example_params_trigger_ui' retrieved from /home/airflow/.local/lib/python3.12/site-packages/airflow/example_dags/example_params_trigger_ui.py
[2024-05-29T01:10:45.289+0000] {logging_mixin.py:188} INFO - [2024-05-29T01:10:45.289+0000] {dag.py:3096} INFO - Sync 1 DAGs
[2024-05-29T01:10:45.311+0000] {logging_mixin.py:188} INFO - [2024-05-29T01:10:45.310+0000] {dag.py:3954} INFO - Setting next_dagrun for example_params_trigger_ui to None, run_after=None
[2024-05-29T01:10:45.360+0000] {processor.py:183} INFO - Processing /home/airflow/.local/lib/python3.12/site-packages/airflow/example_dags/example_params_trigger_ui.py took 0.217 seconds
[2024-05-29T01:11:15.620+0000] {processor.py:161} INFO - Started process (PID=259) to work on /home/airflow/.local/lib/python3.12/site-packages/airflow/example_dags/example_params_trigger_ui.py
[2024-05-29T01:11:15.621+0000] {processor.py:830} INFO - Processing file /home/airflow/.local/lib/python3.12/site-packages/airflow/example_dags/example_params_trigger_ui.py for tasks to queue
[2024-05-29T01:11:15.623+0000] {logging_mixin.py:188} INFO - [2024-05-29T01:11:15.623+0000] {dagbag.py:545} INFO - Filling up the DagBag from /home/airflow/.local/lib/python3.12/site-packages/airflow/example_dags/example_params_trigger_ui.py
[2024-05-29T01:11:15.641+0000] {processor.py:840} INFO - DAG(s) 'example_params_trigger_ui' retrieved from /home/airflow/.local/lib/python3.12/site-packages/airflow/example_dags/example_params_trigger_ui.py
[2024-05-29T01:11:15.700+0000] {logging_mixin.py:188} INFO - [2024-05-29T01:11:15.699+0000] {dag.py:3096} INFO - Sync 1 DAGs
[2024-05-29T01:11:15.717+0000] {logging_mixin.py:188} INFO - [2024-05-29T01:11:15.717+0000] {dag.py:3954} INFO - Setting next_dagrun for example_params_trigger_ui to None, run_after=None
[2024-05-29T01:11:15.742+0000] {processor.py:183} INFO - Processing /home/airflow/.local/lib/python3.12/site-packages/airflow/example_dags/example_params_trigger_ui.py took 0.131 seconds
[2024-05-29T01:11:45.895+0000] {processor.py:161} INFO - Started process (PID=320) to work on /home/airflow/.local/lib/python3.12/site-packages/airflow/example_dags/example_params_trigger_ui.py
[2024-05-29T01:11:45.897+0000] {processor.py:830} INFO - Processing file /home/airflow/.local/lib/python3.12/site-packages/airflow/example_dags/example_params_trigger_ui.py for tasks to queue
[2024-05-29T01:11:45.899+0000] {logging_mixin.py:188} INFO - [2024-05-29T01:11:45.899+0000] {dagbag.py:545} INFO - Filling up the DagBag from /home/airflow/.local/lib/python3.12/site-packages/airflow/example_dags/example_params_trigger_ui.py
[2024-05-29T01:11:45.918+0000] {processor.py:840} INFO - DAG(s) 'example_params_trigger_ui' retrieved from /home/airflow/.local/lib/python3.12/site-packages/airflow/example_dags/example_params_trigger_ui.py
[2024-05-29T01:11:45.981+0000] {logging_mixin.py:188} INFO - [2024-05-29T01:11:45.980+0000] {dag.py:3096} INFO - Sync 1 DAGs
[2024-05-29T01:11:46.000+0000] {logging_mixin.py:188} INFO - [2024-05-29T01:11:45.999+0000] {dag.py:3954} INFO - Setting next_dagrun for example_params_trigger_ui to None, run_after=None
[2024-05-29T01:11:46.028+0000] {processor.py:183} INFO - Processing /home/airflow/.local/lib/python3.12/site-packages/airflow/example_dags/example_params_trigger_ui.py took 0.141 seconds
[2024-05-29T01:12:16.260+0000] {processor.py:161} INFO - Started process (PID=380) to work on /home/airflow/.local/lib/python3.12/site-packages/airflow/example_dags/example_params_trigger_ui.py
[2024-05-29T01:12:16.263+0000] {processor.py:830} INFO - Processing file /home/airflow/.local/lib/python3.12/site-packages/airflow/example_dags/example_params_trigger_ui.py for tasks to queue
[2024-05-29T01:12:16.266+0000] {logging_mixin.py:188} INFO - [2024-05-29T01:12:16.266+0000] {dagbag.py:545} INFO - Filling up the DagBag from /home/airflow/.local/lib/python3.12/site-packages/airflow/example_dags/example_params_trigger_ui.py
[2024-05-29T01:12:16.294+0000] {processor.py:840} INFO - DAG(s) 'example_params_trigger_ui' retrieved from /home/airflow/.local/lib/python3.12/site-packages/airflow/example_dags/example_params_trigger_ui.py
[2024-05-29T01:12:16.382+0000] {logging_mixin.py:188} INFO - [2024-05-29T01:12:16.382+0000] {dag.py:3096} INFO - Sync 1 DAGs
[2024-05-29T01:12:16.403+0000] {logging_mixin.py:188} INFO - [2024-05-29T01:12:16.402+0000] {dag.py:3954} INFO - Setting next_dagrun for example_params_trigger_ui to None, run_after=None
[2024-05-29T01:12:16.427+0000] {processor.py:183} INFO - Processing /home/airflow/.local/lib/python3.12/site-packages/airflow/example_dags/example_params_trigger_ui.py took 0.185 seconds
[2024-05-29T01:12:46.552+0000] {processor.py:161} INFO - Started process (PID=440) to work on /home/airflow/.local/lib/python3.12/site-packages/airflow/example_dags/example_params_trigger_ui.py
[2024-05-29T01:12:46.554+0000] {processor.py:830} INFO - Processing file /home/airflow/.local/lib/python3.12/site-packages/airflow/example_dags/example_params_trigger_ui.py for tasks to queue
[2024-05-29T01:12:46.557+0000] {logging_mixin.py:188} INFO - [2024-05-29T01:12:46.557+0000] {dagbag.py:545} INFO - Filling up the DagBag from /home/airflow/.local/lib/python3.12/site-packages/airflow/example_dags/example_params_trigger_ui.py
[2024-05-29T01:12:46.576+0000] {processor.py:840} INFO - DAG(s) 'example_params_trigger_ui' retrieved from /home/airflow/.local/lib/python3.12/site-packages/airflow/example_dags/example_params_trigger_ui.py
[2024-05-29T01:12:46.633+0000] {logging_mixin.py:188} INFO - [2024-05-29T01:12:46.633+0000] {dag.py:3096} INFO - Sync 1 DAGs
[2024-05-29T01:12:46.647+0000] {logging_mixin.py:188} INFO - [2024-05-29T01:12:46.647+0000] {dag.py:3954} INFO - Setting next_dagrun for example_params_trigger_ui to None, run_after=None
[2024-05-29T01:12:46.671+0000] {processor.py:183} INFO - Processing /home/airflow/.local/lib/python3.12/site-packages/airflow/example_dags/example_params_trigger_ui.py took 0.128 seconds
[2024-05-29T01:13:16.996+0000] {processor.py:161} INFO - Started process (PID=500) to work on /home/airflow/.local/lib/python3.12/site-packages/airflow/example_dags/example_params_trigger_ui.py
[2024-05-29T01:13:16.997+0000] {processor.py:830} INFO - Processing file /home/airflow/.local/lib/python3.12/site-packages/airflow/example_dags/example_params_trigger_ui.py for tasks to queue
[2024-05-29T01:13:17.000+0000] {logging_mixin.py:188} INFO - [2024-05-29T01:13:17.000+0000] {dagbag.py:545} INFO - Filling up the DagBag from /home/airflow/.local/lib/python3.12/site-packages/airflow/example_dags/example_params_trigger_ui.py
[2024-05-29T01:13:17.020+0000] {processor.py:840} INFO - DAG(s) 'example_params_trigger_ui' retrieved from /home/airflow/.local/lib/python3.12/site-packages/airflow/example_dags/example_params_trigger_ui.py
[2024-05-29T01:13:17.093+0000] {logging_mixin.py:188} INFO - [2024-05-29T01:13:17.092+0000] {dag.py:3096} INFO - Sync 1 DAGs
[2024-05-29T01:13:17.114+0000] {logging_mixin.py:188} INFO - [2024-05-29T01:13:17.114+0000] {dag.py:3954} INFO - Setting next_dagrun for example_params_trigger_ui to None, run_after=None
[2024-05-29T01:13:17.150+0000] {processor.py:183} INFO - Processing /home/airflow/.local/lib/python3.12/site-packages/airflow/example_dags/example_params_trigger_ui.py took 0.162 seconds
[2024-05-29T01:13:47.491+0000] {processor.py:161} INFO - Started process (PID=560) to work on /home/airflow/.local/lib/python3.12/site-packages/airflow/example_dags/example_params_trigger_ui.py
[2024-05-29T01:13:47.492+0000] {processor.py:830} INFO - Processing file /home/airflow/.local/lib/python3.12/site-packages/airflow/example_dags/example_params_trigger_ui.py for tasks to queue
[2024-05-29T01:13:47.494+0000] {logging_mixin.py:188} INFO - [2024-05-29T01:13:47.494+0000] {dagbag.py:545} INFO - Filling up the DagBag from /home/airflow/.local/lib/python3.12/site-packages/airflow/example_dags/example_params_trigger_ui.py
[2024-05-29T01:13:47.507+0000] {processor.py:840} INFO - DAG(s) 'example_params_trigger_ui' retrieved from /home/airflow/.local/lib/python3.12/site-packages/airflow/example_dags/example_params_trigger_ui.py
[2024-05-29T01:13:47.557+0000] {logging_mixin.py:188} INFO - [2024-05-29T01:13:47.556+0000] {dag.py:3096} INFO - Sync 1 DAGs
[2024-05-29T01:13:47.572+0000] {logging_mixin.py:188} INFO - [2024-05-29T01:13:47.572+0000] {dag.py:3954} INFO - Setting next_dagrun for example_params_trigger_ui to None, run_after=None
[2024-05-29T01:13:47.596+0000] {processor.py:183} INFO - Processing /home/airflow/.local/lib/python3.12/site-packages/airflow/example_dags/example_params_trigger_ui.py took 0.111 seconds
[2024-05-29T01:14:17.783+0000] {processor.py:161} INFO - Started process (PID=620) to work on /home/airflow/.local/lib/python3.12/site-packages/airflow/example_dags/example_params_trigger_ui.py
[2024-05-29T01:14:17.784+0000] {processor.py:830} INFO - Processing file /home/airflow/.local/lib/python3.12/site-packages/airflow/example_dags/example_params_trigger_ui.py for tasks to queue
[2024-05-29T01:14:17.787+0000] {logging_mixin.py:188} INFO - [2024-05-29T01:14:17.786+0000] {dagbag.py:545} INFO - Filling up the DagBag from /home/airflow/.local/lib/python3.12/site-packages/airflow/example_dags/example_params_trigger_ui.py
[2024-05-29T01:14:17.801+0000] {processor.py:840} INFO - DAG(s) 'example_params_trigger_ui' retrieved from /home/airflow/.local/lib/python3.12/site-packages/airflow/example_dags/example_params_trigger_ui.py
[2024-05-29T01:14:17.849+0000] {logging_mixin.py:188} INFO - [2024-05-29T01:14:17.848+0000] {dag.py:3096} INFO - Sync 1 DAGs
[2024-05-29T01:14:17.866+0000] {logging_mixin.py:188} INFO - [2024-05-29T01:14:17.865+0000] {dag.py:3954} INFO - Setting next_dagrun for example_params_trigger_ui to None, run_after=None
[2024-05-29T01:14:17.889+0000] {processor.py:183} INFO - Processing /home/airflow/.local/lib/python3.12/site-packages/airflow/example_dags/example_params_trigger_ui.py took 0.113 seconds
[2024-05-29T01:14:48.243+0000] {processor.py:161} INFO - Started process (PID=680) to work on /home/airflow/.local/lib/python3.12/site-packages/airflow/example_dags/example_params_trigger_ui.py
[2024-05-29T01:14:48.244+0000] {processor.py:830} INFO - Processing file /home/airflow/.local/lib/python3.12/site-packages/airflow/example_dags/example_params_trigger_ui.py for tasks to queue
[2024-05-29T01:14:48.246+0000] {logging_mixin.py:188} INFO - [2024-05-29T01:14:48.246+0000] {dagbag.py:545} INFO - Filling up the DagBag from /home/airflow/.local/lib/python3.12/site-packages/airflow/example_dags/example_params_trigger_ui.py
[2024-05-29T01:14:48.259+0000] {processor.py:840} INFO - DAG(s) 'example_params_trigger_ui' retrieved from /home/airflow/.local/lib/python3.12/site-packages/airflow/example_dags/example_params_trigger_ui.py
[2024-05-29T01:14:48.325+0000] {logging_mixin.py:188} INFO - [2024-05-29T01:14:48.324+0000] {dag.py:3096} INFO - Sync 1 DAGs
[2024-05-29T01:14:48.343+0000] {logging_mixin.py:188} INFO - [2024-05-29T01:14:48.342+0000] {dag.py:3954} INFO - Setting next_dagrun for example_params_trigger_ui to None, run_after=None
[2024-05-29T01:14:48.369+0000] {processor.py:183} INFO - Processing /home/airflow/.local/lib/python3.12/site-packages/airflow/example_dags/example_params_trigger_ui.py took 0.132 seconds
[2024-05-29T01:15:19.121+0000] {processor.py:161} INFO - Started process (PID=740) to work on /home/airflow/.local/lib/python3.12/site-packages/airflow/example_dags/example_params_trigger_ui.py
[2024-05-29T01:15:19.123+0000] {processor.py:830} INFO - Processing file /home/airflow/.local/lib/python3.12/site-packages/airflow/example_dags/example_params_trigger_ui.py for tasks to queue
[2024-05-29T01:15:19.125+0000] {logging_mixin.py:188} INFO - [2024-05-29T01:15:19.125+0000] {dagbag.py:545} INFO - Filling up the DagBag from /home/airflow/.local/lib/python3.12/site-packages/airflow/example_dags/example_params_trigger_ui.py
[2024-05-29T01:15:19.140+0000] {processor.py:840} INFO - DAG(s) 'example_params_trigger_ui' retrieved from /home/airflow/.local/lib/python3.12/site-packages/airflow/example_dags/example_params_trigger_ui.py
[2024-05-29T01:15:19.189+0000] {logging_mixin.py:188} INFO - [2024-05-29T01:15:19.188+0000] {dag.py:3096} INFO - Sync 1 DAGs
[2024-05-29T01:15:19.204+0000] {logging_mixin.py:188} INFO - [2024-05-29T01:15:19.204+0000] {dag.py:3954} INFO - Setting next_dagrun for example_params_trigger_ui to None, run_after=None
[2024-05-29T01:15:19.229+0000] {processor.py:183} INFO - Processing /home/airflow/.local/lib/python3.12/site-packages/airflow/example_dags/example_params_trigger_ui.py took 0.114 seconds
[2024-05-29T01:15:49.800+0000] {processor.py:161} INFO - Started process (PID=800) to work on /home/airflow/.local/lib/python3.12/site-packages/airflow/example_dags/example_params_trigger_ui.py
[2024-05-29T01:15:49.801+0000] {processor.py:830} INFO - Processing file /home/airflow/.local/lib/python3.12/site-packages/airflow/example_dags/example_params_trigger_ui.py for tasks to queue
[2024-05-29T01:15:49.804+0000] {logging_mixin.py:188} INFO - [2024-05-29T01:15:49.803+0000] {dagbag.py:545} INFO - Filling up the DagBag from /home/airflow/.local/lib/python3.12/site-packages/airflow/example_dags/example_params_trigger_ui.py
[2024-05-29T01:15:49.821+0000] {processor.py:840} INFO - DAG(s) 'example_params_trigger_ui' retrieved from /home/airflow/.local/lib/python3.12/site-packages/airflow/example_dags/example_params_trigger_ui.py
[2024-05-29T01:15:49.884+0000] {logging_mixin.py:188} INFO - [2024-05-29T01:15:49.884+0000] {dag.py:3096} INFO - Sync 1 DAGs
[2024-05-29T01:15:49.903+0000] {logging_mixin.py:188} INFO - [2024-05-29T01:15:49.902+0000] {dag.py:3954} INFO - Setting next_dagrun for example_params_trigger_ui to None, run_after=None
[2024-05-29T01:15:49.929+0000] {processor.py:183} INFO - Processing /home/airflow/.local/lib/python3.12/site-packages/airflow/example_dags/example_params_trigger_ui.py took 0.136 seconds
[2024-05-29T01:16:20.248+0000] {processor.py:161} INFO - Started process (PID=860) to work on /home/airflow/.local/lib/python3.12/site-packages/airflow/example_dags/example_params_trigger_ui.py
[2024-05-29T01:16:20.250+0000] {processor.py:830} INFO - Processing file /home/airflow/.local/lib/python3.12/site-packages/airflow/example_dags/example_params_trigger_ui.py for tasks to queue
[2024-05-29T01:16:20.252+0000] {logging_mixin.py:188} INFO - [2024-05-29T01:16:20.252+0000] {dagbag.py:545} INFO - Filling up the DagBag from /home/airflow/.local/lib/python3.12/site-packages/airflow/example_dags/example_params_trigger_ui.py
[2024-05-29T01:16:20.268+0000] {processor.py:840} INFO - DAG(s) 'example_params_trigger_ui' retrieved from /home/airflow/.local/lib/python3.12/site-packages/airflow/example_dags/example_params_trigger_ui.py
[2024-05-29T01:16:20.346+0000] {logging_mixin.py:188} INFO - [2024-05-29T01:16:20.346+0000] {dag.py:3096} INFO - Sync 1 DAGs
[2024-05-29T01:16:20.363+0000] {logging_mixin.py:188} INFO - [2024-05-29T01:16:20.363+0000] {dag.py:3954} INFO - Setting next_dagrun for example_params_trigger_ui to None, run_after=None
[2024-05-29T01:16:20.384+0000] {processor.py:183} INFO - Processing /home/airflow/.local/lib/python3.12/site-packages/airflow/example_dags/example_params_trigger_ui.py took 0.142 seconds
[2024-05-29T01:16:50.652+0000] {processor.py:161} INFO - Started process (PID=922) to work on /home/airflow/.local/lib/python3.12/site-packages/airflow/example_dags/example_params_trigger_ui.py
[2024-05-29T01:16:50.654+0000] {processor.py:830} INFO - Processing file /home/airflow/.local/lib/python3.12/site-packages/airflow/example_dags/example_params_trigger_ui.py for tasks to queue
[2024-05-29T01:16:50.656+0000] {logging_mixin.py:188} INFO - [2024-05-29T01:16:50.656+0000] {dagbag.py:545} INFO - Filling up the DagBag from /home/airflow/.local/lib/python3.12/site-packages/airflow/example_dags/example_params_trigger_ui.py
[2024-05-29T01:16:50.671+0000] {processor.py:840} INFO - DAG(s) 'example_params_trigger_ui' retrieved from /home/airflow/.local/lib/python3.12/site-packages/airflow/example_dags/example_params_trigger_ui.py
[2024-05-29T01:16:50.731+0000] {logging_mixin.py:188} INFO - [2024-05-29T01:16:50.731+0000] {dag.py:3096} INFO - Sync 1 DAGs
[2024-05-29T01:16:50.745+0000] {logging_mixin.py:188} INFO - [2024-05-29T01:16:50.745+0000] {dag.py:3954} INFO - Setting next_dagrun for example_params_trigger_ui to None, run_after=None
[2024-05-29T01:16:50.771+0000] {processor.py:183} INFO - Processing /home/airflow/.local/lib/python3.12/site-packages/airflow/example_dags/example_params_trigger_ui.py took 0.124 seconds
[2024-05-29T01:17:21.631+0000] {processor.py:161} INFO - Started process (PID=983) to work on /home/airflow/.local/lib/python3.12/site-packages/airflow/example_dags/example_params_trigger_ui.py
[2024-05-29T01:17:21.632+0000] {processor.py:830} INFO - Processing file /home/airflow/.local/lib/python3.12/site-packages/airflow/example_dags/example_params_trigger_ui.py for tasks to queue
[2024-05-29T01:17:21.634+0000] {logging_mixin.py:188} INFO - [2024-05-29T01:17:21.634+0000] {dagbag.py:545} INFO - Filling up the DagBag from /home/airflow/.local/lib/python3.12/site-packages/airflow/example_dags/example_params_trigger_ui.py
[2024-05-29T01:17:21.648+0000] {processor.py:840} INFO - DAG(s) 'example_params_trigger_ui' retrieved from /home/airflow/.local/lib/python3.12/site-packages/airflow/example_dags/example_params_trigger_ui.py
[2024-05-29T01:17:21.695+0000] {logging_mixin.py:188} INFO - [2024-05-29T01:17:21.694+0000] {dag.py:3096} INFO - Sync 1 DAGs
[2024-05-29T01:17:21.713+0000] {logging_mixin.py:188} INFO - [2024-05-29T01:17:21.713+0000] {dag.py:3954} INFO - Setting next_dagrun for example_params_trigger_ui to None, run_after=None
[2024-05-29T01:17:21.737+0000] {processor.py:183} INFO - Processing /home/airflow/.local/lib/python3.12/site-packages/airflow/example_dags/example_params_trigger_ui.py took 0.112 seconds
[2024-05-29T01:17:52.335+0000] {processor.py:161} INFO - Started process (PID=1045) to work on /home/airflow/.local/lib/python3.12/site-packages/airflow/example_dags/example_params_trigger_ui.py
[2024-05-29T01:17:52.336+0000] {processor.py:830} INFO - Processing file /home/airflow/.local/lib/python3.12/site-packages/airflow/example_dags/example_params_trigger_ui.py for tasks to queue
[2024-05-29T01:17:52.338+0000] {logging_mixin.py:188} INFO - [2024-05-29T01:17:52.338+0000] {dagbag.py:545} INFO - Filling up the DagBag from /home/airflow/.local/lib/python3.12/site-packages/airflow/example_dags/example_params_trigger_ui.py
[2024-05-29T01:17:52.355+0000] {processor.py:840} INFO - DAG(s) 'example_params_trigger_ui' retrieved from /home/airflow/.local/lib/python3.12/site-packages/airflow/example_dags/example_params_trigger_ui.py
[2024-05-29T01:17:52.407+0000] {logging_mixin.py:188} INFO - [2024-05-29T01:17:52.407+0000] {dag.py:3096} INFO - Sync 1 DAGs
[2024-05-29T01:17:52.421+0000] {logging_mixin.py:188} INFO - [2024-05-29T01:17:52.420+0000] {dag.py:3954} INFO - Setting next_dagrun for example_params_trigger_ui to None, run_after=None
[2024-05-29T01:17:52.441+0000] {processor.py:183} INFO - Processing /home/airflow/.local/lib/python3.12/site-packages/airflow/example_dags/example_params_trigger_ui.py took 0.112 seconds
[2024-05-29T01:18:22.753+0000] {processor.py:161} INFO - Started process (PID=1105) to work on /home/airflow/.local/lib/python3.12/site-packages/airflow/example_dags/example_params_trigger_ui.py
[2024-05-29T01:18:22.755+0000] {processor.py:830} INFO - Processing file /home/airflow/.local/lib/python3.12/site-packages/airflow/example_dags/example_params_trigger_ui.py for tasks to queue
[2024-05-29T01:18:22.757+0000] {logging_mixin.py:188} INFO - [2024-05-29T01:18:22.757+0000] {dagbag.py:545} INFO - Filling up the DagBag from /home/airflow/.local/lib/python3.12/site-packages/airflow/example_dags/example_params_trigger_ui.py
[2024-05-29T01:18:22.772+0000] {processor.py:840} INFO - DAG(s) 'example_params_trigger_ui' retrieved from /home/airflow/.local/lib/python3.12/site-packages/airflow/example_dags/example_params_trigger_ui.py
[2024-05-29T01:18:22.823+0000] {logging_mixin.py:188} INFO - [2024-05-29T01:18:22.823+0000] {dag.py:3096} INFO - Sync 1 DAGs
[2024-05-29T01:18:22.840+0000] {logging_mixin.py:188} INFO - [2024-05-29T01:18:22.840+0000] {dag.py:3954} INFO - Setting next_dagrun for example_params_trigger_ui to None, run_after=None
[2024-05-29T01:18:22.865+0000] {processor.py:183} INFO - Processing /home/airflow/.local/lib/python3.12/site-packages/airflow/example_dags/example_params_trigger_ui.py took 0.117 seconds
[2024-05-29T01:18:53.034+0000] {processor.py:161} INFO - Started process (PID=1167) to work on /home/airflow/.local/lib/python3.12/site-packages/airflow/example_dags/example_params_trigger_ui.py
[2024-05-29T01:18:53.035+0000] {processor.py:830} INFO - Processing file /home/airflow/.local/lib/python3.12/site-packages/airflow/example_dags/example_params_trigger_ui.py for tasks to queue
[2024-05-29T01:18:53.037+0000] {logging_mixin.py:188} INFO - [2024-05-29T01:18:53.037+0000] {dagbag.py:545} INFO - Filling up the DagBag from /home/airflow/.local/lib/python3.12/site-packages/airflow/example_dags/example_params_trigger_ui.py
[2024-05-29T01:18:53.050+0000] {processor.py:840} INFO - DAG(s) 'example_params_trigger_ui' retrieved from /home/airflow/.local/lib/python3.12/site-packages/airflow/example_dags/example_params_trigger_ui.py
[2024-05-29T01:18:53.101+0000] {logging_mixin.py:188} INFO - [2024-05-29T01:18:53.101+0000] {dag.py:3096} INFO - Sync 1 DAGs
[2024-05-29T01:18:53.117+0000] {logging_mixin.py:188} INFO - [2024-05-29T01:18:53.117+0000] {dag.py:3954} INFO - Setting next_dagrun for example_params_trigger_ui to None, run_after=None
[2024-05-29T01:18:53.140+0000] {processor.py:183} INFO - Processing /home/airflow/.local/lib/python3.12/site-packages/airflow/example_dags/example_params_trigger_ui.py took 0.112 seconds
[2024-05-29T01:19:23.449+0000] {processor.py:161} INFO - Started process (PID=1227) to work on /home/airflow/.local/lib/python3.12/site-packages/airflow/example_dags/example_params_trigger_ui.py
[2024-05-29T01:19:23.451+0000] {processor.py:830} INFO - Processing file /home/airflow/.local/lib/python3.12/site-packages/airflow/example_dags/example_params_trigger_ui.py for tasks to queue
[2024-05-29T01:19:23.452+0000] {logging_mixin.py:188} INFO - [2024-05-29T01:19:23.452+0000] {dagbag.py:545} INFO - Filling up the DagBag from /home/airflow/.local/lib/python3.12/site-packages/airflow/example_dags/example_params_trigger_ui.py
[2024-05-29T01:19:23.465+0000] {processor.py:840} INFO - DAG(s) 'example_params_trigger_ui' retrieved from /home/airflow/.local/lib/python3.12/site-packages/airflow/example_dags/example_params_trigger_ui.py
[2024-05-29T01:19:23.509+0000] {logging_mixin.py:188} INFO - [2024-05-29T01:19:23.509+0000] {dag.py:3096} INFO - Sync 1 DAGs
[2024-05-29T01:19:23.522+0000] {logging_mixin.py:188} INFO - [2024-05-29T01:19:23.522+0000] {dag.py:3954} INFO - Setting next_dagrun for example_params_trigger_ui to None, run_after=None
[2024-05-29T01:19:23.548+0000] {processor.py:183} INFO - Processing /home/airflow/.local/lib/python3.12/site-packages/airflow/example_dags/example_params_trigger_ui.py took 0.104 seconds
[2024-05-29T01:19:53.937+0000] {processor.py:161} INFO - Started process (PID=1287) to work on /home/airflow/.local/lib/python3.12/site-packages/airflow/example_dags/example_params_trigger_ui.py
[2024-05-29T01:19:53.938+0000] {processor.py:830} INFO - Processing file /home/airflow/.local/lib/python3.12/site-packages/airflow/example_dags/example_params_trigger_ui.py for tasks to queue
[2024-05-29T01:19:53.941+0000] {logging_mixin.py:188} INFO - [2024-05-29T01:19:53.940+0000] {dagbag.py:545} INFO - Filling up the DagBag from /home/airflow/.local/lib/python3.12/site-packages/airflow/example_dags/example_params_trigger_ui.py
[2024-05-29T01:19:53.953+0000] {processor.py:840} INFO - DAG(s) 'example_params_trigger_ui' retrieved from /home/airflow/.local/lib/python3.12/site-packages/airflow/example_dags/example_params_trigger_ui.py
[2024-05-29T01:19:53.993+0000] {logging_mixin.py:188} INFO - [2024-05-29T01:19:53.993+0000] {dag.py:3096} INFO - Sync 1 DAGs
[2024-05-29T01:19:54.006+0000] {logging_mixin.py:188} INFO - [2024-05-29T01:19:54.006+0000] {dag.py:3954} INFO - Setting next_dagrun for example_params_trigger_ui to None, run_after=None
[2024-05-29T01:19:54.031+0000] {processor.py:183} INFO - Processing /home/airflow/.local/lib/python3.12/site-packages/airflow/example_dags/example_params_trigger_ui.py took 0.100 seconds
[2024-05-29T01:20:24.334+0000] {processor.py:161} INFO - Started process (PID=1347) to work on /home/airflow/.local/lib/python3.12/site-packages/airflow/example_dags/example_params_trigger_ui.py
[2024-05-29T01:20:24.335+0000] {processor.py:830} INFO - Processing file /home/airflow/.local/lib/python3.12/site-packages/airflow/example_dags/example_params_trigger_ui.py for tasks to queue
[2024-05-29T01:20:24.337+0000] {logging_mixin.py:188} INFO - [2024-05-29T01:20:24.337+0000] {dagbag.py:545} INFO - Filling up the DagBag from /home/airflow/.local/lib/python3.12/site-packages/airflow/example_dags/example_params_trigger_ui.py
[2024-05-29T01:20:24.349+0000] {processor.py:840} INFO - DAG(s) 'example_params_trigger_ui' retrieved from /home/airflow/.local/lib/python3.12/site-packages/airflow/example_dags/example_params_trigger_ui.py
[2024-05-29T01:20:24.393+0000] {logging_mixin.py:188} INFO - [2024-05-29T01:20:24.393+0000] {dag.py:3096} INFO - Sync 1 DAGs
[2024-05-29T01:20:24.406+0000] {logging_mixin.py:188} INFO - [2024-05-29T01:20:24.405+0000] {dag.py:3954} INFO - Setting next_dagrun for example_params_trigger_ui to None, run_after=None
[2024-05-29T01:20:24.432+0000] {processor.py:183} INFO - Processing /home/airflow/.local/lib/python3.12/site-packages/airflow/example_dags/example_params_trigger_ui.py took 0.104 seconds
[2024-05-29T01:22:22.552+0000] {processor.py:161} INFO - Started process (PID=1437) to work on /home/airflow/.local/lib/python3.12/site-packages/airflow/example_dags/example_params_trigger_ui.py
[2024-05-29T01:22:22.554+0000] {processor.py:830} INFO - Processing file /home/airflow/.local/lib/python3.12/site-packages/airflow/example_dags/example_params_trigger_ui.py for tasks to queue
[2024-05-29T01:22:22.556+0000] {logging_mixin.py:188} INFO - [2024-05-29T01:22:22.556+0000] {dagbag.py:545} INFO - Filling up the DagBag from /home/airflow/.local/lib/python3.12/site-packages/airflow/example_dags/example_params_trigger_ui.py
[2024-05-29T01:22:22.578+0000] {processor.py:840} INFO - DAG(s) 'example_params_trigger_ui' retrieved from /home/airflow/.local/lib/python3.12/site-packages/airflow/example_dags/example_params_trigger_ui.py
[2024-05-29T01:22:22.636+0000] {logging_mixin.py:188} INFO - [2024-05-29T01:22:22.635+0000] {dag.py:3096} INFO - Sync 1 DAGs
[2024-05-29T01:22:22.660+0000] {logging_mixin.py:188} INFO - [2024-05-29T01:22:22.659+0000] {dag.py:3954} INFO - Setting next_dagrun for example_params_trigger_ui to None, run_after=None
[2024-05-29T01:22:22.695+0000] {processor.py:183} INFO - Processing /home/airflow/.local/lib/python3.12/site-packages/airflow/example_dags/example_params_trigger_ui.py took 0.151 seconds
[2024-05-29T01:27:50.307+0000] {processor.py:161} INFO - Started process (PID=73) to work on /home/airflow/.local/lib/python3.12/site-packages/airflow/example_dags/example_params_trigger_ui.py
[2024-05-29T01:27:50.311+0000] {processor.py:830} INFO - Processing file /home/airflow/.local/lib/python3.12/site-packages/airflow/example_dags/example_params_trigger_ui.py for tasks to queue
[2024-05-29T01:27:50.319+0000] {logging_mixin.py:188} INFO - [2024-05-29T01:27:50.319+0000] {dagbag.py:545} INFO - Filling up the DagBag from /home/airflow/.local/lib/python3.12/site-packages/airflow/example_dags/example_params_trigger_ui.py
[2024-05-29T01:27:50.387+0000] {processor.py:840} INFO - DAG(s) 'example_params_trigger_ui' retrieved from /home/airflow/.local/lib/python3.12/site-packages/airflow/example_dags/example_params_trigger_ui.py
[2024-05-29T01:27:50.479+0000] {logging_mixin.py:188} INFO - [2024-05-29T01:27:50.479+0000] {dag.py:3096} INFO - Sync 1 DAGs
[2024-05-29T01:27:50.529+0000] {logging_mixin.py:188} INFO - [2024-05-29T01:27:50.528+0000] {dag.py:3954} INFO - Setting next_dagrun for example_params_trigger_ui to None, run_after=None
[2024-05-29T01:27:50.583+0000] {processor.py:183} INFO - Processing /home/airflow/.local/lib/python3.12/site-packages/airflow/example_dags/example_params_trigger_ui.py took 0.304 seconds
