[2024-05-29T01:09:35.816+0000] {processor.py:161} INFO - Started process (PID=57) to work on /home/airflow/.local/lib/python3.12/site-packages/airflow/example_dags/tutorial.py
[2024-05-29T01:09:35.818+0000] {processor.py:830} INFO - Processing file /home/airflow/.local/lib/python3.12/site-packages/airflow/example_dags/tutorial.py for tasks to queue
[2024-05-29T01:09:35.826+0000] {logging_mixin.py:188} INFO - [2024-05-29T01:09:35.825+0000] {dagbag.py:545} INFO - Filling up the DagBag from /home/airflow/.local/lib/python3.12/site-packages/airflow/example_dags/tutorial.py
[2024-05-29T01:09:35.889+0000] {processor.py:840} INFO - DAG(s) 'tutorial' retrieved from /home/airflow/.local/lib/python3.12/site-packages/airflow/example_dags/tutorial.py
[2024-05-29T01:09:36.523+0000] {logging_mixin.py:188} INFO - [2024-05-29T01:09:36.521+0000] {override.py:1829} INFO - Created Permission View: can edit on DAG:tutorial
[2024-05-29T01:09:36.543+0000] {logging_mixin.py:188} INFO - [2024-05-29T01:09:36.543+0000] {override.py:1829} INFO - Created Permission View: can delete on DAG:tutorial
[2024-05-29T01:09:36.556+0000] {logging_mixin.py:188} INFO - [2024-05-29T01:09:36.555+0000] {override.py:1829} INFO - Created Permission View: can read on DAG:tutorial
[2024-05-29T01:09:36.558+0000] {logging_mixin.py:188} INFO - [2024-05-29T01:09:36.557+0000] {dag.py:3096} INFO - Sync 1 DAGs
[2024-05-29T01:09:36.675+0000] {logging_mixin.py:188} INFO - [2024-05-29T01:09:36.675+0000] {dag.py:3118} INFO - Creating ORM DAG for tutorial
[2024-05-29T01:09:36.706+0000] {logging_mixin.py:188} INFO - [2024-05-29T01:09:36.706+0000] {dag.py:3954} INFO - Setting next_dagrun for tutorial to 2024-05-28 00:00:00+00:00, run_after=2024-05-29 00:00:00+00:00
[2024-05-29T01:09:36.762+0000] {processor.py:183} INFO - Processing /home/airflow/.local/lib/python3.12/site-packages/airflow/example_dags/tutorial.py took 0.955 seconds
[2024-05-29T01:10:07.006+0000] {processor.py:161} INFO - Started process (PID=116) to work on /home/airflow/.local/lib/python3.12/site-packages/airflow/example_dags/tutorial.py
[2024-05-29T01:10:07.008+0000] {processor.py:830} INFO - Processing file /home/airflow/.local/lib/python3.12/site-packages/airflow/example_dags/tutorial.py for tasks to queue
[2024-05-29T01:10:07.011+0000] {logging_mixin.py:188} INFO - [2024-05-29T01:10:07.010+0000] {dagbag.py:545} INFO - Filling up the DagBag from /home/airflow/.local/lib/python3.12/site-packages/airflow/example_dags/tutorial.py
[2024-05-29T01:10:07.019+0000] {processor.py:840} INFO - DAG(s) 'tutorial' retrieved from /home/airflow/.local/lib/python3.12/site-packages/airflow/example_dags/tutorial.py
[2024-05-29T01:10:07.046+0000] {logging_mixin.py:188} INFO - [2024-05-29T01:10:07.046+0000] {dag.py:3096} INFO - Sync 1 DAGs
[2024-05-29T01:10:07.080+0000] {logging_mixin.py:188} INFO - [2024-05-29T01:10:07.080+0000] {dag.py:3954} INFO - Setting next_dagrun for tutorial to 2024-05-28 00:00:00+00:00, run_after=2024-05-29 00:00:00+00:00
[2024-05-29T01:10:07.108+0000] {processor.py:183} INFO - Processing /home/airflow/.local/lib/python3.12/site-packages/airflow/example_dags/tutorial.py took 0.111 seconds
[2024-05-29T01:10:37.588+0000] {processor.py:161} INFO - Started process (PID=177) to work on /home/airflow/.local/lib/python3.12/site-packages/airflow/example_dags/tutorial.py
[2024-05-29T01:10:37.590+0000] {processor.py:830} INFO - Processing file /home/airflow/.local/lib/python3.12/site-packages/airflow/example_dags/tutorial.py for tasks to queue
[2024-05-29T01:10:37.592+0000] {logging_mixin.py:188} INFO - [2024-05-29T01:10:37.592+0000] {dagbag.py:545} INFO - Filling up the DagBag from /home/airflow/.local/lib/python3.12/site-packages/airflow/example_dags/tutorial.py
[2024-05-29T01:10:37.601+0000] {processor.py:840} INFO - DAG(s) 'tutorial' retrieved from /home/airflow/.local/lib/python3.12/site-packages/airflow/example_dags/tutorial.py
[2024-05-29T01:10:37.635+0000] {logging_mixin.py:188} INFO - [2024-05-29T01:10:37.635+0000] {dag.py:3096} INFO - Sync 1 DAGs
[2024-05-29T01:10:37.673+0000] {logging_mixin.py:188} INFO - [2024-05-29T01:10:37.672+0000] {dag.py:3954} INFO - Setting next_dagrun for tutorial to 2024-05-28 00:00:00+00:00, run_after=2024-05-29 00:00:00+00:00
[2024-05-29T01:10:37.713+0000] {processor.py:183} INFO - Processing /home/airflow/.local/lib/python3.12/site-packages/airflow/example_dags/tutorial.py took 0.132 seconds
[2024-05-29T01:11:08.474+0000] {processor.py:161} INFO - Started process (PID=237) to work on /home/airflow/.local/lib/python3.12/site-packages/airflow/example_dags/tutorial.py
[2024-05-29T01:11:08.475+0000] {processor.py:830} INFO - Processing file /home/airflow/.local/lib/python3.12/site-packages/airflow/example_dags/tutorial.py for tasks to queue
[2024-05-29T01:11:08.477+0000] {logging_mixin.py:188} INFO - [2024-05-29T01:11:08.477+0000] {dagbag.py:545} INFO - Filling up the DagBag from /home/airflow/.local/lib/python3.12/site-packages/airflow/example_dags/tutorial.py
[2024-05-29T01:11:08.486+0000] {processor.py:840} INFO - DAG(s) 'tutorial' retrieved from /home/airflow/.local/lib/python3.12/site-packages/airflow/example_dags/tutorial.py
[2024-05-29T01:11:08.509+0000] {logging_mixin.py:188} INFO - [2024-05-29T01:11:08.509+0000] {dag.py:3096} INFO - Sync 1 DAGs
[2024-05-29T01:11:08.538+0000] {logging_mixin.py:188} INFO - [2024-05-29T01:11:08.537+0000] {dag.py:3954} INFO - Setting next_dagrun for tutorial to 2024-05-28 00:00:00+00:00, run_after=2024-05-29 00:00:00+00:00
[2024-05-29T01:11:08.562+0000] {processor.py:183} INFO - Processing /home/airflow/.local/lib/python3.12/site-packages/airflow/example_dags/tutorial.py took 0.096 seconds
[2024-05-29T01:11:38.788+0000] {processor.py:161} INFO - Started process (PID=297) to work on /home/airflow/.local/lib/python3.12/site-packages/airflow/example_dags/tutorial.py
[2024-05-29T01:11:38.789+0000] {processor.py:830} INFO - Processing file /home/airflow/.local/lib/python3.12/site-packages/airflow/example_dags/tutorial.py for tasks to queue
[2024-05-29T01:11:38.791+0000] {logging_mixin.py:188} INFO - [2024-05-29T01:11:38.791+0000] {dagbag.py:545} INFO - Filling up the DagBag from /home/airflow/.local/lib/python3.12/site-packages/airflow/example_dags/tutorial.py
[2024-05-29T01:11:38.799+0000] {processor.py:840} INFO - DAG(s) 'tutorial' retrieved from /home/airflow/.local/lib/python3.12/site-packages/airflow/example_dags/tutorial.py
[2024-05-29T01:11:38.824+0000] {logging_mixin.py:188} INFO - [2024-05-29T01:11:38.824+0000] {dag.py:3096} INFO - Sync 1 DAGs
[2024-05-29T01:11:38.857+0000] {logging_mixin.py:188} INFO - [2024-05-29T01:11:38.857+0000] {dag.py:3954} INFO - Setting next_dagrun for tutorial to 2024-05-28 00:00:00+00:00, run_after=2024-05-29 00:00:00+00:00
[2024-05-29T01:11:38.883+0000] {processor.py:183} INFO - Processing /home/airflow/.local/lib/python3.12/site-packages/airflow/example_dags/tutorial.py took 0.104 seconds
[2024-05-29T01:12:09.259+0000] {processor.py:161} INFO - Started process (PID=357) to work on /home/airflow/.local/lib/python3.12/site-packages/airflow/example_dags/tutorial.py
[2024-05-29T01:12:09.261+0000] {processor.py:830} INFO - Processing file /home/airflow/.local/lib/python3.12/site-packages/airflow/example_dags/tutorial.py for tasks to queue
[2024-05-29T01:12:09.263+0000] {logging_mixin.py:188} INFO - [2024-05-29T01:12:09.263+0000] {dagbag.py:545} INFO - Filling up the DagBag from /home/airflow/.local/lib/python3.12/site-packages/airflow/example_dags/tutorial.py
[2024-05-29T01:12:09.272+0000] {processor.py:840} INFO - DAG(s) 'tutorial' retrieved from /home/airflow/.local/lib/python3.12/site-packages/airflow/example_dags/tutorial.py
[2024-05-29T01:12:09.299+0000] {logging_mixin.py:188} INFO - [2024-05-29T01:12:09.299+0000] {dag.py:3096} INFO - Sync 1 DAGs
[2024-05-29T01:12:09.334+0000] {logging_mixin.py:188} INFO - [2024-05-29T01:12:09.334+0000] {dag.py:3954} INFO - Setting next_dagrun for tutorial to 2024-05-28 00:00:00+00:00, run_after=2024-05-29 00:00:00+00:00
[2024-05-29T01:12:09.361+0000] {processor.py:183} INFO - Processing /home/airflow/.local/lib/python3.12/site-packages/airflow/example_dags/tutorial.py took 0.110 seconds
[2024-05-29T01:12:39.439+0000] {processor.py:161} INFO - Started process (PID=417) to work on /home/airflow/.local/lib/python3.12/site-packages/airflow/example_dags/tutorial.py
[2024-05-29T01:12:39.442+0000] {processor.py:830} INFO - Processing file /home/airflow/.local/lib/python3.12/site-packages/airflow/example_dags/tutorial.py for tasks to queue
[2024-05-29T01:12:39.445+0000] {logging_mixin.py:188} INFO - [2024-05-29T01:12:39.445+0000] {dagbag.py:545} INFO - Filling up the DagBag from /home/airflow/.local/lib/python3.12/site-packages/airflow/example_dags/tutorial.py
[2024-05-29T01:12:39.455+0000] {processor.py:840} INFO - DAG(s) 'tutorial' retrieved from /home/airflow/.local/lib/python3.12/site-packages/airflow/example_dags/tutorial.py
[2024-05-29T01:12:39.483+0000] {logging_mixin.py:188} INFO - [2024-05-29T01:12:39.482+0000] {dag.py:3096} INFO - Sync 1 DAGs
[2024-05-29T01:12:39.513+0000] {logging_mixin.py:188} INFO - [2024-05-29T01:12:39.513+0000] {dag.py:3954} INFO - Setting next_dagrun for tutorial to 2024-05-28 00:00:00+00:00, run_after=2024-05-29 00:00:00+00:00
[2024-05-29T01:12:39.540+0000] {processor.py:183} INFO - Processing /home/airflow/.local/lib/python3.12/site-packages/airflow/example_dags/tutorial.py took 0.111 seconds
[2024-05-29T01:13:10.062+0000] {processor.py:161} INFO - Started process (PID=477) to work on /home/airflow/.local/lib/python3.12/site-packages/airflow/example_dags/tutorial.py
[2024-05-29T01:13:10.063+0000] {processor.py:830} INFO - Processing file /home/airflow/.local/lib/python3.12/site-packages/airflow/example_dags/tutorial.py for tasks to queue
[2024-05-29T01:13:10.066+0000] {logging_mixin.py:188} INFO - [2024-05-29T01:13:10.066+0000] {dagbag.py:545} INFO - Filling up the DagBag from /home/airflow/.local/lib/python3.12/site-packages/airflow/example_dags/tutorial.py
[2024-05-29T01:13:10.076+0000] {processor.py:840} INFO - DAG(s) 'tutorial' retrieved from /home/airflow/.local/lib/python3.12/site-packages/airflow/example_dags/tutorial.py
[2024-05-29T01:13:10.110+0000] {logging_mixin.py:188} INFO - [2024-05-29T01:13:10.110+0000] {dag.py:3096} INFO - Sync 1 DAGs
[2024-05-29T01:13:10.148+0000] {logging_mixin.py:188} INFO - [2024-05-29T01:13:10.148+0000] {dag.py:3954} INFO - Setting next_dagrun for tutorial to 2024-05-28 00:00:00+00:00, run_after=2024-05-29 00:00:00+00:00
[2024-05-29T01:13:10.184+0000] {processor.py:183} INFO - Processing /home/airflow/.local/lib/python3.12/site-packages/airflow/example_dags/tutorial.py took 0.132 seconds
[2024-05-29T01:13:40.842+0000] {processor.py:161} INFO - Started process (PID=537) to work on /home/airflow/.local/lib/python3.12/site-packages/airflow/example_dags/tutorial.py
[2024-05-29T01:13:40.844+0000] {processor.py:830} INFO - Processing file /home/airflow/.local/lib/python3.12/site-packages/airflow/example_dags/tutorial.py for tasks to queue
[2024-05-29T01:13:40.846+0000] {logging_mixin.py:188} INFO - [2024-05-29T01:13:40.845+0000] {dagbag.py:545} INFO - Filling up the DagBag from /home/airflow/.local/lib/python3.12/site-packages/airflow/example_dags/tutorial.py
[2024-05-29T01:13:40.852+0000] {processor.py:840} INFO - DAG(s) 'tutorial' retrieved from /home/airflow/.local/lib/python3.12/site-packages/airflow/example_dags/tutorial.py
[2024-05-29T01:13:40.875+0000] {logging_mixin.py:188} INFO - [2024-05-29T01:13:40.875+0000] {dag.py:3096} INFO - Sync 1 DAGs
[2024-05-29T01:13:40.906+0000] {logging_mixin.py:188} INFO - [2024-05-29T01:13:40.906+0000] {dag.py:3954} INFO - Setting next_dagrun for tutorial to 2024-05-28 00:00:00+00:00, run_after=2024-05-29 00:00:00+00:00
[2024-05-29T01:13:40.931+0000] {processor.py:183} INFO - Processing /home/airflow/.local/lib/python3.12/site-packages/airflow/example_dags/tutorial.py took 0.094 seconds
[2024-05-29T01:14:10.998+0000] {processor.py:161} INFO - Started process (PID=595) to work on /home/airflow/.local/lib/python3.12/site-packages/airflow/example_dags/tutorial.py
[2024-05-29T01:14:11.000+0000] {processor.py:830} INFO - Processing file /home/airflow/.local/lib/python3.12/site-packages/airflow/example_dags/tutorial.py for tasks to queue
[2024-05-29T01:14:11.002+0000] {logging_mixin.py:188} INFO - [2024-05-29T01:14:11.002+0000] {dagbag.py:545} INFO - Filling up the DagBag from /home/airflow/.local/lib/python3.12/site-packages/airflow/example_dags/tutorial.py
[2024-05-29T01:14:11.008+0000] {processor.py:840} INFO - DAG(s) 'tutorial' retrieved from /home/airflow/.local/lib/python3.12/site-packages/airflow/example_dags/tutorial.py
[2024-05-29T01:14:11.029+0000] {logging_mixin.py:188} INFO - [2024-05-29T01:14:11.029+0000] {dag.py:3096} INFO - Sync 1 DAGs
[2024-05-29T01:14:11.050+0000] {logging_mixin.py:188} INFO - [2024-05-29T01:14:11.050+0000] {dag.py:3954} INFO - Setting next_dagrun for tutorial to 2024-05-28 00:00:00+00:00, run_after=2024-05-29 00:00:00+00:00
[2024-05-29T01:14:11.071+0000] {processor.py:183} INFO - Processing /home/airflow/.local/lib/python3.12/site-packages/airflow/example_dags/tutorial.py took 0.077 seconds
[2024-05-29T01:14:41.170+0000] {processor.py:161} INFO - Started process (PID=655) to work on /home/airflow/.local/lib/python3.12/site-packages/airflow/example_dags/tutorial.py
[2024-05-29T01:14:41.171+0000] {processor.py:830} INFO - Processing file /home/airflow/.local/lib/python3.12/site-packages/airflow/example_dags/tutorial.py for tasks to queue
[2024-05-29T01:14:41.173+0000] {logging_mixin.py:188} INFO - [2024-05-29T01:14:41.173+0000] {dagbag.py:545} INFO - Filling up the DagBag from /home/airflow/.local/lib/python3.12/site-packages/airflow/example_dags/tutorial.py
[2024-05-29T01:14:41.179+0000] {processor.py:840} INFO - DAG(s) 'tutorial' retrieved from /home/airflow/.local/lib/python3.12/site-packages/airflow/example_dags/tutorial.py
[2024-05-29T01:14:41.202+0000] {logging_mixin.py:188} INFO - [2024-05-29T01:14:41.202+0000] {dag.py:3096} INFO - Sync 1 DAGs
[2024-05-29T01:14:41.227+0000] {logging_mixin.py:188} INFO - [2024-05-29T01:14:41.227+0000] {dag.py:3954} INFO - Setting next_dagrun for tutorial to 2024-05-28 00:00:00+00:00, run_after=2024-05-29 00:00:00+00:00
[2024-05-29T01:14:41.251+0000] {processor.py:183} INFO - Processing /home/airflow/.local/lib/python3.12/site-packages/airflow/example_dags/tutorial.py took 0.086 seconds
[2024-05-29T01:15:11.642+0000] {processor.py:161} INFO - Started process (PID=715) to work on /home/airflow/.local/lib/python3.12/site-packages/airflow/example_dags/tutorial.py
[2024-05-29T01:15:11.644+0000] {processor.py:830} INFO - Processing file /home/airflow/.local/lib/python3.12/site-packages/airflow/example_dags/tutorial.py for tasks to queue
[2024-05-29T01:15:11.647+0000] {logging_mixin.py:188} INFO - [2024-05-29T01:15:11.646+0000] {dagbag.py:545} INFO - Filling up the DagBag from /home/airflow/.local/lib/python3.12/site-packages/airflow/example_dags/tutorial.py
[2024-05-29T01:15:11.653+0000] {processor.py:840} INFO - DAG(s) 'tutorial' retrieved from /home/airflow/.local/lib/python3.12/site-packages/airflow/example_dags/tutorial.py
[2024-05-29T01:15:11.680+0000] {logging_mixin.py:188} INFO - [2024-05-29T01:15:11.680+0000] {dag.py:3096} INFO - Sync 1 DAGs
[2024-05-29T01:15:11.705+0000] {logging_mixin.py:188} INFO - [2024-05-29T01:15:11.705+0000] {dag.py:3954} INFO - Setting next_dagrun for tutorial to 2024-05-28 00:00:00+00:00, run_after=2024-05-29 00:00:00+00:00
[2024-05-29T01:15:11.728+0000] {processor.py:183} INFO - Processing /home/airflow/.local/lib/python3.12/site-packages/airflow/example_dags/tutorial.py took 0.092 seconds
[2024-05-29T01:15:41.844+0000] {processor.py:161} INFO - Started process (PID=775) to work on /home/airflow/.local/lib/python3.12/site-packages/airflow/example_dags/tutorial.py
[2024-05-29T01:15:41.846+0000] {processor.py:830} INFO - Processing file /home/airflow/.local/lib/python3.12/site-packages/airflow/example_dags/tutorial.py for tasks to queue
[2024-05-29T01:15:41.848+0000] {logging_mixin.py:188} INFO - [2024-05-29T01:15:41.848+0000] {dagbag.py:545} INFO - Filling up the DagBag from /home/airflow/.local/lib/python3.12/site-packages/airflow/example_dags/tutorial.py
[2024-05-29T01:15:41.855+0000] {processor.py:840} INFO - DAG(s) 'tutorial' retrieved from /home/airflow/.local/lib/python3.12/site-packages/airflow/example_dags/tutorial.py
[2024-05-29T01:15:41.879+0000] {logging_mixin.py:188} INFO - [2024-05-29T01:15:41.879+0000] {dag.py:3096} INFO - Sync 1 DAGs
[2024-05-29T01:15:41.907+0000] {logging_mixin.py:188} INFO - [2024-05-29T01:15:41.907+0000] {dag.py:3954} INFO - Setting next_dagrun for tutorial to 2024-05-28 00:00:00+00:00, run_after=2024-05-29 00:00:00+00:00
[2024-05-29T01:15:41.940+0000] {processor.py:183} INFO - Processing /home/airflow/.local/lib/python3.12/site-packages/airflow/example_dags/tutorial.py took 0.102 seconds
[2024-05-29T01:16:12.193+0000] {processor.py:161} INFO - Started process (PID=835) to work on /home/airflow/.local/lib/python3.12/site-packages/airflow/example_dags/tutorial.py
[2024-05-29T01:16:12.194+0000] {processor.py:830} INFO - Processing file /home/airflow/.local/lib/python3.12/site-packages/airflow/example_dags/tutorial.py for tasks to queue
[2024-05-29T01:16:12.196+0000] {logging_mixin.py:188} INFO - [2024-05-29T01:16:12.195+0000] {dagbag.py:545} INFO - Filling up the DagBag from /home/airflow/.local/lib/python3.12/site-packages/airflow/example_dags/tutorial.py
[2024-05-29T01:16:12.205+0000] {processor.py:840} INFO - DAG(s) 'tutorial' retrieved from /home/airflow/.local/lib/python3.12/site-packages/airflow/example_dags/tutorial.py
[2024-05-29T01:16:12.234+0000] {logging_mixin.py:188} INFO - [2024-05-29T01:16:12.234+0000] {dag.py:3096} INFO - Sync 1 DAGs
[2024-05-29T01:16:12.259+0000] {logging_mixin.py:188} INFO - [2024-05-29T01:16:12.259+0000] {dag.py:3954} INFO - Setting next_dagrun for tutorial to 2024-05-28 00:00:00+00:00, run_after=2024-05-29 00:00:00+00:00
[2024-05-29T01:16:12.284+0000] {processor.py:183} INFO - Processing /home/airflow/.local/lib/python3.12/site-packages/airflow/example_dags/tutorial.py took 0.097 seconds
[2024-05-29T01:16:42.571+0000] {processor.py:161} INFO - Started process (PID=897) to work on /home/airflow/.local/lib/python3.12/site-packages/airflow/example_dags/tutorial.py
[2024-05-29T01:16:42.572+0000] {processor.py:830} INFO - Processing file /home/airflow/.local/lib/python3.12/site-packages/airflow/example_dags/tutorial.py for tasks to queue
[2024-05-29T01:16:42.574+0000] {logging_mixin.py:188} INFO - [2024-05-29T01:16:42.574+0000] {dagbag.py:545} INFO - Filling up the DagBag from /home/airflow/.local/lib/python3.12/site-packages/airflow/example_dags/tutorial.py
[2024-05-29T01:16:42.581+0000] {processor.py:840} INFO - DAG(s) 'tutorial' retrieved from /home/airflow/.local/lib/python3.12/site-packages/airflow/example_dags/tutorial.py
[2024-05-29T01:16:42.603+0000] {logging_mixin.py:188} INFO - [2024-05-29T01:16:42.603+0000] {dag.py:3096} INFO - Sync 1 DAGs
[2024-05-29T01:16:42.625+0000] {logging_mixin.py:188} INFO - [2024-05-29T01:16:42.625+0000] {dag.py:3954} INFO - Setting next_dagrun for tutorial to 2024-05-28 00:00:00+00:00, run_after=2024-05-29 00:00:00+00:00
[2024-05-29T01:16:42.653+0000] {processor.py:183} INFO - Processing /home/airflow/.local/lib/python3.12/site-packages/airflow/example_dags/tutorial.py took 0.087 seconds
[2024-05-29T01:17:13.168+0000] {processor.py:161} INFO - Started process (PID=957) to work on /home/airflow/.local/lib/python3.12/site-packages/airflow/example_dags/tutorial.py
[2024-05-29T01:17:13.169+0000] {processor.py:830} INFO - Processing file /home/airflow/.local/lib/python3.12/site-packages/airflow/example_dags/tutorial.py for tasks to queue
[2024-05-29T01:17:13.172+0000] {logging_mixin.py:188} INFO - [2024-05-29T01:17:13.172+0000] {dagbag.py:545} INFO - Filling up the DagBag from /home/airflow/.local/lib/python3.12/site-packages/airflow/example_dags/tutorial.py
[2024-05-29T01:17:13.181+0000] {processor.py:840} INFO - DAG(s) 'tutorial' retrieved from /home/airflow/.local/lib/python3.12/site-packages/airflow/example_dags/tutorial.py
[2024-05-29T01:17:13.210+0000] {logging_mixin.py:188} INFO - [2024-05-29T01:17:13.209+0000] {dag.py:3096} INFO - Sync 1 DAGs
[2024-05-29T01:17:13.248+0000] {logging_mixin.py:188} INFO - [2024-05-29T01:17:13.248+0000] {dag.py:3954} INFO - Setting next_dagrun for tutorial to 2024-05-28 00:00:00+00:00, run_after=2024-05-29 00:00:00+00:00
[2024-05-29T01:17:13.283+0000] {processor.py:183} INFO - Processing /home/airflow/.local/lib/python3.12/site-packages/airflow/example_dags/tutorial.py took 0.128 seconds
[2024-05-29T01:17:43.665+0000] {processor.py:161} INFO - Started process (PID=1022) to work on /home/airflow/.local/lib/python3.12/site-packages/airflow/example_dags/tutorial.py
[2024-05-29T01:17:43.667+0000] {processor.py:830} INFO - Processing file /home/airflow/.local/lib/python3.12/site-packages/airflow/example_dags/tutorial.py for tasks to queue
[2024-05-29T01:17:43.670+0000] {logging_mixin.py:188} INFO - [2024-05-29T01:17:43.669+0000] {dagbag.py:545} INFO - Filling up the DagBag from /home/airflow/.local/lib/python3.12/site-packages/airflow/example_dags/tutorial.py
[2024-05-29T01:17:43.677+0000] {processor.py:840} INFO - DAG(s) 'tutorial' retrieved from /home/airflow/.local/lib/python3.12/site-packages/airflow/example_dags/tutorial.py
[2024-05-29T01:17:43.703+0000] {logging_mixin.py:188} INFO - [2024-05-29T01:17:43.702+0000] {dag.py:3096} INFO - Sync 1 DAGs
[2024-05-29T01:17:43.731+0000] {logging_mixin.py:188} INFO - [2024-05-29T01:17:43.731+0000] {dag.py:3954} INFO - Setting next_dagrun for tutorial to 2024-05-28 00:00:00+00:00, run_after=2024-05-29 00:00:00+00:00
[2024-05-29T01:17:43.761+0000] {processor.py:183} INFO - Processing /home/airflow/.local/lib/python3.12/site-packages/airflow/example_dags/tutorial.py took 0.104 seconds
[2024-05-29T01:18:14.150+0000] {processor.py:161} INFO - Started process (PID=1082) to work on /home/airflow/.local/lib/python3.12/site-packages/airflow/example_dags/tutorial.py
[2024-05-29T01:18:14.151+0000] {processor.py:830} INFO - Processing file /home/airflow/.local/lib/python3.12/site-packages/airflow/example_dags/tutorial.py for tasks to queue
[2024-05-29T01:18:14.154+0000] {logging_mixin.py:188} INFO - [2024-05-29T01:18:14.154+0000] {dagbag.py:545} INFO - Filling up the DagBag from /home/airflow/.local/lib/python3.12/site-packages/airflow/example_dags/tutorial.py
[2024-05-29T01:18:14.160+0000] {processor.py:840} INFO - DAG(s) 'tutorial' retrieved from /home/airflow/.local/lib/python3.12/site-packages/airflow/example_dags/tutorial.py
[2024-05-29T01:18:14.182+0000] {logging_mixin.py:188} INFO - [2024-05-29T01:18:14.182+0000] {dag.py:3096} INFO - Sync 1 DAGs
[2024-05-29T01:18:14.205+0000] {logging_mixin.py:188} INFO - [2024-05-29T01:18:14.205+0000] {dag.py:3954} INFO - Setting next_dagrun for tutorial to 2024-05-28 00:00:00+00:00, run_after=2024-05-29 00:00:00+00:00
[2024-05-29T01:18:14.236+0000] {processor.py:183} INFO - Processing /home/airflow/.local/lib/python3.12/site-packages/airflow/example_dags/tutorial.py took 0.091 seconds
[2024-05-29T01:18:44.861+0000] {processor.py:161} INFO - Started process (PID=1142) to work on /home/airflow/.local/lib/python3.12/site-packages/airflow/example_dags/tutorial.py
[2024-05-29T01:18:44.862+0000] {processor.py:830} INFO - Processing file /home/airflow/.local/lib/python3.12/site-packages/airflow/example_dags/tutorial.py for tasks to queue
[2024-05-29T01:18:44.865+0000] {logging_mixin.py:188} INFO - [2024-05-29T01:18:44.865+0000] {dagbag.py:545} INFO - Filling up the DagBag from /home/airflow/.local/lib/python3.12/site-packages/airflow/example_dags/tutorial.py
[2024-05-29T01:18:44.884+0000] {processor.py:840} INFO - DAG(s) 'tutorial' retrieved from /home/airflow/.local/lib/python3.12/site-packages/airflow/example_dags/tutorial.py
[2024-05-29T01:18:44.920+0000] {logging_mixin.py:188} INFO - [2024-05-29T01:18:44.920+0000] {dag.py:3096} INFO - Sync 1 DAGs
[2024-05-29T01:18:44.955+0000] {logging_mixin.py:188} INFO - [2024-05-29T01:18:44.955+0000] {dag.py:3954} INFO - Setting next_dagrun for tutorial to 2024-05-28 00:00:00+00:00, run_after=2024-05-29 00:00:00+00:00
[2024-05-29T01:18:44.987+0000] {processor.py:183} INFO - Processing /home/airflow/.local/lib/python3.12/site-packages/airflow/example_dags/tutorial.py took 0.134 seconds
[2024-05-29T01:19:15.190+0000] {processor.py:161} INFO - Started process (PID=1202) to work on /home/airflow/.local/lib/python3.12/site-packages/airflow/example_dags/tutorial.py
[2024-05-29T01:19:15.191+0000] {processor.py:830} INFO - Processing file /home/airflow/.local/lib/python3.12/site-packages/airflow/example_dags/tutorial.py for tasks to queue
[2024-05-29T01:19:15.193+0000] {logging_mixin.py:188} INFO - [2024-05-29T01:19:15.193+0000] {dagbag.py:545} INFO - Filling up the DagBag from /home/airflow/.local/lib/python3.12/site-packages/airflow/example_dags/tutorial.py
[2024-05-29T01:19:15.201+0000] {processor.py:840} INFO - DAG(s) 'tutorial' retrieved from /home/airflow/.local/lib/python3.12/site-packages/airflow/example_dags/tutorial.py
[2024-05-29T01:19:15.222+0000] {logging_mixin.py:188} INFO - [2024-05-29T01:19:15.222+0000] {dag.py:3096} INFO - Sync 1 DAGs
[2024-05-29T01:19:15.250+0000] {logging_mixin.py:188} INFO - [2024-05-29T01:19:15.250+0000] {dag.py:3954} INFO - Setting next_dagrun for tutorial to 2024-05-28 00:00:00+00:00, run_after=2024-05-29 00:00:00+00:00
[2024-05-29T01:19:15.277+0000] {processor.py:183} INFO - Processing /home/airflow/.local/lib/python3.12/site-packages/airflow/example_dags/tutorial.py took 0.094 seconds
[2024-05-29T01:19:45.636+0000] {processor.py:161} INFO - Started process (PID=1262) to work on /home/airflow/.local/lib/python3.12/site-packages/airflow/example_dags/tutorial.py
[2024-05-29T01:19:45.637+0000] {processor.py:830} INFO - Processing file /home/airflow/.local/lib/python3.12/site-packages/airflow/example_dags/tutorial.py for tasks to queue
[2024-05-29T01:19:45.639+0000] {logging_mixin.py:188} INFO - [2024-05-29T01:19:45.639+0000] {dagbag.py:545} INFO - Filling up the DagBag from /home/airflow/.local/lib/python3.12/site-packages/airflow/example_dags/tutorial.py
[2024-05-29T01:19:45.646+0000] {processor.py:840} INFO - DAG(s) 'tutorial' retrieved from /home/airflow/.local/lib/python3.12/site-packages/airflow/example_dags/tutorial.py
[2024-05-29T01:19:45.668+0000] {logging_mixin.py:188} INFO - [2024-05-29T01:19:45.668+0000] {dag.py:3096} INFO - Sync 1 DAGs
[2024-05-29T01:19:45.690+0000] {logging_mixin.py:188} INFO - [2024-05-29T01:19:45.690+0000] {dag.py:3954} INFO - Setting next_dagrun for tutorial to 2024-05-28 00:00:00+00:00, run_after=2024-05-29 00:00:00+00:00
[2024-05-29T01:19:45.716+0000] {processor.py:183} INFO - Processing /home/airflow/.local/lib/python3.12/site-packages/airflow/example_dags/tutorial.py took 0.085 seconds
[2024-05-29T01:20:15.799+0000] {processor.py:161} INFO - Started process (PID=1322) to work on /home/airflow/.local/lib/python3.12/site-packages/airflow/example_dags/tutorial.py
[2024-05-29T01:20:15.801+0000] {processor.py:830} INFO - Processing file /home/airflow/.local/lib/python3.12/site-packages/airflow/example_dags/tutorial.py for tasks to queue
[2024-05-29T01:20:15.802+0000] {logging_mixin.py:188} INFO - [2024-05-29T01:20:15.802+0000] {dagbag.py:545} INFO - Filling up the DagBag from /home/airflow/.local/lib/python3.12/site-packages/airflow/example_dags/tutorial.py
[2024-05-29T01:20:15.808+0000] {processor.py:840} INFO - DAG(s) 'tutorial' retrieved from /home/airflow/.local/lib/python3.12/site-packages/airflow/example_dags/tutorial.py
[2024-05-29T01:20:15.830+0000] {logging_mixin.py:188} INFO - [2024-05-29T01:20:15.830+0000] {dag.py:3096} INFO - Sync 1 DAGs
[2024-05-29T01:20:15.858+0000] {logging_mixin.py:188} INFO - [2024-05-29T01:20:15.858+0000] {dag.py:3954} INFO - Setting next_dagrun for tutorial to 2024-05-28 00:00:00+00:00, run_after=2024-05-29 00:00:00+00:00
[2024-05-29T01:20:15.881+0000] {processor.py:183} INFO - Processing /home/airflow/.local/lib/python3.12/site-packages/airflow/example_dags/tutorial.py took 0.088 seconds
[2024-05-29T01:20:46.659+0000] {processor.py:161} INFO - Started process (PID=1382) to work on /home/airflow/.local/lib/python3.12/site-packages/airflow/example_dags/tutorial.py
[2024-05-29T01:20:46.660+0000] {processor.py:830} INFO - Processing file /home/airflow/.local/lib/python3.12/site-packages/airflow/example_dags/tutorial.py for tasks to queue
[2024-05-29T01:20:46.662+0000] {logging_mixin.py:188} INFO - [2024-05-29T01:20:46.662+0000] {dagbag.py:545} INFO - Filling up the DagBag from /home/airflow/.local/lib/python3.12/site-packages/airflow/example_dags/tutorial.py
[2024-05-29T01:20:46.670+0000] {processor.py:840} INFO - DAG(s) 'tutorial' retrieved from /home/airflow/.local/lib/python3.12/site-packages/airflow/example_dags/tutorial.py
[2024-05-29T01:20:46.702+0000] {logging_mixin.py:188} INFO - [2024-05-29T01:20:46.702+0000] {dag.py:3096} INFO - Sync 1 DAGs
[2024-05-29T01:20:46.736+0000] {logging_mixin.py:188} INFO - [2024-05-29T01:20:46.736+0000] {dag.py:3954} INFO - Setting next_dagrun for tutorial to 2024-05-28 00:00:00+00:00, run_after=2024-05-29 00:00:00+00:00
[2024-05-29T01:20:46.764+0000] {processor.py:183} INFO - Processing /home/airflow/.local/lib/python3.12/site-packages/airflow/example_dags/tutorial.py took 0.111 seconds
[2024-05-29T01:22:21.910+0000] {processor.py:161} INFO - Started process (PID=1428) to work on /home/airflow/.local/lib/python3.12/site-packages/airflow/example_dags/tutorial.py
[2024-05-29T01:22:21.912+0000] {processor.py:830} INFO - Processing file /home/airflow/.local/lib/python3.12/site-packages/airflow/example_dags/tutorial.py for tasks to queue
[2024-05-29T01:22:21.913+0000] {logging_mixin.py:188} INFO - [2024-05-29T01:22:21.913+0000] {dagbag.py:545} INFO - Filling up the DagBag from /home/airflow/.local/lib/python3.12/site-packages/airflow/example_dags/tutorial.py
[2024-05-29T01:22:21.923+0000] {processor.py:840} INFO - DAG(s) 'tutorial' retrieved from /home/airflow/.local/lib/python3.12/site-packages/airflow/example_dags/tutorial.py
[2024-05-29T01:22:21.947+0000] {logging_mixin.py:188} INFO - [2024-05-29T01:22:21.947+0000] {dag.py:3096} INFO - Sync 1 DAGs
[2024-05-29T01:22:21.977+0000] {logging_mixin.py:188} INFO - [2024-05-29T01:22:21.976+0000] {dag.py:3954} INFO - Setting next_dagrun for tutorial to 2024-05-28 00:00:00+00:00, run_after=2024-05-29 00:00:00+00:00
[2024-05-29T01:22:22.005+0000] {processor.py:183} INFO - Processing /home/airflow/.local/lib/python3.12/site-packages/airflow/example_dags/tutorial.py took 0.102 seconds
[2024-05-29T01:22:52.972+0000] {processor.py:161} INFO - Started process (PID=1488) to work on /home/airflow/.local/lib/python3.12/site-packages/airflow/example_dags/tutorial.py
[2024-05-29T01:22:52.974+0000] {processor.py:830} INFO - Processing file /home/airflow/.local/lib/python3.12/site-packages/airflow/example_dags/tutorial.py for tasks to queue
[2024-05-29T01:22:52.977+0000] {logging_mixin.py:188} INFO - [2024-05-29T01:22:52.975+0000] {dagbag.py:545} INFO - Filling up the DagBag from /home/airflow/.local/lib/python3.12/site-packages/airflow/example_dags/tutorial.py
[2024-05-29T01:22:52.994+0000] {processor.py:840} INFO - DAG(s) 'tutorial' retrieved from /home/airflow/.local/lib/python3.12/site-packages/airflow/example_dags/tutorial.py
[2024-05-29T01:22:53.278+0000] {logging_mixin.py:188} INFO - [2024-05-29T01:22:53.269+0000] {dag.py:3096} INFO - Sync 1 DAGs
[2024-05-29T01:22:53.325+0000] {logging_mixin.py:188} INFO - [2024-05-29T01:22:53.324+0000] {dag.py:3954} INFO - Setting next_dagrun for tutorial to 2024-05-28 00:00:00+00:00, run_after=2024-05-29 00:00:00+00:00
[2024-05-29T01:22:53.354+0000] {processor.py:183} INFO - Processing /home/airflow/.local/lib/python3.12/site-packages/airflow/example_dags/tutorial.py took 0.399 seconds
[2024-05-29T01:27:45.493+0000] {processor.py:161} INFO - Started process (PID=51) to work on /home/airflow/.local/lib/python3.12/site-packages/airflow/example_dags/tutorial.py
[2024-05-29T01:27:45.494+0000] {processor.py:830} INFO - Processing file /home/airflow/.local/lib/python3.12/site-packages/airflow/example_dags/tutorial.py for tasks to queue
[2024-05-29T01:27:45.497+0000] {logging_mixin.py:188} INFO - [2024-05-29T01:27:45.497+0000] {dagbag.py:545} INFO - Filling up the DagBag from /home/airflow/.local/lib/python3.12/site-packages/airflow/example_dags/tutorial.py
[2024-05-29T01:27:45.505+0000] {processor.py:840} INFO - DAG(s) 'tutorial' retrieved from /home/airflow/.local/lib/python3.12/site-packages/airflow/example_dags/tutorial.py
[2024-05-29T01:27:45.534+0000] {logging_mixin.py:188} INFO - [2024-05-29T01:27:45.533+0000] {dag.py:3096} INFO - Sync 1 DAGs
[2024-05-29T01:27:45.572+0000] {logging_mixin.py:188} INFO - [2024-05-29T01:27:45.571+0000] {dag.py:3954} INFO - Setting next_dagrun for tutorial to 2024-05-28 00:00:00+00:00, run_after=2024-05-29 00:00:00+00:00
[2024-05-29T01:27:45.617+0000] {processor.py:183} INFO - Processing /home/airflow/.local/lib/python3.12/site-packages/airflow/example_dags/tutorial.py took 0.129 seconds
[2024-05-29T01:28:15.812+0000] {processor.py:161} INFO - Started process (PID=109) to work on /home/airflow/.local/lib/python3.12/site-packages/airflow/example_dags/tutorial.py
[2024-05-29T01:28:15.813+0000] {processor.py:830} INFO - Processing file /home/airflow/.local/lib/python3.12/site-packages/airflow/example_dags/tutorial.py for tasks to queue
[2024-05-29T01:28:15.815+0000] {logging_mixin.py:188} INFO - [2024-05-29T01:28:15.815+0000] {dagbag.py:545} INFO - Filling up the DagBag from /home/airflow/.local/lib/python3.12/site-packages/airflow/example_dags/tutorial.py
[2024-05-29T01:28:15.821+0000] {processor.py:840} INFO - DAG(s) 'tutorial' retrieved from /home/airflow/.local/lib/python3.12/site-packages/airflow/example_dags/tutorial.py
[2024-05-29T01:28:15.841+0000] {logging_mixin.py:188} INFO - [2024-05-29T01:28:15.841+0000] {dag.py:3096} INFO - Sync 1 DAGs
[2024-05-29T01:28:15.864+0000] {logging_mixin.py:188} INFO - [2024-05-29T01:28:15.864+0000] {dag.py:3954} INFO - Setting next_dagrun for tutorial to 2024-05-28 00:00:00+00:00, run_after=2024-05-29 00:00:00+00:00
[2024-05-29T01:28:15.885+0000] {processor.py:183} INFO - Processing /home/airflow/.local/lib/python3.12/site-packages/airflow/example_dags/tutorial.py took 0.085 seconds
