[2024-05-29T01:09:42.025+0000] {processor.py:161} INFO - Started process (PID=75) to work on /home/airflow/.local/lib/python3.12/site-packages/airflow/example_dags/tutorial_taskflow_api.py
[2024-05-29T01:09:42.029+0000] {processor.py:830} INFO - Processing file /home/airflow/.local/lib/python3.12/site-packages/airflow/example_dags/tutorial_taskflow_api.py for tasks to queue
[2024-05-29T01:09:42.033+0000] {logging_mixin.py:188} INFO - [2024-05-29T01:09:42.032+0000] {dagbag.py:545} INFO - Filling up the DagBag from /home/airflow/.local/lib/python3.12/site-packages/airflow/example_dags/tutorial_taskflow_api.py
[2024-05-29T01:09:42.076+0000] {processor.py:840} INFO - DAG(s) 'tutorial_taskflow_api' retrieved from /home/airflow/.local/lib/python3.12/site-packages/airflow/example_dags/tutorial_taskflow_api.py
[2024-05-29T01:09:42.344+0000] {logging_mixin.py:188} INFO - [2024-05-29T01:09:42.343+0000] {override.py:1829} INFO - Created Permission View: can edit on DAG:tutorial_taskflow_api
[2024-05-29T01:09:42.364+0000] {logging_mixin.py:188} INFO - [2024-05-29T01:09:42.363+0000] {override.py:1829} INFO - Created Permission View: can delete on DAG:tutorial_taskflow_api
[2024-05-29T01:09:42.379+0000] {logging_mixin.py:188} INFO - [2024-05-29T01:09:42.379+0000] {override.py:1829} INFO - Created Permission View: can read on DAG:tutorial_taskflow_api
[2024-05-29T01:09:42.383+0000] {logging_mixin.py:188} INFO - [2024-05-29T01:09:42.383+0000] {dag.py:3096} INFO - Sync 1 DAGs
[2024-05-29T01:09:42.435+0000] {logging_mixin.py:188} INFO - [2024-05-29T01:09:42.435+0000] {dag.py:3118} INFO - Creating ORM DAG for tutorial_taskflow_api
[2024-05-29T01:09:42.437+0000] {logging_mixin.py:188} INFO - [2024-05-29T01:09:42.437+0000] {dag.py:3954} INFO - Setting next_dagrun for tutorial_taskflow_api to None, run_after=None
[2024-05-29T01:09:42.466+0000] {processor.py:183} INFO - Processing /home/airflow/.local/lib/python3.12/site-packages/airflow/example_dags/tutorial_taskflow_api.py took 0.449 seconds
[2024-05-29T01:10:12.530+0000] {processor.py:161} INFO - Started process (PID=135) to work on /home/airflow/.local/lib/python3.12/site-packages/airflow/example_dags/tutorial_taskflow_api.py
[2024-05-29T01:10:12.532+0000] {processor.py:830} INFO - Processing file /home/airflow/.local/lib/python3.12/site-packages/airflow/example_dags/tutorial_taskflow_api.py for tasks to queue
[2024-05-29T01:10:12.535+0000] {logging_mixin.py:188} INFO - [2024-05-29T01:10:12.534+0000] {dagbag.py:545} INFO - Filling up the DagBag from /home/airflow/.local/lib/python3.12/site-packages/airflow/example_dags/tutorial_taskflow_api.py
[2024-05-29T01:10:12.546+0000] {processor.py:840} INFO - DAG(s) 'tutorial_taskflow_api' retrieved from /home/airflow/.local/lib/python3.12/site-packages/airflow/example_dags/tutorial_taskflow_api.py
[2024-05-29T01:10:12.594+0000] {logging_mixin.py:188} INFO - [2024-05-29T01:10:12.594+0000] {dag.py:3096} INFO - Sync 1 DAGs
[2024-05-29T01:10:12.615+0000] {logging_mixin.py:188} INFO - [2024-05-29T01:10:12.615+0000] {dag.py:3954} INFO - Setting next_dagrun for tutorial_taskflow_api to None, run_after=None
[2024-05-29T01:10:12.655+0000] {processor.py:183} INFO - Processing /home/airflow/.local/lib/python3.12/site-packages/airflow/example_dags/tutorial_taskflow_api.py took 0.133 seconds
[2024-05-29T01:10:42.720+0000] {processor.py:161} INFO - Started process (PID=195) to work on /home/airflow/.local/lib/python3.12/site-packages/airflow/example_dags/tutorial_taskflow_api.py
[2024-05-29T01:10:42.722+0000] {processor.py:830} INFO - Processing file /home/airflow/.local/lib/python3.12/site-packages/airflow/example_dags/tutorial_taskflow_api.py for tasks to queue
[2024-05-29T01:10:42.725+0000] {logging_mixin.py:188} INFO - [2024-05-29T01:10:42.725+0000] {dagbag.py:545} INFO - Filling up the DagBag from /home/airflow/.local/lib/python3.12/site-packages/airflow/example_dags/tutorial_taskflow_api.py
[2024-05-29T01:10:42.733+0000] {processor.py:840} INFO - DAG(s) 'tutorial_taskflow_api' retrieved from /home/airflow/.local/lib/python3.12/site-packages/airflow/example_dags/tutorial_taskflow_api.py
[2024-05-29T01:10:42.760+0000] {logging_mixin.py:188} INFO - [2024-05-29T01:10:42.760+0000] {dag.py:3096} INFO - Sync 1 DAGs
[2024-05-29T01:10:42.777+0000] {logging_mixin.py:188} INFO - [2024-05-29T01:10:42.777+0000] {dag.py:3954} INFO - Setting next_dagrun for tutorial_taskflow_api to None, run_after=None
[2024-05-29T01:10:42.805+0000] {processor.py:183} INFO - Processing /home/airflow/.local/lib/python3.12/site-packages/airflow/example_dags/tutorial_taskflow_api.py took 0.094 seconds
[2024-05-29T01:11:13.359+0000] {processor.py:161} INFO - Started process (PID=255) to work on /home/airflow/.local/lib/python3.12/site-packages/airflow/example_dags/tutorial_taskflow_api.py
[2024-05-29T01:11:13.361+0000] {processor.py:830} INFO - Processing file /home/airflow/.local/lib/python3.12/site-packages/airflow/example_dags/tutorial_taskflow_api.py for tasks to queue
[2024-05-29T01:11:13.364+0000] {logging_mixin.py:188} INFO - [2024-05-29T01:11:13.364+0000] {dagbag.py:545} INFO - Filling up the DagBag from /home/airflow/.local/lib/python3.12/site-packages/airflow/example_dags/tutorial_taskflow_api.py
[2024-05-29T01:11:13.377+0000] {processor.py:840} INFO - DAG(s) 'tutorial_taskflow_api' retrieved from /home/airflow/.local/lib/python3.12/site-packages/airflow/example_dags/tutorial_taskflow_api.py
[2024-05-29T01:11:13.404+0000] {logging_mixin.py:188} INFO - [2024-05-29T01:11:13.404+0000] {dag.py:3096} INFO - Sync 1 DAGs
[2024-05-29T01:11:13.420+0000] {logging_mixin.py:188} INFO - [2024-05-29T01:11:13.420+0000] {dag.py:3954} INFO - Setting next_dagrun for tutorial_taskflow_api to None, run_after=None
[2024-05-29T01:11:13.445+0000] {processor.py:183} INFO - Processing /home/airflow/.local/lib/python3.12/site-packages/airflow/example_dags/tutorial_taskflow_api.py took 0.093 seconds
[2024-05-29T01:11:44.534+0000] {processor.py:161} INFO - Started process (PID=316) to work on /home/airflow/.local/lib/python3.12/site-packages/airflow/example_dags/tutorial_taskflow_api.py
[2024-05-29T01:11:44.538+0000] {processor.py:830} INFO - Processing file /home/airflow/.local/lib/python3.12/site-packages/airflow/example_dags/tutorial_taskflow_api.py for tasks to queue
[2024-05-29T01:11:44.541+0000] {logging_mixin.py:188} INFO - [2024-05-29T01:11:44.540+0000] {dagbag.py:545} INFO - Filling up the DagBag from /home/airflow/.local/lib/python3.12/site-packages/airflow/example_dags/tutorial_taskflow_api.py
[2024-05-29T01:11:44.551+0000] {processor.py:840} INFO - DAG(s) 'tutorial_taskflow_api' retrieved from /home/airflow/.local/lib/python3.12/site-packages/airflow/example_dags/tutorial_taskflow_api.py
[2024-05-29T01:11:44.588+0000] {logging_mixin.py:188} INFO - [2024-05-29T01:11:44.587+0000] {dag.py:3096} INFO - Sync 1 DAGs
[2024-05-29T01:11:44.610+0000] {logging_mixin.py:188} INFO - [2024-05-29T01:11:44.610+0000] {dag.py:3954} INFO - Setting next_dagrun for tutorial_taskflow_api to None, run_after=None
[2024-05-29T01:11:44.643+0000] {processor.py:183} INFO - Processing /home/airflow/.local/lib/python3.12/site-packages/airflow/example_dags/tutorial_taskflow_api.py took 0.118 seconds
[2024-05-29T01:12:14.917+0000] {processor.py:161} INFO - Started process (PID=376) to work on /home/airflow/.local/lib/python3.12/site-packages/airflow/example_dags/tutorial_taskflow_api.py
[2024-05-29T01:12:14.918+0000] {processor.py:830} INFO - Processing file /home/airflow/.local/lib/python3.12/site-packages/airflow/example_dags/tutorial_taskflow_api.py for tasks to queue
[2024-05-29T01:12:14.921+0000] {logging_mixin.py:188} INFO - [2024-05-29T01:12:14.921+0000] {dagbag.py:545} INFO - Filling up the DagBag from /home/airflow/.local/lib/python3.12/site-packages/airflow/example_dags/tutorial_taskflow_api.py
[2024-05-29T01:12:14.930+0000] {processor.py:840} INFO - DAG(s) 'tutorial_taskflow_api' retrieved from /home/airflow/.local/lib/python3.12/site-packages/airflow/example_dags/tutorial_taskflow_api.py
[2024-05-29T01:12:14.960+0000] {logging_mixin.py:188} INFO - [2024-05-29T01:12:14.959+0000] {dag.py:3096} INFO - Sync 1 DAGs
[2024-05-29T01:12:14.984+0000] {logging_mixin.py:188} INFO - [2024-05-29T01:12:14.983+0000] {dag.py:3954} INFO - Setting next_dagrun for tutorial_taskflow_api to None, run_after=None
[2024-05-29T01:12:15.007+0000] {processor.py:183} INFO - Processing /home/airflow/.local/lib/python3.12/site-packages/airflow/example_dags/tutorial_taskflow_api.py took 0.098 seconds
[2024-05-29T01:12:45.079+0000] {processor.py:161} INFO - Started process (PID=436) to work on /home/airflow/.local/lib/python3.12/site-packages/airflow/example_dags/tutorial_taskflow_api.py
[2024-05-29T01:12:45.082+0000] {processor.py:830} INFO - Processing file /home/airflow/.local/lib/python3.12/site-packages/airflow/example_dags/tutorial_taskflow_api.py for tasks to queue
[2024-05-29T01:12:45.085+0000] {logging_mixin.py:188} INFO - [2024-05-29T01:12:45.085+0000] {dagbag.py:545} INFO - Filling up the DagBag from /home/airflow/.local/lib/python3.12/site-packages/airflow/example_dags/tutorial_taskflow_api.py
[2024-05-29T01:12:45.094+0000] {processor.py:840} INFO - DAG(s) 'tutorial_taskflow_api' retrieved from /home/airflow/.local/lib/python3.12/site-packages/airflow/example_dags/tutorial_taskflow_api.py
[2024-05-29T01:12:45.118+0000] {logging_mixin.py:188} INFO - [2024-05-29T01:12:45.117+0000] {dag.py:3096} INFO - Sync 1 DAGs
[2024-05-29T01:12:45.135+0000] {logging_mixin.py:188} INFO - [2024-05-29T01:12:45.135+0000] {dag.py:3954} INFO - Setting next_dagrun for tutorial_taskflow_api to None, run_after=None
[2024-05-29T01:12:45.159+0000] {processor.py:183} INFO - Processing /home/airflow/.local/lib/python3.12/site-packages/airflow/example_dags/tutorial_taskflow_api.py took 0.086 seconds
[2024-05-29T01:13:15.699+0000] {processor.py:161} INFO - Started process (PID=496) to work on /home/airflow/.local/lib/python3.12/site-packages/airflow/example_dags/tutorial_taskflow_api.py
[2024-05-29T01:13:15.700+0000] {processor.py:830} INFO - Processing file /home/airflow/.local/lib/python3.12/site-packages/airflow/example_dags/tutorial_taskflow_api.py for tasks to queue
[2024-05-29T01:13:15.703+0000] {logging_mixin.py:188} INFO - [2024-05-29T01:13:15.702+0000] {dagbag.py:545} INFO - Filling up the DagBag from /home/airflow/.local/lib/python3.12/site-packages/airflow/example_dags/tutorial_taskflow_api.py
[2024-05-29T01:13:15.710+0000] {processor.py:840} INFO - DAG(s) 'tutorial_taskflow_api' retrieved from /home/airflow/.local/lib/python3.12/site-packages/airflow/example_dags/tutorial_taskflow_api.py
[2024-05-29T01:13:15.736+0000] {logging_mixin.py:188} INFO - [2024-05-29T01:13:15.736+0000] {dag.py:3096} INFO - Sync 1 DAGs
[2024-05-29T01:13:15.754+0000] {logging_mixin.py:188} INFO - [2024-05-29T01:13:15.754+0000] {dag.py:3954} INFO - Setting next_dagrun for tutorial_taskflow_api to None, run_after=None
[2024-05-29T01:13:15.780+0000] {processor.py:183} INFO - Processing /home/airflow/.local/lib/python3.12/site-packages/airflow/example_dags/tutorial_taskflow_api.py took 0.090 seconds
[2024-05-29T01:13:46.252+0000] {processor.py:161} INFO - Started process (PID=556) to work on /home/airflow/.local/lib/python3.12/site-packages/airflow/example_dags/tutorial_taskflow_api.py
[2024-05-29T01:13:46.253+0000] {processor.py:830} INFO - Processing file /home/airflow/.local/lib/python3.12/site-packages/airflow/example_dags/tutorial_taskflow_api.py for tasks to queue
[2024-05-29T01:13:46.255+0000] {logging_mixin.py:188} INFO - [2024-05-29T01:13:46.255+0000] {dagbag.py:545} INFO - Filling up the DagBag from /home/airflow/.local/lib/python3.12/site-packages/airflow/example_dags/tutorial_taskflow_api.py
[2024-05-29T01:13:46.264+0000] {processor.py:840} INFO - DAG(s) 'tutorial_taskflow_api' retrieved from /home/airflow/.local/lib/python3.12/site-packages/airflow/example_dags/tutorial_taskflow_api.py
[2024-05-29T01:13:46.285+0000] {logging_mixin.py:188} INFO - [2024-05-29T01:13:46.285+0000] {dag.py:3096} INFO - Sync 1 DAGs
[2024-05-29T01:13:46.300+0000] {logging_mixin.py:188} INFO - [2024-05-29T01:13:46.300+0000] {dag.py:3954} INFO - Setting next_dagrun for tutorial_taskflow_api to None, run_after=None
[2024-05-29T01:13:46.322+0000] {processor.py:183} INFO - Processing /home/airflow/.local/lib/python3.12/site-packages/airflow/example_dags/tutorial_taskflow_api.py took 0.079 seconds
[2024-05-29T01:14:16.519+0000] {processor.py:161} INFO - Started process (PID=616) to work on /home/airflow/.local/lib/python3.12/site-packages/airflow/example_dags/tutorial_taskflow_api.py
[2024-05-29T01:14:16.520+0000] {processor.py:830} INFO - Processing file /home/airflow/.local/lib/python3.12/site-packages/airflow/example_dags/tutorial_taskflow_api.py for tasks to queue
[2024-05-29T01:14:16.522+0000] {logging_mixin.py:188} INFO - [2024-05-29T01:14:16.522+0000] {dagbag.py:545} INFO - Filling up the DagBag from /home/airflow/.local/lib/python3.12/site-packages/airflow/example_dags/tutorial_taskflow_api.py
[2024-05-29T01:14:16.528+0000] {processor.py:840} INFO - DAG(s) 'tutorial_taskflow_api' retrieved from /home/airflow/.local/lib/python3.12/site-packages/airflow/example_dags/tutorial_taskflow_api.py
[2024-05-29T01:14:16.551+0000] {logging_mixin.py:188} INFO - [2024-05-29T01:14:16.550+0000] {dag.py:3096} INFO - Sync 1 DAGs
[2024-05-29T01:14:16.566+0000] {logging_mixin.py:188} INFO - [2024-05-29T01:14:16.565+0000] {dag.py:3954} INFO - Setting next_dagrun for tutorial_taskflow_api to None, run_after=None
[2024-05-29T01:14:16.591+0000] {processor.py:183} INFO - Processing /home/airflow/.local/lib/python3.12/site-packages/airflow/example_dags/tutorial_taskflow_api.py took 0.078 seconds
[2024-05-29T01:14:47.063+0000] {processor.py:161} INFO - Started process (PID=676) to work on /home/airflow/.local/lib/python3.12/site-packages/airflow/example_dags/tutorial_taskflow_api.py
[2024-05-29T01:14:47.064+0000] {processor.py:830} INFO - Processing file /home/airflow/.local/lib/python3.12/site-packages/airflow/example_dags/tutorial_taskflow_api.py for tasks to queue
[2024-05-29T01:14:47.067+0000] {logging_mixin.py:188} INFO - [2024-05-29T01:14:47.067+0000] {dagbag.py:545} INFO - Filling up the DagBag from /home/airflow/.local/lib/python3.12/site-packages/airflow/example_dags/tutorial_taskflow_api.py
[2024-05-29T01:14:47.076+0000] {processor.py:840} INFO - DAG(s) 'tutorial_taskflow_api' retrieved from /home/airflow/.local/lib/python3.12/site-packages/airflow/example_dags/tutorial_taskflow_api.py
[2024-05-29T01:14:47.109+0000] {logging_mixin.py:188} INFO - [2024-05-29T01:14:47.109+0000] {dag.py:3096} INFO - Sync 1 DAGs
[2024-05-29T01:14:47.128+0000] {logging_mixin.py:188} INFO - [2024-05-29T01:14:47.128+0000] {dag.py:3954} INFO - Setting next_dagrun for tutorial_taskflow_api to None, run_after=None
[2024-05-29T01:14:47.164+0000] {processor.py:183} INFO - Processing /home/airflow/.local/lib/python3.12/site-packages/airflow/example_dags/tutorial_taskflow_api.py took 0.109 seconds
[2024-05-29T01:15:17.865+0000] {processor.py:161} INFO - Started process (PID=736) to work on /home/airflow/.local/lib/python3.12/site-packages/airflow/example_dags/tutorial_taskflow_api.py
[2024-05-29T01:15:17.866+0000] {processor.py:830} INFO - Processing file /home/airflow/.local/lib/python3.12/site-packages/airflow/example_dags/tutorial_taskflow_api.py for tasks to queue
[2024-05-29T01:15:17.868+0000] {logging_mixin.py:188} INFO - [2024-05-29T01:15:17.868+0000] {dagbag.py:545} INFO - Filling up the DagBag from /home/airflow/.local/lib/python3.12/site-packages/airflow/example_dags/tutorial_taskflow_api.py
[2024-05-29T01:15:17.875+0000] {processor.py:840} INFO - DAG(s) 'tutorial_taskflow_api' retrieved from /home/airflow/.local/lib/python3.12/site-packages/airflow/example_dags/tutorial_taskflow_api.py
[2024-05-29T01:15:17.897+0000] {logging_mixin.py:188} INFO - [2024-05-29T01:15:17.896+0000] {dag.py:3096} INFO - Sync 1 DAGs
[2024-05-29T01:15:17.911+0000] {logging_mixin.py:188} INFO - [2024-05-29T01:15:17.911+0000] {dag.py:3954} INFO - Setting next_dagrun for tutorial_taskflow_api to None, run_after=None
[2024-05-29T01:15:17.933+0000] {processor.py:183} INFO - Processing /home/airflow/.local/lib/python3.12/site-packages/airflow/example_dags/tutorial_taskflow_api.py took 0.075 seconds
[2024-05-29T01:15:48.542+0000] {processor.py:161} INFO - Started process (PID=796) to work on /home/airflow/.local/lib/python3.12/site-packages/airflow/example_dags/tutorial_taskflow_api.py
[2024-05-29T01:15:48.543+0000] {processor.py:830} INFO - Processing file /home/airflow/.local/lib/python3.12/site-packages/airflow/example_dags/tutorial_taskflow_api.py for tasks to queue
[2024-05-29T01:15:48.545+0000] {logging_mixin.py:188} INFO - [2024-05-29T01:15:48.545+0000] {dagbag.py:545} INFO - Filling up the DagBag from /home/airflow/.local/lib/python3.12/site-packages/airflow/example_dags/tutorial_taskflow_api.py
[2024-05-29T01:15:48.552+0000] {processor.py:840} INFO - DAG(s) 'tutorial_taskflow_api' retrieved from /home/airflow/.local/lib/python3.12/site-packages/airflow/example_dags/tutorial_taskflow_api.py
[2024-05-29T01:15:48.575+0000] {logging_mixin.py:188} INFO - [2024-05-29T01:15:48.574+0000] {dag.py:3096} INFO - Sync 1 DAGs
[2024-05-29T01:15:48.588+0000] {logging_mixin.py:188} INFO - [2024-05-29T01:15:48.588+0000] {dag.py:3954} INFO - Setting next_dagrun for tutorial_taskflow_api to None, run_after=None
[2024-05-29T01:15:48.611+0000] {processor.py:183} INFO - Processing /home/airflow/.local/lib/python3.12/site-packages/airflow/example_dags/tutorial_taskflow_api.py took 0.074 seconds
[2024-05-29T01:16:18.980+0000] {processor.py:161} INFO - Started process (PID=856) to work on /home/airflow/.local/lib/python3.12/site-packages/airflow/example_dags/tutorial_taskflow_api.py
[2024-05-29T01:16:18.981+0000] {processor.py:830} INFO - Processing file /home/airflow/.local/lib/python3.12/site-packages/airflow/example_dags/tutorial_taskflow_api.py for tasks to queue
[2024-05-29T01:16:18.983+0000] {logging_mixin.py:188} INFO - [2024-05-29T01:16:18.982+0000] {dagbag.py:545} INFO - Filling up the DagBag from /home/airflow/.local/lib/python3.12/site-packages/airflow/example_dags/tutorial_taskflow_api.py
[2024-05-29T01:16:18.990+0000] {processor.py:840} INFO - DAG(s) 'tutorial_taskflow_api' retrieved from /home/airflow/.local/lib/python3.12/site-packages/airflow/example_dags/tutorial_taskflow_api.py
[2024-05-29T01:16:19.014+0000] {logging_mixin.py:188} INFO - [2024-05-29T01:16:19.014+0000] {dag.py:3096} INFO - Sync 1 DAGs
[2024-05-29T01:16:19.034+0000] {logging_mixin.py:188} INFO - [2024-05-29T01:16:19.034+0000] {dag.py:3954} INFO - Setting next_dagrun for tutorial_taskflow_api to None, run_after=None
[2024-05-29T01:16:19.063+0000] {processor.py:183} INFO - Processing /home/airflow/.local/lib/python3.12/site-packages/airflow/example_dags/tutorial_taskflow_api.py took 0.089 seconds
[2024-05-29T01:16:49.405+0000] {processor.py:161} INFO - Started process (PID=918) to work on /home/airflow/.local/lib/python3.12/site-packages/airflow/example_dags/tutorial_taskflow_api.py
[2024-05-29T01:16:49.406+0000] {processor.py:830} INFO - Processing file /home/airflow/.local/lib/python3.12/site-packages/airflow/example_dags/tutorial_taskflow_api.py for tasks to queue
[2024-05-29T01:16:49.408+0000] {logging_mixin.py:188} INFO - [2024-05-29T01:16:49.408+0000] {dagbag.py:545} INFO - Filling up the DagBag from /home/airflow/.local/lib/python3.12/site-packages/airflow/example_dags/tutorial_taskflow_api.py
[2024-05-29T01:16:49.415+0000] {processor.py:840} INFO - DAG(s) 'tutorial_taskflow_api' retrieved from /home/airflow/.local/lib/python3.12/site-packages/airflow/example_dags/tutorial_taskflow_api.py
[2024-05-29T01:16:49.438+0000] {logging_mixin.py:188} INFO - [2024-05-29T01:16:49.438+0000] {dag.py:3096} INFO - Sync 1 DAGs
[2024-05-29T01:16:49.455+0000] {logging_mixin.py:188} INFO - [2024-05-29T01:16:49.455+0000] {dag.py:3954} INFO - Setting next_dagrun for tutorial_taskflow_api to None, run_after=None
[2024-05-29T01:16:49.479+0000] {processor.py:183} INFO - Processing /home/airflow/.local/lib/python3.12/site-packages/airflow/example_dags/tutorial_taskflow_api.py took 0.080 seconds
[2024-05-29T01:17:20.364+0000] {processor.py:161} INFO - Started process (PID=979) to work on /home/airflow/.local/lib/python3.12/site-packages/airflow/example_dags/tutorial_taskflow_api.py
[2024-05-29T01:17:20.365+0000] {processor.py:830} INFO - Processing file /home/airflow/.local/lib/python3.12/site-packages/airflow/example_dags/tutorial_taskflow_api.py for tasks to queue
[2024-05-29T01:17:20.367+0000] {logging_mixin.py:188} INFO - [2024-05-29T01:17:20.367+0000] {dagbag.py:545} INFO - Filling up the DagBag from /home/airflow/.local/lib/python3.12/site-packages/airflow/example_dags/tutorial_taskflow_api.py
[2024-05-29T01:17:20.377+0000] {processor.py:840} INFO - DAG(s) 'tutorial_taskflow_api' retrieved from /home/airflow/.local/lib/python3.12/site-packages/airflow/example_dags/tutorial_taskflow_api.py
[2024-05-29T01:17:20.407+0000] {logging_mixin.py:188} INFO - [2024-05-29T01:17:20.407+0000] {dag.py:3096} INFO - Sync 1 DAGs
[2024-05-29T01:17:20.424+0000] {logging_mixin.py:188} INFO - [2024-05-29T01:17:20.424+0000] {dag.py:3954} INFO - Setting next_dagrun for tutorial_taskflow_api to None, run_after=None
[2024-05-29T01:17:20.446+0000] {processor.py:183} INFO - Processing /home/airflow/.local/lib/python3.12/site-packages/airflow/example_dags/tutorial_taskflow_api.py took 0.090 seconds
[2024-05-29T01:17:51.083+0000] {processor.py:161} INFO - Started process (PID=1041) to work on /home/airflow/.local/lib/python3.12/site-packages/airflow/example_dags/tutorial_taskflow_api.py
[2024-05-29T01:17:51.085+0000] {processor.py:830} INFO - Processing file /home/airflow/.local/lib/python3.12/site-packages/airflow/example_dags/tutorial_taskflow_api.py for tasks to queue
[2024-05-29T01:17:51.087+0000] {logging_mixin.py:188} INFO - [2024-05-29T01:17:51.087+0000] {dagbag.py:545} INFO - Filling up the DagBag from /home/airflow/.local/lib/python3.12/site-packages/airflow/example_dags/tutorial_taskflow_api.py
[2024-05-29T01:17:51.094+0000] {processor.py:840} INFO - DAG(s) 'tutorial_taskflow_api' retrieved from /home/airflow/.local/lib/python3.12/site-packages/airflow/example_dags/tutorial_taskflow_api.py
[2024-05-29T01:17:51.118+0000] {logging_mixin.py:188} INFO - [2024-05-29T01:17:51.118+0000] {dag.py:3096} INFO - Sync 1 DAGs
[2024-05-29T01:17:51.134+0000] {logging_mixin.py:188} INFO - [2024-05-29T01:17:51.134+0000] {dag.py:3954} INFO - Setting next_dagrun for tutorial_taskflow_api to None, run_after=None
[2024-05-29T01:17:51.157+0000] {processor.py:183} INFO - Processing /home/airflow/.local/lib/python3.12/site-packages/airflow/example_dags/tutorial_taskflow_api.py took 0.081 seconds
[2024-05-29T01:18:21.510+0000] {processor.py:161} INFO - Started process (PID=1101) to work on /home/airflow/.local/lib/python3.12/site-packages/airflow/example_dags/tutorial_taskflow_api.py
[2024-05-29T01:18:21.512+0000] {processor.py:830} INFO - Processing file /home/airflow/.local/lib/python3.12/site-packages/airflow/example_dags/tutorial_taskflow_api.py for tasks to queue
[2024-05-29T01:18:21.515+0000] {logging_mixin.py:188} INFO - [2024-05-29T01:18:21.514+0000] {dagbag.py:545} INFO - Filling up the DagBag from /home/airflow/.local/lib/python3.12/site-packages/airflow/example_dags/tutorial_taskflow_api.py
[2024-05-29T01:18:21.523+0000] {processor.py:840} INFO - DAG(s) 'tutorial_taskflow_api' retrieved from /home/airflow/.local/lib/python3.12/site-packages/airflow/example_dags/tutorial_taskflow_api.py
[2024-05-29T01:18:21.550+0000] {logging_mixin.py:188} INFO - [2024-05-29T01:18:21.550+0000] {dag.py:3096} INFO - Sync 1 DAGs
[2024-05-29T01:18:21.563+0000] {logging_mixin.py:188} INFO - [2024-05-29T01:18:21.563+0000] {dag.py:3954} INFO - Setting next_dagrun for tutorial_taskflow_api to None, run_after=None
[2024-05-29T01:18:21.585+0000] {processor.py:183} INFO - Processing /home/airflow/.local/lib/python3.12/site-packages/airflow/example_dags/tutorial_taskflow_api.py took 0.081 seconds
[2024-05-29T01:18:51.775+0000] {processor.py:161} INFO - Started process (PID=1163) to work on /home/airflow/.local/lib/python3.12/site-packages/airflow/example_dags/tutorial_taskflow_api.py
[2024-05-29T01:18:51.777+0000] {processor.py:830} INFO - Processing file /home/airflow/.local/lib/python3.12/site-packages/airflow/example_dags/tutorial_taskflow_api.py for tasks to queue
[2024-05-29T01:18:51.779+0000] {logging_mixin.py:188} INFO - [2024-05-29T01:18:51.779+0000] {dagbag.py:545} INFO - Filling up the DagBag from /home/airflow/.local/lib/python3.12/site-packages/airflow/example_dags/tutorial_taskflow_api.py
[2024-05-29T01:18:51.786+0000] {processor.py:840} INFO - DAG(s) 'tutorial_taskflow_api' retrieved from /home/airflow/.local/lib/python3.12/site-packages/airflow/example_dags/tutorial_taskflow_api.py
[2024-05-29T01:18:51.811+0000] {logging_mixin.py:188} INFO - [2024-05-29T01:18:51.811+0000] {dag.py:3096} INFO - Sync 1 DAGs
[2024-05-29T01:18:51.824+0000] {logging_mixin.py:188} INFO - [2024-05-29T01:18:51.824+0000] {dag.py:3954} INFO - Setting next_dagrun for tutorial_taskflow_api to None, run_after=None
[2024-05-29T01:18:51.849+0000] {processor.py:183} INFO - Processing /home/airflow/.local/lib/python3.12/site-packages/airflow/example_dags/tutorial_taskflow_api.py took 0.080 seconds
[2024-05-29T01:19:23.068+0000] {processor.py:161} INFO - Started process (PID=1223) to work on /home/airflow/.local/lib/python3.12/site-packages/airflow/example_dags/tutorial_taskflow_api.py
[2024-05-29T01:19:23.069+0000] {processor.py:830} INFO - Processing file /home/airflow/.local/lib/python3.12/site-packages/airflow/example_dags/tutorial_taskflow_api.py for tasks to queue
[2024-05-29T01:19:23.071+0000] {logging_mixin.py:188} INFO - [2024-05-29T01:19:23.071+0000] {dagbag.py:545} INFO - Filling up the DagBag from /home/airflow/.local/lib/python3.12/site-packages/airflow/example_dags/tutorial_taskflow_api.py
[2024-05-29T01:19:23.077+0000] {processor.py:840} INFO - DAG(s) 'tutorial_taskflow_api' retrieved from /home/airflow/.local/lib/python3.12/site-packages/airflow/example_dags/tutorial_taskflow_api.py
[2024-05-29T01:19:23.097+0000] {logging_mixin.py:188} INFO - [2024-05-29T01:19:23.097+0000] {dag.py:3096} INFO - Sync 1 DAGs
[2024-05-29T01:19:23.109+0000] {logging_mixin.py:188} INFO - [2024-05-29T01:19:23.109+0000] {dag.py:3954} INFO - Setting next_dagrun for tutorial_taskflow_api to None, run_after=None
[2024-05-29T01:19:23.133+0000] {processor.py:183} INFO - Processing /home/airflow/.local/lib/python3.12/site-packages/airflow/example_dags/tutorial_taskflow_api.py took 0.071 seconds
[2024-05-29T01:19:53.532+0000] {processor.py:161} INFO - Started process (PID=1283) to work on /home/airflow/.local/lib/python3.12/site-packages/airflow/example_dags/tutorial_taskflow_api.py
[2024-05-29T01:19:53.533+0000] {processor.py:830} INFO - Processing file /home/airflow/.local/lib/python3.12/site-packages/airflow/example_dags/tutorial_taskflow_api.py for tasks to queue
[2024-05-29T01:19:53.536+0000] {logging_mixin.py:188} INFO - [2024-05-29T01:19:53.535+0000] {dagbag.py:545} INFO - Filling up the DagBag from /home/airflow/.local/lib/python3.12/site-packages/airflow/example_dags/tutorial_taskflow_api.py
[2024-05-29T01:19:53.542+0000] {processor.py:840} INFO - DAG(s) 'tutorial_taskflow_api' retrieved from /home/airflow/.local/lib/python3.12/site-packages/airflow/example_dags/tutorial_taskflow_api.py
[2024-05-29T01:19:53.567+0000] {logging_mixin.py:188} INFO - [2024-05-29T01:19:53.566+0000] {dag.py:3096} INFO - Sync 1 DAGs
[2024-05-29T01:19:53.579+0000] {logging_mixin.py:188} INFO - [2024-05-29T01:19:53.579+0000] {dag.py:3954} INFO - Setting next_dagrun for tutorial_taskflow_api to None, run_after=None
[2024-05-29T01:19:53.606+0000] {processor.py:183} INFO - Processing /home/airflow/.local/lib/python3.12/site-packages/airflow/example_dags/tutorial_taskflow_api.py took 0.081 seconds
[2024-05-29T01:20:23.974+0000] {processor.py:161} INFO - Started process (PID=1343) to work on /home/airflow/.local/lib/python3.12/site-packages/airflow/example_dags/tutorial_taskflow_api.py
[2024-05-29T01:20:23.975+0000] {processor.py:830} INFO - Processing file /home/airflow/.local/lib/python3.12/site-packages/airflow/example_dags/tutorial_taskflow_api.py for tasks to queue
[2024-05-29T01:20:23.978+0000] {logging_mixin.py:188} INFO - [2024-05-29T01:20:23.977+0000] {dagbag.py:545} INFO - Filling up the DagBag from /home/airflow/.local/lib/python3.12/site-packages/airflow/example_dags/tutorial_taskflow_api.py
[2024-05-29T01:20:23.984+0000] {processor.py:840} INFO - DAG(s) 'tutorial_taskflow_api' retrieved from /home/airflow/.local/lib/python3.12/site-packages/airflow/example_dags/tutorial_taskflow_api.py
[2024-05-29T01:20:24.005+0000] {logging_mixin.py:188} INFO - [2024-05-29T01:20:24.005+0000] {dag.py:3096} INFO - Sync 1 DAGs
[2024-05-29T01:20:24.019+0000] {logging_mixin.py:188} INFO - [2024-05-29T01:20:24.019+0000] {dag.py:3954} INFO - Setting next_dagrun for tutorial_taskflow_api to None, run_after=None
[2024-05-29T01:20:24.043+0000] {processor.py:183} INFO - Processing /home/airflow/.local/lib/python3.12/site-packages/airflow/example_dags/tutorial_taskflow_api.py took 0.074 seconds
[2024-05-29T01:22:20.677+0000] {processor.py:161} INFO - Started process (PID=1409) to work on /home/airflow/.local/lib/python3.12/site-packages/airflow/example_dags/tutorial_taskflow_api.py
[2024-05-29T01:22:20.678+0000] {processor.py:830} INFO - Processing file /home/airflow/.local/lib/python3.12/site-packages/airflow/example_dags/tutorial_taskflow_api.py for tasks to queue
[2024-05-29T01:22:20.679+0000] {logging_mixin.py:188} INFO - [2024-05-29T01:22:20.679+0000] {dagbag.py:545} INFO - Filling up the DagBag from /home/airflow/.local/lib/python3.12/site-packages/airflow/example_dags/tutorial_taskflow_api.py
[2024-05-29T01:22:20.688+0000] {processor.py:840} INFO - DAG(s) 'tutorial_taskflow_api' retrieved from /home/airflow/.local/lib/python3.12/site-packages/airflow/example_dags/tutorial_taskflow_api.py
[2024-05-29T01:22:20.711+0000] {logging_mixin.py:188} INFO - [2024-05-29T01:22:20.711+0000] {dag.py:3096} INFO - Sync 1 DAGs
[2024-05-29T01:22:20.726+0000] {logging_mixin.py:188} INFO - [2024-05-29T01:22:20.726+0000] {dag.py:3954} INFO - Setting next_dagrun for tutorial_taskflow_api to None, run_after=None
[2024-05-29T01:22:20.750+0000] {processor.py:183} INFO - Processing /home/airflow/.local/lib/python3.12/site-packages/airflow/example_dags/tutorial_taskflow_api.py took 0.080 seconds
[2024-05-29T01:22:52.072+0000] {processor.py:161} INFO - Started process (PID=1476) to work on /home/airflow/.local/lib/python3.12/site-packages/airflow/example_dags/tutorial_taskflow_api.py
[2024-05-29T01:22:52.074+0000] {processor.py:830} INFO - Processing file /home/airflow/.local/lib/python3.12/site-packages/airflow/example_dags/tutorial_taskflow_api.py for tasks to queue
[2024-05-29T01:22:52.075+0000] {logging_mixin.py:188} INFO - [2024-05-29T01:22:52.075+0000] {dagbag.py:545} INFO - Filling up the DagBag from /home/airflow/.local/lib/python3.12/site-packages/airflow/example_dags/tutorial_taskflow_api.py
[2024-05-29T01:22:52.084+0000] {processor.py:840} INFO - DAG(s) 'tutorial_taskflow_api' retrieved from /home/airflow/.local/lib/python3.12/site-packages/airflow/example_dags/tutorial_taskflow_api.py
[2024-05-29T01:22:52.108+0000] {logging_mixin.py:188} INFO - [2024-05-29T01:22:52.108+0000] {dag.py:3096} INFO - Sync 1 DAGs
[2024-05-29T01:22:52.124+0000] {logging_mixin.py:188} INFO - [2024-05-29T01:22:52.124+0000] {dag.py:3954} INFO - Setting next_dagrun for tutorial_taskflow_api to None, run_after=None
[2024-05-29T01:22:52.149+0000] {processor.py:183} INFO - Processing /home/airflow/.local/lib/python3.12/site-packages/airflow/example_dags/tutorial_taskflow_api.py took 0.085 seconds
[2024-05-29T01:27:49.442+0000] {processor.py:161} INFO - Started process (PID=69) to work on /home/airflow/.local/lib/python3.12/site-packages/airflow/example_dags/tutorial_taskflow_api.py
[2024-05-29T01:27:49.445+0000] {processor.py:830} INFO - Processing file /home/airflow/.local/lib/python3.12/site-packages/airflow/example_dags/tutorial_taskflow_api.py for tasks to queue
[2024-05-29T01:27:49.459+0000] {logging_mixin.py:188} INFO - [2024-05-29T01:27:49.458+0000] {dagbag.py:545} INFO - Filling up the DagBag from /home/airflow/.local/lib/python3.12/site-packages/airflow/example_dags/tutorial_taskflow_api.py
[2024-05-29T01:27:49.506+0000] {processor.py:840} INFO - DAG(s) 'tutorial_taskflow_api' retrieved from /home/airflow/.local/lib/python3.12/site-packages/airflow/example_dags/tutorial_taskflow_api.py
[2024-05-29T01:27:49.639+0000] {logging_mixin.py:188} INFO - [2024-05-29T01:27:49.639+0000] {dag.py:3096} INFO - Sync 1 DAGs
[2024-05-29T01:27:49.703+0000] {logging_mixin.py:188} INFO - [2024-05-29T01:27:49.703+0000] {dag.py:3954} INFO - Setting next_dagrun for tutorial_taskflow_api to None, run_after=None
[2024-05-29T01:27:49.765+0000] {processor.py:183} INFO - Processing /home/airflow/.local/lib/python3.12/site-packages/airflow/example_dags/tutorial_taskflow_api.py took 0.330 seconds
