[2024-05-29T01:09:34.470+0000] {processor.py:161} INFO - Started process (PID=54) to work on /home/airflow/.local/lib/python3.12/site-packages/airflow/example_dags/tutorial_dag.py
[2024-05-29T01:09:34.473+0000] {processor.py:830} INFO - Processing file /home/airflow/.local/lib/python3.12/site-packages/airflow/example_dags/tutorial_dag.py for tasks to queue
[2024-05-29T01:09:34.479+0000] {logging_mixin.py:188} INFO - [2024-05-29T01:09:34.479+0000] {dagbag.py:545} INFO - Filling up the DagBag from /home/airflow/.local/lib/python3.12/site-packages/airflow/example_dags/tutorial_dag.py
[2024-05-29T01:09:34.491+0000] {processor.py:840} INFO - DAG(s) 'tutorial_dag' retrieved from /home/airflow/.local/lib/python3.12/site-packages/airflow/example_dags/tutorial_dag.py
[2024-05-29T01:09:34.708+0000] {logging_mixin.py:188} INFO - [2024-05-29T01:09:34.705+0000] {override.py:1829} INFO - Created Permission View: can edit on DAG:tutorial_dag
[2024-05-29T01:09:34.751+0000] {logging_mixin.py:188} INFO - [2024-05-29T01:09:34.751+0000] {override.py:1829} INFO - Created Permission View: can delete on DAG:tutorial_dag
[2024-05-29T01:09:34.770+0000] {logging_mixin.py:188} INFO - [2024-05-29T01:09:34.769+0000] {override.py:1829} INFO - Created Permission View: can read on DAG:tutorial_dag
[2024-05-29T01:09:34.772+0000] {logging_mixin.py:188} INFO - [2024-05-29T01:09:34.771+0000] {dag.py:3096} INFO - Sync 1 DAGs
[2024-05-29T01:09:34.847+0000] {logging_mixin.py:188} INFO - [2024-05-29T01:09:34.847+0000] {dag.py:3118} INFO - Creating ORM DAG for tutorial_dag
[2024-05-29T01:09:34.854+0000] {logging_mixin.py:188} INFO - [2024-05-29T01:09:34.853+0000] {dag.py:3954} INFO - Setting next_dagrun for tutorial_dag to None, run_after=None
[2024-05-29T01:09:34.972+0000] {processor.py:183} INFO - Processing /home/airflow/.local/lib/python3.12/site-packages/airflow/example_dags/tutorial_dag.py took 0.515 seconds
[2024-05-29T01:10:05.841+0000] {processor.py:161} INFO - Started process (PID=114) to work on /home/airflow/.local/lib/python3.12/site-packages/airflow/example_dags/tutorial_dag.py
[2024-05-29T01:10:05.843+0000] {processor.py:830} INFO - Processing file /home/airflow/.local/lib/python3.12/site-packages/airflow/example_dags/tutorial_dag.py for tasks to queue
[2024-05-29T01:10:05.846+0000] {logging_mixin.py:188} INFO - [2024-05-29T01:10:05.846+0000] {dagbag.py:545} INFO - Filling up the DagBag from /home/airflow/.local/lib/python3.12/site-packages/airflow/example_dags/tutorial_dag.py
[2024-05-29T01:10:05.854+0000] {processor.py:840} INFO - DAG(s) 'tutorial_dag' retrieved from /home/airflow/.local/lib/python3.12/site-packages/airflow/example_dags/tutorial_dag.py
[2024-05-29T01:10:05.882+0000] {logging_mixin.py:188} INFO - [2024-05-29T01:10:05.881+0000] {dag.py:3096} INFO - Sync 1 DAGs
[2024-05-29T01:10:05.905+0000] {logging_mixin.py:188} INFO - [2024-05-29T01:10:05.905+0000] {dag.py:3954} INFO - Setting next_dagrun for tutorial_dag to None, run_after=None
[2024-05-29T01:10:05.945+0000] {processor.py:183} INFO - Processing /home/airflow/.local/lib/python3.12/site-packages/airflow/example_dags/tutorial_dag.py took 0.115 seconds
[2024-05-29T01:10:36.388+0000] {processor.py:161} INFO - Started process (PID=174) to work on /home/airflow/.local/lib/python3.12/site-packages/airflow/example_dags/tutorial_dag.py
[2024-05-29T01:10:36.390+0000] {processor.py:830} INFO - Processing file /home/airflow/.local/lib/python3.12/site-packages/airflow/example_dags/tutorial_dag.py for tasks to queue
[2024-05-29T01:10:36.394+0000] {logging_mixin.py:188} INFO - [2024-05-29T01:10:36.393+0000] {dagbag.py:545} INFO - Filling up the DagBag from /home/airflow/.local/lib/python3.12/site-packages/airflow/example_dags/tutorial_dag.py
[2024-05-29T01:10:36.404+0000] {processor.py:840} INFO - DAG(s) 'tutorial_dag' retrieved from /home/airflow/.local/lib/python3.12/site-packages/airflow/example_dags/tutorial_dag.py
[2024-05-29T01:10:36.437+0000] {logging_mixin.py:188} INFO - [2024-05-29T01:10:36.436+0000] {dag.py:3096} INFO - Sync 1 DAGs
[2024-05-29T01:10:36.463+0000] {logging_mixin.py:188} INFO - [2024-05-29T01:10:36.462+0000] {dag.py:3954} INFO - Setting next_dagrun for tutorial_dag to None, run_after=None
[2024-05-29T01:10:36.503+0000] {processor.py:183} INFO - Processing /home/airflow/.local/lib/python3.12/site-packages/airflow/example_dags/tutorial_dag.py took 0.122 seconds
[2024-05-29T01:11:07.324+0000] {processor.py:161} INFO - Started process (PID=234) to work on /home/airflow/.local/lib/python3.12/site-packages/airflow/example_dags/tutorial_dag.py
[2024-05-29T01:11:07.325+0000] {processor.py:830} INFO - Processing file /home/airflow/.local/lib/python3.12/site-packages/airflow/example_dags/tutorial_dag.py for tasks to queue
[2024-05-29T01:11:07.328+0000] {logging_mixin.py:188} INFO - [2024-05-29T01:11:07.328+0000] {dagbag.py:545} INFO - Filling up the DagBag from /home/airflow/.local/lib/python3.12/site-packages/airflow/example_dags/tutorial_dag.py
[2024-05-29T01:11:07.336+0000] {processor.py:840} INFO - DAG(s) 'tutorial_dag' retrieved from /home/airflow/.local/lib/python3.12/site-packages/airflow/example_dags/tutorial_dag.py
[2024-05-29T01:11:07.365+0000] {logging_mixin.py:188} INFO - [2024-05-29T01:11:07.365+0000] {dag.py:3096} INFO - Sync 1 DAGs
[2024-05-29T01:11:07.383+0000] {logging_mixin.py:188} INFO - [2024-05-29T01:11:07.383+0000] {dag.py:3954} INFO - Setting next_dagrun for tutorial_dag to None, run_after=None
[2024-05-29T01:11:07.409+0000] {processor.py:183} INFO - Processing /home/airflow/.local/lib/python3.12/site-packages/airflow/example_dags/tutorial_dag.py took 0.093 seconds
[2024-05-29T01:11:37.605+0000] {processor.py:161} INFO - Started process (PID=295) to work on /home/airflow/.local/lib/python3.12/site-packages/airflow/example_dags/tutorial_dag.py
[2024-05-29T01:11:37.606+0000] {processor.py:830} INFO - Processing file /home/airflow/.local/lib/python3.12/site-packages/airflow/example_dags/tutorial_dag.py for tasks to queue
[2024-05-29T01:11:37.608+0000] {logging_mixin.py:188} INFO - [2024-05-29T01:11:37.608+0000] {dagbag.py:545} INFO - Filling up the DagBag from /home/airflow/.local/lib/python3.12/site-packages/airflow/example_dags/tutorial_dag.py
[2024-05-29T01:11:37.617+0000] {processor.py:840} INFO - DAG(s) 'tutorial_dag' retrieved from /home/airflow/.local/lib/python3.12/site-packages/airflow/example_dags/tutorial_dag.py
[2024-05-29T01:11:37.644+0000] {logging_mixin.py:188} INFO - [2024-05-29T01:11:37.644+0000] {dag.py:3096} INFO - Sync 1 DAGs
[2024-05-29T01:11:37.663+0000] {logging_mixin.py:188} INFO - [2024-05-29T01:11:37.663+0000] {dag.py:3954} INFO - Setting next_dagrun for tutorial_dag to None, run_after=None
[2024-05-29T01:11:37.693+0000] {processor.py:183} INFO - Processing /home/airflow/.local/lib/python3.12/site-packages/airflow/example_dags/tutorial_dag.py took 0.096 seconds
[2024-05-29T01:12:08.101+0000] {processor.py:161} INFO - Started process (PID=355) to work on /home/airflow/.local/lib/python3.12/site-packages/airflow/example_dags/tutorial_dag.py
[2024-05-29T01:12:08.103+0000] {processor.py:830} INFO - Processing file /home/airflow/.local/lib/python3.12/site-packages/airflow/example_dags/tutorial_dag.py for tasks to queue
[2024-05-29T01:12:08.106+0000] {logging_mixin.py:188} INFO - [2024-05-29T01:12:08.105+0000] {dagbag.py:545} INFO - Filling up the DagBag from /home/airflow/.local/lib/python3.12/site-packages/airflow/example_dags/tutorial_dag.py
[2024-05-29T01:12:08.113+0000] {processor.py:840} INFO - DAG(s) 'tutorial_dag' retrieved from /home/airflow/.local/lib/python3.12/site-packages/airflow/example_dags/tutorial_dag.py
[2024-05-29T01:12:08.141+0000] {logging_mixin.py:188} INFO - [2024-05-29T01:12:08.141+0000] {dag.py:3096} INFO - Sync 1 DAGs
[2024-05-29T01:12:08.162+0000] {logging_mixin.py:188} INFO - [2024-05-29T01:12:08.161+0000] {dag.py:3954} INFO - Setting next_dagrun for tutorial_dag to None, run_after=None
[2024-05-29T01:12:08.187+0000] {processor.py:183} INFO - Processing /home/airflow/.local/lib/python3.12/site-packages/airflow/example_dags/tutorial_dag.py took 0.098 seconds
[2024-05-29T01:12:38.274+0000] {processor.py:161} INFO - Started process (PID=415) to work on /home/airflow/.local/lib/python3.12/site-packages/airflow/example_dags/tutorial_dag.py
[2024-05-29T01:12:38.276+0000] {processor.py:830} INFO - Processing file /home/airflow/.local/lib/python3.12/site-packages/airflow/example_dags/tutorial_dag.py for tasks to queue
[2024-05-29T01:12:38.278+0000] {logging_mixin.py:188} INFO - [2024-05-29T01:12:38.278+0000] {dagbag.py:545} INFO - Filling up the DagBag from /home/airflow/.local/lib/python3.12/site-packages/airflow/example_dags/tutorial_dag.py
[2024-05-29T01:12:38.285+0000] {processor.py:840} INFO - DAG(s) 'tutorial_dag' retrieved from /home/airflow/.local/lib/python3.12/site-packages/airflow/example_dags/tutorial_dag.py
[2024-05-29T01:12:38.313+0000] {logging_mixin.py:188} INFO - [2024-05-29T01:12:38.312+0000] {dag.py:3096} INFO - Sync 1 DAGs
[2024-05-29T01:12:38.329+0000] {logging_mixin.py:188} INFO - [2024-05-29T01:12:38.329+0000] {dag.py:3954} INFO - Setting next_dagrun for tutorial_dag to None, run_after=None
[2024-05-29T01:12:38.356+0000] {processor.py:183} INFO - Processing /home/airflow/.local/lib/python3.12/site-packages/airflow/example_dags/tutorial_dag.py took 0.089 seconds
[2024-05-29T01:13:09.768+0000] {processor.py:161} INFO - Started process (PID=475) to work on /home/airflow/.local/lib/python3.12/site-packages/airflow/example_dags/tutorial_dag.py
[2024-05-29T01:13:09.772+0000] {processor.py:830} INFO - Processing file /home/airflow/.local/lib/python3.12/site-packages/airflow/example_dags/tutorial_dag.py for tasks to queue
[2024-05-29T01:13:09.776+0000] {logging_mixin.py:188} INFO - [2024-05-29T01:13:09.776+0000] {dagbag.py:545} INFO - Filling up the DagBag from /home/airflow/.local/lib/python3.12/site-packages/airflow/example_dags/tutorial_dag.py
[2024-05-29T01:13:09.790+0000] {processor.py:840} INFO - DAG(s) 'tutorial_dag' retrieved from /home/airflow/.local/lib/python3.12/site-packages/airflow/example_dags/tutorial_dag.py
[2024-05-29T01:13:09.855+0000] {logging_mixin.py:188} INFO - [2024-05-29T01:13:09.854+0000] {dag.py:3096} INFO - Sync 1 DAGs
[2024-05-29T01:13:09.897+0000] {logging_mixin.py:188} INFO - [2024-05-29T01:13:09.896+0000] {dag.py:3954} INFO - Setting next_dagrun for tutorial_dag to None, run_after=None
[2024-05-29T01:13:09.953+0000] {processor.py:183} INFO - Processing /home/airflow/.local/lib/python3.12/site-packages/airflow/example_dags/tutorial_dag.py took 0.223 seconds
[2024-05-29T01:13:40.612+0000] {processor.py:161} INFO - Started process (PID=535) to work on /home/airflow/.local/lib/python3.12/site-packages/airflow/example_dags/tutorial_dag.py
[2024-05-29T01:13:40.614+0000] {processor.py:830} INFO - Processing file /home/airflow/.local/lib/python3.12/site-packages/airflow/example_dags/tutorial_dag.py for tasks to queue
[2024-05-29T01:13:40.617+0000] {logging_mixin.py:188} INFO - [2024-05-29T01:13:40.617+0000] {dagbag.py:545} INFO - Filling up the DagBag from /home/airflow/.local/lib/python3.12/site-packages/airflow/example_dags/tutorial_dag.py
[2024-05-29T01:13:40.624+0000] {processor.py:840} INFO - DAG(s) 'tutorial_dag' retrieved from /home/airflow/.local/lib/python3.12/site-packages/airflow/example_dags/tutorial_dag.py
[2024-05-29T01:13:40.646+0000] {logging_mixin.py:188} INFO - [2024-05-29T01:13:40.645+0000] {dag.py:3096} INFO - Sync 1 DAGs
[2024-05-29T01:13:40.659+0000] {logging_mixin.py:188} INFO - [2024-05-29T01:13:40.659+0000] {dag.py:3954} INFO - Setting next_dagrun for tutorial_dag to None, run_after=None
[2024-05-29T01:13:40.684+0000] {processor.py:183} INFO - Processing /home/airflow/.local/lib/python3.12/site-packages/airflow/example_dags/tutorial_dag.py took 0.079 seconds
[2024-05-29T01:14:10.770+0000] {processor.py:161} INFO - Started process (PID=593) to work on /home/airflow/.local/lib/python3.12/site-packages/airflow/example_dags/tutorial_dag.py
[2024-05-29T01:14:10.772+0000] {processor.py:830} INFO - Processing file /home/airflow/.local/lib/python3.12/site-packages/airflow/example_dags/tutorial_dag.py for tasks to queue
[2024-05-29T01:14:10.775+0000] {logging_mixin.py:188} INFO - [2024-05-29T01:14:10.774+0000] {dagbag.py:545} INFO - Filling up the DagBag from /home/airflow/.local/lib/python3.12/site-packages/airflow/example_dags/tutorial_dag.py
[2024-05-29T01:14:10.781+0000] {processor.py:840} INFO - DAG(s) 'tutorial_dag' retrieved from /home/airflow/.local/lib/python3.12/site-packages/airflow/example_dags/tutorial_dag.py
[2024-05-29T01:14:10.804+0000] {logging_mixin.py:188} INFO - [2024-05-29T01:14:10.803+0000] {dag.py:3096} INFO - Sync 1 DAGs
[2024-05-29T01:14:10.820+0000] {logging_mixin.py:188} INFO - [2024-05-29T01:14:10.820+0000] {dag.py:3954} INFO - Setting next_dagrun for tutorial_dag to None, run_after=None
[2024-05-29T01:14:10.843+0000] {processor.py:183} INFO - Processing /home/airflow/.local/lib/python3.12/site-packages/airflow/example_dags/tutorial_dag.py took 0.079 seconds
[2024-05-29T01:14:40.924+0000] {processor.py:161} INFO - Started process (PID=653) to work on /home/airflow/.local/lib/python3.12/site-packages/airflow/example_dags/tutorial_dag.py
[2024-05-29T01:14:40.926+0000] {processor.py:830} INFO - Processing file /home/airflow/.local/lib/python3.12/site-packages/airflow/example_dags/tutorial_dag.py for tasks to queue
[2024-05-29T01:14:40.928+0000] {logging_mixin.py:188} INFO - [2024-05-29T01:14:40.928+0000] {dagbag.py:545} INFO - Filling up the DagBag from /home/airflow/.local/lib/python3.12/site-packages/airflow/example_dags/tutorial_dag.py
[2024-05-29T01:14:40.937+0000] {processor.py:840} INFO - DAG(s) 'tutorial_dag' retrieved from /home/airflow/.local/lib/python3.12/site-packages/airflow/example_dags/tutorial_dag.py
[2024-05-29T01:14:40.966+0000] {logging_mixin.py:188} INFO - [2024-05-29T01:14:40.966+0000] {dag.py:3096} INFO - Sync 1 DAGs
[2024-05-29T01:14:40.983+0000] {logging_mixin.py:188} INFO - [2024-05-29T01:14:40.983+0000] {dag.py:3954} INFO - Setting next_dagrun for tutorial_dag to None, run_after=None
[2024-05-29T01:14:41.010+0000] {processor.py:183} INFO - Processing /home/airflow/.local/lib/python3.12/site-packages/airflow/example_dags/tutorial_dag.py took 0.092 seconds
[2024-05-29T01:15:11.414+0000] {processor.py:161} INFO - Started process (PID=713) to work on /home/airflow/.local/lib/python3.12/site-packages/airflow/example_dags/tutorial_dag.py
[2024-05-29T01:15:11.415+0000] {processor.py:830} INFO - Processing file /home/airflow/.local/lib/python3.12/site-packages/airflow/example_dags/tutorial_dag.py for tasks to queue
[2024-05-29T01:15:11.418+0000] {logging_mixin.py:188} INFO - [2024-05-29T01:15:11.417+0000] {dagbag.py:545} INFO - Filling up the DagBag from /home/airflow/.local/lib/python3.12/site-packages/airflow/example_dags/tutorial_dag.py
[2024-05-29T01:15:11.423+0000] {processor.py:840} INFO - DAG(s) 'tutorial_dag' retrieved from /home/airflow/.local/lib/python3.12/site-packages/airflow/example_dags/tutorial_dag.py
[2024-05-29T01:15:11.449+0000] {logging_mixin.py:188} INFO - [2024-05-29T01:15:11.449+0000] {dag.py:3096} INFO - Sync 1 DAGs
[2024-05-29T01:15:11.462+0000] {logging_mixin.py:188} INFO - [2024-05-29T01:15:11.462+0000] {dag.py:3954} INFO - Setting next_dagrun for tutorial_dag to None, run_after=None
[2024-05-29T01:15:11.483+0000] {processor.py:183} INFO - Processing /home/airflow/.local/lib/python3.12/site-packages/airflow/example_dags/tutorial_dag.py took 0.077 seconds
[2024-05-29T01:15:41.719+0000] {processor.py:161} INFO - Started process (PID=773) to work on /home/airflow/.local/lib/python3.12/site-packages/airflow/example_dags/tutorial_dag.py
[2024-05-29T01:15:41.721+0000] {processor.py:830} INFO - Processing file /home/airflow/.local/lib/python3.12/site-packages/airflow/example_dags/tutorial_dag.py for tasks to queue
[2024-05-29T01:15:41.724+0000] {logging_mixin.py:188} INFO - [2024-05-29T01:15:41.724+0000] {dagbag.py:545} INFO - Filling up the DagBag from /home/airflow/.local/lib/python3.12/site-packages/airflow/example_dags/tutorial_dag.py
[2024-05-29T01:15:41.730+0000] {processor.py:840} INFO - DAG(s) 'tutorial_dag' retrieved from /home/airflow/.local/lib/python3.12/site-packages/airflow/example_dags/tutorial_dag.py
[2024-05-29T01:15:41.754+0000] {logging_mixin.py:188} INFO - [2024-05-29T01:15:41.753+0000] {dag.py:3096} INFO - Sync 1 DAGs
[2024-05-29T01:15:41.770+0000] {logging_mixin.py:188} INFO - [2024-05-29T01:15:41.769+0000] {dag.py:3954} INFO - Setting next_dagrun for tutorial_dag to None, run_after=None
[2024-05-29T01:15:41.793+0000] {processor.py:183} INFO - Processing /home/airflow/.local/lib/python3.12/site-packages/airflow/example_dags/tutorial_dag.py took 0.079 seconds
[2024-05-29T01:16:12.036+0000] {processor.py:161} INFO - Started process (PID=833) to work on /home/airflow/.local/lib/python3.12/site-packages/airflow/example_dags/tutorial_dag.py
[2024-05-29T01:16:12.038+0000] {processor.py:830} INFO - Processing file /home/airflow/.local/lib/python3.12/site-packages/airflow/example_dags/tutorial_dag.py for tasks to queue
[2024-05-29T01:16:12.041+0000] {logging_mixin.py:188} INFO - [2024-05-29T01:16:12.040+0000] {dagbag.py:545} INFO - Filling up the DagBag from /home/airflow/.local/lib/python3.12/site-packages/airflow/example_dags/tutorial_dag.py
[2024-05-29T01:16:12.054+0000] {processor.py:840} INFO - DAG(s) 'tutorial_dag' retrieved from /home/airflow/.local/lib/python3.12/site-packages/airflow/example_dags/tutorial_dag.py
[2024-05-29T01:16:12.086+0000] {logging_mixin.py:188} INFO - [2024-05-29T01:16:12.086+0000] {dag.py:3096} INFO - Sync 1 DAGs
[2024-05-29T01:16:12.106+0000] {logging_mixin.py:188} INFO - [2024-05-29T01:16:12.105+0000] {dag.py:3954} INFO - Setting next_dagrun for tutorial_dag to None, run_after=None
[2024-05-29T01:16:12.133+0000] {processor.py:183} INFO - Processing /home/airflow/.local/lib/python3.12/site-packages/airflow/example_dags/tutorial_dag.py took 0.108 seconds
[2024-05-29T01:16:42.324+0000] {processor.py:161} INFO - Started process (PID=895) to work on /home/airflow/.local/lib/python3.12/site-packages/airflow/example_dags/tutorial_dag.py
[2024-05-29T01:16:42.326+0000] {processor.py:830} INFO - Processing file /home/airflow/.local/lib/python3.12/site-packages/airflow/example_dags/tutorial_dag.py for tasks to queue
[2024-05-29T01:16:42.328+0000] {logging_mixin.py:188} INFO - [2024-05-29T01:16:42.328+0000] {dagbag.py:545} INFO - Filling up the DagBag from /home/airflow/.local/lib/python3.12/site-packages/airflow/example_dags/tutorial_dag.py
[2024-05-29T01:16:42.337+0000] {processor.py:840} INFO - DAG(s) 'tutorial_dag' retrieved from /home/airflow/.local/lib/python3.12/site-packages/airflow/example_dags/tutorial_dag.py
[2024-05-29T01:16:42.362+0000] {logging_mixin.py:188} INFO - [2024-05-29T01:16:42.362+0000] {dag.py:3096} INFO - Sync 1 DAGs
[2024-05-29T01:16:42.382+0000] {logging_mixin.py:188} INFO - [2024-05-29T01:16:42.382+0000] {dag.py:3954} INFO - Setting next_dagrun for tutorial_dag to None, run_after=None
[2024-05-29T01:16:42.414+0000] {processor.py:183} INFO - Processing /home/airflow/.local/lib/python3.12/site-packages/airflow/example_dags/tutorial_dag.py took 0.098 seconds
[2024-05-29T01:17:13.008+0000] {processor.py:161} INFO - Started process (PID=955) to work on /home/airflow/.local/lib/python3.12/site-packages/airflow/example_dags/tutorial_dag.py
[2024-05-29T01:17:13.009+0000] {processor.py:830} INFO - Processing file /home/airflow/.local/lib/python3.12/site-packages/airflow/example_dags/tutorial_dag.py for tasks to queue
[2024-05-29T01:17:13.011+0000] {logging_mixin.py:188} INFO - [2024-05-29T01:17:13.011+0000] {dagbag.py:545} INFO - Filling up the DagBag from /home/airflow/.local/lib/python3.12/site-packages/airflow/example_dags/tutorial_dag.py
[2024-05-29T01:17:13.019+0000] {processor.py:840} INFO - DAG(s) 'tutorial_dag' retrieved from /home/airflow/.local/lib/python3.12/site-packages/airflow/example_dags/tutorial_dag.py
[2024-05-29T01:17:13.044+0000] {logging_mixin.py:188} INFO - [2024-05-29T01:17:13.044+0000] {dag.py:3096} INFO - Sync 1 DAGs
[2024-05-29T01:17:13.070+0000] {logging_mixin.py:188} INFO - [2024-05-29T01:17:13.070+0000] {dag.py:3954} INFO - Setting next_dagrun for tutorial_dag to None, run_after=None
[2024-05-29T01:17:13.108+0000] {processor.py:183} INFO - Processing /home/airflow/.local/lib/python3.12/site-packages/airflow/example_dags/tutorial_dag.py took 0.106 seconds
[2024-05-29T01:17:43.525+0000] {processor.py:161} INFO - Started process (PID=1020) to work on /home/airflow/.local/lib/python3.12/site-packages/airflow/example_dags/tutorial_dag.py
[2024-05-29T01:17:43.527+0000] {processor.py:830} INFO - Processing file /home/airflow/.local/lib/python3.12/site-packages/airflow/example_dags/tutorial_dag.py for tasks to queue
[2024-05-29T01:17:43.529+0000] {logging_mixin.py:188} INFO - [2024-05-29T01:17:43.528+0000] {dagbag.py:545} INFO - Filling up the DagBag from /home/airflow/.local/lib/python3.12/site-packages/airflow/example_dags/tutorial_dag.py
[2024-05-29T01:17:43.534+0000] {processor.py:840} INFO - DAG(s) 'tutorial_dag' retrieved from /home/airflow/.local/lib/python3.12/site-packages/airflow/example_dags/tutorial_dag.py
[2024-05-29T01:17:43.560+0000] {logging_mixin.py:188} INFO - [2024-05-29T01:17:43.560+0000] {dag.py:3096} INFO - Sync 1 DAGs
[2024-05-29T01:17:43.576+0000] {logging_mixin.py:188} INFO - [2024-05-29T01:17:43.575+0000] {dag.py:3954} INFO - Setting next_dagrun for tutorial_dag to None, run_after=None
[2024-05-29T01:17:43.611+0000] {processor.py:183} INFO - Processing /home/airflow/.local/lib/python3.12/site-packages/airflow/example_dags/tutorial_dag.py took 0.091 seconds
[2024-05-29T01:18:13.903+0000] {processor.py:161} INFO - Started process (PID=1080) to work on /home/airflow/.local/lib/python3.12/site-packages/airflow/example_dags/tutorial_dag.py
[2024-05-29T01:18:13.905+0000] {processor.py:830} INFO - Processing file /home/airflow/.local/lib/python3.12/site-packages/airflow/example_dags/tutorial_dag.py for tasks to queue
[2024-05-29T01:18:13.907+0000] {logging_mixin.py:188} INFO - [2024-05-29T01:18:13.907+0000] {dagbag.py:545} INFO - Filling up the DagBag from /home/airflow/.local/lib/python3.12/site-packages/airflow/example_dags/tutorial_dag.py
[2024-05-29T01:18:13.913+0000] {processor.py:840} INFO - DAG(s) 'tutorial_dag' retrieved from /home/airflow/.local/lib/python3.12/site-packages/airflow/example_dags/tutorial_dag.py
[2024-05-29T01:18:13.936+0000] {logging_mixin.py:188} INFO - [2024-05-29T01:18:13.936+0000] {dag.py:3096} INFO - Sync 1 DAGs
[2024-05-29T01:18:13.950+0000] {logging_mixin.py:188} INFO - [2024-05-29T01:18:13.950+0000] {dag.py:3954} INFO - Setting next_dagrun for tutorial_dag to None, run_after=None
[2024-05-29T01:18:13.975+0000] {processor.py:183} INFO - Processing /home/airflow/.local/lib/python3.12/site-packages/airflow/example_dags/tutorial_dag.py took 0.077 seconds
[2024-05-29T01:18:44.726+0000] {processor.py:161} INFO - Started process (PID=1140) to work on /home/airflow/.local/lib/python3.12/site-packages/airflow/example_dags/tutorial_dag.py
[2024-05-29T01:18:44.727+0000] {processor.py:830} INFO - Processing file /home/airflow/.local/lib/python3.12/site-packages/airflow/example_dags/tutorial_dag.py for tasks to queue
[2024-05-29T01:18:44.730+0000] {logging_mixin.py:188} INFO - [2024-05-29T01:18:44.729+0000] {dagbag.py:545} INFO - Filling up the DagBag from /home/airflow/.local/lib/python3.12/site-packages/airflow/example_dags/tutorial_dag.py
[2024-05-29T01:18:44.737+0000] {processor.py:840} INFO - DAG(s) 'tutorial_dag' retrieved from /home/airflow/.local/lib/python3.12/site-packages/airflow/example_dags/tutorial_dag.py
[2024-05-29T01:18:44.762+0000] {logging_mixin.py:188} INFO - [2024-05-29T01:18:44.762+0000] {dag.py:3096} INFO - Sync 1 DAGs
[2024-05-29T01:18:44.781+0000] {logging_mixin.py:188} INFO - [2024-05-29T01:18:44.781+0000] {dag.py:3954} INFO - Setting next_dagrun for tutorial_dag to None, run_after=None
[2024-05-29T01:18:44.808+0000] {processor.py:183} INFO - Processing /home/airflow/.local/lib/python3.12/site-packages/airflow/example_dags/tutorial_dag.py took 0.089 seconds
[2024-05-29T01:19:14.956+0000] {processor.py:161} INFO - Started process (PID=1200) to work on /home/airflow/.local/lib/python3.12/site-packages/airflow/example_dags/tutorial_dag.py
[2024-05-29T01:19:14.957+0000] {processor.py:830} INFO - Processing file /home/airflow/.local/lib/python3.12/site-packages/airflow/example_dags/tutorial_dag.py for tasks to queue
[2024-05-29T01:19:14.959+0000] {logging_mixin.py:188} INFO - [2024-05-29T01:19:14.959+0000] {dagbag.py:545} INFO - Filling up the DagBag from /home/airflow/.local/lib/python3.12/site-packages/airflow/example_dags/tutorial_dag.py
[2024-05-29T01:19:14.964+0000] {processor.py:840} INFO - DAG(s) 'tutorial_dag' retrieved from /home/airflow/.local/lib/python3.12/site-packages/airflow/example_dags/tutorial_dag.py
[2024-05-29T01:19:14.987+0000] {logging_mixin.py:188} INFO - [2024-05-29T01:19:14.987+0000] {dag.py:3096} INFO - Sync 1 DAGs
[2024-05-29T01:19:15.002+0000] {logging_mixin.py:188} INFO - [2024-05-29T01:19:15.001+0000] {dag.py:3954} INFO - Setting next_dagrun for tutorial_dag to None, run_after=None
[2024-05-29T01:19:15.031+0000] {processor.py:183} INFO - Processing /home/airflow/.local/lib/python3.12/site-packages/airflow/example_dags/tutorial_dag.py took 0.081 seconds
[2024-05-29T01:19:45.387+0000] {processor.py:161} INFO - Started process (PID=1260) to work on /home/airflow/.local/lib/python3.12/site-packages/airflow/example_dags/tutorial_dag.py
[2024-05-29T01:19:45.389+0000] {processor.py:830} INFO - Processing file /home/airflow/.local/lib/python3.12/site-packages/airflow/example_dags/tutorial_dag.py for tasks to queue
[2024-05-29T01:19:45.391+0000] {logging_mixin.py:188} INFO - [2024-05-29T01:19:45.391+0000] {dagbag.py:545} INFO - Filling up the DagBag from /home/airflow/.local/lib/python3.12/site-packages/airflow/example_dags/tutorial_dag.py
[2024-05-29T01:19:45.398+0000] {processor.py:840} INFO - DAG(s) 'tutorial_dag' retrieved from /home/airflow/.local/lib/python3.12/site-packages/airflow/example_dags/tutorial_dag.py
[2024-05-29T01:19:45.421+0000] {logging_mixin.py:188} INFO - [2024-05-29T01:19:45.421+0000] {dag.py:3096} INFO - Sync 1 DAGs
[2024-05-29T01:19:45.436+0000] {logging_mixin.py:188} INFO - [2024-05-29T01:19:45.436+0000] {dag.py:3954} INFO - Setting next_dagrun for tutorial_dag to None, run_after=None
[2024-05-29T01:19:45.458+0000] {processor.py:183} INFO - Processing /home/airflow/.local/lib/python3.12/site-packages/airflow/example_dags/tutorial_dag.py took 0.077 seconds
[2024-05-29T01:20:15.574+0000] {processor.py:161} INFO - Started process (PID=1320) to work on /home/airflow/.local/lib/python3.12/site-packages/airflow/example_dags/tutorial_dag.py
[2024-05-29T01:20:15.575+0000] {processor.py:830} INFO - Processing file /home/airflow/.local/lib/python3.12/site-packages/airflow/example_dags/tutorial_dag.py for tasks to queue
[2024-05-29T01:20:15.577+0000] {logging_mixin.py:188} INFO - [2024-05-29T01:20:15.577+0000] {dagbag.py:545} INFO - Filling up the DagBag from /home/airflow/.local/lib/python3.12/site-packages/airflow/example_dags/tutorial_dag.py
[2024-05-29T01:20:15.584+0000] {processor.py:840} INFO - DAG(s) 'tutorial_dag' retrieved from /home/airflow/.local/lib/python3.12/site-packages/airflow/example_dags/tutorial_dag.py
[2024-05-29T01:20:15.610+0000] {logging_mixin.py:188} INFO - [2024-05-29T01:20:15.609+0000] {dag.py:3096} INFO - Sync 1 DAGs
[2024-05-29T01:20:15.627+0000] {logging_mixin.py:188} INFO - [2024-05-29T01:20:15.627+0000] {dag.py:3954} INFO - Setting next_dagrun for tutorial_dag to None, run_after=None
[2024-05-29T01:20:15.654+0000] {processor.py:183} INFO - Processing /home/airflow/.local/lib/python3.12/site-packages/airflow/example_dags/tutorial_dag.py took 0.086 seconds
[2024-05-29T01:20:46.406+0000] {processor.py:161} INFO - Started process (PID=1380) to work on /home/airflow/.local/lib/python3.12/site-packages/airflow/example_dags/tutorial_dag.py
[2024-05-29T01:20:46.407+0000] {processor.py:830} INFO - Processing file /home/airflow/.local/lib/python3.12/site-packages/airflow/example_dags/tutorial_dag.py for tasks to queue
[2024-05-29T01:20:46.411+0000] {logging_mixin.py:188} INFO - [2024-05-29T01:20:46.409+0000] {dagbag.py:545} INFO - Filling up the DagBag from /home/airflow/.local/lib/python3.12/site-packages/airflow/example_dags/tutorial_dag.py
[2024-05-29T01:20:46.423+0000] {processor.py:840} INFO - DAG(s) 'tutorial_dag' retrieved from /home/airflow/.local/lib/python3.12/site-packages/airflow/example_dags/tutorial_dag.py
[2024-05-29T01:20:46.453+0000] {logging_mixin.py:188} INFO - [2024-05-29T01:20:46.453+0000] {dag.py:3096} INFO - Sync 1 DAGs
[2024-05-29T01:20:46.485+0000] {logging_mixin.py:188} INFO - [2024-05-29T01:20:46.485+0000] {dag.py:3954} INFO - Setting next_dagrun for tutorial_dag to None, run_after=None
[2024-05-29T01:20:46.509+0000] {processor.py:183} INFO - Processing /home/airflow/.local/lib/python3.12/site-packages/airflow/example_dags/tutorial_dag.py took 0.113 seconds
[2024-05-29T01:22:21.785+0000] {processor.py:161} INFO - Started process (PID=1426) to work on /home/airflow/.local/lib/python3.12/site-packages/airflow/example_dags/tutorial_dag.py
[2024-05-29T01:22:21.790+0000] {processor.py:830} INFO - Processing file /home/airflow/.local/lib/python3.12/site-packages/airflow/example_dags/tutorial_dag.py for tasks to queue
[2024-05-29T01:22:21.792+0000] {logging_mixin.py:188} INFO - [2024-05-29T01:22:21.792+0000] {dagbag.py:545} INFO - Filling up the DagBag from /home/airflow/.local/lib/python3.12/site-packages/airflow/example_dags/tutorial_dag.py
[2024-05-29T01:22:21.802+0000] {processor.py:840} INFO - DAG(s) 'tutorial_dag' retrieved from /home/airflow/.local/lib/python3.12/site-packages/airflow/example_dags/tutorial_dag.py
[2024-05-29T01:22:21.828+0000] {logging_mixin.py:188} INFO - [2024-05-29T01:22:21.828+0000] {dag.py:3096} INFO - Sync 1 DAGs
[2024-05-29T01:22:21.843+0000] {logging_mixin.py:188} INFO - [2024-05-29T01:22:21.843+0000] {dag.py:3954} INFO - Setting next_dagrun for tutorial_dag to None, run_after=None
[2024-05-29T01:22:21.870+0000] {processor.py:183} INFO - Processing /home/airflow/.local/lib/python3.12/site-packages/airflow/example_dags/tutorial_dag.py took 0.091 seconds
[2024-05-29T01:22:52.748+0000] {processor.py:161} INFO - Started process (PID=1486) to work on /home/airflow/.local/lib/python3.12/site-packages/airflow/example_dags/tutorial_dag.py
[2024-05-29T01:22:52.749+0000] {processor.py:830} INFO - Processing file /home/airflow/.local/lib/python3.12/site-packages/airflow/example_dags/tutorial_dag.py for tasks to queue
[2024-05-29T01:22:52.750+0000] {logging_mixin.py:188} INFO - [2024-05-29T01:22:52.750+0000] {dagbag.py:545} INFO - Filling up the DagBag from /home/airflow/.local/lib/python3.12/site-packages/airflow/example_dags/tutorial_dag.py
[2024-05-29T01:22:52.758+0000] {processor.py:840} INFO - DAG(s) 'tutorial_dag' retrieved from /home/airflow/.local/lib/python3.12/site-packages/airflow/example_dags/tutorial_dag.py
[2024-05-29T01:22:52.851+0000] {logging_mixin.py:188} INFO - [2024-05-29T01:22:52.850+0000] {dag.py:3096} INFO - Sync 1 DAGs
[2024-05-29T01:22:52.866+0000] {logging_mixin.py:188} INFO - [2024-05-29T01:22:52.865+0000] {dag.py:3954} INFO - Setting next_dagrun for tutorial_dag to None, run_after=None
[2024-05-29T01:22:52.899+0000] {processor.py:183} INFO - Processing /home/airflow/.local/lib/python3.12/site-packages/airflow/example_dags/tutorial_dag.py took 0.159 seconds
[2024-05-29T01:27:45.310+0000] {processor.py:161} INFO - Started process (PID=48) to work on /home/airflow/.local/lib/python3.12/site-packages/airflow/example_dags/tutorial_dag.py
[2024-05-29T01:27:45.311+0000] {processor.py:830} INFO - Processing file /home/airflow/.local/lib/python3.12/site-packages/airflow/example_dags/tutorial_dag.py for tasks to queue
[2024-05-29T01:27:45.313+0000] {logging_mixin.py:188} INFO - [2024-05-29T01:27:45.313+0000] {dagbag.py:545} INFO - Filling up the DagBag from /home/airflow/.local/lib/python3.12/site-packages/airflow/example_dags/tutorial_dag.py
[2024-05-29T01:27:45.319+0000] {processor.py:840} INFO - DAG(s) 'tutorial_dag' retrieved from /home/airflow/.local/lib/python3.12/site-packages/airflow/example_dags/tutorial_dag.py
[2024-05-29T01:27:45.342+0000] {logging_mixin.py:188} INFO - [2024-05-29T01:27:45.342+0000] {dag.py:3096} INFO - Sync 1 DAGs
[2024-05-29T01:27:45.357+0000] {logging_mixin.py:188} INFO - [2024-05-29T01:27:45.356+0000] {dag.py:3954} INFO - Setting next_dagrun for tutorial_dag to None, run_after=None
[2024-05-29T01:27:45.379+0000] {processor.py:183} INFO - Processing /home/airflow/.local/lib/python3.12/site-packages/airflow/example_dags/tutorial_dag.py took 0.075 seconds
[2024-05-29T01:28:15.552+0000] {processor.py:161} INFO - Started process (PID=107) to work on /home/airflow/.local/lib/python3.12/site-packages/airflow/example_dags/tutorial_dag.py
[2024-05-29T01:28:15.554+0000] {processor.py:830} INFO - Processing file /home/airflow/.local/lib/python3.12/site-packages/airflow/example_dags/tutorial_dag.py for tasks to queue
[2024-05-29T01:28:15.564+0000] {logging_mixin.py:188} INFO - [2024-05-29T01:28:15.564+0000] {dagbag.py:545} INFO - Filling up the DagBag from /home/airflow/.local/lib/python3.12/site-packages/airflow/example_dags/tutorial_dag.py
[2024-05-29T01:28:15.571+0000] {processor.py:840} INFO - DAG(s) 'tutorial_dag' retrieved from /home/airflow/.local/lib/python3.12/site-packages/airflow/example_dags/tutorial_dag.py
[2024-05-29T01:28:15.604+0000] {logging_mixin.py:188} INFO - [2024-05-29T01:28:15.604+0000] {dag.py:3096} INFO - Sync 1 DAGs
[2024-05-29T01:28:15.621+0000] {logging_mixin.py:188} INFO - [2024-05-29T01:28:15.620+0000] {dag.py:3954} INFO - Setting next_dagrun for tutorial_dag to None, run_after=None
[2024-05-29T01:28:15.646+0000] {processor.py:183} INFO - Processing /home/airflow/.local/lib/python3.12/site-packages/airflow/example_dags/tutorial_dag.py took 0.102 seconds
